#
# A fatal error has been detected by the Java Runtime Environment:
#
#  EXCEPTION_ACCESS_VIOLATION (0xc0000005) at pc=0x00007fff030e5d1a, pid=29956, tid=30076
#
# JRE version: Java(TM) SE Runtime Environment (13.0+33) (build 13+33)
# Java VM: Java HotSpot(TM) 64-Bit Server VM (13+33, mixed mode, sharing, tiered, compressed oops, g1 gc, windows-amd64)
# Problematic frame:
# C  [freetype.dll+0x45d1a]
#
# No core dump will be written. Minidumps are not enabled by default on client versions of Windows
#
# If you would like to submit a bug report, please visit:
#   http://bugreport.java.com/bugreport/crash.jsp
# The crash happened outside the Java Virtual Machine in native code.
# See problematic frame for where to report the bug.
#

---------------  S U M M A R Y ------------

Command Line: -agentlib:jdwp=transport=dt_socket,server=n,suspend=y,address=localhost:58149 -Dfile.encoding=UTF-8 warcraftTD.Main

Host: Intel(R) Core(TM) i7-6700K CPU @ 4.00GHz, 8 cores, 15G,  Windows 10 , 64 bit Build 18362 (10.0.18362.1316)
Time: Tue Jan 19 21:21:05 2021 Paris, Madrid elapsed time: 59 seconds (0d 0h 0m 59s)

---------------  T H R E A D  ---------------

Current thread (0x000001dc9b270000):  JavaThread "main" [_thread_in_native, id=30076, stack(0x000000d3dce00000,0x000000d3dcf00000)]

Stack: [0x000000d3dce00000,0x000000d3dcf00000],  sp=0x000000d3dcefe860,  free space=1018k
Native frames: (J=compiled Java code, j=interpreted, Vv=VM code, C=native code)
C  [freetype.dll+0x45d1a]

Java frames: (J=compiled Java code, j=interpreted, Vv=VM code)
J 2734  sun.font.FreetypeFontScaler.getGlyphImageNative(Lsun/font/Font2D;JJI)J java.desktop@13 (0 bytes) @ 0x000001dcab2dda29 [0x000001dcab2dd9c0+0x0000000000000069]
J 2958 c2 sun.font.FileFontStrike.getGlyphAdvance(IZ)F java.desktop@13 (400 bytes) @ 0x000001dcab508f00 [0x000001dcab508aa0+0x0000000000000460]
J 2916 c2 warcraftTD.StdDraw.text(DDLjava/lang/String;)V (88 bytes) @ 0x000001dcab3feae4 [0x000001dcab3fd260+0x0000000000001884]
J 2570 c1 warcraftTD.World.drawTowerPrices(Ljava/awt/Color;Ljava/awt/Color;Ljava/awt/Color;D)V (124 bytes) @ 0x000001dca423aa64 [0x000001dca423a040+0x0000000000000a24]
J 2632 c1 warcraftTD.World.drawHUD()V (199 bytes) @ 0x000001dca42665b4 [0x000001dca4266140+0x0000000000000474]
J 2567 c1 warcraftTD.World.draw()V (43 bytes) @ 0x000001dca42382e4 [0x000001dca4238080+0x0000000000000264]
j  warcraftTD.World.run()V+58
j  warcraftTD.Menu.onMouseClick(DD)V+54
j  warcraftTD.Menu.loop()V+79
j  warcraftTD.Main.main([Ljava/lang/String;)V+23
v  ~StubRoutines::call_stub

siginfo: EXCEPTION_ACCESS_VIOLATION (0xc0000005), reading address 0x0000000000000118


Register to memory mapping:

RIP=0x00007fff030e5d1a freetype.dll
RAX=0x000000d3dcefe898 is pointing into the stack for thread: 0x000001dc9b270000
RBX=0x000000d3dcefea40 is pointing into the stack for thread: 0x000001dc9b270000
RCX=0x000001dcc8ea1bf0 points into unknown readable memory: 01 00 00 00 00 00 00 00
RDX=0x0 is NULL
RSP=0x000000d3dcefe860 is pointing into the stack for thread: 0x000001dc9b270000
RBP=0x000000d3dcefe960 is pointing into the stack for thread: 0x000001dc9b270000
RSI=0x000001dcc8ea1bf0 points into unknown readable memory: 01 00 00 00 00 00 00 00
RDI=0x0 is NULL
R8 =0x0000000000000015 is an unknown value
R9 =0x000000d3dcefe8c0 is pointing into the stack for thread: 0x000001dc9b270000
R10=0x0 is NULL
R11=0x000000d3dcefe790 is pointing into the stack for thread: 0x000001dc9b270000
R12=0x0000000000000015 is an unknown value
R13=0x0000000000000790 is an unknown value
R14=0x000001dcc8ea1bf0 points into unknown readable memory: 01 00 00 00 00 00 00 00
R15=0x000001dcc6c8e910 points into unknown readable memory: 20 4b 0e c7 dc 01 00 00


Registers:
RAX=0x000000d3dcefe898, RBX=0x000000d3dcefea40, RCX=0x000001dcc8ea1bf0, RDX=0x0000000000000000
RSP=0x000000d3dcefe860, RBP=0x000000d3dcefe960, RSI=0x000001dcc8ea1bf0, RDI=0x0000000000000000
R8 =0x0000000000000015, R9 =0x000000d3dcefe8c0, R10=0x0000000000000000, R11=0x000000d3dcefe790
R12=0x0000000000000015, R13=0x0000000000000790, R14=0x000001dcc8ea1bf0, R15=0x000001dcc6c8e910
RIP=0x00007fff030e5d1a, EFLAGS=0x0000000000010246

Top of Stack: (sp=0x000000d3dcefe860)
0x000000d3dcefe860:   000000d3dcefea40 000000d3dcefea70
0x000000d3dcefe870:   0000000000000000 000001dcbf24d470
0x000000d3dcefe880:   000000d3dcefe898 00000007085cd028
0x000000d3dcefe890:   3fefff0000000000 0000000000000000
0x000000d3dcefe8a0:   bd1c000000000000 0000000000000918
0x000000d3dcefe8b0:   000147ae000147ae 0000000000000000
0x000000d3dcefe8c0:   000000d3dcef0000 00007fff030edc73
0x000000d3dcefe8d0:   b828292400000000 00007ffec99e8a29
0x000000d3dcefe8e0:   0000000000000002 000001dc9b2706e8
0x000000d3dcefe8f0:   0000000000000000 0000000000000000
0x000000d3dcefe900:   000001dcc8f15a00 000001dccc57ebc0
0x000000d3dcefe910:   000001dcbf991a40 000001dcc8ea1bf0
0x000000d3dcefe920:   000001dcc6e73610 00007fff030f2993
0x000000d3dcefe930:   000000d3dcefebd0 000001dcc6e73610
0x000000d3dcefe940:   000001dcc6e73610 000001dc9b270000
0x000000d3dcefe950:   0000000000000000 000001dcbf991a40 

Instructions: (pc=0x00007fff030e5d1a)
0x00007fff030e5c1a:   48 89 45 c0 48 89 45 c8 48 89 45 d0 48 89 45 d8
0x00007fff030e5c2a:   48 89 45 e0 c6 44 24 34 01 e8 18 e0 fd ff 48 8d
0x00007fff030e5c3a:   45 a0 48 89 43 28 eb 12 48 8d 73 30 49 8b ce 4c
0x00007fff030e5c4a:   8b c6 e8 6f d1 00 00 44 8b e8 44 8b 0e 45 85 c9
0x00007fff030e5c5a:   7e 63 41 8b 96 04 04 00 00 85 d2 75 15 49 8b 8e
0x00007fff030e5c6a:   d0 00 00 00 48 39 79 50 75 08 8d 4a 08 e9 01 0a
0x00007fff030e5c7a:   00 00 46 8d 04 2a 48 8b cb 41 8b d4 41 ff 96 a8
0x00007fff030e5c8a:   02 00 00 89 44 24 30 8b c8 85 c0 0f 85 e6 09 00
0x00007fff030e5c9a:   00 48 8b cb 41 ff 96 b8 02 00 00 48 8b cb 89 44
0x00007fff030e5caa:   24 30 41 ff 96 b0 02 00 00 8b 4c 24 30 85 c9 0f
0x00007fff030e5cba:   85 c2 09 00 00 39 3e 74 06 66 39 7b 34 75 08 48
0x00007fff030e5cca:   89 7b 38 48 89 7b 40 48 8b 43 28 48 8b 33 48 8b
0x00007fff030e5cda:   c8 48 89 45 40 66 89 7c 24 60 66 89 7c 24 44 66
0x00007fff030e5cea:   89 7c 24 38 66 89 7c 24 40 e8 78 df fd ff 4c 8b
0x00007fff030e5cfa:   96 d0 02 00 00 4c 8d 4c 24 60 89 44 24 48 45 8b
0x00007fff030e5d0a:   c4 48 8d 44 24 38 33 d2 48 8b ce 48 89 44 24 20
0x00007fff030e5d1a:   41 ff 92 18 01 00 00 8b 4b 44 40 38 be 90 01 00
0x00007fff030e5d2a:   00 74 27 4c 8b 96 d0 02 00 00 48 8d 44 24 40 4c
0x00007fff030e5d3a:   8d 4c 24 44 48 89 44 24 20 45 8b c4 b2 01 48 8b
0x00007fff030e5d4a:   ce 41 ff 92 18 01 00 00 eb 7d b8 ff ff 00 00 66
0x00007fff030e5d5a:   39 86 08 02 00 00 74 37 0f b7 86 4e 02 00 00 66
0x00007fff030e5d6a:   2b c1 66 89 44 24 44 0f bf 8e 4e 02 00 00 44 0f
0x00007fff030e5d7a:   bf 86 50 02 00 00 8b d1 41 2b d0 0f b7 c1 66 41
0x00007fff030e5d8a:   2b c0 66 44 2b c1 85 d2 66 44 0f 49 c0 eb 32 0f
0x00007fff030e5d9a:   b7 86 3c 01 00 00 66 2b c1 66 89 44 24 44 0f bf
0x00007fff030e5daa:   96 3e 01 00 00 44 0f bf 86 3c 01 00 00 44 3b c2
0x00007fff030e5dba:   79 0b 66 41 2b d0 66 89 54 24 40 eb 0a 66 44 2b
0x00007fff030e5dca:   c2 66 44 89 44 24 40 8b 54 24 48 48 8b 4d 40 e8
0x00007fff030e5dda:   e2 e4 fd ff 8b c8 85 c0 75 35 0f bf 44 24 60 0f
0x00007fff030e5dea:   b7 4c 24 38 89 43 48 0f bf 44 24 44 89 83 08 01
0x00007fff030e5dfa:   00 00 0f b7 44 24 40 89 83 0c 01 00 00 89 4b 4c
0x00007fff030e5e0a:   40 38 7b 54 75 07 c6 43 54 01 89 4b 50 8b cf 89 


Stack slot to memory mapping:
stack at sp + 0 slots: 0x000000d3dcefea40 is pointing into the stack for thread: 0x000001dc9b270000
stack at sp + 1 slots: 0x000000d3dcefea70 is pointing into the stack for thread: 0x000001dc9b270000
stack at sp + 2 slots: 0x0 is NULL
stack at sp + 3 slots: {method} {0x000001dcbf24d478} '<init>' '(FFFFFFFFFF)V' in 'sun/font/StrikeMetrics'
stack at sp + 4 slots: 0x000000d3dcefe898 is pointing into the stack for thread: 0x000001dc9b270000
stack at sp + 5 slots: 0x00000007085cd028 is pointing into object: [I 
{0x00000007085cd018} - klass: {type array int}
 - length: 7396
stack at sp + 6 slots: 0x3fefff0000000000 is an unknown value
stack at sp + 7 slots: 0x0 is NULL


---------------  P R O C E S S  ---------------

Threads class SMR info:
_java_thread_list=0x000001dccccdbdc0, length=16, elements={
0x000001dc9b270000, 0x000001dcbf635800, 0x000001dcbf638800, 0x000001dcbf658800,
0x000001dcbf659000, 0x000001dcbf65a000, 0x000001dcbf663000, 0x000001dcbf66e800,
0x000001dcbf7c0800, 0x000001dcbf79f800, 0x000001dcbf7a1000, 0x000001dcbf7a7000,
0x000001dcbf7e1800, 0x000001dcc008a800, 0x000001dcc008b800, 0x000001dcc6b8c800
}

Java Threads: ( => current thread )
=>0x000001dc9b270000 JavaThread "main" [_thread_in_native, id=30076, stack(0x000000d3dce00000,0x000000d3dcf00000)]
  0x000001dcbf635800 JavaThread "Reference Handler" daemon [_thread_blocked, id=29536, stack(0x000000d3dd500000,0x000000d3dd600000)]
  0x000001dcbf638800 JavaThread "Finalizer" daemon [_thread_blocked, id=29552, stack(0x000000d3dd600000,0x000000d3dd700000)]
  0x000001dcbf658800 JavaThread "Signal Dispatcher" daemon [_thread_blocked, id=18296, stack(0x000000d3dd700000,0x000000d3dd800000)]
  0x000001dcbf659000 JavaThread "Attach Listener" daemon [_thread_blocked, id=29916, stack(0x000000d3dd800000,0x000000d3dd900000)]
  0x000001dcbf65a000 JavaThread "C2 CompilerThread0" daemon [_thread_blocked, id=30512, stack(0x000000d3dd900000,0x000000d3dda00000)]
  0x000001dcbf663000 JavaThread "C1 CompilerThread0" daemon [_thread_blocked, id=30172, stack(0x000000d3dda00000,0x000000d3ddb00000)]
  0x000001dcbf66e800 JavaThread "Sweeper thread" daemon [_thread_blocked, id=30124, stack(0x000000d3ddb00000,0x000000d3ddc00000)]
  0x000001dcbf7c0800 JavaThread "JDWP Transport Listener: dt_socket" daemon [_thread_blocked, id=30404, stack(0x000000d3ddc00000,0x000000d3ddd00000)]
  0x000001dcbf79f800 JavaThread "JDWP Event Helper Thread" daemon [_thread_blocked, id=29104, stack(0x000000d3ddd00000,0x000000d3dde00000)]
  0x000001dcbf7a1000 JavaThread "JDWP Command Reader" daemon [_thread_in_native, id=27524, stack(0x000000d3dde00000,0x000000d3ddf00000)]
  0x000001dcbf7a7000 JavaThread "Service Thread" daemon [_thread_blocked, id=25320, stack(0x000000d3ddf00000,0x000000d3de000000)]
  0x000001dcbf7e1800 JavaThread "Common-Cleaner" daemon [_thread_blocked, id=28052, stack(0x000000d3de100000,0x000000d3de200000)]
  0x000001dcc008a800 JavaThread "Java2D Disposer" daemon [_thread_blocked, id=28016, stack(0x000000d3de200000,0x000000d3de300000)]
  0x000001dcc008b800 JavaThread "AWT-Shutdown" [_thread_blocked, id=29308, stack(0x000000d3de300000,0x000000d3de400000)]
  0x000001dcc6b8c800 JavaThread "AWT-EventQueue-0" [_thread_blocked, id=30700, stack(0x000000d3de700000,0x000000d3de800000)]

Other Threads:
  0x000001dcbf634800 VMThread "VM Thread" [stack: 0x000000d3dd400000,0x000000d3dd500000] [id=30664]
  0x000001dcbf7a9000 WatcherThread [stack: 0x000000d3de000000,0x000000d3de100000] [id=28712]
  0x000001dc9b2d9800 GCTaskThread "GC Thread#0" [stack: 0x000000d3dcf00000,0x000000d3dd000000] [id=29744]
  0x000001dcc741f000 GCTaskThread "GC Thread#1" [stack: 0x000000d3dea00000,0x000000d3deb00000] [id=30680]
  0x000001dcc741f800 GCTaskThread "GC Thread#2" [stack: 0x000000d3deb00000,0x000000d3dec00000] [id=17760]
  0x000001dcc7420800 GCTaskThread "GC Thread#3" [stack: 0x000000d3dec00000,0x000000d3ded00000] [id=2756]
  0x000001dcc72d5000 GCTaskThread "GC Thread#4" [stack: 0x000000d3ded00000,0x000000d3dee00000] [id=27492]
  0x000001dcc72d6000 GCTaskThread "GC Thread#5" [stack: 0x000000d3dee00000,0x000000d3def00000] [id=13444]
  0x000001dc9b2fb000 ConcurrentGCThread "G1 Main Marker" [stack: 0x000000d3dd000000,0x000000d3dd100000] [id=30428]
  0x000001dc9b2fd000 ConcurrentGCThread "G1 Conc#0" [stack: 0x000000d3dd100000,0x000000d3dd200000] [id=17076]
  0x000001dcbe74b800 ConcurrentGCThread "G1 Refine#0" [stack: 0x000000d3dd200000,0x000000d3dd300000] [id=17564]
  0x000001dcbe74d800 ConcurrentGCThread "G1 Young RemSet Sampling" [stack: 0x000000d3dd300000,0x000000d3dd400000] [id=30396]

Threads with active compile tasks:

VM state:not at safepoint (normal execution)

VM Mutex/Monitor currently owned by a thread: None

Heap address: 0x0000000701400000, size: 4076 MB, Compressed Oops mode: Zero based, Oop shift amount: 3
Narrow klass base: 0x0000000800000000, Narrow klass shift: 3
Compressed class space size: 1073741824 Address: 0x0000000800b40000

Heap:
 garbage-first heap   total 262144K, used 132469K [0x0000000701400000, 0x0000000800000000)
  region size 1024K, 110 young (112640K), 12 survivors (12288K)
 Metaspace       used 9561K, capacity 9804K, committed 10112K, reserved 1058816K
  class space    used 919K, capacity 1042K, committed 1152K, reserved 1048576K
Heap Regions: E=young(eden), S=young(survivor), O=old, HS=humongous(starts), HC=humongous(continues), CS=collection set, F=free, A=archive, TAMS=top-at-mark-start (previous, next)
|   0|0x0000000701400000, 0x0000000701500000, 0x0000000701500000|100%| O|  |TAMS 0x0000000701400000, 0x0000000701400000| Untracked 
|   1|0x0000000701500000, 0x0000000701600000, 0x0000000701600000|100%| O|  |TAMS 0x0000000701500000, 0x0000000701500000| Untracked 
|   2|0x0000000701600000, 0x0000000701700000, 0x0000000701700000|100%|HS|  |TAMS 0x0000000701600000, 0x0000000701600000| Complete 
|   3|0x0000000701700000, 0x0000000701800000, 0x0000000701800000|100%|HC|  |TAMS 0x0000000701700000, 0x0000000701700000| Complete 
|   4|0x0000000701800000, 0x0000000701900000, 0x0000000701900000|100%|HS|  |TAMS 0x0000000701800000, 0x0000000701800000| Complete 
|   5|0x0000000701900000, 0x0000000701a00000, 0x0000000701a00000|100%|HC|  |TAMS 0x0000000701900000, 0x0000000701900000| Complete 
|   6|0x0000000701a00000, 0x0000000701b00000, 0x0000000701b00000|100%|HC|  |TAMS 0x0000000701a00000, 0x0000000701a00000| Complete 
|   7|0x0000000701b00000, 0x0000000701c00000, 0x0000000701c00000|100%|HC|  |TAMS 0x0000000701b00000, 0x0000000701b00000| Complete 
|   8|0x0000000701c00000, 0x0000000701d00000, 0x0000000701d00000|100%|HS|  |TAMS 0x0000000701c00000, 0x0000000701c00000| Complete 
|   9|0x0000000701d00000, 0x0000000701e00000, 0x0000000701e00000|100%|HC|  |TAMS 0x0000000701d00000, 0x0000000701d00000| Complete 
|  10|0x0000000701e00000, 0x0000000701f00000, 0x0000000701f00000|100%|HC|  |TAMS 0x0000000701e00000, 0x0000000701e00000| Complete 
|  11|0x0000000701f00000, 0x0000000702000000, 0x0000000702000000|100%|HC|  |TAMS 0x0000000701f00000, 0x0000000701f00000| Complete 
|  12|0x0000000702000000, 0x0000000702100000, 0x0000000702100000|100%|HS|  |TAMS 0x0000000702000000, 0x0000000702000000| Complete 
|  13|0x0000000702100000, 0x0000000702200000, 0x0000000702200000|100%|HC|  |TAMS 0x0000000702100000, 0x0000000702100000| Complete 
|  14|0x0000000702200000, 0x0000000702300000, 0x0000000702300000|100%|HC|  |TAMS 0x0000000702200000, 0x0000000702200000| Complete 
|  15|0x0000000702300000, 0x0000000702400000, 0x0000000702400000|100%|HC|  |TAMS 0x0000000702300000, 0x0000000702300000| Complete 
|  16|0x0000000702400000, 0x0000000702500000, 0x0000000702500000|100%|HS|  |TAMS 0x0000000702400000, 0x0000000702400000| Complete 
|  17|0x0000000702500000, 0x0000000702600000, 0x0000000702600000|100%|HC|  |TAMS 0x0000000702500000, 0x0000000702500000| Complete 
|  18|0x0000000702600000, 0x0000000702700000, 0x0000000702700000|100%|HC|  |TAMS 0x0000000702600000, 0x0000000702600000| Complete 
|  19|0x0000000702700000, 0x0000000702800000, 0x0000000702800000|100%|HS|  |TAMS 0x0000000702700000, 0x0000000702700000| Complete 
|  20|0x0000000702800000, 0x000000070285d600, 0x0000000702900000| 36%| O|  |TAMS 0x0000000702800000, 0x0000000702800000| Untracked 
|  21|0x0000000702900000, 0x0000000702900000, 0x0000000702a00000|  0%| F|  |TAMS 0x0000000702900000, 0x0000000702900000| Untracked 
|  22|0x0000000702a00000, 0x0000000702a00000, 0x0000000702b00000|  0%| F|  |TAMS 0x0000000702a00000, 0x0000000702a00000| Untracked 
|  23|0x0000000702b00000, 0x0000000702b00000, 0x0000000702c00000|  0%| F|  |TAMS 0x0000000702b00000, 0x0000000702b00000| Untracked 
|  24|0x0000000702c00000, 0x0000000702c00000, 0x0000000702d00000|  0%| F|  |TAMS 0x0000000702c00000, 0x0000000702c00000| Untracked 
|  25|0x0000000702d00000, 0x0000000702d00000, 0x0000000702e00000|  0%| F|  |TAMS 0x0000000702d00000, 0x0000000702d00000| Untracked 
|  26|0x0000000702e00000, 0x0000000702e00000, 0x0000000702f00000|  0%| F|  |TAMS 0x0000000702e00000, 0x0000000702e00000| Untracked 
|  27|0x0000000702f00000, 0x0000000702f00000, 0x0000000703000000|  0%| F|  |TAMS 0x0000000702f00000, 0x0000000702f00000| Untracked 
|  28|0x0000000703000000, 0x0000000703000000, 0x0000000703100000|  0%| F|  |TAMS 0x0000000703000000, 0x0000000703000000| Untracked 
|  29|0x0000000703100000, 0x0000000703100000, 0x0000000703200000|  0%| F|  |TAMS 0x0000000703100000, 0x0000000703100000| Untracked 
|  30|0x0000000703200000, 0x0000000703200000, 0x0000000703300000|  0%| F|  |TAMS 0x0000000703200000, 0x0000000703200000| Untracked 
|  31|0x0000000703300000, 0x0000000703300000, 0x0000000703400000|  0%| F|  |TAMS 0x0000000703300000, 0x0000000703300000| Untracked 
|  32|0x0000000703400000, 0x0000000703400000, 0x0000000703500000|  0%| F|  |TAMS 0x0000000703400000, 0x0000000703400000| Untracked 
|  33|0x0000000703500000, 0x0000000703500000, 0x0000000703600000|  0%| F|  |TAMS 0x0000000703500000, 0x0000000703500000| Untracked 
|  34|0x0000000703600000, 0x0000000703600000, 0x0000000703700000|  0%| F|  |TAMS 0x0000000703600000, 0x0000000703600000| Untracked 
|  35|0x0000000703700000, 0x0000000703700000, 0x0000000703800000|  0%| F|  |TAMS 0x0000000703700000, 0x0000000703700000| Untracked 
|  36|0x0000000703800000, 0x0000000703800000, 0x0000000703900000|  0%| F|  |TAMS 0x0000000703800000, 0x0000000703800000| Untracked 
|  37|0x0000000703900000, 0x0000000703900000, 0x0000000703a00000|  0%| F|  |TAMS 0x0000000703900000, 0x0000000703900000| Untracked 
|  38|0x0000000703a00000, 0x0000000703a00000, 0x0000000703b00000|  0%| F|  |TAMS 0x0000000703a00000, 0x0000000703a00000| Untracked 
|  39|0x0000000703b00000, 0x0000000703b00000, 0x0000000703c00000|  0%| F|  |TAMS 0x0000000703b00000, 0x0000000703b00000| Untracked 
|  40|0x0000000703c00000, 0x0000000703c00000, 0x0000000703d00000|  0%| F|  |TAMS 0x0000000703c00000, 0x0000000703c00000| Untracked 
|  41|0x0000000703d00000, 0x0000000703d00000, 0x0000000703e00000|  0%| F|  |TAMS 0x0000000703d00000, 0x0000000703d00000| Untracked 
|  42|0x0000000703e00000, 0x0000000703e00000, 0x0000000703f00000|  0%| F|  |TAMS 0x0000000703e00000, 0x0000000703e00000| Untracked 
|  43|0x0000000703f00000, 0x0000000703f00000, 0x0000000704000000|  0%| F|  |TAMS 0x0000000703f00000, 0x0000000703f00000| Untracked 
|  44|0x0000000704000000, 0x0000000704000000, 0x0000000704100000|  0%| F|  |TAMS 0x0000000704000000, 0x0000000704000000| Untracked 
|  45|0x0000000704100000, 0x0000000704100000, 0x0000000704200000|  0%| F|  |TAMS 0x0000000704100000, 0x0000000704100000| Untracked 
|  46|0x0000000704200000, 0x0000000704200000, 0x0000000704300000|  0%| F|  |TAMS 0x0000000704200000, 0x0000000704200000| Untracked 
|  47|0x0000000704300000, 0x0000000704300000, 0x0000000704400000|  0%| F|  |TAMS 0x0000000704300000, 0x0000000704300000| Untracked 
|  48|0x0000000704400000, 0x0000000704400000, 0x0000000704500000|  0%| F|  |TAMS 0x0000000704400000, 0x0000000704400000| Untracked 
|  49|0x0000000704500000, 0x0000000704500000, 0x0000000704600000|  0%| F|  |TAMS 0x0000000704500000, 0x0000000704500000| Untracked 
|  50|0x0000000704600000, 0x0000000704600000, 0x0000000704700000|  0%| F|  |TAMS 0x0000000704600000, 0x0000000704600000| Untracked 
|  51|0x0000000704700000, 0x0000000704700000, 0x0000000704800000|  0%| F|  |TAMS 0x0000000704700000, 0x0000000704700000| Untracked 
|  52|0x0000000704800000, 0x0000000704800000, 0x0000000704900000|  0%| F|  |TAMS 0x0000000704800000, 0x0000000704800000| Untracked 
|  53|0x0000000704900000, 0x0000000704900000, 0x0000000704a00000|  0%| F|  |TAMS 0x0000000704900000, 0x0000000704900000| Untracked 
|  54|0x0000000704a00000, 0x0000000704a00000, 0x0000000704b00000|  0%| F|  |TAMS 0x0000000704a00000, 0x0000000704a00000| Untracked 
|  55|0x0000000704b00000, 0x0000000704b00000, 0x0000000704c00000|  0%| F|  |TAMS 0x0000000704b00000, 0x0000000704b00000| Untracked 
|  56|0x0000000704c00000, 0x0000000704c00000, 0x0000000704d00000|  0%| F|  |TAMS 0x0000000704c00000, 0x0000000704c00000| Untracked 
|  57|0x0000000704d00000, 0x0000000704d00000, 0x0000000704e00000|  0%| F|  |TAMS 0x0000000704d00000, 0x0000000704d00000| Untracked 
|  58|0x0000000704e00000, 0x0000000704e00000, 0x0000000704f00000|  0%| F|  |TAMS 0x0000000704e00000, 0x0000000704e00000| Untracked 
|  59|0x0000000704f00000, 0x0000000704f00000, 0x0000000705000000|  0%| F|  |TAMS 0x0000000704f00000, 0x0000000704f00000| Untracked 
|  60|0x0000000705000000, 0x0000000705000000, 0x0000000705100000|  0%| F|  |TAMS 0x0000000705000000, 0x0000000705000000| Untracked 
|  61|0x0000000705100000, 0x0000000705100000, 0x0000000705200000|  0%| F|  |TAMS 0x0000000705100000, 0x0000000705100000| Untracked 
|  62|0x0000000705200000, 0x0000000705200000, 0x0000000705300000|  0%| F|  |TAMS 0x0000000705200000, 0x0000000705200000| Untracked 
|  63|0x0000000705300000, 0x0000000705300000, 0x0000000705400000|  0%| F|  |TAMS 0x0000000705300000, 0x0000000705300000| Untracked 
|  64|0x0000000705400000, 0x0000000705400000, 0x0000000705500000|  0%| F|  |TAMS 0x0000000705400000, 0x0000000705400000| Untracked 
|  65|0x0000000705500000, 0x0000000705500000, 0x0000000705600000|  0%| F|  |TAMS 0x0000000705500000, 0x0000000705500000| Untracked 
|  66|0x0000000705600000, 0x0000000705600000, 0x0000000705700000|  0%| F|  |TAMS 0x0000000705600000, 0x0000000705600000| Untracked 
|  67|0x0000000705700000, 0x0000000705700000, 0x0000000705800000|  0%| F|  |TAMS 0x0000000705700000, 0x0000000705700000| Untracked 
|  68|0x0000000705800000, 0x0000000705800000, 0x0000000705900000|  0%| F|  |TAMS 0x0000000705800000, 0x0000000705800000| Untracked 
|  69|0x0000000705900000, 0x0000000705900000, 0x0000000705a00000|  0%| F|  |TAMS 0x0000000705900000, 0x0000000705900000| Untracked 
|  70|0x0000000705a00000, 0x0000000705a00000, 0x0000000705b00000|  0%| F|  |TAMS 0x0000000705a00000, 0x0000000705a00000| Untracked 
|  71|0x0000000705b00000, 0x0000000705b00000, 0x0000000705c00000|  0%| F|  |TAMS 0x0000000705b00000, 0x0000000705b00000| Untracked 
|  72|0x0000000705c00000, 0x0000000705c00000, 0x0000000705d00000|  0%| F|  |TAMS 0x0000000705c00000, 0x0000000705c00000| Untracked 
|  73|0x0000000705d00000, 0x0000000705d00000, 0x0000000705e00000|  0%| F|  |TAMS 0x0000000705d00000, 0x0000000705d00000| Untracked 
|  74|0x0000000705e00000, 0x0000000705e00000, 0x0000000705f00000|  0%| F|  |TAMS 0x0000000705e00000, 0x0000000705e00000| Untracked 
|  75|0x0000000705f00000, 0x0000000705f00000, 0x0000000706000000|  0%| F|  |TAMS 0x0000000705f00000, 0x0000000705f00000| Untracked 
|  76|0x0000000706000000, 0x0000000706000000, 0x0000000706100000|  0%| F|  |TAMS 0x0000000706000000, 0x0000000706000000| Untracked 
|  77|0x0000000706100000, 0x0000000706100000, 0x0000000706200000|  0%| F|  |TAMS 0x0000000706100000, 0x0000000706100000| Untracked 
|  78|0x0000000706200000, 0x0000000706200000, 0x0000000706300000|  0%| F|  |TAMS 0x0000000706200000, 0x0000000706200000| Untracked 
|  79|0x0000000706300000, 0x0000000706300000, 0x0000000706400000|  0%| F|  |TAMS 0x0000000706300000, 0x0000000706300000| Untracked 
|  80|0x0000000706400000, 0x0000000706400000, 0x0000000706500000|  0%| F|  |TAMS 0x0000000706400000, 0x0000000706400000| Untracked 
|  81|0x0000000706500000, 0x0000000706500000, 0x0000000706600000|  0%| F|  |TAMS 0x0000000706500000, 0x0000000706500000| Untracked 
|  82|0x0000000706600000, 0x0000000706600000, 0x0000000706700000|  0%| F|  |TAMS 0x0000000706600000, 0x0000000706600000| Untracked 
|  83|0x0000000706700000, 0x0000000706700000, 0x0000000706800000|  0%| F|  |TAMS 0x0000000706700000, 0x0000000706700000| Untracked 
|  84|0x0000000706800000, 0x0000000706800000, 0x0000000706900000|  0%| F|  |TAMS 0x0000000706800000, 0x0000000706800000| Untracked 
|  85|0x0000000706900000, 0x0000000706900000, 0x0000000706a00000|  0%| F|  |TAMS 0x0000000706900000, 0x0000000706900000| Untracked 
|  86|0x0000000706a00000, 0x0000000706a00000, 0x0000000706b00000|  0%| F|  |TAMS 0x0000000706a00000, 0x0000000706a00000| Untracked 
|  87|0x0000000706b00000, 0x0000000706b00000, 0x0000000706c00000|  0%| F|  |TAMS 0x0000000706b00000, 0x0000000706b00000| Untracked 
|  88|0x0000000706c00000, 0x0000000706c00000, 0x0000000706d00000|  0%| F|  |TAMS 0x0000000706c00000, 0x0000000706c00000| Untracked 
|  89|0x0000000706d00000, 0x0000000706d00000, 0x0000000706e00000|  0%| F|  |TAMS 0x0000000706d00000, 0x0000000706d00000| Untracked 
|  90|0x0000000706e00000, 0x0000000706f00000, 0x0000000706f00000|100%| S|CS|TAMS 0x0000000706e00000, 0x0000000706e00000| Complete 
|  91|0x0000000706f00000, 0x0000000706f00000, 0x0000000707000000|  0%| F|  |TAMS 0x0000000706f00000, 0x0000000706f00000| Untracked 
|  92|0x0000000707000000, 0x0000000707000000, 0x0000000707100000|  0%| F|  |TAMS 0x0000000707000000, 0x0000000707000000| Untracked 
|  93|0x0000000707100000, 0x0000000707100000, 0x0000000707200000|  0%| F|  |TAMS 0x0000000707100000, 0x0000000707100000| Untracked 
|  94|0x0000000707200000, 0x0000000707200000, 0x0000000707300000|  0%| F|  |TAMS 0x0000000707200000, 0x0000000707200000| Untracked 
|  95|0x0000000707300000, 0x0000000707300000, 0x0000000707400000|  0%| F|  |TAMS 0x0000000707300000, 0x0000000707300000| Untracked 
|  96|0x0000000707400000, 0x0000000707400000, 0x0000000707500000|  0%| F|  |TAMS 0x0000000707400000, 0x0000000707400000| Untracked 
|  97|0x0000000707500000, 0x0000000707500000, 0x0000000707600000|  0%| F|  |TAMS 0x0000000707500000, 0x0000000707500000| Untracked 
|  98|0x0000000707600000, 0x0000000707600000, 0x0000000707700000|  0%| F|  |TAMS 0x0000000707600000, 0x0000000707600000| Untracked 
|  99|0x0000000707700000, 0x0000000707700000, 0x0000000707800000|  0%| F|  |TAMS 0x0000000707700000, 0x0000000707700000| Untracked 
| 100|0x0000000707800000, 0x0000000707800000, 0x0000000707900000|  0%| F|  |TAMS 0x0000000707800000, 0x0000000707800000| Untracked 
| 101|0x0000000707900000, 0x0000000707900000, 0x0000000707a00000|  0%| F|  |TAMS 0x0000000707900000, 0x0000000707900000| Untracked 
| 102|0x0000000707a00000, 0x0000000707a00000, 0x0000000707b00000|  0%| F|  |TAMS 0x0000000707a00000, 0x0000000707a00000| Untracked 
| 103|0x0000000707b00000, 0x0000000707c00000, 0x0000000707c00000|100%| S|CS|TAMS 0x0000000707b00000, 0x0000000707b00000| Complete 
| 104|0x0000000707c00000, 0x0000000707d00000, 0x0000000707d00000|100%| S|CS|TAMS 0x0000000707c00000, 0x0000000707c00000| Complete 
| 105|0x0000000707d00000, 0x0000000707e00000, 0x0000000707e00000|100%| S|CS|TAMS 0x0000000707d00000, 0x0000000707d00000| Complete 
| 106|0x0000000707e00000, 0x0000000707f00000, 0x0000000707f00000|100%| S|CS|TAMS 0x0000000707e00000, 0x0000000707e00000| Complete 
| 107|0x0000000707f00000, 0x0000000708000000, 0x0000000708000000|100%| S|CS|TAMS 0x0000000707f00000, 0x0000000707f00000| Complete 
| 108|0x0000000708000000, 0x0000000708100000, 0x0000000708100000|100%| S|CS|TAMS 0x0000000708000000, 0x0000000708000000| Complete 
| 109|0x0000000708100000, 0x0000000708200000, 0x0000000708200000|100%| S|CS|TAMS 0x0000000708100000, 0x0000000708100000| Complete 
| 110|0x0000000708200000, 0x0000000708300000, 0x0000000708300000|100%| S|CS|TAMS 0x0000000708200000, 0x0000000708200000| Complete 
| 111|0x0000000708300000, 0x0000000708400000, 0x0000000708400000|100%| S|CS|TAMS 0x0000000708300000, 0x0000000708300000| Complete 
| 112|0x0000000708400000, 0x0000000708500000, 0x0000000708500000|100%| S|CS|TAMS 0x0000000708400000, 0x0000000708400000| Complete 
| 113|0x0000000708500000, 0x0000000708600000, 0x0000000708600000|100%| S|CS|TAMS 0x0000000708500000, 0x0000000708500000| Complete 
| 114|0x0000000708600000, 0x0000000708600000, 0x0000000708700000|  0%| F|  |TAMS 0x0000000708600000, 0x0000000708600000| Untracked 
| 115|0x0000000708700000, 0x0000000708700000, 0x0000000708800000|  0%| F|  |TAMS 0x0000000708700000, 0x0000000708700000| Untracked 
| 116|0x0000000708800000, 0x0000000708800000, 0x0000000708900000|  0%| F|  |TAMS 0x0000000708800000, 0x0000000708800000| Untracked 
| 117|0x0000000708900000, 0x0000000708900000, 0x0000000708a00000|  0%| F|  |TAMS 0x0000000708900000, 0x0000000708900000| Untracked 
| 118|0x0000000708a00000, 0x0000000708a00000, 0x0000000708b00000|  0%| F|  |TAMS 0x0000000708a00000, 0x0000000708a00000| Untracked 
| 119|0x0000000708b00000, 0x0000000708b00000, 0x0000000708c00000|  0%| F|  |TAMS 0x0000000708b00000, 0x0000000708b00000| Untracked 
| 120|0x0000000708c00000, 0x0000000708c00000, 0x0000000708d00000|  0%| F|  |TAMS 0x0000000708c00000, 0x0000000708c00000| Untracked 
| 121|0x0000000708d00000, 0x0000000708d00000, 0x0000000708e00000|  0%| F|  |TAMS 0x0000000708d00000, 0x0000000708d00000| Untracked 
| 122|0x0000000708e00000, 0x0000000708e00000, 0x0000000708f00000|  0%| F|  |TAMS 0x0000000708e00000, 0x0000000708e00000| Untracked 
| 123|0x0000000708f00000, 0x0000000708f00000, 0x0000000709000000|  0%| F|  |TAMS 0x0000000708f00000, 0x0000000708f00000| Untracked 
| 124|0x0000000709000000, 0x0000000709000000, 0x0000000709100000|  0%| F|  |TAMS 0x0000000709000000, 0x0000000709000000| Untracked 
| 125|0x0000000709100000, 0x0000000709100000, 0x0000000709200000|  0%| F|  |TAMS 0x0000000709100000, 0x0000000709100000| Untracked 
| 126|0x0000000709200000, 0x0000000709200000, 0x0000000709300000|  0%| F|  |TAMS 0x0000000709200000, 0x0000000709200000| Untracked 
| 127|0x0000000709300000, 0x0000000709300000, 0x0000000709400000|  0%| F|  |TAMS 0x0000000709300000, 0x0000000709300000| Untracked 
| 128|0x0000000709400000, 0x0000000709400000, 0x0000000709500000|  0%| F|  |TAMS 0x0000000709400000, 0x0000000709400000| Untracked 
| 129|0x0000000709500000, 0x0000000709500000, 0x0000000709600000|  0%| F|  |TAMS 0x0000000709500000, 0x0000000709500000| Untracked 
| 130|0x0000000709600000, 0x0000000709600000, 0x0000000709700000|  0%| F|  |TAMS 0x0000000709600000, 0x0000000709600000| Untracked 
| 131|0x0000000709700000, 0x0000000709700000, 0x0000000709800000|  0%| F|  |TAMS 0x0000000709700000, 0x0000000709700000| Untracked 
| 132|0x0000000709800000, 0x0000000709800000, 0x0000000709900000|  0%| F|  |TAMS 0x0000000709800000, 0x0000000709800000| Untracked 
| 133|0x0000000709900000, 0x0000000709900000, 0x0000000709a00000|  0%| F|  |TAMS 0x0000000709900000, 0x0000000709900000| Untracked 
| 134|0x0000000709a00000, 0x0000000709a00000, 0x0000000709b00000|  0%| F|  |TAMS 0x0000000709a00000, 0x0000000709a00000| Untracked 
| 135|0x0000000709b00000, 0x0000000709b00000, 0x0000000709c00000|  0%| F|  |TAMS 0x0000000709b00000, 0x0000000709b00000| Untracked 
| 136|0x0000000709c00000, 0x0000000709c00000, 0x0000000709d00000|  0%| F|  |TAMS 0x0000000709c00000, 0x0000000709c00000| Untracked 
| 137|0x0000000709d00000, 0x0000000709d00000, 0x0000000709e00000|  0%| F|  |TAMS 0x0000000709d00000, 0x0000000709d00000| Untracked 
| 138|0x0000000709e00000, 0x0000000709e00000, 0x0000000709f00000|  0%| F|  |TAMS 0x0000000709e00000, 0x0000000709e00000| Untracked 
| 139|0x0000000709f00000, 0x0000000709f00000, 0x000000070a000000|  0%| F|  |TAMS 0x0000000709f00000, 0x0000000709f00000| Untracked 
| 140|0x000000070a000000, 0x000000070a000000, 0x000000070a100000|  0%| F|  |TAMS 0x000000070a000000, 0x000000070a000000| Untracked 
| 141|0x000000070a100000, 0x000000070a100000, 0x000000070a200000|  0%| F|  |TAMS 0x000000070a100000, 0x000000070a100000| Untracked 
| 142|0x000000070a200000, 0x000000070a200000, 0x000000070a300000|  0%| F|  |TAMS 0x000000070a200000, 0x000000070a200000| Untracked 
| 143|0x000000070a300000, 0x000000070a300000, 0x000000070a400000|  0%| F|  |TAMS 0x000000070a300000, 0x000000070a300000| Untracked 
| 144|0x000000070a400000, 0x000000070a400000, 0x000000070a500000|  0%| F|  |TAMS 0x000000070a400000, 0x000000070a400000| Untracked 
| 145|0x000000070a500000, 0x000000070a500000, 0x000000070a600000|  0%| F|  |TAMS 0x000000070a500000, 0x000000070a500000| Untracked 
| 146|0x000000070a600000, 0x000000070a600000, 0x000000070a700000|  0%| F|  |TAMS 0x000000070a600000, 0x000000070a600000| Untracked 
| 147|0x000000070a700000, 0x000000070a700000, 0x000000070a800000|  0%| F|  |TAMS 0x000000070a700000, 0x000000070a700000| Untracked 
| 148|0x000000070a800000, 0x000000070a800000, 0x000000070a900000|  0%| F|  |TAMS 0x000000070a800000, 0x000000070a800000| Untracked 
| 149|0x000000070a900000, 0x000000070a900000, 0x000000070aa00000|  0%| F|  |TAMS 0x000000070a900000, 0x000000070a900000| Untracked 
| 150|0x000000070aa00000, 0x000000070aa00000, 0x000000070ab00000|  0%| F|  |TAMS 0x000000070aa00000, 0x000000070aa00000| Untracked 
| 151|0x000000070ab00000, 0x000000070ab00000, 0x000000070ac00000|  0%| F|  |TAMS 0x000000070ab00000, 0x000000070ab00000| Untracked 
| 152|0x000000070ac00000, 0x000000070ac00000, 0x000000070ad00000|  0%| F|  |TAMS 0x000000070ac00000, 0x000000070ac00000| Untracked 
| 153|0x000000070ad00000, 0x000000070ad00000, 0x000000070ae00000|  0%| F|  |TAMS 0x000000070ad00000, 0x000000070ad00000| Untracked 
| 154|0x000000070ae00000, 0x000000070ae00000, 0x000000070af00000|  0%| F|  |TAMS 0x000000070ae00000, 0x000000070ae00000| Untracked 
| 155|0x000000070af00000, 0x000000070af00000, 0x000000070b000000|  0%| F|  |TAMS 0x000000070af00000, 0x000000070af00000| Untracked 
| 156|0x000000070b000000, 0x000000070b000000, 0x000000070b100000|  0%| F|  |TAMS 0x000000070b000000, 0x000000070b000000| Untracked 
| 157|0x000000070b100000, 0x000000070b100000, 0x000000070b200000|  0%| F|  |TAMS 0x000000070b100000, 0x000000070b100000| Untracked 
| 158|0x000000070b200000, 0x000000070b280800, 0x000000070b300000| 50%| E|  |TAMS 0x000000070b200000, 0x000000070b200000| Complete 
| 159|0x000000070b300000, 0x000000070b400000, 0x000000070b400000|100%| E|CS|TAMS 0x000000070b300000, 0x000000070b300000| Complete 
| 160|0x000000070b400000, 0x000000070b500000, 0x000000070b500000|100%| E|CS|TAMS 0x000000070b400000, 0x000000070b400000| Complete 
| 161|0x000000070b500000, 0x000000070b600000, 0x000000070b600000|100%| E|CS|TAMS 0x000000070b500000, 0x000000070b500000| Complete 
| 162|0x000000070b600000, 0x000000070b700000, 0x000000070b700000|100%| E|CS|TAMS 0x000000070b600000, 0x000000070b600000| Complete 
| 163|0x000000070b700000, 0x000000070b800000, 0x000000070b800000|100%| E|CS|TAMS 0x000000070b700000, 0x000000070b700000| Complete 
| 164|0x000000070b800000, 0x000000070b900000, 0x000000070b900000|100%| E|CS|TAMS 0x000000070b800000, 0x000000070b800000| Complete 
| 165|0x000000070b900000, 0x000000070ba00000, 0x000000070ba00000|100%| E|CS|TAMS 0x000000070b900000, 0x000000070b900000| Complete 
| 166|0x000000070ba00000, 0x000000070bb00000, 0x000000070bb00000|100%| E|CS|TAMS 0x000000070ba00000, 0x000000070ba00000| Complete 
| 167|0x000000070bb00000, 0x000000070bc00000, 0x000000070bc00000|100%| E|CS|TAMS 0x000000070bb00000, 0x000000070bb00000| Complete 
| 168|0x000000070bc00000, 0x000000070bd00000, 0x000000070bd00000|100%| E|CS|TAMS 0x000000070bc00000, 0x000000070bc00000| Complete 
| 169|0x000000070bd00000, 0x000000070be00000, 0x000000070be00000|100%| E|CS|TAMS 0x000000070bd00000, 0x000000070bd00000| Complete 
| 170|0x000000070be00000, 0x000000070bf00000, 0x000000070bf00000|100%| E|CS|TAMS 0x000000070be00000, 0x000000070be00000| Complete 
| 171|0x000000070bf00000, 0x000000070c000000, 0x000000070c000000|100%| E|CS|TAMS 0x000000070bf00000, 0x000000070bf00000| Complete 
| 172|0x000000070c000000, 0x000000070c100000, 0x000000070c100000|100%| E|CS|TAMS 0x000000070c000000, 0x000000070c000000| Complete 
| 173|0x000000070c100000, 0x000000070c200000, 0x000000070c200000|100%| E|CS|TAMS 0x000000070c100000, 0x000000070c100000| Complete 
| 174|0x000000070c200000, 0x000000070c300000, 0x000000070c300000|100%| E|CS|TAMS 0x000000070c200000, 0x000000070c200000| Complete 
| 175|0x000000070c300000, 0x000000070c400000, 0x000000070c400000|100%| E|CS|TAMS 0x000000070c300000, 0x000000070c300000| Complete 
| 176|0x000000070c400000, 0x000000070c500000, 0x000000070c500000|100%| E|CS|TAMS 0x000000070c400000, 0x000000070c400000| Complete 
| 177|0x000000070c500000, 0x000000070c600000, 0x000000070c600000|100%| E|CS|TAMS 0x000000070c500000, 0x000000070c500000| Complete 
| 178|0x000000070c600000, 0x000000070c700000, 0x000000070c700000|100%| E|CS|TAMS 0x000000070c600000, 0x000000070c600000| Complete 
| 179|0x000000070c700000, 0x000000070c800000, 0x000000070c800000|100%| E|CS|TAMS 0x000000070c700000, 0x000000070c700000| Complete 
| 180|0x000000070c800000, 0x000000070c900000, 0x000000070c900000|100%| E|CS|TAMS 0x000000070c800000, 0x000000070c800000| Complete 
| 181|0x000000070c900000, 0x000000070ca00000, 0x000000070ca00000|100%| E|CS|TAMS 0x000000070c900000, 0x000000070c900000| Complete 
| 182|0x000000070ca00000, 0x000000070cb00000, 0x000000070cb00000|100%| E|CS|TAMS 0x000000070ca00000, 0x000000070ca00000| Complete 
| 183|0x000000070cb00000, 0x000000070cc00000, 0x000000070cc00000|100%| E|CS|TAMS 0x000000070cb00000, 0x000000070cb00000| Complete 
| 184|0x000000070cc00000, 0x000000070cd00000, 0x000000070cd00000|100%| E|CS|TAMS 0x000000070cc00000, 0x000000070cc00000| Complete 
| 185|0x000000070cd00000, 0x000000070ce00000, 0x000000070ce00000|100%| E|CS|TAMS 0x000000070cd00000, 0x000000070cd00000| Complete 
| 186|0x000000070ce00000, 0x000000070cf00000, 0x000000070cf00000|100%| E|CS|TAMS 0x000000070ce00000, 0x000000070ce00000| Complete 
| 187|0x000000070cf00000, 0x000000070d000000, 0x000000070d000000|100%| E|CS|TAMS 0x000000070cf00000, 0x000000070cf00000| Complete 
| 188|0x000000070d000000, 0x000000070d100000, 0x000000070d100000|100%| E|CS|TAMS 0x000000070d000000, 0x000000070d000000| Complete 
| 189|0x000000070d100000, 0x000000070d200000, 0x000000070d200000|100%| E|CS|TAMS 0x000000070d100000, 0x000000070d100000| Complete 
| 190|0x000000070d200000, 0x000000070d300000, 0x000000070d300000|100%| E|CS|TAMS 0x000000070d200000, 0x000000070d200000| Complete 
| 191|0x000000070d300000, 0x000000070d400000, 0x000000070d400000|100%| E|CS|TAMS 0x000000070d300000, 0x000000070d300000| Complete 
| 192|0x000000070d400000, 0x000000070d500000, 0x000000070d500000|100%| E|CS|TAMS 0x000000070d400000, 0x000000070d400000| Complete 
| 193|0x000000070d500000, 0x000000070d600000, 0x000000070d600000|100%| E|CS|TAMS 0x000000070d500000, 0x000000070d500000| Complete 
| 194|0x000000070d600000, 0x000000070d700000, 0x000000070d700000|100%| E|CS|TAMS 0x000000070d600000, 0x000000070d600000| Complete 
| 195|0x000000070d700000, 0x000000070d800000, 0x000000070d800000|100%| E|CS|TAMS 0x000000070d700000, 0x000000070d700000| Complete 
| 196|0x000000070d800000, 0x000000070d900000, 0x000000070d900000|100%| E|CS|TAMS 0x000000070d800000, 0x000000070d800000| Complete 
| 197|0x000000070d900000, 0x000000070da00000, 0x000000070da00000|100%| E|CS|TAMS 0x000000070d900000, 0x000000070d900000| Complete 
| 198|0x000000070da00000, 0x000000070db00000, 0x000000070db00000|100%| E|CS|TAMS 0x000000070da00000, 0x000000070da00000| Complete 
| 199|0x000000070db00000, 0x000000070dc00000, 0x000000070dc00000|100%| E|CS|TAMS 0x000000070db00000, 0x000000070db00000| Complete 
| 200|0x000000070dc00000, 0x000000070dd00000, 0x000000070dd00000|100%| E|CS|TAMS 0x000000070dc00000, 0x000000070dc00000| Complete 
| 201|0x000000070dd00000, 0x000000070de00000, 0x000000070de00000|100%| E|CS|TAMS 0x000000070dd00000, 0x000000070dd00000| Complete 
| 202|0x000000070de00000, 0x000000070df00000, 0x000000070df00000|100%| E|CS|TAMS 0x000000070de00000, 0x000000070de00000| Complete 
| 203|0x000000070df00000, 0x000000070e000000, 0x000000070e000000|100%| E|CS|TAMS 0x000000070df00000, 0x000000070df00000| Complete 
| 204|0x000000070e000000, 0x000000070e100000, 0x000000070e100000|100%| E|CS|TAMS 0x000000070e000000, 0x000000070e000000| Complete 
| 205|0x000000070e100000, 0x000000070e200000, 0x000000070e200000|100%| E|CS|TAMS 0x000000070e100000, 0x000000070e100000| Complete 
| 206|0x000000070e200000, 0x000000070e300000, 0x000000070e300000|100%| E|CS|TAMS 0x000000070e200000, 0x000000070e200000| Complete 
| 207|0x000000070e300000, 0x000000070e400000, 0x000000070e400000|100%| E|CS|TAMS 0x000000070e300000, 0x000000070e300000| Complete 
| 208|0x000000070e400000, 0x000000070e500000, 0x000000070e500000|100%| E|CS|TAMS 0x000000070e400000, 0x000000070e400000| Complete 
| 209|0x000000070e500000, 0x000000070e600000, 0x000000070e600000|100%| E|CS|TAMS 0x000000070e500000, 0x000000070e500000| Complete 
| 210|0x000000070e600000, 0x000000070e700000, 0x000000070e700000|100%| E|CS|TAMS 0x000000070e600000, 0x000000070e600000| Complete 
| 211|0x000000070e700000, 0x000000070e800000, 0x000000070e800000|100%| E|CS|TAMS 0x000000070e700000, 0x000000070e700000| Complete 
| 212|0x000000070e800000, 0x000000070e900000, 0x000000070e900000|100%| E|CS|TAMS 0x000000070e800000, 0x000000070e800000| Complete 
| 213|0x000000070e900000, 0x000000070ea00000, 0x000000070ea00000|100%| E|CS|TAMS 0x000000070e900000, 0x000000070e900000| Complete 
| 214|0x000000070ea00000, 0x000000070eb00000, 0x000000070eb00000|100%| E|CS|TAMS 0x000000070ea00000, 0x000000070ea00000| Complete 
| 215|0x000000070eb00000, 0x000000070ec00000, 0x000000070ec00000|100%| E|CS|TAMS 0x000000070eb00000, 0x000000070eb00000| Complete 
| 216|0x000000070ec00000, 0x000000070ed00000, 0x000000070ed00000|100%| E|CS|TAMS 0x000000070ec00000, 0x000000070ec00000| Complete 
| 217|0x000000070ed00000, 0x000000070ee00000, 0x000000070ee00000|100%| E|CS|TAMS 0x000000070ed00000, 0x000000070ed00000| Complete 
| 218|0x000000070ee00000, 0x000000070ef00000, 0x000000070ef00000|100%| E|CS|TAMS 0x000000070ee00000, 0x000000070ee00000| Complete 
| 219|0x000000070ef00000, 0x000000070f000000, 0x000000070f000000|100%| E|CS|TAMS 0x000000070ef00000, 0x000000070ef00000| Complete 
| 220|0x000000070f000000, 0x000000070f100000, 0x000000070f100000|100%| E|CS|TAMS 0x000000070f000000, 0x000000070f000000| Complete 
| 221|0x000000070f100000, 0x000000070f200000, 0x000000070f200000|100%| E|CS|TAMS 0x000000070f100000, 0x000000070f100000| Complete 
| 222|0x000000070f200000, 0x000000070f300000, 0x000000070f300000|100%| E|CS|TAMS 0x000000070f200000, 0x000000070f200000| Complete 
| 223|0x000000070f300000, 0x000000070f400000, 0x000000070f400000|100%| E|CS|TAMS 0x000000070f300000, 0x000000070f300000| Complete 
| 224|0x000000070f400000, 0x000000070f500000, 0x000000070f500000|100%| E|CS|TAMS 0x000000070f400000, 0x000000070f400000| Complete 
| 225|0x000000070f500000, 0x000000070f600000, 0x000000070f600000|100%| E|CS|TAMS 0x000000070f500000, 0x000000070f500000| Complete 
| 226|0x000000070f600000, 0x000000070f700000, 0x000000070f700000|100%| E|CS|TAMS 0x000000070f600000, 0x000000070f600000| Complete 
| 227|0x000000070f700000, 0x000000070f800000, 0x000000070f800000|100%| E|CS|TAMS 0x000000070f700000, 0x000000070f700000| Complete 
| 228|0x000000070f800000, 0x000000070f900000, 0x000000070f900000|100%| E|CS|TAMS 0x000000070f800000, 0x000000070f800000| Complete 
| 229|0x000000070f900000, 0x000000070fa00000, 0x000000070fa00000|100%| E|CS|TAMS 0x000000070f900000, 0x000000070f900000| Complete 
| 230|0x000000070fa00000, 0x000000070fb00000, 0x000000070fb00000|100%| E|CS|TAMS 0x000000070fa00000, 0x000000070fa00000| Complete 
| 231|0x000000070fb00000, 0x000000070fc00000, 0x000000070fc00000|100%| E|CS|TAMS 0x000000070fb00000, 0x000000070fb00000| Complete 
| 232|0x000000070fc00000, 0x000000070fd00000, 0x000000070fd00000|100%| E|CS|TAMS 0x000000070fc00000, 0x000000070fc00000| Complete 
| 233|0x000000070fd00000, 0x000000070fe00000, 0x000000070fe00000|100%| E|CS|TAMS 0x000000070fd00000, 0x000000070fd00000| Complete 
| 234|0x000000070fe00000, 0x000000070ff00000, 0x000000070ff00000|100%| E|CS|TAMS 0x000000070fe00000, 0x000000070fe00000| Complete 
| 235|0x000000070ff00000, 0x0000000710000000, 0x0000000710000000|100%| E|CS|TAMS 0x000000070ff00000, 0x000000070ff00000| Complete 
| 236|0x0000000710000000, 0x0000000710100000, 0x0000000710100000|100%| E|CS|TAMS 0x0000000710000000, 0x0000000710000000| Complete 
| 237|0x0000000710100000, 0x0000000710200000, 0x0000000710200000|100%| E|CS|TAMS 0x0000000710100000, 0x0000000710100000| Complete 
| 238|0x0000000710200000, 0x0000000710300000, 0x0000000710300000|100%| E|CS|TAMS 0x0000000710200000, 0x0000000710200000| Complete 
| 239|0x0000000710300000, 0x0000000710400000, 0x0000000710400000|100%| E|CS|TAMS 0x0000000710300000, 0x0000000710300000| Complete 
| 240|0x0000000710400000, 0x0000000710500000, 0x0000000710500000|100%| E|CS|TAMS 0x0000000710400000, 0x0000000710400000| Complete 
| 241|0x0000000710500000, 0x0000000710600000, 0x0000000710600000|100%| E|CS|TAMS 0x0000000710500000, 0x0000000710500000| Complete 
| 242|0x0000000710600000, 0x0000000710700000, 0x0000000710700000|100%| E|CS|TAMS 0x0000000710600000, 0x0000000710600000| Complete 
| 243|0x0000000710700000, 0x0000000710800000, 0x0000000710800000|100%| E|CS|TAMS 0x0000000710700000, 0x0000000710700000| Complete 
| 244|0x0000000710800000, 0x0000000710900000, 0x0000000710900000|100%| E|CS|TAMS 0x0000000710800000, 0x0000000710800000| Complete 
| 245|0x0000000710900000, 0x0000000710a00000, 0x0000000710a00000|100%| E|CS|TAMS 0x0000000710900000, 0x0000000710900000| Complete 
| 246|0x0000000710a00000, 0x0000000710b00000, 0x0000000710b00000|100%| E|CS|TAMS 0x0000000710a00000, 0x0000000710a00000| Complete 
| 247|0x0000000710b00000, 0x0000000710c00000, 0x0000000710c00000|100%| E|CS|TAMS 0x0000000710b00000, 0x0000000710b00000| Complete 
| 248|0x0000000710c00000, 0x0000000710d00000, 0x0000000710d00000|100%| E|CS|TAMS 0x0000000710c00000, 0x0000000710c00000| Complete 
| 249|0x0000000710d00000, 0x0000000710e00000, 0x0000000710e00000|100%| E|CS|TAMS 0x0000000710d00000, 0x0000000710d00000| Complete 
| 250|0x0000000710e00000, 0x0000000710f00000, 0x0000000710f00000|100%| E|CS|TAMS 0x0000000710e00000, 0x0000000710e00000| Complete 
| 251|0x0000000710f00000, 0x0000000711000000, 0x0000000711000000|100%| E|CS|TAMS 0x0000000710f00000, 0x0000000710f00000| Complete 
| 252|0x0000000711000000, 0x0000000711100000, 0x0000000711100000|100%| E|CS|TAMS 0x0000000711000000, 0x0000000711000000| Complete 
| 253|0x0000000711100000, 0x0000000711200000, 0x0000000711200000|100%| E|CS|TAMS 0x0000000711100000, 0x0000000711100000| Complete 
| 254|0x0000000711200000, 0x0000000711300000, 0x0000000711300000|100%| E|CS|TAMS 0x0000000711200000, 0x0000000711200000| Complete 
| 255|0x0000000711300000, 0x0000000711400000, 0x0000000711400000|100%| E|CS|TAMS 0x0000000711300000, 0x0000000711300000| Complete 

Card table byte_map: [0x000001dcb32a0000,0x000001dcb3aa0000] _byte_map_base: 0x000001dcafa96000

Marking Bits (Prev, Next): (CMBitMap*) 0x000001dc9b2da678, (CMBitMap*) 0x000001dc9b2da6b8
 Prev Bits: [0x000001dcb42a0000, 0x000001dcb8250000)
 Next Bits: [0x000001dcb8250000, 0x000001dcbc200000)

Polling page: 0x000001dc98fe0000

Metaspace:

Usage:
  Non-class:      8.56 MB capacity,     8.44 MB ( 99%) used,    98.48 KB (  1%) free+waste,    22.25 KB ( <1%) overhead. 
      Class:      1.02 MB capacity,   919.94 KB ( 88%) used,   108.56 KB ( 10%) free+waste,    13.50 KB (  1%) overhead. 
       Both:      9.57 MB capacity,     9.34 MB ( 98%) used,   207.05 KB (  2%) free+waste,    35.75 KB ( <1%) overhead. 

Virtual space:
  Non-class space:       10.00 MB reserved,       8.75 MB ( 88%) committed 
      Class space:        1.00 GB reserved,       1.13 MB ( <1%) committed 
             Both:        1.01 GB reserved,       9.88 MB ( <1%) committed 

Chunk freelists:
   Non-Class:  6.00 KB
       Class:  14.00 KB
        Both:  20.00 KB

MaxMetaspaceSize: 17179869184.00 GB
CompressedClassSpaceSize: 1.00 GB

CodeHeap 'non-profiled nmethods': size=120000Kb used=3445Kb max_used=3445Kb free=116554Kb
 bounds [0x000001dcab240000, 0x000001dcab5a0000, 0x000001dcb2770000]
CodeHeap 'profiled nmethods': size=120000Kb used=4112Kb max_used=5481Kb free=115887Kb
 bounds [0x000001dca3d10000, 0x000001dca4270000, 0x000001dcab240000]
CodeHeap 'non-nmethods': size=5760Kb used=1400Kb max_used=1485Kb free=4359Kb
 bounds [0x000001dca3770000, 0x000001dca39e0000, 0x000001dca3d10000]
 total_blobs=5416 nmethods=2338 adapters=518
 compilation: enabled
              stopped_count=0, restarted_count=0
 full_count=0

Compilation events (20 events):
Event: 58.397 Thread 0x000001dcbf65a000 2993   !   4       sun.java2d.pipe.AAShapePipe::renderPath (118 bytes)
Event: 58.404 Thread 0x000001dcbf65a000 nmethod 2993 0x000001dcab597d90 code [0x000001dcab597fa0, 0x000001dcab598960]
Event: 58.589 Thread 0x000001dcbf65a000 2994       4       warcraftTD.StdDraw::ellipse (131 bytes)
Event: 58.598 Thread 0x000001dcbf65a000 nmethod 2994 0x000001dcab599110 code [0x000001dcab5993c0, 0x000001dcab59a6b0]
Event: 58.598 Thread 0x000001dcbf65a000 2995       4       warcraftTD.StdDraw::filledEllipse (131 bytes)
Event: 58.600 Thread 0x000001dcbf65a000 nmethod 2995 0x000001dcab59b190 code [0x000001dcab59b3a0, 0x000001dcab59b7b8]
Event: 58.655 Thread 0x000001dcbf663000 2996       3       sun.java2d.marlin.DCurve::falsePositionROCsqMinusX (205 bytes)
Event: 58.655 Thread 0x000001dcbf663000 nmethod 2996 0x000001dca3ddde10 code [0x000001dca3dde0a0, 0x000001dca3ddec10]
Event: 58.657 Thread 0x000001dcbf65a000 2997       4       java.awt.geom.Ellipse2D::getPathIterator (10 bytes)
Event: 58.658 Thread 0x000001dcbf65a000 nmethod 2997 0x000001dcab59ba90 code [0x000001dcab59bc20, 0x000001dcab59bdf8]
Event: 58.888 Thread 0x000001dcbf65a000 2998       4       sun.java2d.pipe.AAShapePipe::fill (8 bytes)
Event: 58.889 Thread 0x000001dcbf65a000 nmethod 2998 0x000001dcab59bf90 code [0x000001dcab59c120, 0x000001dcab59c1c8]
Event: 59.050 Thread 0x000001dcbf65a000 2999       4       sun.java2d.marlin.DTransformingPathConsumer2D$PathClipFilter::moveTo (44 bytes)
Event: 59.052 Thread 0x000001dcbf65a000 nmethod 2999 0x000001dcab59c290 code [0x000001dcab59c460, 0x000001dcab59c788]
Event: 59.075 Thread 0x000001dcbf65a000 3000       4       warcraftTD.Projectiles.Projectile::isColliding (41 bytes)
Event: 59.079 Thread 0x000001dcbf65a000 nmethod 3000 0x000001dcab59ca10 code [0x000001dcab59cc20, 0x000001dcab59d298]
Event: 59.756 Thread 0x000001dcbf663000 3001       3       sun.font.FreetypeFontScaler::invalidateScalerContext (1 bytes)
Event: 59.756 Thread 0x000001dcbf663000 nmethod 3001 0x000001dca3fc4d10 code [0x000001dca3fc4ea0, 0x000001dca3fc5018]
Event: 59.756 Thread 0x000001dcbf663000 3002       3       java.util.concurrent.ConcurrentHashMap$Traverser::advance (188 bytes)
Event: 59.756 Thread 0x000001dcbf663000 nmethod 3002 0x000001dca3f44d90 code [0x000001dca3f44fe0, 0x000001dca3f45e40]

GC Heap History (6 events):
Event: 4.505 GC heap before
{Heap before GC invocations=0 (full 0):
 garbage-first heap   total 262144K, used 40960K [0x0000000701400000, 0x0000000800000000)
  region size 1024K, 25 young (25600K), 0 survivors (0K)
 Metaspace       used 7663K, capacity 7889K, committed 8064K, reserved 1056768K
  class space    used 762K, capacity 872K, committed 896K, reserved 1048576K
}
Event: 4.508 GC heap after
{Heap after GC invocations=1 (full 0):
 garbage-first heap   total 262144K, used 18823K [0x0000000701400000, 0x0000000800000000)
  region size 1024K, 3 young (3072K), 3 survivors (3072K)
 Metaspace       used 7663K, capacity 7889K, committed 8064K, reserved 1056768K
  class space    used 762K, capacity 872K, committed 896K, reserved 1048576K
}
Event: 41.177 GC heap before
{Heap before GC invocations=1 (full 0):
 garbage-first heap   total 262144K, used 176519K [0x0000000701400000, 0x0000000800000000)
  region size 1024K, 153 young (156672K), 3 survivors (3072K)
 Metaspace       used 9089K, capacity 9324K, committed 9472K, reserved 1058816K
  class space    used 888K, capacity 1010K, committed 1024K, reserved 1048576K
}
Event: 41.187 GC heap after
{Heap after GC invocations=2 (full 0):
 garbage-first heap   total 262144K, used 30294K [0x0000000701400000, 0x0000000800000000)
  region size 1024K, 12 young (12288K), 12 survivors (12288K)
 Metaspace       used 9089K, capacity 9324K, committed 9472K, reserved 1058816K
  class space    used 888K, capacity 1010K, committed 1024K, reserved 1048576K
}
Event: 52.751 GC heap before
{Heap before GC invocations=2 (full 0):
 garbage-first heap   total 262144K, used 174678K [0x0000000701400000, 0x0000000800000000)
  region size 1024K, 154 young (157696K), 12 survivors (12288K)
 Metaspace       used 9530K, capacity 9772K, committed 9984K, reserved 1058816K
  class space    used 916K, capacity 1010K, committed 1024K, reserved 1048576K
}
Event: 52.760 GC heap after
{Heap after GC invocations=3 (full 0):
 garbage-first heap   total 262144K, used 33141K [0x0000000701400000, 0x0000000800000000)
  region size 1024K, 12 young (12288K), 12 survivors (12288K)
 Metaspace       used 9530K, capacity 9772K, committed 9984K, reserved 1058816K
  class space    used 916K, capacity 1010K, committed 1024K, reserved 1048576K
}

Deoptimization events (20 events):
Event: 59.753 Thread 0x000001dc9b270000 DEOPT PACKING pc=0x000001dcab43e5d8 sp=0x000000d3dcefee70
Event: 59.753 Thread 0x000001dc9b270000 DEOPT UNPACKING pc=0x000001dca37b964e sp=0x000000d3dcefe330 mode 1
Event: 59.754 Thread 0x000001dc9b270000 DEOPT PACKING pc=0x000001dcab43e5d8 sp=0x000000d3dcefee70
Event: 59.754 Thread 0x000001dc9b270000 DEOPT UNPACKING pc=0x000001dca37b964e sp=0x000000d3dcefe330 mode 1
Event: 59.754 Thread 0x000001dc9b270000 DEOPT PACKING pc=0x000001dcab43e5d8 sp=0x000000d3dcefee70
Event: 59.754 Thread 0x000001dc9b270000 DEOPT UNPACKING pc=0x000001dca37b964e sp=0x000000d3dcefe330 mode 1
Event: 59.754 Thread 0x000001dc9b270000 DEOPT PACKING pc=0x000001dcab43e5d8 sp=0x000000d3dcefee70
Event: 59.754 Thread 0x000001dc9b270000 DEOPT UNPACKING pc=0x000001dca37b964e sp=0x000000d3dcefe330 mode 1
Event: 59.754 Thread 0x000001dc9b270000 DEOPT PACKING pc=0x000001dcab43e5d8 sp=0x000000d3dcefee70
Event: 59.754 Thread 0x000001dc9b270000 DEOPT UNPACKING pc=0x000001dca37b964e sp=0x000000d3dcefe330 mode 1
Event: 59.755 Thread 0x000001dc9b270000 DEOPT PACKING pc=0x000001dcab43e5d8 sp=0x000000d3dcefee00
Event: 59.755 Thread 0x000001dc9b270000 DEOPT UNPACKING pc=0x000001dca37b964e sp=0x000000d3dcefe2c0 mode 1
Event: 59.755 Thread 0x000001dc9b270000 DEOPT PACKING pc=0x000001dcab43e5d8 sp=0x000000d3dcefee00
Event: 59.755 Thread 0x000001dc9b270000 DEOPT UNPACKING pc=0x000001dca37b964e sp=0x000000d3dcefe2c0 mode 1
Event: 59.755 Thread 0x000001dc9b270000 Uncommon trap: trap_request=0xffffff45 fr.pc=0x000001dcab2a8c20 relative=0x00000000000004c0
Event: 59.755 Thread 0x000001dc9b270000 Uncommon trap: reason=unstable_if action=reinterpret pc=0x000001dcab2a8c20 method=sun.font.TrueTypeFont.readBlock(Ljava/nio/ByteBuffer;II)I @ 15 c2
Event: 59.755 Thread 0x000001dc9b270000 DEOPT PACKING pc=0x000001dcab2a8c20 sp=0x000000d3dcefe0c0
Event: 59.755 Thread 0x000001dc9b270000 DEOPT UNPACKING pc=0x000001dca37b912f sp=0x000000d3dcefe070 mode 2
Event: 59.756 Thread 0x000001dc9b270000 DEOPT PACKING pc=0x000001dca3db341b sp=0x000000d3dcefdee0
Event: 59.756 Thread 0x000001dc9b270000 DEOPT UNPACKING pc=0x000001dca37b964e sp=0x000000d3dcefd3d8 mode 3

Classes unloaded (0 events):
No events

Classes redefined (0 events):
No events

Internal exceptions (20 events):
Event: 40.542 Thread 0x000001dccc52c800 Exception <a 'java/io/FileNotFoundException'{0x00000007082809c0}> (0x00000007082809c0) 
thrown [t:/workspace/open/src/hotspot/share/prims/jni.cpp, line 598]
Event: 40.543 Thread 0x000001dc9b270000 Implicit null exception at 0x000001dcab3662af to 0x000001dcab366b7a
Event: 40.561 Thread 0x000001dccc52c800 Exception <a 'java/io/FileNotFoundException'{0x0000000707f51518}> (0x0000000707f51518) 
thrown [t:/workspace/open/src/hotspot/share/prims/jni.cpp, line 598]
Event: 40.561 Thread 0x000001dc9b270000 Implicit null exception at 0x000001dcab3674df to 0x000001dcab367d40
Event: 40.569 Thread 0x000001dc9b270000 Implicit null exception at 0x000001dcab2df3b0 to 0x000001dcab2df754
Event: 40.600 Thread 0x000001dccc52c800 Exception <a 'java/io/FileNotFoundException'{0x0000000707e0ebd8}> (0x0000000707e0ebd8) 
thrown [t:/workspace/open/src/hotspot/share/prims/jni.cpp, line 598]
Event: 40.601 Thread 0x000001dc9b270000 Implicit null exception at 0x000001dcab3684db to 0x000001dcab368826
Event: 40.603 Thread 0x000001dccc52c800 Exception <a 'java/io/FileNotFoundException'{0x0000000707e27c60}> (0x0000000707e27c60) 
thrown [t:/workspace/open/src/hotspot/share/prims/jni.cpp, line 598]
Event: 40.604 Thread 0x000001dc9b270000 Implicit null exception at 0x000001dcab368e1f to 0x000001dcab369176
Event: 40.607 Thread 0x000001dccc52c800 Exception <a 'java/io/FileNotFoundException'{0x0000000707e40d30}> (0x0000000707e40d30) 
thrown [t:/workspace/open/src/hotspot/share/prims/jni.cpp, line 598]
Event: 41.312 Thread 0x000001dccc52c800 Exception <a 'java/io/FileNotFoundException'{0x00000007110001c0}> (0x00000007110001c0) 
thrown [t:/workspace/open/src/hotspot/share/prims/jni.cpp, line 598]
Event: 46.159 Thread 0x000001dccc52c800 Exception <a 'java/io/FileNotFoundException'{0x0000000711015ed8}> (0x0000000711015ed8) 
thrown [t:/workspace/open/src/hotspot/share/prims/jni.cpp, line 598]
Event: 46.162 Thread 0x000001dccc52c800 Exception <a 'java/io/FileNotFoundException'{0x000000071102bd58}> (0x000000071102bd58) 
thrown [t:/workspace/open/src/hotspot/share/prims/jni.cpp, line 598]
Event: 46.163 Thread 0x000001dccc52c800 Exception <a 'java/io/FileNotFoundException'{0x0000000711036a90}> (0x0000000711036a90) 
thrown [t:/workspace/open/src/hotspot/share/prims/jni.cpp, line 598]
Event: 46.165 Thread 0x000001dccc52c800 Exception <a 'java/io/FileNotFoundException'{0x0000000711041e30}> (0x0000000711041e30) 
thrown [t:/workspace/open/src/hotspot/share/prims/jni.cpp, line 598]
Event: 46.470 Thread 0x000001dccc52c800 Exception <a 'java/io/FileNotFoundException'{0x000000071104ccb8}> (0x000000071104ccb8) 
thrown [t:/workspace/open/src/hotspot/share/prims/jni.cpp, line 598]
Event: 46.980 Thread 0x000001dccc52c800 Exception <a 'java/io/FileNotFoundException'{0x000000070d58acc0}> (0x000000070d58acc0) 
thrown [t:/workspace/open/src/hotspot/share/prims/jni.cpp, line 598]
Event: 48.125 Thread 0x000001dccc52c800 Exception <a 'java/io/FileNotFoundException'{0x000000070d5a13a8}> (0x000000070d5a13a8) 
thrown [t:/workspace/open/src/hotspot/share/prims/jni.cpp, line 598]
Event: 59.755 Thread 0x000001dc9b270000 Exception <a 'java/io/FileNotFoundException'{0x000000070b23a178}> (0x000000070b23a178) 
thrown [t:/workspace/open/src/hotspot/share/prims/jni.cpp, line 598]
Event: 59.755 Thread 0x000001dc9b270000 Exception <a 'java/io/FileNotFoundException'{0x000000070b23b6f8}> (0x000000070b23b6f8) 
thrown [t:/workspace/open/src/hotspot/share/prims/jni.cpp, line 598]

Events (20 events):
Event: 59.700 Executing VM operation: RevokeBias
Event: 59.700 Executing VM operation: RevokeBias done
Event: 59.700 Executing VM operation: RevokeBias
Event: 59.700 Executing VM operation: RevokeBias done
Event: 59.700 Executing VM operation: RevokeBias
Event: 59.700 Executing VM operation: RevokeBias done
Event: 59.701 Thread 0x000001dccc6e8000 Thread exited: 0x000001dccc6e8000
Event: 59.727 Executing VM operation: RevokeBias
Event: 59.727 Executing VM operation: RevokeBias done
Event: 59.727 Thread 0x000001dcc00bb800 Thread exited: 0x000001dcc00bb800
Event: 59.755 Executing VM operation: RevokeBias
Event: 59.755 Executing VM operation: RevokeBias done
Event: 59.755 loading class java/awt/FontFormatException
Event: 59.755 loading class java/awt/FontFormatException done
Event: 59.755 loading class java/nio/channels/ClosedChannelException
Event: 59.755 loading class java/nio/channels/ClosedChannelException done
Event: 59.756 loading class sun/font/NullFontScaler
Event: 59.756 loading class sun/font/NullFontScaler done
Event: 59.756 Executing VM operation: Deoptimize
Event: 59.757 Executing VM operation: Deoptimize done


Dynamic libraries:
0x00007ff683020000 - 0x00007ff68302f000 	C:\Program Files\Java\jdk-13\bin\java.exe
0x00007fff25bc0000 - 0x00007fff25db0000 	C:\Windows\SYSTEM32\ntdll.dll
0x00007fff251d0000 - 0x00007fff25282000 	C:\Windows\System32\KERNEL32.DLL
0x00007fff237c0000 - 0x00007fff23a65000 	C:\Windows\System32\KERNELBASE.dll
0x00007fff23b20000 - 0x00007fff23c1a000 	C:\Windows\System32\ucrtbase.dll
0x00007fff03750000 - 0x00007fff03768000 	C:\Program Files\Java\jdk-13\bin\jli.dll
0x00007fff007b0000 - 0x00007fff007c5000 	C:\Program Files\Java\jdk-13\bin\VCRUNTIME140.dll
0x00007fff23c70000 - 0x00007fff23d13000 	C:\Windows\System32\ADVAPI32.dll
0x00007fff24490000 - 0x00007fff2452e000 	C:\Windows\System32\msvcrt.dll
0x00007fff24e60000 - 0x00007fff24ef7000 	C:\Windows\System32\sechost.dll
0x00007fff250b0000 - 0x00007fff251cf000 	C:\Windows\System32\RPCRT4.dll
0x00007fff253a0000 - 0x00007fff25534000 	C:\Windows\System32\USER32.dll
0x00007fff102e0000 - 0x00007fff10564000 	C:\Windows\WinSxS\amd64_microsoft.windows.common-controls_6595b64144ccf1df_6.0.18362.1316_none_9e7a364fe461dbd7\COMCTL32.dll
0x00007fff23c40000 - 0x00007fff23c61000 	C:\Windows\System32\win32u.dll
0x00007fff247a0000 - 0x00007fff24ad7000 	C:\Windows\System32\combase.dll
0x00007fff24f00000 - 0x00007fff24f26000 	C:\Windows\System32\GDI32.dll
0x00007fff235e0000 - 0x00007fff23661000 	C:\Windows\System32\bcryptPrimitives.dll
0x00007fff22b40000 - 0x00007fff22cd8000 	C:\Windows\System32\gdi32full.dll
0x00007fff22d60000 - 0x00007fff22dfe000 	C:\Windows\System32\msvcp_win.dll
0x00007fff1d0f0000 - 0x00007fff1d0fa000 	C:\Windows\SYSTEM32\VERSION.dll
0x00007fff24fb0000 - 0x00007fff24fde000 	C:\Windows\System32\IMM32.DLL
0x00007ffefed80000 - 0x00007ffefee1b000 	C:\Program Files\Java\jdk-13\bin\msvcp140.dll
0x00007ffec9680000 - 0x00007ffeca1e6000 	C:\Program Files\Java\jdk-13\bin\server\jvm.dll
0x00007fff24470000 - 0x00007fff24478000 	C:\Windows\System32\PSAPI.DLL
0x00007fff20240000 - 0x00007fff20264000 	C:\Windows\SYSTEM32\WINMM.dll
0x00007fff0afc0000 - 0x00007fff0afc9000 	C:\Windows\SYSTEM32\WSOCK32.dll
0x00007fff24c90000 - 0x00007fff24cff000 	C:\Windows\System32\WS2_32.dll
0x00007fff20210000 - 0x00007fff2023d000 	C:\Windows\SYSTEM32\winmmbase.dll
0x00007fff22d10000 - 0x00007fff22d5a000 	C:\Windows\System32\cfgmgr32.dll
0x00007fff22a80000 - 0x00007fff22a91000 	C:\Windows\System32\kernel.appcore.dll
0x00007fff0c720000 - 0x00007fff0c730000 	C:\Program Files\Java\jdk-13\bin\verify.dll
0x00007fff06260000 - 0x00007fff06454000 	C:\Windows\SYSTEM32\DBGHELP.DLL
0x00007fff06230000 - 0x00007fff0625a000 	C:\Windows\SYSTEM32\dbgcore.DLL
0x00007ffeffae0000 - 0x00007ffeffb06000 	C:\Program Files\Java\jdk-13\bin\java.dll
0x00007fff0d6a0000 - 0x00007fff0d6d8000 	C:\Program Files\Java\jdk-13\bin\jdwp.dll
0x00007ffeff920000 - 0x00007ffeff937000 	C:\Program Files\Java\jdk-13\bin\zip.dll
0x00007fff06f60000 - 0x00007fff06f6a000 	C:\Program Files\Java\jdk-13\bin\jimage.dll
0x00007fff23d20000 - 0x00007fff24408000 	C:\Windows\System32\SHELL32.dll
0x00007fff24530000 - 0x00007fff245d7000 	C:\Windows\System32\shcore.dll
0x00007fff22e60000 - 0x00007fff235db000 	C:\Windows\System32\windows.storage.dll
0x00007fff22ac0000 - 0x00007fff22ae3000 	C:\Windows\System32\profapi.dll
0x00007fff22af0000 - 0x00007fff22b3a000 	C:\Windows\System32\powrprof.dll
0x00007fff22a70000 - 0x00007fff22a80000 	C:\Windows\System32\UMPDC.dll
0x00007fff24410000 - 0x00007fff24462000 	C:\Windows\System32\shlwapi.dll
0x00007fff23c20000 - 0x00007fff23c37000 	C:\Windows\System32\cryptsp.dll
0x00007fff1f0f0000 - 0x00007fff1f0fb000 	C:\Program Files\Java\jdk-13\bin\dt_socket.dll
0x00007fff222b0000 - 0x00007fff22317000 	C:\Windows\system32\mswsock.dll
0x00007fff22000000 - 0x00007fff220cb000 	C:\Windows\SYSTEM32\DNSAPI.dll
0x00007fff24480000 - 0x00007fff24488000 	C:\Windows\System32\NSI.dll
0x00007fff21fc0000 - 0x00007fff21ffa000 	C:\Windows\SYSTEM32\IPHLPAPI.DLL
0x0000000058b60000 - 0x0000000058b86000 	C:\Program Files\Bonjour\mdnsNSP.dll
0x00007fff1afe0000 - 0x00007fff1afea000 	C:\Windows\System32\rasadhlp.dll
0x00007fff1bcc0000 - 0x00007fff1bd37000 	C:\Windows\System32\fwpuclnt.dll
0x00007fff22ce0000 - 0x00007fff22d06000 	C:\Windows\System32\bcrypt.dll
0x00007ffef4d40000 - 0x00007ffef4ed9000 	C:\Program Files\Java\jdk-13\bin\awt.dll
0x00007fff24d80000 - 0x00007fff24e45000 	C:\Windows\System32\OLEAUT32.dll
0x00007fff1f580000 - 0x00007fff1fb40000 	C:\Windows\SYSTEM32\d2d1.dll
0x00007fff20bc0000 - 0x00007fff20c4f000 	C:\Windows\SYSTEM32\apphelp.dll
0x00007fff211c0000 - 0x00007fff211ed000 	C:\Windows\system32\DWMAPI.DLL
0x00007fff20d00000 - 0x00007fff20d99000 	C:\Windows\system32\uxtheme.dll
0x00007ffeebd70000 - 0x00007ffeebec6000 	C:\Windows\system32\opengl32.dll
0x00007fff0e220000 - 0x00007fff0e24c000 	C:\Windows\SYSTEM32\GLU32.dll
0x00007fff21690000 - 0x00007fff216b0000 	C:\Windows\SYSTEM32\dxcore.dll
0x00007fff24ae0000 - 0x00007fff24c15000 	C:\Windows\System32\MSCTF.dll
0x00007fff24640000 - 0x00007fff24797000 	C:\Windows\System32\ole32.dll
0x00007fff22aa0000 - 0x00007fff22ab2000 	C:\Windows\System32\msasn1.dll
0x00007fff1bb80000 - 0x00007fff1bbaf000 	C:\Windows\SYSTEM32\cryptnet.dll
0x00007fff23670000 - 0x00007fff237ba000 	C:\Windows\System32\CRYPT32.dll
0x00007fff22480000 - 0x00007fff2248c000 	C:\Windows\SYSTEM32\cryptbase.dll
0x00007fff22e00000 - 0x00007fff22e5c000 	C:\Windows\System32\WINTRUST.DLL
0x00007fff25540000 - 0x00007fff2555d000 	C:\Windows\System32\imagehlp.dll
0x00007fff21e30000 - 0x00007fff21e63000 	C:\Windows\system32\rsaenh.dll
0x00007fff21640000 - 0x00007fff21662000 	C:\Windows\SYSTEM32\gpapi.dll
0x00007fff030a0000 - 0x00007fff03122000 	C:\Program Files\Java\jdk-13\bin\freetype.dll
0x00007ffefa1d0000 - 0x00007ffefa276000 	C:\Program Files\Java\jdk-13\bin\fontmanager.dll
0x00007fff1a970000 - 0x00007fff1aa0d000 	C:\Windows\System32\TextInputFramework.dll
0x00007fff1df00000 - 0x00007fff1e22a000 	C:\Windows\System32\CoreUIComponents.dll
0x00007fff207d0000 - 0x00007fff208a4000 	C:\Windows\System32\CoreMessaging.dll
0x00007fff21a90000 - 0x00007fff21ac1000 	C:\Windows\SYSTEM32\ntmarta.dll
0x00007fff1dd80000 - 0x00007fff1ded2000 	C:\Windows\SYSTEM32\wintypes.dll
0x00007ffefed60000 - 0x00007ffefed79000 	C:\Program Files\Java\jdk-13\bin\net.dll
0x00007fff1b870000 - 0x00007fff1ba46000 	C:\Windows\SYSTEM32\urlmon.dll
0x00007fff1d5e0000 - 0x00007fff1d6d0000 	C:\Windows\SYSTEM32\WINHTTP.dll
0x00007fff19470000 - 0x00007fff19717000 	C:\Windows\SYSTEM32\iertutil.dll
0x00007ffefed40000 - 0x00007ffefed53000 	C:\Program Files\Java\jdk-13\bin\nio.dll
0x00007fff22990000 - 0x00007fff229b5000 	C:\Windows\SYSTEM32\USERENV.dll
0x00007fff1c5b0000 - 0x00007fff1c5c6000 	C:\Windows\SYSTEM32\dhcpcsvc6.DLL
0x00007fff1d100000 - 0x00007fff1d11c000 	C:\Windows\SYSTEM32\dhcpcsvc.DLL
0x00007fff0d4b0000 - 0x00007fff0d4dd000 	C:\Program Files\Java\jdk-13\bin\javajpeg.dll

dbghelp: loaded successfully - version: 4.0.5 - missing functions: none
symbol engine: initialized successfully - sym options: 0x614 - pdb path: .;C:\Program Files\Java\jdk-13\bin;C:\Windows\SYSTEM32;C:\Windows\WinSxS\amd64_microsoft.windows.common-controls_6595b64144ccf1df_6.0.18362.1316_none_9e7a364fe461dbd7;C:\Program Files\Java\jdk-13\bin\server;C:\Program Files\Bonjour;C:\WINDOWS\System32\DriverStore\FileRepository\nv_dispi.inf_amd64_8e68f77150e57b50

VM Arguments:
jvm_args: -agentlib:jdwp=transport=dt_socket,server=n,suspend=y,address=localhost:58149 -Dfile.encoding=UTF-8 
java_command: warcraftTD.Main
java_class_path (initial): C:\Users\Cody\Desktop\Documents\_DEV\warcraftTD\bin
Launcher Type: SUN_STANDARD

[Global flags]
     intx CICompilerCount                          = 4                                         {product} {ergonomic}
     uint ConcGCThreads                            = 2                                         {product} {ergonomic}
     uint G1ConcRefinementThreads                  = 8                                         {product} {ergonomic}
   size_t G1HeapRegionSize                         = 1048576                                   {product} {ergonomic}
    uintx GCDrainStackTargetSize                   = 64                                        {product} {ergonomic}
   size_t InitialHeapSize                          = 268435456                                 {product} {ergonomic}
   size_t MarkStackSize                            = 4194304                                   {product} {ergonomic}
   size_t MaxHeapSize                              = 4273995776                                {product} {ergonomic}
   size_t MaxNewSize                               = 2563768320                                {product} {ergonomic}
   size_t MinHeapDeltaBytes                        = 1048576                                   {product} {ergonomic}
   size_t MinHeapSize                              = 8388608                                   {product} {ergonomic}
    uintx NonNMethodCodeHeapSize                   = 5836300                                {pd product} {ergonomic}
    uintx NonProfiledCodeHeapSize                  = 122910970                              {pd product} {ergonomic}
    uintx ProfiledCodeHeapSize                     = 122910970                              {pd product} {ergonomic}
    uintx ReservedCodeCacheSize                    = 251658240                              {pd product} {ergonomic}
     bool SegmentedCodeCache                       = true                                      {product} {ergonomic}
   size_t SoftMaxHeapSize                          = 4273995776                             {manageable} {ergonomic}
     bool UseCompressedClassPointers               = true                                 {lp64_product} {ergonomic}
     bool UseCompressedOops                        = true                                 {lp64_product} {ergonomic}
     bool UseG1GC                                  = true                                      {product} {ergonomic}
     bool UseLargePagesIndividualAllocation        = false                                  {pd product} {ergonomic}

Logging:
Log output configuration:
 #0: stdout all=warning uptime,level,tags
 #1: stderr all=off uptime,level,tags

Environment Variables:
JAVA_HOME=C:\Progra~1\Java\jdk-13
PATH=C:\Python\Python37\Scripts\;C:\Python\Python37\;C:\Program Files (x86)\Common Files\Oracle\Java\javapath;C:\Program Files (x86)\Common Files\Intel\Shared Libraries\redist\intel64\compiler;C:\ProgramData\Oracle\Java\javapath;C:\Program Files (x86)\Intel\iCLS Client\;C:\Program Files\Intel\iCLS Client\;C:\WINDOWS\system32;C:\WINDOWS;C:\WINDOWS\System32\Wbem;C:\WINDOWS\System32\WindowsPowerShell\v1.0\;C:\Program Files (x86)\Intel\Intel(R) Management Engine Components\DAL;C:\Program Files\Intel\Intel(R) Management Engine Components\DAL;C:\Program Files (x86)\Intel\Intel(R) Management Engine Components\IPT;C:\Program Files\Intel\Intel(R) Management Engine Components\IPT;C:\Program Files\dotnet\;C:\WINDOWS\System32\OpenSSH\;C:\Program Files (x86)\NVIDIA Corporation\PhysX\Common;C:\Users\Cody\AppData\Local\Programs\Python\Python37-32;C:\ProgramData\chocolatey\bin;C:\Program Files\nodejs\;C:\WINDOWS\system32;C:\WINDOWS;C:\WINDOWS\System32\Wbem;C:\WINDOWS\System32\WindowsPowerShell\v1.0\;C:\WINDOWS\System32\OpenSSH\;C:\Program Files (x86)\ZeroTier\One\;C:\MinGW\bin\;C:\Program Files\Git\cmd;C:\Program Files\Tesseract-OCR;C:\Tools\FFmpeg\bin;C:\Program Files (x86)\Sennheiser\Sennheiser Updater\;C:\Users\Cody\AppData\Local\Microsoft\WindowsApps;C:\Users\Cody\AppData\Roaming\npm;C:\Users\Cody\AppData\Local\GitHubDesktop\bin;C:\Users\Cody\AppData\Local\Microsoft\WindowsApps;
USERNAME=Cody
OS=Windows_NT
PROCESSOR_IDENTIFIER=Intel64 Family 6 Model 94 Stepping 3, GenuineIntel



---------------  S Y S T E M  ---------------

OS: Windows 10 , 64 bit Build 18362 (10.0.18362.1316)

CPU:total 8 (initial active 8) (4 cores per cpu, 2 threads per core) family 6 model 94 stepping 3, cmov, cx8, fxsr, mmx, sse, sse2, sse3, ssse3, sse4.1, sse4.2, popcnt, avx, avx2, aes, clmul, erms, rtm, 3dnowpref, lzcnt, ht, tsc, tscinvbit, bmi1, bmi2, adx, fma

Memory: 4k page, system-wide physical 16300M (10130M free)
TotalPageFile size 16500M (AvailPageFile size 4665M)
current process WorkingSet (physical memory assigned to process): 267M, peak: 305M
current process commit charge ("private bytes"): 409M, peak: 510M

vm_info: Java HotSpot(TM) 64-Bit Server VM (13+33) for windows-amd64 JRE (13+33), built on Sep 18 2019 21:38:00 by "mach5one" with unknown MS VC++:1916

END.
