#
# A fatal error has been detected by the Java Runtime Environment:
#
#  EXCEPTION_ACCESS_VIOLATION (0xc0000005) at pc=0x00007ffae05c6705, pid=83260, tid=83028
#
# JRE version: Java(TM) SE Runtime Environment (13.0+33) (build 13+33)
# Java VM: Java HotSpot(TM) 64-Bit Server VM (13+33, mixed mode, sharing, tiered, compressed oops, g1 gc, windows-amd64)
# Problematic frame:
# C  [freetype.dll+0x46705]
#
# No core dump will be written. Minidumps are not enabled by default on client versions of Windows
#
# If you would like to submit a bug report, please visit:
#   http://bugreport.java.com/bugreport/crash.jsp
# The crash happened outside the Java Virtual Machine in native code.
# See problematic frame for where to report the bug.
#

---------------  S U M M A R Y ------------

Command Line: -Dfile.encoding=UTF-8 warcraftTD.Main

Host: Intel(R) Core(TM) i7-6700K CPU @ 4.00GHz, 8 cores, 15G,  Windows 10 , 64 bit Build 18362 (10.0.18362.1110)
Time: Wed Jan  6 20:58:06 2021 Paris, Madrid elapsed time: 56 seconds (0d 0h 0m 56s)

---------------  T H R E A D  ---------------

Current thread (0x000001eed9a0f000):  JavaThread "main" [_thread_in_native, id=83028, stack(0x0000002facf00000,0x0000002fad000000)]

Stack: [0x0000002facf00000,0x0000002fad000000],  sp=0x0000002facffea30,  free space=1018k
Native frames: (J=compiled Java code, j=interpreted, Vv=VM code, C=native code)
C  [freetype.dll+0x46705]

Java frames: (J=compiled Java code, j=interpreted, Vv=VM code)
J 2302  sun.font.FreetypeFontScaler.getGlyphImageNative(Lsun/font/Font2D;JJI)J java.desktop@13 (0 bytes) @ 0x000001eee9b855a9 [0x000001eee9b85540+0x0000000000000069]
J 2886 c2 sun.font.FileFontStrike.getGlyphAdvance(IZ)F java.desktop@13 (400 bytes) @ 0x000001eee9bec484 [0x000001eee9bec120+0x0000000000000364]
J 2885 c2 sun.font.FileFontStrike.getCodePointAdvance(I)F java.desktop@13 (13 bytes) @ 0x000001eee9bee530 [0x000001eee9bee360+0x00000000000001d0]
J 2599 c2 warcraftTD.StdDraw.text(DDLjava/lang/String;)V (88 bytes) @ 0x000001eee9c6a690 [0x000001eee9c6a260+0x0000000000000430]
J 2812 c2 warcraftTD.World.drawInfos()V (827 bytes) @ 0x000001eee9b43238 [0x000001eee9b42a60+0x00000000000007d8]
J 2843 c2 warcraftTD.World.draw()V (40 bytes) @ 0x000001eee9b63f3c [0x000001eee9b63ac0+0x000000000000047c]
j  warcraftTD.World.run()V+64
j  warcraftTD.Main.main([Ljava/lang/String;)V+34
v  ~StubRoutines::call_stub

siginfo: EXCEPTION_ACCESS_VIOLATION (0xc0000005), reading address 0x0000000000000050


Register to memory mapping:

RIP=0x00007ffae05c6705 freetype.dll
RAX=0x000001ee863ef670 points into unknown readable memory: b0 af a2 86 ee 01 00 00
RBX=0x0000002facffec60 is pointing into the stack for thread: 0x000001eed9a0f000
RCX=0x0000002facffec60 is pointing into the stack for thread: 0x000001eed9a0f000
RDX=0x0 is NULL
RSP=0x0000002facffea30 is pointing into the stack for thread: 0x000001eed9a0f000
RBP=0x0000002facffeb80 is pointing into the stack for thread: 0x000001eed9a0f000
RSI=0x000001ee863ef670 points into unknown readable memory: b0 af a2 86 ee 01 00 00
RDI=0x0 is NULL
R8 =0x00000000ffffff14 is an unknown value
R9 =0x0000002facffec60 is pointing into the stack for thread: 0x000001eed9a0f000
R10=0x0 is NULL
R11=0x0000000000000016 is an unknown value
R12=0x0000000000000016 is an unknown value
R13=0x000000000000081c is an unknown value
R14=0x000001ee863ef670 points into unknown readable memory: b0 af a2 86 ee 01 00 00
R15=0x000001ee861d7070 points into unknown readable memory: 00 b1 1f 86 ee 01 00 00


Registers:
RAX=0x000001ee863ef670, RBX=0x0000002facffec60, RCX=0x0000002facffec60, RDX=0x0000000000000000
RSP=0x0000002facffea30, RBP=0x0000002facffeb80, RSI=0x000001ee863ef670, RDI=0x0000000000000000
R8 =0x00000000ffffff14, R9 =0x0000002facffec60, R10=0x0000000000000000, R11=0x0000000000000016
R12=0x0000000000000016, R13=0x000000000000081c, R14=0x000001ee863ef670, R15=0x000001ee861d7070
RIP=0x00007ffae05c6705, EFLAGS=0x0000000000010206

Top of Stack: (sp=0x0000002facffea30)
0x0000002facffea30:   ffffa2860000b0af 00000000000000ba
0x0000002facffea40:   000001ee863ef670 00007ffae05a42e0
0x0000002facffea50:   000001ee863b5640 0000002facffeb80
0x0000002facffea60:   00005e5cea22b0e2 00000000000009d2
0x0000002facffea70:   0000002facffec60 00007ffae05c5e56
0x0000002facffea80:   0000002facffec60 0000002facffec00
0x0000002facffea90:   0000002facffeb80 0000000000000000
0x0000002facffeaa0:   0000002facffeab8 bd1e000000000000
0x0000002facffeab0:   3d1e000000000000 404000000000b0af
0x0000002facffeac0:   000000e6266b04ba 00007ffa000009d2
0x0000002facffead0:   00020c4a00020c4a 000001ee00000000
0x0000002facffeae0:   000001eed9a0a286 00007ffae05cdc73
0x0000002facffeaf0:   000001eed9a0f000 0000000000000000
0x0000002facffeb00:   0000d1d3a93aae0e 000001eed9a0f310
0x0000002facffeb10:   0000000000000000 0000000000000000
0x0000002facffeb20:   000001eefdf90000 000001ee863b5640 

Instructions: (pc=0x00007ffae05c6705)
0x00007ffae05c6605:   00 00 f6 43 20 01 75 6e 8b 74 24 50 8b d6 8b 4b
0x00007ffae05c6615:   58 e8 f5 f6 fc ff 8b 4b 60 8b d6 89 43 58 e8 e8
0x00007ffae05c6625:   f6 fc ff 8b 8b 10 01 00 00 8b d6 89 43 60 e8 d8
0x00007ffae05c6635:   f6 fc ff 8b 54 24 54 8b 8b 14 01 00 00 89 83 10
0x00007ffae05c6645:   01 00 00 e8 c3 f6 fc ff 8b 8b 18 01 00 00 8b d6
0x00007ffae05c6655:   89 83 14 01 00 00 e8 b0 f6 fc ff 8b 54 24 54 8b
0x00007ffae05c6665:   8b 1c 01 00 00 89 83 18 01 00 00 e8 9b f6 fc ff
0x00007ffae05c6675:   89 83 1c 01 00 00 8b cf 89 4c 24 30 80 7c 24 34
0x00007ffae05c6685:   00 74 1f 49 8b 86 d0 00 00 00 48 8d 55 88 48 8b
0x00007ffae05c6695:   48 50 48 8b 01 48 8b 49 08 ff 50 08 8b 44 24 30
0x00007ffae05c66a5:   eb 02 8b c1 4c 8b ac 24 50 01 00 00 48 8b b4 24
0x00007ffae05c66b5:   a8 01 00 00 48 8b 4d 48 48 33 cc e8 9b ef 00 00
0x00007ffae05c66c5:   48 81 c4 58 01 00 00 41 5f 41 5e 41 5c 5f 5b 5d
0x00007ffae05c66d5:   c3 cc cc cc cc cc cc cc cc cc cc 40 53 48 83 ec
0x00007ffae05c66e5:   40 48 8b 05 1b 29 03 00 48 33 c4 48 89 44 24 30
0x00007ffae05c66f5:   48 8b 01 44 8b da 48 8b d9 48 8b 90 d0 00 00 00
0x00007ffae05c6705:   48 8b 4a 50 48 85 c9 74 68 48 8b 01 4c 8b 50 10
0x00007ffae05c6715:   4d 85 d2 74 5c 8b 43 48 4c 8d 4c 24 20 89 44 24
0x00007ffae05c6725:   20 45 33 c0 8b 43 4c 41 8b d3 89 44 24 28 48 89
0x00007ffae05c6735:   7c 24 60 33 ff 89 7c 24 24 89 7c 24 2c 48 8b 49
0x00007ffae05c6745:   08 41 ff d2 85 c0 75 24 0f bf 44 24 20 89 43 48
0x00007ffae05c6755:   0f b7 44 24 28 89 43 4c 48 89 bb 08 01 00 00 40
0x00007ffae05c6765:   38 7b 54 75 07 c6 43 54 01 89 43 50 48 8b 7c 24
0x00007ffae05c6775:   60 48 8b 4c 24 30 48 33 cc e8 dd ee 00 00 48 83
0x00007ffae05c6785:   c4 40 5b c3 cc cc cc cc cc cc cc 48 89 5c 24 08
0x00007ffae05c6795:   44 89 4c 24 20 4c 89 44 24 18 55 56 57 41 54 41
0x00007ffae05c67a5:   55 41 56 41 57 48 83 ec 40 49 8b 78 08 45 8b f1
0x00007ffae05c67b5:   41 c1 ee 07 4d 8b e8 48 8b ea 48 89 7c 24 28 41
0x00007ffae05c67c5:   80 e6 01 33 d2 48 8b 9f 90 00 00 00 41 b8 40 01
0x00007ffae05c67d5:   00 00 4c 8b a7 a0 00 00 00 45 8b f9 48 89 5c 24
0x00007ffae05c67e5:   30 48 8b f1 4c 89 64 24 38 44 89 74 24 20 e8 ce
0x00007ffae05c67f5:   fc 00 00 41 8b c7 83 e0 02 80 bc 24 a0 00 00 00 


Stack slot to memory mapping:
stack at sp + 0 slots: 0xffffa2860000b0af is an unknown value
stack at sp + 1 slots: 0x00000000000000ba is an unknown value
stack at sp + 2 slots: 0x000001ee863ef670 points into unknown readable memory: b0 af a2 86 ee 01 00 00
stack at sp + 3 slots: 0x00007ffae05a42e0 freetype.dll
stack at sp + 4 slots: 0x000001ee863b5640 points into unknown readable memory: 00 00 00 00 00 00 00 00
stack at sp + 5 slots: 0x0000002facffeb80 is pointing into the stack for thread: 0x000001eed9a0f000
stack at sp + 6 slots: 0x00005e5cea22b0e2 is an unknown value
stack at sp + 7 slots: 0x00000000000009d2 is an unknown value


---------------  P R O C E S S  ---------------

Threads class SMR info:
_java_thread_list=0x000001eefdf639e0, length=13, elements={
0x000001eed9a0f000, 0x000001eefd635000, 0x000001eefd638800, 0x000001eefded8000,
0x000001eefdeda000, 0x000001eefdedc000, 0x000001eefdede800, 0x000001eefdee3800,
0x000001eefe01a800, 0x000001eefe034000, 0x000001eefe24d000, 0x000001eefe6fc800,
0x000001ee860f8800
}

Java Threads: ( => current thread )
=>0x000001eed9a0f000 JavaThread "main" [_thread_in_native, id=83028, stack(0x0000002facf00000,0x0000002fad000000)]
  0x000001eefd635000 JavaThread "Reference Handler" daemon [_thread_blocked, id=83964, stack(0x0000002fad600000,0x0000002fad700000)]
  0x000001eefd638800 JavaThread "Finalizer" daemon [_thread_blocked, id=83904, stack(0x0000002fad700000,0x0000002fad800000)]
  0x000001eefded8000 JavaThread "Signal Dispatcher" daemon [_thread_blocked, id=83912, stack(0x0000002fad800000,0x0000002fad900000)]
  0x000001eefdeda000 JavaThread "Attach Listener" daemon [_thread_blocked, id=83928, stack(0x0000002fad900000,0x0000002fada00000)]
  0x000001eefdedc000 JavaThread "C2 CompilerThread0" daemon [_thread_blocked, id=83268, stack(0x0000002fada00000,0x0000002fadb00000)]
  0x000001eefdede800 JavaThread "C1 CompilerThread0" daemon [_thread_blocked, id=83100, stack(0x0000002fadb00000,0x0000002fadc00000)]
  0x000001eefdee3800 JavaThread "Sweeper thread" daemon [_thread_blocked, id=82128, stack(0x0000002fadc00000,0x0000002fadd00000)]
  0x000001eefe01a800 JavaThread "Service Thread" daemon [_thread_blocked, id=83272, stack(0x0000002fadd00000,0x0000002fade00000)]
  0x000001eefe034000 JavaThread "Common-Cleaner" daemon [_thread_blocked, id=83044, stack(0x0000002fadf00000,0x0000002fae000000)]
  0x000001eefe24d000 JavaThread "Java2D Disposer" daemon [_thread_blocked, id=83196, stack(0x0000002fae000000,0x0000002fae100000)]
  0x000001eefe6fc800 JavaThread "AWT-Shutdown" [_thread_blocked, id=79268, stack(0x0000002fae200000,0x0000002fae300000)]
  0x000001ee860f8800 JavaThread "AWT-EventQueue-0" [_thread_blocked, id=82440, stack(0x0000002fae100000,0x0000002fae200000)]

Other Threads:
  0x000001eefd631000 VMThread "VM Thread" [stack: 0x0000002fad500000,0x0000002fad600000] [id=78444]
  0x000001eefe033000 WatcherThread [stack: 0x0000002fade00000,0x0000002fadf00000] [id=83940]
  0x000001eed9a79800 GCTaskThread "GC Thread#0" [stack: 0x0000002fad000000,0x0000002fad100000] [id=83868]
  0x000001ee861e4000 GCTaskThread "GC Thread#1" [stack: 0x0000002fae800000,0x0000002fae900000] [id=82996]
  0x000001ee8630c000 GCTaskThread "GC Thread#2" [stack: 0x0000002fae900000,0x0000002faea00000] [id=83236]
  0x000001ee8630f000 GCTaskThread "GC Thread#3" [stack: 0x0000002faea00000,0x0000002faeb00000] [id=74508]
  0x000001ee8630f800 GCTaskThread "GC Thread#4" [stack: 0x0000002faeb00000,0x0000002faec00000] [id=62576]
  0x000001ee86313000 GCTaskThread "GC Thread#5" [stack: 0x0000002faec00000,0x0000002faed00000] [id=83072]
  0x000001eed9a9b800 ConcurrentGCThread "G1 Main Marker" [stack: 0x0000002fad100000,0x0000002fad200000] [id=83328]
  0x000001eed9a9c800 ConcurrentGCThread "G1 Conc#0" [stack: 0x0000002fad200000,0x0000002fad300000] [id=83000]
  0x000001eefd52c800 ConcurrentGCThread "G1 Refine#0" [stack: 0x0000002fad300000,0x0000002fad400000] [id=83864]
  0x000001eefe220000 ConcurrentGCThread "G1 Refine#1" [stack: 0x0000002faed00000,0x0000002faee00000] [id=82992]
  0x000001eefe6f1800 ConcurrentGCThread "G1 Refine#2" [stack: 0x0000002faee00000,0x0000002faef00000] [id=10844]
  0x000001ee86121000 ConcurrentGCThread "G1 Refine#3" [stack: 0x0000002faef00000,0x0000002faf000000] [id=83292]
  0x000001ee863ad800 ConcurrentGCThread "G1 Refine#4" [stack: 0x0000002faf000000,0x0000002faf100000] [id=83080]
  0x000001ee863ae000 ConcurrentGCThread "G1 Refine#5" [stack: 0x0000002faf100000,0x0000002faf200000] [id=80496]
  0x000001ee863af000 ConcurrentGCThread "G1 Refine#6" [stack: 0x0000002faf200000,0x0000002faf300000] [id=80296]
  0x000001ee863b0800 ConcurrentGCThread "G1 Refine#7" [stack: 0x0000002faf300000,0x0000002faf400000] [id=82980]
  0x000001eefd52e800 ConcurrentGCThread "G1 Young RemSet Sampling" [stack: 0x0000002fad400000,0x0000002fad500000] [id=83960]

Threads with active compile tasks:

VM state:not at safepoint (normal execution)

VM Mutex/Monitor currently owned by a thread: None

Heap address: 0x0000000701400000, size: 4076 MB, Compressed Oops mode: Zero based, Oop shift amount: 3
Narrow klass base: 0x0000000800000000, Narrow klass shift: 3
Compressed class space size: 1073741824 Address: 0x0000000800b40000

Heap:
 garbage-first heap   total 262144K, used 149902K [0x0000000701400000, 0x0000000800000000)
  region size 1024K, 115 young (117760K), 8 survivors (8192K)
 Metaspace       used 9241K, capacity 9508K, committed 9728K, reserved 1058816K
  class space    used 887K, capacity 1010K, committed 1024K, reserved 1048576K
Heap Regions: E=young(eden), S=young(survivor), O=old, HS=humongous(starts), HC=humongous(continues), CS=collection set, F=free, A=archive, TAMS=top-at-mark-start (previous, next)
|   0|0x0000000701400000, 0x0000000701400000, 0x0000000701500000|  0%| F|  |TAMS 0x0000000701400000, 0x0000000701400000| Untracked 
|   1|0x0000000701500000, 0x0000000701500000, 0x0000000701600000|  0%| F|  |TAMS 0x0000000701500000, 0x0000000701500000| Untracked 
|   2|0x0000000701600000, 0x0000000701700000, 0x0000000701700000|100%|HS|  |TAMS 0x0000000701600000, 0x0000000701600000| Complete 
|   3|0x0000000701700000, 0x0000000701800000, 0x0000000701800000|100%|HC|  |TAMS 0x0000000701700000, 0x0000000701700000| Complete 
|   4|0x0000000701800000, 0x0000000701900000, 0x0000000701900000|100%|HS|  |TAMS 0x0000000701800000, 0x0000000701800000| Complete 
|   5|0x0000000701900000, 0x0000000701a00000, 0x0000000701a00000|100%|HC|  |TAMS 0x0000000701900000, 0x0000000701900000| Complete 
|   6|0x0000000701a00000, 0x0000000701b00000, 0x0000000701b00000|100%|HC|  |TAMS 0x0000000701a00000, 0x0000000701a00000| Complete 
|   7|0x0000000701b00000, 0x0000000701c00000, 0x0000000701c00000|100%|HC|  |TAMS 0x0000000701b00000, 0x0000000701b00000| Complete 
|   8|0x0000000701c00000, 0x0000000701d00000, 0x0000000701d00000|100%|HS|  |TAMS 0x0000000701c00000, 0x0000000701c00000| Complete 
|   9|0x0000000701d00000, 0x0000000701e00000, 0x0000000701e00000|100%|HC|  |TAMS 0x0000000701d00000, 0x0000000701d00000| Complete 
|  10|0x0000000701e00000, 0x0000000701f00000, 0x0000000701f00000|100%|HC|  |TAMS 0x0000000701e00000, 0x0000000701e00000| Complete 
|  11|0x0000000701f00000, 0x0000000702000000, 0x0000000702000000|100%|HC|  |TAMS 0x0000000701f00000, 0x0000000701f00000| Complete 
|  12|0x0000000702000000, 0x0000000702100000, 0x0000000702100000|100%|HS|  |TAMS 0x0000000702000000, 0x0000000702000000| Complete 
|  13|0x0000000702100000, 0x0000000702200000, 0x0000000702200000|100%|HC|  |TAMS 0x0000000702100000, 0x0000000702100000| Complete 
|  14|0x0000000702200000, 0x0000000702300000, 0x0000000702300000|100%|HC|  |TAMS 0x0000000702200000, 0x0000000702200000| Complete 
|  15|0x0000000702300000, 0x0000000702400000, 0x0000000702400000|100%| O|  |TAMS 0x0000000702300000, 0x0000000702300000| Untracked 
|  16|0x0000000702400000, 0x0000000702500000, 0x0000000702500000|100%| O|  |TAMS 0x0000000702400000, 0x0000000702400000| Untracked 
|  17|0x0000000702500000, 0x0000000702600000, 0x0000000702600000|100%| O|  |TAMS 0x0000000702500000, 0x0000000702500000| Untracked 
|  18|0x0000000702600000, 0x0000000702700000, 0x0000000702700000|100%| O|  |TAMS 0x0000000702600000, 0x0000000702600000| Untracked 
|  19|0x0000000702700000, 0x0000000702800000, 0x0000000702800000|100%| O|  |TAMS 0x0000000702700000, 0x0000000702700000| Untracked 
|  20|0x0000000702800000, 0x0000000702900000, 0x0000000702900000|100%| O|  |TAMS 0x0000000702800000, 0x0000000702800000| Untracked 
|  21|0x0000000702900000, 0x0000000702a00000, 0x0000000702a00000|100%| O|  |TAMS 0x0000000702900000, 0x0000000702900000| Untracked 
|  22|0x0000000702a00000, 0x0000000702b00000, 0x0000000702b00000|100%| O|  |TAMS 0x0000000702a00000, 0x0000000702a00000| Untracked 
|  23|0x0000000702b00000, 0x0000000702c00000, 0x0000000702c00000|100%| O|  |TAMS 0x0000000702b00000, 0x0000000702b00000| Untracked 
|  24|0x0000000702c00000, 0x0000000702d00000, 0x0000000702d00000|100%| O|  |TAMS 0x0000000702c00000, 0x0000000702c00000| Untracked 
|  25|0x0000000702d00000, 0x0000000702e00000, 0x0000000702e00000|100%| O|  |TAMS 0x0000000702d00000, 0x0000000702d00000| Untracked 
|  26|0x0000000702e00000, 0x0000000702f00000, 0x0000000702f00000|100%| O|  |TAMS 0x0000000702e00000, 0x0000000702e00000| Untracked 
|  27|0x0000000702f00000, 0x0000000703000000, 0x0000000703000000|100%| O|  |TAMS 0x0000000702f00000, 0x0000000702f00000| Untracked 
|  28|0x0000000703000000, 0x0000000703100000, 0x0000000703100000|100%| O|  |TAMS 0x0000000703000000, 0x0000000703000000| Untracked 
|  29|0x0000000703100000, 0x0000000703200000, 0x0000000703200000|100%| O|  |TAMS 0x0000000703100000, 0x0000000703100000| Untracked 
|  30|0x0000000703200000, 0x0000000703300000, 0x0000000703300000|100%|HS|  |TAMS 0x0000000703200000, 0x0000000703200000| Complete 
|  31|0x0000000703300000, 0x0000000703400000, 0x0000000703400000|100%| O|  |TAMS 0x0000000703300000, 0x0000000703300000| Untracked 
|  32|0x0000000703400000, 0x0000000703500000, 0x0000000703500000|100%| O|  |TAMS 0x0000000703400000, 0x0000000703400000| Untracked 
|  33|0x0000000703500000, 0x0000000703600000, 0x0000000703600000|100%| O|  |TAMS 0x0000000703500000, 0x0000000703500000| Untracked 
|  34|0x0000000703600000, 0x00000007036f7400, 0x0000000703700000| 96%| O|  |TAMS 0x0000000703600000, 0x0000000703600000| Untracked 
|  35|0x0000000703700000, 0x0000000703700000, 0x0000000703800000|  0%| F|  |TAMS 0x0000000703700000, 0x0000000703700000| Untracked 
|  36|0x0000000703800000, 0x0000000703800000, 0x0000000703900000|  0%| F|  |TAMS 0x0000000703800000, 0x0000000703800000| Untracked 
|  37|0x0000000703900000, 0x0000000703900000, 0x0000000703a00000|  0%| F|  |TAMS 0x0000000703900000, 0x0000000703900000| Untracked 
|  38|0x0000000703a00000, 0x0000000703a00000, 0x0000000703b00000|  0%| F|  |TAMS 0x0000000703a00000, 0x0000000703a00000| Untracked 
|  39|0x0000000703b00000, 0x0000000703b00000, 0x0000000703c00000|  0%| F|  |TAMS 0x0000000703b00000, 0x0000000703b00000| Untracked 
|  40|0x0000000703c00000, 0x0000000703c00000, 0x0000000703d00000|  0%| F|  |TAMS 0x0000000703c00000, 0x0000000703c00000| Untracked 
|  41|0x0000000703d00000, 0x0000000703d00000, 0x0000000703e00000|  0%| F|  |TAMS 0x0000000703d00000, 0x0000000703d00000| Untracked 
|  42|0x0000000703e00000, 0x0000000703e00000, 0x0000000703f00000|  0%| F|  |TAMS 0x0000000703e00000, 0x0000000703e00000| Untracked 
|  43|0x0000000703f00000, 0x0000000703f00000, 0x0000000704000000|  0%| F|  |TAMS 0x0000000703f00000, 0x0000000703f00000| Untracked 
|  44|0x0000000704000000, 0x0000000704000000, 0x0000000704100000|  0%| F|  |TAMS 0x0000000704000000, 0x0000000704000000| Untracked 
|  45|0x0000000704100000, 0x0000000704100000, 0x0000000704200000|  0%| F|  |TAMS 0x0000000704100000, 0x0000000704100000| Untracked 
|  46|0x0000000704200000, 0x0000000704200000, 0x0000000704300000|  0%| F|  |TAMS 0x0000000704200000, 0x0000000704200000| Untracked 
|  47|0x0000000704300000, 0x0000000704300000, 0x0000000704400000|  0%| F|  |TAMS 0x0000000704300000, 0x0000000704300000| Untracked 
|  48|0x0000000704400000, 0x0000000704400000, 0x0000000704500000|  0%| F|  |TAMS 0x0000000704400000, 0x0000000704400000| Untracked 
|  49|0x0000000704500000, 0x0000000704500000, 0x0000000704600000|  0%| F|  |TAMS 0x0000000704500000, 0x0000000704500000| Untracked 
|  50|0x0000000704600000, 0x0000000704600000, 0x0000000704700000|  0%| F|  |TAMS 0x0000000704600000, 0x0000000704600000| Untracked 
|  51|0x0000000704700000, 0x0000000704700000, 0x0000000704800000|  0%| F|  |TAMS 0x0000000704700000, 0x0000000704700000| Untracked 
|  52|0x0000000704800000, 0x0000000704800000, 0x0000000704900000|  0%| F|  |TAMS 0x0000000704800000, 0x0000000704800000| Untracked 
|  53|0x0000000704900000, 0x0000000704900000, 0x0000000704a00000|  0%| F|  |TAMS 0x0000000704900000, 0x0000000704900000| Untracked 
|  54|0x0000000704a00000, 0x0000000704a00000, 0x0000000704b00000|  0%| F|  |TAMS 0x0000000704a00000, 0x0000000704a00000| Untracked 
|  55|0x0000000704b00000, 0x0000000704b00000, 0x0000000704c00000|  0%| F|  |TAMS 0x0000000704b00000, 0x0000000704b00000| Untracked 
|  56|0x0000000704c00000, 0x0000000704c00000, 0x0000000704d00000|  0%| F|  |TAMS 0x0000000704c00000, 0x0000000704c00000| Untracked 
|  57|0x0000000704d00000, 0x0000000704d00000, 0x0000000704e00000|  0%| F|  |TAMS 0x0000000704d00000, 0x0000000704d00000| Untracked 
|  58|0x0000000704e00000, 0x0000000704e00000, 0x0000000704f00000|  0%| F|  |TAMS 0x0000000704e00000, 0x0000000704e00000| Untracked 
|  59|0x0000000704f00000, 0x0000000704f00000, 0x0000000705000000|  0%| F|  |TAMS 0x0000000704f00000, 0x0000000704f00000| Untracked 
|  60|0x0000000705000000, 0x0000000705000000, 0x0000000705100000|  0%| F|  |TAMS 0x0000000705000000, 0x0000000705000000| Untracked 
|  61|0x0000000705100000, 0x0000000705100000, 0x0000000705200000|  0%| F|  |TAMS 0x0000000705100000, 0x0000000705100000| Untracked 
|  62|0x0000000705200000, 0x0000000705200000, 0x0000000705300000|  0%| F|  |TAMS 0x0000000705200000, 0x0000000705200000| Untracked 
|  63|0x0000000705300000, 0x0000000705300000, 0x0000000705400000|  0%| F|  |TAMS 0x0000000705300000, 0x0000000705300000| Untracked 
|  64|0x0000000705400000, 0x0000000705400000, 0x0000000705500000|  0%| F|  |TAMS 0x0000000705400000, 0x0000000705400000| Untracked 
|  65|0x0000000705500000, 0x0000000705500000, 0x0000000705600000|  0%| F|  |TAMS 0x0000000705500000, 0x0000000705500000| Untracked 
|  66|0x0000000705600000, 0x0000000705600000, 0x0000000705700000|  0%| F|  |TAMS 0x0000000705600000, 0x0000000705600000| Untracked 
|  67|0x0000000705700000, 0x0000000705700000, 0x0000000705800000|  0%| F|  |TAMS 0x0000000705700000, 0x0000000705700000| Untracked 
|  68|0x0000000705800000, 0x0000000705800000, 0x0000000705900000|  0%| F|  |TAMS 0x0000000705800000, 0x0000000705800000| Untracked 
|  69|0x0000000705900000, 0x0000000705900000, 0x0000000705a00000|  0%| F|  |TAMS 0x0000000705900000, 0x0000000705900000| Untracked 
|  70|0x0000000705a00000, 0x0000000705a00000, 0x0000000705b00000|  0%| F|  |TAMS 0x0000000705a00000, 0x0000000705a00000| Untracked 
|  71|0x0000000705b00000, 0x0000000705b00000, 0x0000000705c00000|  0%| F|  |TAMS 0x0000000705b00000, 0x0000000705b00000| Untracked 
|  72|0x0000000705c00000, 0x0000000705c00000, 0x0000000705d00000|  0%| F|  |TAMS 0x0000000705c00000, 0x0000000705c00000| Untracked 
|  73|0x0000000705d00000, 0x0000000705d00000, 0x0000000705e00000|  0%| F|  |TAMS 0x0000000705d00000, 0x0000000705d00000| Untracked 
|  74|0x0000000705e00000, 0x0000000705e00000, 0x0000000705f00000|  0%| F|  |TAMS 0x0000000705e00000, 0x0000000705e00000| Untracked 
|  75|0x0000000705f00000, 0x0000000705f00000, 0x0000000706000000|  0%| F|  |TAMS 0x0000000705f00000, 0x0000000705f00000| Untracked 
|  76|0x0000000706000000, 0x0000000706000000, 0x0000000706100000|  0%| F|  |TAMS 0x0000000706000000, 0x0000000706000000| Untracked 
|  77|0x0000000706100000, 0x0000000706100000, 0x0000000706200000|  0%| F|  |TAMS 0x0000000706100000, 0x0000000706100000| Untracked 
|  78|0x0000000706200000, 0x0000000706200000, 0x0000000706300000|  0%| F|  |TAMS 0x0000000706200000, 0x0000000706200000| Untracked 
|  79|0x0000000706300000, 0x0000000706300000, 0x0000000706400000|  0%| F|  |TAMS 0x0000000706300000, 0x0000000706300000| Untracked 
|  80|0x0000000706400000, 0x0000000706400000, 0x0000000706500000|  0%| F|  |TAMS 0x0000000706400000, 0x0000000706400000| Untracked 
|  81|0x0000000706500000, 0x0000000706500000, 0x0000000706600000|  0%| F|  |TAMS 0x0000000706500000, 0x0000000706500000| Untracked 
|  82|0x0000000706600000, 0x0000000706600000, 0x0000000706700000|  0%| F|  |TAMS 0x0000000706600000, 0x0000000706600000| Untracked 
|  83|0x0000000706700000, 0x0000000706700000, 0x0000000706800000|  0%| F|  |TAMS 0x0000000706700000, 0x0000000706700000| Untracked 
|  84|0x0000000706800000, 0x0000000706800000, 0x0000000706900000|  0%| F|  |TAMS 0x0000000706800000, 0x0000000706800000| Untracked 
|  85|0x0000000706900000, 0x0000000706900000, 0x0000000706a00000|  0%| F|  |TAMS 0x0000000706900000, 0x0000000706900000| Untracked 
|  86|0x0000000706a00000, 0x0000000706a00000, 0x0000000706b00000|  0%| F|  |TAMS 0x0000000706a00000, 0x0000000706a00000| Untracked 
|  87|0x0000000706b00000, 0x0000000706b00000, 0x0000000706c00000|  0%| F|  |TAMS 0x0000000706b00000, 0x0000000706b00000| Untracked 
|  88|0x0000000706c00000, 0x0000000706c00000, 0x0000000706d00000|  0%| F|  |TAMS 0x0000000706c00000, 0x0000000706c00000| Untracked 
|  89|0x0000000706d00000, 0x0000000706d00000, 0x0000000706e00000|  0%| F|  |TAMS 0x0000000706d00000, 0x0000000706d00000| Untracked 
|  90|0x0000000706e00000, 0x0000000706e00000, 0x0000000706f00000|  0%| F|  |TAMS 0x0000000706e00000, 0x0000000706e00000| Untracked 
|  91|0x0000000706f00000, 0x0000000706f00000, 0x0000000707000000|  0%| F|  |TAMS 0x0000000706f00000, 0x0000000706f00000| Untracked 
|  92|0x0000000707000000, 0x0000000707000000, 0x0000000707100000|  0%| F|  |TAMS 0x0000000707000000, 0x0000000707000000| Untracked 
|  93|0x0000000707100000, 0x0000000707100000, 0x0000000707200000|  0%| F|  |TAMS 0x0000000707100000, 0x0000000707100000| Untracked 
|  94|0x0000000707200000, 0x0000000707200000, 0x0000000707300000|  0%| F|  |TAMS 0x0000000707200000, 0x0000000707200000| Untracked 
|  95|0x0000000707300000, 0x000000070736c440, 0x0000000707400000| 42%| S|CS|TAMS 0x0000000707300000, 0x0000000707300000| Complete 
|  96|0x0000000707400000, 0x0000000707500000, 0x0000000707500000|100%| S|CS|TAMS 0x0000000707400000, 0x0000000707400000| Complete 
|  97|0x0000000707500000, 0x0000000707500000, 0x0000000707600000|  0%| F|  |TAMS 0x0000000707500000, 0x0000000707500000| Untracked 
|  98|0x0000000707600000, 0x0000000707600000, 0x0000000707700000|  0%| F|  |TAMS 0x0000000707600000, 0x0000000707600000| Untracked 
|  99|0x0000000707700000, 0x0000000707700000, 0x0000000707800000|  0%| F|  |TAMS 0x0000000707700000, 0x0000000707700000| Untracked 
| 100|0x0000000707800000, 0x0000000707800000, 0x0000000707900000|  0%| F|  |TAMS 0x0000000707800000, 0x0000000707800000| Untracked 
| 101|0x0000000707900000, 0x0000000707900000, 0x0000000707a00000|  0%| F|  |TAMS 0x0000000707900000, 0x0000000707900000| Untracked 
| 102|0x0000000707a00000, 0x0000000707b00000, 0x0000000707b00000|100%| S|CS|TAMS 0x0000000707a00000, 0x0000000707a00000| Complete 
| 103|0x0000000707b00000, 0x0000000707c00000, 0x0000000707c00000|100%| S|CS|TAMS 0x0000000707b00000, 0x0000000707b00000| Complete 
| 104|0x0000000707c00000, 0x0000000707d00000, 0x0000000707d00000|100%| S|CS|TAMS 0x0000000707c00000, 0x0000000707c00000| Complete 
| 105|0x0000000707d00000, 0x0000000707e00000, 0x0000000707e00000|100%| S|CS|TAMS 0x0000000707d00000, 0x0000000707d00000| Complete 
| 106|0x0000000707e00000, 0x0000000707f00000, 0x0000000707f00000|100%| S|CS|TAMS 0x0000000707e00000, 0x0000000707e00000| Complete 
| 107|0x0000000707f00000, 0x0000000708000000, 0x0000000708000000|100%| S|CS|TAMS 0x0000000707f00000, 0x0000000707f00000| Complete 
| 108|0x0000000708000000, 0x0000000708000000, 0x0000000708100000|  0%| F|  |TAMS 0x0000000708000000, 0x0000000708000000| Untracked 
| 109|0x0000000708100000, 0x0000000708100000, 0x0000000708200000|  0%| F|  |TAMS 0x0000000708100000, 0x0000000708100000| Untracked 
| 110|0x0000000708200000, 0x0000000708200000, 0x0000000708300000|  0%| F|  |TAMS 0x0000000708200000, 0x0000000708200000| Untracked 
| 111|0x0000000708300000, 0x0000000708300000, 0x0000000708400000|  0%| F|  |TAMS 0x0000000708300000, 0x0000000708300000| Untracked 
| 112|0x0000000708400000, 0x0000000708400000, 0x0000000708500000|  0%| F|  |TAMS 0x0000000708400000, 0x0000000708400000| Untracked 
| 113|0x0000000708500000, 0x0000000708500000, 0x0000000708600000|  0%| F|  |TAMS 0x0000000708500000, 0x0000000708500000| Untracked 
| 114|0x0000000708600000, 0x0000000708600000, 0x0000000708700000|  0%| F|  |TAMS 0x0000000708600000, 0x0000000708600000| Untracked 
| 115|0x0000000708700000, 0x0000000708700000, 0x0000000708800000|  0%| F|  |TAMS 0x0000000708700000, 0x0000000708700000| Untracked 
| 116|0x0000000708800000, 0x0000000708800000, 0x0000000708900000|  0%| F|  |TAMS 0x0000000708800000, 0x0000000708800000| Untracked 
| 117|0x0000000708900000, 0x0000000708900000, 0x0000000708a00000|  0%| F|  |TAMS 0x0000000708900000, 0x0000000708900000| Untracked 
| 118|0x0000000708a00000, 0x0000000708a00000, 0x0000000708b00000|  0%| F|  |TAMS 0x0000000708a00000, 0x0000000708a00000| Untracked 
| 119|0x0000000708b00000, 0x0000000708b00000, 0x0000000708c00000|  0%| F|  |TAMS 0x0000000708b00000, 0x0000000708b00000| Untracked 
| 120|0x0000000708c00000, 0x0000000708c00000, 0x0000000708d00000|  0%| F|  |TAMS 0x0000000708c00000, 0x0000000708c00000| Untracked 
| 121|0x0000000708d00000, 0x0000000708d00000, 0x0000000708e00000|  0%| F|  |TAMS 0x0000000708d00000, 0x0000000708d00000| Untracked 
| 122|0x0000000708e00000, 0x0000000708e00000, 0x0000000708f00000|  0%| F|  |TAMS 0x0000000708e00000, 0x0000000708e00000| Untracked 
| 123|0x0000000708f00000, 0x0000000708f00000, 0x0000000709000000|  0%| F|  |TAMS 0x0000000708f00000, 0x0000000708f00000| Untracked 
| 124|0x0000000709000000, 0x0000000709000000, 0x0000000709100000|  0%| F|  |TAMS 0x0000000709000000, 0x0000000709000000| Untracked 
| 125|0x0000000709100000, 0x0000000709100000, 0x0000000709200000|  0%| F|  |TAMS 0x0000000709100000, 0x0000000709100000| Untracked 
| 126|0x0000000709200000, 0x0000000709200000, 0x0000000709300000|  0%| F|  |TAMS 0x0000000709200000, 0x0000000709200000| Untracked 
| 127|0x0000000709300000, 0x0000000709300000, 0x0000000709400000|  0%| F|  |TAMS 0x0000000709300000, 0x0000000709300000| Untracked 
| 128|0x0000000709400000, 0x0000000709400000, 0x0000000709500000|  0%| F|  |TAMS 0x0000000709400000, 0x0000000709400000| Untracked 
| 129|0x0000000709500000, 0x0000000709500000, 0x0000000709600000|  0%| F|  |TAMS 0x0000000709500000, 0x0000000709500000| Untracked 
| 130|0x0000000709600000, 0x0000000709600000, 0x0000000709700000|  0%| F|  |TAMS 0x0000000709600000, 0x0000000709600000| Untracked 
| 131|0x0000000709700000, 0x0000000709700000, 0x0000000709800000|  0%| F|  |TAMS 0x0000000709700000, 0x0000000709700000| Untracked 
| 132|0x0000000709800000, 0x0000000709800000, 0x0000000709900000|  0%| F|  |TAMS 0x0000000709800000, 0x0000000709800000| Untracked 
| 133|0x0000000709900000, 0x0000000709900000, 0x0000000709a00000|  0%| F|  |TAMS 0x0000000709900000, 0x0000000709900000| Untracked 
| 134|0x0000000709a00000, 0x0000000709a00000, 0x0000000709b00000|  0%| F|  |TAMS 0x0000000709a00000, 0x0000000709a00000| Untracked 
| 135|0x0000000709b00000, 0x0000000709b00000, 0x0000000709c00000|  0%| F|  |TAMS 0x0000000709b00000, 0x0000000709b00000| Untracked 
| 136|0x0000000709c00000, 0x0000000709c00000, 0x0000000709d00000|  0%| F|  |TAMS 0x0000000709c00000, 0x0000000709c00000| Untracked 
| 137|0x0000000709d00000, 0x0000000709d00000, 0x0000000709e00000|  0%| F|  |TAMS 0x0000000709d00000, 0x0000000709d00000| Untracked 
| 138|0x0000000709e00000, 0x0000000709e00000, 0x0000000709f00000|  0%| F|  |TAMS 0x0000000709e00000, 0x0000000709e00000| Untracked 
| 139|0x0000000709f00000, 0x0000000709f00000, 0x000000070a000000|  0%| F|  |TAMS 0x0000000709f00000, 0x0000000709f00000| Untracked 
| 140|0x000000070a000000, 0x000000070a000000, 0x000000070a100000|  0%| F|  |TAMS 0x000000070a000000, 0x000000070a000000| Untracked 
| 141|0x000000070a100000, 0x000000070a100000, 0x000000070a200000|  0%| F|  |TAMS 0x000000070a100000, 0x000000070a100000| Untracked 
| 142|0x000000070a200000, 0x000000070a200000, 0x000000070a300000|  0%| F|  |TAMS 0x000000070a200000, 0x000000070a200000| Untracked 
| 143|0x000000070a300000, 0x000000070a300000, 0x000000070a400000|  0%| F|  |TAMS 0x000000070a300000, 0x000000070a300000| Untracked 
| 144|0x000000070a400000, 0x000000070a400000, 0x000000070a500000|  0%| F|  |TAMS 0x000000070a400000, 0x000000070a400000| Untracked 
| 145|0x000000070a500000, 0x000000070a500000, 0x000000070a600000|  0%| F|  |TAMS 0x000000070a500000, 0x000000070a500000| Untracked 
| 146|0x000000070a600000, 0x000000070a600000, 0x000000070a700000|  0%| F|  |TAMS 0x000000070a600000, 0x000000070a600000| Untracked 
| 147|0x000000070a700000, 0x000000070a700000, 0x000000070a800000|  0%| F|  |TAMS 0x000000070a700000, 0x000000070a700000| Untracked 
| 148|0x000000070a800000, 0x000000070a800000, 0x000000070a900000|  0%| F|  |TAMS 0x000000070a800000, 0x000000070a800000| Untracked 
| 149|0x000000070a900000, 0x000000070a991b78, 0x000000070aa00000| 56%| E|  |TAMS 0x000000070a900000, 0x000000070a900000| Complete 
| 150|0x000000070aa00000, 0x000000070ab00000, 0x000000070ab00000|100%| E|CS|TAMS 0x000000070aa00000, 0x000000070aa00000| Complete 
| 151|0x000000070ab00000, 0x000000070ac00000, 0x000000070ac00000|100%| E|CS|TAMS 0x000000070ab00000, 0x000000070ab00000| Complete 
| 152|0x000000070ac00000, 0x000000070ad00000, 0x000000070ad00000|100%| E|CS|TAMS 0x000000070ac00000, 0x000000070ac00000| Complete 
| 153|0x000000070ad00000, 0x000000070ae00000, 0x000000070ae00000|100%| E|CS|TAMS 0x000000070ad00000, 0x000000070ad00000| Complete 
| 154|0x000000070ae00000, 0x000000070af00000, 0x000000070af00000|100%| E|CS|TAMS 0x000000070ae00000, 0x000000070ae00000| Complete 
| 155|0x000000070af00000, 0x000000070b000000, 0x000000070b000000|100%| E|CS|TAMS 0x000000070af00000, 0x000000070af00000| Complete 
| 156|0x000000070b000000, 0x000000070b100000, 0x000000070b100000|100%| E|CS|TAMS 0x000000070b000000, 0x000000070b000000| Complete 
| 157|0x000000070b100000, 0x000000070b200000, 0x000000070b200000|100%| E|CS|TAMS 0x000000070b100000, 0x000000070b100000| Complete 
| 158|0x000000070b200000, 0x000000070b300000, 0x000000070b300000|100%| E|CS|TAMS 0x000000070b200000, 0x000000070b200000| Complete 
| 159|0x000000070b300000, 0x000000070b400000, 0x000000070b400000|100%| E|CS|TAMS 0x000000070b300000, 0x000000070b300000| Complete 
| 160|0x000000070b400000, 0x000000070b500000, 0x000000070b500000|100%| E|CS|TAMS 0x000000070b400000, 0x000000070b400000| Complete 
| 161|0x000000070b500000, 0x000000070b600000, 0x000000070b600000|100%| E|CS|TAMS 0x000000070b500000, 0x000000070b500000| Complete 
| 162|0x000000070b600000, 0x000000070b700000, 0x000000070b700000|100%| E|CS|TAMS 0x000000070b600000, 0x000000070b600000| Complete 
| 163|0x000000070b700000, 0x000000070b800000, 0x000000070b800000|100%| E|CS|TAMS 0x000000070b700000, 0x000000070b700000| Complete 
| 164|0x000000070b800000, 0x000000070b900000, 0x000000070b900000|100%| E|CS|TAMS 0x000000070b800000, 0x000000070b800000| Complete 
| 165|0x000000070b900000, 0x000000070ba00000, 0x000000070ba00000|100%| E|CS|TAMS 0x000000070b900000, 0x000000070b900000| Complete 
| 166|0x000000070ba00000, 0x000000070bb00000, 0x000000070bb00000|100%| E|CS|TAMS 0x000000070ba00000, 0x000000070ba00000| Complete 
| 167|0x000000070bb00000, 0x000000070bc00000, 0x000000070bc00000|100%| E|CS|TAMS 0x000000070bb00000, 0x000000070bb00000| Complete 
| 168|0x000000070bc00000, 0x000000070bd00000, 0x000000070bd00000|100%| E|CS|TAMS 0x000000070bc00000, 0x000000070bc00000| Complete 
| 169|0x000000070bd00000, 0x000000070be00000, 0x000000070be00000|100%| E|CS|TAMS 0x000000070bd00000, 0x000000070bd00000| Complete 
| 170|0x000000070be00000, 0x000000070bf00000, 0x000000070bf00000|100%| E|CS|TAMS 0x000000070be00000, 0x000000070be00000| Complete 
| 171|0x000000070bf00000, 0x000000070c000000, 0x000000070c000000|100%| E|CS|TAMS 0x000000070bf00000, 0x000000070bf00000| Complete 
| 172|0x000000070c000000, 0x000000070c100000, 0x000000070c100000|100%| E|CS|TAMS 0x000000070c000000, 0x000000070c000000| Complete 
| 173|0x000000070c100000, 0x000000070c200000, 0x000000070c200000|100%| E|CS|TAMS 0x000000070c100000, 0x000000070c100000| Complete 
| 174|0x000000070c200000, 0x000000070c300000, 0x000000070c300000|100%| E|CS|TAMS 0x000000070c200000, 0x000000070c200000| Complete 
| 175|0x000000070c300000, 0x000000070c400000, 0x000000070c400000|100%| E|CS|TAMS 0x000000070c300000, 0x000000070c300000| Complete 
| 176|0x000000070c400000, 0x000000070c500000, 0x000000070c500000|100%| E|CS|TAMS 0x000000070c400000, 0x000000070c400000| Complete 
| 177|0x000000070c500000, 0x000000070c600000, 0x000000070c600000|100%| E|CS|TAMS 0x000000070c500000, 0x000000070c500000| Complete 
| 178|0x000000070c600000, 0x000000070c700000, 0x000000070c700000|100%| E|CS|TAMS 0x000000070c600000, 0x000000070c600000| Complete 
| 179|0x000000070c700000, 0x000000070c800000, 0x000000070c800000|100%| E|CS|TAMS 0x000000070c700000, 0x000000070c700000| Complete 
| 180|0x000000070c800000, 0x000000070c900000, 0x000000070c900000|100%| E|CS|TAMS 0x000000070c800000, 0x000000070c800000| Complete 
| 181|0x000000070c900000, 0x000000070ca00000, 0x000000070ca00000|100%| E|CS|TAMS 0x000000070c900000, 0x000000070c900000| Complete 
| 182|0x000000070ca00000, 0x000000070cb00000, 0x000000070cb00000|100%| E|CS|TAMS 0x000000070ca00000, 0x000000070ca00000| Complete 
| 183|0x000000070cb00000, 0x000000070cc00000, 0x000000070cc00000|100%| E|CS|TAMS 0x000000070cb00000, 0x000000070cb00000| Complete 
| 184|0x000000070cc00000, 0x000000070cd00000, 0x000000070cd00000|100%| E|CS|TAMS 0x000000070cc00000, 0x000000070cc00000| Complete 
| 185|0x000000070cd00000, 0x000000070ce00000, 0x000000070ce00000|100%| E|CS|TAMS 0x000000070cd00000, 0x000000070cd00000| Complete 
| 186|0x000000070ce00000, 0x000000070cf00000, 0x000000070cf00000|100%| E|CS|TAMS 0x000000070ce00000, 0x000000070ce00000| Complete 
| 187|0x000000070cf00000, 0x000000070d000000, 0x000000070d000000|100%| E|CS|TAMS 0x000000070cf00000, 0x000000070cf00000| Complete 
| 188|0x000000070d000000, 0x000000070d100000, 0x000000070d100000|100%| E|CS|TAMS 0x000000070d000000, 0x000000070d000000| Complete 
| 189|0x000000070d100000, 0x000000070d200000, 0x000000070d200000|100%| E|CS|TAMS 0x000000070d100000, 0x000000070d100000| Complete 
| 190|0x000000070d200000, 0x000000070d300000, 0x000000070d300000|100%| E|CS|TAMS 0x000000070d200000, 0x000000070d200000| Complete 
| 191|0x000000070d300000, 0x000000070d400000, 0x000000070d400000|100%| E|CS|TAMS 0x000000070d300000, 0x000000070d300000| Complete 
| 192|0x000000070d400000, 0x000000070d500000, 0x000000070d500000|100%| E|CS|TAMS 0x000000070d400000, 0x000000070d400000| Complete 
| 193|0x000000070d500000, 0x000000070d600000, 0x000000070d600000|100%| E|CS|TAMS 0x000000070d500000, 0x000000070d500000| Complete 
| 194|0x000000070d600000, 0x000000070d700000, 0x000000070d700000|100%| E|CS|TAMS 0x000000070d600000, 0x000000070d600000| Complete 
| 195|0x000000070d700000, 0x000000070d800000, 0x000000070d800000|100%| E|CS|TAMS 0x000000070d700000, 0x000000070d700000| Complete 
| 196|0x000000070d800000, 0x000000070d900000, 0x000000070d900000|100%| E|CS|TAMS 0x000000070d800000, 0x000000070d800000| Complete 
| 197|0x000000070d900000, 0x000000070da00000, 0x000000070da00000|100%| E|CS|TAMS 0x000000070d900000, 0x000000070d900000| Complete 
| 198|0x000000070da00000, 0x000000070db00000, 0x000000070db00000|100%| E|CS|TAMS 0x000000070da00000, 0x000000070da00000| Complete 
| 199|0x000000070db00000, 0x000000070dc00000, 0x000000070dc00000|100%| E|CS|TAMS 0x000000070db00000, 0x000000070db00000| Complete 
| 200|0x000000070dc00000, 0x000000070dd00000, 0x000000070dd00000|100%| E|CS|TAMS 0x000000070dc00000, 0x000000070dc00000| Complete 
| 201|0x000000070dd00000, 0x000000070de00000, 0x000000070de00000|100%| E|CS|TAMS 0x000000070dd00000, 0x000000070dd00000| Complete 
| 202|0x000000070de00000, 0x000000070df00000, 0x000000070df00000|100%| E|CS|TAMS 0x000000070de00000, 0x000000070de00000| Complete 
| 203|0x000000070df00000, 0x000000070e000000, 0x000000070e000000|100%| E|CS|TAMS 0x000000070df00000, 0x000000070df00000| Complete 
| 204|0x000000070e000000, 0x000000070e100000, 0x000000070e100000|100%| E|CS|TAMS 0x000000070e000000, 0x000000070e000000| Complete 
| 205|0x000000070e100000, 0x000000070e200000, 0x000000070e200000|100%| E|CS|TAMS 0x000000070e100000, 0x000000070e100000| Complete 
| 206|0x000000070e200000, 0x000000070e300000, 0x000000070e300000|100%| E|CS|TAMS 0x000000070e200000, 0x000000070e200000| Complete 
| 207|0x000000070e300000, 0x000000070e400000, 0x000000070e400000|100%| E|CS|TAMS 0x000000070e300000, 0x000000070e300000| Complete 
| 208|0x000000070e400000, 0x000000070e500000, 0x000000070e500000|100%| E|CS|TAMS 0x000000070e400000, 0x000000070e400000| Complete 
| 209|0x000000070e500000, 0x000000070e600000, 0x000000070e600000|100%| E|CS|TAMS 0x000000070e500000, 0x000000070e500000| Complete 
| 210|0x000000070e600000, 0x000000070e700000, 0x000000070e700000|100%| E|CS|TAMS 0x000000070e600000, 0x000000070e600000| Complete 
| 211|0x000000070e700000, 0x000000070e800000, 0x000000070e800000|100%| E|CS|TAMS 0x000000070e700000, 0x000000070e700000| Complete 
| 212|0x000000070e800000, 0x000000070e900000, 0x000000070e900000|100%| E|CS|TAMS 0x000000070e800000, 0x000000070e800000| Complete 
| 213|0x000000070e900000, 0x000000070ea00000, 0x000000070ea00000|100%| E|CS|TAMS 0x000000070e900000, 0x000000070e900000| Complete 
| 214|0x000000070ea00000, 0x000000070eb00000, 0x000000070eb00000|100%| E|CS|TAMS 0x000000070ea00000, 0x000000070ea00000| Complete 
| 215|0x000000070eb00000, 0x000000070ec00000, 0x000000070ec00000|100%| E|CS|TAMS 0x000000070eb00000, 0x000000070eb00000| Complete 
| 216|0x000000070ec00000, 0x000000070ed00000, 0x000000070ed00000|100%| E|CS|TAMS 0x000000070ec00000, 0x000000070ec00000| Complete 
| 217|0x000000070ed00000, 0x000000070ee00000, 0x000000070ee00000|100%| E|CS|TAMS 0x000000070ed00000, 0x000000070ed00000| Complete 
| 218|0x000000070ee00000, 0x000000070ef00000, 0x000000070ef00000|100%| E|CS|TAMS 0x000000070ee00000, 0x000000070ee00000| Complete 
| 219|0x000000070ef00000, 0x000000070f000000, 0x000000070f000000|100%| E|CS|TAMS 0x000000070ef00000, 0x000000070ef00000| Complete 
| 220|0x000000070f000000, 0x000000070f100000, 0x000000070f100000|100%| E|CS|TAMS 0x000000070f000000, 0x000000070f000000| Complete 
| 221|0x000000070f100000, 0x000000070f200000, 0x000000070f200000|100%| E|CS|TAMS 0x000000070f100000, 0x000000070f100000| Complete 
| 222|0x000000070f200000, 0x000000070f300000, 0x000000070f300000|100%| E|CS|TAMS 0x000000070f200000, 0x000000070f200000| Complete 
| 223|0x000000070f300000, 0x000000070f400000, 0x000000070f400000|100%| E|CS|TAMS 0x000000070f300000, 0x000000070f300000| Complete 
| 224|0x000000070f400000, 0x000000070f500000, 0x000000070f500000|100%| E|CS|TAMS 0x000000070f400000, 0x000000070f400000| Complete 
| 225|0x000000070f500000, 0x000000070f600000, 0x000000070f600000|100%| E|CS|TAMS 0x000000070f500000, 0x000000070f500000| Complete 
| 226|0x000000070f600000, 0x000000070f700000, 0x000000070f700000|100%| E|CS|TAMS 0x000000070f600000, 0x000000070f600000| Complete 
| 227|0x000000070f700000, 0x000000070f800000, 0x000000070f800000|100%| E|CS|TAMS 0x000000070f700000, 0x000000070f700000| Complete 
| 228|0x000000070f800000, 0x000000070f900000, 0x000000070f900000|100%| E|CS|TAMS 0x000000070f800000, 0x000000070f800000| Complete 
| 229|0x000000070f900000, 0x000000070fa00000, 0x000000070fa00000|100%| E|CS|TAMS 0x000000070f900000, 0x000000070f900000| Complete 
| 230|0x000000070fa00000, 0x000000070fb00000, 0x000000070fb00000|100%| E|CS|TAMS 0x000000070fa00000, 0x000000070fa00000| Complete 
| 231|0x000000070fb00000, 0x000000070fc00000, 0x000000070fc00000|100%| E|CS|TAMS 0x000000070fb00000, 0x000000070fb00000| Complete 
| 232|0x000000070fc00000, 0x000000070fd00000, 0x000000070fd00000|100%| E|CS|TAMS 0x000000070fc00000, 0x000000070fc00000| Complete 
| 233|0x000000070fd00000, 0x000000070fe00000, 0x000000070fe00000|100%| E|CS|TAMS 0x000000070fd00000, 0x000000070fd00000| Complete 
| 234|0x000000070fe00000, 0x000000070ff00000, 0x000000070ff00000|100%| E|CS|TAMS 0x000000070fe00000, 0x000000070fe00000| Complete 
| 235|0x000000070ff00000, 0x0000000710000000, 0x0000000710000000|100%| E|CS|TAMS 0x000000070ff00000, 0x000000070ff00000| Complete 
| 236|0x0000000710000000, 0x0000000710100000, 0x0000000710100000|100%| E|CS|TAMS 0x0000000710000000, 0x0000000710000000| Complete 
| 237|0x0000000710100000, 0x0000000710200000, 0x0000000710200000|100%| E|CS|TAMS 0x0000000710100000, 0x0000000710100000| Complete 
| 238|0x0000000710200000, 0x0000000710300000, 0x0000000710300000|100%| E|CS|TAMS 0x0000000710200000, 0x0000000710200000| Complete 
| 239|0x0000000710300000, 0x0000000710400000, 0x0000000710400000|100%| E|CS|TAMS 0x0000000710300000, 0x0000000710300000| Complete 
| 240|0x0000000710400000, 0x0000000710500000, 0x0000000710500000|100%| E|CS|TAMS 0x0000000710400000, 0x0000000710400000| Complete 
| 241|0x0000000710500000, 0x0000000710600000, 0x0000000710600000|100%| E|CS|TAMS 0x0000000710500000, 0x0000000710500000| Complete 
| 242|0x0000000710600000, 0x0000000710700000, 0x0000000710700000|100%| E|CS|TAMS 0x0000000710600000, 0x0000000710600000| Complete 
| 243|0x0000000710700000, 0x0000000710800000, 0x0000000710800000|100%| E|CS|TAMS 0x0000000710700000, 0x0000000710700000| Complete 
| 244|0x0000000710800000, 0x0000000710900000, 0x0000000710900000|100%| E|CS|TAMS 0x0000000710800000, 0x0000000710800000| Complete 
| 245|0x0000000710900000, 0x0000000710a00000, 0x0000000710a00000|100%| E|CS|TAMS 0x0000000710900000, 0x0000000710900000| Complete 
| 246|0x0000000710a00000, 0x0000000710b00000, 0x0000000710b00000|100%| E|CS|TAMS 0x0000000710a00000, 0x0000000710a00000| Complete 
| 247|0x0000000710b00000, 0x0000000710c00000, 0x0000000710c00000|100%| E|CS|TAMS 0x0000000710b00000, 0x0000000710b00000| Complete 
| 248|0x0000000710c00000, 0x0000000710d00000, 0x0000000710d00000|100%| E|CS|TAMS 0x0000000710c00000, 0x0000000710c00000| Complete 
| 249|0x0000000710d00000, 0x0000000710e00000, 0x0000000710e00000|100%| E|CS|TAMS 0x0000000710d00000, 0x0000000710d00000| Complete 
| 250|0x0000000710e00000, 0x0000000710f00000, 0x0000000710f00000|100%| E|CS|TAMS 0x0000000710e00000, 0x0000000710e00000| Complete 
| 251|0x0000000710f00000, 0x0000000711000000, 0x0000000711000000|100%| E|CS|TAMS 0x0000000710f00000, 0x0000000710f00000| Complete 
| 252|0x0000000711000000, 0x0000000711100000, 0x0000000711100000|100%| E|CS|TAMS 0x0000000711000000, 0x0000000711000000| Complete 
| 253|0x0000000711100000, 0x0000000711200000, 0x0000000711200000|100%| E|CS|TAMS 0x0000000711100000, 0x0000000711100000| Complete 
| 254|0x0000000711200000, 0x0000000711300000, 0x0000000711300000|100%| E|CS|TAMS 0x0000000711200000, 0x0000000711200000| Complete 
| 255|0x0000000711300000, 0x0000000711400000, 0x0000000711400000|100%| E|CS|TAMS 0x0000000711300000, 0x0000000711300000| Complete 

Card table byte_map: [0x000001eef1b50000,0x000001eef2350000] _byte_map_base: 0x000001eeee346000

Marking Bits (Prev, Next): (CMBitMap*) 0x000001eed9a7a398, (CMBitMap*) 0x000001eed9a7a3d8
 Prev Bits: [0x000001eef2b50000, 0x000001eef6b00000)
 Next Bits: [0x000001eef6b00000, 0x000001eefaab0000)

Polling page: 0x000001eed78c0000

Metaspace:

Usage:
  Non-class:      8.30 MB capacity,     8.16 MB ( 98%) used,   122.59 KB (  1%) free+waste,    21.50 KB ( <1%) overhead. 
      Class:   1010.00 KB capacity,   887.72 KB ( 88%) used,   108.84 KB ( 11%) free+waste,    13.44 KB (  1%) overhead. 
       Both:      9.29 MB capacity,     9.03 MB ( 97%) used,   231.43 KB (  2%) free+waste,    34.94 KB ( <1%) overhead. 

Virtual space:
  Non-class space:       10.00 MB reserved,       8.50 MB ( 85%) committed 
      Class space:        1.00 GB reserved,       1.00 MB ( <1%) committed 
             Both:        1.01 GB reserved,       9.50 MB ( <1%) committed 

Chunk freelists:
   Non-Class:  14.00 KB
       Class:  14.00 KB
        Both:  28.00 KB

MaxMetaspaceSize: 17179869184.00 GB
CompressedClassSpaceSize: 1.00 GB

CodeHeap 'non-profiled nmethods': size=120000Kb used=2777Kb max_used=3173Kb free=117222Kb
 bounds [0x000001eee99e0000, 0x000001eee9d00000, 0x000001eef0f10000]
CodeHeap 'profiled nmethods': size=120000Kb used=3380Kb max_used=5576Kb free=116619Kb
 bounds [0x000001eee24b0000, 0x000001eee2a30000, 0x000001eee99e0000]
CodeHeap 'non-nmethods': size=5760Kb used=1318Kb max_used=1387Kb free=4441Kb
 bounds [0x000001eee1f10000, 0x000001eee2180000, 0x000001eee24b0000]
 total_blobs=5251 nmethods=2189 adapters=514
 compilation: enabled
              stopped_count=0, restarted_count=0
 full_count=0

Compilation events (20 events):
Event: 54.660 Thread 0x000001eefdedc000 2889 % !   4       java.util.concurrent.ConcurrentHashMap::transfer @ 372 (849 bytes)
Event: 54.678 Thread 0x000001eefdedc000 nmethod 2889% 0x000001eee9ae0f90 code [0x000001eee9ae1160, 0x000001eee9ae2688]
Event: 55.294 Thread 0x000001eefdedc000 2890       4       sun.font.Font2D::getStrike (177 bytes)
Event: 55.334 Thread 0x000001eefdedc000 nmethod 2890 0x000001eee9b71d90 code [0x000001eee9b720a0, 0x000001eee9b74fe0]
Event: 55.502 Thread 0x000001eefdedc000 2891       4       warcraftTD.World::tickMonkeys (45 bytes)
Event: 55.511 Thread 0x000001eefdedc000 nmethod 2891 0x000001eee9adfa10 code [0x000001eee9adfc40, 0x000001eee9ae0608]
Event: 55.573 Thread 0x000001eefdedc000 2892       4       java.awt.geom.AffineTransform::updateState (230 bytes)
Event: 55.573 Thread 0x000001eefdedc000 nmethod 2892 0x000001eee9b79710 code [0x000001eee9b798e0, 0x000001eee9b79af8]
Event: 55.587 Thread 0x000001eefdede800 2893       3       java.awt.geom.AffineTransform::calculateType (536 bytes)
Event: 55.588 Thread 0x000001eefdede800 nmethod 2893 0x000001eee2538910 code [0x000001eee2538be0, 0x000001eee2539d20]
Event: 55.622 Thread 0x000001eefdedc000 2894       4       java.nio.Buffer::limit (74 bytes)
Event: 55.623 Thread 0x000001eefdedc000 nmethod 2894 0x000001eee9b79390 code [0x000001eee9b79520, 0x000001eee9b79618]
Event: 55.992 Thread 0x000001eefdedc000 2895       4       java.awt.LightweightDispatcher::retargetMouseEvent (372 bytes)
Event: 55.997 Thread 0x000001eefdedc000 nmethod 2895 0x000001eee9adec10 code [0x000001eee9adee00, 0x000001eee9adf428]
Event: 56.252 Thread 0x000001eefdede800 2896       3       java.lang.StringConcatHelper::newString (67 bytes)
Event: 56.253 Thread 0x000001eefdede800 nmethod 2896 0x000001eee24b0010 code [0x000001eee24b02c0, 0x000001eee24b0f90]
Event: 56.253 Thread 0x000001eefdede800 2897       3       sun.font.FreetypeFontScaler::invalidateScalerContext (1 bytes)
Event: 56.253 Thread 0x000001eefdede800 nmethod 2897 0x000001eee288eb10 code [0x000001eee288eca0, 0x000001eee288ee18]
Event: 56.253 Thread 0x000001eefdedc000 2898       4       sun.font.FreetypeFontScaler::invalidateScalerContext (1 bytes)
Event: 56.253 Thread 0x000001eefdedc000 nmethod 2898 0x000001eee9ab1510 code [0x000001eee9ab16a0, 0x000001eee9ab1718]

GC Heap History (20 events):
Event: 1.483 GC heap before
{Heap before GC invocations=1 (full 0):
 garbage-first heap   total 262144K, used 44030K [0x0000000701400000, 0x0000000800000000)
  region size 1024K, 12 young (12288K), 3 survivors (3072K)
 Metaspace       used 8553K, capacity 8866K, committed 8960K, reserved 1056768K
  class space    used 873K, capacity 1010K, committed 1024K, reserved 1048576K
}
Event: 1.494 GC heap after
{Heap after GC invocations=2 (full 0):
 garbage-first heap   total 262144K, used 34648K [0x0000000701400000, 0x0000000800000000)
  region size 1024K, 1 young (1024K), 1 survivors (1024K)
 Metaspace       used 8553K, capacity 8866K, committed 8960K, reserved 1056768K
  class space    used 873K, capacity 1010K, committed 1024K, reserved 1048576K
}
Event: 2.606 GC heap before
{Heap before GC invocations=2 (full 0):
 garbage-first heap   total 262144K, used 45912K [0x0000000701400000, 0x0000000800000000)
  region size 1024K, 13 young (13312K), 1 survivors (1024K)
 Metaspace       used 8935K, capacity 9187K, committed 9216K, reserved 1056768K
  class space    used 880K, capacity 1010K, committed 1024K, reserved 1048576K
}
Event: 2.606 GC heap after
{Heap after GC invocations=3 (full 0):
 garbage-first heap   total 262144K, used 34346K [0x0000000701400000, 0x0000000800000000)
  region size 1024K, 1 young (1024K), 1 survivors (1024K)
 Metaspace       used 8935K, capacity 9187K, committed 9216K, reserved 1056768K
  class space    used 880K, capacity 1010K, committed 1024K, reserved 1048576K
}
Event: 4.454 GC heap before
{Heap before GC invocations=3 (full 0):
 garbage-first heap   total 262144K, used 51754K [0x0000000701400000, 0x0000000800000000)
  region size 1024K, 18 young (18432K), 1 survivors (1024K)
 Metaspace       used 9043K, capacity 9252K, committed 9472K, reserved 1058816K
  class space    used 880K, capacity 1010K, committed 1024K, reserved 1048576K
}
Event: 4.454 GC heap after
{Heap after GC invocations=4 (full 0):
 garbage-first heap   total 262144K, used 34322K [0x0000000701400000, 0x0000000800000000)
  region size 1024K, 1 young (1024K), 1 survivors (1024K)
 Metaspace       used 9043K, capacity 9252K, committed 9472K, reserved 1058816K
  class space    used 880K, capacity 1010K, committed 1024K, reserved 1048576K
}
Event: 8.298 GC heap before
{Heap before GC invocations=4 (full 0):
 garbage-first heap   total 262144K, used 75282K [0x0000000701400000, 0x0000000800000000)
  region size 1024K, 41 young (41984K), 1 survivors (1024K)
 Metaspace       used 9179K, capacity 9444K, committed 9472K, reserved 1058816K
  class space    used 883K, capacity 1010K, committed 1024K, reserved 1048576K
}
Event: 8.299 GC heap after
{Heap after GC invocations=5 (full 0):
 garbage-first heap   total 262144K, used 34642K [0x0000000701400000, 0x0000000800000000)
  region size 1024K, 1 young (1024K), 1 survivors (1024K)
 Metaspace       used 9179K, capacity 9444K, committed 9472K, reserved 1058816K
  class space    used 883K, capacity 1010K, committed 1024K, reserved 1048576K
}
Event: 13.299 GC heap before
{Heap before GC invocations=5 (full 0):
 garbage-first heap   total 262144K, used 99154K [0x0000000701400000, 0x0000000800000000)
  region size 1024K, 65 young (66560K), 1 survivors (1024K)
 Metaspace       used 9187K, capacity 9444K, committed 9472K, reserved 1058816K
  class space    used 883K, capacity 1010K, committed 1024K, reserved 1048576K
}
Event: 13.300 GC heap after
{Heap after GC invocations=6 (full 0):
 garbage-first heap   total 262144K, used 34761K [0x0000000701400000, 0x0000000800000000)
  region size 1024K, 1 young (1024K), 1 survivors (1024K)
 Metaspace       used 9187K, capacity 9444K, committed 9472K, reserved 1058816K
  class space    used 883K, capacity 1010K, committed 1024K, reserved 1048576K
}
Event: 18.787 GC heap before
{Heap before GC invocations=6 (full 0):
 garbage-first heap   total 262144K, used 135113K [0x0000000701400000, 0x0000000800000000)
  region size 1024K, 99 young (101376K), 1 survivors (1024K)
 Metaspace       used 9209K, capacity 9508K, committed 9728K, reserved 1058816K
  class space    used 883K, capacity 1010K, committed 1024K, reserved 1048576K
}
Event: 18.787 GC heap after
{Heap after GC invocations=7 (full 0):
 garbage-first heap   total 262144K, used 35392K [0x0000000701400000, 0x0000000800000000)
  region size 1024K, 2 young (2048K), 2 survivors (2048K)
 Metaspace       used 9209K, capacity 9508K, committed 9728K, reserved 1058816K
  class space    used 883K, capacity 1010K, committed 1024K, reserved 1048576K
}
Event: 28.070 GC heap before
{Heap before GC invocations=7 (full 0):
 garbage-first heap   total 262144K, used 159296K [0x0000000701400000, 0x0000000800000000)
  region size 1024K, 123 young (125952K), 2 survivors (2048K)
 Metaspace       used 9212K, capacity 9508K, committed 9728K, reserved 1058816K
  class space    used 884K, capacity 1010K, committed 1024K, reserved 1048576K
}
Event: 28.071 GC heap after
{Heap after GC invocations=8 (full 0):
 garbage-first heap   total 262144K, used 35497K [0x0000000701400000, 0x0000000800000000)
  region size 1024K, 2 young (2048K), 2 survivors (2048K)
 Metaspace       used 9212K, capacity 9508K, committed 9728K, reserved 1058816K
  class space    used 884K, capacity 1010K, committed 1024K, reserved 1048576K
}
Event: 34.991 GC heap before
{Heap before GC invocations=8 (full 0):
 garbage-first heap   total 262144K, used 176809K [0x0000000701400000, 0x0000000800000000)
  region size 1024K, 140 young (143360K), 2 survivors (2048K)
 Metaspace       used 9218K, capacity 9508K, committed 9728K, reserved 1058816K
  class space    used 884K, capacity 1010K, committed 1024K, reserved 1048576K
}
Event: 34.992 GC heap after
{Heap after GC invocations=9 (full 0):
 garbage-first heap   total 262144K, used 36553K [0x0000000701400000, 0x0000000800000000)
  region size 1024K, 3 young (3072K), 3 survivors (3072K)
 Metaspace       used 9218K, capacity 9508K, committed 9728K, reserved 1058816K
  class space    used 884K, capacity 1010K, committed 1024K, reserved 1048576K
}
Event: 42.255 GC heap before
{Heap before GC invocations=9 (full 0):
 garbage-first heap   total 262144K, used 190153K [0x0000000701400000, 0x0000000800000000)
  region size 1024K, 154 young (157696K), 3 survivors (3072K)
 Metaspace       used 9222K, capacity 9508K, committed 9728K, reserved 1058816K
  class space    used 884K, capacity 1010K, committed 1024K, reserved 1048576K
}
Event: 42.257 GC heap after
{Heap after GC invocations=10 (full 0):
 garbage-first heap   total 262144K, used 38360K [0x0000000701400000, 0x0000000800000000)
  region size 1024K, 5 young (5120K), 5 survivors (5120K)
 Metaspace       used 9222K, capacity 9508K, committed 9728K, reserved 1058816K
  class space    used 884K, capacity 1010K, committed 1024K, reserved 1048576K
}
Event: 50.265 GC heap before
{Heap before GC invocations=10 (full 0):
 garbage-first heap   total 262144K, used 188888K [0x0000000701400000, 0x0000000800000000)
  region size 1024K, 153 young (156672K), 5 survivors (5120K)
 Metaspace       used 9223K, capacity 9508K, committed 9728K, reserved 1058816K
  class space    used 884K, capacity 1010K, committed 1024K, reserved 1048576K
}
Event: 50.267 GC heap after
{Heap after GC invocations=11 (full 0):
 garbage-first heap   total 262144K, used 41358K [0x0000000701400000, 0x0000000800000000)
  region size 1024K, 8 young (8192K), 8 survivors (8192K)
 Metaspace       used 9223K, capacity 9508K, committed 9728K, reserved 1058816K
  class space    used 884K, capacity 1010K, committed 1024K, reserved 1048576K
}

Deoptimization events (20 events):
Event: 56.249 Thread 0x000001ee860f8800 Uncommon trap: trap_request=0xffffff66 fr.pc=0x000001eee9b253c0 relative=0x0000000000004b20
Event: 56.249 Thread 0x000001ee860f8800 Uncommon trap: reason=speculate_class_check action=maybe_recompile pc=0x000001eee9b253c0 method=java.awt.EventQueue.coalesceEvent(Ljava/awt/AWTEvent;I)Z @ 53 c2
Event: 56.249 Thread 0x000001ee860f8800 DEOPT PACKING pc=0x000001eee9b253c0 sp=0x0000002fae1fee10
Event: 56.249 Thread 0x000001ee860f8800 DEOPT UNPACKING pc=0x000001eee1f5912f sp=0x0000002fae1fec68 mode 2
Event: 56.249 Thread 0x000001ee860f8800 Uncommon trap: trap_request=0xffffffde fr.pc=0x000001eee9ce6130 relative=0x00000000000019d0
Event: 56.249 Thread 0x000001ee860f8800 Uncommon trap: reason=class_check action=maybe_recompile pc=0x000001eee9ce6130 method=java.awt.LightweightDispatcher.dispatchEvent(Ljava/awt/AWTEvent;)Z @ 24 c2
Event: 56.249 Thread 0x000001ee860f8800 DEOPT PACKING pc=0x000001eee9ce6130 sp=0x0000002fae1fec70
Event: 56.249 Thread 0x000001ee860f8800 DEOPT UNPACKING pc=0x000001eee1f5912f sp=0x0000002fae1febf8 mode 2
Event: 56.249 Thread 0x000001ee860f8800 Uncommon trap: trap_request=0xffffffde fr.pc=0x000001eee9c01404 relative=0x0000000000000584
Event: 56.249 Thread 0x000001ee860f8800 Uncommon trap: reason=class_check action=maybe_recompile pc=0x000001eee9c01404 method=java.awt.EventQueue.setCurrentEventAndMostRecentTimeImpl(Ljava/awt/AWTEvent;)V @ 134 c2
Event: 56.249 Thread 0x000001ee860f8800 DEOPT PACKING pc=0x000001eee9c01404 sp=0x0000002fae1feb60
Event: 56.249 Thread 0x000001ee860f8800 DEOPT UNPACKING pc=0x000001eee1f5912f sp=0x0000002fae1feb00 mode 2
Event: 56.249 Thread 0x000001ee860f8800 Uncommon trap: trap_request=0xffffff45 fr.pc=0x000001eee9cb398c relative=0x000000000000006c
Event: 56.249 Thread 0x000001ee860f8800 Uncommon trap: reason=unstable_if action=reinterpret pc=0x000001eee9cb398c method=java.util.IdentityHashMap.keySet()Ljava/util/Set; @ 6 c2
Event: 56.249 Thread 0x000001ee860f8800 DEOPT PACKING pc=0x000001eee9cb398c sp=0x0000002fae1fe7e0
Event: 56.249 Thread 0x000001ee860f8800 DEOPT UNPACKING pc=0x000001eee1f5912f sp=0x0000002fae1fe778 mode 2
Event: 56.252 Thread 0x000001eed9a0f000 Uncommon trap: trap_request=0xffffff45 fr.pc=0x000001eee9cc3b60 relative=0x0000000000000380
Event: 56.252 Thread 0x000001eed9a0f000 Uncommon trap: reason=unstable_if action=reinterpret pc=0x000001eee9cc3b60 method=sun.font.TrueTypeFont.readBlock(Ljava/nio/ByteBuffer;II)I @ 15 c2
Event: 56.252 Thread 0x000001eed9a0f000 DEOPT PACKING pc=0x000001eee9cc3b60 sp=0x0000002facffe2c0
Event: 56.252 Thread 0x000001eed9a0f000 DEOPT UNPACKING pc=0x000001eee1f5912f sp=0x0000002facffe260 mode 2

Classes unloaded (0 events):
No events

Classes redefined (0 events):
No events

Internal exceptions (20 events):
Event: 3.001 Thread 0x000001eed9a0f000 Implicit null exception at 0x000001eee9a4b20d to 0x000001eee9a4b2d2
Event: 3.491 Thread 0x000001ee8619f000 Exception <a 'java/io/FileNotFoundException'{0x0000000710d70c18}> (0x0000000710d70c18) 
thrown [t:/workspace/open/src/hotspot/share/prims/jni.cpp, line 598]
Event: 4.923 Thread 0x000001ee8619f000 Exception <a 'java/io/FileNotFoundException'{0x0000000710eadcb0}> (0x0000000710eadcb0) 
thrown [t:/workspace/open/src/hotspot/share/prims/jni.cpp, line 598]
Event: 4.925 Thread 0x000001eed9a0f000 Implicit null exception at 0x000001eee9b13bee to 0x000001eee9b13f8a
Event: 26.055 Thread 0x000001eed9a0f000 Implicit null exception at 0x000001eee9bbb3d8 to 0x000001eee9bbb624
Event: 26.056 Thread 0x000001ee89cc7800 Exception <a 'java/io/FileNotFoundException'{0x000000070b7809b0}> (0x000000070b7809b0) 
thrown [t:/workspace/open/src/hotspot/share/prims/jni.cpp, line 598]
Event: 26.553 Thread 0x000001ee89cc7800 Exception <a 'java/io/FileNotFoundException'{0x000000070b78d668}> (0x000000070b78d668) 
thrown [t:/workspace/open/src/hotspot/share/prims/jni.cpp, line 598]
Event: 27.054 Thread 0x000001ee89cc7800 Exception <a 'java/io/FileNotFoundException'{0x000000070b79a340}> (0x000000070b79a340) 
thrown [t:/workspace/open/src/hotspot/share/prims/jni.cpp, line 598]
Event: 27.553 Thread 0x000001ee89cc7800 Exception <a 'java/io/FileNotFoundException'{0x000000070b7a87e8}> (0x000000070b7a87e8) 
thrown [t:/workspace/open/src/hotspot/share/prims/jni.cpp, line 598]
Event: 28.057 Thread 0x000001ee89cc7800 Exception <a 'java/io/FileNotFoundException'{0x000000070b7b6c80}> (0x000000070b7b6c80) 
thrown [t:/workspace/open/src/hotspot/share/prims/jni.cpp, line 598]
Event: 28.557 Thread 0x000001ee89cc7800 Exception <a 'java/io/FileNotFoundException'{0x0000000710a001b0}> (0x0000000710a001b0) 
thrown [t:/workspace/open/src/hotspot/share/prims/jni.cpp, line 598]
Event: 29.055 Thread 0x000001ee89cc7800 Exception <a 'java/io/FileNotFoundException'{0x0000000710a0d0a8}> (0x0000000710a0d0a8) 
thrown [t:/workspace/open/src/hotspot/share/prims/jni.cpp, line 598]
Event: 29.557 Thread 0x000001ee89cc7800 Exception <a 'java/io/FileNotFoundException'{0x0000000710a1ca68}> (0x0000000710a1ca68) 
thrown [t:/workspace/open/src/hotspot/share/prims/jni.cpp, line 598]
Event: 30.056 Thread 0x000001ee89cc7800 Exception <a 'java/io/FileNotFoundException'{0x0000000710a2c988}> (0x0000000710a2c988) 
thrown [t:/workspace/open/src/hotspot/share/prims/jni.cpp, line 598]
Event: 30.557 Thread 0x000001ee89cc7800 Exception <a 'java/io/FileNotFoundException'{0x0000000710a3b548}> (0x0000000710a3b548) 
thrown [t:/workspace/open/src/hotspot/share/prims/jni.cpp, line 598]
Event: 34.558 Thread 0x000001ee89cc7800 Exception <a 'java/io/FileNotFoundException'{0x000000070e304a80}> (0x000000070e304a80) 
thrown [t:/workspace/open/src/hotspot/share/prims/jni.cpp, line 598]
Event: 38.560 Thread 0x000001ee89cc7800 Exception <a 'java/io/FileNotFoundException'{0x000000070c8809c0}> (0x000000070c8809c0) 
thrown [t:/workspace/open/src/hotspot/share/prims/jni.cpp, line 598]
Event: 42.555 Thread 0x000001ee89cc7800 Exception <a 'java/io/FileNotFoundException'{0x0000000710eb85c8}> (0x0000000710eb85c8) 
thrown [t:/workspace/open/src/hotspot/share/prims/jni.cpp, line 598]
Event: 56.252 Thread 0x000001eed9a0f000 Exception <a 'java/io/FileNotFoundException'{0x000000070aa235b0}> (0x000000070aa235b0) 
thrown [t:/workspace/open/src/hotspot/share/prims/jni.cpp, line 598]
Event: 56.252 Thread 0x000001eed9a0f000 Exception <a 'java/io/FileNotFoundException'{0x000000070aa24b30}> (0x000000070aa24b30) 
thrown [t:/workspace/open/src/hotspot/share/prims/jni.cpp, line 598]

Events (20 events):
Event: 56.251 Executing VM operation: RevokeBias done
Event: 56.251 Executing VM operation: RevokeBias
Event: 56.251 Executing VM operation: RevokeBias done
Event: 56.251 Executing VM operation: RevokeBias
Event: 56.251 Executing VM operation: RevokeBias done
Event: 56.251 Executing VM operation: RevokeBias
Event: 56.251 Executing VM operation: RevokeBias done
Event: 56.251 Thread 0x000001ee86451000 Thread exited: 0x000001ee86451000
Event: 56.252 Executing VM operation: RevokeBias
Event: 56.252 Executing VM operation: RevokeBias done
Event: 56.252 loading class java/awt/FontFormatException
Event: 56.252 loading class java/awt/FontFormatException done
Event: 56.253 loading class java/nio/channels/ClosedChannelException
Event: 56.253 loading class java/nio/channels/ClosedChannelException done
Event: 56.253 loading class sun/font/NullFontScaler
Event: 56.253 Executing VM operation: HandshakeAllThreads
Event: 56.254 loading class sun/font/NullFontScaler done
Event: 56.254 Executing VM operation: HandshakeAllThreads done
Event: 56.254 Executing VM operation: Deoptimize
Event: 56.254 Executing VM operation: Deoptimize done


Dynamic libraries:
0x00007ff61c870000 - 0x00007ff61c87f000 	C:\Program Files\Java\jdk-13\bin\java.exe
0x00007ffb0c200000 - 0x00007ffb0c3f0000 	C:\Windows\SYSTEM32\ntdll.dll
0x00007ffb0aa40000 - 0x00007ffb0aaf2000 	C:\Windows\System32\KERNEL32.DLL
0x00007ffb09480000 - 0x00007ffb09725000 	C:\Windows\System32\KERNELBASE.dll
0x00007ffb09900000 - 0x00007ffb099fa000 	C:\Windows\System32\ucrtbase.dll
0x00007ffaff2b0000 - 0x00007ffaff2c5000 	C:\Program Files\Java\jdk-13\bin\VCRUNTIME140.dll
0x00007ffafdff0000 - 0x00007ffafe008000 	C:\Program Files\Java\jdk-13\bin\jli.dll
0x00007ffb0b100000 - 0x00007ffb0b1a3000 	C:\Windows\System32\ADVAPI32.dll
0x00007ffb0bc30000 - 0x00007ffb0bcce000 	C:\Windows\System32\msvcrt.dll
0x00007ffb0bcd0000 - 0x00007ffb0bd67000 	C:\Windows\System32\sechost.dll
0x00007ffb0af70000 - 0x00007ffb0b090000 	C:\Windows\System32\RPCRT4.dll
0x00007ffb0a8a0000 - 0x00007ffb0aa34000 	C:\Windows\System32\USER32.dll
0x00007ffafd5f0000 - 0x00007ffafd874000 	C:\Windows\WinSxS\amd64_microsoft.windows.common-controls_6595b64144ccf1df_6.0.18362.1256_none_9e7e379be45e40e2\COMCTL32.dll
0x00007ffb0a280000 - 0x00007ffb0a2a1000 	C:\Windows\System32\win32u.dll
0x00007ffb0b1b0000 - 0x00007ffb0b4e6000 	C:\Windows\System32\combase.dll
0x00007ffb0bc00000 - 0x00007ffb0bc26000 	C:\Windows\System32\GDI32.dll
0x00007ffb09760000 - 0x00007ffb098f6000 	C:\Windows\System32\gdi32full.dll
0x00007ffb091f0000 - 0x00007ffb09271000 	C:\Windows\System32\bcryptPrimitives.dll
0x00007ffb0a1e0000 - 0x00007ffb0a27e000 	C:\Windows\System32\msvcp_win.dll
0x00007ffb02180000 - 0x00007ffb0218a000 	C:\Windows\SYSTEM32\VERSION.dll
0x00007ffb0c180000 - 0x00007ffb0c1ae000 	C:\Windows\System32\IMM32.DLL
0x00007ffaf6a90000 - 0x00007ffaf6b2b000 	C:\Program Files\Java\jdk-13\bin\msvcp140.dll
0x00007ffab0ba0000 - 0x00007ffab1706000 	C:\Program Files\Java\jdk-13\bin\server\jvm.dll
0x00007ffb0a680000 - 0x00007ffb0a688000 	C:\Windows\System32\PSAPI.DLL
0x00007ffaefcc0000 - 0x00007ffaefcc9000 	C:\Windows\SYSTEM32\WSOCK32.dll
0x00007ffb06a40000 - 0x00007ffb06a64000 	C:\Windows\SYSTEM32\WINMM.dll
0x00007ffb0b090000 - 0x00007ffb0b0ff000 	C:\Windows\System32\WS2_32.dll
0x00007ffb06820000 - 0x00007ffb0684d000 	C:\Windows\SYSTEM32\WINMMBASE.dll
0x00007ffb09a00000 - 0x00007ffb09a4a000 	C:\Windows\System32\cfgmgr32.dll
0x00007ffb09150000 - 0x00007ffb09161000 	C:\Windows\System32\kernel.appcore.dll
0x00007ffb06f80000 - 0x00007ffb06f90000 	C:\Program Files\Java\jdk-13\bin\verify.dll
0x00007ffaedec0000 - 0x00007ffaee0b4000 	C:\Windows\SYSTEM32\DBGHELP.DLL
0x00007ffaede90000 - 0x00007ffaedeba000 	C:\Windows\SYSTEM32\dbgcore.DLL
0x00007ffafdfc0000 - 0x00007ffafdfe6000 	C:\Program Files\Java\jdk-13\bin\java.dll
0x00007ffafccf0000 - 0x00007ffafcd07000 	C:\Program Files\Java\jdk-13\bin\zip.dll
0x00007ffb06100000 - 0x00007ffb0610a000 	C:\Program Files\Java\jdk-13\bin\jimage.dll
0x00007ffb0b510000 - 0x00007ffb0bbf7000 	C:\Windows\System32\SHELL32.dll
0x00007ffb0bec0000 - 0x00007ffb0bf69000 	C:\Windows\System32\shcore.dll
0x00007ffb09a50000 - 0x00007ffb0a1d1000 	C:\Windows\System32\windows.storage.dll
0x00007ffb090b0000 - 0x00007ffb090d3000 	C:\Windows\System32\profapi.dll
0x00007ffb09100000 - 0x00007ffb0914a000 	C:\Windows\System32\powrprof.dll
0x00007ffb090a0000 - 0x00007ffb090b0000 	C:\Windows\System32\UMPDC.dll
0x00007ffb0bf70000 - 0x00007ffb0bfc2000 	C:\Windows\System32\shlwapi.dll
0x00007ffb091d0000 - 0x00007ffb091e7000 	C:\Windows\System32\cryptsp.dll
0x00007ffad5eb0000 - 0x00007ffad6049000 	C:\Program Files\Java\jdk-13\bin\awt.dll
0x00007ffb0c030000 - 0x00007ffb0c0f5000 	C:\Windows\System32\OLEAUT32.dll
0x00007ffb05a60000 - 0x00007ffb06020000 	C:\Windows\SYSTEM32\d2d1.dll
0x00007ffb071e0000 - 0x00007ffb0726f000 	C:\Windows\SYSTEM32\apphelp.dll
0x00007ffb08460000 - 0x00007ffb08493000 	C:\Windows\system32\rsaenh.dll
0x00007ffb09730000 - 0x00007ffb09756000 	C:\Windows\System32\bcrypt.dll
0x00007ffb08f80000 - 0x00007ffb08fa5000 	C:\Windows\SYSTEM32\USERENV.dll
0x00007ffb08ac0000 - 0x00007ffb08acc000 	C:\Windows\SYSTEM32\CRYPTBASE.dll
0x00007ffafc480000 - 0x00007ffafc499000 	C:\Program Files\Java\jdk-13\bin\net.dll
0x00007ffb03bb0000 - 0x00007ffb03ca0000 	C:\Windows\SYSTEM32\WINHTTP.dll
0x00007ffaffd10000 - 0x00007ffaffee6000 	C:\Windows\SYSTEM32\urlmon.dll
0x00007ffb00320000 - 0x00007ffb005c7000 	C:\Windows\SYSTEM32\iertutil.dll
0x00007ffb088f0000 - 0x00007ffb08957000 	C:\Windows\system32\mswsock.dll
0x00007ffb08600000 - 0x00007ffb0863a000 	C:\Windows\SYSTEM32\IPHLPAPI.DLL
0x00007ffb0c1b0000 - 0x00007ffb0c1b8000 	C:\Windows\System32\NSI.dll
0x00007ffb02e80000 - 0x00007ffb02e96000 	C:\Windows\SYSTEM32\dhcpcsvc6.DLL
0x00007ffb02e60000 - 0x00007ffb02e7c000 	C:\Windows\SYSTEM32\dhcpcsvc.DLL
0x00007ffb08640000 - 0x00007ffb0870b000 	C:\Windows\SYSTEM32\DNSAPI.dll
0x00007ffafbe70000 - 0x00007ffafbe83000 	C:\Program Files\Java\jdk-13\bin\nio.dll
0x00007ffae0580000 - 0x00007ffae0602000 	C:\Program Files\Java\jdk-13\bin\freetype.dll
0x00007ffad5e00000 - 0x00007ffad5ea6000 	C:\Program Files\Java\jdk-13\bin\fontmanager.dll
0x00007ffb079c0000 - 0x00007ffb079ed000 	C:\Windows\system32\DWMAPI.DLL
0x00007ffb07320000 - 0x00007ffb073b9000 	C:\Windows\system32\uxtheme.dll
0x00007ffad2d40000 - 0x00007ffad2e96000 	C:\Windows\system32\opengl32.dll
0x00007ffaff560000 - 0x00007ffaff58c000 	C:\Windows\SYSTEM32\GLU32.dll
0x00007ffb07cc0000 - 0x00007ffb07ce0000 	C:\Windows\SYSTEM32\dxcore.dll
0x00007ffb0bd70000 - 0x00007ffb0bea5000 	C:\Windows\System32\MSCTF.dll
0x00007ffb0a740000 - 0x00007ffb0a897000 	C:\Windows\System32\ole32.dll
0x00007ffb090e0000 - 0x00007ffb090f2000 	C:\Windows\System32\msasn1.dll
0x00007ffb02150000 - 0x00007ffb0217f000 	C:\Windows\SYSTEM32\cryptnet.dll
0x00007ffb09280000 - 0x00007ffb093c9000 	C:\Windows\System32\CRYPT32.dll
0x00007ffb09170000 - 0x00007ffb091cc000 	C:\Windows\System32\WINTRUST.DLL
0x00007ffb0b4f0000 - 0x00007ffb0b50d000 	C:\Windows\System32\imagehlp.dll
0x00007ffb07c70000 - 0x00007ffb07c92000 	C:\Windows\SYSTEM32\gpapi.dll
0x00007ffafc790000 - 0x00007ffafc82e000 	C:\Windows\System32\TextInputFramework.dll
0x00007ffb044a0000 - 0x00007ffb047ca000 	C:\Windows\System32\CoreUIComponents.dll
0x00007ffb06de0000 - 0x00007ffb06eb4000 	C:\Windows\System32\CoreMessaging.dll
0x00007ffb080c0000 - 0x00007ffb080f1000 	C:\Windows\SYSTEM32\ntmarta.dll
0x00007ffb04340000 - 0x00007ffb04493000 	C:\Windows\SYSTEM32\wintypes.dll
0x00007ffb005d0000 - 0x00007ffb00635000 	C:\Windows\system32\Oleacc.dll
0x00007ffafbe40000 - 0x00007ffafbe6d000 	C:\Program Files\Java\jdk-13\bin\javajpeg.dll

dbghelp: loaded successfully - version: 4.0.5 - missing functions: none
symbol engine: initialized successfully - sym options: 0x614 - pdb path: .;C:\Program Files\Java\jdk-13\bin;C:\Windows\SYSTEM32;C:\Windows\WinSxS\amd64_microsoft.windows.common-controls_6595b64144ccf1df_6.0.18362.1256_none_9e7e379be45e40e2;C:\Program Files\Java\jdk-13\bin\server;C:\WINDOWS\System32\DriverStore\FileRepository\nv_dispi.inf_amd64_8e68f77150e57b50

VM Arguments:
jvm_args: -Dfile.encoding=UTF-8 
java_command: warcraftTD.Main
java_class_path (initial): C:\Users\Cody\Desktop\Documents\_DEV\warcraftTD\bin
Launcher Type: SUN_STANDARD

[Global flags]
     intx CICompilerCount                          = 4                                         {product} {ergonomic}
     uint ConcGCThreads                            = 2                                         {product} {ergonomic}
     uint G1ConcRefinementThreads                  = 8                                         {product} {ergonomic}
   size_t G1HeapRegionSize                         = 1048576                                   {product} {ergonomic}
    uintx GCDrainStackTargetSize                   = 64                                        {product} {ergonomic}
   size_t InitialHeapSize                          = 268435456                                 {product} {ergonomic}
   size_t MarkStackSize                            = 4194304                                   {product} {ergonomic}
   size_t MaxHeapSize                              = 4273995776                                {product} {ergonomic}
   size_t MaxNewSize                               = 2563768320                                {product} {ergonomic}
   size_t MinHeapDeltaBytes                        = 1048576                                   {product} {ergonomic}
   size_t MinHeapSize                              = 8388608                                   {product} {ergonomic}
    uintx NonNMethodCodeHeapSize                   = 5836300                                {pd product} {ergonomic}
    uintx NonProfiledCodeHeapSize                  = 122910970                              {pd product} {ergonomic}
    uintx ProfiledCodeHeapSize                     = 122910970                              {pd product} {ergonomic}
    uintx ReservedCodeCacheSize                    = 251658240                              {pd product} {ergonomic}
     bool SegmentedCodeCache                       = true                                      {product} {ergonomic}
   size_t SoftMaxHeapSize                          = 4273995776                             {manageable} {ergonomic}
     bool UseCompressedClassPointers               = true                                 {lp64_product} {ergonomic}
     bool UseCompressedOops                        = true                                 {lp64_product} {ergonomic}
     bool UseG1GC                                  = true                                      {product} {ergonomic}
     bool UseLargePagesIndividualAllocation        = false                                  {pd product} {ergonomic}

Logging:
Log output configuration:
 #0: stdout all=warning uptime,level,tags
 #1: stderr all=off uptime,level,tags

Environment Variables:
JAVA_HOME=C:\Progra~1\Java\jdk-13
PATH=C:\Python\Python37\Scripts\;C:\Python\Python37\;C:\Program Files (x86)\Common Files\Oracle\Java\javapath;C:\Program Files (x86)\Common Files\Intel\Shared Libraries\redist\intel64\compiler;C:\ProgramData\Oracle\Java\javapath;C:\Program Files (x86)\Intel\iCLS Client\;C:\Program Files\Intel\iCLS Client\;C:\WINDOWS\system32;C:\WINDOWS;C:\WINDOWS\System32\Wbem;C:\WINDOWS\System32\WindowsPowerShell\v1.0\;C:\Program Files (x86)\Intel\Intel(R) Management Engine Components\DAL;C:\Program Files\Intel\Intel(R) Management Engine Components\DAL;C:\Program Files (x86)\Intel\Intel(R) Management Engine Components\IPT;C:\Program Files\Intel\Intel(R) Management Engine Components\IPT;C:\Program Files\dotnet\;C:\WINDOWS\System32\OpenSSH\;C:\Program Files (x86)\NVIDIA Corporation\PhysX\Common;C:\Users\Cody\AppData\Local\Programs\Python\Python37-32;C:\ProgramData\chocolatey\bin;C:\Program Files\nodejs\;C:\WINDOWS\system32;C:\WINDOWS;C:\WINDOWS\System32\Wbem;C:\WINDOWS\System32\WindowsPowerShell\v1.0\;C:\WINDOWS\System32\OpenSSH\;C:\Program Files (x86)\ZeroTier\One\;C:\MinGW\bin\;C:\Program Files\Git\cmd;C:\Program Files\Tesseract-OCR;C:\Users\Cody\Desktop\ffmpeg-4.3.1-2021-01-01-full_build\bin;C:\Users\Cody\AppData\Local\Microsoft\WindowsApps;C:\Users\Cody\AppData\Roaming\npm;C:\Users\Cody\AppData\Local\GitHubDesktop\bin;C:\Users\Cody\AppData\Local\Microsoft\WindowsApps;
USERNAME=Cody
OS=Windows_NT
PROCESSOR_IDENTIFIER=Intel64 Family 6 Model 94 Stepping 3, GenuineIntel



---------------  S Y S T E M  ---------------

OS: Windows 10 , 64 bit Build 18362 (10.0.18362.1110)

CPU:total 8 (initial active 8) (4 cores per cpu, 2 threads per core) family 6 model 94 stepping 3, cmov, cx8, fxsr, mmx, sse, sse2, sse3, ssse3, sse4.1, sse4.2, popcnt, avx, avx2, aes, clmul, erms, rtm, 3dnowpref, lzcnt, ht, tsc, tscinvbit, bmi1, bmi2, adx, fma

Memory: 4k page, system-wide physical 16300M (8844M free)
TotalPageFile size 18687M (AvailPageFile size 4609M)
current process WorkingSet (physical memory assigned to process): 278M, peak: 299M
current process commit charge ("private bytes"): 412M, peak: 473M

vm_info: Java HotSpot(TM) 64-Bit Server VM (13+33) for windows-amd64 JRE (13+33), built on Sep 18 2019 21:38:00 by "mach5one" with unknown MS VC++:1916

END.
