#
# A fatal error has been detected by the Java Runtime Environment:
#
#  EXCEPTION_ACCESS_VIOLATION (0xc0000005) at pc=0x00007fff12ff5d1a, pid=121688, tid=144104
#
# JRE version: Java(TM) SE Runtime Environment (13.0+33) (build 13+33)
# Java VM: Java HotSpot(TM) 64-Bit Server VM (13+33, mixed mode, sharing, tiered, compressed oops, g1 gc, windows-amd64)
# Problematic frame:
# C  [freetype.dll+0x45d1a]
#
# No core dump will be written. Minidumps are not enabled by default on client versions of Windows
#
# If you would like to submit a bug report, please visit:
#   http://bugreport.java.com/bugreport/crash.jsp
# The crash happened outside the Java Virtual Machine in native code.
# See problematic frame for where to report the bug.
#

---------------  S U M M A R Y ------------

Command Line: -agentlib:jdwp=transport=dt_socket,server=n,suspend=y,address=localhost:55033 -Dfile.encoding=UTF-8 warcraftTD.Main

Host: Intel(R) Core(TM) i7-6700K CPU @ 4.00GHz, 8 cores, 15G,  Windows 10 , 64 bit Build 18362 (10.0.18362.1316)
Time: Sat Jan 23 17:15:40 2021 Paris, Madrid elapsed time: 118 seconds (0d 0h 1m 58s)

---------------  T H R E A D  ---------------

Current thread (0x00000264cdbbf800):  JavaThread "main" [_thread_in_native, id=144104, stack(0x000000fdf2700000,0x000000fdf2800000)]

Stack: [0x000000fdf2700000,0x000000fdf2800000],  sp=0x000000fdf27fe8b0,  free space=1018k
Native frames: (J=compiled Java code, j=interpreted, Vv=VM code, C=native code)
C  [freetype.dll+0x45d1a]

Java frames: (J=compiled Java code, j=interpreted, Vv=VM code)
J 2687  sun.font.FreetypeFontScaler.getGlyphImageNative(Lsun/font/Font2D;JJI)J java.desktop@13 (0 bytes) @ 0x00000264df4cb029 [0x00000264df4cafc0+0x0000000000000069]
J 3259 c2 sun.font.FileFontStrike.getGlyphAdvance(IZ)F java.desktop@13 (400 bytes) @ 0x00000264df4e4cb4 [0x00000264df4e48c0+0x00000000000003f4]
J 3001 c2 sun.font.FontDesignMetrics.handleCharWidth(I)F java.desktop@13 (9 bytes) @ 0x00000264df6f4cf4 [0x00000264df6f4a80+0x0000000000000274]
J 2255 c2 warcraftTD.StdDraw.text(DDLjava/lang/String;)V (88 bytes) @ 0x00000264df55eae0 [0x00000264df55e680+0x0000000000000460]
J 3185 c2 warcraftTD.World.drawTowerPrices(Ljava/awt/Color;Ljava/awt/Color;Ljava/awt/Color;D)V (328 bytes) @ 0x00000264df7e73fc [0x00000264df7e6620+0x0000000000000ddc]
J 3242 c1 warcraftTD.World.drawHUD()V (199 bytes) @ 0x00000264d7fe97b4 [0x00000264d7fe9340+0x0000000000000474]
J 3184 c2 warcraftTD.World.draw()V (43 bytes) @ 0x00000264df7e2c3c [0x00000264df7e2680+0x00000000000005bc]
j  warcraftTD.World.run()V+58
j  warcraftTD.Menu.onMouseClick(DD)V+54
j  warcraftTD.Menu.loop()V+79
j  warcraftTD.Main.main([Ljava/lang/String;)V+23
v  ~StubRoutines::call_stub

siginfo: EXCEPTION_ACCESS_VIOLATION (0xc0000005), reading address 0x0000000000000118


Register to memory mapping:

RIP=0x00007fff12ff5d1a freetype.dll
RAX=0x000000fdf27fe8e8 is pointing into the stack for thread: 0x00000264cdbbf800
RBX=0x000000fdf27fea90 is pointing into the stack for thread: 0x00000264cdbbf800
RCX=0x00000264fd854000 points into unknown readable memory: 01 00 00 00 00 00 00 00
RDX=0x0 is NULL
RSP=0x000000fdf27fe8b0 is pointing into the stack for thread: 0x00000264cdbbf800
RBP=0x000000fdf27fe9b0 is pointing into the stack for thread: 0x00000264cdbbf800
RSI=0x00000264fd854000 points into unknown readable memory: 01 00 00 00 00 00 00 00
RDI=0x0 is NULL
R8 =0x0000000000000015 is an unknown value
R9 =0x000000fdf27fe910 is pointing into the stack for thread: 0x00000264cdbbf800
R10=0x0 is NULL
R11=0x000000fdf27fe7e0 is pointing into the stack for thread: 0x00000264cdbbf800
R12=0x0000000000000015 is an unknown value
R13=0x0000000000000790 is an unknown value
R14=0x00000264fd854000 points into unknown readable memory: 01 00 00 00 00 00 00 00
R15=0x00000264fb783bc0 points into unknown readable memory: 80 1f 79 fb 64 02 00 00


Registers:
RAX=0x000000fdf27fe8e8, RBX=0x000000fdf27fea90, RCX=0x00000264fd854000, RDX=0x0000000000000000
RSP=0x000000fdf27fe8b0, RBP=0x000000fdf27fe9b0, RSI=0x00000264fd854000, RDI=0x0000000000000000
R8 =0x0000000000000015, R9 =0x000000fdf27fe910, R10=0x0000000000000000, R11=0x000000fdf27fe7e0
R12=0x0000000000000015, R13=0x0000000000000790, R14=0x00000264fd854000, R15=0x00000264fb783bc0
RIP=0x00007fff12ff5d1a, EFLAGS=0x0000000000010246

Top of Stack: (sp=0x000000fdf27fe8b0)
0x000000fdf27fe8b0:   000000fdf27fea90 000000fdf27feac0
0x000000fdf27fe8c0:   0000000000000000 0000000700000000
0x000000fdf27fe8d0:   000000fdf27fe8e8 0000000700000008
0x000000fdf27fe8e0:   0000020000000000 0000000000000000
0x000000fdf27fe8f0:   0000000000000000 0000026400000918
0x000000fdf27fe900:   000147ae000147ae 00007ffe00000000
0x000000fdf27fe910:   01d6ef5100000000 00007fff12ffdc73
0x000000fdf27fe920:   00000264cdbc00f1 0000000b0000000b
0x000000fdf27fe930:   00000264cdbbf800 0000000000000000
0x000000fdf27fe940:   0000000000000000 0000000000000000
0x000000fdf27fe950:   00000264fb54dd00 00000264fb808f30
0x000000fdf27fe960:   00000264fe1a9ae0 00000264fd854000
0x000000fdf27fe970:   00000264fb96d650 00007fff13002993
0x000000fdf27fe980:   00000264cdbbfb10 00000264fb96d650
0x000000fdf27fe990:   00000264fb96d650 00000264cdbbf800
0x000000fdf27fe9a0:   0000000000000000 00000264fe1a9ae0 

Instructions: (pc=0x00007fff12ff5d1a)
0x00007fff12ff5c1a:   48 89 45 c0 48 89 45 c8 48 89 45 d0 48 89 45 d8
0x00007fff12ff5c2a:   48 89 45 e0 c6 44 24 34 01 e8 18 e0 fd ff 48 8d
0x00007fff12ff5c3a:   45 a0 48 89 43 28 eb 12 48 8d 73 30 49 8b ce 4c
0x00007fff12ff5c4a:   8b c6 e8 6f d1 00 00 44 8b e8 44 8b 0e 45 85 c9
0x00007fff12ff5c5a:   7e 63 41 8b 96 04 04 00 00 85 d2 75 15 49 8b 8e
0x00007fff12ff5c6a:   d0 00 00 00 48 39 79 50 75 08 8d 4a 08 e9 01 0a
0x00007fff12ff5c7a:   00 00 46 8d 04 2a 48 8b cb 41 8b d4 41 ff 96 a8
0x00007fff12ff5c8a:   02 00 00 89 44 24 30 8b c8 85 c0 0f 85 e6 09 00
0x00007fff12ff5c9a:   00 48 8b cb 41 ff 96 b8 02 00 00 48 8b cb 89 44
0x00007fff12ff5caa:   24 30 41 ff 96 b0 02 00 00 8b 4c 24 30 85 c9 0f
0x00007fff12ff5cba:   85 c2 09 00 00 39 3e 74 06 66 39 7b 34 75 08 48
0x00007fff12ff5cca:   89 7b 38 48 89 7b 40 48 8b 43 28 48 8b 33 48 8b
0x00007fff12ff5cda:   c8 48 89 45 40 66 89 7c 24 60 66 89 7c 24 44 66
0x00007fff12ff5cea:   89 7c 24 38 66 89 7c 24 40 e8 78 df fd ff 4c 8b
0x00007fff12ff5cfa:   96 d0 02 00 00 4c 8d 4c 24 60 89 44 24 48 45 8b
0x00007fff12ff5d0a:   c4 48 8d 44 24 38 33 d2 48 8b ce 48 89 44 24 20
0x00007fff12ff5d1a:   41 ff 92 18 01 00 00 8b 4b 44 40 38 be 90 01 00
0x00007fff12ff5d2a:   00 74 27 4c 8b 96 d0 02 00 00 48 8d 44 24 40 4c
0x00007fff12ff5d3a:   8d 4c 24 44 48 89 44 24 20 45 8b c4 b2 01 48 8b
0x00007fff12ff5d4a:   ce 41 ff 92 18 01 00 00 eb 7d b8 ff ff 00 00 66
0x00007fff12ff5d5a:   39 86 08 02 00 00 74 37 0f b7 86 4e 02 00 00 66
0x00007fff12ff5d6a:   2b c1 66 89 44 24 44 0f bf 8e 4e 02 00 00 44 0f
0x00007fff12ff5d7a:   bf 86 50 02 00 00 8b d1 41 2b d0 0f b7 c1 66 41
0x00007fff12ff5d8a:   2b c0 66 44 2b c1 85 d2 66 44 0f 49 c0 eb 32 0f
0x00007fff12ff5d9a:   b7 86 3c 01 00 00 66 2b c1 66 89 44 24 44 0f bf
0x00007fff12ff5daa:   96 3e 01 00 00 44 0f bf 86 3c 01 00 00 44 3b c2
0x00007fff12ff5dba:   79 0b 66 41 2b d0 66 89 54 24 40 eb 0a 66 44 2b
0x00007fff12ff5dca:   c2 66 44 89 44 24 40 8b 54 24 48 48 8b 4d 40 e8
0x00007fff12ff5dda:   e2 e4 fd ff 8b c8 85 c0 75 35 0f bf 44 24 60 0f
0x00007fff12ff5dea:   b7 4c 24 38 89 43 48 0f bf 44 24 44 89 83 08 01
0x00007fff12ff5dfa:   00 00 0f b7 44 24 40 89 83 0c 01 00 00 89 4b 4c
0x00007fff12ff5e0a:   40 38 7b 54 75 07 c6 43 54 01 89 4b 50 8b cf 89 


Stack slot to memory mapping:
stack at sp + 0 slots: 0x000000fdf27fea90 is pointing into the stack for thread: 0x00000264cdbbf800
stack at sp + 1 slots: 0x000000fdf27feac0 is pointing into the stack for thread: 0x00000264cdbbf800
stack at sp + 2 slots: 0x0 is NULL
stack at sp + 3 slots: 0x0000000700000000 is an unknown value
stack at sp + 4 slots: 0x000000fdf27fe8e8 is pointing into the stack for thread: 0x00000264cdbbf800
stack at sp + 5 slots: 0x0000000700000008 is an unknown value
stack at sp + 6 slots: 0x0000020000000000 is an unknown value
stack at sp + 7 slots: 0x0 is NULL


---------------  P R O C E S S  ---------------

Threads class SMR info:
_java_thread_list=0x0000026480041360, length=16, elements={
0x00000264cdbbf800, 0x00000264f35f8000, 0x00000264f35fd800, 0x00000264f3e9a800,
0x00000264f3e9b800, 0x00000264f3e9c800, 0x00000264f3e9e000, 0x00000264f3ea3000,
0x00000264f3ffa800, 0x00000264f3ffe000, 0x00000264f3fff000, 0x00000264f400d800,
0x00000264f401a800, 0x00000264f4a6f000, 0x00000264f4a74800, 0x00000264f51ae000
}

Java Threads: ( => current thread )
=>0x00000264cdbbf800 JavaThread "main" [_thread_in_native, id=144104, stack(0x000000fdf2700000,0x000000fdf2800000)]
  0x00000264f35f8000 JavaThread "Reference Handler" daemon [_thread_blocked, id=143836, stack(0x000000fdf2e00000,0x000000fdf2f00000)]
  0x00000264f35fd800 JavaThread "Finalizer" daemon [_thread_blocked, id=136656, stack(0x000000fdf2f00000,0x000000fdf3000000)]
  0x00000264f3e9a800 JavaThread "Signal Dispatcher" daemon [_thread_blocked, id=144040, stack(0x000000fdf3000000,0x000000fdf3100000)]
  0x00000264f3e9b800 JavaThread "Attach Listener" daemon [_thread_blocked, id=143684, stack(0x000000fdf3100000,0x000000fdf3200000)]
  0x00000264f3e9c800 JavaThread "C2 CompilerThread0" daemon [_thread_blocked, id=143648, stack(0x000000fdf3200000,0x000000fdf3300000)]
  0x00000264f3e9e000 JavaThread "C1 CompilerThread0" daemon [_thread_blocked, id=143260, stack(0x000000fdf3300000,0x000000fdf3400000)]
  0x00000264f3ea3000 JavaThread "Sweeper thread" daemon [_thread_blocked, id=143536, stack(0x000000fdf3400000,0x000000fdf3500000)]
  0x00000264f3ffa800 JavaThread "JDWP Transport Listener: dt_socket" daemon [_thread_blocked, id=142180, stack(0x000000fdf3500000,0x000000fdf3600000)]
  0x00000264f3ffe000 JavaThread "JDWP Event Helper Thread" daemon [_thread_blocked, id=137772, stack(0x000000fdf3600000,0x000000fdf3700000)]
  0x00000264f3fff000 JavaThread "JDWP Command Reader" daemon [_thread_in_native, id=141136, stack(0x000000fdf3700000,0x000000fdf3800000)]
  0x00000264f400d800 JavaThread "Service Thread" daemon [_thread_blocked, id=136848, stack(0x000000fdf3800000,0x000000fdf3900000)]
  0x00000264f401a800 JavaThread "Common-Cleaner" daemon [_thread_blocked, id=143700, stack(0x000000fdf3a00000,0x000000fdf3b00000)]
  0x00000264f4a6f000 JavaThread "Java2D Disposer" daemon [_thread_blocked, id=135140, stack(0x000000fdf3b00000,0x000000fdf3c00000)]
  0x00000264f4a74800 JavaThread "AWT-Shutdown" [_thread_blocked, id=137604, stack(0x000000fdf3c00000,0x000000fdf3d00000)]
  0x00000264f51ae000 JavaThread "AWT-EventQueue-0" [_thread_blocked, id=133476, stack(0x000000fdf4000000,0x000000fdf4100000)]

Other Threads:
  0x00000264f35f7000 VMThread "VM Thread" [stack: 0x000000fdf2d00000,0x000000fdf2e00000] [id=137680]
  0x00000264f4012000 WatcherThread [stack: 0x000000fdf3900000,0x000000fdf3a00000] [id=143832]
  0x00000264cdc2a000 GCTaskThread "GC Thread#0" [stack: 0x000000fdf2800000,0x000000fdf2900000] [id=122704]
  0x00000264fbd4b800 GCTaskThread "GC Thread#1" [stack: 0x000000fdf4400000,0x000000fdf4500000] [id=143456]
  0x00000264fbd4c000 GCTaskThread "GC Thread#2" [stack: 0x000000fdf4500000,0x000000fdf4600000] [id=143216]
  0x00000264fd4f9800 GCTaskThread "GC Thread#3" [stack: 0x000000fdf4600000,0x000000fdf4700000] [id=143976]
  0x00000264fd4fb000 GCTaskThread "GC Thread#4" [stack: 0x000000fdf4700000,0x000000fdf4800000] [id=137432]
  0x00000264fd4fc000 GCTaskThread "GC Thread#5" [stack: 0x000000fdf4800000,0x000000fdf4900000] [id=133544]
  0x00000264fd834800 GCTaskThread "GC Thread#6" [stack: 0x000000fdf2500000,0x000000fdf2600000] [id=143888]
  0x0000026480f63800 GCTaskThread "GC Thread#7" [stack: 0x000000fdf3e00000,0x000000fdf3f00000] [id=143772]
  0x00000264cdc4c000 ConcurrentGCThread "G1 Main Marker" [stack: 0x000000fdf2900000,0x000000fdf2a00000] [id=144148]
  0x00000264cdc4d800 ConcurrentGCThread "G1 Conc#0" [stack: 0x000000fdf2a00000,0x000000fdf2b00000] [id=123116]
  0x00000264cdc8e800 ConcurrentGCThread "G1 Refine#0" [stack: 0x000000fdf2b00000,0x000000fdf2c00000] [id=101908]
  0x00000264f4a54800 ConcurrentGCThread "G1 Refine#1" [stack: 0x000000fdf4900000,0x000000fdf4a00000] [id=143416]
  0x00000264fb459800 ConcurrentGCThread "G1 Refine#2" [stack: 0x000000fdf4a00000,0x000000fdf4b00000] [id=143908]
  0x00000264fc06c800 ConcurrentGCThread "G1 Refine#3" [stack: 0x000000fdf4b00000,0x000000fdf4c00000] [id=143840]
  0x00000264fddff000 ConcurrentGCThread "G1 Refine#4" [stack: 0x000000fdf4c00000,0x000000fdf4d00000] [id=136572]
  0x00000264f4010800 ConcurrentGCThread "G1 Refine#5" [stack: 0x000000fdf4d00000,0x000000fdf4e00000] [id=129032]
  0x00000264f34ef800 ConcurrentGCThread "G1 Young RemSet Sampling" [stack: 0x000000fdf2c00000,0x000000fdf2d00000] [id=144352]

Threads with active compile tasks:

VM state:not at safepoint (normal execution)

VM Mutex/Monitor currently owned by a thread: None

Heap address: 0x0000000701400000, size: 4076 MB, Compressed Oops mode: Zero based, Oop shift amount: 3
Narrow klass base: 0x0000000800000000, Narrow klass shift: 3
Compressed class space size: 1073741824 Address: 0x0000000800b40000

Heap:
 garbage-first heap   total 262144K, used 76245K [0x0000000701400000, 0x0000000800000000)
  region size 1024K, 13 young (13312K), 12 survivors (12288K)
 Metaspace       used 9652K, capacity 9932K, committed 10112K, reserved 1058816K
  class space    used 919K, capacity 1042K, committed 1152K, reserved 1048576K
Heap Regions: E=young(eden), S=young(survivor), O=old, HS=humongous(starts), HC=humongous(continues), CS=collection set, F=free, A=archive, TAMS=top-at-mark-start (previous, next)
|   0|0x0000000701400000, 0x0000000701500000, 0x0000000701500000|100%| O|  |TAMS 0x0000000701400000, 0x0000000701400000| Untracked 
|   1|0x0000000701500000, 0x0000000701600000, 0x0000000701600000|100%| O|  |TAMS 0x0000000701500000, 0x0000000701500000| Untracked 
|   2|0x0000000701600000, 0x0000000701700000, 0x0000000701700000|100%|HS|  |TAMS 0x0000000701600000, 0x0000000701600000| Complete 
|   3|0x0000000701700000, 0x0000000701800000, 0x0000000701800000|100%|HC|  |TAMS 0x0000000701700000, 0x0000000701700000| Complete 
|   4|0x0000000701800000, 0x0000000701900000, 0x0000000701900000|100%|HS|  |TAMS 0x0000000701800000, 0x0000000701800000| Complete 
|   5|0x0000000701900000, 0x0000000701a00000, 0x0000000701a00000|100%|HC|  |TAMS 0x0000000701900000, 0x0000000701900000| Complete 
|   6|0x0000000701a00000, 0x0000000701b00000, 0x0000000701b00000|100%|HC|  |TAMS 0x0000000701a00000, 0x0000000701a00000| Complete 
|   7|0x0000000701b00000, 0x0000000701c00000, 0x0000000701c00000|100%|HC|  |TAMS 0x0000000701b00000, 0x0000000701b00000| Complete 
|   8|0x0000000701c00000, 0x0000000701d00000, 0x0000000701d00000|100%|HS|  |TAMS 0x0000000701c00000, 0x0000000701c00000| Complete 
|   9|0x0000000701d00000, 0x0000000701e00000, 0x0000000701e00000|100%|HC|  |TAMS 0x0000000701d00000, 0x0000000701d00000| Complete 
|  10|0x0000000701e00000, 0x0000000701f00000, 0x0000000701f00000|100%|HC|  |TAMS 0x0000000701e00000, 0x0000000701e00000| Complete 
|  11|0x0000000701f00000, 0x0000000702000000, 0x0000000702000000|100%|HC|  |TAMS 0x0000000701f00000, 0x0000000701f00000| Complete 
|  12|0x0000000702000000, 0x0000000702100000, 0x0000000702100000|100%|HS|  |TAMS 0x0000000702000000, 0x0000000702000000| Complete 
|  13|0x0000000702100000, 0x0000000702200000, 0x0000000702200000|100%|HC|  |TAMS 0x0000000702100000, 0x0000000702100000| Complete 
|  14|0x0000000702200000, 0x0000000702300000, 0x0000000702300000|100%|HC|  |TAMS 0x0000000702200000, 0x0000000702200000| Complete 
|  15|0x0000000702300000, 0x0000000702400000, 0x0000000702400000|100%|HC|  |TAMS 0x0000000702300000, 0x0000000702300000| Complete 
|  16|0x0000000702400000, 0x0000000702500000, 0x0000000702500000|100%| O|  |TAMS 0x0000000702400000, 0x0000000702400000| Untracked 
|  17|0x0000000702500000, 0x0000000702600000, 0x0000000702600000|100%| O|  |TAMS 0x0000000702500000, 0x0000000702500000| Untracked 
|  18|0x0000000702600000, 0x0000000702700000, 0x0000000702700000|100%| O|  |TAMS 0x0000000702600000, 0x0000000702600000| Untracked 
|  19|0x0000000702700000, 0x0000000702800000, 0x0000000702800000|100%| O|  |TAMS 0x0000000702700000, 0x0000000702700000| Untracked 
|  20|0x0000000702800000, 0x0000000702900000, 0x0000000702900000|100%| O|  |TAMS 0x0000000702800000, 0x0000000702800000| Untracked 
|  21|0x0000000702900000, 0x0000000702a00000, 0x0000000702a00000|100%| O|  |TAMS 0x0000000702900000, 0x0000000702900000| Untracked 
|  22|0x0000000702a00000, 0x0000000702b00000, 0x0000000702b00000|100%| O|  |TAMS 0x0000000702a00000, 0x0000000702a00000| Untracked 
|  23|0x0000000702b00000, 0x0000000702c00000, 0x0000000702c00000|100%| O|  |TAMS 0x0000000702b00000, 0x0000000702b00000| Untracked 
|  24|0x0000000702c00000, 0x0000000702d00000, 0x0000000702d00000|100%| O|  |TAMS 0x0000000702c00000, 0x0000000702c00000| Untracked 
|  25|0x0000000702d00000, 0x0000000702e00000, 0x0000000702e00000|100%|HS|  |TAMS 0x0000000702d00000, 0x0000000702d00000| Complete 
|  26|0x0000000702e00000, 0x0000000702f00000, 0x0000000702f00000|100%|HC|  |TAMS 0x0000000702e00000, 0x0000000702e00000| Complete 
|  27|0x0000000702f00000, 0x0000000703000000, 0x0000000703000000|100%|HC|  |TAMS 0x0000000702f00000, 0x0000000702f00000| Complete 
|  28|0x0000000703000000, 0x0000000703100000, 0x0000000703100000|100%|HS|  |TAMS 0x0000000703000000, 0x0000000703000000| Complete 
|  29|0x0000000703100000, 0x0000000703200000, 0x0000000703200000|100%| O|  |TAMS 0x0000000703100000, 0x0000000703100000| Untracked 
|  30|0x0000000703200000, 0x0000000703300000, 0x0000000703300000|100%| O|  |TAMS 0x0000000703200000, 0x0000000703200000| Untracked 
|  31|0x0000000703300000, 0x0000000703400000, 0x0000000703400000|100%| O|  |TAMS 0x0000000703300000, 0x0000000703300000| Untracked 
|  32|0x0000000703400000, 0x0000000703500000, 0x0000000703500000|100%| O|  |TAMS 0x0000000703400000, 0x0000000703400000| Untracked 
|  33|0x0000000703500000, 0x0000000703600000, 0x0000000703600000|100%| O|  |TAMS 0x0000000703500000, 0x0000000703500000| Untracked 
|  34|0x0000000703600000, 0x0000000703700000, 0x0000000703700000|100%| O|  |TAMS 0x0000000703600000, 0x0000000703600000| Untracked 
|  35|0x0000000703700000, 0x0000000703800000, 0x0000000703800000|100%| O|  |TAMS 0x0000000703700000, 0x0000000703700000| Untracked 
|  36|0x0000000703800000, 0x0000000703900000, 0x0000000703900000|100%| O|  |TAMS 0x0000000703800000, 0x0000000703800000| Untracked 
|  37|0x0000000703900000, 0x0000000703a00000, 0x0000000703a00000|100%| O|  |TAMS 0x0000000703900000, 0x0000000703900000| Untracked 
|  38|0x0000000703a00000, 0x0000000703b00000, 0x0000000703b00000|100%| O|  |TAMS 0x0000000703a00000, 0x0000000703a00000| Untracked 
|  39|0x0000000703b00000, 0x0000000703c00000, 0x0000000703c00000|100%| O|  |TAMS 0x0000000703b00000, 0x0000000703b00000| Untracked 
|  40|0x0000000703c00000, 0x0000000703d00000, 0x0000000703d00000|100%| O|  |TAMS 0x0000000703c00000, 0x0000000703c00000| Untracked 
|  41|0x0000000703d00000, 0x0000000703e00000, 0x0000000703e00000|100%| O|  |TAMS 0x0000000703d00000, 0x0000000703d00000| Untracked 
|  42|0x0000000703e00000, 0x0000000703f00000, 0x0000000703f00000|100%| O|  |TAMS 0x0000000703e00000, 0x0000000703e00000| Untracked 
|  43|0x0000000703f00000, 0x0000000704000000, 0x0000000704000000|100%| O|  |TAMS 0x0000000703f00000, 0x0000000703f00000| Untracked 
|  44|0x0000000704000000, 0x0000000704100000, 0x0000000704100000|100%| O|  |TAMS 0x0000000704000000, 0x0000000704000000| Untracked 
|  45|0x0000000704100000, 0x0000000704200000, 0x0000000704200000|100%| O|  |TAMS 0x0000000704100000, 0x0000000704100000| Untracked 
|  46|0x0000000704200000, 0x0000000704300000, 0x0000000704300000|100%| O|  |TAMS 0x0000000704200000, 0x0000000704200000| Untracked 
|  47|0x0000000704300000, 0x0000000704400000, 0x0000000704400000|100%| O|  |TAMS 0x0000000704300000, 0x0000000704300000| Untracked 
|  48|0x0000000704400000, 0x0000000704500000, 0x0000000704500000|100%| O|  |TAMS 0x0000000704400000, 0x0000000704400000| Untracked 
|  49|0x0000000704500000, 0x0000000704600000, 0x0000000704600000|100%| O|  |TAMS 0x0000000704500000, 0x0000000704500000| Untracked 
|  50|0x0000000704600000, 0x0000000704700000, 0x0000000704700000|100%| O|  |TAMS 0x0000000704600000, 0x0000000704600000| Untracked 
|  51|0x0000000704700000, 0x0000000704800000, 0x0000000704800000|100%| O|  |TAMS 0x0000000704700000, 0x0000000704700000| Untracked 
|  52|0x0000000704800000, 0x0000000704900000, 0x0000000704900000|100%| O|  |TAMS 0x0000000704800000, 0x0000000704800000| Untracked 
|  53|0x0000000704900000, 0x0000000704a00000, 0x0000000704a00000|100%| O|  |TAMS 0x0000000704900000, 0x0000000704900000| Untracked 
|  54|0x0000000704a00000, 0x0000000704b00000, 0x0000000704b00000|100%| O|  |TAMS 0x0000000704a00000, 0x0000000704a00000| Untracked 
|  55|0x0000000704b00000, 0x0000000704c00000, 0x0000000704c00000|100%| O|  |TAMS 0x0000000704b00000, 0x0000000704b00000| Untracked 
|  56|0x0000000704c00000, 0x0000000704d00000, 0x0000000704d00000|100%|HS|  |TAMS 0x0000000704c00000, 0x0000000704c00000| Complete 
|  57|0x0000000704d00000, 0x0000000704e00000, 0x0000000704e00000|100%|HC|  |TAMS 0x0000000704d00000, 0x0000000704d00000| Complete 
|  58|0x0000000704e00000, 0x0000000704f00000, 0x0000000704f00000|100%| O|  |TAMS 0x0000000704e00000, 0x0000000704e00000| Untracked 
|  59|0x0000000704f00000, 0x0000000705000000, 0x0000000705000000|100%| O|  |TAMS 0x0000000704f00000, 0x0000000704f00000| Untracked 
|  60|0x0000000705000000, 0x0000000705100000, 0x0000000705100000|100%| O|  |TAMS 0x0000000705000000, 0x0000000705000000| Untracked 
|  61|0x0000000705100000, 0x0000000705200000, 0x0000000705200000|100%| O|  |TAMS 0x0000000705100000, 0x0000000705100000| Untracked 
|  62|0x0000000705200000, 0x0000000705275400, 0x0000000705300000| 45%| O|  |TAMS 0x0000000705200000, 0x0000000705200000| Untracked 
|  63|0x0000000705300000, 0x0000000705300000, 0x0000000705400000|  0%| F|  |TAMS 0x0000000705300000, 0x0000000705300000| Untracked 
|  64|0x0000000705400000, 0x0000000705400000, 0x0000000705500000|  0%| F|  |TAMS 0x0000000705400000, 0x0000000705400000| Untracked 
|  65|0x0000000705500000, 0x0000000705500000, 0x0000000705600000|  0%| F|  |TAMS 0x0000000705500000, 0x0000000705500000| Untracked 
|  66|0x0000000705600000, 0x0000000705600000, 0x0000000705700000|  0%| F|  |TAMS 0x0000000705600000, 0x0000000705600000| Untracked 
|  67|0x0000000705700000, 0x0000000705700000, 0x0000000705800000|  0%| F|  |TAMS 0x0000000705700000, 0x0000000705700000| Untracked 
|  68|0x0000000705800000, 0x0000000705800000, 0x0000000705900000|  0%| F|  |TAMS 0x0000000705800000, 0x0000000705800000| Untracked 
|  69|0x0000000705900000, 0x0000000705900000, 0x0000000705a00000|  0%| F|  |TAMS 0x0000000705900000, 0x0000000705900000| Untracked 
|  70|0x0000000705a00000, 0x0000000705a00000, 0x0000000705b00000|  0%| F|  |TAMS 0x0000000705a00000, 0x0000000705a00000| Untracked 
|  71|0x0000000705b00000, 0x0000000705b00000, 0x0000000705c00000|  0%| F|  |TAMS 0x0000000705b00000, 0x0000000705b00000| Untracked 
|  72|0x0000000705c00000, 0x0000000705c00000, 0x0000000705d00000|  0%| F|  |TAMS 0x0000000705c00000, 0x0000000705c00000| Untracked 
|  73|0x0000000705d00000, 0x0000000705d00000, 0x0000000705e00000|  0%| F|  |TAMS 0x0000000705d00000, 0x0000000705d00000| Untracked 
|  74|0x0000000705e00000, 0x0000000705e00000, 0x0000000705f00000|  0%| F|  |TAMS 0x0000000705e00000, 0x0000000705e00000| Untracked 
|  75|0x0000000705f00000, 0x0000000705f00000, 0x0000000706000000|  0%| F|  |TAMS 0x0000000705f00000, 0x0000000705f00000| Untracked 
|  76|0x0000000706000000, 0x0000000706000000, 0x0000000706100000|  0%| F|  |TAMS 0x0000000706000000, 0x0000000706000000| Untracked 
|  77|0x0000000706100000, 0x0000000706100000, 0x0000000706200000|  0%| F|  |TAMS 0x0000000706100000, 0x0000000706100000| Untracked 
|  78|0x0000000706200000, 0x0000000706200000, 0x0000000706300000|  0%| F|  |TAMS 0x0000000706200000, 0x0000000706200000| Untracked 
|  79|0x0000000706300000, 0x0000000706300000, 0x0000000706400000|  0%| F|  |TAMS 0x0000000706300000, 0x0000000706300000| Untracked 
|  80|0x0000000706400000, 0x0000000706400000, 0x0000000706500000|  0%| F|  |TAMS 0x0000000706400000, 0x0000000706400000| Untracked 
|  81|0x0000000706500000, 0x0000000706500000, 0x0000000706600000|  0%| F|  |TAMS 0x0000000706500000, 0x0000000706500000| Untracked 
|  82|0x0000000706600000, 0x0000000706600000, 0x0000000706700000|  0%| F|  |TAMS 0x0000000706600000, 0x0000000706600000| Untracked 
|  83|0x0000000706700000, 0x0000000706700000, 0x0000000706800000|  0%| F|  |TAMS 0x0000000706700000, 0x0000000706700000| Untracked 
|  84|0x0000000706800000, 0x0000000706800000, 0x0000000706900000|  0%| F|  |TAMS 0x0000000706800000, 0x0000000706800000| Untracked 
|  85|0x0000000706900000, 0x0000000706900000, 0x0000000706a00000|  0%| F|  |TAMS 0x0000000706900000, 0x0000000706900000| Untracked 
|  86|0x0000000706a00000, 0x0000000706a00000, 0x0000000706b00000|  0%| F|  |TAMS 0x0000000706a00000, 0x0000000706a00000| Untracked 
|  87|0x0000000706b00000, 0x0000000706b00000, 0x0000000706c00000|  0%| F|  |TAMS 0x0000000706b00000, 0x0000000706b00000| Untracked 
|  88|0x0000000706c00000, 0x0000000706c00000, 0x0000000706d00000|  0%| F|  |TAMS 0x0000000706c00000, 0x0000000706c00000| Untracked 
|  89|0x0000000706d00000, 0x0000000706d00000, 0x0000000706e00000|  0%| F|  |TAMS 0x0000000706d00000, 0x0000000706d00000| Untracked 
|  90|0x0000000706e00000, 0x0000000706e00000, 0x0000000706f00000|  0%| F|  |TAMS 0x0000000706e00000, 0x0000000706e00000| Untracked 
|  91|0x0000000706f00000, 0x0000000707000000, 0x0000000707000000|100%| S|CS|TAMS 0x0000000706f00000, 0x0000000706f00000| Complete 
|  92|0x0000000707000000, 0x0000000707000000, 0x0000000707100000|  0%| F|  |TAMS 0x0000000707000000, 0x0000000707000000| Untracked 
|  93|0x0000000707100000, 0x0000000707100000, 0x0000000707200000|  0%| F|  |TAMS 0x0000000707100000, 0x0000000707100000| Untracked 
|  94|0x0000000707200000, 0x0000000707200000, 0x0000000707300000|  0%| F|  |TAMS 0x0000000707200000, 0x0000000707200000| Untracked 
|  95|0x0000000707300000, 0x0000000707400000, 0x0000000707400000|100%| S|CS|TAMS 0x0000000707300000, 0x0000000707300000| Complete 
|  96|0x0000000707400000, 0x0000000707400000, 0x0000000707500000|  0%| F|  |TAMS 0x0000000707400000, 0x0000000707400000| Untracked 
|  97|0x0000000707500000, 0x0000000707600000, 0x0000000707600000|100%| S|CS|TAMS 0x0000000707500000, 0x0000000707500000| Complete 
|  98|0x0000000707600000, 0x0000000707700000, 0x0000000707700000|100%| S|CS|TAMS 0x0000000707600000, 0x0000000707600000| Complete 
|  99|0x0000000707700000, 0x0000000707700000, 0x0000000707800000|  0%| F|  |TAMS 0x0000000707700000, 0x0000000707700000| Untracked 
| 100|0x0000000707800000, 0x0000000707800000, 0x0000000707900000|  0%| F|  |TAMS 0x0000000707800000, 0x0000000707800000| Untracked 
| 101|0x0000000707900000, 0x0000000707a00000, 0x0000000707a00000|100%| S|CS|TAMS 0x0000000707900000, 0x0000000707900000| Complete 
| 102|0x0000000707a00000, 0x0000000707b00000, 0x0000000707b00000|100%| S|CS|TAMS 0x0000000707a00000, 0x0000000707a00000| Complete 
| 103|0x0000000707b00000, 0x0000000707b00000, 0x0000000707c00000|  0%| F|  |TAMS 0x0000000707b00000, 0x0000000707b00000| Untracked 
| 104|0x0000000707c00000, 0x0000000707c00000, 0x0000000707d00000|  0%| F|  |TAMS 0x0000000707c00000, 0x0000000707c00000| Untracked 
| 105|0x0000000707d00000, 0x0000000707e00000, 0x0000000707e00000|100%| S|CS|TAMS 0x0000000707d00000, 0x0000000707d00000| Complete 
| 106|0x0000000707e00000, 0x0000000707f00000, 0x0000000707f00000|100%| S|CS|TAMS 0x0000000707e00000, 0x0000000707e00000| Complete 
| 107|0x0000000707f00000, 0x0000000707f00000, 0x0000000708000000|  0%| F|  |TAMS 0x0000000707f00000, 0x0000000707f00000| Untracked 
| 108|0x0000000708000000, 0x0000000708000000, 0x0000000708100000|  0%| F|  |TAMS 0x0000000708000000, 0x0000000708000000| Untracked 
| 109|0x0000000708100000, 0x0000000708100000, 0x0000000708200000|  0%| F|  |TAMS 0x0000000708100000, 0x0000000708100000| Untracked 
| 110|0x0000000708200000, 0x0000000708300000, 0x0000000708300000|100%| S|CS|TAMS 0x0000000708200000, 0x0000000708200000| Complete 
| 111|0x0000000708300000, 0x0000000708400000, 0x0000000708400000|100%| S|CS|TAMS 0x0000000708300000, 0x0000000708300000| Complete 
| 112|0x0000000708400000, 0x0000000708500000, 0x0000000708500000|100%| S|CS|TAMS 0x0000000708400000, 0x0000000708400000| Complete 
| 113|0x0000000708500000, 0x0000000708600000, 0x0000000708600000|100%| S|CS|TAMS 0x0000000708500000, 0x0000000708500000| Complete 
| 114|0x0000000708600000, 0x0000000708600000, 0x0000000708700000|  0%| F|  |TAMS 0x0000000708600000, 0x0000000708600000| Untracked 
| 115|0x0000000708700000, 0x0000000708700000, 0x0000000708800000|  0%| F|  |TAMS 0x0000000708700000, 0x0000000708700000| Untracked 
| 116|0x0000000708800000, 0x0000000708800000, 0x0000000708900000|  0%| F|  |TAMS 0x0000000708800000, 0x0000000708800000| Untracked 
| 117|0x0000000708900000, 0x0000000708900000, 0x0000000708a00000|  0%| F|  |TAMS 0x0000000708900000, 0x0000000708900000| Untracked 
| 118|0x0000000708a00000, 0x0000000708a00000, 0x0000000708b00000|  0%| F|  |TAMS 0x0000000708a00000, 0x0000000708a00000| Untracked 
| 119|0x0000000708b00000, 0x0000000708b00000, 0x0000000708c00000|  0%| F|  |TAMS 0x0000000708b00000, 0x0000000708b00000| Untracked 
| 120|0x0000000708c00000, 0x0000000708c00000, 0x0000000708d00000|  0%| F|  |TAMS 0x0000000708c00000, 0x0000000708c00000| Untracked 
| 121|0x0000000708d00000, 0x0000000708d00000, 0x0000000708e00000|  0%| F|  |TAMS 0x0000000708d00000, 0x0000000708d00000| Untracked 
| 122|0x0000000708e00000, 0x0000000708e00000, 0x0000000708f00000|  0%| F|  |TAMS 0x0000000708e00000, 0x0000000708e00000| Untracked 
| 123|0x0000000708f00000, 0x0000000708f00000, 0x0000000709000000|  0%| F|  |TAMS 0x0000000708f00000, 0x0000000708f00000| Untracked 
| 124|0x0000000709000000, 0x0000000709000000, 0x0000000709100000|  0%| F|  |TAMS 0x0000000709000000, 0x0000000709000000| Untracked 
| 125|0x0000000709100000, 0x0000000709100000, 0x0000000709200000|  0%| F|  |TAMS 0x0000000709100000, 0x0000000709100000| Untracked 
| 126|0x0000000709200000, 0x0000000709200000, 0x0000000709300000|  0%| F|  |TAMS 0x0000000709200000, 0x0000000709200000| Untracked 
| 127|0x0000000709300000, 0x0000000709300000, 0x0000000709400000|  0%| F|  |TAMS 0x0000000709300000, 0x0000000709300000| Untracked 
| 128|0x0000000709400000, 0x0000000709400000, 0x0000000709500000|  0%| F|  |TAMS 0x0000000709400000, 0x0000000709400000| Untracked 
| 129|0x0000000709500000, 0x0000000709500000, 0x0000000709600000|  0%| F|  |TAMS 0x0000000709500000, 0x0000000709500000| Untracked 
| 130|0x0000000709600000, 0x0000000709600000, 0x0000000709700000|  0%| F|  |TAMS 0x0000000709600000, 0x0000000709600000| Untracked 
| 131|0x0000000709700000, 0x0000000709700000, 0x0000000709800000|  0%| F|  |TAMS 0x0000000709700000, 0x0000000709700000| Untracked 
| 132|0x0000000709800000, 0x0000000709800000, 0x0000000709900000|  0%| F|  |TAMS 0x0000000709800000, 0x0000000709800000| Untracked 
| 133|0x0000000709900000, 0x0000000709900000, 0x0000000709a00000|  0%| F|  |TAMS 0x0000000709900000, 0x0000000709900000| Untracked 
| 134|0x0000000709a00000, 0x0000000709a00000, 0x0000000709b00000|  0%| F|  |TAMS 0x0000000709a00000, 0x0000000709a00000| Untracked 
| 135|0x0000000709b00000, 0x0000000709b00000, 0x0000000709c00000|  0%| F|  |TAMS 0x0000000709b00000, 0x0000000709b00000| Untracked 
| 136|0x0000000709c00000, 0x0000000709c00000, 0x0000000709d00000|  0%| F|  |TAMS 0x0000000709c00000, 0x0000000709c00000| Untracked 
| 137|0x0000000709d00000, 0x0000000709d00000, 0x0000000709e00000|  0%| F|  |TAMS 0x0000000709d00000, 0x0000000709d00000| Untracked 
| 138|0x0000000709e00000, 0x0000000709e00000, 0x0000000709f00000|  0%| F|  |TAMS 0x0000000709e00000, 0x0000000709e00000| Untracked 
| 139|0x0000000709f00000, 0x0000000709f00000, 0x000000070a000000|  0%| F|  |TAMS 0x0000000709f00000, 0x0000000709f00000| Untracked 
| 140|0x000000070a000000, 0x000000070a000000, 0x000000070a100000|  0%| F|  |TAMS 0x000000070a000000, 0x000000070a000000| Untracked 
| 141|0x000000070a100000, 0x000000070a100000, 0x000000070a200000|  0%| F|  |TAMS 0x000000070a100000, 0x000000070a100000| Untracked 
| 142|0x000000070a200000, 0x000000070a200000, 0x000000070a300000|  0%| F|  |TAMS 0x000000070a200000, 0x000000070a200000| Untracked 
| 143|0x000000070a300000, 0x000000070a300000, 0x000000070a400000|  0%| F|  |TAMS 0x000000070a300000, 0x000000070a300000| Untracked 
| 144|0x000000070a400000, 0x000000070a400000, 0x000000070a500000|  0%| F|  |TAMS 0x000000070a400000, 0x000000070a400000| Untracked 
| 145|0x000000070a500000, 0x000000070a500000, 0x000000070a600000|  0%| F|  |TAMS 0x000000070a500000, 0x000000070a500000| Untracked 
| 146|0x000000070a600000, 0x000000070a600000, 0x000000070a700000|  0%| F|  |TAMS 0x000000070a600000, 0x000000070a600000| Untracked 
| 147|0x000000070a700000, 0x000000070a700000, 0x000000070a800000|  0%| F|  |TAMS 0x000000070a700000, 0x000000070a700000| Untracked 
| 148|0x000000070a800000, 0x000000070a800000, 0x000000070a900000|  0%| F|  |TAMS 0x000000070a800000, 0x000000070a800000| Untracked 
| 149|0x000000070a900000, 0x000000070a900000, 0x000000070aa00000|  0%| F|  |TAMS 0x000000070a900000, 0x000000070a900000| Untracked 
| 150|0x000000070aa00000, 0x000000070aa00000, 0x000000070ab00000|  0%| F|  |TAMS 0x000000070aa00000, 0x000000070aa00000| Untracked 
| 151|0x000000070ab00000, 0x000000070ab00000, 0x000000070ac00000|  0%| F|  |TAMS 0x000000070ab00000, 0x000000070ab00000| Untracked 
| 152|0x000000070ac00000, 0x000000070ac00000, 0x000000070ad00000|  0%| F|  |TAMS 0x000000070ac00000, 0x000000070ac00000| Untracked 
| 153|0x000000070ad00000, 0x000000070ad00000, 0x000000070ae00000|  0%| F|  |TAMS 0x000000070ad00000, 0x000000070ad00000| Untracked 
| 154|0x000000070ae00000, 0x000000070ae00000, 0x000000070af00000|  0%| F|  |TAMS 0x000000070ae00000, 0x000000070ae00000| Untracked 
| 155|0x000000070af00000, 0x000000070af00000, 0x000000070b000000|  0%| F|  |TAMS 0x000000070af00000, 0x000000070af00000| Untracked 
| 156|0x000000070b000000, 0x000000070b000000, 0x000000070b100000|  0%| F|  |TAMS 0x000000070b000000, 0x000000070b000000| Untracked 
| 157|0x000000070b100000, 0x000000070b100000, 0x000000070b200000|  0%| F|  |TAMS 0x000000070b100000, 0x000000070b100000| Untracked 
| 158|0x000000070b200000, 0x000000070b200000, 0x000000070b300000|  0%| F|  |TAMS 0x000000070b200000, 0x000000070b200000| Untracked 
| 159|0x000000070b300000, 0x000000070b300000, 0x000000070b400000|  0%| F|  |TAMS 0x000000070b300000, 0x000000070b300000| Untracked 
| 160|0x000000070b400000, 0x000000070b400000, 0x000000070b500000|  0%| F|  |TAMS 0x000000070b400000, 0x000000070b400000| Untracked 
| 161|0x000000070b500000, 0x000000070b500000, 0x000000070b600000|  0%| F|  |TAMS 0x000000070b500000, 0x000000070b500000| Untracked 
| 162|0x000000070b600000, 0x000000070b600000, 0x000000070b700000|  0%| F|  |TAMS 0x000000070b600000, 0x000000070b600000| Untracked 
| 163|0x000000070b700000, 0x000000070b700000, 0x000000070b800000|  0%| F|  |TAMS 0x000000070b700000, 0x000000070b700000| Untracked 
| 164|0x000000070b800000, 0x000000070b800000, 0x000000070b900000|  0%| F|  |TAMS 0x000000070b800000, 0x000000070b800000| Untracked 
| 165|0x000000070b900000, 0x000000070b900000, 0x000000070ba00000|  0%| F|  |TAMS 0x000000070b900000, 0x000000070b900000| Untracked 
| 166|0x000000070ba00000, 0x000000070ba00000, 0x000000070bb00000|  0%| F|  |TAMS 0x000000070ba00000, 0x000000070ba00000| Untracked 
| 167|0x000000070bb00000, 0x000000070bb00000, 0x000000070bc00000|  0%| F|  |TAMS 0x000000070bb00000, 0x000000070bb00000| Untracked 
| 168|0x000000070bc00000, 0x000000070bc00000, 0x000000070bd00000|  0%| F|  |TAMS 0x000000070bc00000, 0x000000070bc00000| Untracked 
| 169|0x000000070bd00000, 0x000000070bd00000, 0x000000070be00000|  0%| F|  |TAMS 0x000000070bd00000, 0x000000070bd00000| Untracked 
| 170|0x000000070be00000, 0x000000070be00000, 0x000000070bf00000|  0%| F|  |TAMS 0x000000070be00000, 0x000000070be00000| Untracked 
| 171|0x000000070bf00000, 0x000000070bf00000, 0x000000070c000000|  0%| F|  |TAMS 0x000000070bf00000, 0x000000070bf00000| Untracked 
| 172|0x000000070c000000, 0x000000070c000000, 0x000000070c100000|  0%| F|  |TAMS 0x000000070c000000, 0x000000070c000000| Untracked 
| 173|0x000000070c100000, 0x000000070c100000, 0x000000070c200000|  0%| F|  |TAMS 0x000000070c100000, 0x000000070c100000| Untracked 
| 174|0x000000070c200000, 0x000000070c200000, 0x000000070c300000|  0%| F|  |TAMS 0x000000070c200000, 0x000000070c200000| Untracked 
| 175|0x000000070c300000, 0x000000070c300000, 0x000000070c400000|  0%| F|  |TAMS 0x000000070c300000, 0x000000070c300000| Untracked 
| 176|0x000000070c400000, 0x000000070c400000, 0x000000070c500000|  0%| F|  |TAMS 0x000000070c400000, 0x000000070c400000| Untracked 
| 177|0x000000070c500000, 0x000000070c500000, 0x000000070c600000|  0%| F|  |TAMS 0x000000070c500000, 0x000000070c500000| Untracked 
| 178|0x000000070c600000, 0x000000070c600000, 0x000000070c700000|  0%| F|  |TAMS 0x000000070c600000, 0x000000070c600000| Untracked 
| 179|0x000000070c700000, 0x000000070c700000, 0x000000070c800000|  0%| F|  |TAMS 0x000000070c700000, 0x000000070c700000| Untracked 
| 180|0x000000070c800000, 0x000000070c800000, 0x000000070c900000|  0%| F|  |TAMS 0x000000070c800000, 0x000000070c800000| Untracked 
| 181|0x000000070c900000, 0x000000070c900000, 0x000000070ca00000|  0%| F|  |TAMS 0x000000070c900000, 0x000000070c900000| Untracked 
| 182|0x000000070ca00000, 0x000000070ca00000, 0x000000070cb00000|  0%| F|  |TAMS 0x000000070ca00000, 0x000000070ca00000| Untracked 
| 183|0x000000070cb00000, 0x000000070cb00000, 0x000000070cc00000|  0%| F|  |TAMS 0x000000070cb00000, 0x000000070cb00000| Untracked 
| 184|0x000000070cc00000, 0x000000070cc00000, 0x000000070cd00000|  0%| F|  |TAMS 0x000000070cc00000, 0x000000070cc00000| Untracked 
| 185|0x000000070cd00000, 0x000000070cd00000, 0x000000070ce00000|  0%| F|  |TAMS 0x000000070cd00000, 0x000000070cd00000| Untracked 
| 186|0x000000070ce00000, 0x000000070ce00000, 0x000000070cf00000|  0%| F|  |TAMS 0x000000070ce00000, 0x000000070ce00000| Untracked 
| 187|0x000000070cf00000, 0x000000070cf00000, 0x000000070d000000|  0%| F|  |TAMS 0x000000070cf00000, 0x000000070cf00000| Untracked 
| 188|0x000000070d000000, 0x000000070d000000, 0x000000070d100000|  0%| F|  |TAMS 0x000000070d000000, 0x000000070d000000| Untracked 
| 189|0x000000070d100000, 0x000000070d100000, 0x000000070d200000|  0%| F|  |TAMS 0x000000070d100000, 0x000000070d100000| Untracked 
| 190|0x000000070d200000, 0x000000070d200000, 0x000000070d300000|  0%| F|  |TAMS 0x000000070d200000, 0x000000070d200000| Untracked 
| 191|0x000000070d300000, 0x000000070d300000, 0x000000070d400000|  0%| F|  |TAMS 0x000000070d300000, 0x000000070d300000| Untracked 
| 192|0x000000070d400000, 0x000000070d400000, 0x000000070d500000|  0%| F|  |TAMS 0x000000070d400000, 0x000000070d400000| Untracked 
| 193|0x000000070d500000, 0x000000070d500000, 0x000000070d600000|  0%| F|  |TAMS 0x000000070d500000, 0x000000070d500000| Untracked 
| 194|0x000000070d600000, 0x000000070d600000, 0x000000070d700000|  0%| F|  |TAMS 0x000000070d600000, 0x000000070d600000| Untracked 
| 195|0x000000070d700000, 0x000000070d700000, 0x000000070d800000|  0%| F|  |TAMS 0x000000070d700000, 0x000000070d700000| Untracked 
| 196|0x000000070d800000, 0x000000070d800000, 0x000000070d900000|  0%| F|  |TAMS 0x000000070d800000, 0x000000070d800000| Untracked 
| 197|0x000000070d900000, 0x000000070d900000, 0x000000070da00000|  0%| F|  |TAMS 0x000000070d900000, 0x000000070d900000| Untracked 
| 198|0x000000070da00000, 0x000000070da00000, 0x000000070db00000|  0%| F|  |TAMS 0x000000070da00000, 0x000000070da00000| Untracked 
| 199|0x000000070db00000, 0x000000070db00000, 0x000000070dc00000|  0%| F|  |TAMS 0x000000070db00000, 0x000000070db00000| Untracked 
| 200|0x000000070dc00000, 0x000000070dc00000, 0x000000070dd00000|  0%| F|  |TAMS 0x000000070dc00000, 0x000000070dc00000| Untracked 
| 201|0x000000070dd00000, 0x000000070dd00000, 0x000000070de00000|  0%| F|  |TAMS 0x000000070dd00000, 0x000000070dd00000| Untracked 
| 202|0x000000070de00000, 0x000000070de00000, 0x000000070df00000|  0%| F|  |TAMS 0x000000070de00000, 0x000000070de00000| Untracked 
| 203|0x000000070df00000, 0x000000070df00000, 0x000000070e000000|  0%| F|  |TAMS 0x000000070df00000, 0x000000070df00000| Untracked 
| 204|0x000000070e000000, 0x000000070e000000, 0x000000070e100000|  0%| F|  |TAMS 0x000000070e000000, 0x000000070e000000| Untracked 
| 205|0x000000070e100000, 0x000000070e100000, 0x000000070e200000|  0%| F|  |TAMS 0x000000070e100000, 0x000000070e100000| Untracked 
| 206|0x000000070e200000, 0x000000070e200000, 0x000000070e300000|  0%| F|  |TAMS 0x000000070e200000, 0x000000070e200000| Untracked 
| 207|0x000000070e300000, 0x000000070e300000, 0x000000070e400000|  0%| F|  |TAMS 0x000000070e300000, 0x000000070e300000| Untracked 
| 208|0x000000070e400000, 0x000000070e400000, 0x000000070e500000|  0%| F|  |TAMS 0x000000070e400000, 0x000000070e400000| Untracked 
| 209|0x000000070e500000, 0x000000070e500000, 0x000000070e600000|  0%| F|  |TAMS 0x000000070e500000, 0x000000070e500000| Untracked 
| 210|0x000000070e600000, 0x000000070e600000, 0x000000070e700000|  0%| F|  |TAMS 0x000000070e600000, 0x000000070e600000| Untracked 
| 211|0x000000070e700000, 0x000000070e700000, 0x000000070e800000|  0%| F|  |TAMS 0x000000070e700000, 0x000000070e700000| Untracked 
| 212|0x000000070e800000, 0x000000070e800000, 0x000000070e900000|  0%| F|  |TAMS 0x000000070e800000, 0x000000070e800000| Untracked 
| 213|0x000000070e900000, 0x000000070e900000, 0x000000070ea00000|  0%| F|  |TAMS 0x000000070e900000, 0x000000070e900000| Untracked 
| 214|0x000000070ea00000, 0x000000070ea00000, 0x000000070eb00000|  0%| F|  |TAMS 0x000000070ea00000, 0x000000070ea00000| Untracked 
| 215|0x000000070eb00000, 0x000000070eb00000, 0x000000070ec00000|  0%| F|  |TAMS 0x000000070eb00000, 0x000000070eb00000| Untracked 
| 216|0x000000070ec00000, 0x000000070ec00000, 0x000000070ed00000|  0%| F|  |TAMS 0x000000070ec00000, 0x000000070ec00000| Untracked 
| 217|0x000000070ed00000, 0x000000070ed00000, 0x000000070ee00000|  0%| F|  |TAMS 0x000000070ed00000, 0x000000070ed00000| Untracked 
| 218|0x000000070ee00000, 0x000000070ee00000, 0x000000070ef00000|  0%| F|  |TAMS 0x000000070ee00000, 0x000000070ee00000| Untracked 
| 219|0x000000070ef00000, 0x000000070ef00000, 0x000000070f000000|  0%| F|  |TAMS 0x000000070ef00000, 0x000000070ef00000| Untracked 
| 220|0x000000070f000000, 0x000000070f000000, 0x000000070f100000|  0%| F|  |TAMS 0x000000070f000000, 0x000000070f000000| Untracked 
| 221|0x000000070f100000, 0x000000070f100000, 0x000000070f200000|  0%| F|  |TAMS 0x000000070f100000, 0x000000070f100000| Untracked 
| 222|0x000000070f200000, 0x000000070f200000, 0x000000070f300000|  0%| F|  |TAMS 0x000000070f200000, 0x000000070f200000| Untracked 
| 223|0x000000070f300000, 0x000000070f300000, 0x000000070f400000|  0%| F|  |TAMS 0x000000070f300000, 0x000000070f300000| Untracked 
| 224|0x000000070f400000, 0x000000070f400000, 0x000000070f500000|  0%| F|  |TAMS 0x000000070f400000, 0x000000070f400000| Untracked 
| 225|0x000000070f500000, 0x000000070f500000, 0x000000070f600000|  0%| F|  |TAMS 0x000000070f500000, 0x000000070f500000| Untracked 
| 226|0x000000070f600000, 0x000000070f600000, 0x000000070f700000|  0%| F|  |TAMS 0x000000070f600000, 0x000000070f600000| Untracked 
| 227|0x000000070f700000, 0x000000070f700000, 0x000000070f800000|  0%| F|  |TAMS 0x000000070f700000, 0x000000070f700000| Untracked 
| 228|0x000000070f800000, 0x000000070f800000, 0x000000070f900000|  0%| F|  |TAMS 0x000000070f800000, 0x000000070f800000| Untracked 
| 229|0x000000070f900000, 0x000000070f900000, 0x000000070fa00000|  0%| F|  |TAMS 0x000000070f900000, 0x000000070f900000| Untracked 
| 230|0x000000070fa00000, 0x000000070fa00000, 0x000000070fb00000|  0%| F|  |TAMS 0x000000070fa00000, 0x000000070fa00000| Untracked 
| 231|0x000000070fb00000, 0x000000070fb00000, 0x000000070fc00000|  0%| F|  |TAMS 0x000000070fb00000, 0x000000070fb00000| Untracked 
| 232|0x000000070fc00000, 0x000000070fc00000, 0x000000070fd00000|  0%| F|  |TAMS 0x000000070fc00000, 0x000000070fc00000| Untracked 
| 233|0x000000070fd00000, 0x000000070fd00000, 0x000000070fe00000|  0%| F|  |TAMS 0x000000070fd00000, 0x000000070fd00000| Untracked 
| 234|0x000000070fe00000, 0x000000070fe00000, 0x000000070ff00000|  0%| F|  |TAMS 0x000000070fe00000, 0x000000070fe00000| Untracked 
| 235|0x000000070ff00000, 0x000000070ff00000, 0x0000000710000000|  0%| F|  |TAMS 0x000000070ff00000, 0x000000070ff00000| Untracked 
| 236|0x0000000710000000, 0x0000000710000000, 0x0000000710100000|  0%| F|  |TAMS 0x0000000710000000, 0x0000000710000000| Untracked 
| 237|0x0000000710100000, 0x0000000710100000, 0x0000000710200000|  0%| F|  |TAMS 0x0000000710100000, 0x0000000710100000| Untracked 
| 238|0x0000000710200000, 0x0000000710200000, 0x0000000710300000|  0%| F|  |TAMS 0x0000000710200000, 0x0000000710200000| Untracked 
| 239|0x0000000710300000, 0x0000000710300000, 0x0000000710400000|  0%| F|  |TAMS 0x0000000710300000, 0x0000000710300000| Untracked 
| 240|0x0000000710400000, 0x0000000710400000, 0x0000000710500000|  0%| F|  |TAMS 0x0000000710400000, 0x0000000710400000| Untracked 
| 241|0x0000000710500000, 0x0000000710500000, 0x0000000710600000|  0%| F|  |TAMS 0x0000000710500000, 0x0000000710500000| Untracked 
| 242|0x0000000710600000, 0x0000000710600000, 0x0000000710700000|  0%| F|  |TAMS 0x0000000710600000, 0x0000000710600000| Untracked 
| 243|0x0000000710700000, 0x0000000710700000, 0x0000000710800000|  0%| F|  |TAMS 0x0000000710700000, 0x0000000710700000| Untracked 
| 244|0x0000000710800000, 0x0000000710800000, 0x0000000710900000|  0%| F|  |TAMS 0x0000000710800000, 0x0000000710800000| Untracked 
| 245|0x0000000710900000, 0x0000000710900000, 0x0000000710a00000|  0%| F|  |TAMS 0x0000000710900000, 0x0000000710900000| Untracked 
| 246|0x0000000710a00000, 0x0000000710a00000, 0x0000000710b00000|  0%| F|  |TAMS 0x0000000710a00000, 0x0000000710a00000| Untracked 
| 247|0x0000000710b00000, 0x0000000710b00000, 0x0000000710c00000|  0%| F|  |TAMS 0x0000000710b00000, 0x0000000710b00000| Untracked 
| 248|0x0000000710c00000, 0x0000000710c00000, 0x0000000710d00000|  0%| F|  |TAMS 0x0000000710c00000, 0x0000000710c00000| Untracked 
| 249|0x0000000710d00000, 0x0000000710d00000, 0x0000000710e00000|  0%| F|  |TAMS 0x0000000710d00000, 0x0000000710d00000| Untracked 
| 250|0x0000000710e00000, 0x0000000710e00000, 0x0000000710f00000|  0%| F|  |TAMS 0x0000000710e00000, 0x0000000710e00000| Untracked 
| 251|0x0000000710f00000, 0x0000000710f00000, 0x0000000711000000|  0%| F|  |TAMS 0x0000000710f00000, 0x0000000710f00000| Untracked 
| 252|0x0000000711000000, 0x0000000711000000, 0x0000000711100000|  0%| F|  |TAMS 0x0000000711000000, 0x0000000711000000| Untracked 
| 253|0x0000000711100000, 0x0000000711100000, 0x0000000711200000|  0%| F|  |TAMS 0x0000000711100000, 0x0000000711100000| Untracked 
| 254|0x0000000711200000, 0x0000000711200000, 0x0000000711300000|  0%| F|  |TAMS 0x0000000711200000, 0x0000000711200000| Untracked 
| 255|0x0000000711300000, 0x0000000711400000, 0x0000000711400000|100%| E|  |TAMS 0x0000000711300000, 0x0000000711300000| Complete 

Card table byte_map: [0x00000264e7b00000,0x00000264e8300000] _byte_map_base: 0x00000264e42f6000

Marking Bits (Prev, Next): (CMBitMap*) 0x00000264cdc2af88, (CMBitMap*) 0x00000264cdc2afc8
 Prev Bits: [0x00000264e8b00000, 0x00000264ecab0000)
 Next Bits: [0x00000264ecab0000, 0x00000264f0a60000)

Polling page: 0x00000264cdc90000

Metaspace:

Usage:
  Non-class:      8.68 MB capacity,     8.53 MB ( 98%) used,   134.57 KB (  2%) free+waste,    22.38 KB ( <1%) overhead. 
      Class:      1.02 MB capacity,   919.64 KB ( 88%) used,   108.86 KB ( 10%) free+waste,    13.50 KB (  1%) overhead. 
       Both:      9.70 MB capacity,     9.43 MB ( 97%) used,   243.43 KB (  2%) free+waste,    35.88 KB ( <1%) overhead. 

Virtual space:
  Non-class space:       10.00 MB reserved,       8.75 MB ( 88%) committed 
      Class space:        1.00 GB reserved,       1.13 MB ( <1%) committed 
             Both:        1.01 GB reserved,       9.88 MB ( <1%) committed 

Chunk freelists:
   Non-Class:  6.00 KB
       Class:  14.00 KB
        Both:  20.00 KB

MaxMetaspaceSize: 17179869184.00 GB
CompressedClassSpaceSize: 1.00 GB

CodeHeap 'non-profiled nmethods': size=120000Kb used=3952Kb max_used=4689Kb free=116047Kb
 bounds [0x00000264df370000, 0x00000264df810000, 0x00000264e68a0000]
CodeHeap 'profiled nmethods': size=120000Kb used=3418Kb max_used=5729Kb free=116581Kb
 bounds [0x00000264d7e40000, 0x00000264d83e0000, 0x00000264df370000]
CodeHeap 'non-nmethods': size=5760Kb used=1402Kb max_used=1503Kb free=4358Kb
 bounds [0x00000264d78a0000, 0x00000264d7b10000, 0x00000264d7e40000]
 total_blobs=5948 nmethods=2310 adapters=519
 compilation: enabled
              stopped_count=0, restarted_count=0
 full_count=0

Compilation events (20 events):
Event: 112.171 Thread 0x00000264f3e9c800 nmethod 3255 0x00000264df5f3510 code [0x00000264df5f36a0, 0x00000264df5f37d8]
Event: 112.525 Thread 0x00000264f3e9e000 3256       3       java.awt.Component::getContainer (5 bytes)
Event: 112.525 Thread 0x00000264f3e9e000 nmethod 3256 0x00000264d819f810 code [0x00000264d819f9c0, 0x00000264d819fb58]
Event: 112.610 Thread 0x00000264f3e9e000 3257       3       warcraftTD.World::drawLoseWindow (158 bytes)
Event: 112.610 Thread 0x00000264f3e9e000 nmethod 3257 0x00000264d81df910 code [0x00000264d81dfd60, 0x00000264d81e0d70]
Event: 114.061 Thread 0x00000264f3e9e000 3258       1       javax.swing.JComponent$IntVector::size (5 bytes)
Event: 114.062 Thread 0x00000264f3e9e000 nmethod 3258 0x00000264df4e6b90 code [0x00000264df4e6d20, 0x00000264df4e6e58]
Event: 114.789 Thread 0x00000264f3e9c800 3259       4       sun.font.FileFontStrike::getGlyphAdvance (400 bytes)
Event: 114.799 Thread 0x00000264f3e9c800 nmethod 3259 0x00000264df4e4690 code [0x00000264df4e48c0, 0x00000264df4e5e20]
Event: 115.010 Thread 0x00000264f3e9c800 3260   !   4       java.awt.Container::getMouseEventTargetImpl (255 bytes)
Event: 115.031 Thread 0x00000264f3e9c800 nmethod 3260 0x00000264df4df690 code [0x00000264df4df940, 0x00000264df4e2a28]
Event: 118.802 Thread 0x00000264f3e9e000 3261       3       java.lang.ref.Reference::clear (6 bytes)
Event: 118.802 Thread 0x00000264f3e9e000 nmethod 3261 0x00000264d81b8810 code [0x00000264d81b89c0, 0x00000264d81b8b78]
Event: 118.822 Thread 0x00000264f3e9e000 3262       3       sun.font.FreetypeFontScaler::invalidateScalerContext (1 bytes)
Event: 118.822 Thread 0x00000264f3e9e000 nmethod 3262 0x00000264d7efe410 code [0x00000264d7efe5a0, 0x00000264d7efe718]
Event: 118.823 Thread 0x00000264f3e9c800 3263       4       sun.font.FreetypeFontScaler::invalidateScalerContext (1 bytes)
Event: 118.823 Thread 0x00000264f3e9c800 nmethod 3263 0x00000264df4df390 code [0x00000264df4df520, 0x00000264df4df598]
Event: 118.823 Thread 0x00000264f3e9c800 3264       4       java.util.concurrent.ConcurrentHashMap$Traverser::advance (188 bytes)
Event: 118.827 Thread 0x00000264f3e9c800 nmethod 3264 0x00000264df6f5c10 code [0x00000264df6f5da0, 0x00000264df6f60b8]
Event: 118.827 Thread 0x00000264f3e9c800 3265       4       java.util.concurrent.ConcurrentHashMap$BaseIterator::hasNext (13 bytes)

GC Heap History (20 events):
Event: 83.716 GC heap before
{Heap before GC invocations=18 (full 0):
 garbage-first heap   total 262144K, used 205629K [0x0000000701400000, 0x0000000800000000)
  region size 1024K, 154 young (157696K), 12 survivors (12288K)
 Metaspace       used 9624K, capacity 9868K, committed 10112K, reserved 1058816K
  class space    used 916K, capacity 1042K, committed 1152K, reserved 1048576K
}
Event: 83.719 GC heap after
{Heap after GC invocations=19 (full 0):
 garbage-first heap   total 262144K, used 62139K [0x0000000701400000, 0x0000000800000000)
  region size 1024K, 12 young (12288K), 12 survivors (12288K)
 Metaspace       used 9624K, capacity 9868K, committed 10112K, reserved 1058816K
  class space    used 916K, capacity 1042K, committed 1152K, reserved 1048576K
}
Event: 97.836 GC heap before
{Heap before GC invocations=19 (full 0):
 garbage-first heap   total 262144K, used 206523K [0x0000000701400000, 0x0000000800000000)
  region size 1024K, 153 young (156672K), 12 survivors (12288K)
 Metaspace       used 9625K, capacity 9868K, committed 10112K, reserved 1058816K
  class space    used 916K, capacity 1042K, committed 1152K, reserved 1048576K
}
Event: 97.839 GC heap after
{Heap after GC invocations=20 (full 0):
 garbage-first heap   total 262144K, used 62781K [0x0000000701400000, 0x0000000800000000)
  region size 1024K, 12 young (12288K), 12 survivors (12288K)
 Metaspace       used 9625K, capacity 9868K, committed 10112K, reserved 1058816K
  class space    used 916K, capacity 1042K, committed 1152K, reserved 1048576K
}
Event: 101.419 GC heap before
{Heap before GC invocations=20 (full 0):
 garbage-first heap   total 262144K, used 207165K [0x0000000701400000, 0x0000000800000000)
  region size 1024K, 154 young (157696K), 12 survivors (12288K)
 Metaspace       used 9625K, capacity 9868K, committed 10112K, reserved 1058816K
  class space    used 916K, capacity 1042K, committed 1152K, reserved 1048576K
}
Event: 101.423 GC heap after
{Heap after GC invocations=21 (full 0):
 garbage-first heap   total 262144K, used 66119K [0x0000000701400000, 0x0000000800000000)
  region size 1024K, 13 young (13312K), 13 survivors (13312K)
 Metaspace       used 9625K, capacity 9868K, committed 10112K, reserved 1058816K
  class space    used 916K, capacity 1042K, committed 1152K, reserved 1048576K
}
Event: 104.529 GC heap before
{Heap before GC invocations=21 (full 0):
 garbage-first heap   total 262144K, used 209479K [0x0000000701400000, 0x0000000800000000)
  region size 1024K, 154 young (157696K), 13 survivors (13312K)
 Metaspace       used 9626K, capacity 9868K, committed 10112K, reserved 1058816K
  class space    used 916K, capacity 1042K, committed 1152K, reserved 1048576K
}
Event: 104.533 GC heap after
{Heap after GC invocations=22 (full 0):
 garbage-first heap   total 262144K, used 67846K [0x0000000701400000, 0x0000000800000000)
  region size 1024K, 13 young (13312K), 13 survivors (13312K)
 Metaspace       used 9626K, capacity 9868K, committed 10112K, reserved 1058816K
  class space    used 916K, capacity 1042K, committed 1152K, reserved 1048576K
}
Event: 106.937 GC heap before
{Heap before GC invocations=22 (full 0):
 garbage-first heap   total 262144K, used 211206K [0x0000000701400000, 0x0000000800000000)
  region size 1024K, 153 young (156672K), 13 survivors (13312K)
 Metaspace       used 9626K, capacity 9868K, committed 10112K, reserved 1058816K
  class space    used 916K, capacity 1042K, committed 1152K, reserved 1048576K
}
Event: 106.941 GC heap after
{Heap after GC invocations=23 (full 0):
 garbage-first heap   total 262144K, used 70167K [0x0000000701400000, 0x0000000800000000)
  region size 1024K, 13 young (13312K), 13 survivors (13312K)
 Metaspace       used 9626K, capacity 9868K, committed 10112K, reserved 1058816K
  class space    used 916K, capacity 1042K, committed 1152K, reserved 1048576K
}
Event: 108.866 GC heap before
{Heap before GC invocations=23 (full 0):
 garbage-first heap   total 262144K, used 215575K [0x0000000701400000, 0x0000000800000000)
  region size 1024K, 153 young (156672K), 13 survivors (13312K)
 Metaspace       used 9635K, capacity 9932K, committed 10112K, reserved 1058816K
  class space    used 916K, capacity 1042K, committed 1152K, reserved 1048576K
}
Event: 108.870 GC heap after
{Heap after GC invocations=24 (full 0):
 garbage-first heap   total 262144K, used 73361K [0x0000000701400000, 0x0000000800000000)
  region size 1024K, 12 young (12288K), 12 survivors (12288K)
 Metaspace       used 9635K, capacity 9932K, committed 10112K, reserved 1058816K
  class space    used 916K, capacity 1042K, committed 1152K, reserved 1048576K
}
Event: 110.790 GC heap before
{Heap before GC invocations=24 (full 0):
 garbage-first heap   total 262144K, used 217745K [0x0000000701400000, 0x0000000800000000)
  region size 1024K, 153 young (156672K), 12 survivors (12288K)
 Metaspace       used 9635K, capacity 9932K, committed 10112K, reserved 1058816K
  class space    used 916K, capacity 1042K, committed 1152K, reserved 1048576K
}
Event: 110.794 GC heap after
{Heap after GC invocations=25 (full 0):
 garbage-first heap   total 262144K, used 74082K [0x0000000701400000, 0x0000000800000000)
  region size 1024K, 11 young (11264K), 11 survivors (11264K)
 Metaspace       used 9635K, capacity 9932K, committed 10112K, reserved 1058816K
  class space    used 916K, capacity 1042K, committed 1152K, reserved 1048576K
}
Event: 113.037 GC heap before
{Heap before GC invocations=25 (full 0):
 garbage-first heap   total 262144K, used 219490K [0x0000000701400000, 0x0000000800000000)
  region size 1024K, 153 young (156672K), 11 survivors (11264K)
 Metaspace       used 9636K, capacity 9932K, committed 10112K, reserved 1058816K
  class space    used 916K, capacity 1042K, committed 1152K, reserved 1048576K
}
Event: 113.040 GC heap after
{Heap after GC invocations=26 (full 0):
 garbage-first heap   total 262144K, used 74891K [0x0000000701400000, 0x0000000800000000)
  region size 1024K, 11 young (11264K), 11 survivors (11264K)
 Metaspace       used 9636K, capacity 9932K, committed 10112K, reserved 1058816K
  class space    used 916K, capacity 1042K, committed 1152K, reserved 1048576K
}
Event: 115.893 GC heap before
{Heap before GC invocations=26 (full 0):
 garbage-first heap   total 262144K, used 220299K [0x0000000701400000, 0x0000000800000000)
  region size 1024K, 153 young (156672K), 11 survivors (11264K)
 Metaspace       used 9636K, capacity 9932K, committed 10112K, reserved 1058816K
  class space    used 916K, capacity 1042K, committed 1152K, reserved 1048576K
}
Event: 115.896 GC heap after
{Heap after GC invocations=27 (full 0):
 garbage-first heap   total 262144K, used 75188K [0x0000000701400000, 0x0000000800000000)
  region size 1024K, 11 young (11264K), 11 survivors (11264K)
 Metaspace       used 9636K, capacity 9932K, committed 10112K, reserved 1058816K
  class space    used 916K, capacity 1042K, committed 1152K, reserved 1048576K
}
Event: 118.795 GC heap before
{Heap before GC invocations=27 (full 0):
 garbage-first heap   total 262144K, used 220596K [0x0000000701400000, 0x0000000800000000)
  region size 1024K, 153 young (156672K), 11 survivors (11264K)
 Metaspace       used 9639K, capacity 9932K, committed 10112K, reserved 1058816K
  class space    used 916K, capacity 1042K, committed 1152K, reserved 1048576K
}
Event: 118.799 GC heap after
{Heap after GC invocations=28 (full 0):
 garbage-first heap   total 262144K, used 76245K [0x0000000701400000, 0x0000000800000000)
  region size 1024K, 12 young (12288K), 12 survivors (12288K)
 Metaspace       used 9639K, capacity 9932K, committed 10112K, reserved 1058816K
  class space    used 916K, capacity 1042K, committed 1152K, reserved 1048576K
}

Deoptimization events (20 events):
Event: 118.821 Thread 0x00000264cdbbf800 DEOPT PACKING pc=0x00000264df4f0998 sp=0x000000fdf27fefb0
Event: 118.821 Thread 0x00000264cdbbf800 DEOPT UNPACKING pc=0x00000264d78e964e sp=0x000000fdf27fe3d0 mode 1
Event: 118.821 Thread 0x00000264cdbbf800 DEOPT PACKING pc=0x00000264df4f0998 sp=0x000000fdf27fefb0
Event: 118.821 Thread 0x00000264cdbbf800 DEOPT UNPACKING pc=0x00000264d78e964e sp=0x000000fdf27fe3d0 mode 1
Event: 118.821 Thread 0x00000264cdbbf800 DEOPT PACKING pc=0x00000264df4f0998 sp=0x000000fdf27fefb0
Event: 118.821 Thread 0x00000264cdbbf800 DEOPT UNPACKING pc=0x00000264d78e964e sp=0x000000fdf27fe3d0 mode 1
Event: 118.821 Thread 0x00000264cdbbf800 DEOPT PACKING pc=0x00000264df4f0998 sp=0x000000fdf27fefb0
Event: 118.821 Thread 0x00000264cdbbf800 DEOPT UNPACKING pc=0x00000264d78e964e sp=0x000000fdf27fe3d0 mode 1
Event: 118.821 Thread 0x00000264cdbbf800 DEOPT PACKING pc=0x00000264df4f0998 sp=0x000000fdf27fefb0
Event: 118.821 Thread 0x00000264cdbbf800 DEOPT UNPACKING pc=0x00000264d78e964e sp=0x000000fdf27fe3d0 mode 1
Event: 118.821 Thread 0x00000264cdbbf800 DEOPT PACKING pc=0x00000264df4f0998 sp=0x000000fdf27fefb0
Event: 118.821 Thread 0x00000264cdbbf800 DEOPT UNPACKING pc=0x00000264d78e964e sp=0x000000fdf27fe3d0 mode 1
Event: 118.822 Thread 0x00000264cdbbf800 DEOPT PACKING pc=0x00000264df4f0998 sp=0x000000fdf27feec0
Event: 118.822 Thread 0x00000264cdbbf800 DEOPT UNPACKING pc=0x00000264d78e964e sp=0x000000fdf27fe2e0 mode 1
Event: 118.822 Thread 0x00000264cdbbf800 Uncommon trap: trap_request=0xffffff45 fr.pc=0x00000264df50c720 relative=0x00000000000004c0
Event: 118.822 Thread 0x00000264cdbbf800 Uncommon trap: reason=unstable_if action=reinterpret pc=0x00000264df50c720 method=sun.font.TrueTypeFont.readBlock(Ljava/nio/ByteBuffer;II)I @ 15 c2
Event: 118.822 Thread 0x00000264cdbbf800 DEOPT PACKING pc=0x00000264df50c720 sp=0x000000fdf27fe110
Event: 118.822 Thread 0x00000264cdbbf800 DEOPT UNPACKING pc=0x00000264d78e912f sp=0x000000fdf27fe0c0 mode 2
Event: 118.824 Thread 0x00000264cdbbf800 DEOPT PACKING pc=0x00000264d7ee321b sp=0x000000fdf27fdf30
Event: 118.824 Thread 0x00000264cdbbf800 DEOPT UNPACKING pc=0x00000264d78e964e sp=0x000000fdf27fd428 mode 3

Classes unloaded (0 events):
No events

Classes redefined (0 events):
No events

Internal exceptions (20 events):
Event: 13.468 Thread 0x00000264fddc0000 Exception <a 'java/io/FileNotFoundException'{0x000000070af1d670}> (0x000000070af1d670) 
thrown [t:/workspace/open/src/hotspot/share/prims/jni.cpp, line 598]
Event: 13.720 Thread 0x00000264fddc0000 Exception <a 'java/io/FileNotFoundException'{0x000000070af2bb18}> (0x000000070af2bb18) 
thrown [t:/workspace/open/src/hotspot/share/prims/jni.cpp, line 598]
Event: 14.143 Thread 0x00000264fddc0000 Exception <a 'java/io/FileNotFoundException'{0x0000000710f809c0}> (0x0000000710f809c0) 
thrown [t:/workspace/open/src/hotspot/share/prims/jni.cpp, line 598]
Event: 14.931 Thread 0x00000264fddc0000 Exception <a 'java/io/FileNotFoundException'{0x0000000710f8ee68}> (0x0000000710f8ee68) 
thrown [t:/workspace/open/src/hotspot/share/prims/jni.cpp, line 598]
Event: 16.591 Thread 0x00000264fddc0000 Exception <a 'java/io/FileNotFoundException'{0x0000000710f9bb30}> (0x0000000710f9bb30) 
thrown [t:/workspace/open/src/hotspot/share/prims/jni.cpp, line 598]
Event: 17.316 Thread 0x00000264fddc0000 Exception <a 'java/io/FileNotFoundException'{0x0000000710fa87e8}> (0x0000000710fa87e8) 
thrown [t:/workspace/open/src/hotspot/share/prims/jni.cpp, line 598]
Event: 17.723 Thread 0x00000264fddc0000 Exception <a 'java/io/FileNotFoundException'{0x0000000710fb81b8}> (0x0000000710fb81b8) 
thrown [t:/workspace/open/src/hotspot/share/prims/jni.cpp, line 598]
Event: 19.191 Thread 0x00000264fddc0000 Exception <a 'java/io/FileNotFoundException'{0x0000000710fc6d68}> (0x0000000710fc6d68) 
thrown [t:/workspace/open/src/hotspot/share/prims/jni.cpp, line 598]
Event: 24.598 Thread 0x00000264fddc0000 Exception <a 'java/io/FileNotFoundException'{0x000000070eb001c0}> (0x000000070eb001c0) 
thrown [t:/workspace/open/src/hotspot/share/prims/jni.cpp, line 598]
Event: 28.924 Thread 0x00000264fddc0000 Exception <a 'java/io/FileNotFoundException'{0x000000070eb38ca8}> (0x000000070eb38ca8) 
thrown [t:/workspace/open/src/hotspot/share/prims/jni.cpp, line 598]
Event: 28.991 Thread 0x00000264fddc0000 Exception <a 'java/io/FileNotFoundException'{0x000000070eb49020}> (0x000000070eb49020) 
thrown [t:/workspace/open/src/hotspot/share/prims/jni.cpp, line 598]
Event: 29.110 Thread 0x00000264fddc0000 Exception <a 'java/io/FileNotFoundException'{0x000000070eb594b0}> (0x000000070eb594b0) 
thrown [t:/workspace/open/src/hotspot/share/prims/jni.cpp, line 598]
Event: 29.206 Thread 0x00000264fddc0000 Exception <a 'java/io/FileNotFoundException'{0x000000070eb6a028}> (0x000000070eb6a028) 
thrown [t:/workspace/open/src/hotspot/share/prims/jni.cpp, line 598]
Event: 29.297 Thread 0x00000264fddc0000 Exception <a 'java/io/FileNotFoundException'{0x000000070eb7a4f8}> (0x000000070eb7a4f8) 
thrown [t:/workspace/open/src/hotspot/share/prims/jni.cpp, line 598]
Event: 75.523 Thread 0x00000264f51ae000 Implicit null exception at 0x00000264df6ddb26 to 0x00000264df6e07ba
Event: 80.570 Thread 0x00000264f51ae000 Implicit null exception at 0x00000264df676cec to 0x00000264df676d5b
Event: 105.282 Thread 0x00000264fd9d3000 Exception <a 'java/io/FileNotFoundException'{0x000000070ee1c2f0}> (0x000000070ee1c2f0) 
thrown [t:/workspace/open/src/hotspot/share/prims/jni.cpp, line 598]
Event: 108.607 Thread 0x00000264fd9d3000 Exception <a 'java/io/FileNotFoundException'{0x0000000709b809b0}> (0x0000000709b809b0) 
thrown [t:/workspace/open/src/hotspot/share/prims/jni.cpp, line 598]
Event: 118.822 Thread 0x00000264cdbbf800 Exception <a 'java/io/FileNotFoundException'{0x00000007113e83c0}> (0x00000007113e83c0) 
thrown [t:/workspace/open/src/hotspot/share/prims/jni.cpp, line 598]
Event: 118.822 Thread 0x00000264cdbbf800 Exception <a 'java/io/FileNotFoundException'{0x00000007113e9940}> (0x00000007113e9940) 
thrown [t:/workspace/open/src/hotspot/share/prims/jni.cpp, line 598]

Events (20 events):
Event: 118.826 Thread 0x00000264f3ea3000 flushing nmethod 0x00000264d80f0590
Event: 118.826 Thread 0x00000264f3ea3000 flushing nmethod 0x00000264d80f1710
Event: 118.826 Thread 0x00000264f3ea3000 flushing nmethod 0x00000264d80f2590
Event: 118.826 Thread 0x00000264f3ea3000 flushing nmethod 0x00000264d80f2e10
Event: 118.826 Thread 0x00000264f3ea3000 flushing nmethod 0x00000264d80f5410
Event: 118.826 Thread 0x00000264f3ea3000 flushing nmethod 0x00000264d80f5990
Event: 118.826 Thread 0x00000264f3ea3000 flushing nmethod 0x00000264d80f6590
Event: 118.826 Thread 0x00000264f3ea3000 flushing nmethod 0x00000264d80f9610
Event: 118.826 Thread 0x00000264f3ea3000 flushing nmethod 0x00000264d80fd710
Event: 118.826 Thread 0x00000264f3ea3000 flushing nmethod 0x00000264d8108010
Event: 118.826 Thread 0x00000264f3ea3000 flushing nmethod 0x00000264d8110e10
Event: 118.826 Thread 0x00000264f3ea3000 flushing nmethod 0x00000264d8111310
Event: 118.826 Thread 0x00000264f3ea3000 flushing nmethod 0x00000264d8112490
Event: 118.826 loading class sun/font/NullFontScaler done
Event: 118.826 Executing VM operation: Deoptimize
Event: 118.826 Executing VM operation: Deoptimize done
Event: 118.827 Thread 0x00000264f3ea3000 flushing nmethod 0x00000264d812fc90
Event: 118.827 Thread 0x00000264f3ea3000 flushing nmethod 0x00000264d8131310
Event: 118.827 Thread 0x00000264f3ea3000 flushing nmethod 0x00000264d8134310
Event: 118.827 Thread 0x00000264f3ea3000 flushing nmethod 0x00000264d813ac90


Dynamic libraries:
0x00007ff7ae420000 - 0x00007ff7ae42f000 	C:\Program Files\Java\jdk-13\bin\java.exe
0x00007fff25bc0000 - 0x00007fff25db0000 	C:\Windows\SYSTEM32\ntdll.dll
0x00007fff251d0000 - 0x00007fff25282000 	C:\Windows\System32\KERNEL32.DLL
0x00007fff237c0000 - 0x00007fff23a65000 	C:\Windows\System32\KERNELBASE.dll
0x00007fff23b20000 - 0x00007fff23c1a000 	C:\Windows\System32\ucrtbase.dll
0x00007fff17110000 - 0x00007fff17128000 	C:\Program Files\Java\jdk-13\bin\jli.dll
0x00007fff17e20000 - 0x00007fff17e35000 	C:\Program Files\Java\jdk-13\bin\VCRUNTIME140.dll
0x00007fff23c70000 - 0x00007fff23d13000 	C:\Windows\System32\ADVAPI32.dll
0x00007fff24490000 - 0x00007fff2452e000 	C:\Windows\System32\msvcrt.dll
0x00007fff24e60000 - 0x00007fff24ef7000 	C:\Windows\System32\sechost.dll
0x00007fff250b0000 - 0x00007fff251cf000 	C:\Windows\System32\RPCRT4.dll
0x00007fff253a0000 - 0x00007fff25534000 	C:\Windows\System32\USER32.dll
0x00007fff102e0000 - 0x00007fff10564000 	C:\Windows\WinSxS\amd64_microsoft.windows.common-controls_6595b64144ccf1df_6.0.18362.1316_none_9e7a364fe461dbd7\COMCTL32.dll
0x00007fff23c40000 - 0x00007fff23c61000 	C:\Windows\System32\win32u.dll
0x00007fff247a0000 - 0x00007fff24ad7000 	C:\Windows\System32\combase.dll
0x00007fff24f00000 - 0x00007fff24f26000 	C:\Windows\System32\GDI32.dll
0x00007fff235e0000 - 0x00007fff23661000 	C:\Windows\System32\bcryptPrimitives.dll
0x00007fff22b40000 - 0x00007fff22cd8000 	C:\Windows\System32\gdi32full.dll
0x00007fff22d60000 - 0x00007fff22dfe000 	C:\Windows\System32\msvcp_win.dll
0x00007fff1d0f0000 - 0x00007fff1d0fa000 	C:\Windows\SYSTEM32\VERSION.dll
0x00007fff24fb0000 - 0x00007fff24fde000 	C:\Windows\System32\IMM32.DLL
0x00007fff133c0000 - 0x00007fff1345b000 	C:\Program Files\Java\jdk-13\bin\msvcp140.dll
0x00007ffed5e80000 - 0x00007ffed69e6000 	C:\Program Files\Java\jdk-13\bin\server\jvm.dll
0x00007fff24470000 - 0x00007fff24478000 	C:\Windows\System32\PSAPI.DLL
0x00007fff20240000 - 0x00007fff20264000 	C:\Windows\SYSTEM32\WINMM.dll
0x00007fff0afc0000 - 0x00007fff0afc9000 	C:\Windows\SYSTEM32\WSOCK32.dll
0x00007fff24c90000 - 0x00007fff24cff000 	C:\Windows\System32\WS2_32.dll
0x00007fff20210000 - 0x00007fff2023d000 	C:\Windows\SYSTEM32\WINMMBASE.dll
0x00007fff22d10000 - 0x00007fff22d5a000 	C:\Windows\System32\cfgmgr32.dll
0x00007fff22a80000 - 0x00007fff22a91000 	C:\Windows\System32\kernel.appcore.dll
0x00007fff1e4b0000 - 0x00007fff1e4c0000 	C:\Program Files\Java\jdk-13\bin\verify.dll
0x00007fff06260000 - 0x00007fff06454000 	C:\Windows\SYSTEM32\DBGHELP.DLL
0x00007fff06230000 - 0x00007fff0625a000 	C:\Windows\SYSTEM32\dbgcore.DLL
0x00007fff13850000 - 0x00007fff13876000 	C:\Program Files\Java\jdk-13\bin\java.dll
0x00007fff1a8e0000 - 0x00007fff1a918000 	C:\Program Files\Java\jdk-13\bin\jdwp.dll
0x00007fff16a80000 - 0x00007fff16a97000 	C:\Program Files\Java\jdk-13\bin\zip.dll
0x00007fff1b7d0000 - 0x00007fff1b7da000 	C:\Program Files\Java\jdk-13\bin\jimage.dll
0x00007fff23d20000 - 0x00007fff24408000 	C:\Windows\System32\SHELL32.dll
0x00007fff24530000 - 0x00007fff245d7000 	C:\Windows\System32\shcore.dll
0x00007fff22e60000 - 0x00007fff235db000 	C:\Windows\System32\windows.storage.dll
0x00007fff22ac0000 - 0x00007fff22ae3000 	C:\Windows\System32\profapi.dll
0x00007fff22af0000 - 0x00007fff22b3a000 	C:\Windows\System32\powrprof.dll
0x00007fff22a70000 - 0x00007fff22a80000 	C:\Windows\System32\UMPDC.dll
0x00007fff24410000 - 0x00007fff24462000 	C:\Windows\System32\shlwapi.dll
0x00007fff23c20000 - 0x00007fff23c37000 	C:\Windows\System32\cryptsp.dll
0x00007fff1ed10000 - 0x00007fff1ed1b000 	C:\Program Files\Java\jdk-13\bin\dt_socket.dll
0x00007fff222b0000 - 0x00007fff22317000 	C:\Windows\system32\mswsock.dll
0x00007fff22000000 - 0x00007fff220cb000 	C:\Windows\SYSTEM32\DNSAPI.dll
0x00007fff24480000 - 0x00007fff24488000 	C:\Windows\System32\NSI.dll
0x00007fff21fc0000 - 0x00007fff21ffa000 	C:\Windows\SYSTEM32\IPHLPAPI.DLL
0x0000000058b60000 - 0x0000000058b86000 	C:\Program Files\Bonjour\mdnsNSP.dll
0x00007fff1afe0000 - 0x00007fff1afea000 	C:\Windows\System32\rasadhlp.dll
0x00007fff1bcc0000 - 0x00007fff1bd37000 	C:\Windows\System32\fwpuclnt.dll
0x00007fff22ce0000 - 0x00007fff22d06000 	C:\Windows\System32\bcrypt.dll
0x00007ffef0550000 - 0x00007ffef06e9000 	C:\Program Files\Java\jdk-13\bin\awt.dll
0x00007fff24d80000 - 0x00007fff24e45000 	C:\Windows\System32\OLEAUT32.dll
0x00007fff1f580000 - 0x00007fff1fb40000 	C:\Windows\SYSTEM32\d2d1.dll
0x00007fff20bc0000 - 0x00007fff20c4f000 	C:\Windows\SYSTEM32\apphelp.dll
0x00007fff211c0000 - 0x00007fff211ed000 	C:\Windows\system32\DWMAPI.DLL
0x00007fff20d00000 - 0x00007fff20d99000 	C:\Windows\system32\uxtheme.dll
0x00007ffef47e0000 - 0x00007ffef4936000 	C:\Windows\system32\opengl32.dll
0x00007fff1a2d0000 - 0x00007fff1a2fc000 	C:\Windows\SYSTEM32\GLU32.dll
0x00007fff21690000 - 0x00007fff216b0000 	C:\Windows\SYSTEM32\dxcore.dll
0x00007fff24ae0000 - 0x00007fff24c15000 	C:\Windows\System32\MSCTF.dll
0x00007fff24640000 - 0x00007fff24797000 	C:\Windows\System32\ole32.dll
0x00007fff22aa0000 - 0x00007fff22ab2000 	C:\Windows\System32\msasn1.dll
0x00007fff1bb80000 - 0x00007fff1bbaf000 	C:\Windows\SYSTEM32\cryptnet.dll
0x00007fff23670000 - 0x00007fff237ba000 	C:\Windows\System32\CRYPT32.dll
0x00007fff22480000 - 0x00007fff2248c000 	C:\Windows\SYSTEM32\cryptbase.dll
0x00007fff22e00000 - 0x00007fff22e5c000 	C:\Windows\System32\WINTRUST.DLL
0x00007fff25540000 - 0x00007fff2555d000 	C:\Windows\System32\imagehlp.dll
0x00007fff21e30000 - 0x00007fff21e63000 	C:\Windows\system32\rsaenh.dll
0x00007fff21640000 - 0x00007fff21662000 	C:\Windows\SYSTEM32\gpapi.dll
0x00007fff12fb0000 - 0x00007fff13032000 	C:\Program Files\Java\jdk-13\bin\freetype.dll
0x00007fff11df0000 - 0x00007fff11e96000 	C:\Program Files\Java\jdk-13\bin\fontmanager.dll
0x00007fff1a1b0000 - 0x00007fff1a24d000 	C:\Windows\System32\TextInputFramework.dll
0x00007fff1df00000 - 0x00007fff1e22a000 	C:\Windows\System32\CoreUIComponents.dll
0x00007fff207d0000 - 0x00007fff208a4000 	C:\Windows\System32\CoreMessaging.dll
0x00007fff1dd80000 - 0x00007fff1ded2000 	C:\Windows\SYSTEM32\wintypes.dll
0x00007fff21a90000 - 0x00007fff21ac1000 	C:\Windows\SYSTEM32\ntmarta.dll
0x00007fff150f0000 - 0x00007fff15109000 	C:\Program Files\Java\jdk-13\bin\net.dll
0x00007fff1b870000 - 0x00007fff1ba46000 	C:\Windows\SYSTEM32\urlmon.dll
0x00007fff1d5e0000 - 0x00007fff1d6d0000 	C:\Windows\SYSTEM32\WINHTTP.dll
0x00007fff19470000 - 0x00007fff19717000 	C:\Windows\SYSTEM32\iertutil.dll
0x00007fff14c20000 - 0x00007fff14c33000 	C:\Program Files\Java\jdk-13\bin\nio.dll
0x00007fff22990000 - 0x00007fff229b5000 	C:\Windows\SYSTEM32\USERENV.dll
0x00007fff1c5b0000 - 0x00007fff1c5c6000 	C:\Windows\SYSTEM32\dhcpcsvc6.DLL
0x00007fff1d100000 - 0x00007fff1d11c000 	C:\Windows\SYSTEM32\dhcpcsvc.DLL
0x00007fff16960000 - 0x00007fff1698d000 	C:\Program Files\Java\jdk-13\bin\javajpeg.dll

dbghelp: loaded successfully - version: 4.0.5 - missing functions: none
symbol engine: initialized successfully - sym options: 0x614 - pdb path: .;C:\Program Files\Java\jdk-13\bin;C:\Windows\SYSTEM32;C:\Windows\WinSxS\amd64_microsoft.windows.common-controls_6595b64144ccf1df_6.0.18362.1316_none_9e7a364fe461dbd7;C:\Program Files\Java\jdk-13\bin\server;C:\Program Files\Bonjour;C:\WINDOWS\System32\DriverStore\FileRepository\nv_dispi.inf_amd64_8e68f77150e57b50

VM Arguments:
jvm_args: -agentlib:jdwp=transport=dt_socket,server=n,suspend=y,address=localhost:55033 -Dfile.encoding=UTF-8 
java_command: warcraftTD.Main
java_class_path (initial): C:\Users\Cody\Desktop\Documents\_DEV\warcraftTD\bin
Launcher Type: SUN_STANDARD

[Global flags]
     intx CICompilerCount                          = 4                                         {product} {ergonomic}
     uint ConcGCThreads                            = 2                                         {product} {ergonomic}
     uint G1ConcRefinementThreads                  = 8                                         {product} {ergonomic}
   size_t G1HeapRegionSize                         = 1048576                                   {product} {ergonomic}
    uintx GCDrainStackTargetSize                   = 64                                        {product} {ergonomic}
   size_t InitialHeapSize                          = 268435456                                 {product} {ergonomic}
   size_t MarkStackSize                            = 4194304                                   {product} {ergonomic}
   size_t MaxHeapSize                              = 4273995776                                {product} {ergonomic}
   size_t MaxNewSize                               = 2563768320                                {product} {ergonomic}
   size_t MinHeapDeltaBytes                        = 1048576                                   {product} {ergonomic}
   size_t MinHeapSize                              = 8388608                                   {product} {ergonomic}
    uintx NonNMethodCodeHeapSize                   = 5836300                                {pd product} {ergonomic}
    uintx NonProfiledCodeHeapSize                  = 122910970                              {pd product} {ergonomic}
    uintx ProfiledCodeHeapSize                     = 122910970                              {pd product} {ergonomic}
    uintx ReservedCodeCacheSize                    = 251658240                              {pd product} {ergonomic}
     bool SegmentedCodeCache                       = true                                      {product} {ergonomic}
   size_t SoftMaxHeapSize                          = 4273995776                             {manageable} {ergonomic}
     bool UseCompressedClassPointers               = true                                 {lp64_product} {ergonomic}
     bool UseCompressedOops                        = true                                 {lp64_product} {ergonomic}
     bool UseG1GC                                  = true                                      {product} {ergonomic}
     bool UseLargePagesIndividualAllocation        = false                                  {pd product} {ergonomic}

Logging:
Log output configuration:
 #0: stdout all=warning uptime,level,tags
 #1: stderr all=off uptime,level,tags

Environment Variables:
JAVA_HOME=C:\Progra~1\Java\jdk-13
PATH=C:\Python\Python37\Scripts\;C:\Python\Python37\;C:\Program Files (x86)\Common Files\Oracle\Java\javapath;C:\Program Files (x86)\Common Files\Intel\Shared Libraries\redist\intel64\compiler;C:\ProgramData\Oracle\Java\javapath;C:\Program Files (x86)\Intel\iCLS Client\;C:\Program Files\Intel\iCLS Client\;C:\WINDOWS\system32;C:\WINDOWS;C:\WINDOWS\System32\Wbem;C:\WINDOWS\System32\WindowsPowerShell\v1.0\;C:\Program Files (x86)\Intel\Intel(R) Management Engine Components\DAL;C:\Program Files\Intel\Intel(R) Management Engine Components\DAL;C:\Program Files (x86)\Intel\Intel(R) Management Engine Components\IPT;C:\Program Files\Intel\Intel(R) Management Engine Components\IPT;C:\Program Files\dotnet\;C:\WINDOWS\System32\OpenSSH\;C:\Program Files (x86)\NVIDIA Corporation\PhysX\Common;C:\Users\Cody\AppData\Local\Programs\Python\Python37-32;C:\ProgramData\chocolatey\bin;C:\Program Files\nodejs\;C:\WINDOWS\system32;C:\WINDOWS;C:\WINDOWS\System32\Wbem;C:\WINDOWS\System32\WindowsPowerShell\v1.0\;C:\WINDOWS\System32\OpenSSH\;C:\Program Files (x86)\ZeroTier\One\;C:\MinGW\bin\;C:\Program Files\Git\cmd;C:\Program Files\Tesseract-OCR;C:\Tools\FFmpeg\bin;C:\Program Files (x86)\Sennheiser\Sennheiser Updater\;C:\Users\Cody\AppData\Local\Microsoft\WindowsApps;C:\Users\Cody\AppData\Roaming\npm;C:\Users\Cody\AppData\Local\GitHubDesktop\bin;C:\Users\Cody\AppData\Local\Microsoft\WindowsApps;
USERNAME=Cody
OS=Windows_NT
PROCESSOR_IDENTIFIER=Intel64 Family 6 Model 94 Stepping 3, GenuineIntel



---------------  S Y S T E M  ---------------

OS: Windows 10 , 64 bit Build 18362 (10.0.18362.1316)

CPU:total 8 (initial active 8) (4 cores per cpu, 2 threads per core) family 6 model 94 stepping 3, cmov, cx8, fxsr, mmx, sse, sse2, sse3, ssse3, sse4.1, sse4.2, popcnt, avx, avx2, aes, clmul, erms, rtm, 3dnowpref, lzcnt, ht, tsc, tscinvbit, bmi1, bmi2, adx, fma

Memory: 4k page, system-wide physical 16300M (7159M free)
TotalPageFile size 21161M (AvailPageFile size 6194M)
current process WorkingSet (physical memory assigned to process): 368M, peak: 409M
current process commit charge ("private bytes"): 469M, peak: 539M

vm_info: Java HotSpot(TM) 64-Bit Server VM (13+33) for windows-amd64 JRE (13+33), built on Sep 18 2019 21:38:00 by "mach5one" with unknown MS VC++:1916

END.
