#
# A fatal error has been detected by the Java Runtime Environment:
#
#  EXCEPTION_ACCESS_VIOLATION (0xc0000005) at pc=0x00007ffabd5b5d1a, pid=232232, tid=231932
#
# JRE version: Java(TM) SE Runtime Environment (13.0+33) (build 13+33)
# Java VM: Java HotSpot(TM) 64-Bit Server VM (13+33, mixed mode, sharing, tiered, compressed oops, g1 gc, windows-amd64)
# Problematic frame:
# C  [freetype.dll+0x45d1a]
#
# No core dump will be written. Minidumps are not enabled by default on client versions of Windows
#
# If you would like to submit a bug report, please visit:
#   http://bugreport.java.com/bugreport/crash.jsp
# The crash happened outside the Java Virtual Machine in native code.
# See problematic frame for where to report the bug.
#

---------------  S U M M A R Y ------------

Command Line: -Dfile.encoding=UTF-8 warcraftTD.Main

Host: Intel(R) Core(TM) i7-6700K CPU @ 4.00GHz, 8 cores, 15G,  Windows 10 , 64 bit Build 18362 (10.0.18362.1110)
Time: Sun Jan 10 19:12:56 2021 Paris, Madrid elapsed time: 111 seconds (0d 0h 1m 51s)

---------------  T H R E A D  ---------------

Current thread (0x0000020f50441800):  JavaThread "main" [_thread_in_native, id=231932, stack(0x000000d3c9300000,0x000000d3c9400000)]

Stack: [0x000000d3c9300000,0x000000d3c9400000],  sp=0x000000d3c93feee0,  free space=1019k
Native frames: (J=compiled Java code, j=interpreted, Vv=VM code, C=native code)
C  [freetype.dll+0x45d1a]

Java frames: (J=compiled Java code, j=interpreted, Vv=VM code)
J 2463  sun.font.FreetypeFontScaler.getGlyphImageNative(Lsun/font/Font2D;JJI)J java.desktop@13 (0 bytes) @ 0x0000020f61e2f829 [0x0000020f61e2f7c0+0x0000000000000069]
J 2957 c2 sun.font.FileFont.getGlyphImage(JI)J java.desktop@13 (26 bytes) @ 0x0000020f61ccb3cc [0x0000020f61ccb240+0x000000000000018c]
J 2454 c2 sun.font.GlyphList.setFromString(Lsun/java2d/loops/FontInfo;Ljava/lang/String;FF)Z java.desktop@13 (75 bytes) @ 0x0000020f61e305bc [0x0000020f61e2fd60+0x000000000000085c]
J 2560 c2 sun.java2d.pipe.GlyphListPipe.drawString(Lsun/java2d/SunGraphics2D;Ljava/lang/String;DD)V java.desktop@13 (202 bytes) @ 0x0000020f61e65ba0 [0x0000020f61e65900+0x00000000000002a0]
J 2796 c2 warcraftTD.World.drawInfos()V (2167 bytes) @ 0x0000020f61f44f84 [0x0000020f61f441a0+0x0000000000000de4]
J 2883 c2 warcraftTD.World.draw()V (40 bytes) @ 0x0000020f61faeb7c [0x0000020f61fae820+0x000000000000035c]
j  warcraftTD.World.run()V+64
j  warcraftTD.Main.main([Ljava/lang/String;)V+34
v  ~StubRoutines::call_stub

siginfo: EXCEPTION_ACCESS_VIOLATION (0xc0000005), reading address 0x0000000000000118


Register to memory mapping:

RIP=0x00007ffabd5b5d1a freetype.dll
RAX=0x000000d3c93fef18 is pointing into the stack for thread: 0x0000020f50441800
RBX=0x000000d3c93ff0c0 is pointing into the stack for thread: 0x0000020f50441800
RCX=0x0000020f7de54210 points into unknown readable memory: 01 00 00 00 00 00 00 00
RDX=0x0 is NULL
RSP=0x000000d3c93feee0 is pointing into the stack for thread: 0x0000020f50441800
RBP=0x000000d3c93fefe0 is pointing into the stack for thread: 0x0000020f50441800
RSI=0x0000020f7de54210 points into unknown readable memory: 01 00 00 00 00 00 00 00
RDI=0x0 is NULL
R8 =0x000000000000003a is an unknown value
R9 =0x000000d3c93fef40 is pointing into the stack for thread: 0x0000020f50441800
R10=0x0 is NULL
R11=0x000000d3c93fee10 is pointing into the stack for thread: 0x0000020f50441800
R12=0x000000000000003a is an unknown value
R13=0x00000000000018f8 is an unknown value
R14=0x0000020f7de54210 points into unknown readable memory: 01 00 00 00 00 00 00 00
R15=0x0000020f7dddebb0 points into unknown readable memory: a0 92 e9 7d 0f 02 00 00


Registers:
RAX=0x000000d3c93fef18, RBX=0x000000d3c93ff0c0, RCX=0x0000020f7de54210, RDX=0x0000000000000000
RSP=0x000000d3c93feee0, RBP=0x000000d3c93fefe0, RSI=0x0000020f7de54210, RDI=0x0000000000000000
R8 =0x000000000000003a, R9 =0x000000d3c93fef40, R10=0x0000000000000000, R11=0x000000d3c93fee10
R12=0x000000000000003a, R13=0x00000000000018f8, R14=0x0000020f7de54210, R15=0x0000020f7dddebb0
RIP=0x00007ffabd5b5d1a, EFLAGS=0x0000000000010246

Top of Stack: (sp=0x000000d3c93feee0)
0x000000d3c93feee0:   000000d3c93ff0c0 000000d3c93ff0f0
0x000000d3c93feef0:   0000000000000000 00007ffabac5746c
0x000000d3c93fef00:   000000d3c93fef18 0000020f7616cc08
0x000000d3c93fef10:   0000020000000000 00000000c93f0000
0x000000d3c93fef20:   0000000050440000 0000020f00001a88
0x000000d3c93fef30:   00020c4a00020c4a 00007ffa00000000
0x000000d3c93fef40:   0000020f75fb0000 00007ffabd5bdc73
0x000000d3c93fef50:   0000000000000000 0000000000000000
0x000000d3c93fef60:   4090000000000072 0000020f7616cc08
0x000000d3c93fef70:   0000000000000000 0000000000000000
0x000000d3c93fef80:   0000020f76967600 0000020f7dc55090
0x000000d3c93fef90:   0000020f775024c0 0000020f7de54210
0x000000d3c93fefa0:   0000020f7dda5200 00007ffabd5c2993
0x000000d3c93fefb0:   0000a401acb9b650 0000020f7dda5200
0x000000d3c93fefc0:   0000020f7dda5200 00007ffabadc8a29
0x000000d3c93fefd0:   0000000000000000 0000020f775024c0 

Instructions: (pc=0x00007ffabd5b5d1a)
0x00007ffabd5b5c1a:   48 89 45 c0 48 89 45 c8 48 89 45 d0 48 89 45 d8
0x00007ffabd5b5c2a:   48 89 45 e0 c6 44 24 34 01 e8 18 e0 fd ff 48 8d
0x00007ffabd5b5c3a:   45 a0 48 89 43 28 eb 12 48 8d 73 30 49 8b ce 4c
0x00007ffabd5b5c4a:   8b c6 e8 6f d1 00 00 44 8b e8 44 8b 0e 45 85 c9
0x00007ffabd5b5c5a:   7e 63 41 8b 96 04 04 00 00 85 d2 75 15 49 8b 8e
0x00007ffabd5b5c6a:   d0 00 00 00 48 39 79 50 75 08 8d 4a 08 e9 01 0a
0x00007ffabd5b5c7a:   00 00 46 8d 04 2a 48 8b cb 41 8b d4 41 ff 96 a8
0x00007ffabd5b5c8a:   02 00 00 89 44 24 30 8b c8 85 c0 0f 85 e6 09 00
0x00007ffabd5b5c9a:   00 48 8b cb 41 ff 96 b8 02 00 00 48 8b cb 89 44
0x00007ffabd5b5caa:   24 30 41 ff 96 b0 02 00 00 8b 4c 24 30 85 c9 0f
0x00007ffabd5b5cba:   85 c2 09 00 00 39 3e 74 06 66 39 7b 34 75 08 48
0x00007ffabd5b5cca:   89 7b 38 48 89 7b 40 48 8b 43 28 48 8b 33 48 8b
0x00007ffabd5b5cda:   c8 48 89 45 40 66 89 7c 24 60 66 89 7c 24 44 66
0x00007ffabd5b5cea:   89 7c 24 38 66 89 7c 24 40 e8 78 df fd ff 4c 8b
0x00007ffabd5b5cfa:   96 d0 02 00 00 4c 8d 4c 24 60 89 44 24 48 45 8b
0x00007ffabd5b5d0a:   c4 48 8d 44 24 38 33 d2 48 8b ce 48 89 44 24 20
0x00007ffabd5b5d1a:   41 ff 92 18 01 00 00 8b 4b 44 40 38 be 90 01 00
0x00007ffabd5b5d2a:   00 74 27 4c 8b 96 d0 02 00 00 48 8d 44 24 40 4c
0x00007ffabd5b5d3a:   8d 4c 24 44 48 89 44 24 20 45 8b c4 b2 01 48 8b
0x00007ffabd5b5d4a:   ce 41 ff 92 18 01 00 00 eb 7d b8 ff ff 00 00 66
0x00007ffabd5b5d5a:   39 86 08 02 00 00 74 37 0f b7 86 4e 02 00 00 66
0x00007ffabd5b5d6a:   2b c1 66 89 44 24 44 0f bf 8e 4e 02 00 00 44 0f
0x00007ffabd5b5d7a:   bf 86 50 02 00 00 8b d1 41 2b d0 0f b7 c1 66 41
0x00007ffabd5b5d8a:   2b c0 66 44 2b c1 85 d2 66 44 0f 49 c0 eb 32 0f
0x00007ffabd5b5d9a:   b7 86 3c 01 00 00 66 2b c1 66 89 44 24 44 0f bf
0x00007ffabd5b5daa:   96 3e 01 00 00 44 0f bf 86 3c 01 00 00 44 3b c2
0x00007ffabd5b5dba:   79 0b 66 41 2b d0 66 89 54 24 40 eb 0a 66 44 2b
0x00007ffabd5b5dca:   c2 66 44 89 44 24 40 8b 54 24 48 48 8b 4d 40 e8
0x00007ffabd5b5dda:   e2 e4 fd ff 8b c8 85 c0 75 35 0f bf 44 24 60 0f
0x00007ffabd5b5dea:   b7 4c 24 38 89 43 48 0f bf 44 24 44 89 83 08 01
0x00007ffabd5b5dfa:   00 00 0f b7 44 24 40 89 83 0c 01 00 00 89 4b 4c
0x00007ffabd5b5e0a:   40 38 7b 54 75 07 c6 43 54 01 89 4b 50 8b cf 89 


Stack slot to memory mapping:
stack at sp + 0 slots: 0x000000d3c93ff0c0 is pointing into the stack for thread: 0x0000020f50441800
stack at sp + 1 slots: 0x000000d3c93ff0f0 is pointing into the stack for thread: 0x0000020f50441800
stack at sp + 2 slots: 0x0 is NULL
stack at sp + 3 slots: 0x00007ffabac5746c jvm.dll
stack at sp + 4 slots: 0x000000d3c93fef18 is pointing into the stack for thread: 0x0000020f50441800
stack at sp + 5 slots: {method} {0x0000020f7616cc10} '<init>' '(FFFFFFFFFF)V' in 'sun/font/StrikeMetrics'
stack at sp + 6 slots: 0x0000020000000000 is an unknown value
stack at sp + 7 slots: 0x00000000c93f0000 is an unknown value


---------------  P R O C E S S  ---------------

Threads class SMR info:
_java_thread_list=0x0000020f7dd551f0, length=13, elements={
0x0000020f50441800, 0x0000020f76007800, 0x0000020f7600b000, 0x0000020f768ab000,
0x0000020f768ae000, 0x0000020f768af800, 0x0000020f768b0800, 0x0000020f768b5000,
0x0000020f769fd800, 0x0000020f76a2b000, 0x0000020f770a2800, 0x0000020f7718b800,
0x0000020f7dd4d000
}

Java Threads: ( => current thread )
=>0x0000020f50441800 JavaThread "main" [_thread_in_native, id=231932, stack(0x000000d3c9300000,0x000000d3c9400000)]
  0x0000020f76007800 JavaThread "Reference Handler" daemon [_thread_blocked, id=231772, stack(0x000000d3c9a00000,0x000000d3c9b00000)]
  0x0000020f7600b000 JavaThread "Finalizer" daemon [_thread_blocked, id=227672, stack(0x000000d3c9b00000,0x000000d3c9c00000)]
  0x0000020f768ab000 JavaThread "Signal Dispatcher" daemon [_thread_blocked, id=228848, stack(0x000000d3c9c00000,0x000000d3c9d00000)]
  0x0000020f768ae000 JavaThread "Attach Listener" daemon [_thread_blocked, id=227252, stack(0x000000d3c9d00000,0x000000d3c9e00000)]
  0x0000020f768af800 JavaThread "C2 CompilerThread0" daemon [_thread_blocked, id=227560, stack(0x000000d3c9e00000,0x000000d3c9f00000)]
  0x0000020f768b0800 JavaThread "C1 CompilerThread0" daemon [_thread_blocked, id=230540, stack(0x000000d3c9f00000,0x000000d3ca000000)]
  0x0000020f768b5000 JavaThread "Sweeper thread" daemon [_thread_blocked, id=231856, stack(0x000000d3ca000000,0x000000d3ca100000)]
  0x0000020f769fd800 JavaThread "Service Thread" daemon [_thread_blocked, id=222568, stack(0x000000d3ca100000,0x000000d3ca200000)]
  0x0000020f76a2b000 JavaThread "Common-Cleaner" daemon [_thread_blocked, id=230472, stack(0x000000d3ca300000,0x000000d3ca400000)]
  0x0000020f770a2800 JavaThread "Java2D Disposer" daemon [_thread_blocked, id=231896, stack(0x000000d3ca400000,0x000000d3ca500000)]
  0x0000020f7718b800 JavaThread "AWT-Shutdown" [_thread_blocked, id=229484, stack(0x000000d3ca600000,0x000000d3ca700000)]
  0x0000020f7dd4d000 JavaThread "AWT-EventQueue-0" [_thread_blocked, id=222252, stack(0x000000d3cb500000,0x000000d3cb600000)]

Other Threads:
  0x0000020f76006800 VMThread "VM Thread" [stack: 0x000000d3c9900000,0x000000d3c9a00000] [id=231752]
  0x0000020f76a29800 WatcherThread [stack: 0x000000d3ca200000,0x000000d3ca300000] [id=220032]
  0x0000020f504ab800 GCTaskThread "GC Thread#0" [stack: 0x000000d3c9400000,0x000000d3c9500000] [id=231024]
  0x0000020f7dc56800 GCTaskThread "GC Thread#1" [stack: 0x000000d3ca500000,0x000000d3ca600000] [id=232008]
  0x0000020f7dca8800 GCTaskThread "GC Thread#2" [stack: 0x000000d3caa00000,0x000000d3cab00000] [id=231844]
  0x0000020f7dca9000 GCTaskThread "GC Thread#3" [stack: 0x000000d3cab00000,0x000000d3cac00000] [id=231816]
  0x0000020f7dcaa000 GCTaskThread "GC Thread#4" [stack: 0x000000d3cac00000,0x000000d3cad00000] [id=232256]
  0x0000020f7dcab000 GCTaskThread "GC Thread#5" [stack: 0x000000d3cad00000,0x000000d3cae00000] [id=231956]
  0x0000020f504cd000 ConcurrentGCThread "G1 Main Marker" [stack: 0x000000d3c9500000,0x000000d3c9600000] [id=232224]
  0x0000020f504cf000 ConcurrentGCThread "G1 Conc#0" [stack: 0x000000d3c9600000,0x000000d3c9700000] [id=226920]
  0x0000020f75eff000 ConcurrentGCThread "G1 Refine#0" [stack: 0x000000d3c9700000,0x000000d3c9800000] [id=228936]
  0x0000020f76bf7000 ConcurrentGCThread "G1 Refine#1" [stack: 0x000000d3cae00000,0x000000d3caf00000] [id=227028]
  0x0000020f770db000 ConcurrentGCThread "G1 Refine#2" [stack: 0x000000d3caf00000,0x000000d3cb000000] [id=231132]
  0x0000020f7dd16000 ConcurrentGCThread "G1 Refine#3" [stack: 0x000000d3cb000000,0x000000d3cb100000] [id=229464]
  0x0000020f7dd19000 ConcurrentGCThread "G1 Refine#4" [stack: 0x000000d3cb100000,0x000000d3cb200000] [id=230024]
  0x0000020f7dd20800 ConcurrentGCThread "G1 Refine#5" [stack: 0x000000d3cb200000,0x000000d3cb300000] [id=230668]
  0x0000020f7dd26000 ConcurrentGCThread "G1 Refine#6" [stack: 0x000000d3cb300000,0x000000d3cb400000] [id=229004]
  0x0000020f7dd4b800 ConcurrentGCThread "G1 Refine#7" [stack: 0x000000d3cb400000,0x000000d3cb500000] [id=231872]
  0x0000020f75f01000 ConcurrentGCThread "G1 Young RemSet Sampling" [stack: 0x000000d3c9800000,0x000000d3c9900000] [id=231644]

Threads with active compile tasks:

VM state:not at safepoint (normal execution)

VM Mutex/Monitor currently owned by a thread: None

Heap address: 0x0000000701400000, size: 4076 MB, Compressed Oops mode: Zero based, Oop shift amount: 3
Narrow klass base: 0x0000000800000000, Narrow klass shift: 3
Compressed class space size: 1073741824 Address: 0x0000000800b40000

Heap:
 garbage-first heap   total 262144K, used 145727K [0x0000000701400000, 0x0000000800000000)
  region size 1024K, 104 young (106496K), 4 survivors (4096K)
 Metaspace       used 9399K, capacity 9668K, committed 9856K, reserved 1058816K
  class space    used 910K, capacity 1042K, committed 1152K, reserved 1048576K
Heap Regions: E=young(eden), S=young(survivor), O=old, HS=humongous(starts), HC=humongous(continues), CS=collection set, F=free, A=archive, TAMS=top-at-mark-start (previous, next)
|   0|0x0000000701400000, 0x0000000701500000, 0x0000000701500000|100%|HS|  |TAMS 0x0000000701400000, 0x0000000701400000| Complete 
|   1|0x0000000701500000, 0x0000000701600000, 0x0000000701600000|100%|HC|  |TAMS 0x0000000701500000, 0x0000000701500000| Complete 
|   2|0x0000000701600000, 0x0000000701700000, 0x0000000701700000|100%|HS|  |TAMS 0x0000000701600000, 0x0000000701600000| Complete 
|   3|0x0000000701700000, 0x0000000701800000, 0x0000000701800000|100%|HC|  |TAMS 0x0000000701700000, 0x0000000701700000| Complete 
|   4|0x0000000701800000, 0x0000000701900000, 0x0000000701900000|100%| O|  |TAMS 0x0000000701800000, 0x0000000701800000| Untracked 
|   5|0x0000000701900000, 0x0000000701a00000, 0x0000000701a00000|100%| O|  |TAMS 0x0000000701900000, 0x0000000701900000| Untracked 
|   6|0x0000000701a00000, 0x0000000701b00000, 0x0000000701b00000|100%| O|  |TAMS 0x0000000701a00000, 0x0000000701a00000| Untracked 
|   7|0x0000000701b00000, 0x0000000701c00000, 0x0000000701c00000|100%| O|  |TAMS 0x0000000701b00000, 0x0000000701b00000| Untracked 
|   8|0x0000000701c00000, 0x0000000701d00000, 0x0000000701d00000|100%| O|  |TAMS 0x0000000701c00000, 0x0000000701c00000| Untracked 
|   9|0x0000000701d00000, 0x0000000701e00000, 0x0000000701e00000|100%| O|  |TAMS 0x0000000701d00000, 0x0000000701d00000| Untracked 
|  10|0x0000000701e00000, 0x0000000701f00000, 0x0000000701f00000|100%| O|  |TAMS 0x0000000701e00000, 0x0000000701e00000| Untracked 
|  11|0x0000000701f00000, 0x0000000702000000, 0x0000000702000000|100%| O|  |TAMS 0x0000000701f00000, 0x0000000701f00000| Untracked 
|  12|0x0000000702000000, 0x0000000702100000, 0x0000000702100000|100%| O|  |TAMS 0x0000000702000000, 0x0000000702000000| Untracked 
|  13|0x0000000702100000, 0x0000000702200000, 0x0000000702200000|100%| O|  |TAMS 0x0000000702100000, 0x0000000702100000| Untracked 
|  14|0x0000000702200000, 0x0000000702300000, 0x0000000702300000|100%| O|  |TAMS 0x0000000702200000, 0x0000000702200000| Untracked 
|  15|0x0000000702300000, 0x0000000702400000, 0x0000000702400000|100%| O|  |TAMS 0x0000000702300000, 0x0000000702300000| Untracked 
|  16|0x0000000702400000, 0x0000000702500000, 0x0000000702500000|100%| O|  |TAMS 0x0000000702400000, 0x0000000702400000| Untracked 
|  17|0x0000000702500000, 0x0000000702600000, 0x0000000702600000|100%| O|  |TAMS 0x0000000702500000, 0x0000000702500000| Untracked 
|  18|0x0000000702600000, 0x0000000702700000, 0x0000000702700000|100%| O|  |TAMS 0x0000000702600000, 0x0000000702600000| Untracked 
|  19|0x0000000702700000, 0x0000000702800000, 0x0000000702800000|100%| O|  |TAMS 0x0000000702700000, 0x0000000702700000| Untracked 
|  20|0x0000000702800000, 0x0000000702900000, 0x0000000702900000|100%| O|  |TAMS 0x0000000702800000, 0x0000000702800000| Untracked 
|  21|0x0000000702900000, 0x0000000702a00000, 0x0000000702a00000|100%| O|  |TAMS 0x0000000702900000, 0x0000000702900000| Untracked 
|  22|0x0000000702a00000, 0x0000000702b00000, 0x0000000702b00000|100%|HS|  |TAMS 0x0000000702a00000, 0x0000000702a00000| Complete 
|  23|0x0000000702b00000, 0x0000000702c00000, 0x0000000702c00000|100%|HC|  |TAMS 0x0000000702b00000, 0x0000000702b00000| Complete 
|  24|0x0000000702c00000, 0x0000000702d00000, 0x0000000702d00000|100%|HC|  |TAMS 0x0000000702c00000, 0x0000000702c00000| Complete 
|  25|0x0000000702d00000, 0x0000000702e00000, 0x0000000702e00000|100%|HC|  |TAMS 0x0000000702d00000, 0x0000000702d00000| Complete 
|  26|0x0000000702e00000, 0x0000000702f00000, 0x0000000702f00000|100%|HS|  |TAMS 0x0000000702e00000, 0x0000000702e00000| Complete 
|  27|0x0000000702f00000, 0x0000000703000000, 0x0000000703000000|100%|HC|  |TAMS 0x0000000702f00000, 0x0000000702f00000| Complete 
|  28|0x0000000703000000, 0x0000000703100000, 0x0000000703100000|100%|HC|  |TAMS 0x0000000703000000, 0x0000000703000000| Complete 
|  29|0x0000000703100000, 0x0000000703200000, 0x0000000703200000|100%|HC|  |TAMS 0x0000000703100000, 0x0000000703100000| Complete 
|  30|0x0000000703200000, 0x0000000703300000, 0x0000000703300000|100%|HS|  |TAMS 0x0000000703200000, 0x0000000703200000| Complete 
|  31|0x0000000703300000, 0x0000000703400000, 0x0000000703400000|100%|HC|  |TAMS 0x0000000703300000, 0x0000000703300000| Complete 
|  32|0x0000000703400000, 0x0000000703500000, 0x0000000703500000|100%|HC|  |TAMS 0x0000000703400000, 0x0000000703400000| Complete 
|  33|0x0000000703500000, 0x0000000703600000, 0x0000000703600000|100%|HS|  |TAMS 0x0000000703500000, 0x0000000703500000| Complete 
|  34|0x0000000703600000, 0x0000000703700000, 0x0000000703700000|100%| O|  |TAMS 0x0000000703600000, 0x0000000703600000| Untracked 
|  35|0x0000000703700000, 0x0000000703800000, 0x0000000703800000|100%| O|  |TAMS 0x0000000703700000, 0x0000000703700000| Untracked 
|  36|0x0000000703800000, 0x0000000703900000, 0x0000000703900000|100%| O|  |TAMS 0x0000000703800000, 0x0000000703800000| Untracked 
|  37|0x0000000703900000, 0x0000000703a00000, 0x0000000703a00000|100%| O|  |TAMS 0x0000000703900000, 0x0000000703900000| Untracked 
|  38|0x0000000703a00000, 0x0000000703b00000, 0x0000000703b00000|100%| O|  |TAMS 0x0000000703a00000, 0x0000000703a00000| Untracked 
|  39|0x0000000703b00000, 0x0000000703b7ea00, 0x0000000703c00000| 49%| O|  |TAMS 0x0000000703b00000, 0x0000000703b00000| Untracked 
|  40|0x0000000703c00000, 0x0000000703c00000, 0x0000000703d00000|  0%| F|  |TAMS 0x0000000703c00000, 0x0000000703c00000| Untracked 
|  41|0x0000000703d00000, 0x0000000703d00000, 0x0000000703e00000|  0%| F|  |TAMS 0x0000000703d00000, 0x0000000703d00000| Untracked 
|  42|0x0000000703e00000, 0x0000000703e00000, 0x0000000703f00000|  0%| F|  |TAMS 0x0000000703e00000, 0x0000000703e00000| Untracked 
|  43|0x0000000703f00000, 0x0000000703f00000, 0x0000000704000000|  0%| F|  |TAMS 0x0000000703f00000, 0x0000000703f00000| Untracked 
|  44|0x0000000704000000, 0x0000000704000000, 0x0000000704100000|  0%| F|  |TAMS 0x0000000704000000, 0x0000000704000000| Untracked 
|  45|0x0000000704100000, 0x0000000704100000, 0x0000000704200000|  0%| F|  |TAMS 0x0000000704100000, 0x0000000704100000| Untracked 
|  46|0x0000000704200000, 0x0000000704200000, 0x0000000704300000|  0%| F|  |TAMS 0x0000000704200000, 0x0000000704200000| Untracked 
|  47|0x0000000704300000, 0x0000000704300000, 0x0000000704400000|  0%| F|  |TAMS 0x0000000704300000, 0x0000000704300000| Untracked 
|  48|0x0000000704400000, 0x0000000704400000, 0x0000000704500000|  0%| F|  |TAMS 0x0000000704400000, 0x0000000704400000| Untracked 
|  49|0x0000000704500000, 0x0000000704500000, 0x0000000704600000|  0%| F|  |TAMS 0x0000000704500000, 0x0000000704500000| Untracked 
|  50|0x0000000704600000, 0x0000000704600000, 0x0000000704700000|  0%| F|  |TAMS 0x0000000704600000, 0x0000000704600000| Untracked 
|  51|0x0000000704700000, 0x0000000704700000, 0x0000000704800000|  0%| F|  |TAMS 0x0000000704700000, 0x0000000704700000| Untracked 
|  52|0x0000000704800000, 0x0000000704800000, 0x0000000704900000|  0%| F|  |TAMS 0x0000000704800000, 0x0000000704800000| Untracked 
|  53|0x0000000704900000, 0x0000000704900000, 0x0000000704a00000|  0%| F|  |TAMS 0x0000000704900000, 0x0000000704900000| Untracked 
|  54|0x0000000704a00000, 0x0000000704a00000, 0x0000000704b00000|  0%| F|  |TAMS 0x0000000704a00000, 0x0000000704a00000| Untracked 
|  55|0x0000000704b00000, 0x0000000704b00000, 0x0000000704c00000|  0%| F|  |TAMS 0x0000000704b00000, 0x0000000704b00000| Untracked 
|  56|0x0000000704c00000, 0x0000000704c00000, 0x0000000704d00000|  0%| F|  |TAMS 0x0000000704c00000, 0x0000000704c00000| Untracked 
|  57|0x0000000704d00000, 0x0000000704d00000, 0x0000000704e00000|  0%| F|  |TAMS 0x0000000704d00000, 0x0000000704d00000| Untracked 
|  58|0x0000000704e00000, 0x0000000704e00000, 0x0000000704f00000|  0%| F|  |TAMS 0x0000000704e00000, 0x0000000704e00000| Untracked 
|  59|0x0000000704f00000, 0x0000000704f00000, 0x0000000705000000|  0%| F|  |TAMS 0x0000000704f00000, 0x0000000704f00000| Untracked 
|  60|0x0000000705000000, 0x0000000705000000, 0x0000000705100000|  0%| F|  |TAMS 0x0000000705000000, 0x0000000705000000| Untracked 
|  61|0x0000000705100000, 0x0000000705100000, 0x0000000705200000|  0%| F|  |TAMS 0x0000000705100000, 0x0000000705100000| Untracked 
|  62|0x0000000705200000, 0x0000000705200000, 0x0000000705300000|  0%| F|  |TAMS 0x0000000705200000, 0x0000000705200000| Untracked 
|  63|0x0000000705300000, 0x0000000705300000, 0x0000000705400000|  0%| F|  |TAMS 0x0000000705300000, 0x0000000705300000| Untracked 
|  64|0x0000000705400000, 0x0000000705400000, 0x0000000705500000|  0%| F|  |TAMS 0x0000000705400000, 0x0000000705400000| Untracked 
|  65|0x0000000705500000, 0x0000000705500000, 0x0000000705600000|  0%| F|  |TAMS 0x0000000705500000, 0x0000000705500000| Untracked 
|  66|0x0000000705600000, 0x0000000705600000, 0x0000000705700000|  0%| F|  |TAMS 0x0000000705600000, 0x0000000705600000| Untracked 
|  67|0x0000000705700000, 0x0000000705700000, 0x0000000705800000|  0%| F|  |TAMS 0x0000000705700000, 0x0000000705700000| Untracked 
|  68|0x0000000705800000, 0x0000000705800000, 0x0000000705900000|  0%| F|  |TAMS 0x0000000705800000, 0x0000000705800000| Untracked 
|  69|0x0000000705900000, 0x0000000705900000, 0x0000000705a00000|  0%| F|  |TAMS 0x0000000705900000, 0x0000000705900000| Untracked 
|  70|0x0000000705a00000, 0x0000000705a00000, 0x0000000705b00000|  0%| F|  |TAMS 0x0000000705a00000, 0x0000000705a00000| Untracked 
|  71|0x0000000705b00000, 0x0000000705b00000, 0x0000000705c00000|  0%| F|  |TAMS 0x0000000705b00000, 0x0000000705b00000| Untracked 
|  72|0x0000000705c00000, 0x0000000705c00000, 0x0000000705d00000|  0%| F|  |TAMS 0x0000000705c00000, 0x0000000705c00000| Untracked 
|  73|0x0000000705d00000, 0x0000000705d00000, 0x0000000705e00000|  0%| F|  |TAMS 0x0000000705d00000, 0x0000000705d00000| Untracked 
|  74|0x0000000705e00000, 0x0000000705e00000, 0x0000000705f00000|  0%| F|  |TAMS 0x0000000705e00000, 0x0000000705e00000| Untracked 
|  75|0x0000000705f00000, 0x0000000705f00000, 0x0000000706000000|  0%| F|  |TAMS 0x0000000705f00000, 0x0000000705f00000| Untracked 
|  76|0x0000000706000000, 0x0000000706000000, 0x0000000706100000|  0%| F|  |TAMS 0x0000000706000000, 0x0000000706000000| Untracked 
|  77|0x0000000706100000, 0x0000000706100000, 0x0000000706200000|  0%| F|  |TAMS 0x0000000706100000, 0x0000000706100000| Untracked 
|  78|0x0000000706200000, 0x0000000706200000, 0x0000000706300000|  0%| F|  |TAMS 0x0000000706200000, 0x0000000706200000| Untracked 
|  79|0x0000000706300000, 0x0000000706300000, 0x0000000706400000|  0%| F|  |TAMS 0x0000000706300000, 0x0000000706300000| Untracked 
|  80|0x0000000706400000, 0x0000000706400000, 0x0000000706500000|  0%| F|  |TAMS 0x0000000706400000, 0x0000000706400000| Untracked 
|  81|0x0000000706500000, 0x0000000706500000, 0x0000000706600000|  0%| F|  |TAMS 0x0000000706500000, 0x0000000706500000| Untracked 
|  82|0x0000000706600000, 0x0000000706600000, 0x0000000706700000|  0%| F|  |TAMS 0x0000000706600000, 0x0000000706600000| Untracked 
|  83|0x0000000706700000, 0x0000000706700000, 0x0000000706800000|  0%| F|  |TAMS 0x0000000706700000, 0x0000000706700000| Untracked 
|  84|0x0000000706800000, 0x0000000706800000, 0x0000000706900000|  0%| F|  |TAMS 0x0000000706800000, 0x0000000706800000| Untracked 
|  85|0x0000000706900000, 0x0000000706900000, 0x0000000706a00000|  0%| F|  |TAMS 0x0000000706900000, 0x0000000706900000| Untracked 
|  86|0x0000000706a00000, 0x0000000706a00000, 0x0000000706b00000|  0%| F|  |TAMS 0x0000000706a00000, 0x0000000706a00000| Untracked 
|  87|0x0000000706b00000, 0x0000000706b00000, 0x0000000706c00000|  0%| F|  |TAMS 0x0000000706b00000, 0x0000000706b00000| Untracked 
|  88|0x0000000706c00000, 0x0000000706c00000, 0x0000000706d00000|  0%| F|  |TAMS 0x0000000706c00000, 0x0000000706c00000| Untracked 
|  89|0x0000000706d00000, 0x0000000706d00000, 0x0000000706e00000|  0%| F|  |TAMS 0x0000000706d00000, 0x0000000706d00000| Untracked 
|  90|0x0000000706e00000, 0x0000000706e00000, 0x0000000706f00000|  0%| F|  |TAMS 0x0000000706e00000, 0x0000000706e00000| Untracked 
|  91|0x0000000706f00000, 0x0000000706f00000, 0x0000000707000000|  0%| F|  |TAMS 0x0000000706f00000, 0x0000000706f00000| Untracked 
|  92|0x0000000707000000, 0x0000000707000000, 0x0000000707100000|  0%| F|  |TAMS 0x0000000707000000, 0x0000000707000000| Untracked 
|  93|0x0000000707100000, 0x0000000707100000, 0x0000000707200000|  0%| F|  |TAMS 0x0000000707100000, 0x0000000707100000| Untracked 
|  94|0x0000000707200000, 0x0000000707200000, 0x0000000707300000|  0%| F|  |TAMS 0x0000000707200000, 0x0000000707200000| Untracked 
|  95|0x0000000707300000, 0x0000000707300000, 0x0000000707400000|  0%| F|  |TAMS 0x0000000707300000, 0x0000000707300000| Untracked 
|  96|0x0000000707400000, 0x0000000707400000, 0x0000000707500000|  0%| F|  |TAMS 0x0000000707400000, 0x0000000707400000| Untracked 
|  97|0x0000000707500000, 0x0000000707500000, 0x0000000707600000|  0%| F|  |TAMS 0x0000000707500000, 0x0000000707500000| Untracked 
|  98|0x0000000707600000, 0x0000000707600000, 0x0000000707700000|  0%| F|  |TAMS 0x0000000707600000, 0x0000000707600000| Untracked 
|  99|0x0000000707700000, 0x00000007077d14a0, 0x0000000707800000| 81%| S|CS|TAMS 0x0000000707700000, 0x0000000707700000| Complete 
| 100|0x0000000707800000, 0x0000000707800000, 0x0000000707900000|  0%| F|  |TAMS 0x0000000707800000, 0x0000000707800000| Untracked 
| 101|0x0000000707900000, 0x0000000707900000, 0x0000000707a00000|  0%| F|  |TAMS 0x0000000707900000, 0x0000000707900000| Untracked 
| 102|0x0000000707a00000, 0x0000000707b00000, 0x0000000707b00000|100%| S|CS|TAMS 0x0000000707a00000, 0x0000000707a00000| Complete 
| 103|0x0000000707b00000, 0x0000000707c00000, 0x0000000707c00000|100%| S|CS|TAMS 0x0000000707b00000, 0x0000000707b00000| Complete 
| 104|0x0000000707c00000, 0x0000000707c00000, 0x0000000707d00000|  0%| F|  |TAMS 0x0000000707c00000, 0x0000000707c00000| Untracked 
| 105|0x0000000707d00000, 0x0000000707e00000, 0x0000000707e00000|100%| S|CS|TAMS 0x0000000707d00000, 0x0000000707d00000| Complete 
| 106|0x0000000707e00000, 0x0000000707e00000, 0x0000000707f00000|  0%| F|  |TAMS 0x0000000707e00000, 0x0000000707e00000| Untracked 
| 107|0x0000000707f00000, 0x0000000707f00000, 0x0000000708000000|  0%| F|  |TAMS 0x0000000707f00000, 0x0000000707f00000| Untracked 
| 108|0x0000000708000000, 0x0000000708000000, 0x0000000708100000|  0%| F|  |TAMS 0x0000000708000000, 0x0000000708000000| Untracked 
| 109|0x0000000708100000, 0x0000000708100000, 0x0000000708200000|  0%| F|  |TAMS 0x0000000708100000, 0x0000000708100000| Untracked 
| 110|0x0000000708200000, 0x0000000708200000, 0x0000000708300000|  0%| F|  |TAMS 0x0000000708200000, 0x0000000708200000| Untracked 
| 111|0x0000000708300000, 0x0000000708300000, 0x0000000708400000|  0%| F|  |TAMS 0x0000000708300000, 0x0000000708300000| Untracked 
| 112|0x0000000708400000, 0x0000000708400000, 0x0000000708500000|  0%| F|  |TAMS 0x0000000708400000, 0x0000000708400000| Untracked 
| 113|0x0000000708500000, 0x0000000708500000, 0x0000000708600000|  0%| F|  |TAMS 0x0000000708500000, 0x0000000708500000| Untracked 
| 114|0x0000000708600000, 0x0000000708600000, 0x0000000708700000|  0%| F|  |TAMS 0x0000000708600000, 0x0000000708600000| Untracked 
| 115|0x0000000708700000, 0x0000000708700000, 0x0000000708800000|  0%| F|  |TAMS 0x0000000708700000, 0x0000000708700000| Untracked 
| 116|0x0000000708800000, 0x0000000708800000, 0x0000000708900000|  0%| F|  |TAMS 0x0000000708800000, 0x0000000708800000| Untracked 
| 117|0x0000000708900000, 0x0000000708900000, 0x0000000708a00000|  0%| F|  |TAMS 0x0000000708900000, 0x0000000708900000| Untracked 
| 118|0x0000000708a00000, 0x0000000708a00000, 0x0000000708b00000|  0%| F|  |TAMS 0x0000000708a00000, 0x0000000708a00000| Untracked 
| 119|0x0000000708b00000, 0x0000000708b00000, 0x0000000708c00000|  0%| F|  |TAMS 0x0000000708b00000, 0x0000000708b00000| Untracked 
| 120|0x0000000708c00000, 0x0000000708c00000, 0x0000000708d00000|  0%| F|  |TAMS 0x0000000708c00000, 0x0000000708c00000| Untracked 
| 121|0x0000000708d00000, 0x0000000708d00000, 0x0000000708e00000|  0%| F|  |TAMS 0x0000000708d00000, 0x0000000708d00000| Untracked 
| 122|0x0000000708e00000, 0x0000000708e00000, 0x0000000708f00000|  0%| F|  |TAMS 0x0000000708e00000, 0x0000000708e00000| Untracked 
| 123|0x0000000708f00000, 0x0000000708f00000, 0x0000000709000000|  0%| F|  |TAMS 0x0000000708f00000, 0x0000000708f00000| Untracked 
| 124|0x0000000709000000, 0x0000000709000000, 0x0000000709100000|  0%| F|  |TAMS 0x0000000709000000, 0x0000000709000000| Untracked 
| 125|0x0000000709100000, 0x0000000709100000, 0x0000000709200000|  0%| F|  |TAMS 0x0000000709100000, 0x0000000709100000| Untracked 
| 126|0x0000000709200000, 0x0000000709200000, 0x0000000709300000|  0%| F|  |TAMS 0x0000000709200000, 0x0000000709200000| Untracked 
| 127|0x0000000709300000, 0x0000000709300000, 0x0000000709400000|  0%| F|  |TAMS 0x0000000709300000, 0x0000000709300000| Untracked 
| 128|0x0000000709400000, 0x0000000709400000, 0x0000000709500000|  0%| F|  |TAMS 0x0000000709400000, 0x0000000709400000| Untracked 
| 129|0x0000000709500000, 0x0000000709500000, 0x0000000709600000|  0%| F|  |TAMS 0x0000000709500000, 0x0000000709500000| Untracked 
| 130|0x0000000709600000, 0x0000000709600000, 0x0000000709700000|  0%| F|  |TAMS 0x0000000709600000, 0x0000000709600000| Untracked 
| 131|0x0000000709700000, 0x0000000709700000, 0x0000000709800000|  0%| F|  |TAMS 0x0000000709700000, 0x0000000709700000| Untracked 
| 132|0x0000000709800000, 0x0000000709800000, 0x0000000709900000|  0%| F|  |TAMS 0x0000000709800000, 0x0000000709800000| Untracked 
| 133|0x0000000709900000, 0x0000000709900000, 0x0000000709a00000|  0%| F|  |TAMS 0x0000000709900000, 0x0000000709900000| Untracked 
| 134|0x0000000709a00000, 0x0000000709a00000, 0x0000000709b00000|  0%| F|  |TAMS 0x0000000709a00000, 0x0000000709a00000| Untracked 
| 135|0x0000000709b00000, 0x0000000709b00000, 0x0000000709c00000|  0%| F|  |TAMS 0x0000000709b00000, 0x0000000709b00000| Untracked 
| 136|0x0000000709c00000, 0x0000000709c00000, 0x0000000709d00000|  0%| F|  |TAMS 0x0000000709c00000, 0x0000000709c00000| Untracked 
| 137|0x0000000709d00000, 0x0000000709d00000, 0x0000000709e00000|  0%| F|  |TAMS 0x0000000709d00000, 0x0000000709d00000| Untracked 
| 138|0x0000000709e00000, 0x0000000709e00000, 0x0000000709f00000|  0%| F|  |TAMS 0x0000000709e00000, 0x0000000709e00000| Untracked 
| 139|0x0000000709f00000, 0x0000000709f00000, 0x000000070a000000|  0%| F|  |TAMS 0x0000000709f00000, 0x0000000709f00000| Untracked 
| 140|0x000000070a000000, 0x000000070a000000, 0x000000070a100000|  0%| F|  |TAMS 0x000000070a000000, 0x000000070a000000| Untracked 
| 141|0x000000070a100000, 0x000000070a100000, 0x000000070a200000|  0%| F|  |TAMS 0x000000070a100000, 0x000000070a100000| Untracked 
| 142|0x000000070a200000, 0x000000070a200000, 0x000000070a300000|  0%| F|  |TAMS 0x000000070a200000, 0x000000070a200000| Untracked 
| 143|0x000000070a300000, 0x000000070a300000, 0x000000070a400000|  0%| F|  |TAMS 0x000000070a300000, 0x000000070a300000| Untracked 
| 144|0x000000070a400000, 0x000000070a400000, 0x000000070a500000|  0%| F|  |TAMS 0x000000070a400000, 0x000000070a400000| Untracked 
| 145|0x000000070a500000, 0x000000070a500000, 0x000000070a600000|  0%| F|  |TAMS 0x000000070a500000, 0x000000070a500000| Untracked 
| 146|0x000000070a600000, 0x000000070a600000, 0x000000070a700000|  0%| F|  |TAMS 0x000000070a600000, 0x000000070a600000| Untracked 
| 147|0x000000070a700000, 0x000000070a700000, 0x000000070a800000|  0%| F|  |TAMS 0x000000070a700000, 0x000000070a700000| Untracked 
| 148|0x000000070a800000, 0x000000070a800000, 0x000000070a900000|  0%| F|  |TAMS 0x000000070a800000, 0x000000070a800000| Untracked 
| 149|0x000000070a900000, 0x000000070a900000, 0x000000070aa00000|  0%| F|  |TAMS 0x000000070a900000, 0x000000070a900000| Untracked 
| 150|0x000000070aa00000, 0x000000070aa00000, 0x000000070ab00000|  0%| F|  |TAMS 0x000000070aa00000, 0x000000070aa00000| Untracked 
| 151|0x000000070ab00000, 0x000000070ab00000, 0x000000070ac00000|  0%| F|  |TAMS 0x000000070ab00000, 0x000000070ab00000| Untracked 
| 152|0x000000070ac00000, 0x000000070ac00000, 0x000000070ad00000|  0%| F|  |TAMS 0x000000070ac00000, 0x000000070ac00000| Untracked 
| 153|0x000000070ad00000, 0x000000070ad00000, 0x000000070ae00000|  0%| F|  |TAMS 0x000000070ad00000, 0x000000070ad00000| Untracked 
| 154|0x000000070ae00000, 0x000000070ae00000, 0x000000070af00000|  0%| F|  |TAMS 0x000000070ae00000, 0x000000070ae00000| Untracked 
| 155|0x000000070af00000, 0x000000070af00000, 0x000000070b000000|  0%| F|  |TAMS 0x000000070af00000, 0x000000070af00000| Untracked 
| 156|0x000000070b000000, 0x000000070b080800, 0x000000070b100000| 50%| E|  |TAMS 0x000000070b000000, 0x000000070b000000| Complete 
| 157|0x000000070b100000, 0x000000070b200000, 0x000000070b200000|100%| E|CS|TAMS 0x000000070b100000, 0x000000070b100000| Complete 
| 158|0x000000070b200000, 0x000000070b300000, 0x000000070b300000|100%| E|CS|TAMS 0x000000070b200000, 0x000000070b200000| Complete 
| 159|0x000000070b300000, 0x000000070b400000, 0x000000070b400000|100%| E|CS|TAMS 0x000000070b300000, 0x000000070b300000| Complete 
| 160|0x000000070b400000, 0x000000070b500000, 0x000000070b500000|100%| E|CS|TAMS 0x000000070b400000, 0x000000070b400000| Complete 
| 161|0x000000070b500000, 0x000000070b600000, 0x000000070b600000|100%| E|CS|TAMS 0x000000070b500000, 0x000000070b500000| Complete 
| 162|0x000000070b600000, 0x000000070b700000, 0x000000070b700000|100%| E|CS|TAMS 0x000000070b600000, 0x000000070b600000| Complete 
| 163|0x000000070b700000, 0x000000070b800000, 0x000000070b800000|100%| E|CS|TAMS 0x000000070b700000, 0x000000070b700000| Complete 
| 164|0x000000070b800000, 0x000000070b900000, 0x000000070b900000|100%| E|CS|TAMS 0x000000070b800000, 0x000000070b800000| Complete 
| 165|0x000000070b900000, 0x000000070ba00000, 0x000000070ba00000|100%| E|CS|TAMS 0x000000070b900000, 0x000000070b900000| Complete 
| 166|0x000000070ba00000, 0x000000070bb00000, 0x000000070bb00000|100%| E|CS|TAMS 0x000000070ba00000, 0x000000070ba00000| Complete 
| 167|0x000000070bb00000, 0x000000070bc00000, 0x000000070bc00000|100%| E|CS|TAMS 0x000000070bb00000, 0x000000070bb00000| Complete 
| 168|0x000000070bc00000, 0x000000070bd00000, 0x000000070bd00000|100%| E|CS|TAMS 0x000000070bc00000, 0x000000070bc00000| Complete 
| 169|0x000000070bd00000, 0x000000070be00000, 0x000000070be00000|100%| E|CS|TAMS 0x000000070bd00000, 0x000000070bd00000| Complete 
| 170|0x000000070be00000, 0x000000070bf00000, 0x000000070bf00000|100%| E|CS|TAMS 0x000000070be00000, 0x000000070be00000| Complete 
| 171|0x000000070bf00000, 0x000000070c000000, 0x000000070c000000|100%| E|CS|TAMS 0x000000070bf00000, 0x000000070bf00000| Complete 
| 172|0x000000070c000000, 0x000000070c100000, 0x000000070c100000|100%| E|CS|TAMS 0x000000070c000000, 0x000000070c000000| Complete 
| 173|0x000000070c100000, 0x000000070c200000, 0x000000070c200000|100%| E|CS|TAMS 0x000000070c100000, 0x000000070c100000| Complete 
| 174|0x000000070c200000, 0x000000070c300000, 0x000000070c300000|100%| E|CS|TAMS 0x000000070c200000, 0x000000070c200000| Complete 
| 175|0x000000070c300000, 0x000000070c400000, 0x000000070c400000|100%| E|CS|TAMS 0x000000070c300000, 0x000000070c300000| Complete 
| 176|0x000000070c400000, 0x000000070c500000, 0x000000070c500000|100%| E|CS|TAMS 0x000000070c400000, 0x000000070c400000| Complete 
| 177|0x000000070c500000, 0x000000070c600000, 0x000000070c600000|100%| E|CS|TAMS 0x000000070c500000, 0x000000070c500000| Complete 
| 178|0x000000070c600000, 0x000000070c700000, 0x000000070c700000|100%| E|CS|TAMS 0x000000070c600000, 0x000000070c600000| Complete 
| 179|0x000000070c700000, 0x000000070c800000, 0x000000070c800000|100%| E|CS|TAMS 0x000000070c700000, 0x000000070c700000| Complete 
| 180|0x000000070c800000, 0x000000070c900000, 0x000000070c900000|100%| E|CS|TAMS 0x000000070c800000, 0x000000070c800000| Complete 
| 181|0x000000070c900000, 0x000000070ca00000, 0x000000070ca00000|100%| E|CS|TAMS 0x000000070c900000, 0x000000070c900000| Complete 
| 182|0x000000070ca00000, 0x000000070cb00000, 0x000000070cb00000|100%| E|CS|TAMS 0x000000070ca00000, 0x000000070ca00000| Complete 
| 183|0x000000070cb00000, 0x000000070cc00000, 0x000000070cc00000|100%| E|CS|TAMS 0x000000070cb00000, 0x000000070cb00000| Complete 
| 184|0x000000070cc00000, 0x000000070cd00000, 0x000000070cd00000|100%| E|CS|TAMS 0x000000070cc00000, 0x000000070cc00000| Complete 
| 185|0x000000070cd00000, 0x000000070ce00000, 0x000000070ce00000|100%| E|CS|TAMS 0x000000070cd00000, 0x000000070cd00000| Complete 
| 186|0x000000070ce00000, 0x000000070cf00000, 0x000000070cf00000|100%| E|CS|TAMS 0x000000070ce00000, 0x000000070ce00000| Complete 
| 187|0x000000070cf00000, 0x000000070d000000, 0x000000070d000000|100%| E|CS|TAMS 0x000000070cf00000, 0x000000070cf00000| Complete 
| 188|0x000000070d000000, 0x000000070d100000, 0x000000070d100000|100%| E|CS|TAMS 0x000000070d000000, 0x000000070d000000| Complete 
| 189|0x000000070d100000, 0x000000070d200000, 0x000000070d200000|100%| E|CS|TAMS 0x000000070d100000, 0x000000070d100000| Complete 
| 190|0x000000070d200000, 0x000000070d300000, 0x000000070d300000|100%| E|CS|TAMS 0x000000070d200000, 0x000000070d200000| Complete 
| 191|0x000000070d300000, 0x000000070d400000, 0x000000070d400000|100%| E|CS|TAMS 0x000000070d300000, 0x000000070d300000| Complete 
| 192|0x000000070d400000, 0x000000070d500000, 0x000000070d500000|100%| E|CS|TAMS 0x000000070d400000, 0x000000070d400000| Complete 
| 193|0x000000070d500000, 0x000000070d600000, 0x000000070d600000|100%| E|CS|TAMS 0x000000070d500000, 0x000000070d500000| Complete 
| 194|0x000000070d600000, 0x000000070d700000, 0x000000070d700000|100%| E|CS|TAMS 0x000000070d600000, 0x000000070d600000| Complete 
| 195|0x000000070d700000, 0x000000070d800000, 0x000000070d800000|100%| E|CS|TAMS 0x000000070d700000, 0x000000070d700000| Complete 
| 196|0x000000070d800000, 0x000000070d900000, 0x000000070d900000|100%| E|CS|TAMS 0x000000070d800000, 0x000000070d800000| Complete 
| 197|0x000000070d900000, 0x000000070da00000, 0x000000070da00000|100%| E|CS|TAMS 0x000000070d900000, 0x000000070d900000| Complete 
| 198|0x000000070da00000, 0x000000070db00000, 0x000000070db00000|100%| E|CS|TAMS 0x000000070da00000, 0x000000070da00000| Complete 
| 199|0x000000070db00000, 0x000000070dc00000, 0x000000070dc00000|100%| E|CS|TAMS 0x000000070db00000, 0x000000070db00000| Complete 
| 200|0x000000070dc00000, 0x000000070dd00000, 0x000000070dd00000|100%| E|CS|TAMS 0x000000070dc00000, 0x000000070dc00000| Complete 
| 201|0x000000070dd00000, 0x000000070de00000, 0x000000070de00000|100%| E|CS|TAMS 0x000000070dd00000, 0x000000070dd00000| Complete 
| 202|0x000000070de00000, 0x000000070df00000, 0x000000070df00000|100%| E|CS|TAMS 0x000000070de00000, 0x000000070de00000| Complete 
| 203|0x000000070df00000, 0x000000070e000000, 0x000000070e000000|100%| E|CS|TAMS 0x000000070df00000, 0x000000070df00000| Complete 
| 204|0x000000070e000000, 0x000000070e100000, 0x000000070e100000|100%| E|CS|TAMS 0x000000070e000000, 0x000000070e000000| Complete 
| 205|0x000000070e100000, 0x000000070e200000, 0x000000070e200000|100%| E|CS|TAMS 0x000000070e100000, 0x000000070e100000| Complete 
| 206|0x000000070e200000, 0x000000070e300000, 0x000000070e300000|100%| E|CS|TAMS 0x000000070e200000, 0x000000070e200000| Complete 
| 207|0x000000070e300000, 0x000000070e400000, 0x000000070e400000|100%| E|CS|TAMS 0x000000070e300000, 0x000000070e300000| Complete 
| 208|0x000000070e400000, 0x000000070e500000, 0x000000070e500000|100%| E|CS|TAMS 0x000000070e400000, 0x000000070e400000| Complete 
| 209|0x000000070e500000, 0x000000070e600000, 0x000000070e600000|100%| E|CS|TAMS 0x000000070e500000, 0x000000070e500000| Complete 
| 210|0x000000070e600000, 0x000000070e700000, 0x000000070e700000|100%| E|CS|TAMS 0x000000070e600000, 0x000000070e600000| Complete 
| 211|0x000000070e700000, 0x000000070e800000, 0x000000070e800000|100%| E|CS|TAMS 0x000000070e700000, 0x000000070e700000| Complete 
| 212|0x000000070e800000, 0x000000070e900000, 0x000000070e900000|100%| E|CS|TAMS 0x000000070e800000, 0x000000070e800000| Complete 
| 213|0x000000070e900000, 0x000000070ea00000, 0x000000070ea00000|100%| E|CS|TAMS 0x000000070e900000, 0x000000070e900000| Complete 
| 214|0x000000070ea00000, 0x000000070eb00000, 0x000000070eb00000|100%| E|CS|TAMS 0x000000070ea00000, 0x000000070ea00000| Complete 
| 215|0x000000070eb00000, 0x000000070ec00000, 0x000000070ec00000|100%| E|CS|TAMS 0x000000070eb00000, 0x000000070eb00000| Complete 
| 216|0x000000070ec00000, 0x000000070ed00000, 0x000000070ed00000|100%| E|CS|TAMS 0x000000070ec00000, 0x000000070ec00000| Complete 
| 217|0x000000070ed00000, 0x000000070ee00000, 0x000000070ee00000|100%| E|CS|TAMS 0x000000070ed00000, 0x000000070ed00000| Complete 
| 218|0x000000070ee00000, 0x000000070ef00000, 0x000000070ef00000|100%| E|CS|TAMS 0x000000070ee00000, 0x000000070ee00000| Complete 
| 219|0x000000070ef00000, 0x000000070f000000, 0x000000070f000000|100%| E|CS|TAMS 0x000000070ef00000, 0x000000070ef00000| Complete 
| 220|0x000000070f000000, 0x000000070f100000, 0x000000070f100000|100%| E|CS|TAMS 0x000000070f000000, 0x000000070f000000| Complete 
| 221|0x000000070f100000, 0x000000070f200000, 0x000000070f200000|100%| E|CS|TAMS 0x000000070f100000, 0x000000070f100000| Complete 
| 222|0x000000070f200000, 0x000000070f300000, 0x000000070f300000|100%| E|CS|TAMS 0x000000070f200000, 0x000000070f200000| Complete 
| 223|0x000000070f300000, 0x000000070f400000, 0x000000070f400000|100%| E|CS|TAMS 0x000000070f300000, 0x000000070f300000| Complete 
| 224|0x000000070f400000, 0x000000070f500000, 0x000000070f500000|100%| E|CS|TAMS 0x000000070f400000, 0x000000070f400000| Complete 
| 225|0x000000070f500000, 0x000000070f600000, 0x000000070f600000|100%| E|CS|TAMS 0x000000070f500000, 0x000000070f500000| Complete 
| 226|0x000000070f600000, 0x000000070f700000, 0x000000070f700000|100%| E|CS|TAMS 0x000000070f600000, 0x000000070f600000| Complete 
| 227|0x000000070f700000, 0x000000070f800000, 0x000000070f800000|100%| E|CS|TAMS 0x000000070f700000, 0x000000070f700000| Complete 
| 228|0x000000070f800000, 0x000000070f900000, 0x000000070f900000|100%| E|CS|TAMS 0x000000070f800000, 0x000000070f800000| Complete 
| 229|0x000000070f900000, 0x000000070fa00000, 0x000000070fa00000|100%| E|CS|TAMS 0x000000070f900000, 0x000000070f900000| Complete 
| 230|0x000000070fa00000, 0x000000070fb00000, 0x000000070fb00000|100%| E|CS|TAMS 0x000000070fa00000, 0x000000070fa00000| Complete 
| 231|0x000000070fb00000, 0x000000070fc00000, 0x000000070fc00000|100%| E|CS|TAMS 0x000000070fb00000, 0x000000070fb00000| Complete 
| 232|0x000000070fc00000, 0x000000070fd00000, 0x000000070fd00000|100%| E|CS|TAMS 0x000000070fc00000, 0x000000070fc00000| Complete 
| 233|0x000000070fd00000, 0x000000070fe00000, 0x000000070fe00000|100%| E|CS|TAMS 0x000000070fd00000, 0x000000070fd00000| Complete 
| 234|0x000000070fe00000, 0x000000070ff00000, 0x000000070ff00000|100%| E|CS|TAMS 0x000000070fe00000, 0x000000070fe00000| Complete 
| 235|0x000000070ff00000, 0x0000000710000000, 0x0000000710000000|100%| E|CS|TAMS 0x000000070ff00000, 0x000000070ff00000| Complete 
| 236|0x0000000710000000, 0x0000000710100000, 0x0000000710100000|100%| E|CS|TAMS 0x0000000710000000, 0x0000000710000000| Complete 
| 237|0x0000000710100000, 0x0000000710200000, 0x0000000710200000|100%| E|CS|TAMS 0x0000000710100000, 0x0000000710100000| Complete 
| 238|0x0000000710200000, 0x0000000710300000, 0x0000000710300000|100%| E|CS|TAMS 0x0000000710200000, 0x0000000710200000| Complete 
| 239|0x0000000710300000, 0x0000000710400000, 0x0000000710400000|100%| E|CS|TAMS 0x0000000710300000, 0x0000000710300000| Complete 
| 240|0x0000000710400000, 0x0000000710500000, 0x0000000710500000|100%| E|CS|TAMS 0x0000000710400000, 0x0000000710400000| Complete 
| 241|0x0000000710500000, 0x0000000710600000, 0x0000000710600000|100%| E|CS|TAMS 0x0000000710500000, 0x0000000710500000| Complete 
| 242|0x0000000710600000, 0x0000000710700000, 0x0000000710700000|100%| E|CS|TAMS 0x0000000710600000, 0x0000000710600000| Complete 
| 243|0x0000000710700000, 0x0000000710800000, 0x0000000710800000|100%| E|CS|TAMS 0x0000000710700000, 0x0000000710700000| Complete 
| 244|0x0000000710800000, 0x0000000710900000, 0x0000000710900000|100%| E|CS|TAMS 0x0000000710800000, 0x0000000710800000| Complete 
| 245|0x0000000710900000, 0x0000000710a00000, 0x0000000710a00000|100%| E|CS|TAMS 0x0000000710900000, 0x0000000710900000| Complete 
| 246|0x0000000710a00000, 0x0000000710b00000, 0x0000000710b00000|100%| E|CS|TAMS 0x0000000710a00000, 0x0000000710a00000| Complete 
| 247|0x0000000710b00000, 0x0000000710c00000, 0x0000000710c00000|100%| E|CS|TAMS 0x0000000710b00000, 0x0000000710b00000| Complete 
| 248|0x0000000710c00000, 0x0000000710d00000, 0x0000000710d00000|100%| E|CS|TAMS 0x0000000710c00000, 0x0000000710c00000| Complete 
| 249|0x0000000710d00000, 0x0000000710e00000, 0x0000000710e00000|100%| E|CS|TAMS 0x0000000710d00000, 0x0000000710d00000| Complete 
| 250|0x0000000710e00000, 0x0000000710f00000, 0x0000000710f00000|100%| E|CS|TAMS 0x0000000710e00000, 0x0000000710e00000| Complete 
| 251|0x0000000710f00000, 0x0000000711000000, 0x0000000711000000|100%| E|CS|TAMS 0x0000000710f00000, 0x0000000710f00000| Complete 
| 252|0x0000000711000000, 0x0000000711100000, 0x0000000711100000|100%| E|CS|TAMS 0x0000000711000000, 0x0000000711000000| Complete 
| 253|0x0000000711100000, 0x0000000711200000, 0x0000000711200000|100%| E|CS|TAMS 0x0000000711100000, 0x0000000711100000| Complete 
| 254|0x0000000711200000, 0x0000000711300000, 0x0000000711300000|100%| E|CS|TAMS 0x0000000711200000, 0x0000000711200000| Complete 
| 255|0x0000000711300000, 0x0000000711400000, 0x0000000711400000|100%| E|CS|TAMS 0x0000000711300000, 0x0000000711300000| Complete 

Card table byte_map: [0x0000020f6a530000,0x0000020f6ad30000] _byte_map_base: 0x0000020f66d26000

Marking Bits (Prev, Next): (CMBitMap*) 0x0000020f504ac588, (CMBitMap*) 0x0000020f504ac5c8
 Prev Bits: [0x0000020f6b530000, 0x0000020f6f4e0000)
 Next Bits: [0x0000020f6f4e0000, 0x0000020f73490000)

Polling page: 0x0000020f502c0000

Metaspace:

Usage:
  Non-class:      8.42 MB capacity,     8.29 MB ( 98%) used,   116.05 KB (  1%) free+waste,    21.63 KB ( <1%) overhead. 
      Class:      1.02 MB capacity,   910.94 KB ( 87%) used,   117.56 KB ( 11%) free+waste,    13.50 KB (  1%) overhead. 
       Both:      9.44 MB capacity,     9.18 MB ( 97%) used,   233.61 KB (  2%) free+waste,    35.13 KB ( <1%) overhead. 

Virtual space:
  Non-class space:       10.00 MB reserved,       8.50 MB ( 85%) committed 
      Class space:        1.00 GB reserved,       1.13 MB ( <1%) committed 
             Both:        1.01 GB reserved,       9.63 MB ( <1%) committed 

Chunk freelists:
   Non-Class:  14.00 KB
       Class:  14.00 KB
        Both:  28.00 KB

MaxMetaspaceSize: 17179869184.00 GB
CompressedClassSpaceSize: 1.00 GB

CodeHeap 'non-profiled nmethods': size=120000Kb used=3070Kb max_used=3616Kb free=116929Kb
 bounds [0x0000020f61c30000, 0x0000020f61fc0000, 0x0000020f69160000]
CodeHeap 'profiled nmethods': size=120000Kb used=3210Kb max_used=5700Kb free=116789Kb
 bounds [0x0000020f5a700000, 0x0000020f5acb0000, 0x0000020f61c30000]
CodeHeap 'non-nmethods': size=5760Kb used=1322Kb max_used=1394Kb free=4437Kb
 bounds [0x0000020f5a160000, 0x0000020f5a3d0000, 0x0000020f5a700000]
 total_blobs=5472 nmethods=2210 adapters=516
 compilation: enabled
              stopped_count=0, restarted_count=0
 full_count=0

Compilation events (20 events):
Event: 106.536 Thread 0x0000020f768b0800 3005       3       sun.java2d.pipe.DrawImage::transformImage (124 bytes)
Event: 106.536 Thread 0x0000020f768b0800 nmethod 3005 0x0000020f5a97bb90 code [0x0000020f5a97bda0, 0x0000020f5a97c430]
Event: 106.596 Thread 0x0000020f768b0800 3006       3       warcraftTD.StdDraw::picture (150 bytes)
Event: 106.597 Thread 0x0000020f768b0800 nmethod 3006 0x0000020f5a721a10 code [0x0000020f5a721da0, 0x0000020f5a723220]
Event: 107.191 Thread 0x0000020f768b0800 3007       3       java.awt.geom.AffineTransform::rotate180 (92 bytes)
Event: 107.191 Thread 0x0000020f768b0800 nmethod 3007 0x0000020f5ac6cd10 code [0x0000020f5ac6cf00, 0x0000020f5ac6d238]
Event: 108.365 Thread 0x0000020f768af800 3008       4       sun.java2d.pipe.DrawImage::copyImage (60 bytes)
Event: 108.433 Thread 0x0000020f768b0800 3009       3       sun.font.StrikeMetrics::<init> (58 bytes)
Event: 108.433 Thread 0x0000020f768b0800 nmethod 3009 0x0000020f5a8e3110 code [0x0000020f5a8e32c0, 0x0000020f5a8e34d8]
Event: 108.434 Thread 0x0000020f768af800 nmethod 3008 0x0000020f61de9d90 code [0x0000020f61dea4c0, 0x0000020f61def798]
Event: 108.441 Thread 0x0000020f768af800 3010 % !   4       java.util.concurrent.ConcurrentHashMap::transfer @ 96 (849 bytes)
Event: 108.457 Thread 0x0000020f768af800 nmethod 3010% 0x0000020f61e36310 code [0x0000020f61e364e0, 0x0000020f61e379a8]
Event: 109.351 Thread 0x0000020f768af800 3011   !   4       java.util.concurrent.ConcurrentHashMap::transfer (849 bytes)
Event: 109.371 Thread 0x0000020f768af800 nmethod 3011 0x0000020f61e2d690 code [0x0000020f61e2d860, 0x0000020f61e2ee88]
Event: 109.965 Thread 0x0000020f768af800 3012       4       sun.java2d.SunGraphics2D::rotate (16 bytes)
Event: 109.969 Thread 0x0000020f768af800 nmethod 3012 0x0000020f61e35610 code [0x0000020f61e358c0, 0x0000020f61e36008]
Event: 110.658 Thread 0x0000020f768af800 3013       4       warcraftTD.Bloons.RedAirBloon::draw (65 bytes)
Event: 110.690 Thread 0x0000020f768af800 nmethod 3013 0x0000020f61dde910 code [0x0000020f61ddef00, 0x0000020f61de1b30]
Event: 111.328 Thread 0x0000020f768b0800 3014       3       sun.font.FreetypeFontScaler::invalidateScalerContext (1 bytes)
Event: 111.328 Thread 0x0000020f768b0800 nmethod 3014 0x0000020f5a76c790 code [0x0000020f5a76c920, 0x0000020f5a76ca98]

GC Heap History (20 events):
Event: 3.788 GC heap before
{Heap before GC invocations=3 (full 0):
 garbage-first heap   total 262144K, used 52012K [0x0000000701400000, 0x0000000800000000)
  region size 1024K, 12 young (12288K), 1 survivors (1024K)
 Metaspace       used 9032K, capacity 9315K, committed 9472K, reserved 1058816K
  class space    used 883K, capacity 1010K, committed 1024K, reserved 1048576K
}
Event: 3.789 GC heap after
{Heap after GC invocations=4 (full 0):
 garbage-first heap   total 262144K, used 40613K [0x0000000701400000, 0x0000000800000000)
  region size 1024K, 1 young (1024K), 1 survivors (1024K)
 Metaspace       used 9032K, capacity 9315K, committed 9472K, reserved 1058816K
  class space    used 883K, capacity 1010K, committed 1024K, reserved 1048576K
}
Event: 6.916 GC heap before
{Heap before GC invocations=4 (full 0):
 garbage-first heap   total 262144K, used 75429K [0x0000000701400000, 0x0000000800000000)
  region size 1024K, 35 young (35840K), 1 survivors (1024K)
 Metaspace       used 9253K, capacity 9508K, committed 9728K, reserved 1058816K
  class space    used 903K, capacity 1010K, committed 1024K, reserved 1048576K
}
Event: 6.916 GC heap after
{Heap after GC invocations=5 (full 0):
 garbage-first heap   total 262144K, used 40637K [0x0000000701400000, 0x0000000800000000)
  region size 1024K, 1 young (1024K), 1 survivors (1024K)
 Metaspace       used 9253K, capacity 9508K, committed 9728K, reserved 1058816K
  class space    used 903K, capacity 1010K, committed 1024K, reserved 1048576K
}
Event: 14.041 GC heap before
{Heap before GC invocations=5 (full 0):
 garbage-first heap   total 262144K, used 163517K [0x0000000701400000, 0x0000000800000000)
  region size 1024K, 121 young (123904K), 1 survivors (1024K)
 Metaspace       used 9319K, capacity 9572K, committed 9728K, reserved 1058816K
  class space    used 905K, capacity 1010K, committed 1024K, reserved 1048576K
}
Event: 14.042 GC heap after
{Heap after GC invocations=6 (full 0):
 garbage-first heap   total 262144K, used 41316K [0x0000000701400000, 0x0000000800000000)
  region size 1024K, 1 young (1024K), 1 survivors (1024K)
 Metaspace       used 9319K, capacity 9572K, committed 9728K, reserved 1058816K
  class space    used 905K, capacity 1010K, committed 1024K, reserved 1048576K
}
Event: 24.736 GC heap before
{Heap before GC invocations=6 (full 0):
 garbage-first heap   total 262144K, used 189796K [0x0000000701400000, 0x0000000800000000)
  region size 1024K, 147 young (150528K), 1 survivors (1024K)
 Metaspace       used 9328K, capacity 9572K, committed 9728K, reserved 1058816K
  class space    used 905K, capacity 1010K, committed 1024K, reserved 1048576K
}
Event: 24.737 GC heap after
{Heap after GC invocations=7 (full 0):
 garbage-first heap   total 262144K, used 41358K [0x0000000701400000, 0x0000000800000000)
  region size 1024K, 1 young (1024K), 1 survivors (1024K)
 Metaspace       used 9328K, capacity 9572K, committed 9728K, reserved 1058816K
  class space    used 905K, capacity 1010K, committed 1024K, reserved 1048576K
}
Event: 39.280 GC heap before
{Heap before GC invocations=7 (full 0):
 garbage-first heap   total 262144K, used 197006K [0x0000000701400000, 0x0000000800000000)
  region size 1024K, 154 young (157696K), 1 survivors (1024K)
 Metaspace       used 9335K, capacity 9572K, committed 9728K, reserved 1058816K
  class space    used 906K, capacity 1010K, committed 1024K, reserved 1048576K
}
Event: 39.281 GC heap after
{Heap after GC invocations=8 (full 0):
 garbage-first heap   total 262144K, used 41491K [0x0000000701400000, 0x0000000800000000)
  region size 1024K, 2 young (2048K), 2 survivors (2048K)
 Metaspace       used 9335K, capacity 9572K, committed 9728K, reserved 1058816K
  class space    used 906K, capacity 1010K, committed 1024K, reserved 1048576K
}
Event: 52.430 GC heap before
{Heap before GC invocations=8 (full 0):
 garbage-first heap   total 262144K, used 196115K [0x0000000701400000, 0x0000000800000000)
  region size 1024K, 154 young (157696K), 2 survivors (2048K)
 Metaspace       used 9349K, capacity 9572K, committed 9728K, reserved 1058816K
  class space    used 906K, capacity 1010K, committed 1024K, reserved 1048576K
}
Event: 52.431 GC heap after
{Heap after GC invocations=9 (full 0):
 garbage-first heap   total 262144K, used 41495K [0x0000000701400000, 0x0000000800000000)
  region size 1024K, 2 young (2048K), 2 survivors (2048K)
 Metaspace       used 9349K, capacity 9572K, committed 9728K, reserved 1058816K
  class space    used 906K, capacity 1010K, committed 1024K, reserved 1048576K
}
Event: 67.029 GC heap before
{Heap before GC invocations=9 (full 0):
 garbage-first heap   total 262144K, used 196119K [0x0000000701400000, 0x0000000800000000)
  region size 1024K, 153 young (156672K), 2 survivors (2048K)
 Metaspace       used 9349K, capacity 9572K, committed 9728K, reserved 1058816K
  class space    used 906K, capacity 1010K, committed 1024K, reserved 1048576K
}
Event: 67.029 GC heap after
{Heap after GC invocations=10 (full 0):
 garbage-first heap   total 262144K, used 41528K [0x0000000701400000, 0x0000000800000000)
  region size 1024K, 2 young (2048K), 2 survivors (2048K)
 Metaspace       used 9349K, capacity 9572K, committed 9728K, reserved 1058816K
  class space    used 906K, capacity 1010K, committed 1024K, reserved 1048576K
}
Event: 77.212 GC heap before
{Heap before GC invocations=10 (full 0):
 garbage-first heap   total 262144K, used 196152K [0x0000000701400000, 0x0000000800000000)
  region size 1024K, 153 young (156672K), 2 survivors (2048K)
 Metaspace       used 9374K, capacity 9636K, committed 9728K, reserved 1058816K
  class space    used 906K, capacity 1010K, committed 1024K, reserved 1048576K
}
Event: 77.212 GC heap after
{Heap after GC invocations=11 (full 0):
 garbage-first heap   total 262144K, used 42203K [0x0000000701400000, 0x0000000800000000)
  region size 1024K, 2 young (2048K), 2 survivors (2048K)
 Metaspace       used 9374K, capacity 9636K, committed 9728K, reserved 1058816K
  class space    used 906K, capacity 1010K, committed 1024K, reserved 1048576K
}
Event: 86.782 GC heap before
{Heap before GC invocations=11 (full 0):
 garbage-first heap   total 262144K, used 196827K [0x0000000701400000, 0x0000000800000000)
  region size 1024K, 153 young (156672K), 2 survivors (2048K)
 Metaspace       used 9377K, capacity 9636K, committed 9728K, reserved 1058816K
  class space    used 906K, capacity 1010K, committed 1024K, reserved 1048576K
}
Event: 86.784 GC heap after
{Heap after GC invocations=12 (full 0):
 garbage-first heap   total 262144K, used 43385K [0x0000000701400000, 0x0000000800000000)
  region size 1024K, 3 young (3072K), 3 survivors (3072K)
 Metaspace       used 9377K, capacity 9636K, committed 9728K, reserved 1058816K
  class space    used 906K, capacity 1010K, committed 1024K, reserved 1048576K
}
Event: 99.624 GC heap before
{Heap before GC invocations=12 (full 0):
 garbage-first heap   total 262144K, used 196985K [0x0000000701400000, 0x0000000800000000)
  region size 1024K, 153 young (156672K), 3 survivors (3072K)
 Metaspace       used 9382K, capacity 9636K, committed 9728K, reserved 1058816K
  class space    used 906K, capacity 1010K, committed 1024K, reserved 1048576K
}
Event: 99.625 GC heap after
{Heap after GC invocations=13 (full 0):
 garbage-first heap   total 262144K, used 44351K [0x0000000701400000, 0x0000000800000000)
  region size 1024K, 4 young (4096K), 4 survivors (4096K)
 Metaspace       used 9382K, capacity 9636K, committed 9728K, reserved 1058816K
  class space    used 906K, capacity 1010K, committed 1024K, reserved 1048576K
}

Deoptimization events (20 events):
Event: 110.890 Thread 0x0000020f7dd4d000 Uncommon trap: trap_request=0xffffff45 fr.pc=0x0000020f61f6d57c relative=0x00000000000000dc
Event: 110.890 Thread 0x0000020f7dd4d000 Uncommon trap: reason=unstable_if action=reinterpret pc=0x0000020f61f6d57c method=java.awt.Component.inside(II)Z @ 13 c2
Event: 110.890 Thread 0x0000020f7dd4d000 DEOPT PACKING pc=0x0000020f61f6d57c sp=0x000000d3cb5ff0e0
Event: 110.890 Thread 0x0000020f7dd4d000 DEOPT UNPACKING pc=0x0000020f5a1a912f sp=0x000000d3cb5fef80 mode 2
Event: 111.254 Thread 0x0000020f77191800 Uncommon trap: trap_request=0xffffff45 fr.pc=0x0000020f61f74ae4 relative=0x00000000000009a4
Event: 111.254 Thread 0x0000020f77191800 Uncommon trap: reason=unstable_if action=reinterpret pc=0x0000020f61f74ae4 method=sun.awt.windows.WWindowPeer.preprocessPostEvent(Ljava/awt/AWTEvent;)V @ 4 c2
Event: 111.254 Thread 0x0000020f77191800 DEOPT PACKING pc=0x0000020f61f74ae4 sp=0x000000d3ca7fc2c0
Event: 111.254 Thread 0x0000020f77191800 DEOPT UNPACKING pc=0x0000020f5a1a912f sp=0x000000d3ca7fc260 mode 2
Event: 111.254 Thread 0x0000020f7dd4d000 Uncommon trap: trap_request=0xffffffde fr.pc=0x0000020f61fa2634 relative=0x0000000000002e34
Event: 111.254 Thread 0x0000020f7dd4d000 Uncommon trap: reason=class_check action=maybe_recompile pc=0x0000020f61fa2634 method=java.awt.EventQueue.setCurrentEventAndMostRecentTimeImpl(Ljava/awt/AWTEvent;)V @ 134 c2
Event: 111.254 Thread 0x0000020f7dd4d000 DEOPT PACKING pc=0x0000020f61fa2634 sp=0x000000d3cb5ff110
Event: 111.254 Thread 0x0000020f7dd4d000 DEOPT UNPACKING pc=0x0000020f5a1a912f sp=0x000000d3cb5ff008 mode 2
Event: 111.254 Thread 0x0000020f7dd4d000 Uncommon trap: trap_request=0xffffff45 fr.pc=0x0000020f61ed620c relative=0x000000000000006c
Event: 111.254 Thread 0x0000020f7dd4d000 Uncommon trap: reason=unstable_if action=reinterpret pc=0x0000020f61ed620c method=java.util.IdentityHashMap.keySet()Ljava/util/Set; @ 6 c2
Event: 111.254 Thread 0x0000020f7dd4d000 DEOPT PACKING pc=0x0000020f61ed620c sp=0x000000d3cb5fed50
Event: 111.254 Thread 0x0000020f7dd4d000 DEOPT UNPACKING pc=0x0000020f5a1a912f sp=0x000000d3cb5fece8 mode 2
Event: 111.327 Thread 0x0000020f50441800 Uncommon trap: trap_request=0xffffff45 fr.pc=0x0000020f61e7f4b8 relative=0x0000000000001938
Event: 111.327 Thread 0x0000020f50441800 Uncommon trap: reason=unstable_if action=reinterpret pc=0x0000020f61e7f4b8 method=sun.font.TrueTypeFont.readBlock(Ljava/nio/ByteBuffer;II)I @ 15 c2
Event: 111.327 Thread 0x0000020f50441800 DEOPT PACKING pc=0x0000020f61e7f4b8 sp=0x000000d3c93fe6e0
Event: 111.327 Thread 0x0000020f50441800 DEOPT UNPACKING pc=0x0000020f5a1a912f sp=0x000000d3c93fe6f0 mode 2

Classes unloaded (0 events):
No events

Classes redefined (0 events):
No events

Internal exceptions (20 events):
Event: 4.904 Thread 0x0000020f50441800 Implicit null exception at 0x0000020f61ccb921 to 0x0000020f61ccba12
Event: 5.977 Thread 0x0000020f7ddbc800 Exception <a 'java/io/FileNotFoundException'{0x00000007111adcf8}> (0x00000007111adcf8) 
thrown [t:/workspace/open/src/hotspot/share/prims/jni.cpp, line 598]
Event: 5.979 Thread 0x0000020f50441800 Implicit null exception at 0x0000020f61d6a76e to 0x0000020f61d6ab0a
Event: 38.983 Thread 0x0000020f7dd4d000 Implicit null exception at 0x0000020f61ea1c0c to 0x0000020f61ea498e
Event: 43.444 Thread 0x0000020f7e32d800 Exception <a 'java/io/FileNotFoundException'{0x000000070e4001b0}> (0x000000070e4001b0) 
thrown [t:/workspace/open/src/hotspot/share/prims/jni.cpp, line 598]
Event: 68.076 Thread 0x0000020f00381800 Exception <a 'java/io/FileNotFoundException'{0x0000000710ac63d0}> (0x0000000710ac63d0) 
thrown [t:/workspace/open/src/hotspot/share/prims/jni.cpp, line 598]
Event: 68.578 Thread 0x0000020f00381800 Exception <a 'java/io/FileNotFoundException'{0x0000000710ad30a8}> (0x0000000710ad30a8) 
thrown [t:/workspace/open/src/hotspot/share/prims/jni.cpp, line 598]
Event: 69.075 Thread 0x0000020f00381800 Exception <a 'java/io/FileNotFoundException'{0x0000000710ae1550}> (0x0000000710ae1550) 
thrown [t:/workspace/open/src/hotspot/share/prims/jni.cpp, line 598]
Event: 69.578 Thread 0x0000020f00381800 Exception <a 'java/io/FileNotFoundException'{0x0000000710aef9e8}> (0x0000000710aef9e8) 
thrown [t:/workspace/open/src/hotspot/share/prims/jni.cpp, line 598]
Event: 70.078 Thread 0x0000020f00381800 Exception <a 'java/io/FileNotFoundException'{0x0000000710afc6b0}> (0x0000000710afc6b0) 
thrown [t:/workspace/open/src/hotspot/share/prims/jni.cpp, line 598]
Event: 70.576 Thread 0x0000020f00381800 Exception <a 'java/io/FileNotFoundException'{0x000000070f109d48}> (0x000000070f109d48) 
thrown [t:/workspace/open/src/hotspot/share/prims/jni.cpp, line 598]
Event: 71.078 Thread 0x0000020f00381800 Exception <a 'java/io/FileNotFoundException'{0x000000070f119708}> (0x000000070f119708) 
thrown [t:/workspace/open/src/hotspot/share/prims/jni.cpp, line 598]
Event: 71.577 Thread 0x0000020f00381800 Exception <a 'java/io/FileNotFoundException'{0x000000070f129628}> (0x000000070f129628) 
thrown [t:/workspace/open/src/hotspot/share/prims/jni.cpp, line 598]
Event: 72.079 Thread 0x0000020f00381800 Exception <a 'java/io/FileNotFoundException'{0x000000070f1383a0}> (0x000000070f1383a0) 
thrown [t:/workspace/open/src/hotspot/share/prims/jni.cpp, line 598]
Event: 76.078 Thread 0x0000020f00381800 Exception <a 'java/io/FileNotFoundException'{0x000000070f148718}> (0x000000070f148718) 
thrown [t:/workspace/open/src/hotspot/share/prims/jni.cpp, line 598]
Event: 80.082 Thread 0x0000020f00381800 Exception <a 'java/io/FileNotFoundException'{0x000000070e0001c0}> (0x000000070e0001c0) 
thrown [t:/workspace/open/src/hotspot/share/prims/jni.cpp, line 598]
Event: 84.078 Thread 0x0000020f00381800 Exception <a 'java/io/FileNotFoundException'{0x000000070e066b60}> (0x000000070e066b60) 
thrown [t:/workspace/open/src/hotspot/share/prims/jni.cpp, line 598]
Event: 87.513 Thread 0x0000020f00381800 Exception <a 'java/io/FileNotFoundException'{0x00000007109001c0}> (0x00000007109001c0) 
thrown [t:/workspace/open/src/hotspot/share/prims/jni.cpp, line 598]
Event: 111.327 Thread 0x0000020f50441800 Exception <a 'java/io/FileNotFoundException'{0x000000070b02e548}> (0x000000070b02e548) 
thrown [t:/workspace/open/src/hotspot/share/prims/jni.cpp, line 598]
Event: 111.328 Thread 0x0000020f50441800 Exception <a 'java/io/FileNotFoundException'{0x000000070b02fac8}> (0x000000070b02fac8) 
thrown [t:/workspace/open/src/hotspot/share/prims/jni.cpp, line 598]

Events (20 events):
Event: 111.256 Executing VM operation: RevokeBias
Event: 111.256 Executing VM operation: RevokeBias done
Event: 111.256 Executing VM operation: RevokeBias
Event: 111.256 Executing VM operation: RevokeBias done
Event: 111.256 Executing VM operation: RevokeBias
Event: 111.256 Executing VM operation: RevokeBias done
Event: 111.256 Thread 0x0000020f014cd800 Thread exited: 0x0000020f014cd800
Event: 111.288 Executing VM operation: RevokeBias
Event: 111.288 Executing VM operation: RevokeBias done
Event: 111.288 Thread 0x0000020f77191800 Thread exited: 0x0000020f77191800
Event: 111.327 Executing VM operation: RevokeBias
Event: 111.327 Executing VM operation: RevokeBias done
Event: 111.327 loading class java/awt/FontFormatException
Event: 111.327 loading class java/awt/FontFormatException done
Event: 111.328 loading class java/nio/channels/ClosedChannelException
Event: 111.328 loading class java/nio/channels/ClosedChannelException done
Event: 111.328 loading class sun/font/NullFontScaler
Event: 111.328 loading class sun/font/NullFontScaler done
Event: 111.328 Executing VM operation: Deoptimize
Event: 111.328 Executing VM operation: Deoptimize done


Dynamic libraries:
0x00007ff7ab080000 - 0x00007ff7ab08f000 	C:\Program Files\Java\jdk-13\bin\java.exe
0x00007ffb0c200000 - 0x00007ffb0c3f0000 	C:\Windows\SYSTEM32\ntdll.dll
0x00007ffb0aa40000 - 0x00007ffb0aaf2000 	C:\Windows\System32\KERNEL32.DLL
0x00007ffb09480000 - 0x00007ffb09725000 	C:\Windows\System32\KERNELBASE.dll
0x00007ffb09900000 - 0x00007ffb099fa000 	C:\Windows\System32\ucrtbase.dll
0x00007ffafc750000 - 0x00007ffafc768000 	C:\Program Files\Java\jdk-13\bin\jli.dll
0x00007ffafb780000 - 0x00007ffafb795000 	C:\Program Files\Java\jdk-13\bin\VCRUNTIME140.dll
0x00007ffb0b100000 - 0x00007ffb0b1a3000 	C:\Windows\System32\ADVAPI32.dll
0x00007ffb0bc30000 - 0x00007ffb0bcce000 	C:\Windows\System32\msvcrt.dll
0x00007ffb0bcd0000 - 0x00007ffb0bd67000 	C:\Windows\System32\sechost.dll
0x00007ffb0af70000 - 0x00007ffb0b090000 	C:\Windows\System32\RPCRT4.dll
0x00007ffb0a8a0000 - 0x00007ffb0aa34000 	C:\Windows\System32\USER32.dll
0x00007ffafd5f0000 - 0x00007ffafd874000 	C:\Windows\WinSxS\amd64_microsoft.windows.common-controls_6595b64144ccf1df_6.0.18362.1256_none_9e7e379be45e40e2\COMCTL32.dll
0x00007ffb0a280000 - 0x00007ffb0a2a1000 	C:\Windows\System32\win32u.dll
0x00007ffb0b1b0000 - 0x00007ffb0b4e6000 	C:\Windows\System32\combase.dll
0x00007ffb0bc00000 - 0x00007ffb0bc26000 	C:\Windows\System32\GDI32.dll
0x00007ffb091f0000 - 0x00007ffb09271000 	C:\Windows\System32\bcryptPrimitives.dll
0x00007ffb09760000 - 0x00007ffb098f6000 	C:\Windows\System32\gdi32full.dll
0x00007ffb0a1e0000 - 0x00007ffb0a27e000 	C:\Windows\System32\msvcp_win.dll
0x00007ffb02180000 - 0x00007ffb0218a000 	C:\Windows\SYSTEM32\VERSION.dll
0x00007ffb0c180000 - 0x00007ffb0c1ae000 	C:\Windows\System32\IMM32.DLL
0x00007ffae5300000 - 0x00007ffae539b000 	C:\Program Files\Java\jdk-13\bin\msvcp140.dll
0x00007ffabaa60000 - 0x00007ffabb5c6000 	C:\Program Files\Java\jdk-13\bin\server\jvm.dll
0x00007ffb0a680000 - 0x00007ffb0a688000 	C:\Windows\System32\PSAPI.DLL
0x00007ffaefcc0000 - 0x00007ffaefcc9000 	C:\Windows\SYSTEM32\WSOCK32.dll
0x00007ffb06a40000 - 0x00007ffb06a64000 	C:\Windows\SYSTEM32\WINMM.dll
0x00007ffb0b090000 - 0x00007ffb0b0ff000 	C:\Windows\System32\WS2_32.dll
0x00007ffb06820000 - 0x00007ffb0684d000 	C:\Windows\SYSTEM32\WINMMBASE.dll
0x00007ffb09a00000 - 0x00007ffb09a4a000 	C:\Windows\System32\cfgmgr32.dll
0x00007ffb09150000 - 0x00007ffb09161000 	C:\Windows\System32\kernel.appcore.dll
0x00007ffb06030000 - 0x00007ffb06040000 	C:\Program Files\Java\jdk-13\bin\verify.dll
0x00007ffaedec0000 - 0x00007ffaee0b4000 	C:\Windows\SYSTEM32\DBGHELP.DLL
0x00007ffaede90000 - 0x00007ffaedeba000 	C:\Windows\SYSTEM32\dbgcore.DLL
0x00007ffaf6330000 - 0x00007ffaf6356000 	C:\Program Files\Java\jdk-13\bin\java.dll
0x00007ffaf70a0000 - 0x00007ffaf70b7000 	C:\Program Files\Java\jdk-13\bin\zip.dll
0x00007ffb056f0000 - 0x00007ffb056fa000 	C:\Program Files\Java\jdk-13\bin\jimage.dll
0x00007ffb0b510000 - 0x00007ffb0bbf7000 	C:\Windows\System32\SHELL32.dll
0x00007ffb0bec0000 - 0x00007ffb0bf69000 	C:\Windows\System32\shcore.dll
0x00007ffb09a50000 - 0x00007ffb0a1d1000 	C:\Windows\System32\windows.storage.dll
0x00007ffb090b0000 - 0x00007ffb090d3000 	C:\Windows\System32\profapi.dll
0x00007ffb09100000 - 0x00007ffb0914a000 	C:\Windows\System32\powrprof.dll
0x00007ffb090a0000 - 0x00007ffb090b0000 	C:\Windows\System32\UMPDC.dll
0x00007ffb0bf70000 - 0x00007ffb0bfc2000 	C:\Windows\System32\shlwapi.dll
0x00007ffb091d0000 - 0x00007ffb091e7000 	C:\Windows\System32\cryptsp.dll
0x00007ffa90810000 - 0x00007ffa909a9000 	C:\Program Files\Java\jdk-13\bin\awt.dll
0x00007ffb0c030000 - 0x00007ffb0c0f5000 	C:\Windows\System32\OLEAUT32.dll
0x00007ffb05a60000 - 0x00007ffb06020000 	C:\Windows\SYSTEM32\d2d1.dll
0x00007ffb071e0000 - 0x00007ffb0726f000 	C:\Windows\SYSTEM32\apphelp.dll
0x00007ffb08460000 - 0x00007ffb08493000 	C:\Windows\system32\rsaenh.dll
0x00007ffb09730000 - 0x00007ffb09756000 	C:\Windows\System32\bcrypt.dll
0x00007ffb08f80000 - 0x00007ffb08fa5000 	C:\Windows\SYSTEM32\USERENV.dll
0x00007ffb08ac0000 - 0x00007ffb08acc000 	C:\Windows\SYSTEM32\CRYPTBASE.dll
0x00007ffaf6bc0000 - 0x00007ffaf6bd9000 	C:\Program Files\Java\jdk-13\bin\net.dll
0x00007ffaffd10000 - 0x00007ffaffee6000 	C:\Windows\SYSTEM32\urlmon.dll
0x00007ffb03bb0000 - 0x00007ffb03ca0000 	C:\Windows\SYSTEM32\WINHTTP.dll
0x00007ffb00320000 - 0x00007ffb005c7000 	C:\Windows\SYSTEM32\iertutil.dll
0x00007ffb088f0000 - 0x00007ffb08957000 	C:\Windows\system32\mswsock.dll
0x00007ffb08600000 - 0x00007ffb0863a000 	C:\Windows\SYSTEM32\IPHLPAPI.DLL
0x00007ffb0c1b0000 - 0x00007ffb0c1b8000 	C:\Windows\System32\NSI.dll
0x00007ffb02e80000 - 0x00007ffb02e96000 	C:\Windows\SYSTEM32\dhcpcsvc6.DLL
0x00007ffb02e60000 - 0x00007ffb02e7c000 	C:\Windows\SYSTEM32\dhcpcsvc.DLL
0x00007ffb08640000 - 0x00007ffb0870b000 	C:\Windows\SYSTEM32\DNSAPI.dll
0x00007ffaf46c0000 - 0x00007ffaf46d3000 	C:\Program Files\Java\jdk-13\bin\nio.dll
0x00007ffabd570000 - 0x00007ffabd5f2000 	C:\Program Files\Java\jdk-13\bin\freetype.dll
0x00007ffaac740000 - 0x00007ffaac7e6000 	C:\Program Files\Java\jdk-13\bin\fontmanager.dll
0x00007ffb079c0000 - 0x00007ffb079ed000 	C:\Windows\system32\DWMAPI.DLL
0x00007ffb07320000 - 0x00007ffb073b9000 	C:\Windows\system32\uxtheme.dll
0x00007ffabf670000 - 0x00007ffabf7c6000 	C:\Windows\system32\opengl32.dll
0x00007ffaf6370000 - 0x00007ffaf639c000 	C:\Windows\SYSTEM32\GLU32.dll
0x00007ffb07cc0000 - 0x00007ffb07ce0000 	C:\Windows\SYSTEM32\dxcore.dll
0x00007ffb0bd70000 - 0x00007ffb0bea5000 	C:\Windows\System32\MSCTF.dll
0x00007ffb0a740000 - 0x00007ffb0a897000 	C:\Windows\System32\ole32.dll
0x00007ffb090e0000 - 0x00007ffb090f2000 	C:\Windows\System32\msasn1.dll
0x00007ffb02150000 - 0x00007ffb0217f000 	C:\Windows\SYSTEM32\cryptnet.dll
0x00007ffb09280000 - 0x00007ffb093c9000 	C:\Windows\System32\CRYPT32.dll
0x00007ffb09170000 - 0x00007ffb091cc000 	C:\Windows\System32\WINTRUST.DLL
0x00007ffb0b4f0000 - 0x00007ffb0b50d000 	C:\Windows\System32\imagehlp.dll
0x00007ffb07c70000 - 0x00007ffb07c92000 	C:\Windows\SYSTEM32\gpapi.dll
0x00007ffaffa10000 - 0x00007ffaffaae000 	C:\Windows\System32\TextInputFramework.dll
0x00007ffb044a0000 - 0x00007ffb047ca000 	C:\Windows\System32\CoreUIComponents.dll
0x00007ffb06de0000 - 0x00007ffb06eb4000 	C:\Windows\System32\CoreMessaging.dll
0x00007ffb04340000 - 0x00007ffb04493000 	C:\Windows\SYSTEM32\wintypes.dll
0x00007ffb080c0000 - 0x00007ffb080f1000 	C:\Windows\SYSTEM32\ntmarta.dll
0x00007ffb009c0000 - 0x00007ffb00a25000 	C:\Windows\system32\Oleacc.dll
0x00007ffaf69e0000 - 0x00007ffaf6a0d000 	C:\Program Files\Java\jdk-13\bin\javajpeg.dll

dbghelp: loaded successfully - version: 4.0.5 - missing functions: none
symbol engine: initialized successfully - sym options: 0x614 - pdb path: .;C:\Program Files\Java\jdk-13\bin;C:\Windows\SYSTEM32;C:\Windows\WinSxS\amd64_microsoft.windows.common-controls_6595b64144ccf1df_6.0.18362.1256_none_9e7e379be45e40e2;C:\Program Files\Java\jdk-13\bin\server;C:\WINDOWS\System32\DriverStore\FileRepository\nv_dispi.inf_amd64_8e68f77150e57b50

VM Arguments:
jvm_args: -Dfile.encoding=UTF-8 
java_command: warcraftTD.Main
java_class_path (initial): C:\Users\Cody\Desktop\Documents\_DEV\warcraftTD\bin
Launcher Type: SUN_STANDARD

[Global flags]
     intx CICompilerCount                          = 4                                         {product} {ergonomic}
     uint ConcGCThreads                            = 2                                         {product} {ergonomic}
     uint G1ConcRefinementThreads                  = 8                                         {product} {ergonomic}
   size_t G1HeapRegionSize                         = 1048576                                   {product} {ergonomic}
    uintx GCDrainStackTargetSize                   = 64                                        {product} {ergonomic}
   size_t InitialHeapSize                          = 268435456                                 {product} {ergonomic}
   size_t MarkStackSize                            = 4194304                                   {product} {ergonomic}
   size_t MaxHeapSize                              = 4273995776                                {product} {ergonomic}
   size_t MaxNewSize                               = 2563768320                                {product} {ergonomic}
   size_t MinHeapDeltaBytes                        = 1048576                                   {product} {ergonomic}
   size_t MinHeapSize                              = 8388608                                   {product} {ergonomic}
    uintx NonNMethodCodeHeapSize                   = 5836300                                {pd product} {ergonomic}
    uintx NonProfiledCodeHeapSize                  = 122910970                              {pd product} {ergonomic}
    uintx ProfiledCodeHeapSize                     = 122910970                              {pd product} {ergonomic}
    uintx ReservedCodeCacheSize                    = 251658240                              {pd product} {ergonomic}
     bool SegmentedCodeCache                       = true                                      {product} {ergonomic}
   size_t SoftMaxHeapSize                          = 4273995776                             {manageable} {ergonomic}
     bool UseCompressedClassPointers               = true                                 {lp64_product} {ergonomic}
     bool UseCompressedOops                        = true                                 {lp64_product} {ergonomic}
     bool UseG1GC                                  = true                                      {product} {ergonomic}
     bool UseLargePagesIndividualAllocation        = false                                  {pd product} {ergonomic}

Logging:
Log output configuration:
 #0: stdout all=warning uptime,level,tags
 #1: stderr all=off uptime,level,tags

Environment Variables:
JAVA_HOME=C:\Progra~1\Java\jdk-13
PATH=C:\Python\Python37\Scripts\;C:\Python\Python37\;C:\Program Files (x86)\Common Files\Oracle\Java\javapath;C:\Program Files (x86)\Common Files\Intel\Shared Libraries\redist\intel64\compiler;C:\ProgramData\Oracle\Java\javapath;C:\Program Files (x86)\Intel\iCLS Client\;C:\Program Files\Intel\iCLS Client\;C:\WINDOWS\system32;C:\WINDOWS;C:\WINDOWS\System32\Wbem;C:\WINDOWS\System32\WindowsPowerShell\v1.0\;C:\Program Files (x86)\Intel\Intel(R) Management Engine Components\DAL;C:\Program Files\Intel\Intel(R) Management Engine Components\DAL;C:\Program Files (x86)\Intel\Intel(R) Management Engine Components\IPT;C:\Program Files\Intel\Intel(R) Management Engine Components\IPT;C:\Program Files\dotnet\;C:\WINDOWS\System32\OpenSSH\;C:\Program Files (x86)\NVIDIA Corporation\PhysX\Common;C:\Users\Cody\AppData\Local\Programs\Python\Python37-32;C:\ProgramData\chocolatey\bin;C:\Program Files\nodejs\;C:\WINDOWS\system32;C:\WINDOWS;C:\WINDOWS\System32\Wbem;C:\WINDOWS\System32\WindowsPowerShell\v1.0\;C:\WINDOWS\System32\OpenSSH\;C:\Program Files (x86)\ZeroTier\One\;C:\MinGW\bin\;C:\Program Files\Git\cmd;C:\Program Files\Tesseract-OCR;C:\Users\Cody\Desktop\ffmpeg-4.3.1-2021-01-01-full_build\bin;C:\Users\Cody\AppData\Local\Microsoft\WindowsApps;C:\Users\Cody\AppData\Roaming\npm;C:\Users\Cody\AppData\Local\GitHubDesktop\bin;C:\Users\Cody\AppData\Local\Microsoft\WindowsApps;
USERNAME=Cody
OS=Windows_NT
PROCESSOR_IDENTIFIER=Intel64 Family 6 Model 94 Stepping 3, GenuineIntel



---------------  S Y S T E M  ---------------

OS: Windows 10 , 64 bit Build 18362 (10.0.18362.1110)

CPU:total 8 (initial active 8) (4 cores per cpu, 2 threads per core) family 6 model 94 stepping 3, cmov, cx8, fxsr, mmx, sse, sse2, sse3, ssse3, sse4.1, sse4.2, popcnt, avx, avx2, aes, clmul, erms, rtm, 3dnowpref, lzcnt, ht, tsc, tscinvbit, bmi1, bmi2, adx, fma

Memory: 4k page, system-wide physical 16300M (6042M free)
TotalPageFile size 27441M (AvailPageFile size 5081M)
current process WorkingSet (physical memory assigned to process): 283M, peak: 314M
current process commit charge ("private bytes"): 416M, peak: 463M

vm_info: Java HotSpot(TM) 64-Bit Server VM (13+33) for windows-amd64 JRE (13+33), built on Sep 18 2019 21:38:00 by "mach5one" with unknown MS VC++:1916

END.
