#
# A fatal error has been detected by the Java Runtime Environment:
#
#  EXCEPTION_ACCESS_VIOLATION (0xc0000005) at pc=0x00007ffd1ed66705, pid=161608, tid=163036
#
# JRE version: Java(TM) SE Runtime Environment (13.0+33) (build 13+33)
# Java VM: Java HotSpot(TM) 64-Bit Server VM (13+33, mixed mode, sharing, tiered, compressed oops, g1 gc, windows-amd64)
# Problematic frame:
# C  [freetype.dll+0x46705]
#
# No core dump will be written. Minidumps are not enabled by default on client versions of Windows
#
# If you would like to submit a bug report, please visit:
#   http://bugreport.java.com/bugreport/crash.jsp
# The crash happened outside the Java Virtual Machine in native code.
# See problematic frame for where to report the bug.
#

---------------  S U M M A R Y ------------

Command Line: -Dfile.encoding=UTF-8 warcraftTD.Main

Host: Intel(R) Core(TM) i7-6700K CPU @ 4.00GHz, 8 cores, 15G,  Windows 10 , 64 bit Build 18362 (10.0.18362.1110)
Time: Sun Jan  3 19:20:51 2021 Paris, Madrid elapsed time: 41 seconds (0d 0h 0m 41s)

---------------  T H R E A D  ---------------

Current thread (0x00000202ad21f800):  JavaThread "main" [_thread_in_native, id=163036, stack(0x0000008024000000,0x0000008024100000)]

Stack: [0x0000008024000000,0x0000008024100000],  sp=0x00000080240fe6b0,  free space=1017k
Native frames: (J=compiled Java code, j=interpreted, Vv=VM code, C=native code)
C  [freetype.dll+0x46705]

Java frames: (J=compiled Java code, j=interpreted, Vv=VM code)
J 2158  sun.font.FreetypeFontScaler.getGlyphImageNative(Lsun/font/Font2D;JJI)J java.desktop@13 (0 bytes) @ 0x00000202bd30e229 [0x00000202bd30e1c0+0x0000000000000069]
J 2157 c1 sun.font.FreetypeFontScaler.getGlyphImage(JI)J java.desktop@13 (39 bytes) @ 0x00000202b6155394 [0x00000202b6154ca0+0x00000000000006f4]
J 2461 c1 sun.font.FileFontStrike.getGlyphImagePtr(I)J java.desktop@13 (98 bytes) @ 0x00000202b61fc6b4 [0x00000202b61fbaa0+0x0000000000000c14]
J 2282 c1 sun.font.FileFontStrike.getGlyphMetrics(IZ)Ljava/awt/geom/Point2D$Float; java.desktop@13 (278 bytes) @ 0x00000202b61a32d4 [0x00000202b61a2fc0+0x0000000000000314]
J 2433 c1 sun.font.FileFontStrike.getGlyphAdvance(IZ)F java.desktop@13 (400 bytes) @ 0x00000202b61f7384 [0x00000202b61f6ee0+0x00000000000004a4]
J 2278 c1 sun.font.FileFontStrike.getCodePointAdvance(I)F java.desktop@13 (13 bytes) @ 0x00000202b61a021c [0x00000202b61a0060+0x00000000000001bc]
J 2466 c2 sun.font.FontDesignMetrics.stringWidth(Ljava/lang/String;)I java.desktop@13 (155 bytes) @ 0x00000202bd3b71ec [0x00000202bd3b7060+0x000000000000018c]
J 1985 c1 warcraftTD.StdDraw.text(DDLjava/lang/String;)V (88 bytes) @ 0x00000202b60f951c [0x00000202b60f9120+0x00000000000003fc]
J 2247 c1 warcraftTD.World.drawInfos()V (713 bytes) @ 0x00000202b618523c [0x00000202b61818c0+0x000000000000397c]
J 2062 c1 warcraftTD.World.draw()V (36 bytes) @ 0x00000202b6127a3c [0x00000202b61278e0+0x000000000000015c]
j  warcraftTD.World.run()V+54
j  warcraftTD.Main.main([Ljava/lang/String;)V+34
v  ~StubRoutines::call_stub

siginfo: EXCEPTION_ACCESS_VIOLATION (0xc0000005), reading address 0x0000000000000050


Register to memory mapping:

RIP=0x00007ffd1ed66705 freetype.dll
RAX=0x00000202d984b730 points into unknown readable memory: 10 40 90 dd 02 02 00 00
RBX=0x00000080240fe8e0 is pointing into the stack for thread: 0x00000202ad21f800
RCX=0x00000080240fe8e0 is pointing into the stack for thread: 0x00000202ad21f800
RDX=0x0 is NULL
RSP=0x00000080240fe6b0 is pointing into the stack for thread: 0x00000202ad21f800
RBP=0x00000080240fe800 is pointing into the stack for thread: 0x00000202ad21f800
RSI=0x00000202d984b730 points into unknown readable memory: 10 40 90 dd 02 02 00 00
RDI=0x0 is NULL
R8 =0x00000000ffffff14 is an unknown value
R9 =0x00000080240fe8e0 is pointing into the stack for thread: 0x00000202ad21f800
R10=0x0 is NULL
R11=0x0000000000000016 is an unknown value
R12=0x0000000000000016 is an unknown value
R13=0x000000000000081c is an unknown value
R14=0x00000202d984b730 points into unknown readable memory: 10 40 90 dd 02 02 00 00
R15=0x00000202d8c4c610 points into unknown readable memory: e0 71 b8 d8 02 02 00 00


Registers:
RAX=0x00000202d984b730, RBX=0x00000080240fe8e0, RCX=0x00000080240fe8e0, RDX=0x0000000000000000
RSP=0x00000080240fe6b0, RBP=0x00000080240fe800, RSI=0x00000202d984b730, RDI=0x0000000000000000
R8 =0x00000000ffffff14, R9 =0x00000080240fe8e0, R10=0x0000000000000000, R11=0x0000000000000016
R12=0x0000000000000016, R13=0x000000000000081c, R14=0x00000202d984b730, R15=0x00000202d8c4c610
RIP=0x00007ffd1ed66705, EFLAGS=0x0000000000010202

Top of Stack: (sp=0x00000080240fe6b0)
0x00000080240fe6b0:   ffffb6d8000090ff 00000000000000ba
0x00000080240fe6c0:   00000202d984b730 00007ffd1ed442e0
0x00000080240fe6d0:   00000202d8b9a860 00000080240fe800
0x00000080240fe6e0:   0000f336df444ce5 00000000000009d2
0x00000080240fe6f0:   00000080240fe8e0 00007ffd1ed65e56
0x00000080240fe700:   00000080240fe8e0 00000080240fe900
0x00000080240fe710:   00000080240fe800 00000202ad21fe08
0x00000080240fe720:   00000080240fe738 00000202ad21f800
0x00000080240fe730:   0000020000000000 00007f00cfd890ff
0x00000080240fe740:   000000e6ad2104ba 00000202000009d2
0x00000080240fe750:   00020c4a00020c4a 0000000700000000
0x00000080240fe760:   00000080240fb6d8 00007ffd1ed6dc73
0x00000080240fe770:   0000000000000000 00000080240feaa8
0x00000080240fe780:   00000080240feab0 00007ffccfddf5c5
0x00000080240fe790:   0000000000000000 0000000000000000
0x00000080240fe7a0:   00000202d8c50600 00000202d8b9a860 

Instructions: (pc=0x00007ffd1ed66705)
0x00007ffd1ed66605:   00 00 f6 43 20 01 75 6e 8b 74 24 50 8b d6 8b 4b
0x00007ffd1ed66615:   58 e8 f5 f6 fc ff 8b 4b 60 8b d6 89 43 58 e8 e8
0x00007ffd1ed66625:   f6 fc ff 8b 8b 10 01 00 00 8b d6 89 43 60 e8 d8
0x00007ffd1ed66635:   f6 fc ff 8b 54 24 54 8b 8b 14 01 00 00 89 83 10
0x00007ffd1ed66645:   01 00 00 e8 c3 f6 fc ff 8b 8b 18 01 00 00 8b d6
0x00007ffd1ed66655:   89 83 14 01 00 00 e8 b0 f6 fc ff 8b 54 24 54 8b
0x00007ffd1ed66665:   8b 1c 01 00 00 89 83 18 01 00 00 e8 9b f6 fc ff
0x00007ffd1ed66675:   89 83 1c 01 00 00 8b cf 89 4c 24 30 80 7c 24 34
0x00007ffd1ed66685:   00 74 1f 49 8b 86 d0 00 00 00 48 8d 55 88 48 8b
0x00007ffd1ed66695:   48 50 48 8b 01 48 8b 49 08 ff 50 08 8b 44 24 30
0x00007ffd1ed666a5:   eb 02 8b c1 4c 8b ac 24 50 01 00 00 48 8b b4 24
0x00007ffd1ed666b5:   a8 01 00 00 48 8b 4d 48 48 33 cc e8 9b ef 00 00
0x00007ffd1ed666c5:   48 81 c4 58 01 00 00 41 5f 41 5e 41 5c 5f 5b 5d
0x00007ffd1ed666d5:   c3 cc cc cc cc cc cc cc cc cc cc 40 53 48 83 ec
0x00007ffd1ed666e5:   40 48 8b 05 1b 29 03 00 48 33 c4 48 89 44 24 30
0x00007ffd1ed666f5:   48 8b 01 44 8b da 48 8b d9 48 8b 90 d0 00 00 00
0x00007ffd1ed66705:   48 8b 4a 50 48 85 c9 74 68 48 8b 01 4c 8b 50 10
0x00007ffd1ed66715:   4d 85 d2 74 5c 8b 43 48 4c 8d 4c 24 20 89 44 24
0x00007ffd1ed66725:   20 45 33 c0 8b 43 4c 41 8b d3 89 44 24 28 48 89
0x00007ffd1ed66735:   7c 24 60 33 ff 89 7c 24 24 89 7c 24 2c 48 8b 49
0x00007ffd1ed66745:   08 41 ff d2 85 c0 75 24 0f bf 44 24 20 89 43 48
0x00007ffd1ed66755:   0f b7 44 24 28 89 43 4c 48 89 bb 08 01 00 00 40
0x00007ffd1ed66765:   38 7b 54 75 07 c6 43 54 01 89 43 50 48 8b 7c 24
0x00007ffd1ed66775:   60 48 8b 4c 24 30 48 33 cc e8 dd ee 00 00 48 83
0x00007ffd1ed66785:   c4 40 5b c3 cc cc cc cc cc cc cc 48 89 5c 24 08
0x00007ffd1ed66795:   44 89 4c 24 20 4c 89 44 24 18 55 56 57 41 54 41
0x00007ffd1ed667a5:   55 41 56 41 57 48 83 ec 40 49 8b 78 08 45 8b f1
0x00007ffd1ed667b5:   41 c1 ee 07 4d 8b e8 48 8b ea 48 89 7c 24 28 41
0x00007ffd1ed667c5:   80 e6 01 33 d2 48 8b 9f 90 00 00 00 41 b8 40 01
0x00007ffd1ed667d5:   00 00 4c 8b a7 a0 00 00 00 45 8b f9 48 89 5c 24
0x00007ffd1ed667e5:   30 48 8b f1 4c 89 64 24 38 44 89 74 24 20 e8 ce
0x00007ffd1ed667f5:   fc 00 00 41 8b c7 83 e0 02 80 bc 24 a0 00 00 00 


Stack slot to memory mapping:
stack at sp + 0 slots: 0xffffb6d8000090ff is an unknown value
stack at sp + 1 slots: 0x00000000000000ba is an unknown value
stack at sp + 2 slots: 0x00000202d984b730 points into unknown readable memory: 10 40 90 dd 02 02 00 00
stack at sp + 3 slots: 0x00007ffd1ed442e0 freetype.dll
stack at sp + 4 slots: 0x00000202d8b9a860 points into unknown readable memory: 00 00 00 00 00 00 00 00
stack at sp + 5 slots: 0x00000080240fe800 is pointing into the stack for thread: 0x00000202ad21f800
stack at sp + 6 slots: 0x0000f336df444ce5 is an unknown value
stack at sp + 7 slots: 0x00000000000009d2 is an unknown value


---------------  P R O C E S S  ---------------

Threads class SMR info:
_java_thread_list=0x00000202d96975b0, length=13, elements={
0x00000202ad21f800, 0x00000202d0e36800, 0x00000202d0e3a000, 0x00000202d16db800,
0x00000202d16dd800, 0x00000202d16df000, 0x00000202d16e8000, 0x00000202d16ef000,
0x00000202d1822800, 0x00000202d1840800, 0x00000202d1a3d800, 0x00000202d1f55800,
0x00000202d8aee800
}

Java Threads: ( => current thread )
=>0x00000202ad21f800 JavaThread "main" [_thread_in_native, id=163036, stack(0x0000008024000000,0x0000008024100000)]
  0x00000202d0e36800 JavaThread "Reference Handler" daemon [_thread_blocked, id=163116, stack(0x0000008024700000,0x0000008024800000)]
  0x00000202d0e3a000 JavaThread "Finalizer" daemon [_thread_blocked, id=163196, stack(0x0000008024800000,0x0000008024900000)]
  0x00000202d16db800 JavaThread "Signal Dispatcher" daemon [_thread_blocked, id=158012, stack(0x0000008024900000,0x0000008024a00000)]
  0x00000202d16dd800 JavaThread "Attach Listener" daemon [_thread_blocked, id=100480, stack(0x0000008024a00000,0x0000008024b00000)]
  0x00000202d16df000 JavaThread "C2 CompilerThread0" daemon [_thread_blocked, id=117376, stack(0x0000008024b00000,0x0000008024c00000)]
  0x00000202d16e8000 JavaThread "C1 CompilerThread0" daemon [_thread_blocked, id=163372, stack(0x0000008024c00000,0x0000008024d00000)]
  0x00000202d16ef000 JavaThread "Sweeper thread" daemon [_thread_blocked, id=162012, stack(0x0000008024d00000,0x0000008024e00000)]
  0x00000202d1822800 JavaThread "Service Thread" daemon [_thread_blocked, id=156364, stack(0x0000008024e00000,0x0000008024f00000)]
  0x00000202d1840800 JavaThread "Common-Cleaner" daemon [_thread_blocked, id=161568, stack(0x0000008025000000,0x0000008025100000)]
  0x00000202d1a3d800 JavaThread "Java2D Disposer" daemon [_thread_blocked, id=163072, stack(0x0000008025100000,0x0000008025200000)]
  0x00000202d1f55800 JavaThread "AWT-Shutdown" [_thread_blocked, id=162940, stack(0x0000008025300000,0x0000008025400000)]
  0x00000202d8aee800 JavaThread "AWT-EventQueue-0" [_thread_blocked, id=162972, stack(0x0000008025200000,0x0000008025300000)]

Other Threads:
  0x00000202d0e35800 VMThread "VM Thread" [stack: 0x0000008024600000,0x0000008024700000] [id=154940]
  0x00000202d182c000 WatcherThread [stack: 0x0000008024f00000,0x0000008025000000] [id=163308]
  0x00000202ad289800 GCTaskThread "GC Thread#0" [stack: 0x0000008024100000,0x0000008024200000] [id=1236]
  0x00000202d8bcd800 GCTaskThread "GC Thread#1" [stack: 0x0000008025a00000,0x0000008025b00000] [id=86800]
  0x00000202d8bcb000 GCTaskThread "GC Thread#2" [stack: 0x0000008025b00000,0x0000008025c00000] [id=160388]
  0x00000202d8bcd000 GCTaskThread "GC Thread#3" [stack: 0x0000008025c00000,0x0000008025d00000] [id=159092]
  0x00000202d8bcb800 GCTaskThread "GC Thread#4" [stack: 0x0000008025d00000,0x0000008025e00000] [id=85140]
  0x00000202d8bce800 GCTaskThread "GC Thread#5" [stack: 0x0000008025e00000,0x0000008025f00000] [id=153000]
  0x00000202ad2ab800 ConcurrentGCThread "G1 Main Marker" [stack: 0x0000008024200000,0x0000008024300000] [id=162840]
  0x00000202ad2ad000 ConcurrentGCThread "G1 Conc#0" [stack: 0x0000008024300000,0x0000008024400000] [id=117480]
  0x00000202d0d30000 ConcurrentGCThread "G1 Refine#0" [stack: 0x0000008024400000,0x0000008024500000] [id=163268]
  0x00000202d1a09800 ConcurrentGCThread "G1 Refine#1" [stack: 0x0000008025f00000,0x0000008026000000] [id=163172]
  0x00000202d1859000 ConcurrentGCThread "G1 Refine#2" [stack: 0x0000008026000000,0x0000008026100000] [id=163004]
  0x00000202d8b13800 ConcurrentGCThread "G1 Refine#3" [stack: 0x0000008026100000,0x0000008026200000] [id=116484]
  0x00000202d8d9c800 ConcurrentGCThread "G1 Refine#4" [stack: 0x0000008026200000,0x0000008026300000] [id=110604]
  0x00000202d8d9d000 ConcurrentGCThread "G1 Refine#5" [stack: 0x0000008026300000,0x0000008026400000] [id=163008]
  0x00000202d8da1800 ConcurrentGCThread "G1 Refine#6" [stack: 0x0000008026400000,0x0000008026500000] [id=116888]
  0x00000202d0d32000 ConcurrentGCThread "G1 Young RemSet Sampling" [stack: 0x0000008024500000,0x0000008024600000] [id=161916]

Threads with active compile tasks:

VM state:not at safepoint (normal execution)

VM Mutex/Monitor currently owned by a thread: None

Heap address: 0x0000000701400000, size: 4076 MB, Compressed Oops mode: Zero based, Oop shift amount: 3
Narrow klass base: 0x0000000800000000, Narrow klass shift: 3
Compressed class space size: 1073741824 Address: 0x0000000800b40000

Heap:
 garbage-first heap   total 262144K, used 80452K [0x0000000701400000, 0x0000000800000000)
  region size 1024K, 47 young (48128K), 3 survivors (3072K)
 Metaspace       used 9249K, capacity 9508K, committed 9728K, reserved 1058816K
  class space    used 901K, capacity 1010K, committed 1024K, reserved 1048576K
Heap Regions: E=young(eden), S=young(survivor), O=old, HS=humongous(starts), HC=humongous(continues), CS=collection set, F=free, A=archive, TAMS=top-at-mark-start (previous, next)
|   0|0x0000000701400000, 0x0000000701400000, 0x0000000701500000|  0%| F|  |TAMS 0x0000000701400000, 0x0000000701400000| Untracked 
|   1|0x0000000701500000, 0x0000000701500000, 0x0000000701600000|  0%| F|  |TAMS 0x0000000701500000, 0x0000000701500000| Untracked 
|   2|0x0000000701600000, 0x0000000701700000, 0x0000000701700000|100%|HS|  |TAMS 0x0000000701600000, 0x0000000701600000| Complete 
|   3|0x0000000701700000, 0x0000000701800000, 0x0000000701800000|100%|HC|  |TAMS 0x0000000701700000, 0x0000000701700000| Complete 
|   4|0x0000000701800000, 0x0000000701900000, 0x0000000701900000|100%|HS|  |TAMS 0x0000000701800000, 0x0000000701800000| Complete 
|   5|0x0000000701900000, 0x0000000701a00000, 0x0000000701a00000|100%|HC|  |TAMS 0x0000000701900000, 0x0000000701900000| Complete 
|   6|0x0000000701a00000, 0x0000000701b00000, 0x0000000701b00000|100%|HC|  |TAMS 0x0000000701a00000, 0x0000000701a00000| Complete 
|   7|0x0000000701b00000, 0x0000000701c00000, 0x0000000701c00000|100%|HC|  |TAMS 0x0000000701b00000, 0x0000000701b00000| Complete 
|   8|0x0000000701c00000, 0x0000000701d00000, 0x0000000701d00000|100%|HS|  |TAMS 0x0000000701c00000, 0x0000000701c00000| Complete 
|   9|0x0000000701d00000, 0x0000000701e00000, 0x0000000701e00000|100%|HC|  |TAMS 0x0000000701d00000, 0x0000000701d00000| Complete 
|  10|0x0000000701e00000, 0x0000000701f00000, 0x0000000701f00000|100%|HC|  |TAMS 0x0000000701e00000, 0x0000000701e00000| Complete 
|  11|0x0000000701f00000, 0x0000000702000000, 0x0000000702000000|100%|HC|  |TAMS 0x0000000701f00000, 0x0000000701f00000| Complete 
|  12|0x0000000702000000, 0x0000000702100000, 0x0000000702100000|100%|HS|  |TAMS 0x0000000702000000, 0x0000000702000000| Complete 
|  13|0x0000000702100000, 0x0000000702200000, 0x0000000702200000|100%|HC|  |TAMS 0x0000000702100000, 0x0000000702100000| Complete 
|  14|0x0000000702200000, 0x0000000702300000, 0x0000000702300000|100%|HC|  |TAMS 0x0000000702200000, 0x0000000702200000| Complete 
|  15|0x0000000702300000, 0x0000000702400000, 0x0000000702400000|100%| O|  |TAMS 0x0000000702300000, 0x0000000702300000| Untracked 
|  16|0x0000000702400000, 0x0000000702500000, 0x0000000702500000|100%| O|  |TAMS 0x0000000702400000, 0x0000000702400000| Untracked 
|  17|0x0000000702500000, 0x0000000702600000, 0x0000000702600000|100%| O|  |TAMS 0x0000000702500000, 0x0000000702500000| Untracked 
|  18|0x0000000702600000, 0x0000000702700000, 0x0000000702700000|100%| O|  |TAMS 0x0000000702600000, 0x0000000702600000| Untracked 
|  19|0x0000000702700000, 0x0000000702800000, 0x0000000702800000|100%| O|  |TAMS 0x0000000702700000, 0x0000000702700000| Untracked 
|  20|0x0000000702800000, 0x0000000702900000, 0x0000000702900000|100%| O|  |TAMS 0x0000000702800000, 0x0000000702800000| Untracked 
|  21|0x0000000702900000, 0x0000000702a00000, 0x0000000702a00000|100%| O|  |TAMS 0x0000000702900000, 0x0000000702900000| Untracked 
|  22|0x0000000702a00000, 0x0000000702b00000, 0x0000000702b00000|100%| O|  |TAMS 0x0000000702a00000, 0x0000000702a00000| Untracked 
|  23|0x0000000702b00000, 0x0000000702c00000, 0x0000000702c00000|100%| O|  |TAMS 0x0000000702b00000, 0x0000000702b00000| Untracked 
|  24|0x0000000702c00000, 0x0000000702d00000, 0x0000000702d00000|100%| O|  |TAMS 0x0000000702c00000, 0x0000000702c00000| Untracked 
|  25|0x0000000702d00000, 0x0000000702e00000, 0x0000000702e00000|100%| O|  |TAMS 0x0000000702d00000, 0x0000000702d00000| Untracked 
|  26|0x0000000702e00000, 0x0000000702f00000, 0x0000000702f00000|100%| O|  |TAMS 0x0000000702e00000, 0x0000000702e00000| Untracked 
|  27|0x0000000702f00000, 0x0000000703000000, 0x0000000703000000|100%| O|  |TAMS 0x0000000702f00000, 0x0000000702f00000| Untracked 
|  28|0x0000000703000000, 0x0000000703100000, 0x0000000703100000|100%| O|  |TAMS 0x0000000703000000, 0x0000000703000000| Untracked 
|  29|0x0000000703100000, 0x0000000703200000, 0x0000000703200000|100%| O|  |TAMS 0x0000000703100000, 0x0000000703100000| Untracked 
|  30|0x0000000703200000, 0x0000000703300000, 0x0000000703300000|100%| O|  |TAMS 0x0000000703200000, 0x0000000703200000| Untracked 
|  31|0x0000000703300000, 0x0000000703400000, 0x0000000703400000|100%|HS|  |TAMS 0x0000000703300000, 0x0000000703300000| Complete 
|  32|0x0000000703400000, 0x0000000703500000, 0x0000000703500000|100%| O|  |TAMS 0x0000000703400000, 0x0000000703400000| Untracked 
|  33|0x0000000703500000, 0x0000000703600000, 0x0000000703600000|100%| O|  |TAMS 0x0000000703500000, 0x0000000703500000| Untracked 
|  34|0x0000000703600000, 0x0000000703700000, 0x0000000703700000|100%| O|  |TAMS 0x0000000703600000, 0x0000000703600000| Untracked 
|  35|0x0000000703700000, 0x000000070377ec00, 0x0000000703800000| 49%| O|  |TAMS 0x0000000703700000, 0x0000000703700000| Untracked 
|  36|0x0000000703800000, 0x0000000703800000, 0x0000000703900000|  0%| F|  |TAMS 0x0000000703800000, 0x0000000703800000| Untracked 
|  37|0x0000000703900000, 0x0000000703900000, 0x0000000703a00000|  0%| F|  |TAMS 0x0000000703900000, 0x0000000703900000| Untracked 
|  38|0x0000000703a00000, 0x0000000703a00000, 0x0000000703b00000|  0%| F|  |TAMS 0x0000000703a00000, 0x0000000703a00000| Untracked 
|  39|0x0000000703b00000, 0x0000000703b00000, 0x0000000703c00000|  0%| F|  |TAMS 0x0000000703b00000, 0x0000000703b00000| Untracked 
|  40|0x0000000703c00000, 0x0000000703c00000, 0x0000000703d00000|  0%| F|  |TAMS 0x0000000703c00000, 0x0000000703c00000| Untracked 
|  41|0x0000000703d00000, 0x0000000703d00000, 0x0000000703e00000|  0%| F|  |TAMS 0x0000000703d00000, 0x0000000703d00000| Untracked 
|  42|0x0000000703e00000, 0x0000000703e00000, 0x0000000703f00000|  0%| F|  |TAMS 0x0000000703e00000, 0x0000000703e00000| Untracked 
|  43|0x0000000703f00000, 0x0000000703f00000, 0x0000000704000000|  0%| F|  |TAMS 0x0000000703f00000, 0x0000000703f00000| Untracked 
|  44|0x0000000704000000, 0x0000000704000000, 0x0000000704100000|  0%| F|  |TAMS 0x0000000704000000, 0x0000000704000000| Untracked 
|  45|0x0000000704100000, 0x0000000704100000, 0x0000000704200000|  0%| F|  |TAMS 0x0000000704100000, 0x0000000704100000| Untracked 
|  46|0x0000000704200000, 0x0000000704200000, 0x0000000704300000|  0%| F|  |TAMS 0x0000000704200000, 0x0000000704200000| Untracked 
|  47|0x0000000704300000, 0x0000000704300000, 0x0000000704400000|  0%| F|  |TAMS 0x0000000704300000, 0x0000000704300000| Untracked 
|  48|0x0000000704400000, 0x0000000704400000, 0x0000000704500000|  0%| F|  |TAMS 0x0000000704400000, 0x0000000704400000| Untracked 
|  49|0x0000000704500000, 0x0000000704500000, 0x0000000704600000|  0%| F|  |TAMS 0x0000000704500000, 0x0000000704500000| Untracked 
|  50|0x0000000704600000, 0x0000000704600000, 0x0000000704700000|  0%| F|  |TAMS 0x0000000704600000, 0x0000000704600000| Untracked 
|  51|0x0000000704700000, 0x0000000704700000, 0x0000000704800000|  0%| F|  |TAMS 0x0000000704700000, 0x0000000704700000| Untracked 
|  52|0x0000000704800000, 0x0000000704800000, 0x0000000704900000|  0%| F|  |TAMS 0x0000000704800000, 0x0000000704800000| Untracked 
|  53|0x0000000704900000, 0x0000000704900000, 0x0000000704a00000|  0%| F|  |TAMS 0x0000000704900000, 0x0000000704900000| Untracked 
|  54|0x0000000704a00000, 0x0000000704a00000, 0x0000000704b00000|  0%| F|  |TAMS 0x0000000704a00000, 0x0000000704a00000| Untracked 
|  55|0x0000000704b00000, 0x0000000704b00000, 0x0000000704c00000|  0%| F|  |TAMS 0x0000000704b00000, 0x0000000704b00000| Untracked 
|  56|0x0000000704c00000, 0x0000000704c00000, 0x0000000704d00000|  0%| F|  |TAMS 0x0000000704c00000, 0x0000000704c00000| Untracked 
|  57|0x0000000704d00000, 0x0000000704d00000, 0x0000000704e00000|  0%| F|  |TAMS 0x0000000704d00000, 0x0000000704d00000| Untracked 
|  58|0x0000000704e00000, 0x0000000704e00000, 0x0000000704f00000|  0%| F|  |TAMS 0x0000000704e00000, 0x0000000704e00000| Untracked 
|  59|0x0000000704f00000, 0x0000000704f00000, 0x0000000705000000|  0%| F|  |TAMS 0x0000000704f00000, 0x0000000704f00000| Untracked 
|  60|0x0000000705000000, 0x0000000705000000, 0x0000000705100000|  0%| F|  |TAMS 0x0000000705000000, 0x0000000705000000| Untracked 
|  61|0x0000000705100000, 0x0000000705100000, 0x0000000705200000|  0%| F|  |TAMS 0x0000000705100000, 0x0000000705100000| Untracked 
|  62|0x0000000705200000, 0x0000000705200000, 0x0000000705300000|  0%| F|  |TAMS 0x0000000705200000, 0x0000000705200000| Untracked 
|  63|0x0000000705300000, 0x0000000705300000, 0x0000000705400000|  0%| F|  |TAMS 0x0000000705300000, 0x0000000705300000| Untracked 
|  64|0x0000000705400000, 0x0000000705400000, 0x0000000705500000|  0%| F|  |TAMS 0x0000000705400000, 0x0000000705400000| Untracked 
|  65|0x0000000705500000, 0x0000000705500000, 0x0000000705600000|  0%| F|  |TAMS 0x0000000705500000, 0x0000000705500000| Untracked 
|  66|0x0000000705600000, 0x0000000705600000, 0x0000000705700000|  0%| F|  |TAMS 0x0000000705600000, 0x0000000705600000| Untracked 
|  67|0x0000000705700000, 0x0000000705700000, 0x0000000705800000|  0%| F|  |TAMS 0x0000000705700000, 0x0000000705700000| Untracked 
|  68|0x0000000705800000, 0x0000000705800000, 0x0000000705900000|  0%| F|  |TAMS 0x0000000705800000, 0x0000000705800000| Untracked 
|  69|0x0000000705900000, 0x0000000705900000, 0x0000000705a00000|  0%| F|  |TAMS 0x0000000705900000, 0x0000000705900000| Untracked 
|  70|0x0000000705a00000, 0x0000000705a00000, 0x0000000705b00000|  0%| F|  |TAMS 0x0000000705a00000, 0x0000000705a00000| Untracked 
|  71|0x0000000705b00000, 0x0000000705b00000, 0x0000000705c00000|  0%| F|  |TAMS 0x0000000705b00000, 0x0000000705b00000| Untracked 
|  72|0x0000000705c00000, 0x0000000705c00000, 0x0000000705d00000|  0%| F|  |TAMS 0x0000000705c00000, 0x0000000705c00000| Untracked 
|  73|0x0000000705d00000, 0x0000000705d00000, 0x0000000705e00000|  0%| F|  |TAMS 0x0000000705d00000, 0x0000000705d00000| Untracked 
|  74|0x0000000705e00000, 0x0000000705e00000, 0x0000000705f00000|  0%| F|  |TAMS 0x0000000705e00000, 0x0000000705e00000| Untracked 
|  75|0x0000000705f00000, 0x0000000705f00000, 0x0000000706000000|  0%| F|  |TAMS 0x0000000705f00000, 0x0000000705f00000| Untracked 
|  76|0x0000000706000000, 0x0000000706000000, 0x0000000706100000|  0%| F|  |TAMS 0x0000000706000000, 0x0000000706000000| Untracked 
|  77|0x0000000706100000, 0x0000000706100000, 0x0000000706200000|  0%| F|  |TAMS 0x0000000706100000, 0x0000000706100000| Untracked 
|  78|0x0000000706200000, 0x0000000706200000, 0x0000000706300000|  0%| F|  |TAMS 0x0000000706200000, 0x0000000706200000| Untracked 
|  79|0x0000000706300000, 0x0000000706300000, 0x0000000706400000|  0%| F|  |TAMS 0x0000000706300000, 0x0000000706300000| Untracked 
|  80|0x0000000706400000, 0x0000000706400000, 0x0000000706500000|  0%| F|  |TAMS 0x0000000706400000, 0x0000000706400000| Untracked 
|  81|0x0000000706500000, 0x0000000706500000, 0x0000000706600000|  0%| F|  |TAMS 0x0000000706500000, 0x0000000706500000| Untracked 
|  82|0x0000000706600000, 0x0000000706600000, 0x0000000706700000|  0%| F|  |TAMS 0x0000000706600000, 0x0000000706600000| Untracked 
|  83|0x0000000706700000, 0x0000000706700000, 0x0000000706800000|  0%| F|  |TAMS 0x0000000706700000, 0x0000000706700000| Untracked 
|  84|0x0000000706800000, 0x0000000706800000, 0x0000000706900000|  0%| F|  |TAMS 0x0000000706800000, 0x0000000706800000| Untracked 
|  85|0x0000000706900000, 0x0000000706900000, 0x0000000706a00000|  0%| F|  |TAMS 0x0000000706900000, 0x0000000706900000| Untracked 
|  86|0x0000000706a00000, 0x0000000706a00000, 0x0000000706b00000|  0%| F|  |TAMS 0x0000000706a00000, 0x0000000706a00000| Untracked 
|  87|0x0000000706b00000, 0x0000000706b00000, 0x0000000706c00000|  0%| F|  |TAMS 0x0000000706b00000, 0x0000000706b00000| Untracked 
|  88|0x0000000706c00000, 0x0000000706c00000, 0x0000000706d00000|  0%| F|  |TAMS 0x0000000706c00000, 0x0000000706c00000| Untracked 
|  89|0x0000000706d00000, 0x0000000706d00000, 0x0000000706e00000|  0%| F|  |TAMS 0x0000000706d00000, 0x0000000706d00000| Untracked 
|  90|0x0000000706e00000, 0x0000000706e00000, 0x0000000706f00000|  0%| F|  |TAMS 0x0000000706e00000, 0x0000000706e00000| Untracked 
|  91|0x0000000706f00000, 0x0000000706f00000, 0x0000000707000000|  0%| F|  |TAMS 0x0000000706f00000, 0x0000000706f00000| Untracked 
|  92|0x0000000707000000, 0x0000000707000000, 0x0000000707100000|  0%| F|  |TAMS 0x0000000707000000, 0x0000000707000000| Untracked 
|  93|0x0000000707100000, 0x0000000707100000, 0x0000000707200000|  0%| F|  |TAMS 0x0000000707100000, 0x0000000707100000| Untracked 
|  94|0x0000000707200000, 0x0000000707200000, 0x0000000707300000|  0%| F|  |TAMS 0x0000000707200000, 0x0000000707200000| Untracked 
|  95|0x0000000707300000, 0x0000000707300000, 0x0000000707400000|  0%| F|  |TAMS 0x0000000707300000, 0x0000000707300000| Untracked 
|  96|0x0000000707400000, 0x0000000707400000, 0x0000000707500000|  0%| F|  |TAMS 0x0000000707400000, 0x0000000707400000| Untracked 
|  97|0x0000000707500000, 0x0000000707500000, 0x0000000707600000|  0%| F|  |TAMS 0x0000000707500000, 0x0000000707500000| Untracked 
|  98|0x0000000707600000, 0x0000000707600000, 0x0000000707700000|  0%| F|  |TAMS 0x0000000707600000, 0x0000000707600000| Untracked 
|  99|0x0000000707700000, 0x0000000707700000, 0x0000000707800000|  0%| F|  |TAMS 0x0000000707700000, 0x0000000707700000| Untracked 
| 100|0x0000000707800000, 0x0000000707800000, 0x0000000707900000|  0%| F|  |TAMS 0x0000000707800000, 0x0000000707800000| Untracked 
| 101|0x0000000707900000, 0x0000000707900000, 0x0000000707a00000|  0%| F|  |TAMS 0x0000000707900000, 0x0000000707900000| Untracked 
| 102|0x0000000707a00000, 0x0000000707a00000, 0x0000000707b00000|  0%| F|  |TAMS 0x0000000707a00000, 0x0000000707a00000| Untracked 
| 103|0x0000000707b00000, 0x0000000707b00000, 0x0000000707c00000|  0%| F|  |TAMS 0x0000000707b00000, 0x0000000707b00000| Untracked 
| 104|0x0000000707c00000, 0x0000000707c00000, 0x0000000707d00000|  0%| F|  |TAMS 0x0000000707c00000, 0x0000000707c00000| Untracked 
| 105|0x0000000707d00000, 0x0000000707d00000, 0x0000000707e00000|  0%| F|  |TAMS 0x0000000707d00000, 0x0000000707d00000| Untracked 
| 106|0x0000000707e00000, 0x0000000707e00000, 0x0000000707f00000|  0%| F|  |TAMS 0x0000000707e00000, 0x0000000707e00000| Untracked 
| 107|0x0000000707f00000, 0x0000000707f00000, 0x0000000708000000|  0%| F|  |TAMS 0x0000000707f00000, 0x0000000707f00000| Untracked 
| 108|0x0000000708000000, 0x0000000708000000, 0x0000000708100000|  0%| F|  |TAMS 0x0000000708000000, 0x0000000708000000| Untracked 
| 109|0x0000000708100000, 0x0000000708100000, 0x0000000708200000|  0%| F|  |TAMS 0x0000000708100000, 0x0000000708100000| Untracked 
| 110|0x0000000708200000, 0x0000000708200000, 0x0000000708300000|  0%| F|  |TAMS 0x0000000708200000, 0x0000000708200000| Untracked 
| 111|0x0000000708300000, 0x0000000708300000, 0x0000000708400000|  0%| F|  |TAMS 0x0000000708300000, 0x0000000708300000| Untracked 
| 112|0x0000000708400000, 0x0000000708400000, 0x0000000708500000|  0%| F|  |TAMS 0x0000000708400000, 0x0000000708400000| Untracked 
| 113|0x0000000708500000, 0x0000000708500000, 0x0000000708600000|  0%| F|  |TAMS 0x0000000708500000, 0x0000000708500000| Untracked 
| 114|0x0000000708600000, 0x0000000708600000, 0x0000000708700000|  0%| F|  |TAMS 0x0000000708600000, 0x0000000708600000| Untracked 
| 115|0x0000000708700000, 0x0000000708700000, 0x0000000708800000|  0%| F|  |TAMS 0x0000000708700000, 0x0000000708700000| Untracked 
| 116|0x0000000708800000, 0x0000000708800000, 0x0000000708900000|  0%| F|  |TAMS 0x0000000708800000, 0x0000000708800000| Untracked 
| 117|0x0000000708900000, 0x0000000708900000, 0x0000000708a00000|  0%| F|  |TAMS 0x0000000708900000, 0x0000000708900000| Untracked 
| 118|0x0000000708a00000, 0x0000000708a00000, 0x0000000708b00000|  0%| F|  |TAMS 0x0000000708a00000, 0x0000000708a00000| Untracked 
| 119|0x0000000708b00000, 0x0000000708b00000, 0x0000000708c00000|  0%| F|  |TAMS 0x0000000708b00000, 0x0000000708b00000| Untracked 
| 120|0x0000000708c00000, 0x0000000708c00000, 0x0000000708d00000|  0%| F|  |TAMS 0x0000000708c00000, 0x0000000708c00000| Untracked 
| 121|0x0000000708d00000, 0x0000000708d00000, 0x0000000708e00000|  0%| F|  |TAMS 0x0000000708d00000, 0x0000000708d00000| Untracked 
| 122|0x0000000708e00000, 0x0000000708e00000, 0x0000000708f00000|  0%| F|  |TAMS 0x0000000708e00000, 0x0000000708e00000| Untracked 
| 123|0x0000000708f00000, 0x0000000708f00000, 0x0000000709000000|  0%| F|  |TAMS 0x0000000708f00000, 0x0000000708f00000| Untracked 
| 124|0x0000000709000000, 0x0000000709000000, 0x0000000709100000|  0%| F|  |TAMS 0x0000000709000000, 0x0000000709000000| Untracked 
| 125|0x0000000709100000, 0x0000000709100000, 0x0000000709200000|  0%| F|  |TAMS 0x0000000709100000, 0x0000000709100000| Untracked 
| 126|0x0000000709200000, 0x0000000709200000, 0x0000000709300000|  0%| F|  |TAMS 0x0000000709200000, 0x0000000709200000| Untracked 
| 127|0x0000000709300000, 0x0000000709300000, 0x0000000709400000|  0%| F|  |TAMS 0x0000000709300000, 0x0000000709300000| Untracked 
| 128|0x0000000709400000, 0x0000000709412510, 0x0000000709500000|  7%| S|CS|TAMS 0x0000000709400000, 0x0000000709400000| Complete 
| 129|0x0000000709500000, 0x0000000709600000, 0x0000000709600000|100%| S|CS|TAMS 0x0000000709500000, 0x0000000709500000| Complete 
| 130|0x0000000709600000, 0x0000000709700000, 0x0000000709700000|100%| S|CS|TAMS 0x0000000709600000, 0x0000000709600000| Complete 
| 131|0x0000000709700000, 0x0000000709700000, 0x0000000709800000|  0%| F|  |TAMS 0x0000000709700000, 0x0000000709700000| Untracked 
| 132|0x0000000709800000, 0x0000000709800000, 0x0000000709900000|  0%| F|  |TAMS 0x0000000709800000, 0x0000000709800000| Untracked 
| 133|0x0000000709900000, 0x0000000709900000, 0x0000000709a00000|  0%| F|  |TAMS 0x0000000709900000, 0x0000000709900000| Untracked 
| 134|0x0000000709a00000, 0x0000000709a00000, 0x0000000709b00000|  0%| F|  |TAMS 0x0000000709a00000, 0x0000000709a00000| Untracked 
| 135|0x0000000709b00000, 0x0000000709b00000, 0x0000000709c00000|  0%| F|  |TAMS 0x0000000709b00000, 0x0000000709b00000| Untracked 
| 136|0x0000000709c00000, 0x0000000709c00000, 0x0000000709d00000|  0%| F|  |TAMS 0x0000000709c00000, 0x0000000709c00000| Untracked 
| 137|0x0000000709d00000, 0x0000000709d00000, 0x0000000709e00000|  0%| F|  |TAMS 0x0000000709d00000, 0x0000000709d00000| Untracked 
| 138|0x0000000709e00000, 0x0000000709e00000, 0x0000000709f00000|  0%| F|  |TAMS 0x0000000709e00000, 0x0000000709e00000| Untracked 
| 139|0x0000000709f00000, 0x0000000709f00000, 0x000000070a000000|  0%| F|  |TAMS 0x0000000709f00000, 0x0000000709f00000| Untracked 
| 140|0x000000070a000000, 0x000000070a000000, 0x000000070a100000|  0%| F|  |TAMS 0x000000070a000000, 0x000000070a000000| Untracked 
| 141|0x000000070a100000, 0x000000070a100000, 0x000000070a200000|  0%| F|  |TAMS 0x000000070a100000, 0x000000070a100000| Untracked 
| 142|0x000000070a200000, 0x000000070a200000, 0x000000070a300000|  0%| F|  |TAMS 0x000000070a200000, 0x000000070a200000| Untracked 
| 143|0x000000070a300000, 0x000000070a300000, 0x000000070a400000|  0%| F|  |TAMS 0x000000070a300000, 0x000000070a300000| Untracked 
| 144|0x000000070a400000, 0x000000070a400000, 0x000000070a500000|  0%| F|  |TAMS 0x000000070a400000, 0x000000070a400000| Untracked 
| 145|0x000000070a500000, 0x000000070a500000, 0x000000070a600000|  0%| F|  |TAMS 0x000000070a500000, 0x000000070a500000| Untracked 
| 146|0x000000070a600000, 0x000000070a600000, 0x000000070a700000|  0%| F|  |TAMS 0x000000070a600000, 0x000000070a600000| Untracked 
| 147|0x000000070a700000, 0x000000070a700000, 0x000000070a800000|  0%| F|  |TAMS 0x000000070a700000, 0x000000070a700000| Untracked 
| 148|0x000000070a800000, 0x000000070a800000, 0x000000070a900000|  0%| F|  |TAMS 0x000000070a800000, 0x000000070a800000| Untracked 
| 149|0x000000070a900000, 0x000000070a900000, 0x000000070aa00000|  0%| F|  |TAMS 0x000000070a900000, 0x000000070a900000| Untracked 
| 150|0x000000070aa00000, 0x000000070aa00000, 0x000000070ab00000|  0%| F|  |TAMS 0x000000070aa00000, 0x000000070aa00000| Untracked 
| 151|0x000000070ab00000, 0x000000070ab00000, 0x000000070ac00000|  0%| F|  |TAMS 0x000000070ab00000, 0x000000070ab00000| Untracked 
| 152|0x000000070ac00000, 0x000000070ac00000, 0x000000070ad00000|  0%| F|  |TAMS 0x000000070ac00000, 0x000000070ac00000| Untracked 
| 153|0x000000070ad00000, 0x000000070ad00000, 0x000000070ae00000|  0%| F|  |TAMS 0x000000070ad00000, 0x000000070ad00000| Untracked 
| 154|0x000000070ae00000, 0x000000070ae00000, 0x000000070af00000|  0%| F|  |TAMS 0x000000070ae00000, 0x000000070ae00000| Untracked 
| 155|0x000000070af00000, 0x000000070af00000, 0x000000070b000000|  0%| F|  |TAMS 0x000000070af00000, 0x000000070af00000| Untracked 
| 156|0x000000070b000000, 0x000000070b000000, 0x000000070b100000|  0%| F|  |TAMS 0x000000070b000000, 0x000000070b000000| Untracked 
| 157|0x000000070b100000, 0x000000070b100000, 0x000000070b200000|  0%| F|  |TAMS 0x000000070b100000, 0x000000070b100000| Untracked 
| 158|0x000000070b200000, 0x000000070b200000, 0x000000070b300000|  0%| F|  |TAMS 0x000000070b200000, 0x000000070b200000| Untracked 
| 159|0x000000070b300000, 0x000000070b300000, 0x000000070b400000|  0%| F|  |TAMS 0x000000070b300000, 0x000000070b300000| Untracked 
| 160|0x000000070b400000, 0x000000070b400000, 0x000000070b500000|  0%| F|  |TAMS 0x000000070b400000, 0x000000070b400000| Untracked 
| 161|0x000000070b500000, 0x000000070b500000, 0x000000070b600000|  0%| F|  |TAMS 0x000000070b500000, 0x000000070b500000| Untracked 
| 162|0x000000070b600000, 0x000000070b600000, 0x000000070b700000|  0%| F|  |TAMS 0x000000070b600000, 0x000000070b600000| Untracked 
| 163|0x000000070b700000, 0x000000070b700000, 0x000000070b800000|  0%| F|  |TAMS 0x000000070b700000, 0x000000070b700000| Untracked 
| 164|0x000000070b800000, 0x000000070b800000, 0x000000070b900000|  0%| F|  |TAMS 0x000000070b800000, 0x000000070b800000| Untracked 
| 165|0x000000070b900000, 0x000000070b900000, 0x000000070ba00000|  0%| F|  |TAMS 0x000000070b900000, 0x000000070b900000| Untracked 
| 166|0x000000070ba00000, 0x000000070ba00000, 0x000000070bb00000|  0%| F|  |TAMS 0x000000070ba00000, 0x000000070ba00000| Untracked 
| 167|0x000000070bb00000, 0x000000070bb00000, 0x000000070bc00000|  0%| F|  |TAMS 0x000000070bb00000, 0x000000070bb00000| Untracked 
| 168|0x000000070bc00000, 0x000000070bc00000, 0x000000070bd00000|  0%| F|  |TAMS 0x000000070bc00000, 0x000000070bc00000| Untracked 
| 169|0x000000070bd00000, 0x000000070bd00000, 0x000000070be00000|  0%| F|  |TAMS 0x000000070bd00000, 0x000000070bd00000| Untracked 
| 170|0x000000070be00000, 0x000000070be00000, 0x000000070bf00000|  0%| F|  |TAMS 0x000000070be00000, 0x000000070be00000| Untracked 
| 171|0x000000070bf00000, 0x000000070bf00000, 0x000000070c000000|  0%| F|  |TAMS 0x000000070bf00000, 0x000000070bf00000| Untracked 
| 172|0x000000070c000000, 0x000000070c000000, 0x000000070c100000|  0%| F|  |TAMS 0x000000070c000000, 0x000000070c000000| Untracked 
| 173|0x000000070c100000, 0x000000070c100000, 0x000000070c200000|  0%| F|  |TAMS 0x000000070c100000, 0x000000070c100000| Untracked 
| 174|0x000000070c200000, 0x000000070c200000, 0x000000070c300000|  0%| F|  |TAMS 0x000000070c200000, 0x000000070c200000| Untracked 
| 175|0x000000070c300000, 0x000000070c300000, 0x000000070c400000|  0%| F|  |TAMS 0x000000070c300000, 0x000000070c300000| Untracked 
| 176|0x000000070c400000, 0x000000070c400000, 0x000000070c500000|  0%| F|  |TAMS 0x000000070c400000, 0x000000070c400000| Untracked 
| 177|0x000000070c500000, 0x000000070c500000, 0x000000070c600000|  0%| F|  |TAMS 0x000000070c500000, 0x000000070c500000| Untracked 
| 178|0x000000070c600000, 0x000000070c600000, 0x000000070c700000|  0%| F|  |TAMS 0x000000070c600000, 0x000000070c600000| Untracked 
| 179|0x000000070c700000, 0x000000070c700000, 0x000000070c800000|  0%| F|  |TAMS 0x000000070c700000, 0x000000070c700000| Untracked 
| 180|0x000000070c800000, 0x000000070c800000, 0x000000070c900000|  0%| F|  |TAMS 0x000000070c800000, 0x000000070c800000| Untracked 
| 181|0x000000070c900000, 0x000000070c900000, 0x000000070ca00000|  0%| F|  |TAMS 0x000000070c900000, 0x000000070c900000| Untracked 
| 182|0x000000070ca00000, 0x000000070ca00000, 0x000000070cb00000|  0%| F|  |TAMS 0x000000070ca00000, 0x000000070ca00000| Untracked 
| 183|0x000000070cb00000, 0x000000070cb00000, 0x000000070cc00000|  0%| F|  |TAMS 0x000000070cb00000, 0x000000070cb00000| Untracked 
| 184|0x000000070cc00000, 0x000000070cc00000, 0x000000070cd00000|  0%| F|  |TAMS 0x000000070cc00000, 0x000000070cc00000| Untracked 
| 185|0x000000070cd00000, 0x000000070cd00000, 0x000000070ce00000|  0%| F|  |TAMS 0x000000070cd00000, 0x000000070cd00000| Untracked 
| 186|0x000000070ce00000, 0x000000070ce00000, 0x000000070cf00000|  0%| F|  |TAMS 0x000000070ce00000, 0x000000070ce00000| Untracked 
| 187|0x000000070cf00000, 0x000000070cf00000, 0x000000070d000000|  0%| F|  |TAMS 0x000000070cf00000, 0x000000070cf00000| Untracked 
| 188|0x000000070d000000, 0x000000070d000000, 0x000000070d100000|  0%| F|  |TAMS 0x000000070d000000, 0x000000070d000000| Untracked 
| 189|0x000000070d100000, 0x000000070d100000, 0x000000070d200000|  0%| F|  |TAMS 0x000000070d100000, 0x000000070d100000| Untracked 
| 190|0x000000070d200000, 0x000000070d200000, 0x000000070d300000|  0%| F|  |TAMS 0x000000070d200000, 0x000000070d200000| Untracked 
| 191|0x000000070d300000, 0x000000070d300000, 0x000000070d400000|  0%| F|  |TAMS 0x000000070d300000, 0x000000070d300000| Untracked 
| 192|0x000000070d400000, 0x000000070d400000, 0x000000070d500000|  0%| F|  |TAMS 0x000000070d400000, 0x000000070d400000| Untracked 
| 193|0x000000070d500000, 0x000000070d500000, 0x000000070d600000|  0%| F|  |TAMS 0x000000070d500000, 0x000000070d500000| Untracked 
| 194|0x000000070d600000, 0x000000070d600000, 0x000000070d700000|  0%| F|  |TAMS 0x000000070d600000, 0x000000070d600000| Untracked 
| 195|0x000000070d700000, 0x000000070d700000, 0x000000070d800000|  0%| F|  |TAMS 0x000000070d700000, 0x000000070d700000| Untracked 
| 196|0x000000070d800000, 0x000000070d800000, 0x000000070d900000|  0%| F|  |TAMS 0x000000070d800000, 0x000000070d800000| Untracked 
| 197|0x000000070d900000, 0x000000070d900000, 0x000000070da00000|  0%| F|  |TAMS 0x000000070d900000, 0x000000070d900000| Untracked 
| 198|0x000000070da00000, 0x000000070da00000, 0x000000070db00000|  0%| F|  |TAMS 0x000000070da00000, 0x000000070da00000| Untracked 
| 199|0x000000070db00000, 0x000000070db00000, 0x000000070dc00000|  0%| F|  |TAMS 0x000000070db00000, 0x000000070db00000| Untracked 
| 200|0x000000070dc00000, 0x000000070dc00000, 0x000000070dd00000|  0%| F|  |TAMS 0x000000070dc00000, 0x000000070dc00000| Untracked 
| 201|0x000000070dd00000, 0x000000070dd00000, 0x000000070de00000|  0%| F|  |TAMS 0x000000070dd00000, 0x000000070dd00000| Untracked 
| 202|0x000000070de00000, 0x000000070de00000, 0x000000070df00000|  0%| F|  |TAMS 0x000000070de00000, 0x000000070de00000| Untracked 
| 203|0x000000070df00000, 0x000000070df00000, 0x000000070e000000|  0%| F|  |TAMS 0x000000070df00000, 0x000000070df00000| Untracked 
| 204|0x000000070e000000, 0x000000070e000000, 0x000000070e100000|  0%| F|  |TAMS 0x000000070e000000, 0x000000070e000000| Untracked 
| 205|0x000000070e100000, 0x000000070e100000, 0x000000070e200000|  0%| F|  |TAMS 0x000000070e100000, 0x000000070e100000| Untracked 
| 206|0x000000070e200000, 0x000000070e200000, 0x000000070e300000|  0%| F|  |TAMS 0x000000070e200000, 0x000000070e200000| Untracked 
| 207|0x000000070e300000, 0x000000070e300000, 0x000000070e400000|  0%| F|  |TAMS 0x000000070e300000, 0x000000070e300000| Untracked 
| 208|0x000000070e400000, 0x000000070e400000, 0x000000070e500000|  0%| F|  |TAMS 0x000000070e400000, 0x000000070e400000| Untracked 
| 209|0x000000070e500000, 0x000000070e500000, 0x000000070e600000|  0%| F|  |TAMS 0x000000070e500000, 0x000000070e500000| Untracked 
| 210|0x000000070e600000, 0x000000070e600000, 0x000000070e700000|  0%| F|  |TAMS 0x000000070e600000, 0x000000070e600000| Untracked 
| 211|0x000000070e700000, 0x000000070e700000, 0x000000070e800000|  0%| F|  |TAMS 0x000000070e700000, 0x000000070e700000| Untracked 
| 212|0x000000070e800000, 0x000000070e800800, 0x000000070e900000|  0%| E|  |TAMS 0x000000070e800000, 0x000000070e800000| Complete 
| 213|0x000000070e900000, 0x000000070ea00000, 0x000000070ea00000|100%| E|CS|TAMS 0x000000070e900000, 0x000000070e900000| Complete 
| 214|0x000000070ea00000, 0x000000070eb00000, 0x000000070eb00000|100%| E|CS|TAMS 0x000000070ea00000, 0x000000070ea00000| Complete 
| 215|0x000000070eb00000, 0x000000070ec00000, 0x000000070ec00000|100%| E|CS|TAMS 0x000000070eb00000, 0x000000070eb00000| Complete 
| 216|0x000000070ec00000, 0x000000070ed00000, 0x000000070ed00000|100%| E|CS|TAMS 0x000000070ec00000, 0x000000070ec00000| Complete 
| 217|0x000000070ed00000, 0x000000070ee00000, 0x000000070ee00000|100%| E|CS|TAMS 0x000000070ed00000, 0x000000070ed00000| Complete 
| 218|0x000000070ee00000, 0x000000070ef00000, 0x000000070ef00000|100%| E|CS|TAMS 0x000000070ee00000, 0x000000070ee00000| Complete 
| 219|0x000000070ef00000, 0x000000070f000000, 0x000000070f000000|100%| E|CS|TAMS 0x000000070ef00000, 0x000000070ef00000| Complete 
| 220|0x000000070f000000, 0x000000070f100000, 0x000000070f100000|100%| E|CS|TAMS 0x000000070f000000, 0x000000070f000000| Complete 
| 221|0x000000070f100000, 0x000000070f200000, 0x000000070f200000|100%| E|CS|TAMS 0x000000070f100000, 0x000000070f100000| Complete 
| 222|0x000000070f200000, 0x000000070f300000, 0x000000070f300000|100%| E|CS|TAMS 0x000000070f200000, 0x000000070f200000| Complete 
| 223|0x000000070f300000, 0x000000070f400000, 0x000000070f400000|100%| E|CS|TAMS 0x000000070f300000, 0x000000070f300000| Complete 
| 224|0x000000070f400000, 0x000000070f500000, 0x000000070f500000|100%| E|CS|TAMS 0x000000070f400000, 0x000000070f400000| Complete 
| 225|0x000000070f500000, 0x000000070f600000, 0x000000070f600000|100%| E|CS|TAMS 0x000000070f500000, 0x000000070f500000| Complete 
| 226|0x000000070f600000, 0x000000070f700000, 0x000000070f700000|100%| E|CS|TAMS 0x000000070f600000, 0x000000070f600000| Complete 
| 227|0x000000070f700000, 0x000000070f800000, 0x000000070f800000|100%| E|CS|TAMS 0x000000070f700000, 0x000000070f700000| Complete 
| 228|0x000000070f800000, 0x000000070f900000, 0x000000070f900000|100%| E|CS|TAMS 0x000000070f800000, 0x000000070f800000| Complete 
| 229|0x000000070f900000, 0x000000070fa00000, 0x000000070fa00000|100%| E|CS|TAMS 0x000000070f900000, 0x000000070f900000| Complete 
| 230|0x000000070fa00000, 0x000000070fb00000, 0x000000070fb00000|100%| E|CS|TAMS 0x000000070fa00000, 0x000000070fa00000| Complete 
| 231|0x000000070fb00000, 0x000000070fc00000, 0x000000070fc00000|100%| E|CS|TAMS 0x000000070fb00000, 0x000000070fb00000| Complete 
| 232|0x000000070fc00000, 0x000000070fd00000, 0x000000070fd00000|100%| E|CS|TAMS 0x000000070fc00000, 0x000000070fc00000| Complete 
| 233|0x000000070fd00000, 0x000000070fe00000, 0x000000070fe00000|100%| E|CS|TAMS 0x000000070fd00000, 0x000000070fd00000| Complete 
| 234|0x000000070fe00000, 0x000000070ff00000, 0x000000070ff00000|100%| E|CS|TAMS 0x000000070fe00000, 0x000000070fe00000| Complete 
| 235|0x000000070ff00000, 0x0000000710000000, 0x0000000710000000|100%| E|CS|TAMS 0x000000070ff00000, 0x000000070ff00000| Complete 
| 236|0x0000000710000000, 0x0000000710100000, 0x0000000710100000|100%| E|CS|TAMS 0x0000000710000000, 0x0000000710000000| Complete 
| 237|0x0000000710100000, 0x0000000710200000, 0x0000000710200000|100%| E|CS|TAMS 0x0000000710100000, 0x0000000710100000| Complete 
| 238|0x0000000710200000, 0x0000000710300000, 0x0000000710300000|100%| E|CS|TAMS 0x0000000710200000, 0x0000000710200000| Complete 
| 239|0x0000000710300000, 0x0000000710400000, 0x0000000710400000|100%| E|CS|TAMS 0x0000000710300000, 0x0000000710300000| Complete 
| 240|0x0000000710400000, 0x0000000710500000, 0x0000000710500000|100%| E|CS|TAMS 0x0000000710400000, 0x0000000710400000| Complete 
| 241|0x0000000710500000, 0x0000000710600000, 0x0000000710600000|100%| E|CS|TAMS 0x0000000710500000, 0x0000000710500000| Complete 
| 242|0x0000000710600000, 0x0000000710700000, 0x0000000710700000|100%| E|CS|TAMS 0x0000000710600000, 0x0000000710600000| Complete 
| 243|0x0000000710700000, 0x0000000710800000, 0x0000000710800000|100%| E|CS|TAMS 0x0000000710700000, 0x0000000710700000| Complete 
| 244|0x0000000710800000, 0x0000000710900000, 0x0000000710900000|100%| E|CS|TAMS 0x0000000710800000, 0x0000000710800000| Complete 
| 245|0x0000000710900000, 0x0000000710a00000, 0x0000000710a00000|100%| E|CS|TAMS 0x0000000710900000, 0x0000000710900000| Complete 
| 246|0x0000000710a00000, 0x0000000710b00000, 0x0000000710b00000|100%| E|CS|TAMS 0x0000000710a00000, 0x0000000710a00000| Complete 
| 247|0x0000000710b00000, 0x0000000710c00000, 0x0000000710c00000|100%| E|CS|TAMS 0x0000000710b00000, 0x0000000710b00000| Complete 
| 248|0x0000000710c00000, 0x0000000710d00000, 0x0000000710d00000|100%| E|CS|TAMS 0x0000000710c00000, 0x0000000710c00000| Complete 
| 249|0x0000000710d00000, 0x0000000710e00000, 0x0000000710e00000|100%| E|CS|TAMS 0x0000000710d00000, 0x0000000710d00000| Complete 
| 250|0x0000000710e00000, 0x0000000710f00000, 0x0000000710f00000|100%| E|CS|TAMS 0x0000000710e00000, 0x0000000710e00000| Complete 
| 251|0x0000000710f00000, 0x0000000711000000, 0x0000000711000000|100%| E|CS|TAMS 0x0000000710f00000, 0x0000000710f00000| Complete 
| 252|0x0000000711000000, 0x0000000711100000, 0x0000000711100000|100%| E|CS|TAMS 0x0000000711000000, 0x0000000711000000| Complete 
| 253|0x0000000711100000, 0x0000000711200000, 0x0000000711200000|100%| E|CS|TAMS 0x0000000711100000, 0x0000000711100000| Complete 
| 254|0x0000000711200000, 0x0000000711300000, 0x0000000711300000|100%| E|CS|TAMS 0x0000000711200000, 0x0000000711200000| Complete 
| 255|0x0000000711300000, 0x0000000711400000, 0x0000000711400000|100%| E|CS|TAMS 0x0000000711300000, 0x0000000711300000| Complete 

Card table byte_map: [0x00000202c5360000,0x00000202c5b60000] _byte_map_base: 0x00000202c1b56000

Marking Bits (Prev, Next): (CMBitMap*) 0x00000202ad28a928, (CMBitMap*) 0x00000202ad28a968
 Prev Bits: [0x00000202c6360000, 0x00000202ca310000)
 Next Bits: [0x00000202ca310000, 0x00000202ce2c0000)

Polling page: 0x00000202ab010000

Metaspace:

Usage:
  Non-class:      8.30 MB capacity,     8.15 MB ( 98%) used,   127.69 KB (  2%) free+waste,    21.50 KB ( <1%) overhead. 
      Class:   1010.00 KB capacity,   901.03 KB ( 89%) used,    95.53 KB (  9%) free+waste,    13.44 KB (  1%) overhead. 
       Both:      9.29 MB capacity,     9.03 MB ( 97%) used,   223.22 KB (  2%) free+waste,    34.94 KB ( <1%) overhead. 

Virtual space:
  Non-class space:       10.00 MB reserved,       8.50 MB ( 85%) committed 
      Class space:        1.00 GB reserved,       1.00 MB ( <1%) committed 
             Both:        1.01 GB reserved,       9.50 MB ( <1%) committed 

Chunk freelists:
   Non-Class:  14.00 KB
       Class:  14.00 KB
        Both:  28.00 KB

MaxMetaspaceSize: 17179869184.00 GB
CompressedClassSpaceSize: 1.00 GB

CodeHeap 'non-profiled nmethods': size=120000Kb used=2064Kb max_used=2064Kb free=117935Kb
 bounds [0x00000202bd1f0000, 0x00000202bd460000, 0x00000202c4720000]
CodeHeap 'profiled nmethods': size=120000Kb used=5390Kb max_used=5390Kb free=114609Kb
 bounds [0x00000202b5cc0000, 0x00000202b6210000, 0x00000202bd1f0000]
CodeHeap 'non-nmethods': size=5760Kb used=1313Kb max_used=1383Kb free=4446Kb
 bounds [0x00000202b5720000, 0x00000202b5990000, 0x00000202b5cc0000]
 total_blobs=4346 nmethods=2500 adapters=514
 compilation: enabled
              stopped_count=0, restarted_count=0
 full_count=0

Compilation events (20 events):
Event: 36.180 Thread 0x00000202d16df000 2492       4       java.awt.geom.AffineTransform::hashCode (87 bytes)
Event: 36.181 Thread 0x00000202d16df000 nmethod 2492 0x00000202bd3e4410 code [0x00000202bd3e45a0, 0x00000202bd3e4738]
Event: 36.943 Thread 0x00000202d16df000 2493       4       sun.java2d.SunGraphics2D::setClip (17 bytes)
Event: 36.952 Thread 0x00000202d16df000 nmethod 2493 0x00000202bd3e4790 code [0x00000202bd3e4960, 0x00000202bd3e5338]
Event: 37.478 Thread 0x00000202d16df000 2494       4       sun.font.FontDesignMetrics::getDefaultFrc (53 bytes)
Event: 37.478 Thread 0x00000202d16df000 nmethod 2494 0x00000202bd3e5a10 code [0x00000202bd3e5ba0, 0x00000202bd3e5c18]
Event: 38.123 Thread 0x00000202d16df000 2495       4       javax.swing.JComponent::rectangleIsObscured (119 bytes)
Event: 38.127 Thread 0x00000202d16df000 nmethod 2495 0x00000202bd3e5d10 code [0x00000202bd3e5ee0, 0x00000202bd3e64b8]
Event: 38.127 Thread 0x00000202d16df000 2496   !   4       javax.swing.JComponent::paintComponent (44 bytes)
Event: 38.339 Thread 0x00000202d16df000 nmethod 2496 0x00000202bd3e6a10 code [0x00000202bd3e7140, 0x00000202bd3ee8b0]
Event: 40.508 Thread 0x00000202d16df000 2497       4       sun.java2d.pipe.DrawImage::transformImage (124 bytes)
Event: 40.511 Thread 0x00000202d16df000 nmethod 2497 0x00000202bd3f3110 code [0x00000202bd3f3300, 0x00000202bd3f3668]
Event: 41.242 Thread 0x00000202d16df000 2498       4       java.awt.Font::equals (131 bytes)
Event: 41.243 Thread 0x00000202d16df000 nmethod 2498 0x00000202bd3f3910 code [0x00000202bd3f3aa0, 0x00000202bd3f3e38]
Event: 41.846 Thread 0x00000202d16df000 2499       4       java.nio.MappedByteBuffer::flip (5 bytes)
Event: 41.846 Thread 0x00000202d16df000 nmethod 2499 0x00000202bd3f4010 code [0x00000202bd3f41a0, 0x00000202bd3f4238]
Event: 41.847 Thread 0x00000202d16e8000 2500       3       java.nio.channels.spi.AbstractInterruptibleChannel::begin (48 bytes)
Event: 41.847 Thread 0x00000202d16e8000 nmethod 2500 0x00000202b61fee90 code [0x00000202b61ff0c0, 0x00000202b61ffae0]
Event: 41.847 Thread 0x00000202d16e8000 2501   !   3       sun.font.TrueTypeFont::readBlock (380 bytes)
Event: 41.849 Thread 0x00000202d16e8000 nmethod 2501 0x00000202b61ffe10 code [0x00000202b6200280, 0x00000202b62029c0]

GC Heap History (16 events):
Event: 0.650 GC heap before
{Heap before GC invocations=0 (full 0):
 garbage-first heap   total 262144K, used 39936K [0x0000000701400000, 0x0000000800000000)
  region size 1024K, 24 young (24576K), 0 survivors (0K)
 Metaspace       used 7416K, capacity 7675K, committed 7936K, reserved 1056768K
  class space    used 839K, capacity 977K, committed 1024K, reserved 1048576K
}
Event: 0.664 GC heap after
{Heap after GC invocations=1 (full 0):
 garbage-first heap   total 262144K, used 33945K [0x0000000701400000, 0x0000000800000000)
  region size 1024K, 3 young (3072K), 3 survivors (3072K)
 Metaspace       used 7416K, capacity 7675K, committed 7936K, reserved 1056768K
  class space    used 839K, capacity 977K, committed 1024K, reserved 1048576K
}
Event: 1.563 GC heap before
{Heap before GC invocations=1 (full 0):
 garbage-first heap   total 262144K, used 44185K [0x0000000701400000, 0x0000000800000000)
  region size 1024K, 12 young (12288K), 3 survivors (3072K)
 Metaspace       used 8409K, capacity 8738K, committed 8960K, reserved 1056768K
  class space    used 875K, capacity 1010K, committed 1024K, reserved 1048576K
}
Event: 1.571 GC heap after
{Heap after GC invocations=2 (full 0):
 garbage-first heap   total 262144K, used 35188K [0x0000000701400000, 0x0000000800000000)
  region size 1024K, 1 young (1024K), 1 survivors (1024K)
 Metaspace       used 8409K, capacity 8738K, committed 8960K, reserved 1056768K
  class space    used 875K, capacity 1010K, committed 1024K, reserved 1048576K
}
Event: 2.741 GC heap before
{Heap before GC invocations=2 (full 0):
 garbage-first heap   total 262144K, used 46452K [0x0000000701400000, 0x0000000800000000)
  region size 1024K, 12 young (12288K), 1 survivors (1024K)
 Metaspace       used 8842K, capacity 9123K, committed 9216K, reserved 1056768K
  class space    used 893K, capacity 1010K, committed 1024K, reserved 1048576K
}
Event: 2.742 GC heap after
{Heap after GC invocations=3 (full 0):
 garbage-first heap   total 262144K, used 34930K [0x0000000701400000, 0x0000000800000000)
  region size 1024K, 1 young (1024K), 1 survivors (1024K)
 Metaspace       used 8842K, capacity 9123K, committed 9216K, reserved 1056768K
  class space    used 893K, capacity 1010K, committed 1024K, reserved 1048576K
}
Event: 4.662 GC heap before
{Heap before GC invocations=3 (full 0):
 garbage-first heap   total 262144K, used 52338K [0x0000000701400000, 0x0000000800000000)
  region size 1024K, 18 young (18432K), 1 survivors (1024K)
 Metaspace       used 8977K, capacity 9251K, committed 9472K, reserved 1058816K
  class space    used 894K, capacity 1010K, committed 1024K, reserved 1048576K
}
Event: 4.663 GC heap after
{Heap after GC invocations=4 (full 0):
 garbage-first heap   total 262144K, used 34895K [0x0000000701400000, 0x0000000800000000)
  region size 1024K, 1 young (1024K), 1 survivors (1024K)
 Metaspace       used 8977K, capacity 9251K, committed 9472K, reserved 1058816K
  class space    used 894K, capacity 1010K, committed 1024K, reserved 1048576K
}
Event: 9.218 GC heap before
{Heap before GC invocations=4 (full 0):
 garbage-first heap   total 262144K, used 75855K [0x0000000701400000, 0x0000000800000000)
  region size 1024K, 41 young (41984K), 1 survivors (1024K)
 Metaspace       used 9187K, capacity 9444K, committed 9472K, reserved 1058816K
  class space    used 896K, capacity 1010K, committed 1024K, reserved 1048576K
}
Event: 9.219 GC heap after
{Heap after GC invocations=5 (full 0):
 garbage-first heap   total 262144K, used 35849K [0x0000000701400000, 0x0000000800000000)
  region size 1024K, 2 young (2048K), 2 survivors (2048K)
 Metaspace       used 9187K, capacity 9444K, committed 9472K, reserved 1058816K
  class space    used 896K, capacity 1010K, committed 1024K, reserved 1048576K
}
Event: 15.064 GC heap before
{Heap before GC invocations=5 (full 0):
 garbage-first heap   total 262144K, used 100361K [0x0000000701400000, 0x0000000800000000)
  region size 1024K, 66 young (67584K), 2 survivors (2048K)
 Metaspace       used 9222K, capacity 9444K, committed 9472K, reserved 1058816K
  class space    used 896K, capacity 1010K, committed 1024K, reserved 1048576K
}
Event: 15.065 GC heap after
{Heap after GC invocations=6 (full 0):
 garbage-first heap   total 262144K, used 35834K [0x0000000701400000, 0x0000000800000000)
  region size 1024K, 2 young (2048K), 2 survivors (2048K)
 Metaspace       used 9222K, capacity 9444K, committed 9472K, reserved 1058816K
  class space    used 896K, capacity 1010K, committed 1024K, reserved 1048576K
}
Event: 24.375 GC heap before
{Heap before GC invocations=6 (full 0):
 garbage-first heap   total 262144K, used 135162K [0x0000000701400000, 0x0000000800000000)
  region size 1024K, 99 young (101376K), 2 survivors (2048K)
 Metaspace       used 9233K, capacity 9444K, committed 9472K, reserved 1058816K
  class space    used 897K, capacity 1010K, committed 1024K, reserved 1048576K
}
Event: 24.376 GC heap after
{Heap after GC invocations=7 (full 0):
 garbage-first heap   total 262144K, used 35879K [0x0000000701400000, 0x0000000800000000)
  region size 1024K, 2 young (2048K), 2 survivors (2048K)
 Metaspace       used 9233K, capacity 9444K, committed 9472K, reserved 1058816K
  class space    used 897K, capacity 1010K, committed 1024K, reserved 1048576K
}
Event: 37.143 GC heap before
{Heap before GC invocations=7 (full 0):
 garbage-first heap   total 262144K, used 161831K [0x0000000701400000, 0x0000000800000000)
  region size 1024K, 125 young (128000K), 2 survivors (2048K)
 Metaspace       used 9233K, capacity 9444K, committed 9472K, reserved 1058816K
  class space    used 897K, capacity 1010K, committed 1024K, reserved 1048576K
}
Event: 37.144 GC heap after
{Heap after GC invocations=8 (full 0):
 garbage-first heap   total 262144K, used 36420K [0x0000000701400000, 0x0000000800000000)
  region size 1024K, 3 young (3072K), 3 survivors (3072K)
 Metaspace       used 9233K, capacity 9444K, committed 9472K, reserved 1058816K
  class space    used 897K, capacity 1010K, committed 1024K, reserved 1048576K
}

Deoptimization events (20 events):
Event: 22.261 Thread 0x00000202d8aee800 DEOPT PACKING pc=0x00000202bd3ad454 sp=0x00000080252fe6b0
Event: 22.261 Thread 0x00000202d8b1e000 DEOPT PACKING pc=0x00000202bd3ad454 sp=0x00000080257ff150
Event: 22.261 Thread 0x00000202d8aee800 DEOPT UNPACKING pc=0x00000202b576912f sp=0x00000080252fe640 mode 2
Event: 22.261 Thread 0x00000202d8b1e000 DEOPT UNPACKING pc=0x00000202b576912f sp=0x00000080257ff0e0 mode 2
Event: 28.750 Thread 0x00000202d8b1e000 Uncommon trap: trap_request=0xffffffdc fr.pc=0x00000202bd3b81cc relative=0x00000000000001ac
Event: 28.750 Thread 0x00000202d8b1e000 Uncommon trap: reason=class_check action=make_not_entrant pc=0x00000202bd3b81cc method=java.util.ArrayList.toArray([Ljava/lang/Object;)[Ljava/lang/Object; @ 21 c2
Event: 28.750 Thread 0x00000202d8aee800 Uncommon trap: trap_request=0xffffffdc fr.pc=0x00000202bd3b81cc relative=0x00000000000001ac
Event: 28.750 Thread 0x00000202d8aee800 Uncommon trap: reason=class_check action=make_not_entrant pc=0x00000202bd3b81cc method=java.util.ArrayList.toArray([Ljava/lang/Object;)[Ljava/lang/Object; @ 21 c2
Event: 28.750 Thread 0x00000202d8b1e000 DEOPT PACKING pc=0x00000202bd3b81cc sp=0x00000080257ff1b0
Event: 28.750 Thread 0x00000202d8aee800 DEOPT PACKING pc=0x00000202bd3b81cc sp=0x00000080252fe710
Event: 28.750 Thread 0x00000202d8b1e000 DEOPT UNPACKING pc=0x00000202b576912f sp=0x00000080257ff170 mode 2
Event: 28.750 Thread 0x00000202d8aee800 DEOPT UNPACKING pc=0x00000202b576912f sp=0x00000080252fe6c0 mode 2
Event: 41.845 Thread 0x00000202ad21f800 Uncommon trap: trap_request=0xffffff45 fr.pc=0x00000202bd32efec relative=0x000000000000300c
Event: 41.845 Thread 0x00000202ad21f800 Uncommon trap: reason=unstable_if action=reinterpret pc=0x00000202bd32efec method=sun.font.TrueTypeFont.readBlock(Ljava/nio/ByteBuffer;II)I @ 15 c2
Event: 41.845 Thread 0x00000202ad21f800 DEOPT PACKING pc=0x00000202bd32efec sp=0x00000080240fe290
Event: 41.845 Thread 0x00000202ad21f800 DEOPT UNPACKING pc=0x00000202b576912f sp=0x00000080240fe2a0 mode 2
Event: 41.846 Thread 0x00000202ad21f800 Uncommon trap: trap_request=0xffffff45 fr.pc=0x00000202bd326a94 relative=0x00000000000003d4
Event: 41.846 Thread 0x00000202ad21f800 Uncommon trap: reason=unstable_if action=reinterpret pc=0x00000202bd326a94 method=java.nio.channels.spi.AbstractInterruptibleChannel.begin()V @ 4 c2
Event: 41.846 Thread 0x00000202ad21f800 DEOPT PACKING pc=0x00000202bd326a94 sp=0x00000080240fe060
Event: 41.846 Thread 0x00000202ad21f800 DEOPT UNPACKING pc=0x00000202b576912f sp=0x00000080240fe030 mode 2

Classes unloaded (0 events):
No events

Classes redefined (0 events):
No events

Internal exceptions (20 events):
Event: 0.435 Thread 0x00000202ad21f800 Exception <a 'java/lang/NoSuchMethodError'{0x00000007100fa008}: 'java.lang.Object java.lang.invoke.DirectMethodHandle$Holder.invokeStatic(java.lang.Object, int, java.lang.Object, java.lang.Object, java.lang.Object, java.lang.Object)'> (0x00000007100fa008) 
thrown [t:/workspace/open/src/hotspot/share/interpreter/linkResolver.cpp, line 767]
Event: 0.435 Thread 0x00000202ad21f800 Exception <a 'java/lang/NoSuchMethodError'{0x000000070ff00e18}: 'java.lang.Object java.lang.invoke.DirectMethodHandle$Holder.invokeStatic(java.lang.Object, int, java.lang.Object, java.lang.Object, java.lang.Object)'> (0x000000070ff00e18) 
thrown [t:/workspace/open/src/hotspot/share/interpreter/linkResolver.cpp, line 767]
Event: 0.435 Thread 0x00000202ad21f800 Exception <a 'java/lang/NoSuchMethodError'{0x000000070ff04680}: 'java.lang.Object java.lang.invoke.DirectMethodHandle$Holder.invokeSpecial(java.lang.Object, java.lang.Object, int, java.lang.Object, java.lang.Object, java.lang.Object)'> (0x000000070ff04680) 
thrown [t:/workspace/open/src/hotspot/share/interpreter/linkResolver.cpp, line 767]
Event: 0.438 Thread 0x00000202ad21f800 Exception <a 'java/lang/NoSuchMethodError'{0x000000070ff1a978}: 'java.lang.Object java.lang.invoke.DirectMethodHandle$Holder.invokeStatic(java.lang.Object, int, java.lang.Object)'> (0x000000070ff1a978) 
thrown [t:/workspace/open/src/hotspot/share/interpreter/linkResolver.cpp, line 767]
Event: 0.452 Thread 0x00000202ad21f800 Exception <a 'java/lang/ClassNotFoundException'{0x000000070ffbdce8}: com/sun/swing/internal/plaf/metal/resources/spi/metalProvider> (0x000000070ffbdce8) 
thrown [t:/workspace/open/src/hotspot/share/classfile/systemDictionary.cpp, line 232]
Event: 0.452 Thread 0x00000202ad21f800 Exception <a 'java/lang/ClassNotFoundException'{0x000000070ffc1db0}: com/sun/swing/internal/plaf/basic/resources/spi/basicProvider> (0x000000070ffc1db0) 
thrown [t:/workspace/open/src/hotspot/share/classfile/systemDictionary.cpp, line 232]
Event: 0.482 Thread 0x00000202ad21f800 Exception <a 'java/lang/NoSuchMethodError'{0x000000070fe01d10}: 'void java.lang.invoke.DirectMethodHandle$Holder.invokeStaticInit(java.lang.Object)'> (0x000000070fe01d10) 
thrown [t:/workspace/open/src/hotspot/share/interpreter/linkResolver.cpp, line 767]
Event: 0.488 Thread 0x00000202ad21f800 Exception <a 'java/lang/NoSuchMethodError'{0x000000070fe28b00}: 'java.lang.Object java.lang.invoke.Invokers$Holder.linkToTargetMethod(java.lang.Object, int, java.lang.Object)'> (0x000000070fe28b00) 
thrown [t:/workspace/open/src/hotspot/share/interpreter/linkResolver.cpp, line 767]
Event: 0.587 Thread 0x00000202d8b9c800 Exception <a 'java/io/FileNotFoundException'{0x000000070fd001c0}> (0x000000070fd001c0) 
thrown [t:/workspace/open/src/hotspot/share/prims/jni.cpp, line 598]
Event: 0.674 Thread 0x00000202d8b9c800 Exception <a 'java/io/FileNotFoundException'{0x00000007111b5198}> (0x00000007111b5198) 
thrown [t:/workspace/open/src/hotspot/share/prims/jni.cpp, line 598]
Event: 0.839 Thread 0x00000202d8b9c800 Exception <a 'java/io/FileNotFoundException'{0x00000007110b7be0}> (0x00000007110b7be0) 
thrown [t:/workspace/open/src/hotspot/share/prims/jni.cpp, line 598]
Event: 0.846 Thread 0x00000202d8b9c800 Exception <a 'java/io/FileNotFoundException'{0x0000000710f58b78}> (0x0000000710f58b78) 
thrown [t:/workspace/open/src/hotspot/share/prims/jni.cpp, line 598]
Event: 0.850 Thread 0x00000202d8b9c800 Exception <a 'java/io/FileNotFoundException'{0x0000000710f71c00}> (0x0000000710f71c00) 
thrown [t:/workspace/open/src/hotspot/share/prims/jni.cpp, line 598]
Event: 3.376 Thread 0x00000202d8b9c800 Exception <a 'java/io/FileNotFoundException'{0x0000000710edfb58}> (0x0000000710edfb58) 
thrown [t:/workspace/open/src/hotspot/share/prims/jni.cpp, line 598]
Event: 3.524 Thread 0x00000202d8b9c800 Exception <a 'java/io/FileNotFoundException'{0x0000000710eea5b0}> (0x0000000710eea5b0) 
thrown [t:/workspace/open/src/hotspot/share/prims/jni.cpp, line 598]
Event: 5.834 Thread 0x00000202ad21f800 Implicit null exception at 0x00000202bd2b6e84 to 0x00000202bd2b6f5a
Event: 5.834 Thread 0x00000202ad21f800 Implicit null exception at 0x00000202bd2b2083 to 0x00000202bd2b213e
Event: 41.845 Thread 0x00000202ad21f800 Implicit null exception at 0x00000202bd32c088 to 0x00000202bd32efc2
Event: 41.849 Thread 0x00000202ad21f800 Exception <a 'java/io/FileNotFoundException'{0x000000070e95b158}> (0x000000070e95b158) 
thrown [t:/workspace/open/src/hotspot/share/prims/jni.cpp, line 598]
Event: 41.849 Thread 0x00000202ad21f800 Exception <a 'java/io/FileNotFoundException'{0x000000070e95c6d8}> (0x000000070e95c6d8) 
thrown [t:/workspace/open/src/hotspot/share/prims/jni.cpp, line 598]

Events (20 events):
Event: 41.841 Executing VM operation: RevokeBias done
Event: 41.842 Executing VM operation: RevokeBias
Event: 41.842 Executing VM operation: RevokeBias done
Event: 41.842 Executing VM operation: RevokeBias
Event: 41.842 Executing VM operation: RevokeBias done
Event: 41.842 Executing VM operation: RevokeBias
Event: 41.842 Executing VM operation: RevokeBias done
Event: 41.842 Thread 0x00000202d175a800 Thread exited: 0x00000202d175a800
Event: 41.846 Executing VM operation: HandshakeAllThreads
Event: 41.846 Executing VM operation: HandshakeAllThreads done
Event: 41.849 Executing VM operation: RevokeBias
Event: 41.849 Executing VM operation: RevokeBias done
Event: 41.849 loading class java/awt/FontFormatException
Event: 41.849 loading class java/awt/FontFormatException done
Event: 41.850 loading class java/nio/channels/ClosedChannelException
Event: 41.850 loading class java/nio/channels/ClosedChannelException done
Event: 41.850 loading class sun/font/NullFontScaler
Event: 41.850 loading class sun/font/NullFontScaler done
Event: 41.850 Executing VM operation: Deoptimize
Event: 41.851 Executing VM operation: Deoptimize done


Dynamic libraries:
0x00007ff6d9bd0000 - 0x00007ff6d9bdf000 	C:\Program Files\Java\jdk-13\bin\java.exe
0x00007ffd29c20000 - 0x00007ffd29e10000 	C:\Windows\SYSTEM32\ntdll.dll
0x00007ffd282e0000 - 0x00007ffd28392000 	C:\Windows\System32\KERNEL32.DLL
0x00007ffd26bc0000 - 0x00007ffd26e65000 	C:\Windows\System32\KERNELBASE.dll
0x00007ffd26e70000 - 0x00007ffd26f6a000 	C:\Windows\System32\ucrtbase.dll
0x00007ffcd8840000 - 0x00007ffcd8858000 	C:\Program Files\Java\jdk-13\bin\jli.dll
0x00007ffcd8820000 - 0x00007ffcd8835000 	C:\Program Files\Java\jdk-13\bin\VCRUNTIME140.dll
0x00007ffd29300000 - 0x00007ffd293a3000 	C:\Windows\System32\ADVAPI32.dll
0x00007ffd27cd0000 - 0x00007ffd27d6e000 	C:\Windows\System32\msvcrt.dll
0x00007ffd27d80000 - 0x00007ffd27e17000 	C:\Windows\System32\sechost.dll
0x00007ffd28650000 - 0x00007ffd28770000 	C:\Windows\System32\RPCRT4.dll
0x00007ffd29880000 - 0x00007ffd29a14000 	C:\Windows\System32\USER32.dll
0x00007ffd1ac80000 - 0x00007ffd1af04000 	C:\Windows\WinSxS\amd64_microsoft.windows.common-controls_6595b64144ccf1df_6.0.18362.1256_none_9e7e379be45e40e2\COMCTL32.dll
0x00007ffd26b90000 - 0x00007ffd26bb1000 	C:\Windows\System32\win32u.dll
0x00007ffd27ef0000 - 0x00007ffd28226000 	C:\Windows\System32\combase.dll
0x00007ffd28be0000 - 0x00007ffd28c06000 	C:\Windows\System32\GDI32.dll
0x00007ffd26f70000 - 0x00007ffd26ff1000 	C:\Windows\System32\bcryptPrimitives.dll
0x00007ffd27a10000 - 0x00007ffd27ba6000 	C:\Windows\System32\gdi32full.dll
0x00007ffd27c30000 - 0x00007ffd27cce000 	C:\Windows\System32\msvcp_win.dll
0x00007ffd1fa60000 - 0x00007ffd1fa6a000 	C:\Windows\SYSTEM32\VERSION.dll
0x00007ffd28620000 - 0x00007ffd2864e000 	C:\Windows\System32\IMM32.DLL
0x00007ffcd8780000 - 0x00007ffcd881b000 	C:\Program Files\Java\jdk-13\bin\msvcp140.dll
0x00007ffccfa10000 - 0x00007ffcd0576000 	C:\Program Files\Java\jdk-13\bin\server\jvm.dll
0x00007ffd29870000 - 0x00007ffd29878000 	C:\Windows\System32\PSAPI.DLL
0x00007ffd249f0000 - 0x00007ffd24a14000 	C:\Windows\SYSTEM32\WINMM.dll
0x00007ffd0d2f0000 - 0x00007ffd0d2f9000 	C:\Windows\SYSTEM32\WSOCK32.dll
0x00007ffd293d0000 - 0x00007ffd2943f000 	C:\Windows\System32\ws2_32.DLL
0x00007ffd249c0000 - 0x00007ffd249ed000 	C:\Windows\SYSTEM32\WINMMBASE.dll
0x00007ffd279c0000 - 0x00007ffd27a0a000 	C:\Windows\System32\cfgmgr32.dll
0x00007ffd26af0000 - 0x00007ffd26b01000 	C:\Windows\System32\kernel.appcore.dll
0x00007ffd12d00000 - 0x00007ffd12d10000 	C:\Program Files\Java\jdk-13\bin\verify.dll
0x00007ffd0d330000 - 0x00007ffd0d524000 	C:\Windows\SYSTEM32\DBGHELP.DLL
0x00007ffd0d300000 - 0x00007ffd0d32a000 	C:\Windows\SYSTEM32\dbgcore.DLL
0x00007ffcd8750000 - 0x00007ffcd8776000 	C:\Program Files\Java\jdk-13\bin\java.dll
0x00007ffcd8730000 - 0x00007ffcd8747000 	C:\Program Files\Java\jdk-13\bin\zip.dll
0x00007ffd125c0000 - 0x00007ffd125ca000 	C:\Program Files\Java\jdk-13\bin\jimage.dll
0x00007ffd28c10000 - 0x00007ffd292f7000 	C:\Windows\System32\SHELL32.dll
0x00007ffd29450000 - 0x00007ffd294f9000 	C:\Windows\System32\shcore.dll
0x00007ffd27030000 - 0x00007ffd277b1000 	C:\Windows\System32\windows.storage.dll
0x00007ffd26b10000 - 0x00007ffd26b33000 	C:\Windows\System32\profapi.dll
0x00007ffd26b40000 - 0x00007ffd26b8a000 	C:\Windows\System32\powrprof.dll
0x00007ffd26ac0000 - 0x00007ffd26ad0000 	C:\Windows\System32\UMPDC.dll
0x00007ffd295e0000 - 0x00007ffd29632000 	C:\Windows\System32\shlwapi.dll
0x00007ffd27bb0000 - 0x00007ffd27bc7000 	C:\Windows\System32\cryptsp.dll
0x00007ffcfb740000 - 0x00007ffcfb8d9000 	C:\Program Files\Java\jdk-13\bin\awt.dll
0x00007ffd297a0000 - 0x00007ffd29865000 	C:\Windows\System32\OLEAUT32.dll
0x00007ffd23390000 - 0x00007ffd23950000 	C:\Windows\SYSTEM32\d2d1.dll
0x00007ffd24c00000 - 0x00007ffd24c8f000 	C:\Windows\SYSTEM32\apphelp.dll
0x00007ffd25e80000 - 0x00007ffd25eb3000 	C:\Windows\system32\rsaenh.dll
0x00007ffd27000000 - 0x00007ffd27026000 	C:\Windows\System32\bcrypt.dll
0x00007ffd269e0000 - 0x00007ffd26a05000 	C:\Windows\SYSTEM32\USERENV.dll
0x00007ffd264e0000 - 0x00007ffd264ec000 	C:\Windows\SYSTEM32\CRYPTBASE.dll
0x00007ffcd8710000 - 0x00007ffcd8729000 	C:\Program Files\Java\jdk-13\bin\net.dll
0x00007ffd21720000 - 0x00007ffd21810000 	C:\Windows\SYSTEM32\WINHTTP.dll
0x00007ffd1d0a0000 - 0x00007ffd1d276000 	C:\Windows\SYSTEM32\urlmon.dll
0x00007ffd1d3a0000 - 0x00007ffd1d647000 	C:\Windows\SYSTEM32\iertutil.dll
0x00007ffd26310000 - 0x00007ffd26377000 	C:\Windows\system32\mswsock.dll
0x00007ffd26020000 - 0x00007ffd2605a000 	C:\Windows\SYSTEM32\IPHLPAPI.DLL
0x00007ffd27d70000 - 0x00007ffd27d78000 	C:\Windows\System32\NSI.dll
0x00007ffd209e0000 - 0x00007ffd209f6000 	C:\Windows\SYSTEM32\dhcpcsvc6.DLL
0x00007ffd20760000 - 0x00007ffd2077c000 	C:\Windows\SYSTEM32\dhcpcsvc.DLL
0x00007ffd26060000 - 0x00007ffd2612b000 	C:\Windows\SYSTEM32\DNSAPI.dll
0x00007ffcd86f0000 - 0x00007ffcd8703000 	C:\Program Files\Java\jdk-13\bin\nio.dll
0x00007ffd1ed20000 - 0x00007ffd1eda2000 	C:\Program Files\Java\jdk-13\bin\freetype.dll
0x00007ffd1ec70000 - 0x00007ffd1ed16000 	C:\Program Files\Java\jdk-13\bin\fontmanager.dll
0x00007ffd25210000 - 0x00007ffd2523d000 	C:\Windows\system32\DWMAPI.DLL
0x00007ffd24d40000 - 0x00007ffd24dd9000 	C:\Windows\system32\uxtheme.dll
0x00007ffd127e0000 - 0x00007ffd12936000 	C:\Windows\system32\opengl32.dll
0x00007ffd206c0000 - 0x00007ffd206ec000 	C:\Windows\SYSTEM32\GLU32.dll
0x00007ffd256e0000 - 0x00007ffd25700000 	C:\Windows\SYSTEM32\dxcore.dll
0x00007ffd29a20000 - 0x00007ffd29b55000 	C:\Windows\System32\MSCTF.dll
0x00007ffd29640000 - 0x00007ffd29797000 	C:\Windows\System32\ole32.dll
0x00007ffd26ad0000 - 0x00007ffd26ae2000 	C:\Windows\System32\msasn1.dll
0x00007ffd1fa30000 - 0x00007ffd1fa5f000 	C:\Windows\SYSTEM32\cryptnet.dll
0x00007ffd27870000 - 0x00007ffd279b9000 	C:\Windows\System32\CRYPT32.dll
0x00007ffd27bd0000 - 0x00007ffd27c2c000 	C:\Windows\System32\WINTRUST.DLL
0x00007ffd293b0000 - 0x00007ffd293cd000 	C:\Windows\System32\imagehlp.dll
0x00007ffd25690000 - 0x00007ffd256b2000 	C:\Windows\SYSTEM32\gpapi.dll
0x00007ffd1f2e0000 - 0x00007ffd1f37e000 	C:\Windows\System32\TextInputFramework.dll
0x00007ffd21f00000 - 0x00007ffd2222a000 	C:\Windows\System32\CoreUIComponents.dll
0x00007ffd24670000 - 0x00007ffd24744000 	C:\Windows\System32\CoreMessaging.dll
0x00007ffd21d80000 - 0x00007ffd21ed3000 	C:\Windows\SYSTEM32\wintypes.dll
0x00007ffd25ae0000 - 0x00007ffd25b11000 	C:\Windows\SYSTEM32\ntmarta.dll
0x00007ffd1fab0000 - 0x00007ffd1fb15000 	C:\Windows\system32\Oleacc.dll
0x00007ffd1e520000 - 0x00007ffd1e54d000 	C:\Program Files\Java\jdk-13\bin\javajpeg.dll

dbghelp: loaded successfully - version: 4.0.5 - missing functions: none
symbol engine: initialized successfully - sym options: 0x614 - pdb path: .;C:\Program Files\Java\jdk-13\bin;C:\Windows\SYSTEM32;C:\Windows\WinSxS\amd64_microsoft.windows.common-controls_6595b64144ccf1df_6.0.18362.1256_none_9e7e379be45e40e2;C:\Program Files\Java\jdk-13\bin\server;C:\WINDOWS\System32\DriverStore\FileRepository\nv_dispi.inf_amd64_8e68f77150e57b50

VM Arguments:
jvm_args: -Dfile.encoding=UTF-8 
java_command: warcraftTD.Main
java_class_path (initial): C:\Users\Cody\Desktop\Documents\_DEV\warcraftTD\bin
Launcher Type: SUN_STANDARD

[Global flags]
     intx CICompilerCount                          = 4                                         {product} {ergonomic}
     uint ConcGCThreads                            = 2                                         {product} {ergonomic}
     uint G1ConcRefinementThreads                  = 8                                         {product} {ergonomic}
   size_t G1HeapRegionSize                         = 1048576                                   {product} {ergonomic}
    uintx GCDrainStackTargetSize                   = 64                                        {product} {ergonomic}
   size_t InitialHeapSize                          = 268435456                                 {product} {ergonomic}
   size_t MarkStackSize                            = 4194304                                   {product} {ergonomic}
   size_t MaxHeapSize                              = 4273995776                                {product} {ergonomic}
   size_t MaxNewSize                               = 2563768320                                {product} {ergonomic}
   size_t MinHeapDeltaBytes                        = 1048576                                   {product} {ergonomic}
   size_t MinHeapSize                              = 8388608                                   {product} {ergonomic}
    uintx NonNMethodCodeHeapSize                   = 5836300                                {pd product} {ergonomic}
    uintx NonProfiledCodeHeapSize                  = 122910970                              {pd product} {ergonomic}
    uintx ProfiledCodeHeapSize                     = 122910970                              {pd product} {ergonomic}
    uintx ReservedCodeCacheSize                    = 251658240                              {pd product} {ergonomic}
     bool SegmentedCodeCache                       = true                                      {product} {ergonomic}
   size_t SoftMaxHeapSize                          = 4273995776                             {manageable} {ergonomic}
     bool UseCompressedClassPointers               = true                                 {lp64_product} {ergonomic}
     bool UseCompressedOops                        = true                                 {lp64_product} {ergonomic}
     bool UseG1GC                                  = true                                      {product} {ergonomic}
     bool UseLargePagesIndividualAllocation        = false                                  {pd product} {ergonomic}

Logging:
Log output configuration:
 #0: stdout all=warning uptime,level,tags
 #1: stderr all=off uptime,level,tags

Environment Variables:
JAVA_HOME=C:\Progra~1\Java\jdk-13
PATH=C:\Python\Python37\Scripts\;C:\Python\Python37\;C:\Program Files (x86)\Common Files\Oracle\Java\javapath;C:\Program Files (x86)\Common Files\Intel\Shared Libraries\redist\intel64\compiler;C:\ProgramData\Oracle\Java\javapath;C:\Program Files (x86)\Intel\iCLS Client\;C:\Program Files\Intel\iCLS Client\;C:\WINDOWS\system32;C:\WINDOWS;C:\WINDOWS\System32\Wbem;C:\WINDOWS\System32\WindowsPowerShell\v1.0\;C:\Program Files (x86)\Intel\Intel(R) Management Engine Components\DAL;C:\Program Files\Intel\Intel(R) Management Engine Components\DAL;C:\Program Files (x86)\Intel\Intel(R) Management Engine Components\IPT;C:\Program Files\Intel\Intel(R) Management Engine Components\IPT;C:\Program Files\dotnet\;C:\WINDOWS\System32\OpenSSH\;C:\Program Files (x86)\NVIDIA Corporation\PhysX\Common;C:\Users\Cody\AppData\Local\Programs\Python\Python37-32;C:\ProgramData\chocolatey\bin;C:\Program Files\nodejs\;C:\WINDOWS\system32;C:\WINDOWS;C:\WINDOWS\System32\Wbem;C:\WINDOWS\System32\WindowsPowerShell\v1.0\;C:\WINDOWS\System32\OpenSSH\;C:\Program Files (x86)\ZeroTier\One\;C:\MinGW\bin\;C:\Program Files\Git\cmd;C:\Program Files\Tesseract-OCR;C:\Users\Cody\AppData\Local\Microsoft\WindowsApps;C:\Users\Cody\AppData\Roaming\npm;C:\Users\Cody\AppData\Local\GitHubDesktop\bin;C:\Users\Cody\AppData\Local\Microsoft\WindowsApps;
USERNAME=Cody
OS=Windows_NT
PROCESSOR_IDENTIFIER=Intel64 Family 6 Model 94 Stepping 3, GenuineIntel



---------------  S Y S T E M  ---------------

OS: Windows 10 , 64 bit Build 18362 (10.0.18362.1110)

CPU:total 8 (initial active 8) (4 cores per cpu, 2 threads per core) family 6 model 94 stepping 3, cmov, cx8, fxsr, mmx, sse, sse2, sse3, ssse3, sse4.1, sse4.2, popcnt, avx, avx2, aes, clmul, erms, rtm, 3dnowpref, lzcnt, ht, tsc, tscinvbit, bmi1, bmi2, adx, fma

Memory: 4k page, system-wide physical 16300M (9175M free)
TotalPageFile size 22493M (AvailPageFile size 3719M)
current process WorkingSet (physical memory assigned to process): 233M, peak: 270M
current process commit charge ("private bytes"): 398M, peak: 459M

vm_info: Java HotSpot(TM) 64-Bit Server VM (13+33) for windows-amd64 JRE (13+33), built on Sep 18 2019 21:38:00 by "mach5one" with unknown MS VC++:1916

END.
