#
# A fatal error has been detected by the Java Runtime Environment:
#
#  EXCEPTION_ACCESS_VIOLATION (0xc0000005) at pc=0x00007ffd19c05d1a, pid=114844, tid=167072
#
# JRE version: Java(TM) SE Runtime Environment (13.0+33) (build 13+33)
# Java VM: Java HotSpot(TM) 64-Bit Server VM (13+33, mixed mode, sharing, tiered, compressed oops, g1 gc, windows-amd64)
# Problematic frame:
# C  [freetype.dll+0x45d1a]
#
# No core dump will be written. Minidumps are not enabled by default on client versions of Windows
#
# If you would like to submit a bug report, please visit:
#   http://bugreport.java.com/bugreport/crash.jsp
# The crash happened outside the Java Virtual Machine in native code.
# See problematic frame for where to report the bug.
#

---------------  S U M M A R Y ------------

Command Line: -Dfile.encoding=UTF-8 warcraftTD.Main

Host: Intel(R) Core(TM) i7-6700K CPU @ 4.00GHz, 8 cores, 15G,  Windows 10 , 64 bit Build 18362 (10.0.18362.1110)
Time: Sun Jan  3 20:49:22 2021 Paris, Madrid elapsed time: 65 seconds (0d 0h 1m 5s)

---------------  T H R E A D  ---------------

Current thread (0x0000018a21121000):  JavaThread "main" [_thread_in_native, id=167072, stack(0x0000001f85800000,0x0000001f85900000)]

Stack: [0x0000001f85800000,0x0000001f85900000],  sp=0x0000001f858fe7f0,  free space=1017k
Native frames: (J=compiled Java code, j=interpreted, Vv=VM code, C=native code)
C  [freetype.dll+0x45d1a]

Java frames: (J=compiled Java code, j=interpreted, Vv=VM code)
J 2351  sun.font.FreetypeFontScaler.getGlyphImageNative(Lsun/font/Font2D;JJI)J java.desktop@13 (0 bytes) @ 0x0000018a31273ea9 [0x0000018a31273e40+0x0000000000000069]
J 2350 c1 sun.font.FreetypeFontScaler.getGlyphImage(JI)J java.desktop@13 (39 bytes) @ 0x0000018a2a0b7794 [0x0000018a2a0b70a0+0x00000000000006f4]
J 2678 c1 sun.font.FileFontStrike.getGlyphImagePtr(I)J java.desktop@13 (98 bytes) @ 0x0000018a2a11ebb4 [0x0000018a2a11dfa0+0x0000000000000c14]
J 2677 c1 sun.font.FileFontStrike.getGlyphMetrics(IZ)Ljava/awt/geom/Point2D$Float; java.desktop@13 (278 bytes) @ 0x0000018a2a120ac4 [0x0000018a2a1207c0+0x0000000000000304]
J 2584 c1 sun.font.FileFontStrike.getGlyphAdvance(IZ)F java.desktop@13 (400 bytes) @ 0x0000018a2a101484 [0x0000018a2a100fe0+0x00000000000004a4]
J 2582 c1 sun.font.FileFontStrike.getCodePointAdvance(I)F java.desktop@13 (13 bytes) @ 0x0000018a29d3341c [0x0000018a29d33260+0x00000000000001bc]
J 2639 c2 warcraftTD.StdDraw.text(DDLjava/lang/String;)V (88 bytes) @ 0x0000018a3133f1c4 [0x0000018a3133ede0+0x00000000000003e4]
J 2152 c1 warcraftTD.World.drawInfos()V (787 bytes) @ 0x0000018a2a049984 [0x0000018a2a048d80+0x0000000000000c04]
J 2088 c1 warcraftTD.World.draw()V (36 bytes) @ 0x0000018a2a025fac [0x0000018a2a025de0+0x00000000000001cc]
j  warcraftTD.World.run()V+54
j  warcraftTD.Main.main([Ljava/lang/String;)V+34
v  ~StubRoutines::call_stub

siginfo: EXCEPTION_ACCESS_VIOLATION (0xc0000005), reading address 0x0000000000000118


Register to memory mapping:

RIP=0x00007ffd19c05d1a freetype.dll
RAX=0x0000001f858fe828 is pointing into the stack for thread: 0x0000018a21121000
RBX=0x0000001f858fe9d0 is pointing into the stack for thread: 0x0000018a21121000
RCX=0x0000018a47d46780 points into unknown readable memory: 00 5e 76 4f 8a 01 00 00
RDX=0x0 is NULL
RSP=0x0000001f858fe7f0 is pointing into the stack for thread: 0x0000018a21121000
RBP=0x0000001f858fe8f0 is pointing into the stack for thread: 0x0000018a21121000
RSI=0x0000018a47d46780 points into unknown readable memory: 00 5e 76 4f 8a 01 00 00
RDI=0x0 is NULL
R8 =0x0000000000000016 is an unknown value
R9 =0x0000001f858fe850 is pointing into the stack for thread: 0x0000018a21121000
R10=0x0 is NULL
R11=0x0000001f858fe720 is pointing into the stack for thread: 0x0000018a21121000
R12=0x0000000000000016 is an unknown value
R13=0x000000000000081c is an unknown value
R14=0x0000018a47d46780 points into unknown readable memory: 00 5e 76 4f 8a 01 00 00
R15=0x0000018a47628130 points into unknown readable memory: e0 d7 63 47 8a 01 00 00


Registers:
RAX=0x0000001f858fe828, RBX=0x0000001f858fe9d0, RCX=0x0000018a47d46780, RDX=0x0000000000000000
RSP=0x0000001f858fe7f0, RBP=0x0000001f858fe8f0, RSI=0x0000018a47d46780, RDI=0x0000000000000000
R8 =0x0000000000000016, R9 =0x0000001f858fe850, R10=0x0000000000000000, R11=0x0000001f858fe720
R12=0x0000000000000016, R13=0x000000000000081c, R14=0x0000018a47d46780, R15=0x0000018a47628130
RIP=0x00007ffd19c05d1a, EFLAGS=0x0000000000010246

Top of Stack: (sp=0x0000001f858fe7f0)
0x0000001f858fe7f0:   0000001f858fe9d0 0000001f858fea00
0x0000001f858fe800:   0000000000000000 00007ffccfcdf762
0x0000001f858fe810:   0000001f858fe828 00000000000000d0
0x0000001f858fe820:   0000010000000000 0000000000000000
0x0000001f858fe830:   0000000000000000 000000b6000009d2
0x0000001f858fe840:   00020c4a00020c4a 0000018a00000000
0x0000001f858fe850:   0000001f858f0000 00007ffd19c0dc73
0x0000001f858fe860:   8000000080000000 80000000c1f95832
0x0000001f858fe870:   8000000080000000 00000000b6000000
0x0000001f858fe880:   0000000000000000 0000000000000000
0x0000001f858fe890:   0000018a477a6200 0000018a477a9c50
0x0000001f858fe8a0:   0000018a47d46c40 0000018a47d46780
0x0000001f858fe8b0:   0000018a46458200 00007ffd19c12993
0x0000001f858fe8c0:   0000000000000000 0000018a46458200
0x0000001f858fe8d0:   0000018a46458200 40437fec80000000
0x0000001f858fe8e0:   0000000000000000 0000018a47d46c40 

Instructions: (pc=0x00007ffd19c05d1a)
0x00007ffd19c05c1a:   48 89 45 c0 48 89 45 c8 48 89 45 d0 48 89 45 d8
0x00007ffd19c05c2a:   48 89 45 e0 c6 44 24 34 01 e8 18 e0 fd ff 48 8d
0x00007ffd19c05c3a:   45 a0 48 89 43 28 eb 12 48 8d 73 30 49 8b ce 4c
0x00007ffd19c05c4a:   8b c6 e8 6f d1 00 00 44 8b e8 44 8b 0e 45 85 c9
0x00007ffd19c05c5a:   7e 63 41 8b 96 04 04 00 00 85 d2 75 15 49 8b 8e
0x00007ffd19c05c6a:   d0 00 00 00 48 39 79 50 75 08 8d 4a 08 e9 01 0a
0x00007ffd19c05c7a:   00 00 46 8d 04 2a 48 8b cb 41 8b d4 41 ff 96 a8
0x00007ffd19c05c8a:   02 00 00 89 44 24 30 8b c8 85 c0 0f 85 e6 09 00
0x00007ffd19c05c9a:   00 48 8b cb 41 ff 96 b8 02 00 00 48 8b cb 89 44
0x00007ffd19c05caa:   24 30 41 ff 96 b0 02 00 00 8b 4c 24 30 85 c9 0f
0x00007ffd19c05cba:   85 c2 09 00 00 39 3e 74 06 66 39 7b 34 75 08 48
0x00007ffd19c05cca:   89 7b 38 48 89 7b 40 48 8b 43 28 48 8b 33 48 8b
0x00007ffd19c05cda:   c8 48 89 45 40 66 89 7c 24 60 66 89 7c 24 44 66
0x00007ffd19c05cea:   89 7c 24 38 66 89 7c 24 40 e8 78 df fd ff 4c 8b
0x00007ffd19c05cfa:   96 d0 02 00 00 4c 8d 4c 24 60 89 44 24 48 45 8b
0x00007ffd19c05d0a:   c4 48 8d 44 24 38 33 d2 48 8b ce 48 89 44 24 20
0x00007ffd19c05d1a:   41 ff 92 18 01 00 00 8b 4b 44 40 38 be 90 01 00
0x00007ffd19c05d2a:   00 74 27 4c 8b 96 d0 02 00 00 48 8d 44 24 40 4c
0x00007ffd19c05d3a:   8d 4c 24 44 48 89 44 24 20 45 8b c4 b2 01 48 8b
0x00007ffd19c05d4a:   ce 41 ff 92 18 01 00 00 eb 7d b8 ff ff 00 00 66
0x00007ffd19c05d5a:   39 86 08 02 00 00 74 37 0f b7 86 4e 02 00 00 66
0x00007ffd19c05d6a:   2b c1 66 89 44 24 44 0f bf 8e 4e 02 00 00 44 0f
0x00007ffd19c05d7a:   bf 86 50 02 00 00 8b d1 41 2b d0 0f b7 c1 66 41
0x00007ffd19c05d8a:   2b c0 66 44 2b c1 85 d2 66 44 0f 49 c0 eb 32 0f
0x00007ffd19c05d9a:   b7 86 3c 01 00 00 66 2b c1 66 89 44 24 44 0f bf
0x00007ffd19c05daa:   96 3e 01 00 00 44 0f bf 86 3c 01 00 00 44 3b c2
0x00007ffd19c05dba:   79 0b 66 41 2b d0 66 89 54 24 40 eb 0a 66 44 2b
0x00007ffd19c05dca:   c2 66 44 89 44 24 40 8b 54 24 48 48 8b 4d 40 e8
0x00007ffd19c05dda:   e2 e4 fd ff 8b c8 85 c0 75 35 0f bf 44 24 60 0f
0x00007ffd19c05dea:   b7 4c 24 38 89 43 48 0f bf 44 24 44 89 83 08 01
0x00007ffd19c05dfa:   00 00 0f b7 44 24 40 89 83 0c 01 00 00 89 4b 4c
0x00007ffd19c05e0a:   40 38 7b 54 75 07 c6 43 54 01 89 4b 50 8b cf 89 


Stack slot to memory mapping:
stack at sp + 0 slots: 0x0000001f858fe9d0 is pointing into the stack for thread: 0x0000018a21121000
stack at sp + 1 slots: 0x0000001f858fea00 is pointing into the stack for thread: 0x0000018a21121000
stack at sp + 2 slots: 0x0 is NULL
stack at sp + 3 slots: 0x00007ffccfcdf762 jvm.dll
stack at sp + 4 slots: 0x0000001f858fe828 is pointing into the stack for thread: 0x0000018a21121000
stack at sp + 5 slots: 0x00000000000000d0 is an unknown value
stack at sp + 6 slots: 0x0000010000000000 is an unknown value
stack at sp + 7 slots: 0x0 is NULL


---------------  P R O C E S S  ---------------

Threads class SMR info:
_java_thread_list=0x0000018a46241e00, length=13, elements={
0x0000018a21121000, 0x0000018a44d5a000, 0x0000018a44d5d800, 0x0000018a455f9800,
0x0000018a455fb800, 0x0000018a455fd000, 0x0000018a455fe000, 0x0000018a4560c000,
0x0000018a4574c800, 0x0000018a45752000, 0x0000018a45955000, 0x0000018a45e32000,
0x0000018a474f3000
}

Java Threads: ( => current thread )
=>0x0000018a21121000 JavaThread "main" [_thread_in_native, id=167072, stack(0x0000001f85800000,0x0000001f85900000)]
  0x0000018a44d5a000 JavaThread "Reference Handler" daemon [_thread_blocked, id=166032, stack(0x0000001f85f00000,0x0000001f86000000)]
  0x0000018a44d5d800 JavaThread "Finalizer" daemon [_thread_blocked, id=152728, stack(0x0000001f86000000,0x0000001f86100000)]
  0x0000018a455f9800 JavaThread "Signal Dispatcher" daemon [_thread_blocked, id=167492, stack(0x0000001f86100000,0x0000001f86200000)]
  0x0000018a455fb800 JavaThread "Attach Listener" daemon [_thread_blocked, id=166324, stack(0x0000001f86200000,0x0000001f86300000)]
  0x0000018a455fd000 JavaThread "C2 CompilerThread0" daemon [_thread_blocked, id=167036, stack(0x0000001f86300000,0x0000001f86400000)]
  0x0000018a455fe000 JavaThread "C1 CompilerThread0" daemon [_thread_blocked, id=155700, stack(0x0000001f86400000,0x0000001f86500000)]
  0x0000018a4560c000 JavaThread "Sweeper thread" daemon [_thread_blocked, id=167656, stack(0x0000001f86500000,0x0000001f86600000)]
  0x0000018a4574c800 JavaThread "Service Thread" daemon [_thread_blocked, id=167104, stack(0x0000001f86600000,0x0000001f86700000)]
  0x0000018a45752000 JavaThread "Common-Cleaner" daemon [_thread_blocked, id=166416, stack(0x0000001f86800000,0x0000001f86900000)]
  0x0000018a45955000 JavaThread "Java2D Disposer" daemon [_thread_blocked, id=166652, stack(0x0000001f86900000,0x0000001f86a00000)]
  0x0000018a45e32000 JavaThread "AWT-Shutdown" [_thread_blocked, id=164060, stack(0x0000001f86b00000,0x0000001f86c00000)]
  0x0000018a474f3000 JavaThread "AWT-EventQueue-0" [_thread_blocked, id=151780, stack(0x0000001f86a00000,0x0000001f86b00000)]

Other Threads:
  0x0000018a44d57000 VMThread "VM Thread" [stack: 0x0000001f85e00000,0x0000001f85f00000] [id=167304]
  0x0000018a45751800 WatcherThread [stack: 0x0000001f86700000,0x0000001f86800000] [id=167776]
  0x0000018a2118b800 GCTaskThread "GC Thread#0" [stack: 0x0000001f85900000,0x0000001f85a00000] [id=167804]
  0x0000018a47753800 GCTaskThread "GC Thread#1" [stack: 0x0000001f87100000,0x0000001f87200000] [id=165008]
  0x0000018a47756000 GCTaskThread "GC Thread#2" [stack: 0x0000001f87200000,0x0000001f87300000] [id=167860]
  0x0000018a47757000 GCTaskThread "GC Thread#3" [stack: 0x0000001f87300000,0x0000001f87400000] [id=166016]
  0x0000018a4775a000 GCTaskThread "GC Thread#4" [stack: 0x0000001f87400000,0x0000001f87500000] [id=164484]
  0x0000018a4775b000 GCTaskThread "GC Thread#5" [stack: 0x0000001f87500000,0x0000001f87600000] [id=166176]
  0x0000018a211ad800 ConcurrentGCThread "G1 Main Marker" [stack: 0x0000001f85a00000,0x0000001f85b00000] [id=157256]
  0x0000018a211ae800 ConcurrentGCThread "G1 Conc#0" [stack: 0x0000001f85b00000,0x0000001f85c00000] [id=164396]
  0x0000018a44c54000 ConcurrentGCThread "G1 Refine#0" [stack: 0x0000001f85c00000,0x0000001f85d00000] [id=167392]
  0x0000018a4591b800 ConcurrentGCThread "G1 Refine#1" [stack: 0x0000001f87600000,0x0000001f87700000] [id=167116]
  0x0000018a477a0800 ConcurrentGCThread "G1 Refine#2" [stack: 0x0000001f87700000,0x0000001f87800000] [id=167672]
  0x0000018a477a1000 ConcurrentGCThread "G1 Refine#3" [stack: 0x0000001f87800000,0x0000001f87900000] [id=167024]
  0x0000018a4755e800 ConcurrentGCThread "G1 Refine#4" [stack: 0x0000001f87900000,0x0000001f87a00000] [id=166960]
  0x0000018a44c56000 ConcurrentGCThread "G1 Young RemSet Sampling" [stack: 0x0000001f85d00000,0x0000001f85e00000] [id=117084]

Threads with active compile tasks:

VM state:not at safepoint (normal execution)

VM Mutex/Monitor currently owned by a thread: None

Heap address: 0x0000000701400000, size: 4076 MB, Compressed Oops mode: Zero based, Oop shift amount: 3
Narrow klass base: 0x0000000800000000, Narrow klass shift: 3
Compressed class space size: 1073741824 Address: 0x0000000800b40000

Heap:
 garbage-first heap   total 262144K, used 147712K [0x0000000701400000, 0x0000000800000000)
  region size 1024K, 112 young (114688K), 3 survivors (3072K)
 Metaspace       used 9255K, capacity 9508K, committed 9728K, reserved 1058816K
  class space    used 901K, capacity 1010K, committed 1024K, reserved 1048576K
Heap Regions: E=young(eden), S=young(survivor), O=old, HS=humongous(starts), HC=humongous(continues), CS=collection set, F=free, A=archive, TAMS=top-at-mark-start (previous, next)
|   0|0x0000000701400000, 0x0000000701400000, 0x0000000701500000|  0%| F|  |TAMS 0x0000000701400000, 0x0000000701400000| Untracked 
|   1|0x0000000701500000, 0x0000000701500000, 0x0000000701600000|  0%| F|  |TAMS 0x0000000701500000, 0x0000000701500000| Untracked 
|   2|0x0000000701600000, 0x0000000701700000, 0x0000000701700000|100%|HS|  |TAMS 0x0000000701600000, 0x0000000701600000| Complete 
|   3|0x0000000701700000, 0x0000000701800000, 0x0000000701800000|100%|HC|  |TAMS 0x0000000701700000, 0x0000000701700000| Complete 
|   4|0x0000000701800000, 0x0000000701900000, 0x0000000701900000|100%|HS|  |TAMS 0x0000000701800000, 0x0000000701800000| Complete 
|   5|0x0000000701900000, 0x0000000701a00000, 0x0000000701a00000|100%|HC|  |TAMS 0x0000000701900000, 0x0000000701900000| Complete 
|   6|0x0000000701a00000, 0x0000000701b00000, 0x0000000701b00000|100%|HC|  |TAMS 0x0000000701a00000, 0x0000000701a00000| Complete 
|   7|0x0000000701b00000, 0x0000000701c00000, 0x0000000701c00000|100%|HC|  |TAMS 0x0000000701b00000, 0x0000000701b00000| Complete 
|   8|0x0000000701c00000, 0x0000000701d00000, 0x0000000701d00000|100%|HS|  |TAMS 0x0000000701c00000, 0x0000000701c00000| Complete 
|   9|0x0000000701d00000, 0x0000000701e00000, 0x0000000701e00000|100%|HC|  |TAMS 0x0000000701d00000, 0x0000000701d00000| Complete 
|  10|0x0000000701e00000, 0x0000000701f00000, 0x0000000701f00000|100%|HC|  |TAMS 0x0000000701e00000, 0x0000000701e00000| Complete 
|  11|0x0000000701f00000, 0x0000000702000000, 0x0000000702000000|100%|HC|  |TAMS 0x0000000701f00000, 0x0000000701f00000| Complete 
|  12|0x0000000702000000, 0x0000000702100000, 0x0000000702100000|100%|HS|  |TAMS 0x0000000702000000, 0x0000000702000000| Complete 
|  13|0x0000000702100000, 0x0000000702200000, 0x0000000702200000|100%|HC|  |TAMS 0x0000000702100000, 0x0000000702100000| Complete 
|  14|0x0000000702200000, 0x0000000702300000, 0x0000000702300000|100%|HC|  |TAMS 0x0000000702200000, 0x0000000702200000| Complete 
|  15|0x0000000702300000, 0x0000000702400000, 0x0000000702400000|100%| O|  |TAMS 0x0000000702300000, 0x0000000702300000| Untracked 
|  16|0x0000000702400000, 0x0000000702500000, 0x0000000702500000|100%| O|  |TAMS 0x0000000702400000, 0x0000000702400000| Untracked 
|  17|0x0000000702500000, 0x0000000702600000, 0x0000000702600000|100%| O|  |TAMS 0x0000000702500000, 0x0000000702500000| Untracked 
|  18|0x0000000702600000, 0x0000000702700000, 0x0000000702700000|100%| O|  |TAMS 0x0000000702600000, 0x0000000702600000| Untracked 
|  19|0x0000000702700000, 0x0000000702800000, 0x0000000702800000|100%| O|  |TAMS 0x0000000702700000, 0x0000000702700000| Untracked 
|  20|0x0000000702800000, 0x0000000702900000, 0x0000000702900000|100%| O|  |TAMS 0x0000000702800000, 0x0000000702800000| Untracked 
|  21|0x0000000702900000, 0x0000000702a00000, 0x0000000702a00000|100%| O|  |TAMS 0x0000000702900000, 0x0000000702900000| Untracked 
|  22|0x0000000702a00000, 0x0000000702b00000, 0x0000000702b00000|100%| O|  |TAMS 0x0000000702a00000, 0x0000000702a00000| Untracked 
|  23|0x0000000702b00000, 0x0000000702c00000, 0x0000000702c00000|100%| O|  |TAMS 0x0000000702b00000, 0x0000000702b00000| Untracked 
|  24|0x0000000702c00000, 0x0000000702d00000, 0x0000000702d00000|100%| O|  |TAMS 0x0000000702c00000, 0x0000000702c00000| Untracked 
|  25|0x0000000702d00000, 0x0000000702e00000, 0x0000000702e00000|100%| O|  |TAMS 0x0000000702d00000, 0x0000000702d00000| Untracked 
|  26|0x0000000702e00000, 0x0000000702f00000, 0x0000000702f00000|100%| O|  |TAMS 0x0000000702e00000, 0x0000000702e00000| Untracked 
|  27|0x0000000702f00000, 0x0000000703000000, 0x0000000703000000|100%| O|  |TAMS 0x0000000702f00000, 0x0000000702f00000| Untracked 
|  28|0x0000000703000000, 0x0000000703100000, 0x0000000703100000|100%| O|  |TAMS 0x0000000703000000, 0x0000000703000000| Untracked 
|  29|0x0000000703100000, 0x0000000703200000, 0x0000000703200000|100%| O|  |TAMS 0x0000000703100000, 0x0000000703100000| Untracked 
|  30|0x0000000703200000, 0x0000000703300000, 0x0000000703300000|100%| O|  |TAMS 0x0000000703200000, 0x0000000703200000| Untracked 
|  31|0x0000000703300000, 0x0000000703400000, 0x0000000703400000|100%|HS|  |TAMS 0x0000000703300000, 0x0000000703300000| Complete 
|  32|0x0000000703400000, 0x0000000703500000, 0x0000000703500000|100%| O|  |TAMS 0x0000000703400000, 0x0000000703400000| Untracked 
|  33|0x0000000703500000, 0x0000000703600000, 0x0000000703600000|100%| O|  |TAMS 0x0000000703500000, 0x0000000703500000| Untracked 
|  34|0x0000000703600000, 0x0000000703700000, 0x0000000703700000|100%| O|  |TAMS 0x0000000703600000, 0x0000000703600000| Untracked 
|  35|0x0000000703700000, 0x000000070377ec00, 0x0000000703800000| 49%| O|  |TAMS 0x0000000703700000, 0x0000000703700000| Untracked 
|  36|0x0000000703800000, 0x0000000703800000, 0x0000000703900000|  0%| F|  |TAMS 0x0000000703800000, 0x0000000703800000| Untracked 
|  37|0x0000000703900000, 0x0000000703900000, 0x0000000703a00000|  0%| F|  |TAMS 0x0000000703900000, 0x0000000703900000| Untracked 
|  38|0x0000000703a00000, 0x0000000703a00000, 0x0000000703b00000|  0%| F|  |TAMS 0x0000000703a00000, 0x0000000703a00000| Untracked 
|  39|0x0000000703b00000, 0x0000000703b00000, 0x0000000703c00000|  0%| F|  |TAMS 0x0000000703b00000, 0x0000000703b00000| Untracked 
|  40|0x0000000703c00000, 0x0000000703c00000, 0x0000000703d00000|  0%| F|  |TAMS 0x0000000703c00000, 0x0000000703c00000| Untracked 
|  41|0x0000000703d00000, 0x0000000703d00000, 0x0000000703e00000|  0%| F|  |TAMS 0x0000000703d00000, 0x0000000703d00000| Untracked 
|  42|0x0000000703e00000, 0x0000000703e00000, 0x0000000703f00000|  0%| F|  |TAMS 0x0000000703e00000, 0x0000000703e00000| Untracked 
|  43|0x0000000703f00000, 0x0000000703f00000, 0x0000000704000000|  0%| F|  |TAMS 0x0000000703f00000, 0x0000000703f00000| Untracked 
|  44|0x0000000704000000, 0x0000000704000000, 0x0000000704100000|  0%| F|  |TAMS 0x0000000704000000, 0x0000000704000000| Untracked 
|  45|0x0000000704100000, 0x0000000704100000, 0x0000000704200000|  0%| F|  |TAMS 0x0000000704100000, 0x0000000704100000| Untracked 
|  46|0x0000000704200000, 0x0000000704200000, 0x0000000704300000|  0%| F|  |TAMS 0x0000000704200000, 0x0000000704200000| Untracked 
|  47|0x0000000704300000, 0x0000000704300000, 0x0000000704400000|  0%| F|  |TAMS 0x0000000704300000, 0x0000000704300000| Untracked 
|  48|0x0000000704400000, 0x0000000704400000, 0x0000000704500000|  0%| F|  |TAMS 0x0000000704400000, 0x0000000704400000| Untracked 
|  49|0x0000000704500000, 0x0000000704500000, 0x0000000704600000|  0%| F|  |TAMS 0x0000000704500000, 0x0000000704500000| Untracked 
|  50|0x0000000704600000, 0x0000000704600000, 0x0000000704700000|  0%| F|  |TAMS 0x0000000704600000, 0x0000000704600000| Untracked 
|  51|0x0000000704700000, 0x0000000704700000, 0x0000000704800000|  0%| F|  |TAMS 0x0000000704700000, 0x0000000704700000| Untracked 
|  52|0x0000000704800000, 0x0000000704800000, 0x0000000704900000|  0%| F|  |TAMS 0x0000000704800000, 0x0000000704800000| Untracked 
|  53|0x0000000704900000, 0x0000000704900000, 0x0000000704a00000|  0%| F|  |TAMS 0x0000000704900000, 0x0000000704900000| Untracked 
|  54|0x0000000704a00000, 0x0000000704a00000, 0x0000000704b00000|  0%| F|  |TAMS 0x0000000704a00000, 0x0000000704a00000| Untracked 
|  55|0x0000000704b00000, 0x0000000704b00000, 0x0000000704c00000|  0%| F|  |TAMS 0x0000000704b00000, 0x0000000704b00000| Untracked 
|  56|0x0000000704c00000, 0x0000000704c00000, 0x0000000704d00000|  0%| F|  |TAMS 0x0000000704c00000, 0x0000000704c00000| Untracked 
|  57|0x0000000704d00000, 0x0000000704d00000, 0x0000000704e00000|  0%| F|  |TAMS 0x0000000704d00000, 0x0000000704d00000| Untracked 
|  58|0x0000000704e00000, 0x0000000704e00000, 0x0000000704f00000|  0%| F|  |TAMS 0x0000000704e00000, 0x0000000704e00000| Untracked 
|  59|0x0000000704f00000, 0x0000000704f00000, 0x0000000705000000|  0%| F|  |TAMS 0x0000000704f00000, 0x0000000704f00000| Untracked 
|  60|0x0000000705000000, 0x0000000705000000, 0x0000000705100000|  0%| F|  |TAMS 0x0000000705000000, 0x0000000705000000| Untracked 
|  61|0x0000000705100000, 0x0000000705100000, 0x0000000705200000|  0%| F|  |TAMS 0x0000000705100000, 0x0000000705100000| Untracked 
|  62|0x0000000705200000, 0x0000000705200000, 0x0000000705300000|  0%| F|  |TAMS 0x0000000705200000, 0x0000000705200000| Untracked 
|  63|0x0000000705300000, 0x0000000705300000, 0x0000000705400000|  0%| F|  |TAMS 0x0000000705300000, 0x0000000705300000| Untracked 
|  64|0x0000000705400000, 0x0000000705400000, 0x0000000705500000|  0%| F|  |TAMS 0x0000000705400000, 0x0000000705400000| Untracked 
|  65|0x0000000705500000, 0x0000000705500000, 0x0000000705600000|  0%| F|  |TAMS 0x0000000705500000, 0x0000000705500000| Untracked 
|  66|0x0000000705600000, 0x0000000705600000, 0x0000000705700000|  0%| F|  |TAMS 0x0000000705600000, 0x0000000705600000| Untracked 
|  67|0x0000000705700000, 0x0000000705700000, 0x0000000705800000|  0%| F|  |TAMS 0x0000000705700000, 0x0000000705700000| Untracked 
|  68|0x0000000705800000, 0x0000000705800000, 0x0000000705900000|  0%| F|  |TAMS 0x0000000705800000, 0x0000000705800000| Untracked 
|  69|0x0000000705900000, 0x0000000705900000, 0x0000000705a00000|  0%| F|  |TAMS 0x0000000705900000, 0x0000000705900000| Untracked 
|  70|0x0000000705a00000, 0x0000000705a00000, 0x0000000705b00000|  0%| F|  |TAMS 0x0000000705a00000, 0x0000000705a00000| Untracked 
|  71|0x0000000705b00000, 0x0000000705b00000, 0x0000000705c00000|  0%| F|  |TAMS 0x0000000705b00000, 0x0000000705b00000| Untracked 
|  72|0x0000000705c00000, 0x0000000705c00000, 0x0000000705d00000|  0%| F|  |TAMS 0x0000000705c00000, 0x0000000705c00000| Untracked 
|  73|0x0000000705d00000, 0x0000000705d00000, 0x0000000705e00000|  0%| F|  |TAMS 0x0000000705d00000, 0x0000000705d00000| Untracked 
|  74|0x0000000705e00000, 0x0000000705e00000, 0x0000000705f00000|  0%| F|  |TAMS 0x0000000705e00000, 0x0000000705e00000| Untracked 
|  75|0x0000000705f00000, 0x0000000705f00000, 0x0000000706000000|  0%| F|  |TAMS 0x0000000705f00000, 0x0000000705f00000| Untracked 
|  76|0x0000000706000000, 0x0000000706000000, 0x0000000706100000|  0%| F|  |TAMS 0x0000000706000000, 0x0000000706000000| Untracked 
|  77|0x0000000706100000, 0x0000000706100000, 0x0000000706200000|  0%| F|  |TAMS 0x0000000706100000, 0x0000000706100000| Untracked 
|  78|0x0000000706200000, 0x0000000706200000, 0x0000000706300000|  0%| F|  |TAMS 0x0000000706200000, 0x0000000706200000| Untracked 
|  79|0x0000000706300000, 0x0000000706300000, 0x0000000706400000|  0%| F|  |TAMS 0x0000000706300000, 0x0000000706300000| Untracked 
|  80|0x0000000706400000, 0x0000000706400000, 0x0000000706500000|  0%| F|  |TAMS 0x0000000706400000, 0x0000000706400000| Untracked 
|  81|0x0000000706500000, 0x0000000706500000, 0x0000000706600000|  0%| F|  |TAMS 0x0000000706500000, 0x0000000706500000| Untracked 
|  82|0x0000000706600000, 0x0000000706600000, 0x0000000706700000|  0%| F|  |TAMS 0x0000000706600000, 0x0000000706600000| Untracked 
|  83|0x0000000706700000, 0x0000000706700000, 0x0000000706800000|  0%| F|  |TAMS 0x0000000706700000, 0x0000000706700000| Untracked 
|  84|0x0000000706800000, 0x0000000706800000, 0x0000000706900000|  0%| F|  |TAMS 0x0000000706800000, 0x0000000706800000| Untracked 
|  85|0x0000000706900000, 0x0000000706900000, 0x0000000706a00000|  0%| F|  |TAMS 0x0000000706900000, 0x0000000706900000| Untracked 
|  86|0x0000000706a00000, 0x0000000706a00000, 0x0000000706b00000|  0%| F|  |TAMS 0x0000000706a00000, 0x0000000706a00000| Untracked 
|  87|0x0000000706b00000, 0x0000000706b00000, 0x0000000706c00000|  0%| F|  |TAMS 0x0000000706b00000, 0x0000000706b00000| Untracked 
|  88|0x0000000706c00000, 0x0000000706c00000, 0x0000000706d00000|  0%| F|  |TAMS 0x0000000706c00000, 0x0000000706c00000| Untracked 
|  89|0x0000000706d00000, 0x0000000706d00000, 0x0000000706e00000|  0%| F|  |TAMS 0x0000000706d00000, 0x0000000706d00000| Untracked 
|  90|0x0000000706e00000, 0x0000000706e00000, 0x0000000706f00000|  0%| F|  |TAMS 0x0000000706e00000, 0x0000000706e00000| Untracked 
|  91|0x0000000706f00000, 0x0000000706f00000, 0x0000000707000000|  0%| F|  |TAMS 0x0000000706f00000, 0x0000000706f00000| Untracked 
|  92|0x0000000707000000, 0x0000000707000000, 0x0000000707100000|  0%| F|  |TAMS 0x0000000707000000, 0x0000000707000000| Untracked 
|  93|0x0000000707100000, 0x0000000707100000, 0x0000000707200000|  0%| F|  |TAMS 0x0000000707100000, 0x0000000707100000| Untracked 
|  94|0x0000000707200000, 0x0000000707200000, 0x0000000707300000|  0%| F|  |TAMS 0x0000000707200000, 0x0000000707200000| Untracked 
|  95|0x0000000707300000, 0x0000000707300000, 0x0000000707400000|  0%| F|  |TAMS 0x0000000707300000, 0x0000000707300000| Untracked 
|  96|0x0000000707400000, 0x0000000707400000, 0x0000000707500000|  0%| F|  |TAMS 0x0000000707400000, 0x0000000707400000| Untracked 
|  97|0x0000000707500000, 0x0000000707500000, 0x0000000707600000|  0%| F|  |TAMS 0x0000000707500000, 0x0000000707500000| Untracked 
|  98|0x0000000707600000, 0x0000000707600000, 0x0000000707700000|  0%| F|  |TAMS 0x0000000707600000, 0x0000000707600000| Untracked 
|  99|0x0000000707700000, 0x00000007077c1530, 0x0000000707800000| 75%| S|CS|TAMS 0x0000000707700000, 0x0000000707700000| Complete 
| 100|0x0000000707800000, 0x0000000707900000, 0x0000000707900000|100%| S|CS|TAMS 0x0000000707800000, 0x0000000707800000| Complete 
| 101|0x0000000707900000, 0x0000000707a00000, 0x0000000707a00000|100%| S|CS|TAMS 0x0000000707900000, 0x0000000707900000| Complete 
| 102|0x0000000707a00000, 0x0000000707a00000, 0x0000000707b00000|  0%| F|  |TAMS 0x0000000707a00000, 0x0000000707a00000| Untracked 
| 103|0x0000000707b00000, 0x0000000707b00000, 0x0000000707c00000|  0%| F|  |TAMS 0x0000000707b00000, 0x0000000707b00000| Untracked 
| 104|0x0000000707c00000, 0x0000000707c00000, 0x0000000707d00000|  0%| F|  |TAMS 0x0000000707c00000, 0x0000000707c00000| Untracked 
| 105|0x0000000707d00000, 0x0000000707d00000, 0x0000000707e00000|  0%| F|  |TAMS 0x0000000707d00000, 0x0000000707d00000| Untracked 
| 106|0x0000000707e00000, 0x0000000707e00000, 0x0000000707f00000|  0%| F|  |TAMS 0x0000000707e00000, 0x0000000707e00000| Untracked 
| 107|0x0000000707f00000, 0x0000000707f00000, 0x0000000708000000|  0%| F|  |TAMS 0x0000000707f00000, 0x0000000707f00000| Untracked 
| 108|0x0000000708000000, 0x0000000708000000, 0x0000000708100000|  0%| F|  |TAMS 0x0000000708000000, 0x0000000708000000| Untracked 
| 109|0x0000000708100000, 0x0000000708100000, 0x0000000708200000|  0%| F|  |TAMS 0x0000000708100000, 0x0000000708100000| Untracked 
| 110|0x0000000708200000, 0x0000000708200000, 0x0000000708300000|  0%| F|  |TAMS 0x0000000708200000, 0x0000000708200000| Untracked 
| 111|0x0000000708300000, 0x0000000708300000, 0x0000000708400000|  0%| F|  |TAMS 0x0000000708300000, 0x0000000708300000| Untracked 
| 112|0x0000000708400000, 0x0000000708400000, 0x0000000708500000|  0%| F|  |TAMS 0x0000000708400000, 0x0000000708400000| Untracked 
| 113|0x0000000708500000, 0x0000000708500000, 0x0000000708600000|  0%| F|  |TAMS 0x0000000708500000, 0x0000000708500000| Untracked 
| 114|0x0000000708600000, 0x0000000708600000, 0x0000000708700000|  0%| F|  |TAMS 0x0000000708600000, 0x0000000708600000| Untracked 
| 115|0x0000000708700000, 0x0000000708700000, 0x0000000708800000|  0%| F|  |TAMS 0x0000000708700000, 0x0000000708700000| Untracked 
| 116|0x0000000708800000, 0x0000000708800000, 0x0000000708900000|  0%| F|  |TAMS 0x0000000708800000, 0x0000000708800000| Untracked 
| 117|0x0000000708900000, 0x0000000708900000, 0x0000000708a00000|  0%| F|  |TAMS 0x0000000708900000, 0x0000000708900000| Untracked 
| 118|0x0000000708a00000, 0x0000000708a00000, 0x0000000708b00000|  0%| F|  |TAMS 0x0000000708a00000, 0x0000000708a00000| Untracked 
| 119|0x0000000708b00000, 0x0000000708b00000, 0x0000000708c00000|  0%| F|  |TAMS 0x0000000708b00000, 0x0000000708b00000| Untracked 
| 120|0x0000000708c00000, 0x0000000708c00000, 0x0000000708d00000|  0%| F|  |TAMS 0x0000000708c00000, 0x0000000708c00000| Untracked 
| 121|0x0000000708d00000, 0x0000000708d00000, 0x0000000708e00000|  0%| F|  |TAMS 0x0000000708d00000, 0x0000000708d00000| Untracked 
| 122|0x0000000708e00000, 0x0000000708e00000, 0x0000000708f00000|  0%| F|  |TAMS 0x0000000708e00000, 0x0000000708e00000| Untracked 
| 123|0x0000000708f00000, 0x0000000708f00000, 0x0000000709000000|  0%| F|  |TAMS 0x0000000708f00000, 0x0000000708f00000| Untracked 
| 124|0x0000000709000000, 0x0000000709000000, 0x0000000709100000|  0%| F|  |TAMS 0x0000000709000000, 0x0000000709000000| Untracked 
| 125|0x0000000709100000, 0x0000000709100000, 0x0000000709200000|  0%| F|  |TAMS 0x0000000709100000, 0x0000000709100000| Untracked 
| 126|0x0000000709200000, 0x0000000709200000, 0x0000000709300000|  0%| F|  |TAMS 0x0000000709200000, 0x0000000709200000| Untracked 
| 127|0x0000000709300000, 0x0000000709300000, 0x0000000709400000|  0%| F|  |TAMS 0x0000000709300000, 0x0000000709300000| Untracked 
| 128|0x0000000709400000, 0x0000000709400000, 0x0000000709500000|  0%| F|  |TAMS 0x0000000709400000, 0x0000000709400000| Untracked 
| 129|0x0000000709500000, 0x0000000709500000, 0x0000000709600000|  0%| F|  |TAMS 0x0000000709500000, 0x0000000709500000| Untracked 
| 130|0x0000000709600000, 0x0000000709600000, 0x0000000709700000|  0%| F|  |TAMS 0x0000000709600000, 0x0000000709600000| Untracked 
| 131|0x0000000709700000, 0x0000000709700000, 0x0000000709800000|  0%| F|  |TAMS 0x0000000709700000, 0x0000000709700000| Untracked 
| 132|0x0000000709800000, 0x0000000709800000, 0x0000000709900000|  0%| F|  |TAMS 0x0000000709800000, 0x0000000709800000| Untracked 
| 133|0x0000000709900000, 0x0000000709900000, 0x0000000709a00000|  0%| F|  |TAMS 0x0000000709900000, 0x0000000709900000| Untracked 
| 134|0x0000000709a00000, 0x0000000709a00000, 0x0000000709b00000|  0%| F|  |TAMS 0x0000000709a00000, 0x0000000709a00000| Untracked 
| 135|0x0000000709b00000, 0x0000000709b00000, 0x0000000709c00000|  0%| F|  |TAMS 0x0000000709b00000, 0x0000000709b00000| Untracked 
| 136|0x0000000709c00000, 0x0000000709c00000, 0x0000000709d00000|  0%| F|  |TAMS 0x0000000709c00000, 0x0000000709c00000| Untracked 
| 137|0x0000000709d00000, 0x0000000709d00000, 0x0000000709e00000|  0%| F|  |TAMS 0x0000000709d00000, 0x0000000709d00000| Untracked 
| 138|0x0000000709e00000, 0x0000000709e00000, 0x0000000709f00000|  0%| F|  |TAMS 0x0000000709e00000, 0x0000000709e00000| Untracked 
| 139|0x0000000709f00000, 0x0000000709f00000, 0x000000070a000000|  0%| F|  |TAMS 0x0000000709f00000, 0x0000000709f00000| Untracked 
| 140|0x000000070a000000, 0x000000070a000000, 0x000000070a100000|  0%| F|  |TAMS 0x000000070a000000, 0x000000070a000000| Untracked 
| 141|0x000000070a100000, 0x000000070a100000, 0x000000070a200000|  0%| F|  |TAMS 0x000000070a100000, 0x000000070a100000| Untracked 
| 142|0x000000070a200000, 0x000000070a200000, 0x000000070a300000|  0%| F|  |TAMS 0x000000070a200000, 0x000000070a200000| Untracked 
| 143|0x000000070a300000, 0x000000070a300000, 0x000000070a400000|  0%| F|  |TAMS 0x000000070a300000, 0x000000070a300000| Untracked 
| 144|0x000000070a400000, 0x000000070a400000, 0x000000070a500000|  0%| F|  |TAMS 0x000000070a400000, 0x000000070a400000| Untracked 
| 145|0x000000070a500000, 0x000000070a500000, 0x000000070a600000|  0%| F|  |TAMS 0x000000070a500000, 0x000000070a500000| Untracked 
| 146|0x000000070a600000, 0x000000070a600000, 0x000000070a700000|  0%| F|  |TAMS 0x000000070a600000, 0x000000070a600000| Untracked 
| 147|0x000000070a700000, 0x000000070a800000, 0x000000070a800000|100%| E|  |TAMS 0x000000070a700000, 0x000000070a700000| Complete 
| 148|0x000000070a800000, 0x000000070a900000, 0x000000070a900000|100%| E|CS|TAMS 0x000000070a800000, 0x000000070a800000| Complete 
| 149|0x000000070a900000, 0x000000070aa00000, 0x000000070aa00000|100%| E|CS|TAMS 0x000000070a900000, 0x000000070a900000| Complete 
| 150|0x000000070aa00000, 0x000000070ab00000, 0x000000070ab00000|100%| E|CS|TAMS 0x000000070aa00000, 0x000000070aa00000| Complete 
| 151|0x000000070ab00000, 0x000000070ac00000, 0x000000070ac00000|100%| E|CS|TAMS 0x000000070ab00000, 0x000000070ab00000| Complete 
| 152|0x000000070ac00000, 0x000000070ad00000, 0x000000070ad00000|100%| E|CS|TAMS 0x000000070ac00000, 0x000000070ac00000| Complete 
| 153|0x000000070ad00000, 0x000000070ae00000, 0x000000070ae00000|100%| E|CS|TAMS 0x000000070ad00000, 0x000000070ad00000| Complete 
| 154|0x000000070ae00000, 0x000000070af00000, 0x000000070af00000|100%| E|CS|TAMS 0x000000070ae00000, 0x000000070ae00000| Complete 
| 155|0x000000070af00000, 0x000000070b000000, 0x000000070b000000|100%| E|CS|TAMS 0x000000070af00000, 0x000000070af00000| Complete 
| 156|0x000000070b000000, 0x000000070b100000, 0x000000070b100000|100%| E|CS|TAMS 0x000000070b000000, 0x000000070b000000| Complete 
| 157|0x000000070b100000, 0x000000070b200000, 0x000000070b200000|100%| E|CS|TAMS 0x000000070b100000, 0x000000070b100000| Complete 
| 158|0x000000070b200000, 0x000000070b300000, 0x000000070b300000|100%| E|CS|TAMS 0x000000070b200000, 0x000000070b200000| Complete 
| 159|0x000000070b300000, 0x000000070b400000, 0x000000070b400000|100%| E|CS|TAMS 0x000000070b300000, 0x000000070b300000| Complete 
| 160|0x000000070b400000, 0x000000070b500000, 0x000000070b500000|100%| E|CS|TAMS 0x000000070b400000, 0x000000070b400000| Complete 
| 161|0x000000070b500000, 0x000000070b600000, 0x000000070b600000|100%| E|CS|TAMS 0x000000070b500000, 0x000000070b500000| Complete 
| 162|0x000000070b600000, 0x000000070b700000, 0x000000070b700000|100%| E|CS|TAMS 0x000000070b600000, 0x000000070b600000| Complete 
| 163|0x000000070b700000, 0x000000070b800000, 0x000000070b800000|100%| E|CS|TAMS 0x000000070b700000, 0x000000070b700000| Complete 
| 164|0x000000070b800000, 0x000000070b900000, 0x000000070b900000|100%| E|CS|TAMS 0x000000070b800000, 0x000000070b800000| Complete 
| 165|0x000000070b900000, 0x000000070ba00000, 0x000000070ba00000|100%| E|CS|TAMS 0x000000070b900000, 0x000000070b900000| Complete 
| 166|0x000000070ba00000, 0x000000070bb00000, 0x000000070bb00000|100%| E|CS|TAMS 0x000000070ba00000, 0x000000070ba00000| Complete 
| 167|0x000000070bb00000, 0x000000070bc00000, 0x000000070bc00000|100%| E|CS|TAMS 0x000000070bb00000, 0x000000070bb00000| Complete 
| 168|0x000000070bc00000, 0x000000070bd00000, 0x000000070bd00000|100%| E|CS|TAMS 0x000000070bc00000, 0x000000070bc00000| Complete 
| 169|0x000000070bd00000, 0x000000070be00000, 0x000000070be00000|100%| E|CS|TAMS 0x000000070bd00000, 0x000000070bd00000| Complete 
| 170|0x000000070be00000, 0x000000070bf00000, 0x000000070bf00000|100%| E|CS|TAMS 0x000000070be00000, 0x000000070be00000| Complete 
| 171|0x000000070bf00000, 0x000000070c000000, 0x000000070c000000|100%| E|CS|TAMS 0x000000070bf00000, 0x000000070bf00000| Complete 
| 172|0x000000070c000000, 0x000000070c100000, 0x000000070c100000|100%| E|CS|TAMS 0x000000070c000000, 0x000000070c000000| Complete 
| 173|0x000000070c100000, 0x000000070c200000, 0x000000070c200000|100%| E|CS|TAMS 0x000000070c100000, 0x000000070c100000| Complete 
| 174|0x000000070c200000, 0x000000070c300000, 0x000000070c300000|100%| E|CS|TAMS 0x000000070c200000, 0x000000070c200000| Complete 
| 175|0x000000070c300000, 0x000000070c400000, 0x000000070c400000|100%| E|CS|TAMS 0x000000070c300000, 0x000000070c300000| Complete 
| 176|0x000000070c400000, 0x000000070c500000, 0x000000070c500000|100%| E|CS|TAMS 0x000000070c400000, 0x000000070c400000| Complete 
| 177|0x000000070c500000, 0x000000070c600000, 0x000000070c600000|100%| E|CS|TAMS 0x000000070c500000, 0x000000070c500000| Complete 
| 178|0x000000070c600000, 0x000000070c700000, 0x000000070c700000|100%| E|CS|TAMS 0x000000070c600000, 0x000000070c600000| Complete 
| 179|0x000000070c700000, 0x000000070c800000, 0x000000070c800000|100%| E|CS|TAMS 0x000000070c700000, 0x000000070c700000| Complete 
| 180|0x000000070c800000, 0x000000070c900000, 0x000000070c900000|100%| E|CS|TAMS 0x000000070c800000, 0x000000070c800000| Complete 
| 181|0x000000070c900000, 0x000000070ca00000, 0x000000070ca00000|100%| E|CS|TAMS 0x000000070c900000, 0x000000070c900000| Complete 
| 182|0x000000070ca00000, 0x000000070cb00000, 0x000000070cb00000|100%| E|CS|TAMS 0x000000070ca00000, 0x000000070ca00000| Complete 
| 183|0x000000070cb00000, 0x000000070cc00000, 0x000000070cc00000|100%| E|CS|TAMS 0x000000070cb00000, 0x000000070cb00000| Complete 
| 184|0x000000070cc00000, 0x000000070cd00000, 0x000000070cd00000|100%| E|CS|TAMS 0x000000070cc00000, 0x000000070cc00000| Complete 
| 185|0x000000070cd00000, 0x000000070ce00000, 0x000000070ce00000|100%| E|CS|TAMS 0x000000070cd00000, 0x000000070cd00000| Complete 
| 186|0x000000070ce00000, 0x000000070cf00000, 0x000000070cf00000|100%| E|CS|TAMS 0x000000070ce00000, 0x000000070ce00000| Complete 
| 187|0x000000070cf00000, 0x000000070d000000, 0x000000070d000000|100%| E|CS|TAMS 0x000000070cf00000, 0x000000070cf00000| Complete 
| 188|0x000000070d000000, 0x000000070d100000, 0x000000070d100000|100%| E|CS|TAMS 0x000000070d000000, 0x000000070d000000| Complete 
| 189|0x000000070d100000, 0x000000070d200000, 0x000000070d200000|100%| E|CS|TAMS 0x000000070d100000, 0x000000070d100000| Complete 
| 190|0x000000070d200000, 0x000000070d300000, 0x000000070d300000|100%| E|CS|TAMS 0x000000070d200000, 0x000000070d200000| Complete 
| 191|0x000000070d300000, 0x000000070d400000, 0x000000070d400000|100%| E|CS|TAMS 0x000000070d300000, 0x000000070d300000| Complete 
| 192|0x000000070d400000, 0x000000070d500000, 0x000000070d500000|100%| E|CS|TAMS 0x000000070d400000, 0x000000070d400000| Complete 
| 193|0x000000070d500000, 0x000000070d600000, 0x000000070d600000|100%| E|CS|TAMS 0x000000070d500000, 0x000000070d500000| Complete 
| 194|0x000000070d600000, 0x000000070d700000, 0x000000070d700000|100%| E|CS|TAMS 0x000000070d600000, 0x000000070d600000| Complete 
| 195|0x000000070d700000, 0x000000070d800000, 0x000000070d800000|100%| E|CS|TAMS 0x000000070d700000, 0x000000070d700000| Complete 
| 196|0x000000070d800000, 0x000000070d900000, 0x000000070d900000|100%| E|CS|TAMS 0x000000070d800000, 0x000000070d800000| Complete 
| 197|0x000000070d900000, 0x000000070da00000, 0x000000070da00000|100%| E|CS|TAMS 0x000000070d900000, 0x000000070d900000| Complete 
| 198|0x000000070da00000, 0x000000070db00000, 0x000000070db00000|100%| E|CS|TAMS 0x000000070da00000, 0x000000070da00000| Complete 
| 199|0x000000070db00000, 0x000000070dc00000, 0x000000070dc00000|100%| E|CS|TAMS 0x000000070db00000, 0x000000070db00000| Complete 
| 200|0x000000070dc00000, 0x000000070dd00000, 0x000000070dd00000|100%| E|CS|TAMS 0x000000070dc00000, 0x000000070dc00000| Complete 
| 201|0x000000070dd00000, 0x000000070de00000, 0x000000070de00000|100%| E|CS|TAMS 0x000000070dd00000, 0x000000070dd00000| Complete 
| 202|0x000000070de00000, 0x000000070df00000, 0x000000070df00000|100%| E|CS|TAMS 0x000000070de00000, 0x000000070de00000| Complete 
| 203|0x000000070df00000, 0x000000070e000000, 0x000000070e000000|100%| E|CS|TAMS 0x000000070df00000, 0x000000070df00000| Complete 
| 204|0x000000070e000000, 0x000000070e100000, 0x000000070e100000|100%| E|CS|TAMS 0x000000070e000000, 0x000000070e000000| Complete 
| 205|0x000000070e100000, 0x000000070e200000, 0x000000070e200000|100%| E|CS|TAMS 0x000000070e100000, 0x000000070e100000| Complete 
| 206|0x000000070e200000, 0x000000070e300000, 0x000000070e300000|100%| E|CS|TAMS 0x000000070e200000, 0x000000070e200000| Complete 
| 207|0x000000070e300000, 0x000000070e400000, 0x000000070e400000|100%| E|CS|TAMS 0x000000070e300000, 0x000000070e300000| Complete 
| 208|0x000000070e400000, 0x000000070e500000, 0x000000070e500000|100%| E|CS|TAMS 0x000000070e400000, 0x000000070e400000| Complete 
| 209|0x000000070e500000, 0x000000070e600000, 0x000000070e600000|100%| E|CS|TAMS 0x000000070e500000, 0x000000070e500000| Complete 
| 210|0x000000070e600000, 0x000000070e700000, 0x000000070e700000|100%| E|CS|TAMS 0x000000070e600000, 0x000000070e600000| Complete 
| 211|0x000000070e700000, 0x000000070e800000, 0x000000070e800000|100%| E|CS|TAMS 0x000000070e700000, 0x000000070e700000| Complete 
| 212|0x000000070e800000, 0x000000070e900000, 0x000000070e900000|100%| E|CS|TAMS 0x000000070e800000, 0x000000070e800000| Complete 
| 213|0x000000070e900000, 0x000000070ea00000, 0x000000070ea00000|100%| E|CS|TAMS 0x000000070e900000, 0x000000070e900000| Complete 
| 214|0x000000070ea00000, 0x000000070eb00000, 0x000000070eb00000|100%| E|CS|TAMS 0x000000070ea00000, 0x000000070ea00000| Complete 
| 215|0x000000070eb00000, 0x000000070ec00000, 0x000000070ec00000|100%| E|CS|TAMS 0x000000070eb00000, 0x000000070eb00000| Complete 
| 216|0x000000070ec00000, 0x000000070ed00000, 0x000000070ed00000|100%| E|CS|TAMS 0x000000070ec00000, 0x000000070ec00000| Complete 
| 217|0x000000070ed00000, 0x000000070ee00000, 0x000000070ee00000|100%| E|CS|TAMS 0x000000070ed00000, 0x000000070ed00000| Complete 
| 218|0x000000070ee00000, 0x000000070ef00000, 0x000000070ef00000|100%| E|CS|TAMS 0x000000070ee00000, 0x000000070ee00000| Complete 
| 219|0x000000070ef00000, 0x000000070f000000, 0x000000070f000000|100%| E|CS|TAMS 0x000000070ef00000, 0x000000070ef00000| Complete 
| 220|0x000000070f000000, 0x000000070f100000, 0x000000070f100000|100%| E|CS|TAMS 0x000000070f000000, 0x000000070f000000| Complete 
| 221|0x000000070f100000, 0x000000070f200000, 0x000000070f200000|100%| E|CS|TAMS 0x000000070f100000, 0x000000070f100000| Complete 
| 222|0x000000070f200000, 0x000000070f300000, 0x000000070f300000|100%| E|CS|TAMS 0x000000070f200000, 0x000000070f200000| Complete 
| 223|0x000000070f300000, 0x000000070f400000, 0x000000070f400000|100%| E|CS|TAMS 0x000000070f300000, 0x000000070f300000| Complete 
| 224|0x000000070f400000, 0x000000070f500000, 0x000000070f500000|100%| E|CS|TAMS 0x000000070f400000, 0x000000070f400000| Complete 
| 225|0x000000070f500000, 0x000000070f600000, 0x000000070f600000|100%| E|CS|TAMS 0x000000070f500000, 0x000000070f500000| Complete 
| 226|0x000000070f600000, 0x000000070f700000, 0x000000070f700000|100%| E|CS|TAMS 0x000000070f600000, 0x000000070f600000| Complete 
| 227|0x000000070f700000, 0x000000070f800000, 0x000000070f800000|100%| E|CS|TAMS 0x000000070f700000, 0x000000070f700000| Complete 
| 228|0x000000070f800000, 0x000000070f900000, 0x000000070f900000|100%| E|CS|TAMS 0x000000070f800000, 0x000000070f800000| Complete 
| 229|0x000000070f900000, 0x000000070fa00000, 0x000000070fa00000|100%| E|CS|TAMS 0x000000070f900000, 0x000000070f900000| Complete 
| 230|0x000000070fa00000, 0x000000070fb00000, 0x000000070fb00000|100%| E|CS|TAMS 0x000000070fa00000, 0x000000070fa00000| Complete 
| 231|0x000000070fb00000, 0x000000070fc00000, 0x000000070fc00000|100%| E|CS|TAMS 0x000000070fb00000, 0x000000070fb00000| Complete 
| 232|0x000000070fc00000, 0x000000070fd00000, 0x000000070fd00000|100%| E|CS|TAMS 0x000000070fc00000, 0x000000070fc00000| Complete 
| 233|0x000000070fd00000, 0x000000070fe00000, 0x000000070fe00000|100%| E|CS|TAMS 0x000000070fd00000, 0x000000070fd00000| Complete 
| 234|0x000000070fe00000, 0x000000070ff00000, 0x000000070ff00000|100%| E|CS|TAMS 0x000000070fe00000, 0x000000070fe00000| Complete 
| 235|0x000000070ff00000, 0x0000000710000000, 0x0000000710000000|100%| E|CS|TAMS 0x000000070ff00000, 0x000000070ff00000| Complete 
| 236|0x0000000710000000, 0x0000000710100000, 0x0000000710100000|100%| E|CS|TAMS 0x0000000710000000, 0x0000000710000000| Complete 
| 237|0x0000000710100000, 0x0000000710200000, 0x0000000710200000|100%| E|CS|TAMS 0x0000000710100000, 0x0000000710100000| Complete 
| 238|0x0000000710200000, 0x0000000710300000, 0x0000000710300000|100%| E|CS|TAMS 0x0000000710200000, 0x0000000710200000| Complete 
| 239|0x0000000710300000, 0x0000000710400000, 0x0000000710400000|100%| E|CS|TAMS 0x0000000710300000, 0x0000000710300000| Complete 
| 240|0x0000000710400000, 0x0000000710500000, 0x0000000710500000|100%| E|CS|TAMS 0x0000000710400000, 0x0000000710400000| Complete 
| 241|0x0000000710500000, 0x0000000710600000, 0x0000000710600000|100%| E|CS|TAMS 0x0000000710500000, 0x0000000710500000| Complete 
| 242|0x0000000710600000, 0x0000000710700000, 0x0000000710700000|100%| E|CS|TAMS 0x0000000710600000, 0x0000000710600000| Complete 
| 243|0x0000000710700000, 0x0000000710800000, 0x0000000710800000|100%| E|CS|TAMS 0x0000000710700000, 0x0000000710700000| Complete 
| 244|0x0000000710800000, 0x0000000710900000, 0x0000000710900000|100%| E|CS|TAMS 0x0000000710800000, 0x0000000710800000| Complete 
| 245|0x0000000710900000, 0x0000000710a00000, 0x0000000710a00000|100%| E|CS|TAMS 0x0000000710900000, 0x0000000710900000| Complete 
| 246|0x0000000710a00000, 0x0000000710b00000, 0x0000000710b00000|100%| E|CS|TAMS 0x0000000710a00000, 0x0000000710a00000| Complete 
| 247|0x0000000710b00000, 0x0000000710c00000, 0x0000000710c00000|100%| E|CS|TAMS 0x0000000710b00000, 0x0000000710b00000| Complete 
| 248|0x0000000710c00000, 0x0000000710d00000, 0x0000000710d00000|100%| E|CS|TAMS 0x0000000710c00000, 0x0000000710c00000| Complete 
| 249|0x0000000710d00000, 0x0000000710e00000, 0x0000000710e00000|100%| E|CS|TAMS 0x0000000710d00000, 0x0000000710d00000| Complete 
| 250|0x0000000710e00000, 0x0000000710f00000, 0x0000000710f00000|100%| E|CS|TAMS 0x0000000710e00000, 0x0000000710e00000| Complete 
| 251|0x0000000710f00000, 0x0000000711000000, 0x0000000711000000|100%| E|CS|TAMS 0x0000000710f00000, 0x0000000710f00000| Complete 
| 252|0x0000000711000000, 0x0000000711100000, 0x0000000711100000|100%| E|CS|TAMS 0x0000000711000000, 0x0000000711000000| Complete 
| 253|0x0000000711100000, 0x0000000711200000, 0x0000000711200000|100%| E|CS|TAMS 0x0000000711100000, 0x0000000711100000| Complete 
| 254|0x0000000711200000, 0x0000000711300000, 0x0000000711300000|100%| E|CS|TAMS 0x0000000711200000, 0x0000000711200000| Complete 
| 255|0x0000000711300000, 0x0000000711400000, 0x0000000711400000|100%| E|CS|TAMS 0x0000000711300000, 0x0000000711300000| Complete 

Card table byte_map: [0x0000018a39270000,0x0000018a39a70000] _byte_map_base: 0x0000018a35a66000

Marking Bits (Prev, Next): (CMBitMap*) 0x0000018a2118c2e8, (CMBitMap*) 0x0000018a2118c328
 Prev Bits: [0x0000018a3a270000, 0x0000018a3e220000)
 Next Bits: [0x0000018a3e220000, 0x0000018a421d0000)

Polling page: 0x0000018a1efc0000

Metaspace:

Usage:
  Non-class:      8.30 MB capacity,     8.16 MB ( 98%) used,   122.61 KB (  1%) free+waste,    21.50 KB ( <1%) overhead. 
      Class:   1010.00 KB capacity,   901.34 KB ( 89%) used,    95.23 KB (  9%) free+waste,    13.44 KB (  1%) overhead. 
       Both:      9.29 MB capacity,     9.04 MB ( 97%) used,   217.84 KB (  2%) free+waste,    34.94 KB ( <1%) overhead. 

Virtual space:
  Non-class space:       10.00 MB reserved,       8.50 MB ( 85%) committed 
      Class space:        1.00 GB reserved,       1.00 MB ( <1%) committed 
             Both:        1.01 GB reserved,       9.50 MB ( <1%) committed 

Chunk freelists:
   Non-Class:  14.00 KB
       Class:  14.00 KB
        Both:  28.00 KB

MaxMetaspaceSize: 17179869184.00 GB
CompressedClassSpaceSize: 1.00 GB

CodeHeap 'non-profiled nmethods': size=120000Kb used=2808Kb max_used=2808Kb free=117191Kb
 bounds [0x0000018a310f0000, 0x0000018a313b0000, 0x0000018a38620000]
CodeHeap 'profiled nmethods': size=120000Kb used=3974Kb max_used=5565Kb free=116025Kb
 bounds [0x0000018a29bc0000, 0x0000018a2a130000, 0x0000018a310f0000]
CodeHeap 'non-nmethods': size=5760Kb used=1314Kb max_used=1387Kb free=4445Kb
 bounds [0x0000018a29620000, 0x0000018a29890000, 0x0000018a29bc0000]
 total_blobs=5117 nmethods=2324 adapters=514
 compilation: enabled
              stopped_count=0, restarted_count=0
 full_count=0

Compilation events (20 events):
Event: 63.791 Thread 0x0000018a455fd000 2841       4       sun.java2d.SunGraphics2D::getFontMetrics (29 bytes)
Event: 63.916 Thread 0x0000018a455fd000 nmethod 2841 0x0000018a313a2a10 code [0x0000018a313a2ee0, 0x0000018a313a8928]
Event: 64.265 Thread 0x0000018a455fd000 2842       4       java.awt.geom.AffineTransform::calculateType (536 bytes)
Event: 64.268 Thread 0x0000018a455fd000 nmethod 2842 0x0000018a313aac90 code [0x0000018a313aaec0, 0x0000018a313ab558]
Event: 64.342 Thread 0x0000018a455fe000 2843       3       sun.font.CompositeFont::createStrike (10 bytes)
Event: 64.342 Thread 0x0000018a455fe000 nmethod 2843 0x0000018a29c90410 code [0x0000018a29c905c0, 0x0000018a29c90810]
Event: 64.342 Thread 0x0000018a455fe000 2845       3       sun.font.CompositeStrike::getFontMetrics (56 bytes)
Event: 64.343 Thread 0x0000018a455fe000 nmethod 2845 0x0000018a29c2d510 code [0x0000018a29c2d700, 0x0000018a29c2dc00]
Event: 64.343 Thread 0x0000018a455fe000 2844       3       sun.font.CompositeStrike::<init> (125 bytes)
Event: 64.343 Thread 0x0000018a455fe000 nmethod 2844 0x0000018a29c43210 code [0x0000018a29c43400, 0x0000018a29c43c18]
Event: 64.350 Thread 0x0000018a455fd000 2846   !   4       java.util.concurrent.ConcurrentHashMap::putVal (432 bytes)
Event: 64.362 Thread 0x0000018a455fd000 nmethod 2846 0x0000018a313ab910 code [0x0000018a313abb20, 0x0000018a313acae0]
Event: 64.383 Thread 0x0000018a455fd000 2847       4       warcraftTD.Bloons.BlueAirBloon::draw (58 bytes)
Event: 64.384 Thread 0x0000018a455fd000 nmethod 2847 0x0000018a313ad390 code [0x0000018a313ad560, 0x0000018a313ad738]
Event: 64.634 Thread 0x0000018a455fd000 2848       4       java.util.ArrayList::contains (14 bytes)
Event: 64.636 Thread 0x0000018a455fd000 nmethod 2848 0x0000018a313ad990 code [0x0000018a313adb20, 0x0000018a313adc98]
Event: 65.914 Thread 0x0000018a455fd000 2849       4       java.awt.Component::isLightweight (8 bytes)
Event: 65.914 Thread 0x0000018a455fd000 nmethod 2849 0x0000018a313ade10 code [0x0000018a313adfa0, 0x0000018a313ae038]
Event: 65.984 Thread 0x0000018a455fe000 2850       3       sun.font.FreetypeFontScaler::invalidateScalerContext (1 bytes)
Event: 65.984 Thread 0x0000018a455fe000 nmethod 2850 0x0000018a29c1af90 code [0x0000018a29c1b120, 0x0000018a29c1b298]

GC Heap History (20 events):
Event: 1.713 GC heap before
{Heap before GC invocations=1 (full 0):
 garbage-first heap   total 262144K, used 43159K [0x0000000701400000, 0x0000000800000000)
  region size 1024K, 12 young (12288K), 3 survivors (3072K)
 Metaspace       used 8497K, capacity 8802K, committed 8960K, reserved 1056768K
  class space    used 876K, capacity 1010K, committed 1024K, reserved 1048576K
}
Event: 1.722 GC heap after
{Heap after GC invocations=2 (full 0):
 garbage-first heap   total 262144K, used 35091K [0x0000000701400000, 0x0000000800000000)
  region size 1024K, 1 young (1024K), 1 survivors (1024K)
 Metaspace       used 8497K, capacity 8802K, committed 8960K, reserved 1056768K
  class space    used 876K, capacity 1010K, committed 1024K, reserved 1048576K
}
Event: 3.053 GC heap before
{Heap before GC invocations=2 (full 0):
 garbage-first heap   total 262144K, used 46355K [0x0000000701400000, 0x0000000800000000)
  region size 1024K, 13 young (13312K), 1 survivors (1024K)
 Metaspace       used 8766K, capacity 9059K, committed 9216K, reserved 1056768K
  class space    used 876K, capacity 1010K, committed 1024K, reserved 1048576K
}
Event: 3.053 GC heap after
{Heap after GC invocations=3 (full 0):
 garbage-first heap   total 262144K, used 34965K [0x0000000701400000, 0x0000000800000000)
  region size 1024K, 1 young (1024K), 1 survivors (1024K)
 Metaspace       used 8766K, capacity 9059K, committed 9216K, reserved 1056768K
  class space    used 876K, capacity 1010K, committed 1024K, reserved 1048576K
}
Event: 4.229 GC heap before
{Heap before GC invocations=3 (full 0):
 garbage-first heap   total 262144K, used 46229K [0x0000000701400000, 0x0000000800000000)
  region size 1024K, 12 young (12288K), 1 survivors (1024K)
 Metaspace       used 8876K, capacity 9187K, committed 9216K, reserved 1056768K
  class space    used 876K, capacity 1010K, committed 1024K, reserved 1048576K
}
Event: 4.229 GC heap after
{Heap after GC invocations=4 (full 0):
 garbage-first heap   total 262144K, used 34871K [0x0000000701400000, 0x0000000800000000)
  region size 1024K, 1 young (1024K), 1 survivors (1024K)
 Metaspace       used 8876K, capacity 9187K, committed 9216K, reserved 1056768K
  class space    used 876K, capacity 1010K, committed 1024K, reserved 1048576K
}
Event: 7.704 GC heap before
{Heap before GC invocations=4 (full 0):
 garbage-first heap   total 262144K, used 63543K [0x0000000701400000, 0x0000000800000000)
  region size 1024K, 29 young (29696K), 1 survivors (1024K)
 Metaspace       used 8976K, capacity 9251K, committed 9472K, reserved 1058816K
  class space    used 876K, capacity 1010K, committed 1024K, reserved 1048576K
}
Event: 7.704 GC heap after
{Heap after GC invocations=5 (full 0):
 garbage-first heap   total 262144K, used 34857K [0x0000000701400000, 0x0000000800000000)
  region size 1024K, 1 young (1024K), 1 survivors (1024K)
 Metaspace       used 8976K, capacity 9251K, committed 9472K, reserved 1058816K
  class space    used 876K, capacity 1010K, committed 1024K, reserved 1048576K
}
Event: 13.035 GC heap before
{Heap before GC invocations=5 (full 0):
 garbage-first heap   total 262144K, used 81961K [0x0000000701400000, 0x0000000800000000)
  region size 1024K, 47 young (48128K), 1 survivors (1024K)
 Metaspace       used 9101K, capacity 9380K, committed 9472K, reserved 1058816K
  class space    used 879K, capacity 1010K, committed 1024K, reserved 1048576K
}
Event: 13.036 GC heap after
{Heap after GC invocations=6 (full 0):
 garbage-first heap   total 262144K, used 35159K [0x0000000701400000, 0x0000000800000000)
  region size 1024K, 1 young (1024K), 1 survivors (1024K)
 Metaspace       used 9101K, capacity 9380K, committed 9472K, reserved 1058816K
  class space    used 879K, capacity 1010K, committed 1024K, reserved 1048576K
}
Event: 20.755 GC heap before
{Heap before GC invocations=6 (full 0):
 garbage-first heap   total 262144K, used 119127K [0x0000000701400000, 0x0000000800000000)
  region size 1024K, 83 young (84992K), 1 survivors (1024K)
 Metaspace       used 9130K, capacity 9380K, committed 9472K, reserved 1058816K
  class space    used 879K, capacity 1010K, committed 1024K, reserved 1048576K
}
Event: 20.756 GC heap after
{Heap after GC invocations=7 (full 0):
 garbage-first heap   total 262144K, used 35476K [0x0000000701400000, 0x0000000800000000)
  region size 1024K, 2 young (2048K), 2 survivors (2048K)
 Metaspace       used 9130K, capacity 9380K, committed 9472K, reserved 1058816K
  class space    used 879K, capacity 1010K, committed 1024K, reserved 1048576K
}
Event: 28.381 GC heap before
{Heap before GC invocations=7 (full 0):
 garbage-first heap   total 262144K, used 148116K [0x0000000701400000, 0x0000000800000000)
  region size 1024K, 113 young (115712K), 2 survivors (2048K)
 Metaspace       used 9219K, capacity 9444K, committed 9472K, reserved 1058816K
  class space    used 897K, capacity 1010K, committed 1024K, reserved 1048576K
}
Event: 28.382 GC heap after
{Heap after GC invocations=8 (full 0):
 garbage-first heap   total 262144K, used 35763K [0x0000000701400000, 0x0000000800000000)
  region size 1024K, 2 young (2048K), 2 survivors (2048K)
 Metaspace       used 9219K, capacity 9444K, committed 9472K, reserved 1058816K
  class space    used 897K, capacity 1010K, committed 1024K, reserved 1048576K
}
Event: 40.056 GC heap before
{Heap before GC invocations=8 (full 0):
 garbage-first heap   total 262144K, used 190387K [0x0000000701400000, 0x0000000800000000)
  region size 1024K, 153 young (156672K), 2 survivors (2048K)
 Metaspace       used 9234K, capacity 9444K, committed 9472K, reserved 1058816K
  class space    used 897K, capacity 1010K, committed 1024K, reserved 1048576K
}
Event: 40.057 GC heap after
{Heap after GC invocations=9 (full 0):
 garbage-first heap   total 262144K, used 36757K [0x0000000701400000, 0x0000000800000000)
  region size 1024K, 3 young (3072K), 3 survivors (3072K)
 Metaspace       used 9234K, capacity 9444K, committed 9472K, reserved 1058816K
  class space    used 897K, capacity 1010K, committed 1024K, reserved 1048576K
}
Event: 49.997 GC heap before
{Heap before GC invocations=9 (full 0):
 garbage-first heap   total 262144K, used 190357K [0x0000000701400000, 0x0000000800000000)
  region size 1024K, 153 young (156672K), 3 survivors (3072K)
 Metaspace       used 9234K, capacity 9444K, committed 9472K, reserved 1058816K
  class space    used 897K, capacity 1010K, committed 1024K, reserved 1048576K
}
Event: 49.997 GC heap after
{Heap after GC invocations=10 (full 0):
 garbage-first heap   total 262144K, used 36857K [0x0000000701400000, 0x0000000800000000)
  region size 1024K, 3 young (3072K), 3 survivors (3072K)
 Metaspace       used 9234K, capacity 9444K, committed 9472K, reserved 1058816K
  class space    used 897K, capacity 1010K, committed 1024K, reserved 1048576K
}
Event: 57.680 GC heap before
{Heap before GC invocations=10 (full 0):
 garbage-first heap   total 262144K, used 190457K [0x0000000701400000, 0x0000000800000000)
  region size 1024K, 154 young (157696K), 3 survivors (3072K)
 Metaspace       used 9234K, capacity 9444K, committed 9472K, reserved 1058816K
  class space    used 897K, capacity 1010K, committed 1024K, reserved 1048576K
}
Event: 57.681 GC heap after
{Heap after GC invocations=11 (full 0):
 garbage-first heap   total 262144K, used 37120K [0x0000000701400000, 0x0000000800000000)
  region size 1024K, 3 young (3072K), 3 survivors (3072K)
 Metaspace       used 9234K, capacity 9444K, committed 9472K, reserved 1058816K
  class space    used 897K, capacity 1010K, committed 1024K, reserved 1048576K
}

Deoptimization events (20 events):
Event: 65.940 Thread 0x0000018a46242800 Uncommon trap: trap_request=0xffffff45 fr.pc=0x0000018a313908f0 relative=0x00000000000009b0
Event: 65.940 Thread 0x0000018a46242800 Uncommon trap: reason=unstable_if action=reinterpret pc=0x0000018a313908f0 method=sun.awt.windows.WWindowPeer.preprocessPostEvent(Ljava/awt/AWTEvent;)V @ 4 c2
Event: 65.940 Thread 0x0000018a46242800 DEOPT PACKING pc=0x0000018a313908f0 sp=0x0000001f86cfbc40
Event: 65.940 Thread 0x0000018a46242800 DEOPT UNPACKING pc=0x0000018a2966912f sp=0x0000001f86cfbbe0 mode 2
Event: 65.940 Thread 0x0000018a474f3000 Uncommon trap: trap_request=0xffffff45 fr.pc=0x0000018a311bba8c relative=0x000000000000006c
Event: 65.940 Thread 0x0000018a474f3000 Uncommon trap: reason=unstable_if action=reinterpret pc=0x0000018a311bba8c method=java.util.IdentityHashMap.keySet()Ljava/util/Set; @ 6 c2
Event: 65.940 Thread 0x0000018a474f3000 DEOPT PACKING pc=0x0000018a311bba8c sp=0x0000001f86afec70
Event: 65.940 Thread 0x0000018a474f3000 DEOPT UNPACKING pc=0x0000018a2966912f sp=0x0000001f86afec08 mode 2
Event: 65.953 Thread 0x0000018a21121000 Uncommon trap: trap_request=0xffffff54 fr.pc=0x0000018a3118c380 relative=0x0000000000000a20
Event: 65.953 Thread 0x0000018a21121000 Uncommon trap: reason=speculate_null_assert action=make_not_entrant pc=0x0000018a3118c380 method=javax.swing.RepaintManager.extendDirtyRegion(Ljava/awt/Component;IIII)Z @ 17 c2
Event: 65.953 Thread 0x0000018a21121000 DEOPT PACKING pc=0x0000018a3118c380 sp=0x0000001f858ff350
Event: 65.953 Thread 0x0000018a21121000 DEOPT UNPACKING pc=0x0000018a2966912f sp=0x0000001f858ff170 mode 2
Event: 65.963 Thread 0x0000018a21121000 Uncommon trap: trap_request=0xffffff54 fr.pc=0x0000018a311a9028 relative=0x00000000000002e8
Event: 65.963 Thread 0x0000018a21121000 Uncommon trap: reason=speculate_null_assert action=make_not_entrant pc=0x0000018a311a9028 method=javax.swing.RepaintManager.extendDirtyRegion(Ljava/awt/Component;IIII)Z @ 17 c2
Event: 65.963 Thread 0x0000018a21121000 DEOPT PACKING pc=0x0000018a311a9028 sp=0x0000001f858ff190
Event: 65.963 Thread 0x0000018a21121000 DEOPT UNPACKING pc=0x0000018a2966912f sp=0x0000001f858ff128 mode 2
Event: 65.983 Thread 0x0000018a21121000 Uncommon trap: trap_request=0xffffff45 fr.pc=0x0000018a31291ac8 relative=0x0000000000001668
Event: 65.983 Thread 0x0000018a21121000 Uncommon trap: reason=unstable_if action=reinterpret pc=0x0000018a31291ac8 method=sun.font.TrueTypeFont.readBlock(Ljava/nio/ByteBuffer;II)I @ 15 c2
Event: 65.983 Thread 0x0000018a21121000 DEOPT PACKING pc=0x0000018a31291ac8 sp=0x0000001f858fdff0
Event: 65.983 Thread 0x0000018a21121000 DEOPT UNPACKING pc=0x0000018a2966912f sp=0x0000001f858fe000 mode 2

Classes unloaded (0 events):
No events

Classes redefined (0 events):
No events

Internal exceptions (20 events):
Event: 0.916 Thread 0x0000018a475d7000 Exception <a 'java/io/FileNotFoundException'{0x0000000710f8e030}> (0x0000000710f8e030) 
thrown [t:/workspace/open/src/hotspot/share/prims/jni.cpp, line 598]
Event: 3.817 Thread 0x0000018a475d7000 Exception <a 'java/io/FileNotFoundException'{0x0000000710c2f818}> (0x0000000710c2f818) 
thrown [t:/workspace/open/src/hotspot/share/prims/jni.cpp, line 598]
Event: 9.001 Thread 0x0000018a21121000 Implicit null exception at 0x0000018a311a92a9 to 0x0000018a311a9346
Event: 9.987 Thread 0x0000018a477ee000 Exception <a 'java/io/FileNotFoundException'{0x000000070ff809b0}> (0x000000070ff809b0) 
thrown [t:/workspace/open/src/hotspot/share/prims/jni.cpp, line 598]
Event: 9.988 Thread 0x0000018a21121000 Implicit null exception at 0x0000018a311f2fee to 0x0000018a311f338a
Event: 19.320 Thread 0x0000018a47897800 Exception <a 'java/io/FileNotFoundException'{0x000000070d0001b0}> (0x000000070d0001b0) 
thrown [t:/workspace/open/src/hotspot/share/prims/jni.cpp, line 598]
Event: 19.824 Thread 0x0000018a47897800 Exception <a 'java/io/FileNotFoundException'{0x000000070d00d0a8}> (0x000000070d00d0a8) 
thrown [t:/workspace/open/src/hotspot/share/prims/jni.cpp, line 598]
Event: 20.315 Thread 0x0000018a47897800 Exception <a 'java/io/FileNotFoundException'{0x000000070d019d80}> (0x000000070d019d80) 
thrown [t:/workspace/open/src/hotspot/share/prims/jni.cpp, line 598]
Event: 20.823 Thread 0x0000018a47897800 Exception <a 'java/io/FileNotFoundException'{0x00000007112809b0}> (0x00000007112809b0) 
thrown [t:/workspace/open/src/hotspot/share/prims/jni.cpp, line 598]
Event: 21.313 Thread 0x0000018a47897800 Exception <a 'java/io/FileNotFoundException'{0x000000071128ee48}> (0x000000071128ee48) 
thrown [t:/workspace/open/src/hotspot/share/prims/jni.cpp, line 598]
Event: 21.812 Thread 0x0000018a47897800 Exception <a 'java/io/FileNotFoundException'{0x000000071129bb10}> (0x000000071129bb10) 
thrown [t:/workspace/open/src/hotspot/share/prims/jni.cpp, line 598]
Event: 22.325 Thread 0x0000018a47897800 Exception <a 'java/io/FileNotFoundException'{0x00000007112a87c8}> (0x00000007112a87c8) 
thrown [t:/workspace/open/src/hotspot/share/prims/jni.cpp, line 598]
Event: 22.817 Thread 0x0000018a47897800 Exception <a 'java/io/FileNotFoundException'{0x00000007112b8188}> (0x00000007112b8188) 
thrown [t:/workspace/open/src/hotspot/share/prims/jni.cpp, line 598]
Event: 23.327 Thread 0x0000018a47897800 Exception <a 'java/io/FileNotFoundException'{0x000000070fa0fbd8}> (0x000000070fa0fbd8) 
thrown [t:/workspace/open/src/hotspot/share/prims/jni.cpp, line 598]
Event: 23.823 Thread 0x0000018a47897800 Exception <a 'java/io/FileNotFoundException'{0x000000070fa1e798}> (0x000000070fa1e798) 
thrown [t:/workspace/open/src/hotspot/share/prims/jni.cpp, line 598]
Event: 27.804 Thread 0x0000018a47897800 Exception <a 'java/io/FileNotFoundException'{0x000000070fa2eb10}> (0x000000070fa2eb10) 
thrown [t:/workspace/open/src/hotspot/share/prims/jni.cpp, line 598]
Event: 31.825 Thread 0x0000018a47897800 Exception <a 'java/io/FileNotFoundException'{0x000000070df001c0}> (0x000000070df001c0) 
thrown [t:/workspace/open/src/hotspot/share/prims/jni.cpp, line 598]
Event: 35.819 Thread 0x0000018a47897800 Exception <a 'java/io/FileNotFoundException'{0x000000070df66cc8}> (0x000000070df66cc8) 
thrown [t:/workspace/open/src/hotspot/share/prims/jni.cpp, line 598]
Event: 65.984 Thread 0x0000018a21121000 Exception <a 'java/io/FileNotFoundException'{0x000000070a78aec8}> (0x000000070a78aec8) 
thrown [t:/workspace/open/src/hotspot/share/prims/jni.cpp, line 598]
Event: 65.984 Thread 0x0000018a21121000 Exception <a 'java/io/FileNotFoundException'{0x000000070a78c448}> (0x000000070a78c448) 
thrown [t:/workspace/open/src/hotspot/share/prims/jni.cpp, line 598]

Events (20 events):
Event: 65.942 Executing VM operation: RevokeBias
Event: 65.942 Executing VM operation: RevokeBias done
Event: 65.942 Executing VM operation: RevokeBias
Event: 65.942 Executing VM operation: RevokeBias done
Event: 65.942 Executing VM operation: RevokeBias
Event: 65.942 Executing VM operation: RevokeBias done
Event: 65.942 Thread 0x0000018a4ee10000 Thread exited: 0x0000018a4ee10000
Event: 65.969 Executing VM operation: RevokeBias
Event: 65.969 Executing VM operation: RevokeBias done
Event: 65.969 Thread 0x0000018a46242800 Thread exited: 0x0000018a46242800
Event: 65.984 Executing VM operation: RevokeBias
Event: 65.984 Executing VM operation: RevokeBias done
Event: 65.984 loading class java/awt/FontFormatException
Event: 65.984 loading class java/awt/FontFormatException done
Event: 65.984 loading class java/nio/channels/ClosedChannelException
Event: 65.984 loading class java/nio/channels/ClosedChannelException done
Event: 65.984 loading class sun/font/NullFontScaler
Event: 65.985 loading class sun/font/NullFontScaler done
Event: 65.985 Executing VM operation: Deoptimize
Event: 65.985 Executing VM operation: Deoptimize done


Dynamic libraries:
0x00007ff6d9bd0000 - 0x00007ff6d9bdf000 	C:\Program Files\Java\jdk-13\bin\java.exe
0x00007ffd29c20000 - 0x00007ffd29e10000 	C:\Windows\SYSTEM32\ntdll.dll
0x00007ffd282e0000 - 0x00007ffd28392000 	C:\Windows\System32\KERNEL32.DLL
0x00007ffd26bc0000 - 0x00007ffd26e65000 	C:\Windows\System32\KERNELBASE.dll
0x00007ffd26e70000 - 0x00007ffd26f6a000 	C:\Windows\System32\ucrtbase.dll
0x00007ffcd8840000 - 0x00007ffcd8858000 	C:\Program Files\Java\jdk-13\bin\jli.dll
0x00007ffcd8820000 - 0x00007ffcd8835000 	C:\Program Files\Java\jdk-13\bin\VCRUNTIME140.dll
0x00007ffd29300000 - 0x00007ffd293a3000 	C:\Windows\System32\ADVAPI32.dll
0x00007ffd27cd0000 - 0x00007ffd27d6e000 	C:\Windows\System32\msvcrt.dll
0x00007ffd27d80000 - 0x00007ffd27e17000 	C:\Windows\System32\sechost.dll
0x00007ffd28650000 - 0x00007ffd28770000 	C:\Windows\System32\RPCRT4.dll
0x00007ffd29880000 - 0x00007ffd29a14000 	C:\Windows\System32\USER32.dll
0x00007ffd1ac80000 - 0x00007ffd1af04000 	C:\Windows\WinSxS\amd64_microsoft.windows.common-controls_6595b64144ccf1df_6.0.18362.1256_none_9e7e379be45e40e2\COMCTL32.dll
0x00007ffd26b90000 - 0x00007ffd26bb1000 	C:\Windows\System32\win32u.dll
0x00007ffd27ef0000 - 0x00007ffd28226000 	C:\Windows\System32\combase.dll
0x00007ffd28be0000 - 0x00007ffd28c06000 	C:\Windows\System32\GDI32.dll
0x00007ffd26f70000 - 0x00007ffd26ff1000 	C:\Windows\System32\bcryptPrimitives.dll
0x00007ffd27a10000 - 0x00007ffd27ba6000 	C:\Windows\System32\gdi32full.dll
0x00007ffd27c30000 - 0x00007ffd27cce000 	C:\Windows\System32\msvcp_win.dll
0x00007ffd1fa60000 - 0x00007ffd1fa6a000 	C:\Windows\SYSTEM32\VERSION.dll
0x00007ffd28620000 - 0x00007ffd2864e000 	C:\Windows\System32\IMM32.DLL
0x00007ffcd8780000 - 0x00007ffcd881b000 	C:\Program Files\Java\jdk-13\bin\msvcp140.dll
0x00007ffccfa10000 - 0x00007ffcd0576000 	C:\Program Files\Java\jdk-13\bin\server\jvm.dll
0x00007ffd29870000 - 0x00007ffd29878000 	C:\Windows\System32\PSAPI.DLL
0x00007ffd0d2f0000 - 0x00007ffd0d2f9000 	C:\Windows\SYSTEM32\WSOCK32.dll
0x00007ffd249f0000 - 0x00007ffd24a14000 	C:\Windows\SYSTEM32\WINMM.dll
0x00007ffd293d0000 - 0x00007ffd2943f000 	C:\Windows\System32\WS2_32.dll
0x00007ffd249c0000 - 0x00007ffd249ed000 	C:\Windows\SYSTEM32\WINMMBASE.dll
0x00007ffd279c0000 - 0x00007ffd27a0a000 	C:\Windows\System32\cfgmgr32.dll
0x00007ffd26af0000 - 0x00007ffd26b01000 	C:\Windows\System32\kernel.appcore.dll
0x00007ffd12d00000 - 0x00007ffd12d10000 	C:\Program Files\Java\jdk-13\bin\verify.dll
0x00007ffd0d330000 - 0x00007ffd0d524000 	C:\Windows\SYSTEM32\DBGHELP.DLL
0x00007ffd0d300000 - 0x00007ffd0d32a000 	C:\Windows\SYSTEM32\dbgcore.DLL
0x00007ffcd8750000 - 0x00007ffcd8776000 	C:\Program Files\Java\jdk-13\bin\java.dll
0x00007ffcd8730000 - 0x00007ffcd8747000 	C:\Program Files\Java\jdk-13\bin\zip.dll
0x00007ffd125c0000 - 0x00007ffd125ca000 	C:\Program Files\Java\jdk-13\bin\jimage.dll
0x00007ffd28c10000 - 0x00007ffd292f7000 	C:\Windows\System32\SHELL32.dll
0x00007ffd29450000 - 0x00007ffd294f9000 	C:\Windows\System32\shcore.dll
0x00007ffd27030000 - 0x00007ffd277b1000 	C:\Windows\System32\windows.storage.dll
0x00007ffd26b10000 - 0x00007ffd26b33000 	C:\Windows\System32\profapi.dll
0x00007ffd26b40000 - 0x00007ffd26b8a000 	C:\Windows\System32\powrprof.dll
0x00007ffd26ac0000 - 0x00007ffd26ad0000 	C:\Windows\System32\UMPDC.dll
0x00007ffd295e0000 - 0x00007ffd29632000 	C:\Windows\System32\shlwapi.dll
0x00007ffd27bb0000 - 0x00007ffd27bc7000 	C:\Windows\System32\cryptsp.dll
0x00007ffcfb740000 - 0x00007ffcfb8d9000 	C:\Program Files\Java\jdk-13\bin\awt.dll
0x00007ffd297a0000 - 0x00007ffd29865000 	C:\Windows\System32\OLEAUT32.dll
0x00007ffd23390000 - 0x00007ffd23950000 	C:\Windows\SYSTEM32\d2d1.dll
0x00007ffd24c00000 - 0x00007ffd24c8f000 	C:\Windows\SYSTEM32\apphelp.dll
0x00007ffd25e80000 - 0x00007ffd25eb3000 	C:\Windows\system32\rsaenh.dll
0x00007ffd27000000 - 0x00007ffd27026000 	C:\Windows\System32\bcrypt.dll
0x00007ffd269e0000 - 0x00007ffd26a05000 	C:\Windows\SYSTEM32\USERENV.dll
0x00007ffd264e0000 - 0x00007ffd264ec000 	C:\Windows\SYSTEM32\CRYPTBASE.dll
0x00007ffcd8710000 - 0x00007ffcd8729000 	C:\Program Files\Java\jdk-13\bin\net.dll
0x00007ffd1d0a0000 - 0x00007ffd1d276000 	C:\Windows\SYSTEM32\urlmon.dll
0x00007ffd21720000 - 0x00007ffd21810000 	C:\Windows\SYSTEM32\WINHTTP.dll
0x00007ffd1d3a0000 - 0x00007ffd1d647000 	C:\Windows\SYSTEM32\iertutil.dll
0x00007ffd26310000 - 0x00007ffd26377000 	C:\Windows\system32\mswsock.dll
0x00007ffd26020000 - 0x00007ffd2605a000 	C:\Windows\SYSTEM32\IPHLPAPI.DLL
0x00007ffd27d70000 - 0x00007ffd27d78000 	C:\Windows\System32\NSI.dll
0x00007ffd209e0000 - 0x00007ffd209f6000 	C:\Windows\SYSTEM32\dhcpcsvc6.DLL
0x00007ffd20760000 - 0x00007ffd2077c000 	C:\Windows\SYSTEM32\dhcpcsvc.DLL
0x00007ffd26060000 - 0x00007ffd2612b000 	C:\Windows\SYSTEM32\DNSAPI.dll
0x00007ffcd86f0000 - 0x00007ffcd8703000 	C:\Program Files\Java\jdk-13\bin\nio.dll
0x00007ffd19bc0000 - 0x00007ffd19c42000 	C:\Program Files\Java\jdk-13\bin\freetype.dll
0x00007ffd17e20000 - 0x00007ffd17ec6000 	C:\Program Files\Java\jdk-13\bin\fontmanager.dll
0x00007ffd25210000 - 0x00007ffd2523d000 	C:\Windows\system32\DWMAPI.DLL
0x00007ffd24d40000 - 0x00007ffd24dd9000 	C:\Windows\system32\uxtheme.dll
0x00007ffd127e0000 - 0x00007ffd12936000 	C:\Windows\system32\opengl32.dll
0x00007ffd1ec70000 - 0x00007ffd1ec9c000 	C:\Windows\SYSTEM32\GLU32.dll
0x00007ffd256e0000 - 0x00007ffd25700000 	C:\Windows\SYSTEM32\dxcore.dll
0x00007ffd29a20000 - 0x00007ffd29b55000 	C:\Windows\System32\MSCTF.dll
0x00007ffd29640000 - 0x00007ffd29797000 	C:\Windows\System32\ole32.dll
0x00007ffd26ad0000 - 0x00007ffd26ae2000 	C:\Windows\System32\msasn1.dll
0x00007ffd1fa30000 - 0x00007ffd1fa5f000 	C:\Windows\SYSTEM32\cryptnet.dll
0x00007ffd27870000 - 0x00007ffd279b9000 	C:\Windows\System32\CRYPT32.dll
0x00007ffd27bd0000 - 0x00007ffd27c2c000 	C:\Windows\System32\WINTRUST.DLL
0x00007ffd293b0000 - 0x00007ffd293cd000 	C:\Windows\System32\imagehlp.dll
0x00007ffd25690000 - 0x00007ffd256b2000 	C:\Windows\SYSTEM32\gpapi.dll
0x00007ffd1f2e0000 - 0x00007ffd1f37e000 	C:\Windows\System32\TextInputFramework.dll
0x00007ffd21f00000 - 0x00007ffd2222a000 	C:\Windows\System32\CoreUIComponents.dll
0x00007ffd24670000 - 0x00007ffd24744000 	C:\Windows\System32\CoreMessaging.dll
0x00007ffd25ae0000 - 0x00007ffd25b11000 	C:\Windows\SYSTEM32\ntmarta.dll
0x00007ffd21d80000 - 0x00007ffd21ed3000 	C:\Windows\SYSTEM32\wintypes.dll
0x00007ffd1fab0000 - 0x00007ffd1fb15000 	C:\Windows\system32\Oleacc.dll
0x00007ffd1e520000 - 0x00007ffd1e54d000 	C:\Program Files\Java\jdk-13\bin\javajpeg.dll

dbghelp: loaded successfully - version: 4.0.5 - missing functions: none
symbol engine: initialized successfully - sym options: 0x614 - pdb path: .;C:\Program Files\Java\jdk-13\bin;C:\Windows\SYSTEM32;C:\Windows\WinSxS\amd64_microsoft.windows.common-controls_6595b64144ccf1df_6.0.18362.1256_none_9e7e379be45e40e2;C:\Program Files\Java\jdk-13\bin\server;C:\WINDOWS\System32\DriverStore\FileRepository\nv_dispi.inf_amd64_8e68f77150e57b50

VM Arguments:
jvm_args: -Dfile.encoding=UTF-8 
java_command: warcraftTD.Main
java_class_path (initial): C:\Users\Cody\Desktop\Documents\_DEV\warcraftTD\bin
Launcher Type: SUN_STANDARD

[Global flags]
     intx CICompilerCount                          = 4                                         {product} {ergonomic}
     uint ConcGCThreads                            = 2                                         {product} {ergonomic}
     uint G1ConcRefinementThreads                  = 8                                         {product} {ergonomic}
   size_t G1HeapRegionSize                         = 1048576                                   {product} {ergonomic}
    uintx GCDrainStackTargetSize                   = 64                                        {product} {ergonomic}
   size_t InitialHeapSize                          = 268435456                                 {product} {ergonomic}
   size_t MarkStackSize                            = 4194304                                   {product} {ergonomic}
   size_t MaxHeapSize                              = 4273995776                                {product} {ergonomic}
   size_t MaxNewSize                               = 2563768320                                {product} {ergonomic}
   size_t MinHeapDeltaBytes                        = 1048576                                   {product} {ergonomic}
   size_t MinHeapSize                              = 8388608                                   {product} {ergonomic}
    uintx NonNMethodCodeHeapSize                   = 5836300                                {pd product} {ergonomic}
    uintx NonProfiledCodeHeapSize                  = 122910970                              {pd product} {ergonomic}
    uintx ProfiledCodeHeapSize                     = 122910970                              {pd product} {ergonomic}
    uintx ReservedCodeCacheSize                    = 251658240                              {pd product} {ergonomic}
     bool SegmentedCodeCache                       = true                                      {product} {ergonomic}
   size_t SoftMaxHeapSize                          = 4273995776                             {manageable} {ergonomic}
     bool UseCompressedClassPointers               = true                                 {lp64_product} {ergonomic}
     bool UseCompressedOops                        = true                                 {lp64_product} {ergonomic}
     bool UseG1GC                                  = true                                      {product} {ergonomic}
     bool UseLargePagesIndividualAllocation        = false                                  {pd product} {ergonomic}

Logging:
Log output configuration:
 #0: stdout all=warning uptime,level,tags
 #1: stderr all=off uptime,level,tags

Environment Variables:
JAVA_HOME=C:\Progra~1\Java\jdk-13
PATH=C:\Python\Python37\Scripts\;C:\Python\Python37\;C:\Program Files (x86)\Common Files\Oracle\Java\javapath;C:\Program Files (x86)\Common Files\Intel\Shared Libraries\redist\intel64\compiler;C:\ProgramData\Oracle\Java\javapath;C:\Program Files (x86)\Intel\iCLS Client\;C:\Program Files\Intel\iCLS Client\;C:\WINDOWS\system32;C:\WINDOWS;C:\WINDOWS\System32\Wbem;C:\WINDOWS\System32\WindowsPowerShell\v1.0\;C:\Program Files (x86)\Intel\Intel(R) Management Engine Components\DAL;C:\Program Files\Intel\Intel(R) Management Engine Components\DAL;C:\Program Files (x86)\Intel\Intel(R) Management Engine Components\IPT;C:\Program Files\Intel\Intel(R) Management Engine Components\IPT;C:\Program Files\dotnet\;C:\WINDOWS\System32\OpenSSH\;C:\Program Files (x86)\NVIDIA Corporation\PhysX\Common;C:\Users\Cody\AppData\Local\Programs\Python\Python37-32;C:\ProgramData\chocolatey\bin;C:\Program Files\nodejs\;C:\WINDOWS\system32;C:\WINDOWS;C:\WINDOWS\System32\Wbem;C:\WINDOWS\System32\WindowsPowerShell\v1.0\;C:\WINDOWS\System32\OpenSSH\;C:\Program Files (x86)\ZeroTier\One\;C:\MinGW\bin\;C:\Program Files\Git\cmd;C:\Program Files\Tesseract-OCR;C:\Users\Cody\AppData\Local\Microsoft\WindowsApps;C:\Users\Cody\AppData\Roaming\npm;C:\Users\Cody\AppData\Local\GitHubDesktop\bin;C:\Users\Cody\AppData\Local\Microsoft\WindowsApps;
USERNAME=Cody
OS=Windows_NT
PROCESSOR_IDENTIFIER=Intel64 Family 6 Model 94 Stepping 3, GenuineIntel



---------------  S Y S T E M  ---------------

OS: Windows 10 , 64 bit Build 18362 (10.0.18362.1110)

CPU:total 8 (initial active 8) (4 cores per cpu, 2 threads per core) family 6 model 94 stepping 3, cmov, cx8, fxsr, mmx, sse, sse2, sse3, ssse3, sse4.1, sse4.2, popcnt, avx, avx2, aes, clmul, erms, rtm, 3dnowpref, lzcnt, ht, tsc, tscinvbit, bmi1, bmi2, adx, fma

Memory: 4k page, system-wide physical 16300M (8127M free)
TotalPageFile size 23529M (AvailPageFile size 3057M)
current process WorkingSet (physical memory assigned to process): 279M, peak: 302M
current process commit charge ("private bytes"): 416M, peak: 464M

vm_info: Java HotSpot(TM) 64-Bit Server VM (13+33) for windows-amd64 JRE (13+33), built on Sep 18 2019 21:38:00 by "mach5one" with unknown MS VC++:1916

END.
