#
# A fatal error has been detected by the Java Runtime Environment:
#
#  EXCEPTION_ACCESS_VIOLATION (0xc0000005) at pc=0x00007ffeeda25d1a, pid=59952, tid=51432
#
# JRE version: Java(TM) SE Runtime Environment (13.0+33) (build 13+33)
# Java VM: Java HotSpot(TM) 64-Bit Server VM (13+33, mixed mode, sharing, tiered, compressed oops, g1 gc, windows-amd64)
# Problematic frame:
# C  [freetype.dll+0x45d1a]
#
# No core dump will be written. Minidumps are not enabled by default on client versions of Windows
#
# If you would like to submit a bug report, please visit:
#   http://bugreport.java.com/bugreport/crash.jsp
# The crash happened outside the Java Virtual Machine in native code.
# See problematic frame for where to report the bug.
#

---------------  S U M M A R Y ------------

Command Line: -Dfile.encoding=UTF-8 warcraftTD.Main

Host: Intel(R) Core(TM) i7-6700K CPU @ 4.00GHz, 8 cores, 15G,  Windows 10 , 64 bit Build 18362 (10.0.18362.1316)
Time: Wed Jan 20 18:49:23 2021 Paris, Madrid elapsed time: 72 seconds (0d 0h 1m 12s)

---------------  T H R E A D  ---------------

Current thread (0x000001d428663000):  JavaThread "main" [_thread_in_native, id=51432, stack(0x000000507cd00000,0x000000507ce00000)]

Stack: [0x000000507cd00000,0x000000507ce00000],  sp=0x000000507cdfe890,  free space=1018k
Native frames: (J=compiled Java code, j=interpreted, Vv=VM code, C=native code)
C  [freetype.dll+0x45d1a]

Java frames: (J=compiled Java code, j=interpreted, Vv=VM code)
J 2410  sun.font.FreetypeFontScaler.getGlyphImageNative(Lsun/font/Font2D;JJI)J java.desktop@13 (0 bytes) @ 0x000001d43a003129 [0x000001d43a0030c0+0x0000000000000069]
J 2701 c2 sun.font.FreetypeFontScaler.getGlyphImage(JI)J java.desktop@13 (39 bytes) @ 0x000001d439f3f1c4 [0x000001d439f3f0c0+0x0000000000000104]
J 2498 c1 sun.font.FileFontStrike.getGlyphImagePtr(I)J java.desktop@13 (98 bytes) @ 0x000001d432e6e234 [0x000001d432e6d620+0x0000000000000c14]
J 2480 c1 sun.font.FileFontStrike.getGlyphMetrics(IZ)Ljava/awt/geom/Point2D$Float; java.desktop@13 (278 bytes) @ 0x000001d432a2bcd4 [0x000001d432a2b9c0+0x0000000000000314]
J 3177 c1 sun.font.FileFontStrike.getGlyphAdvance(IZ)F java.desktop@13 (400 bytes) @ 0x000001d432c4fe04 [0x000001d432c4f960+0x00000000000004a4]
J 2752 c2 sun.font.FontDesignMetrics.handleCharWidth(I)F java.desktop@13 (9 bytes) @ 0x000001d439ee1054 [0x000001d439ee0e60+0x00000000000001f4]
J 2259 c2 warcraftTD.StdDraw.text(DDLjava/lang/String;)V (88 bytes) @ 0x000001d439f9b5a8 [0x000001d439f9b1e0+0x00000000000003c8]
J 2202 c1 warcraftTD.World.drawTowerPrices(Ljava/awt/Color;Ljava/awt/Color;Ljava/awt/Color;D)V (226 bytes) @ 0x000001d432d8ed2c [0x000001d432d8e320+0x0000000000000a0c]
J 3167 c1 warcraftTD.World.drawHUD()V (199 bytes) @ 0x000001d432c3d734 [0x000001d432c3d2c0+0x0000000000000474]
J 3150 c2 warcraftTD.World.draw()V (43 bytes) @ 0x000001d43a1be710 [0x000001d43a1be440+0x00000000000002d0]
j  warcraftTD.World.run()V+58
j  warcraftTD.Menu.onMouseClick(DD)V+54
j  warcraftTD.Menu.loop()V+79
j  warcraftTD.Main.main([Ljava/lang/String;)V+23
v  ~StubRoutines::call_stub

siginfo: EXCEPTION_ACCESS_VIOLATION (0xc0000005), reading address 0x0000000000000118


Register to memory mapping:

RIP=0x00007ffeeda25d1a freetype.dll
RAX=0x000000507cdfe8c8 is pointing into the stack for thread: 0x000001d428663000
RBX=0x000000507cdfea70 is pointing into the stack for thread: 0x000001d428663000
RCX=0x000001d44efb8540 points into unknown readable memory: 50 5a 2e 56 d4 01 00 00
RDX=0x0 is NULL
RSP=0x000000507cdfe890 is pointing into the stack for thread: 0x000001d428663000
RBP=0x000000507cdfe990 is pointing into the stack for thread: 0x000001d428663000
RSI=0x000001d44efb8540 points into unknown readable memory: 50 5a 2e 56 d4 01 00 00
RDI=0x0 is NULL
R8 =0x0000000000000015 is an unknown value
R9 =0x000000507cdfe8f0 is pointing into the stack for thread: 0x000001d428663000
R10=0x0 is NULL
R11=0x000000507cdfe7c0 is pointing into the stack for thread: 0x000001d428663000
R12=0x0000000000000015 is an unknown value
R13=0x0000000000000790 is an unknown value
R14=0x000001d44efb8540 points into unknown readable memory: 50 5a 2e 56 d4 01 00 00
R15=0x000001d455f4d590 points into unknown readable memory: 70 9d 43 56 d4 01 00 00


Registers:
RAX=0x000000507cdfe8c8, RBX=0x000000507cdfea70, RCX=0x000001d44efb8540, RDX=0x0000000000000000
RSP=0x000000507cdfe890, RBP=0x000000507cdfe990, RSI=0x000001d44efb8540, RDI=0x0000000000000000
R8 =0x0000000000000015, R9 =0x000000507cdfe8f0, R10=0x0000000000000000, R11=0x000000507cdfe7c0
R12=0x0000000000000015, R13=0x0000000000000790, R14=0x000001d44efb8540, R15=0x000001d455f4d590
RIP=0x00007ffeeda25d1a, EFLAGS=0x0000000000010246

Top of Stack: (sp=0x000000507cdfe890)
0x000000507cdfe890:   000000507cdfea70 000000507cdfeaa0
0x000000507cdfe8a0:   0000000000000000 00007ffecaf71ee9
0x000000507cdfe8b0:   000000507cdfe8c8 000000b6000000b6
0x000000507cdfe8c0:   0000010000000000 0000000000000000
0x000000507cdfe8d0:   40550000ffff0000 0000000000000918
0x000000507cdfe8e0:   000147ae000147ae 00007ffe00000000
0x000000507cdfe8f0:   000001d428660000 00007ffeeda2dc73
0x000000507cdfe900:   000001d45d433880 0000000000000008
0x000000507cdfe910:   0000000000000000 00007ffeb26a299c
0x000000507cdfe920:   0000000000000000 0000000000000000
0x000000507cdfe930:   000001d455ecc900 000001d455f5ff30
0x000000507cdfe940:   000001d4566dbfc0 000001d44efb8540
0x000000507cdfe950:   000001d456461bf0 00007ffeeda32993
0x000000507cdfe960:   0000000000000000 000001d456461bf0
0x000000507cdfe970:   000001d456461bf0 00000000000000b6
0x000000507cdfe980:   0000000000000000 000001d4566dbfc0 

Instructions: (pc=0x00007ffeeda25d1a)
0x00007ffeeda25c1a:   48 89 45 c0 48 89 45 c8 48 89 45 d0 48 89 45 d8
0x00007ffeeda25c2a:   48 89 45 e0 c6 44 24 34 01 e8 18 e0 fd ff 48 8d
0x00007ffeeda25c3a:   45 a0 48 89 43 28 eb 12 48 8d 73 30 49 8b ce 4c
0x00007ffeeda25c4a:   8b c6 e8 6f d1 00 00 44 8b e8 44 8b 0e 45 85 c9
0x00007ffeeda25c5a:   7e 63 41 8b 96 04 04 00 00 85 d2 75 15 49 8b 8e
0x00007ffeeda25c6a:   d0 00 00 00 48 39 79 50 75 08 8d 4a 08 e9 01 0a
0x00007ffeeda25c7a:   00 00 46 8d 04 2a 48 8b cb 41 8b d4 41 ff 96 a8
0x00007ffeeda25c8a:   02 00 00 89 44 24 30 8b c8 85 c0 0f 85 e6 09 00
0x00007ffeeda25c9a:   00 48 8b cb 41 ff 96 b8 02 00 00 48 8b cb 89 44
0x00007ffeeda25caa:   24 30 41 ff 96 b0 02 00 00 8b 4c 24 30 85 c9 0f
0x00007ffeeda25cba:   85 c2 09 00 00 39 3e 74 06 66 39 7b 34 75 08 48
0x00007ffeeda25cca:   89 7b 38 48 89 7b 40 48 8b 43 28 48 8b 33 48 8b
0x00007ffeeda25cda:   c8 48 89 45 40 66 89 7c 24 60 66 89 7c 24 44 66
0x00007ffeeda25cea:   89 7c 24 38 66 89 7c 24 40 e8 78 df fd ff 4c 8b
0x00007ffeeda25cfa:   96 d0 02 00 00 4c 8d 4c 24 60 89 44 24 48 45 8b
0x00007ffeeda25d0a:   c4 48 8d 44 24 38 33 d2 48 8b ce 48 89 44 24 20
0x00007ffeeda25d1a:   41 ff 92 18 01 00 00 8b 4b 44 40 38 be 90 01 00
0x00007ffeeda25d2a:   00 74 27 4c 8b 96 d0 02 00 00 48 8d 44 24 40 4c
0x00007ffeeda25d3a:   8d 4c 24 44 48 89 44 24 20 45 8b c4 b2 01 48 8b
0x00007ffeeda25d4a:   ce 41 ff 92 18 01 00 00 eb 7d b8 ff ff 00 00 66
0x00007ffeeda25d5a:   39 86 08 02 00 00 74 37 0f b7 86 4e 02 00 00 66
0x00007ffeeda25d6a:   2b c1 66 89 44 24 44 0f bf 8e 4e 02 00 00 44 0f
0x00007ffeeda25d7a:   bf 86 50 02 00 00 8b d1 41 2b d0 0f b7 c1 66 41
0x00007ffeeda25d8a:   2b c0 66 44 2b c1 85 d2 66 44 0f 49 c0 eb 32 0f
0x00007ffeeda25d9a:   b7 86 3c 01 00 00 66 2b c1 66 89 44 24 44 0f bf
0x00007ffeeda25daa:   96 3e 01 00 00 44 0f bf 86 3c 01 00 00 44 3b c2
0x00007ffeeda25dba:   79 0b 66 41 2b d0 66 89 54 24 40 eb 0a 66 44 2b
0x00007ffeeda25dca:   c2 66 44 89 44 24 40 8b 54 24 48 48 8b 4d 40 e8
0x00007ffeeda25dda:   e2 e4 fd ff 8b c8 85 c0 75 35 0f bf 44 24 60 0f
0x00007ffeeda25dea:   b7 4c 24 38 89 43 48 0f bf 44 24 44 89 83 08 01
0x00007ffeeda25dfa:   00 00 0f b7 44 24 40 89 83 0c 01 00 00 89 4b 4c
0x00007ffeeda25e0a:   40 38 7b 54 75 07 c6 43 54 01 89 4b 50 8b cf 89 


Stack slot to memory mapping:
stack at sp + 0 slots: 0x000000507cdfea70 is pointing into the stack for thread: 0x000001d428663000
stack at sp + 1 slots: 0x000000507cdfeaa0 is pointing into the stack for thread: 0x000001d428663000
stack at sp + 2 slots: 0x0 is NULL
stack at sp + 3 slots: 0x00007ffecaf71ee9 jvm.dll
stack at sp + 4 slots: 0x000000507cdfe8c8 is pointing into the stack for thread: 0x000001d428663000
stack at sp + 5 slots: 0x000000b6000000b6 is an unknown value
stack at sp + 6 slots: 0x0000010000000000 is an unknown value
stack at sp + 7 slots: 0x0 is NULL


---------------  P R O C E S S  ---------------

Threads class SMR info:
_java_thread_list=0x000001d45635cd70, length=14, elements={
0x000001d428663000, 0x000001d44eaed800, 0x000001d44eaf2800, 0x000001d44eaff000,
0x000001d44eb09800, 0x000001d44eb0a800, 0x000001d44eb0b800, 0x000001d44eb10000,
0x000001d44ec53800, 0x000001d44ec62800, 0x000001d44f003000, 0x000001d44ee2d000,
0x000001d455db6800, 0x000001d45cc45800
}

Java Threads: ( => current thread )
=>0x000001d428663000 JavaThread "main" [_thread_in_native, id=51432, stack(0x000000507cd00000,0x000000507ce00000)]
  0x000001d44eaed800 JavaThread "Reference Handler" daemon [_thread_blocked, id=63260, stack(0x000000507d400000,0x000000507d500000)]
  0x000001d44eaf2800 JavaThread "Finalizer" daemon [_thread_blocked, id=60172, stack(0x000000507d500000,0x000000507d600000)]
  0x000001d44eaff000 JavaThread "Signal Dispatcher" daemon [_thread_blocked, id=58796, stack(0x000000507d600000,0x000000507d700000)]
  0x000001d44eb09800 JavaThread "Attach Listener" daemon [_thread_blocked, id=62164, stack(0x000000507d700000,0x000000507d800000)]
  0x000001d44eb0a800 JavaThread "C2 CompilerThread0" daemon [_thread_blocked, id=3532, stack(0x000000507d800000,0x000000507d900000)]
  0x000001d44eb0b800 JavaThread "C1 CompilerThread0" daemon [_thread_blocked, id=59932, stack(0x000000507d900000,0x000000507da00000)]
  0x000001d44eb10000 JavaThread "Sweeper thread" daemon [_thread_blocked, id=60392, stack(0x000000507da00000,0x000000507db00000)]
  0x000001d44ec53800 JavaThread "Service Thread" daemon [_thread_blocked, id=58164, stack(0x000000507db00000,0x000000507dc00000)]
  0x000001d44ec62800 JavaThread "Common-Cleaner" daemon [_thread_blocked, id=57744, stack(0x000000507dd00000,0x000000507de00000)]
  0x000001d44f003000 JavaThread "Java2D Disposer" daemon [_thread_blocked, id=63016, stack(0x000000507de00000,0x000000507df00000)]
  0x000001d44ee2d000 JavaThread "AWT-Shutdown" [_thread_blocked, id=61872, stack(0x000000507df00000,0x000000507e000000)]
  0x000001d455db6800 JavaThread "AWT-EventQueue-0" [_thread_blocked, id=61800, stack(0x000000507e300000,0x000000507e400000)]
  0x000001d45cc45800 JavaThread "Image Fetcher 0" daemon [_thread_blocked, id=60940, stack(0x000000507ca00000,0x000000507cb00000)]

Other Threads:
  0x000001d44eac6800 VMThread "VM Thread" [stack: 0x000000507d300000,0x000000507d400000] [id=62064]
  0x000001d44ec61000 WatcherThread [stack: 0x000000507dc00000,0x000000507dd00000] [id=42188]
  0x000001d4286cd800 GCTaskThread "GC Thread#0" [stack: 0x000000507ce00000,0x000000507cf00000] [id=53084]
  0x000001d45635d000 GCTaskThread "GC Thread#1" [stack: 0x000000507e700000,0x000000507e800000] [id=63112]
  0x000001d455f32800 GCTaskThread "GC Thread#2" [stack: 0x000000507e800000,0x000000507e900000] [id=61236]
  0x000001d455f33800 GCTaskThread "GC Thread#3" [stack: 0x000000507e900000,0x000000507ea00000] [id=58652]
  0x000001d455ec9800 GCTaskThread "GC Thread#4" [stack: 0x000000507ea00000,0x000000507eb00000] [id=60516]
  0x000001d456bb0000 GCTaskThread "GC Thread#5" [stack: 0x000000507eb00000,0x000000507ec00000] [id=54916]
  0x000001d4286ef800 ConcurrentGCThread "G1 Main Marker" [stack: 0x000000507cf00000,0x000000507d000000] [id=62012]
  0x000001d4286f1800 ConcurrentGCThread "G1 Conc#0" [stack: 0x000000507d000000,0x000000507d100000] [id=62952]
  0x000001d44dbea800 ConcurrentGCThread "G1 Refine#0" [stack: 0x000000507d100000,0x000000507d200000] [id=61708]
  0x000001d44efb8000 ConcurrentGCThread "G1 Refine#1" [stack: 0x000000507ec00000,0x000000507ed00000] [id=62024]
  0x000001d44f74c000 ConcurrentGCThread "G1 Refine#2" [stack: 0x000000507ed00000,0x000000507ee00000] [id=62820]
  0x000001d455f24800 ConcurrentGCThread "G1 Refine#3" [stack: 0x000000507ee00000,0x000000507ef00000] [id=58988]
  0x000001d455f25000 ConcurrentGCThread "G1 Refine#4" [stack: 0x000000507ef00000,0x000000507f000000] [id=58236]
  0x000001d455f26000 ConcurrentGCThread "G1 Refine#5" [stack: 0x000000507f000000,0x000000507f100000] [id=60048]
  0x000001d455f21800 ConcurrentGCThread "G1 Refine#6" [stack: 0x000000507f100000,0x000000507f200000] [id=62772]
  0x000001d455f27000 ConcurrentGCThread "G1 Refine#7" [stack: 0x000000507f200000,0x000000507f300000] [id=40092]
  0x000001d44dbec800 ConcurrentGCThread "G1 Young RemSet Sampling" [stack: 0x000000507d200000,0x000000507d300000] [id=61920]

Threads with active compile tasks:

VM state:not at safepoint (normal execution)

VM Mutex/Monitor currently owned by a thread: None

Heap address: 0x0000000701400000, size: 4076 MB, Compressed Oops mode: Zero based, Oop shift amount: 3
Narrow klass base: 0x0000000800000000, Narrow klass shift: 3
Compressed class space size: 1073741824 Address: 0x0000000800b40000

Heap:
 garbage-first heap   total 262144K, used 109994K [0x0000000701400000, 0x0000000800000000)
  region size 1024K, 31 young (31744K), 11 survivors (11264K)
 Metaspace       used 9576K, capacity 9796K, committed 10112K, reserved 1058816K
  class space    used 922K, capacity 1042K, committed 1152K, reserved 1048576K
Heap Regions: E=young(eden), S=young(survivor), O=old, HS=humongous(starts), HC=humongous(continues), CS=collection set, F=free, A=archive, TAMS=top-at-mark-start (previous, next)
|   0|0x0000000701400000, 0x0000000701500000, 0x0000000701500000|100%| O|  |TAMS 0x0000000701400000, 0x0000000701400000| Untracked 
|   1|0x0000000701500000, 0x0000000701600000, 0x0000000701600000|100%| O|  |TAMS 0x0000000701500000, 0x0000000701500000| Untracked 
|   2|0x0000000701600000, 0x0000000701700000, 0x0000000701700000|100%|HS|  |TAMS 0x0000000701600000, 0x0000000701600000| Complete 
|   3|0x0000000701700000, 0x0000000701800000, 0x0000000701800000|100%|HC|  |TAMS 0x0000000701700000, 0x0000000701700000| Complete 
|   4|0x0000000701800000, 0x0000000701900000, 0x0000000701900000|100%|HS|  |TAMS 0x0000000701800000, 0x0000000701800000| Complete 
|   5|0x0000000701900000, 0x0000000701a00000, 0x0000000701a00000|100%|HC|  |TAMS 0x0000000701900000, 0x0000000701900000| Complete 
|   6|0x0000000701a00000, 0x0000000701b00000, 0x0000000701b00000|100%|HC|  |TAMS 0x0000000701a00000, 0x0000000701a00000| Complete 
|   7|0x0000000701b00000, 0x0000000701c00000, 0x0000000701c00000|100%|HC|  |TAMS 0x0000000701b00000, 0x0000000701b00000| Complete 
|   8|0x0000000701c00000, 0x0000000701d00000, 0x0000000701d00000|100%|HS|  |TAMS 0x0000000701c00000, 0x0000000701c00000| Complete 
|   9|0x0000000701d00000, 0x0000000701e00000, 0x0000000701e00000|100%|HC|  |TAMS 0x0000000701d00000, 0x0000000701d00000| Complete 
|  10|0x0000000701e00000, 0x0000000701f00000, 0x0000000701f00000|100%|HC|  |TAMS 0x0000000701e00000, 0x0000000701e00000| Complete 
|  11|0x0000000701f00000, 0x0000000702000000, 0x0000000702000000|100%|HC|  |TAMS 0x0000000701f00000, 0x0000000701f00000| Complete 
|  12|0x0000000702000000, 0x0000000702100000, 0x0000000702100000|100%|HS|  |TAMS 0x0000000702000000, 0x0000000702000000| Complete 
|  13|0x0000000702100000, 0x0000000702200000, 0x0000000702200000|100%|HC|  |TAMS 0x0000000702100000, 0x0000000702100000| Complete 
|  14|0x0000000702200000, 0x0000000702300000, 0x0000000702300000|100%|HC|  |TAMS 0x0000000702200000, 0x0000000702200000| Complete 
|  15|0x0000000702300000, 0x0000000702400000, 0x0000000702400000|100%|HC|  |TAMS 0x0000000702300000, 0x0000000702300000| Complete 
|  16|0x0000000702400000, 0x0000000702500000, 0x0000000702500000|100%|HS|  |TAMS 0x0000000702400000, 0x0000000702400000| Complete 
|  17|0x0000000702500000, 0x0000000702600000, 0x0000000702600000|100%|HC|  |TAMS 0x0000000702500000, 0x0000000702500000| Complete 
|  18|0x0000000702600000, 0x0000000702700000, 0x0000000702700000|100%|HC|  |TAMS 0x0000000702600000, 0x0000000702600000| Complete 
|  19|0x0000000702700000, 0x0000000702800000, 0x0000000702800000|100%| O|  |TAMS 0x0000000702700000, 0x0000000702700000| Untracked 
|  20|0x0000000702800000, 0x0000000702900000, 0x0000000702900000|100%| O|  |TAMS 0x0000000702800000, 0x0000000702800000| Untracked 
|  21|0x0000000702900000, 0x0000000702a00000, 0x0000000702a00000|100%| O|  |TAMS 0x0000000702900000, 0x0000000702900000| Untracked 
|  22|0x0000000702a00000, 0x0000000702b00000, 0x0000000702b00000|100%| O|  |TAMS 0x0000000702a00000, 0x0000000702a00000| Untracked 
|  23|0x0000000702b00000, 0x0000000702c00000, 0x0000000702c00000|100%| O|  |TAMS 0x0000000702b00000, 0x0000000702b00000| Untracked 
|  24|0x0000000702c00000, 0x0000000702d00000, 0x0000000702d00000|100%| O|  |TAMS 0x0000000702c00000, 0x0000000702c00000| Untracked 
|  25|0x0000000702d00000, 0x0000000702e00000, 0x0000000702e00000|100%| O|  |TAMS 0x0000000702d00000, 0x0000000702d00000| Untracked 
|  26|0x0000000702e00000, 0x0000000702f00000, 0x0000000702f00000|100%| O|  |TAMS 0x0000000702e00000, 0x0000000702e00000| Untracked 
|  27|0x0000000702f00000, 0x0000000703000000, 0x0000000703000000|100%|HS|  |TAMS 0x0000000702f00000, 0x0000000702f00000| Complete 
|  28|0x0000000703000000, 0x0000000703100000, 0x0000000703100000|100%| O|  |TAMS 0x0000000703000000, 0x0000000703000000| Untracked 
|  29|0x0000000703100000, 0x0000000703200000, 0x0000000703200000|100%| O|  |TAMS 0x0000000703100000, 0x0000000703100000| Untracked 
|  30|0x0000000703200000, 0x0000000703300000, 0x0000000703300000|100%| O|  |TAMS 0x0000000703200000, 0x0000000703200000| Untracked 
|  31|0x0000000703300000, 0x0000000703400000, 0x0000000703400000|100%| O|  |TAMS 0x0000000703300000, 0x0000000703300000| Untracked 
|  32|0x0000000703400000, 0x0000000703500000, 0x0000000703500000|100%| O|  |TAMS 0x0000000703400000, 0x0000000703400000| Untracked 
|  33|0x0000000703500000, 0x0000000703600000, 0x0000000703600000|100%| O|  |TAMS 0x0000000703500000, 0x0000000703500000| Untracked 
|  34|0x0000000703600000, 0x0000000703700000, 0x0000000703700000|100%| O|  |TAMS 0x0000000703600000, 0x0000000703600000| Untracked 
|  35|0x0000000703700000, 0x0000000703800000, 0x0000000703800000|100%| O|  |TAMS 0x0000000703700000, 0x0000000703700000| Untracked 
|  36|0x0000000703800000, 0x0000000703900000, 0x0000000703900000|100%| O|  |TAMS 0x0000000703800000, 0x0000000703800000| Untracked 
|  37|0x0000000703900000, 0x0000000703a00000, 0x0000000703a00000|100%| O|  |TAMS 0x0000000703900000, 0x0000000703900000| Untracked 
|  38|0x0000000703a00000, 0x0000000703b00000, 0x0000000703b00000|100%| O|  |TAMS 0x0000000703a00000, 0x0000000703a00000| Untracked 
|  39|0x0000000703b00000, 0x0000000703c00000, 0x0000000703c00000|100%| O|  |TAMS 0x0000000703b00000, 0x0000000703b00000| Untracked 
|  40|0x0000000703c00000, 0x0000000703d00000, 0x0000000703d00000|100%| O|  |TAMS 0x0000000703c00000, 0x0000000703c00000| Untracked 
|  41|0x0000000703d00000, 0x0000000703e00000, 0x0000000703e00000|100%| O|  |TAMS 0x0000000703d00000, 0x0000000703d00000| Untracked 
|  42|0x0000000703e00000, 0x0000000703f00000, 0x0000000703f00000|100%| O|  |TAMS 0x0000000703e00000, 0x0000000703e00000| Untracked 
|  43|0x0000000703f00000, 0x0000000704000000, 0x0000000704000000|100%| O|  |TAMS 0x0000000703f00000, 0x0000000703f00000| Untracked 
|  44|0x0000000704000000, 0x0000000704100000, 0x0000000704100000|100%| O|  |TAMS 0x0000000704000000, 0x0000000704000000| Untracked 
|  45|0x0000000704100000, 0x0000000704200000, 0x0000000704200000|100%| O|  |TAMS 0x0000000704100000, 0x0000000704100000| Untracked 
|  46|0x0000000704200000, 0x0000000704300000, 0x0000000704300000|100%| O|  |TAMS 0x0000000704200000, 0x0000000704200000| Untracked 
|  47|0x0000000704300000, 0x0000000704400000, 0x0000000704400000|100%| O|  |TAMS 0x0000000704300000, 0x0000000704300000| Untracked 
|  48|0x0000000704400000, 0x0000000704500000, 0x0000000704500000|100%| O|  |TAMS 0x0000000704400000, 0x0000000704400000| Untracked 
|  49|0x0000000704500000, 0x0000000704600000, 0x0000000704600000|100%| O|  |TAMS 0x0000000704500000, 0x0000000704500000| Untracked 
|  50|0x0000000704600000, 0x0000000704700000, 0x0000000704700000|100%| O|  |TAMS 0x0000000704600000, 0x0000000704600000| Untracked 
|  51|0x0000000704700000, 0x0000000704800000, 0x0000000704800000|100%| O|  |TAMS 0x0000000704700000, 0x0000000704700000| Untracked 
|  52|0x0000000704800000, 0x0000000704900000, 0x0000000704900000|100%| O|  |TAMS 0x0000000704800000, 0x0000000704800000| Untracked 
|  53|0x0000000704900000, 0x0000000704a00000, 0x0000000704a00000|100%| O|  |TAMS 0x0000000704900000, 0x0000000704900000| Untracked 
|  54|0x0000000704a00000, 0x0000000704b00000, 0x0000000704b00000|100%| O|  |TAMS 0x0000000704a00000, 0x0000000704a00000| Untracked 
|  55|0x0000000704b00000, 0x0000000704c00000, 0x0000000704c00000|100%| O|  |TAMS 0x0000000704b00000, 0x0000000704b00000| Untracked 
|  56|0x0000000704c00000, 0x0000000704d00000, 0x0000000704d00000|100%| O|  |TAMS 0x0000000704c00000, 0x0000000704c00000| Untracked 
|  57|0x0000000704d00000, 0x0000000704e00000, 0x0000000704e00000|100%| O|  |TAMS 0x0000000704d00000, 0x0000000704d00000| Untracked 
|  58|0x0000000704e00000, 0x0000000704f00000, 0x0000000704f00000|100%| O|  |TAMS 0x0000000704e00000, 0x0000000704e00000| Untracked 
|  59|0x0000000704f00000, 0x0000000705000000, 0x0000000705000000|100%| O|  |TAMS 0x0000000704f00000, 0x0000000704f00000| Untracked 
|  60|0x0000000705000000, 0x0000000705100000, 0x0000000705100000|100%| O|  |TAMS 0x0000000705000000, 0x0000000705000000| Untracked 
|  61|0x0000000705100000, 0x0000000705200000, 0x0000000705200000|100%|HS|  |TAMS 0x0000000705100000, 0x0000000705100000| Complete 
|  62|0x0000000705200000, 0x0000000705300000, 0x0000000705300000|100%|HC|  |TAMS 0x0000000705200000, 0x0000000705200000| Complete 
|  63|0x0000000705300000, 0x0000000705400000, 0x0000000705400000|100%| O|  |TAMS 0x0000000705300000, 0x0000000705300000| Untracked 
|  64|0x0000000705400000, 0x0000000705500000, 0x0000000705500000|100%| O|  |TAMS 0x0000000705400000, 0x0000000705400000| Untracked 
|  65|0x0000000705500000, 0x0000000705600000, 0x0000000705600000|100%| O|  |TAMS 0x0000000705500000, 0x0000000705500000| Untracked 
|  66|0x0000000705600000, 0x0000000705700000, 0x0000000705700000|100%| O|  |TAMS 0x0000000705600000, 0x0000000705600000| Untracked 
|  67|0x0000000705700000, 0x0000000705800000, 0x0000000705800000|100%| O|  |TAMS 0x0000000705700000, 0x0000000705700000| Untracked 
|  68|0x0000000705800000, 0x0000000705900000, 0x0000000705900000|100%| O|  |TAMS 0x0000000705800000, 0x0000000705800000| Untracked 
|  69|0x0000000705900000, 0x0000000705a00000, 0x0000000705a00000|100%| O|  |TAMS 0x0000000705900000, 0x0000000705900000| Untracked 
|  70|0x0000000705a00000, 0x0000000705b00000, 0x0000000705b00000|100%| O|  |TAMS 0x0000000705a00000, 0x0000000705a00000| Untracked 
|  71|0x0000000705b00000, 0x0000000705c00000, 0x0000000705c00000|100%| O|  |TAMS 0x0000000705b00000, 0x0000000705b00000| Untracked 
|  72|0x0000000705c00000, 0x0000000705d00000, 0x0000000705d00000|100%| O|  |TAMS 0x0000000705c00000, 0x0000000705c00000| Untracked 
|  73|0x0000000705d00000, 0x0000000705e00000, 0x0000000705e00000|100%| O|  |TAMS 0x0000000705d00000, 0x0000000705d00000| Untracked 
|  74|0x0000000705e00000, 0x0000000705f00000, 0x0000000705f00000|100%| O|  |TAMS 0x0000000705e00000, 0x0000000705e00000| Untracked 
|  75|0x0000000705f00000, 0x0000000706000000, 0x0000000706000000|100%| O|  |TAMS 0x0000000705f00000, 0x0000000705f00000| Untracked 
|  76|0x0000000706000000, 0x0000000706100000, 0x0000000706100000|100%| O|  |TAMS 0x0000000706000000, 0x0000000706000000| Untracked 
|  77|0x0000000706100000, 0x00000007061f0600, 0x0000000706200000| 93%| O|  |TAMS 0x0000000706100000, 0x0000000706100000| Untracked 
|  78|0x0000000706200000, 0x0000000706200000, 0x0000000706300000|  0%| F|  |TAMS 0x0000000706200000, 0x0000000706200000| Untracked 
|  79|0x0000000706300000, 0x0000000706300000, 0x0000000706400000|  0%| F|  |TAMS 0x0000000706300000, 0x0000000706300000| Untracked 
|  80|0x0000000706400000, 0x0000000706400000, 0x0000000706500000|  0%| F|  |TAMS 0x0000000706400000, 0x0000000706400000| Untracked 
|  81|0x0000000706500000, 0x0000000706500000, 0x0000000706600000|  0%| F|  |TAMS 0x0000000706500000, 0x0000000706500000| Untracked 
|  82|0x0000000706600000, 0x0000000706600000, 0x0000000706700000|  0%| F|  |TAMS 0x0000000706600000, 0x0000000706600000| Untracked 
|  83|0x0000000706700000, 0x0000000706700000, 0x0000000706800000|  0%| F|  |TAMS 0x0000000706700000, 0x0000000706700000| Untracked 
|  84|0x0000000706800000, 0x0000000706800000, 0x0000000706900000|  0%| F|  |TAMS 0x0000000706800000, 0x0000000706800000| Untracked 
|  85|0x0000000706900000, 0x0000000706900000, 0x0000000706a00000|  0%| F|  |TAMS 0x0000000706900000, 0x0000000706900000| Untracked 
|  86|0x0000000706a00000, 0x0000000706a00000, 0x0000000706b00000|  0%| F|  |TAMS 0x0000000706a00000, 0x0000000706a00000| Untracked 
|  87|0x0000000706b00000, 0x0000000706b00000, 0x0000000706c00000|  0%| F|  |TAMS 0x0000000706b00000, 0x0000000706b00000| Untracked 
|  88|0x0000000706c00000, 0x0000000706c00000, 0x0000000706d00000|  0%| F|  |TAMS 0x0000000706c00000, 0x0000000706c00000| Untracked 
|  89|0x0000000706d00000, 0x0000000706d00000, 0x0000000706e00000|  0%| F|  |TAMS 0x0000000706d00000, 0x0000000706d00000| Untracked 
|  90|0x0000000706e00000, 0x0000000706e00000, 0x0000000706f00000|  0%| F|  |TAMS 0x0000000706e00000, 0x0000000706e00000| Untracked 
|  91|0x0000000706f00000, 0x0000000706f00000, 0x0000000707000000|  0%| F|  |TAMS 0x0000000706f00000, 0x0000000706f00000| Untracked 
|  92|0x0000000707000000, 0x0000000707000000, 0x0000000707100000|  0%| F|  |TAMS 0x0000000707000000, 0x0000000707000000| Untracked 
|  93|0x0000000707100000, 0x0000000707100000, 0x0000000707200000|  0%| F|  |TAMS 0x0000000707100000, 0x0000000707100000| Untracked 
|  94|0x0000000707200000, 0x0000000707200000, 0x0000000707300000|  0%| F|  |TAMS 0x0000000707200000, 0x0000000707200000| Untracked 
|  95|0x0000000707300000, 0x0000000707300000, 0x0000000707400000|  0%| F|  |TAMS 0x0000000707300000, 0x0000000707300000| Untracked 
|  96|0x0000000707400000, 0x0000000707400000, 0x0000000707500000|  0%| F|  |TAMS 0x0000000707400000, 0x0000000707400000| Untracked 
|  97|0x0000000707500000, 0x0000000707500000, 0x0000000707600000|  0%| F|  |TAMS 0x0000000707500000, 0x0000000707500000| Untracked 
|  98|0x0000000707600000, 0x0000000707600000, 0x0000000707700000|  0%| F|  |TAMS 0x0000000707600000, 0x0000000707600000| Untracked 
|  99|0x0000000707700000, 0x0000000707700000, 0x0000000707800000|  0%| F|  |TAMS 0x0000000707700000, 0x0000000707700000| Untracked 
| 100|0x0000000707800000, 0x0000000707800000, 0x0000000707900000|  0%| F|  |TAMS 0x0000000707800000, 0x0000000707800000| Untracked 
| 101|0x0000000707900000, 0x0000000707900000, 0x0000000707a00000|  0%| F|  |TAMS 0x0000000707900000, 0x0000000707900000| Untracked 
| 102|0x0000000707a00000, 0x0000000707a00000, 0x0000000707b00000|  0%| F|  |TAMS 0x0000000707a00000, 0x0000000707a00000| Untracked 
| 103|0x0000000707b00000, 0x0000000707b00000, 0x0000000707c00000|  0%| F|  |TAMS 0x0000000707b00000, 0x0000000707b00000| Untracked 
| 104|0x0000000707c00000, 0x0000000707c00000, 0x0000000707d00000|  0%| F|  |TAMS 0x0000000707c00000, 0x0000000707c00000| Untracked 
| 105|0x0000000707d00000, 0x0000000707d00000, 0x0000000707e00000|  0%| F|  |TAMS 0x0000000707d00000, 0x0000000707d00000| Untracked 
| 106|0x0000000707e00000, 0x0000000707e00000, 0x0000000707f00000|  0%| F|  |TAMS 0x0000000707e00000, 0x0000000707e00000| Untracked 
| 107|0x0000000707f00000, 0x0000000707f00000, 0x0000000708000000|  0%| F|  |TAMS 0x0000000707f00000, 0x0000000707f00000| Untracked 
| 108|0x0000000708000000, 0x0000000708000000, 0x0000000708100000|  0%| F|  |TAMS 0x0000000708000000, 0x0000000708000000| Untracked 
| 109|0x0000000708100000, 0x0000000708100000, 0x0000000708200000|  0%| F|  |TAMS 0x0000000708100000, 0x0000000708100000| Untracked 
| 110|0x0000000708200000, 0x0000000708200000, 0x0000000708300000|  0%| F|  |TAMS 0x0000000708200000, 0x0000000708200000| Untracked 
| 111|0x0000000708300000, 0x0000000708300000, 0x0000000708400000|  0%| F|  |TAMS 0x0000000708300000, 0x0000000708300000| Untracked 
| 112|0x0000000708400000, 0x0000000708400000, 0x0000000708500000|  0%| F|  |TAMS 0x0000000708400000, 0x0000000708400000| Untracked 
| 113|0x0000000708500000, 0x0000000708500000, 0x0000000708600000|  0%| F|  |TAMS 0x0000000708500000, 0x0000000708500000| Untracked 
| 114|0x0000000708600000, 0x0000000708600000, 0x0000000708700000|  0%| F|  |TAMS 0x0000000708600000, 0x0000000708600000| Untracked 
| 115|0x0000000708700000, 0x0000000708700000, 0x0000000708800000|  0%| F|  |TAMS 0x0000000708700000, 0x0000000708700000| Untracked 
| 116|0x0000000708800000, 0x000000070887a250, 0x0000000708900000| 47%| S|CS|TAMS 0x0000000708800000, 0x0000000708800000| Complete 
| 117|0x0000000708900000, 0x0000000708a00000, 0x0000000708a00000|100%| S|CS|TAMS 0x0000000708900000, 0x0000000708900000| Complete 
| 118|0x0000000708a00000, 0x0000000708b00000, 0x0000000708b00000|100%| S|CS|TAMS 0x0000000708a00000, 0x0000000708a00000| Complete 
| 119|0x0000000708b00000, 0x0000000708c00000, 0x0000000708c00000|100%| S|CS|TAMS 0x0000000708b00000, 0x0000000708b00000| Complete 
| 120|0x0000000708c00000, 0x0000000708d00000, 0x0000000708d00000|100%| S|CS|TAMS 0x0000000708c00000, 0x0000000708c00000| Complete 
| 121|0x0000000708d00000, 0x0000000708e00000, 0x0000000708e00000|100%| S|CS|TAMS 0x0000000708d00000, 0x0000000708d00000| Complete 
| 122|0x0000000708e00000, 0x0000000708f00000, 0x0000000708f00000|100%| S|CS|TAMS 0x0000000708e00000, 0x0000000708e00000| Complete 
| 123|0x0000000708f00000, 0x0000000709000000, 0x0000000709000000|100%| S|CS|TAMS 0x0000000708f00000, 0x0000000708f00000| Complete 
| 124|0x0000000709000000, 0x0000000709100000, 0x0000000709100000|100%| S|CS|TAMS 0x0000000709000000, 0x0000000709000000| Complete 
| 125|0x0000000709100000, 0x0000000709200000, 0x0000000709200000|100%| S|CS|TAMS 0x0000000709100000, 0x0000000709100000| Complete 
| 126|0x0000000709200000, 0x0000000709300000, 0x0000000709300000|100%| S|CS|TAMS 0x0000000709200000, 0x0000000709200000| Complete 
| 127|0x0000000709300000, 0x0000000709300000, 0x0000000709400000|  0%| F|  |TAMS 0x0000000709300000, 0x0000000709300000| Untracked 
| 128|0x0000000709400000, 0x0000000709400000, 0x0000000709500000|  0%| F|  |TAMS 0x0000000709400000, 0x0000000709400000| Untracked 
| 129|0x0000000709500000, 0x0000000709500000, 0x0000000709600000|  0%| F|  |TAMS 0x0000000709500000, 0x0000000709500000| Untracked 
| 130|0x0000000709600000, 0x0000000709600000, 0x0000000709700000|  0%| F|  |TAMS 0x0000000709600000, 0x0000000709600000| Untracked 
| 131|0x0000000709700000, 0x0000000709700000, 0x0000000709800000|  0%| F|  |TAMS 0x0000000709700000, 0x0000000709700000| Untracked 
| 132|0x0000000709800000, 0x0000000709800000, 0x0000000709900000|  0%| F|  |TAMS 0x0000000709800000, 0x0000000709800000| Untracked 
| 133|0x0000000709900000, 0x0000000709900000, 0x0000000709a00000|  0%| F|  |TAMS 0x0000000709900000, 0x0000000709900000| Untracked 
| 134|0x0000000709a00000, 0x0000000709a00000, 0x0000000709b00000|  0%| F|  |TAMS 0x0000000709a00000, 0x0000000709a00000| Untracked 
| 135|0x0000000709b00000, 0x0000000709b00000, 0x0000000709c00000|  0%| F|  |TAMS 0x0000000709b00000, 0x0000000709b00000| Untracked 
| 136|0x0000000709c00000, 0x0000000709c00000, 0x0000000709d00000|  0%| F|  |TAMS 0x0000000709c00000, 0x0000000709c00000| Untracked 
| 137|0x0000000709d00000, 0x0000000709d00000, 0x0000000709e00000|  0%| F|  |TAMS 0x0000000709d00000, 0x0000000709d00000| Untracked 
| 138|0x0000000709e00000, 0x0000000709e00000, 0x0000000709f00000|  0%| F|  |TAMS 0x0000000709e00000, 0x0000000709e00000| Untracked 
| 139|0x0000000709f00000, 0x0000000709f00000, 0x000000070a000000|  0%| F|  |TAMS 0x0000000709f00000, 0x0000000709f00000| Untracked 
| 140|0x000000070a000000, 0x000000070a000000, 0x000000070a100000|  0%| F|  |TAMS 0x000000070a000000, 0x000000070a000000| Untracked 
| 141|0x000000070a100000, 0x000000070a100000, 0x000000070a200000|  0%| F|  |TAMS 0x000000070a100000, 0x000000070a100000| Untracked 
| 142|0x000000070a200000, 0x000000070a200000, 0x000000070a300000|  0%| F|  |TAMS 0x000000070a200000, 0x000000070a200000| Untracked 
| 143|0x000000070a300000, 0x000000070a300000, 0x000000070a400000|  0%| F|  |TAMS 0x000000070a300000, 0x000000070a300000| Untracked 
| 144|0x000000070a400000, 0x000000070a400000, 0x000000070a500000|  0%| F|  |TAMS 0x000000070a400000, 0x000000070a400000| Untracked 
| 145|0x000000070a500000, 0x000000070a500000, 0x000000070a600000|  0%| F|  |TAMS 0x000000070a500000, 0x000000070a500000| Untracked 
| 146|0x000000070a600000, 0x000000070a600000, 0x000000070a700000|  0%| F|  |TAMS 0x000000070a600000, 0x000000070a600000| Untracked 
| 147|0x000000070a700000, 0x000000070a700000, 0x000000070a800000|  0%| F|  |TAMS 0x000000070a700000, 0x000000070a700000| Untracked 
| 148|0x000000070a800000, 0x000000070a800000, 0x000000070a900000|  0%| F|  |TAMS 0x000000070a800000, 0x000000070a800000| Untracked 
| 149|0x000000070a900000, 0x000000070a900000, 0x000000070aa00000|  0%| F|  |TAMS 0x000000070a900000, 0x000000070a900000| Untracked 
| 150|0x000000070aa00000, 0x000000070aa00000, 0x000000070ab00000|  0%| F|  |TAMS 0x000000070aa00000, 0x000000070aa00000| Untracked 
| 151|0x000000070ab00000, 0x000000070ab00000, 0x000000070ac00000|  0%| F|  |TAMS 0x000000070ab00000, 0x000000070ab00000| Untracked 
| 152|0x000000070ac00000, 0x000000070ac00000, 0x000000070ad00000|  0%| F|  |TAMS 0x000000070ac00000, 0x000000070ac00000| Untracked 
| 153|0x000000070ad00000, 0x000000070ad00000, 0x000000070ae00000|  0%| F|  |TAMS 0x000000070ad00000, 0x000000070ad00000| Untracked 
| 154|0x000000070ae00000, 0x000000070ae00000, 0x000000070af00000|  0%| F|  |TAMS 0x000000070ae00000, 0x000000070ae00000| Untracked 
| 155|0x000000070af00000, 0x000000070af00000, 0x000000070b000000|  0%| F|  |TAMS 0x000000070af00000, 0x000000070af00000| Untracked 
| 156|0x000000070b000000, 0x000000070b000000, 0x000000070b100000|  0%| F|  |TAMS 0x000000070b000000, 0x000000070b000000| Untracked 
| 157|0x000000070b100000, 0x000000070b100000, 0x000000070b200000|  0%| F|  |TAMS 0x000000070b100000, 0x000000070b100000| Untracked 
| 158|0x000000070b200000, 0x000000070b200000, 0x000000070b300000|  0%| F|  |TAMS 0x000000070b200000, 0x000000070b200000| Untracked 
| 159|0x000000070b300000, 0x000000070b300000, 0x000000070b400000|  0%| F|  |TAMS 0x000000070b300000, 0x000000070b300000| Untracked 
| 160|0x000000070b400000, 0x000000070b400000, 0x000000070b500000|  0%| F|  |TAMS 0x000000070b400000, 0x000000070b400000| Untracked 
| 161|0x000000070b500000, 0x000000070b500000, 0x000000070b600000|  0%| F|  |TAMS 0x000000070b500000, 0x000000070b500000| Untracked 
| 162|0x000000070b600000, 0x000000070b600000, 0x000000070b700000|  0%| F|  |TAMS 0x000000070b600000, 0x000000070b600000| Untracked 
| 163|0x000000070b700000, 0x000000070b700000, 0x000000070b800000|  0%| F|  |TAMS 0x000000070b700000, 0x000000070b700000| Untracked 
| 164|0x000000070b800000, 0x000000070b800000, 0x000000070b900000|  0%| F|  |TAMS 0x000000070b800000, 0x000000070b800000| Untracked 
| 165|0x000000070b900000, 0x000000070b900000, 0x000000070ba00000|  0%| F|  |TAMS 0x000000070b900000, 0x000000070b900000| Untracked 
| 166|0x000000070ba00000, 0x000000070ba00000, 0x000000070bb00000|  0%| F|  |TAMS 0x000000070ba00000, 0x000000070ba00000| Untracked 
| 167|0x000000070bb00000, 0x000000070bb00000, 0x000000070bc00000|  0%| F|  |TAMS 0x000000070bb00000, 0x000000070bb00000| Untracked 
| 168|0x000000070bc00000, 0x000000070bc00000, 0x000000070bd00000|  0%| F|  |TAMS 0x000000070bc00000, 0x000000070bc00000| Untracked 
| 169|0x000000070bd00000, 0x000000070bd00000, 0x000000070be00000|  0%| F|  |TAMS 0x000000070bd00000, 0x000000070bd00000| Untracked 
| 170|0x000000070be00000, 0x000000070be00000, 0x000000070bf00000|  0%| F|  |TAMS 0x000000070be00000, 0x000000070be00000| Untracked 
| 171|0x000000070bf00000, 0x000000070bf00000, 0x000000070c000000|  0%| F|  |TAMS 0x000000070bf00000, 0x000000070bf00000| Untracked 
| 172|0x000000070c000000, 0x000000070c000000, 0x000000070c100000|  0%| F|  |TAMS 0x000000070c000000, 0x000000070c000000| Untracked 
| 173|0x000000070c100000, 0x000000070c100000, 0x000000070c200000|  0%| F|  |TAMS 0x000000070c100000, 0x000000070c100000| Untracked 
| 174|0x000000070c200000, 0x000000070c200000, 0x000000070c300000|  0%| F|  |TAMS 0x000000070c200000, 0x000000070c200000| Untracked 
| 175|0x000000070c300000, 0x000000070c300000, 0x000000070c400000|  0%| F|  |TAMS 0x000000070c300000, 0x000000070c300000| Untracked 
| 176|0x000000070c400000, 0x000000070c400000, 0x000000070c500000|  0%| F|  |TAMS 0x000000070c400000, 0x000000070c400000| Untracked 
| 177|0x000000070c500000, 0x000000070c500000, 0x000000070c600000|  0%| F|  |TAMS 0x000000070c500000, 0x000000070c500000| Untracked 
| 178|0x000000070c600000, 0x000000070c600000, 0x000000070c700000|  0%| F|  |TAMS 0x000000070c600000, 0x000000070c600000| Untracked 
| 179|0x000000070c700000, 0x000000070c700000, 0x000000070c800000|  0%| F|  |TAMS 0x000000070c700000, 0x000000070c700000| Untracked 
| 180|0x000000070c800000, 0x000000070c800000, 0x000000070c900000|  0%| F|  |TAMS 0x000000070c800000, 0x000000070c800000| Untracked 
| 181|0x000000070c900000, 0x000000070c900000, 0x000000070ca00000|  0%| F|  |TAMS 0x000000070c900000, 0x000000070c900000| Untracked 
| 182|0x000000070ca00000, 0x000000070ca00000, 0x000000070cb00000|  0%| F|  |TAMS 0x000000070ca00000, 0x000000070ca00000| Untracked 
| 183|0x000000070cb00000, 0x000000070cb00000, 0x000000070cc00000|  0%| F|  |TAMS 0x000000070cb00000, 0x000000070cb00000| Untracked 
| 184|0x000000070cc00000, 0x000000070cc00000, 0x000000070cd00000|  0%| F|  |TAMS 0x000000070cc00000, 0x000000070cc00000| Untracked 
| 185|0x000000070cd00000, 0x000000070cd00000, 0x000000070ce00000|  0%| F|  |TAMS 0x000000070cd00000, 0x000000070cd00000| Untracked 
| 186|0x000000070ce00000, 0x000000070ce00000, 0x000000070cf00000|  0%| F|  |TAMS 0x000000070ce00000, 0x000000070ce00000| Untracked 
| 187|0x000000070cf00000, 0x000000070cf00000, 0x000000070d000000|  0%| F|  |TAMS 0x000000070cf00000, 0x000000070cf00000| Untracked 
| 188|0x000000070d000000, 0x000000070d000000, 0x000000070d100000|  0%| F|  |TAMS 0x000000070d000000, 0x000000070d000000| Untracked 
| 189|0x000000070d100000, 0x000000070d100000, 0x000000070d200000|  0%| F|  |TAMS 0x000000070d100000, 0x000000070d100000| Untracked 
| 190|0x000000070d200000, 0x000000070d200000, 0x000000070d300000|  0%| F|  |TAMS 0x000000070d200000, 0x000000070d200000| Untracked 
| 191|0x000000070d300000, 0x000000070d300000, 0x000000070d400000|  0%| F|  |TAMS 0x000000070d300000, 0x000000070d300000| Untracked 
| 192|0x000000070d400000, 0x000000070d400000, 0x000000070d500000|  0%| F|  |TAMS 0x000000070d400000, 0x000000070d400000| Untracked 
| 193|0x000000070d500000, 0x000000070d500000, 0x000000070d600000|  0%| F|  |TAMS 0x000000070d500000, 0x000000070d500000| Untracked 
| 194|0x000000070d600000, 0x000000070d600000, 0x000000070d700000|  0%| F|  |TAMS 0x000000070d600000, 0x000000070d600000| Untracked 
| 195|0x000000070d700000, 0x000000070d700000, 0x000000070d800000|  0%| F|  |TAMS 0x000000070d700000, 0x000000070d700000| Untracked 
| 196|0x000000070d800000, 0x000000070d800000, 0x000000070d900000|  0%| F|  |TAMS 0x000000070d800000, 0x000000070d800000| Untracked 
| 197|0x000000070d900000, 0x000000070d900000, 0x000000070da00000|  0%| F|  |TAMS 0x000000070d900000, 0x000000070d900000| Untracked 
| 198|0x000000070da00000, 0x000000070da00000, 0x000000070db00000|  0%| F|  |TAMS 0x000000070da00000, 0x000000070da00000| Untracked 
| 199|0x000000070db00000, 0x000000070db00000, 0x000000070dc00000|  0%| F|  |TAMS 0x000000070db00000, 0x000000070db00000| Untracked 
| 200|0x000000070dc00000, 0x000000070dc00000, 0x000000070dd00000|  0%| F|  |TAMS 0x000000070dc00000, 0x000000070dc00000| Untracked 
| 201|0x000000070dd00000, 0x000000070dd00000, 0x000000070de00000|  0%| F|  |TAMS 0x000000070dd00000, 0x000000070dd00000| Untracked 
| 202|0x000000070de00000, 0x000000070de00000, 0x000000070df00000|  0%| F|  |TAMS 0x000000070de00000, 0x000000070de00000| Untracked 
| 203|0x000000070df00000, 0x000000070df00000, 0x000000070e000000|  0%| F|  |TAMS 0x000000070df00000, 0x000000070df00000| Untracked 
| 204|0x000000070e000000, 0x000000070e000000, 0x000000070e100000|  0%| F|  |TAMS 0x000000070e000000, 0x000000070e000000| Untracked 
| 205|0x000000070e100000, 0x000000070e100000, 0x000000070e200000|  0%| F|  |TAMS 0x000000070e100000, 0x000000070e100000| Untracked 
| 206|0x000000070e200000, 0x000000070e200000, 0x000000070e300000|  0%| F|  |TAMS 0x000000070e200000, 0x000000070e200000| Untracked 
| 207|0x000000070e300000, 0x000000070e300000, 0x000000070e400000|  0%| F|  |TAMS 0x000000070e300000, 0x000000070e300000| Untracked 
| 208|0x000000070e400000, 0x000000070e400000, 0x000000070e500000|  0%| F|  |TAMS 0x000000070e400000, 0x000000070e400000| Untracked 
| 209|0x000000070e500000, 0x000000070e500000, 0x000000070e600000|  0%| F|  |TAMS 0x000000070e500000, 0x000000070e500000| Untracked 
| 210|0x000000070e600000, 0x000000070e600000, 0x000000070e700000|  0%| F|  |TAMS 0x000000070e600000, 0x000000070e600000| Untracked 
| 211|0x000000070e700000, 0x000000070e700000, 0x000000070e800000|  0%| F|  |TAMS 0x000000070e700000, 0x000000070e700000| Untracked 
| 212|0x000000070e800000, 0x000000070e800000, 0x000000070e900000|  0%| F|  |TAMS 0x000000070e800000, 0x000000070e800000| Untracked 
| 213|0x000000070e900000, 0x000000070e900000, 0x000000070ea00000|  0%| F|  |TAMS 0x000000070e900000, 0x000000070e900000| Untracked 
| 214|0x000000070ea00000, 0x000000070ea00000, 0x000000070eb00000|  0%| F|  |TAMS 0x000000070ea00000, 0x000000070ea00000| Untracked 
| 215|0x000000070eb00000, 0x000000070eb00000, 0x000000070ec00000|  0%| F|  |TAMS 0x000000070eb00000, 0x000000070eb00000| Untracked 
| 216|0x000000070ec00000, 0x000000070ec00000, 0x000000070ed00000|  0%| F|  |TAMS 0x000000070ec00000, 0x000000070ec00000| Untracked 
| 217|0x000000070ed00000, 0x000000070ed00000, 0x000000070ee00000|  0%| F|  |TAMS 0x000000070ed00000, 0x000000070ed00000| Untracked 
| 218|0x000000070ee00000, 0x000000070ee00000, 0x000000070ef00000|  0%| F|  |TAMS 0x000000070ee00000, 0x000000070ee00000| Untracked 
| 219|0x000000070ef00000, 0x000000070ef00000, 0x000000070f000000|  0%| F|  |TAMS 0x000000070ef00000, 0x000000070ef00000| Untracked 
| 220|0x000000070f000000, 0x000000070f000000, 0x000000070f100000|  0%| F|  |TAMS 0x000000070f000000, 0x000000070f000000| Untracked 
| 221|0x000000070f100000, 0x000000070f100000, 0x000000070f200000|  0%| F|  |TAMS 0x000000070f100000, 0x000000070f100000| Untracked 
| 222|0x000000070f200000, 0x000000070f200000, 0x000000070f300000|  0%| F|  |TAMS 0x000000070f200000, 0x000000070f200000| Untracked 
| 223|0x000000070f300000, 0x000000070f300000, 0x000000070f400000|  0%| F|  |TAMS 0x000000070f300000, 0x000000070f300000| Untracked 
| 224|0x000000070f400000, 0x000000070f400000, 0x000000070f500000|  0%| F|  |TAMS 0x000000070f400000, 0x000000070f400000| Untracked 
| 225|0x000000070f500000, 0x000000070f500000, 0x000000070f600000|  0%| F|  |TAMS 0x000000070f500000, 0x000000070f500000| Untracked 
| 226|0x000000070f600000, 0x000000070f600000, 0x000000070f700000|  0%| F|  |TAMS 0x000000070f600000, 0x000000070f600000| Untracked 
| 227|0x000000070f700000, 0x000000070f700000, 0x000000070f800000|  0%| F|  |TAMS 0x000000070f700000, 0x000000070f700000| Untracked 
| 228|0x000000070f800000, 0x000000070f800000, 0x000000070f900000|  0%| F|  |TAMS 0x000000070f800000, 0x000000070f800000| Untracked 
| 229|0x000000070f900000, 0x000000070f900000, 0x000000070fa00000|  0%| F|  |TAMS 0x000000070f900000, 0x000000070f900000| Untracked 
| 230|0x000000070fa00000, 0x000000070fa00000, 0x000000070fb00000|  0%| F|  |TAMS 0x000000070fa00000, 0x000000070fa00000| Untracked 
| 231|0x000000070fb00000, 0x000000070fb00000, 0x000000070fc00000|  0%| F|  |TAMS 0x000000070fb00000, 0x000000070fb00000| Untracked 
| 232|0x000000070fc00000, 0x000000070fc00000, 0x000000070fd00000|  0%| F|  |TAMS 0x000000070fc00000, 0x000000070fc00000| Untracked 
| 233|0x000000070fd00000, 0x000000070fd00000, 0x000000070fe00000|  0%| F|  |TAMS 0x000000070fd00000, 0x000000070fd00000| Untracked 
| 234|0x000000070fe00000, 0x000000070fe00000, 0x000000070ff00000|  0%| F|  |TAMS 0x000000070fe00000, 0x000000070fe00000| Untracked 
| 235|0x000000070ff00000, 0x000000070ff00000, 0x0000000710000000|  0%| F|  |TAMS 0x000000070ff00000, 0x000000070ff00000| Untracked 
| 236|0x0000000710000000, 0x0000000710000800, 0x0000000710100000|  0%| E|  |TAMS 0x0000000710000000, 0x0000000710000000| Complete 
| 237|0x0000000710100000, 0x0000000710200000, 0x0000000710200000|100%| E|CS|TAMS 0x0000000710100000, 0x0000000710100000| Complete 
| 238|0x0000000710200000, 0x0000000710300000, 0x0000000710300000|100%| E|CS|TAMS 0x0000000710200000, 0x0000000710200000| Complete 
| 239|0x0000000710300000, 0x0000000710400000, 0x0000000710400000|100%| E|CS|TAMS 0x0000000710300000, 0x0000000710300000| Complete 
| 240|0x0000000710400000, 0x0000000710500000, 0x0000000710500000|100%| E|CS|TAMS 0x0000000710400000, 0x0000000710400000| Complete 
| 241|0x0000000710500000, 0x0000000710600000, 0x0000000710600000|100%| E|CS|TAMS 0x0000000710500000, 0x0000000710500000| Complete 
| 242|0x0000000710600000, 0x0000000710700000, 0x0000000710700000|100%| E|CS|TAMS 0x0000000710600000, 0x0000000710600000| Complete 
| 243|0x0000000710700000, 0x0000000710800000, 0x0000000710800000|100%| E|CS|TAMS 0x0000000710700000, 0x0000000710700000| Complete 
| 244|0x0000000710800000, 0x0000000710900000, 0x0000000710900000|100%| E|CS|TAMS 0x0000000710800000, 0x0000000710800000| Complete 
| 245|0x0000000710900000, 0x0000000710a00000, 0x0000000710a00000|100%| E|CS|TAMS 0x0000000710900000, 0x0000000710900000| Complete 
| 246|0x0000000710a00000, 0x0000000710b00000, 0x0000000710b00000|100%| E|CS|TAMS 0x0000000710a00000, 0x0000000710a00000| Complete 
| 247|0x0000000710b00000, 0x0000000710c00000, 0x0000000710c00000|100%| E|CS|TAMS 0x0000000710b00000, 0x0000000710b00000| Complete 
| 248|0x0000000710c00000, 0x0000000710d00000, 0x0000000710d00000|100%| E|CS|TAMS 0x0000000710c00000, 0x0000000710c00000| Complete 
| 249|0x0000000710d00000, 0x0000000710e00000, 0x0000000710e00000|100%| E|CS|TAMS 0x0000000710d00000, 0x0000000710d00000| Complete 
| 250|0x0000000710e00000, 0x0000000710f00000, 0x0000000710f00000|100%| E|CS|TAMS 0x0000000710e00000, 0x0000000710e00000| Complete 
| 251|0x0000000710f00000, 0x0000000711000000, 0x0000000711000000|100%| E|CS|TAMS 0x0000000710f00000, 0x0000000710f00000| Complete 
| 252|0x0000000711000000, 0x0000000711100000, 0x0000000711100000|100%| E|CS|TAMS 0x0000000711000000, 0x0000000711000000| Complete 
| 253|0x0000000711100000, 0x0000000711200000, 0x0000000711200000|100%| E|CS|TAMS 0x0000000711100000, 0x0000000711100000| Complete 
| 254|0x0000000711200000, 0x0000000711300000, 0x0000000711300000|100%| E|CS|TAMS 0x0000000711200000, 0x0000000711200000| Complete 
| 255|0x0000000711300000, 0x0000000711400000, 0x0000000711400000|100%| E|CS|TAMS 0x0000000711300000, 0x0000000711300000| Complete 

Card table byte_map: [0x000001d442740000,0x000001d442f40000] _byte_map_base: 0x000001d43ef36000

Marking Bits (Prev, Next): (CMBitMap*) 0x000001d4286ce918, (CMBitMap*) 0x000001d4286ce958
 Prev Bits: [0x000001d443740000, 0x000001d4476f0000)
 Next Bits: [0x000001d4476f0000, 0x000001d44b6a0000)

Polling page: 0x000001d428730000

Metaspace:

Usage:
  Non-class:      8.55 MB capacity,     8.45 MB ( 99%) used,    78.58 KB ( <1%) free+waste,    21.75 KB ( <1%) overhead. 
      Class:      1.02 MB capacity,   922.85 KB ( 89%) used,   105.65 KB ( 10%) free+waste,    13.50 KB (  1%) overhead. 
       Both:      9.57 MB capacity,     9.35 MB ( 98%) used,   184.23 KB (  2%) free+waste,    35.25 KB ( <1%) overhead. 

Virtual space:
  Non-class space:       10.00 MB reserved,       8.75 MB ( 88%) committed 
      Class space:        1.00 GB reserved,       1.13 MB ( <1%) committed 
             Both:        1.01 GB reserved,       9.88 MB ( <1%) committed 

Chunk freelists:
   Non-Class:  14.00 KB
       Class:  14.00 KB
        Both:  28.00 KB

MaxMetaspaceSize: 17179869184.00 GB
CompressedClassSpaceSize: 1.00 GB

CodeHeap 'non-profiled nmethods': size=120000Kb used=3615Kb max_used=3751Kb free=116384Kb
 bounds [0x000001d439e30000, 0x000001d43a1e0000, 0x000001d441360000]
CodeHeap 'profiled nmethods': size=120000Kb used=4537Kb max_used=5695Kb free=115462Kb
 bounds [0x000001d432900000, 0x000001d432e90000, 0x000001d439e30000]
CodeHeap 'non-nmethods': size=5760Kb used=1319Kb max_used=1395Kb free=4440Kb
 bounds [0x000001d432360000, 0x000001d4325d0000, 0x000001d432900000]
 total_blobs=5783 nmethods=2541 adapters=519
 compilation: enabled
              stopped_count=0, restarted_count=0
 full_count=0

Compilation events (20 events):
Event: 70.243 Thread 0x000001d44eb0b800 nmethod 3180 0x000001d432c1f310 code [0x000001d432c1f4e0, 0x000001d432c1f8e0]
Event: 70.338 Thread 0x000001d44eb0a800 3181       4       sun.font.CompositeStrike::getFontMetrics (56 bytes)
Event: 70.342 Thread 0x000001d44eb0a800 nmethod 3181 0x000001d43a1cc690 code [0x000001d43a1cc840, 0x000001d43a1ccc58]
Event: 71.410 Thread 0x000001d44eb0a800 3182       4       warcraftTD.World::tick (69 bytes)
Event: 71.776 Thread 0x000001d44eb0b800 3184       3       javax.swing.JComponent::contains (27 bytes)
Event: 71.777 Thread 0x000001d44eb0b800 nmethod 3184 0x000001d432a32e10 code [0x000001d432a32fe0, 0x000001d432a336f8]
Event: 72.070 Thread 0x000001d44eb0a800 nmethod 3182 0x000001d43a1cce90 code [0x000001d43a1cd2e0, 0x000001d43a1d1160]
Event: 72.070 Thread 0x000001d44eb0a800 3183       4       warcraftTD.World::tickMonkeys (45 bytes)
Event: 72.075 Thread 0x000001d44eb0b800 3185       3       warcraftTD.World::drawLoseWindow (158 bytes)
Event: 72.076 Thread 0x000001d44eb0b800 nmethod 3185 0x000001d432a31410 code [0x000001d432a31840, 0x000001d432a32810]
Event: 72.230 Thread 0x000001d44eb0a800 nmethod 3183 0x000001d43a1d3a90 code [0x000001d43a1d3e60, 0x000001d43a1d72a8]
Event: 72.258 Thread 0x000001d44eb0b800 3186       3       sun.font.FreetypeFontScaler::invalidateScalerContext (1 bytes)
Event: 72.259 Thread 0x000001d44eb0b800 nmethod 3186 0x000001d432abe210 code [0x000001d432abe3a0, 0x000001d432abe518]
Event: 72.259 Thread 0x000001d44eb0a800 3187       4       sun.font.FreetypeFontScaler::invalidateScalerContext (1 bytes)
Event: 72.259 Thread 0x000001d44eb0a800 nmethod 3187 0x000001d43a1d9310 code [0x000001d43a1d94a0, 0x000001d43a1d9518]
Event: 72.259 Thread 0x000001d44eb0a800 3188       4       java.util.concurrent.ConcurrentHashMap$Traverser::advance (188 bytes)
Event: 72.261 Thread 0x000001d44eb0a800 nmethod 3188 0x000001d43a1d9610 code [0x000001d43a1d97a0, 0x000001d43a1d9ab8]
Event: 72.261 Thread 0x000001d44eb0a800 3190       4       java.util.concurrent.ConcurrentHashMap$BaseIterator::hasNext (13 bytes)
Event: 72.262 Thread 0x000001d44eb0a800 nmethod 3190 0x000001d43a1d9c90 code [0x000001d43a1d9e20, 0x000001d43a1d9e98]
Event: 72.262 Thread 0x000001d44eb0a800 3189       4       java.util.concurrent.ConcurrentHashMap$ValueIterator::next (34 bytes)

GC Heap History (20 events):
Event: 3.381 GC heap before
{Heap before GC invocations=2 (full 0):
 garbage-first heap   total 262144K, used 45130K [0x0000000701400000, 0x0000000800000000)
  region size 1024K, 15 young (15360K), 1 survivors (1024K)
 Metaspace       used 9171K, capacity 9379K, committed 9472K, reserved 1058816K
  class space    used 911K, capacity 1010K, committed 1024K, reserved 1048576K
}
Event: 3.382 GC heap after
{Heap after GC invocations=3 (full 0):
 garbage-first heap   total 262144K, used 30506K [0x0000000701400000, 0x0000000800000000)
  region size 1024K, 1 young (1024K), 1 survivors (1024K)
 Metaspace       used 9171K, capacity 9379K, committed 9472K, reserved 1058816K
  class space    used 911K, capacity 1010K, committed 1024K, reserved 1048576K
}
Event: 6.602 GC heap before
{Heap before GC invocations=3 (full 0):
 garbage-first heap   total 262144K, used 69418K [0x0000000701400000, 0x0000000800000000)
  region size 1024K, 39 young (39936K), 1 survivors (1024K)
 Metaspace       used 9383K, capacity 9636K, committed 9728K, reserved 1058816K
  class space    used 918K, capacity 1010K, committed 1024K, reserved 1048576K
}
Event: 6.602 GC heap after
{Heap after GC invocations=4 (full 0):
 garbage-first heap   total 262144K, used 30935K [0x0000000701400000, 0x0000000800000000)
  region size 1024K, 1 young (1024K), 1 survivors (1024K)
 Metaspace       used 9383K, capacity 9636K, committed 9728K, reserved 1058816K
  class space    used 918K, capacity 1010K, committed 1024K, reserved 1048576K
}
Event: 13.000 GC heap before
{Heap before GC invocations=4 (full 0):
 garbage-first heap   total 262144K, used 90327K [0x0000000701400000, 0x0000000800000000)
  region size 1024K, 59 young (60416K), 1 survivors (1024K)
 Metaspace       used 9495K, capacity 9700K, committed 9728K, reserved 1058816K
  class space    used 918K, capacity 1010K, committed 1024K, reserved 1048576K
}
Event: 13.001 GC heap after
{Heap after GC invocations=5 (full 0):
 garbage-first heap   total 262144K, used 33157K [0x0000000701400000, 0x0000000800000000)
  region size 1024K, 4 young (4096K), 4 survivors (4096K)
 Metaspace       used 9495K, capacity 9700K, committed 9728K, reserved 1058816K
  class space    used 918K, capacity 1010K, committed 1024K, reserved 1048576K
}
Event: 21.198 GC heap before
{Heap before GC invocations=5 (full 0):
 garbage-first heap   total 262144K, used 125317K [0x0000000701400000, 0x0000000800000000)
  region size 1024K, 94 young (96256K), 4 survivors (4096K)
 Metaspace       used 9509K, capacity 9700K, committed 9728K, reserved 1058816K
  class space    used 918K, capacity 1010K, committed 1024K, reserved 1048576K
}
Event: 21.202 GC heap after
{Heap after GC invocations=6 (full 0):
 garbage-first heap   total 262144K, used 40914K [0x0000000701400000, 0x0000000800000000)
  region size 1024K, 11 young (11264K), 11 survivors (11264K)
 Metaspace       used 9509K, capacity 9700K, committed 9728K, reserved 1058816K
  class space    used 918K, capacity 1010K, committed 1024K, reserved 1048576K
}
Event: 31.806 GC heap before
{Heap before GC invocations=6 (full 0):
 garbage-first heap   total 262144K, used 179154K [0x0000000701400000, 0x0000000800000000)
  region size 1024K, 146 young (149504K), 11 survivors (11264K)
 Metaspace       used 9520K, capacity 9700K, committed 9728K, reserved 1058816K
  class space    used 918K, capacity 1010K, committed 1024K, reserved 1048576K
}
Event: 31.811 GC heap after
{Heap after GC invocations=7 (full 0):
 garbage-first heap   total 262144K, used 45386K [0x0000000701400000, 0x0000000800000000)
  region size 1024K, 12 young (12288K), 12 survivors (12288K)
 Metaspace       used 9520K, capacity 9700K, committed 9728K, reserved 1058816K
  class space    used 918K, capacity 1010K, committed 1024K, reserved 1048576K
}
Event: 37.947 GC heap before
{Heap before GC invocations=7 (full 0):
 garbage-first heap   total 262144K, used 188746K [0x0000000701400000, 0x0000000800000000)
  region size 1024K, 152 young (155648K), 12 survivors (12288K)
 Metaspace       used 9527K, capacity 9700K, committed 9728K, reserved 1058816K
  class space    used 918K, capacity 1010K, committed 1024K, reserved 1048576K
}
Event: 37.954 GC heap after
{Heap after GC invocations=8 (full 0):
 garbage-first heap   total 262144K, used 53820K [0x0000000701400000, 0x0000000800000000)
  region size 1024K, 13 young (13312K), 13 survivors (13312K)
 Metaspace       used 9527K, capacity 9700K, committed 9728K, reserved 1058816K
  class space    used 918K, capacity 1010K, committed 1024K, reserved 1048576K
}
Event: 44.964 GC heap before
{Heap before GC invocations=8 (full 0):
 garbage-first heap   total 262144K, used 197180K [0x0000000701400000, 0x0000000800000000)
  region size 1024K, 153 young (156672K), 13 survivors (13312K)
 Metaspace       used 9532K, capacity 9764K, committed 9984K, reserved 1058816K
  class space    used 918K, capacity 1010K, committed 1024K, reserved 1048576K
}
Event: 44.971 GC heap after
{Heap after GC invocations=9 (full 0):
 garbage-first heap   total 262144K, used 62172K [0x0000000701400000, 0x0000000800000000)
  region size 1024K, 17 young (17408K), 17 survivors (17408K)
 Metaspace       used 9532K, capacity 9764K, committed 9984K, reserved 1058816K
  class space    used 918K, capacity 1010K, committed 1024K, reserved 1048576K
}
Event: 49.762 GC heap before
{Heap before GC invocations=9 (full 0):
 garbage-first heap   total 262144K, used 201436K [0x0000000701400000, 0x0000000800000000)
  region size 1024K, 154 young (157696K), 17 survivors (17408K)
 Metaspace       used 9534K, capacity 9796K, committed 10112K, reserved 1058816K
  class space    used 919K, capacity 1042K, committed 1152K, reserved 1048576K
}
Event: 49.769 GC heap after
{Heap after GC invocations=10 (full 0):
 garbage-first heap   total 262144K, used 66364K [0x0000000701400000, 0x0000000800000000)
  region size 1024K, 13 young (13312K), 13 survivors (13312K)
 Metaspace       used 9534K, capacity 9796K, committed 10112K, reserved 1058816K
  class space    used 919K, capacity 1042K, committed 1152K, reserved 1048576K
}
Event: 62.051 GC heap before
{Heap before GC invocations=10 (full 0):
 garbage-first heap   total 262144K, used 209724K [0x0000000701400000, 0x0000000800000000)
  region size 1024K, 153 young (156672K), 13 survivors (13312K)
 Metaspace       used 9534K, capacity 9796K, committed 10112K, reserved 1058816K
  class space    used 919K, capacity 1042K, committed 1152K, reserved 1048576K
}
Event: 62.060 GC heap after
{Heap after GC invocations=11 (full 0):
 garbage-first heap   total 262144K, used 78260K [0x0000000701400000, 0x0000000800000000)
  region size 1024K, 16 young (16384K), 16 survivors (16384K)
 Metaspace       used 9534K, capacity 9796K, committed 10112K, reserved 1058816K
  class space    used 919K, capacity 1042K, committed 1152K, reserved 1048576K
}
Event: 70.557 GC heap before
{Heap before GC invocations=11 (full 0):
 garbage-first heap   total 262144K, used 212404K [0x0000000701400000, 0x0000000800000000)
  region size 1024K, 145 young (148480K), 16 survivors (16384K)
 Metaspace       used 9560K, capacity 9796K, committed 10112K, reserved 1058816K
  class space    used 919K, capacity 1042K, committed 1152K, reserved 1048576K
}
Event: 70.567 GC heap after
{Heap after GC invocations=12 (full 0):
 garbage-first heap   total 262144K, used 90538K [0x0000000701400000, 0x0000000800000000)
  region size 1024K, 11 young (11264K), 11 survivors (11264K)
 Metaspace       used 9560K, capacity 9796K, committed 10112K, reserved 1058816K
  class space    used 919K, capacity 1042K, committed 1152K, reserved 1048576K
}

Deoptimization events (20 events):
Event: 71.179 Thread 0x000001d455db6800 Uncommon trap: trap_request=0xffffff45 fr.pc=0x000001d43a0b7e08 relative=0x00000000000029e8
Event: 71.179 Thread 0x000001d455db6800 Uncommon trap: reason=unstable_if action=reinterpret pc=0x000001d43a0b7e08 method=java.awt.Toolkit.notifyAWTEventListeners(Ljava/awt/AWTEvent;)V @ 25 c2
Event: 71.179 Thread 0x000001d455db6800 DEOPT PACKING pc=0x000001d43a0b7e08 sp=0x000000507e3fec70
Event: 71.179 Thread 0x000001d455db6800 DEOPT UNPACKING pc=0x000001d4323a912f sp=0x000000507e3febd0 mode 2
Event: 71.179 Thread 0x000001d455db6800 Uncommon trap: trap_request=0xffffff45 fr.pc=0x000001d43a0c5e58 relative=0x00000000000000b8
Event: 71.179 Thread 0x000001d455db6800 Uncommon trap: reason=unstable_if action=reinterpret pc=0x000001d43a0c5e58 method=java.awt.Component.eventTypeEnabled(I)Z @ 1 c2
Event: 71.179 Thread 0x000001d455db6800 DEOPT PACKING pc=0x000001d43a0c5e58 sp=0x000000507e3febd0
Event: 71.179 Thread 0x000001d455db6800 DEOPT UNPACKING pc=0x000001d4323a912f sp=0x000000507e3feb60 mode 2
Event: 72.248 Thread 0x000001d44ee2e000 Uncommon trap: trap_request=0xffffff45 fr.pc=0x000001d43a0aa664 relative=0x00000000000009a4
Event: 72.248 Thread 0x000001d44ee2e000 Uncommon trap: reason=unstable_if action=reinterpret pc=0x000001d43a0aa664 method=sun.awt.windows.WWindowPeer.preprocessPostEvent(Ljava/awt/AWTEvent;)V @ 4 c2
Event: 72.248 Thread 0x000001d44ee2e000 DEOPT PACKING pc=0x000001d43a0aa664 sp=0x000000507e0fc440
Event: 72.248 Thread 0x000001d44ee2e000 DEOPT UNPACKING pc=0x000001d4323a912f sp=0x000000507e0fc3e0 mode 2
Event: 72.248 Thread 0x000001d455db6800 Uncommon trap: trap_request=0xffffffde fr.pc=0x000001d439fefe7c relative=0x000000000000057c
Event: 72.248 Thread 0x000001d455db6800 Uncommon trap: reason=class_check action=maybe_recompile pc=0x000001d439fefe7c method=java.awt.EventQueue.setCurrentEventAndMostRecentTimeImpl(Ljava/awt/AWTEvent;)V @ 134 c2
Event: 72.248 Thread 0x000001d455db6800 DEOPT PACKING pc=0x000001d439fefe7c sp=0x000000507e3feef0
Event: 72.248 Thread 0x000001d455db6800 DEOPT UNPACKING pc=0x000001d4323a912f sp=0x000000507e3fee90 mode 2
Event: 72.257 Thread 0x000001d428663000 Uncommon trap: trap_request=0xffffff45 fr.pc=0x000001d439e602e0 relative=0x0000000000000380
Event: 72.257 Thread 0x000001d428663000 Uncommon trap: reason=unstable_if action=reinterpret pc=0x000001d439e602e0 method=sun.font.TrueTypeFont.readBlock(Ljava/nio/ByteBuffer;II)I @ 15 c2
Event: 72.257 Thread 0x000001d428663000 DEOPT PACKING pc=0x000001d439e602e0 sp=0x000000507cdfe100
Event: 72.257 Thread 0x000001d428663000 DEOPT UNPACKING pc=0x000001d4323a912f sp=0x000000507cdfe0a0 mode 2

Classes unloaded (0 events):
No events

Classes redefined (0 events):
No events

Internal exceptions (20 events):
Event: 25.102 Thread 0x000001d459fc7800 Exception <a 'java/io/FileNotFoundException'{0x00000007106a87e8}> (0x00000007106a87e8) 
thrown [t:/workspace/open/src/hotspot/share/prims/jni.cpp, line 598]
Event: 26.100 Thread 0x000001d459fc7800 Exception <a 'java/io/FileNotFoundException'{0x00000007106b6c80}> (0x00000007106b6c80) 
thrown [t:/workspace/open/src/hotspot/share/prims/jni.cpp, line 598]
Event: 26.612 Thread 0x000001d459fc7800 Exception <a 'java/io/FileNotFoundException'{0x00000007106c3938}> (0x00000007106c3938) 
thrown [t:/workspace/open/src/hotspot/share/prims/jni.cpp, line 598]
Event: 27.102 Thread 0x000001d459fc7800 Exception <a 'java/io/FileNotFoundException'{0x00000007106d32f8}> (0x00000007106d32f8) 
thrown [t:/workspace/open/src/hotspot/share/prims/jni.cpp, line 598]
Event: 27.396 Thread 0x000001d459fc7800 Exception <a 'java/io/FileNotFoundException'{0x00000007106e3208}> (0x00000007106e3208) 
thrown [t:/workspace/open/src/hotspot/share/prims/jni.cpp, line 598]
Event: 27.615 Thread 0x000001d459fc7800 Exception <a 'java/io/FileNotFoundException'{0x00000007106efee0}> (0x00000007106efee0) 
thrown [t:/workspace/open/src/hotspot/share/prims/jni.cpp, line 598]
Event: 28.102 Thread 0x000001d459fc7800 Exception <a 'java/io/FileNotFoundException'{0x000000070d18bc40}> (0x000000070d18bc40) 
thrown [t:/workspace/open/src/hotspot/share/prims/jni.cpp, line 598]
Event: 30.574 Thread 0x000001d428663000 Implicit null exception at 0x000001d43a09e127 to 0x000001d43a0a016a
Event: 31.768 Thread 0x000001d459fc7800 Exception <a 'java/io/FileNotFoundException'{0x000000070d19bfb8}> (0x000000070d19bfb8) 
thrown [t:/workspace/open/src/hotspot/share/prims/jni.cpp, line 598]
Event: 32.003 Thread 0x000001d459fc7800 Exception <a 'java/io/FileNotFoundException'{0x0000000710e001c0}> (0x0000000710e001c0) 
thrown [t:/workspace/open/src/hotspot/share/prims/jni.cpp, line 598]
Event: 32.084 Thread 0x000001d459fc7800 Exception <a 'java/io/FileNotFoundException'{0x0000000710e11008}> (0x0000000710e11008) 
thrown [t:/workspace/open/src/hotspot/share/prims/jni.cpp, line 598]
Event: 32.184 Thread 0x000001d459fc7800 Exception <a 'java/io/FileNotFoundException'{0x0000000710cb6570}> (0x0000000710cb6570) 
thrown [t:/workspace/open/src/hotspot/share/prims/jni.cpp, line 598]
Event: 32.286 Thread 0x000001d459fc7800 Exception <a 'java/io/FileNotFoundException'{0x0000000710cc6a40}> (0x0000000710cc6a40) 
thrown [t:/workspace/open/src/hotspot/share/prims/jni.cpp, line 598]
Event: 36.085 Thread 0x000001d459fc7800 Exception <a 'java/io/FileNotFoundException'{0x0000000710cd6b80}> (0x0000000710cd6b80) 
thrown [t:/workspace/open/src/hotspot/share/prims/jni.cpp, line 598]
Event: 40.087 Thread 0x000001d459fc7800 Exception <a 'java/io/FileNotFoundException'{0x000000070fd37610}> (0x000000070fd37610) 
thrown [t:/workspace/open/src/hotspot/share/prims/jni.cpp, line 598]
Event: 64.913 Thread 0x000001d458cef800 Exception <a 'java/io/FileNotFoundException'{0x000000070f9809c0}> (0x000000070f9809c0) 
thrown [t:/workspace/open/src/hotspot/share/prims/jni.cpp, line 598]
Event: 70.095 Thread 0x000001d45cc45800 Exception <a 'java/io/FileNotFoundException'{0x0000000709e001b0}> (0x0000000709e001b0) 
thrown [t:/workspace/open/src/hotspot/share/prims/jni.cpp, line 598]
Event: 71.179 Thread 0x000001d455db6800 Implicit null exception at 0x000001d43a0b5745 to 0x000001d43a0b7de6
Event: 72.257 Thread 0x000001d428663000 Exception <a 'java/io/FileNotFoundException'{0x0000000710187518}> (0x0000000710187518) 
thrown [t:/workspace/open/src/hotspot/share/prims/jni.cpp, line 598]
Event: 72.258 Thread 0x000001d428663000 Exception <a 'java/io/FileNotFoundException'{0x0000000710188a98}> (0x0000000710188a98) 
thrown [t:/workspace/open/src/hotspot/share/prims/jni.cpp, line 598]

Events (20 events):
Event: 72.262 Executing VM operation: HandshakeAllThreads done
Event: 72.262 Thread 0x000001d44eb10000 flushing nmethod 0x000001d439ec4790
Event: 72.262 Thread 0x000001d44eb10000 flushing nmethod 0x000001d439f0d490
Event: 72.262 Thread 0x000001d44eb10000 flushing nmethod 0x000001d439f13310
Event: 72.262 Thread 0x000001d44eb10000 flushing nmethod 0x000001d439f18f10
Event: 72.262 Thread 0x000001d44eb10000 flushing nmethod 0x000001d439f37b10
Event: 72.262 Thread 0x000001d44eb10000 flushing nmethod 0x000001d439f41c90
Event: 72.262 Thread 0x000001d44eb10000 flushing nmethod 0x000001d439f65a90
Event: 72.262 Thread 0x000001d44eb10000 flushing nmethod 0x000001d439fa2e10
Event: 72.262 Thread 0x000001d44eb10000 flushing nmethod 0x000001d439fe8590
Event: 72.262 Thread 0x000001d44eb10000 flushing nmethod 0x000001d439febd10
Event: 72.262 Thread 0x000001d44eb10000 flushing nmethod 0x000001d439fec310
Event: 72.262 Thread 0x000001d44eb10000 flushing nmethod 0x000001d439ff6810
Event: 72.262 Thread 0x000001d44eb10000 flushing nmethod 0x000001d439ffad10
Event: 72.262 Thread 0x000001d44eb10000 flushing nmethod 0x000001d43a005310
Event: 72.262 Thread 0x000001d44eb10000 flushing nmethod 0x000001d43a00ae10
Event: 72.262 Thread 0x000001d44eb10000 flushing nmethod 0x000001d43a00e010
Event: 72.262 Thread 0x000001d44eb10000 flushing nmethod 0x000001d43a02aa10
Event: 72.262 Thread 0x000001d44eb10000 flushing nmethod 0x000001d43a050010
Event: 72.263 Thread 0x000001d44eb10000 flushing nmethod 0x000001d43a070c90


Dynamic libraries:
0x00007ff66bc60000 - 0x00007ff66bc6f000 	C:\Program Files\Java\jdk-13\bin\java.exe
0x00007fff25bc0000 - 0x00007fff25db0000 	C:\Windows\SYSTEM32\ntdll.dll
0x00007fff251d0000 - 0x00007fff25282000 	C:\Windows\System32\KERNEL32.DLL
0x00007fff237c0000 - 0x00007fff23a65000 	C:\Windows\System32\KERNELBASE.dll
0x00007fff23b20000 - 0x00007fff23c1a000 	C:\Windows\System32\ucrtbase.dll
0x00007fff1d6e0000 - 0x00007fff1d6f8000 	C:\Program Files\Java\jdk-13\bin\jli.dll
0x00007fff18a60000 - 0x00007fff18a75000 	C:\Program Files\Java\jdk-13\bin\VCRUNTIME140.dll
0x00007fff23c70000 - 0x00007fff23d13000 	C:\Windows\System32\ADVAPI32.dll
0x00007fff24490000 - 0x00007fff2452e000 	C:\Windows\System32\msvcrt.dll
0x00007fff24e60000 - 0x00007fff24ef7000 	C:\Windows\System32\sechost.dll
0x00007fff250b0000 - 0x00007fff251cf000 	C:\Windows\System32\RPCRT4.dll
0x00007fff253a0000 - 0x00007fff25534000 	C:\Windows\System32\USER32.dll
0x00007fff102e0000 - 0x00007fff10564000 	C:\Windows\WinSxS\amd64_microsoft.windows.common-controls_6595b64144ccf1df_6.0.18362.1316_none_9e7a364fe461dbd7\COMCTL32.dll
0x00007fff23c40000 - 0x00007fff23c61000 	C:\Windows\System32\win32u.dll
0x00007fff247a0000 - 0x00007fff24ad7000 	C:\Windows\System32\combase.dll
0x00007fff24f00000 - 0x00007fff24f26000 	C:\Windows\System32\GDI32.dll
0x00007fff235e0000 - 0x00007fff23661000 	C:\Windows\System32\bcryptPrimitives.dll
0x00007fff22b40000 - 0x00007fff22cd8000 	C:\Windows\System32\gdi32full.dll
0x00007fff22d60000 - 0x00007fff22dfe000 	C:\Windows\System32\msvcp_win.dll
0x00007fff1d0f0000 - 0x00007fff1d0fa000 	C:\Windows\SYSTEM32\VERSION.dll
0x00007fff24fb0000 - 0x00007fff24fde000 	C:\Windows\System32\IMM32.DLL
0x00007fff165e0000 - 0x00007fff1667b000 	C:\Program Files\Java\jdk-13\bin\msvcp140.dll
0x00007ffecabb0000 - 0x00007ffecb716000 	C:\Program Files\Java\jdk-13\bin\server\jvm.dll
0x00007fff24470000 - 0x00007fff24478000 	C:\Windows\System32\PSAPI.DLL
0x00007fff20240000 - 0x00007fff20264000 	C:\Windows\SYSTEM32\WINMM.dll
0x00007fff0afc0000 - 0x00007fff0afc9000 	C:\Windows\SYSTEM32\WSOCK32.dll
0x00007fff24c90000 - 0x00007fff24cff000 	C:\Windows\System32\WS2_32.dll
0x00007fff20210000 - 0x00007fff2023d000 	C:\Windows\SYSTEM32\WINMMBASE.dll
0x00007fff22d10000 - 0x00007fff22d5a000 	C:\Windows\System32\cfgmgr32.dll
0x00007fff22a80000 - 0x00007fff22a91000 	C:\Windows\System32\kernel.appcore.dll
0x00007fff19030000 - 0x00007fff19040000 	C:\Program Files\Java\jdk-13\bin\verify.dll
0x00007fff06260000 - 0x00007fff06454000 	C:\Windows\SYSTEM32\DBGHELP.DLL
0x00007fff06230000 - 0x00007fff0625a000 	C:\Windows\SYSTEM32\dbgcore.DLL
0x00007fff18a30000 - 0x00007fff18a56000 	C:\Program Files\Java\jdk-13\bin\java.dll
0x00007fff18a10000 - 0x00007fff18a27000 	C:\Program Files\Java\jdk-13\bin\zip.dll
0x00007fff17f90000 - 0x00007fff17f9a000 	C:\Program Files\Java\jdk-13\bin\jimage.dll
0x00007fff23d20000 - 0x00007fff24408000 	C:\Windows\System32\SHELL32.dll
0x00007fff24530000 - 0x00007fff245d7000 	C:\Windows\System32\shcore.dll
0x00007fff22e60000 - 0x00007fff235db000 	C:\Windows\System32\windows.storage.dll
0x00007fff22ac0000 - 0x00007fff22ae3000 	C:\Windows\System32\profapi.dll
0x00007fff22af0000 - 0x00007fff22b3a000 	C:\Windows\System32\powrprof.dll
0x00007fff22a70000 - 0x00007fff22a80000 	C:\Windows\System32\UMPDC.dll
0x00007fff24410000 - 0x00007fff24462000 	C:\Windows\System32\shlwapi.dll
0x00007fff23c20000 - 0x00007fff23c37000 	C:\Windows\System32\cryptsp.dll
0x00007ffeb2650000 - 0x00007ffeb27e9000 	C:\Program Files\Java\jdk-13\bin\awt.dll
0x00007fff24d80000 - 0x00007fff24e45000 	C:\Windows\System32\OLEAUT32.dll
0x00007fff1f580000 - 0x00007fff1fb40000 	C:\Windows\SYSTEM32\d2d1.dll
0x00007fff20bc0000 - 0x00007fff20c4f000 	C:\Windows\SYSTEM32\apphelp.dll
0x00007fff211c0000 - 0x00007fff211ed000 	C:\Windows\system32\DWMAPI.DLL
0x00007fff20d00000 - 0x00007fff20d99000 	C:\Windows\system32\uxtheme.dll
0x00007ffeebf10000 - 0x00007ffeec066000 	C:\Windows\system32\opengl32.dll
0x00007fff0f300000 - 0x00007fff0f32c000 	C:\Windows\SYSTEM32\GLU32.dll
0x00007fff21690000 - 0x00007fff216b0000 	C:\Windows\SYSTEM32\dxcore.dll
0x00007fff24ae0000 - 0x00007fff24c15000 	C:\Windows\System32\MSCTF.dll
0x00007fff24640000 - 0x00007fff24797000 	C:\Windows\System32\ole32.dll
0x00007fff22aa0000 - 0x00007fff22ab2000 	C:\Windows\System32\msasn1.dll
0x00007fff1bb80000 - 0x00007fff1bbaf000 	C:\Windows\SYSTEM32\cryptnet.dll
0x00007fff23670000 - 0x00007fff237ba000 	C:\Windows\System32\CRYPT32.dll
0x00007fff22480000 - 0x00007fff2248c000 	C:\Windows\SYSTEM32\cryptbase.dll
0x00007fff22e00000 - 0x00007fff22e5c000 	C:\Windows\System32\WINTRUST.DLL
0x00007fff25540000 - 0x00007fff2555d000 	C:\Windows\System32\imagehlp.dll
0x00007fff21e30000 - 0x00007fff21e63000 	C:\Windows\system32\rsaenh.dll
0x00007fff22ce0000 - 0x00007fff22d06000 	C:\Windows\System32\bcrypt.dll
0x00007fff21640000 - 0x00007fff21662000 	C:\Windows\SYSTEM32\gpapi.dll
0x00007ffeed9e0000 - 0x00007ffeeda62000 	C:\Program Files\Java\jdk-13\bin\freetype.dll
0x00007ffed4c10000 - 0x00007ffed4cb6000 	C:\Program Files\Java\jdk-13\bin\fontmanager.dll
0x00007fff193d0000 - 0x00007fff1946d000 	C:\Windows\System32\TextInputFramework.dll
0x00007fff1df00000 - 0x00007fff1e22a000 	C:\Windows\System32\CoreUIComponents.dll
0x00007fff207d0000 - 0x00007fff208a4000 	C:\Windows\System32\CoreMessaging.dll
0x00007fff21a90000 - 0x00007fff21ac1000 	C:\Windows\SYSTEM32\ntmarta.dll
0x00007fff1dd80000 - 0x00007fff1ded2000 	C:\Windows\SYSTEM32\wintypes.dll
0x00007fff16920000 - 0x00007fff16939000 	C:\Program Files\Java\jdk-13\bin\net.dll
0x00007fff1d5e0000 - 0x00007fff1d6d0000 	C:\Windows\SYSTEM32\WINHTTP.dll
0x00007fff1b870000 - 0x00007fff1ba46000 	C:\Windows\SYSTEM32\urlmon.dll
0x00007fff19470000 - 0x00007fff19717000 	C:\Windows\SYSTEM32\iertutil.dll
0x00007fff222b0000 - 0x00007fff22317000 	C:\Windows\system32\mswsock.dll
0x00007fff165c0000 - 0x00007fff165d3000 	C:\Program Files\Java\jdk-13\bin\nio.dll
0x00007fff22990000 - 0x00007fff229b5000 	C:\Windows\SYSTEM32\USERENV.dll
0x00007fff21fc0000 - 0x00007fff21ffa000 	C:\Windows\SYSTEM32\IPHLPAPI.DLL
0x00007fff24480000 - 0x00007fff24488000 	C:\Windows\System32\NSI.dll
0x00007fff1c5b0000 - 0x00007fff1c5c6000 	C:\Windows\SYSTEM32\dhcpcsvc6.DLL
0x00007fff1d100000 - 0x00007fff1d11c000 	C:\Windows\SYSTEM32\dhcpcsvc.DLL
0x00007fff22000000 - 0x00007fff220cb000 	C:\Windows\SYSTEM32\DNSAPI.dll
0x00007ffefb520000 - 0x00007ffefb54d000 	C:\Program Files\Java\jdk-13\bin\javajpeg.dll

dbghelp: loaded successfully - version: 4.0.5 - missing functions: none
symbol engine: initialized successfully - sym options: 0x614 - pdb path: .;C:\Program Files\Java\jdk-13\bin;C:\Windows\SYSTEM32;C:\Windows\WinSxS\amd64_microsoft.windows.common-controls_6595b64144ccf1df_6.0.18362.1316_none_9e7a364fe461dbd7;C:\Program Files\Java\jdk-13\bin\server;C:\WINDOWS\System32\DriverStore\FileRepository\nv_dispi.inf_amd64_8e68f77150e57b50

VM Arguments:
jvm_args: -Dfile.encoding=UTF-8 
java_command: warcraftTD.Main
java_class_path (initial): C:\Users\Cody\Desktop\Documents\_DEV\warcraftTD\bin
Launcher Type: SUN_STANDARD

[Global flags]
     intx CICompilerCount                          = 4                                         {product} {ergonomic}
     uint ConcGCThreads                            = 2                                         {product} {ergonomic}
     uint G1ConcRefinementThreads                  = 8                                         {product} {ergonomic}
   size_t G1HeapRegionSize                         = 1048576                                   {product} {ergonomic}
    uintx GCDrainStackTargetSize                   = 64                                        {product} {ergonomic}
   size_t InitialHeapSize                          = 268435456                                 {product} {ergonomic}
   size_t MarkStackSize                            = 4194304                                   {product} {ergonomic}
   size_t MaxHeapSize                              = 4273995776                                {product} {ergonomic}
   size_t MaxNewSize                               = 2563768320                                {product} {ergonomic}
   size_t MinHeapDeltaBytes                        = 1048576                                   {product} {ergonomic}
   size_t MinHeapSize                              = 8388608                                   {product} {ergonomic}
    uintx NonNMethodCodeHeapSize                   = 5836300                                {pd product} {ergonomic}
    uintx NonProfiledCodeHeapSize                  = 122910970                              {pd product} {ergonomic}
    uintx ProfiledCodeHeapSize                     = 122910970                              {pd product} {ergonomic}
    uintx ReservedCodeCacheSize                    = 251658240                              {pd product} {ergonomic}
     bool SegmentedCodeCache                       = true                                      {product} {ergonomic}
   size_t SoftMaxHeapSize                          = 4273995776                             {manageable} {ergonomic}
     bool UseCompressedClassPointers               = true                                 {lp64_product} {ergonomic}
     bool UseCompressedOops                        = true                                 {lp64_product} {ergonomic}
     bool UseG1GC                                  = true                                      {product} {ergonomic}
     bool UseLargePagesIndividualAllocation        = false                                  {pd product} {ergonomic}

Logging:
Log output configuration:
 #0: stdout all=warning uptime,level,tags
 #1: stderr all=off uptime,level,tags

Environment Variables:
JAVA_HOME=C:\Progra~1\Java\jdk-13
PATH=C:\Python\Python37\Scripts\;C:\Python\Python37\;C:\Program Files (x86)\Common Files\Oracle\Java\javapath;C:\Program Files (x86)\Common Files\Intel\Shared Libraries\redist\intel64\compiler;C:\ProgramData\Oracle\Java\javapath;C:\Program Files (x86)\Intel\iCLS Client\;C:\Program Files\Intel\iCLS Client\;C:\WINDOWS\system32;C:\WINDOWS;C:\WINDOWS\System32\Wbem;C:\WINDOWS\System32\WindowsPowerShell\v1.0\;C:\Program Files (x86)\Intel\Intel(R) Management Engine Components\DAL;C:\Program Files\Intel\Intel(R) Management Engine Components\DAL;C:\Program Files (x86)\Intel\Intel(R) Management Engine Components\IPT;C:\Program Files\Intel\Intel(R) Management Engine Components\IPT;C:\Program Files\dotnet\;C:\WINDOWS\System32\OpenSSH\;C:\Program Files (x86)\NVIDIA Corporation\PhysX\Common;C:\Users\Cody\AppData\Local\Programs\Python\Python37-32;C:\ProgramData\chocolatey\bin;C:\Program Files\nodejs\;C:\WINDOWS\system32;C:\WINDOWS;C:\WINDOWS\System32\Wbem;C:\WINDOWS\System32\WindowsPowerShell\v1.0\;C:\WINDOWS\System32\OpenSSH\;C:\Program Files (x86)\ZeroTier\One\;C:\MinGW\bin\;C:\Program Files\Git\cmd;C:\Program Files\Tesseract-OCR;C:\Tools\FFmpeg\bin;C:\Program Files (x86)\Sennheiser\Sennheiser Updater\;C:\Users\Cody\AppData\Local\Microsoft\WindowsApps;C:\Users\Cody\AppData\Roaming\npm;C:\Users\Cody\AppData\Local\GitHubDesktop\bin;C:\Users\Cody\AppData\Local\Microsoft\WindowsApps;
USERNAME=Cody
OS=Windows_NT
PROCESSOR_IDENTIFIER=Intel64 Family 6 Model 94 Stepping 3, GenuineIntel



---------------  S Y S T E M  ---------------

OS: Windows 10 , 64 bit Build 18362 (10.0.18362.1316)

CPU:total 8 (initial active 8) (4 cores per cpu, 2 threads per core) family 6 model 94 stepping 3, cmov, cx8, fxsr, mmx, sse, sse2, sse3, ssse3, sse4.1, sse4.2, popcnt, avx, avx2, aes, clmul, erms, rtm, 3dnowpref, lzcnt, ht, tsc, tscinvbit, bmi1, bmi2, adx, fma

Memory: 4k page, system-wide physical 16300M (7950M free)
TotalPageFile size 21228M (AvailPageFile size 3921M)
current process WorkingSet (physical memory assigned to process): 418M, peak: 439M
current process commit charge ("private bytes"): 499M, peak: 520M

vm_info: Java HotSpot(TM) 64-Bit Server VM (13+33) for windows-amd64 JRE (13+33), built on Sep 18 2019 21:38:00 by "mach5one" with unknown MS VC++:1916

END.
