#
# A fatal error has been detected by the Java Runtime Environment:
#
#  EXCEPTION_ACCESS_VIOLATION (0xc0000005) at pc=0x00007ffae05c5d1a, pid=80788, tid=77456
#
# JRE version: Java(TM) SE Runtime Environment (13.0+33) (build 13+33)
# Java VM: Java HotSpot(TM) 64-Bit Server VM (13+33, mixed mode, sharing, tiered, compressed oops, g1 gc, windows-amd64)
# Problematic frame:
# C  [freetype.dll+0x45d1a]
#
# No core dump will be written. Minidumps are not enabled by default on client versions of Windows
#
# If you would like to submit a bug report, please visit:
#   http://bugreport.java.com/bugreport/crash.jsp
# The crash happened outside the Java Virtual Machine in native code.
# See problematic frame for where to report the bug.
#

---------------  S U M M A R Y ------------

Command Line: -Dfile.encoding=UTF-8 warcraftTD.Main

Host: Intel(R) Core(TM) i7-6700K CPU @ 4.00GHz, 8 cores, 15G,  Windows 10 , 64 bit Build 18362 (10.0.18362.1110)
Time: Wed Jan  6 20:52:08 2021 Paris, Madrid elapsed time: 81 seconds (0d 0h 1m 21s)

---------------  T H R E A D  ---------------

Current thread (0x0000024fafb61000):  JavaThread "main" [_thread_in_native, id=77456, stack(0x00000070a7200000,0x00000070a7300000)]

Stack: [0x00000070a7200000,0x00000070a7300000],  sp=0x00000070a72fe900,  free space=1018k
Native frames: (J=compiled Java code, j=interpreted, Vv=VM code, C=native code)
C  [freetype.dll+0x45d1a]

Java frames: (J=compiled Java code, j=interpreted, Vv=VM code)
J 2813  sun.font.FreetypeFontScaler.getGlyphImageNative(Lsun/font/Font2D;JJI)J java.desktop@13 (0 bytes) @ 0x0000024fbfbc4f29 [0x0000024fbfbc4ec0+0x0000000000000069]
J 2933 c2 sun.font.FreetypeFontScaler.getGlyphImage(JI)J java.desktop@13 (39 bytes) @ 0x0000024fbfbd1f44 [0x0000024fbfbd1e40+0x0000000000000104]
J 2879 c1 sun.font.FileFontStrike.getGlyphImagePtr(I)J java.desktop@13 (98 bytes) @ 0x0000024fb8999bb4 [0x0000024fb8998fa0+0x0000000000000c14]
J 2869 c1 sun.font.FileFontStrike.getGlyphMetrics(IZ)Ljava/awt/geom/Point2D$Float; java.desktop@13 (278 bytes) @ 0x0000024fb884b7d4 [0x0000024fb884b4c0+0x0000000000000314]
J 2878 c1 sun.font.FileFontStrike.getGlyphAdvance(IZ)F java.desktop@13 (400 bytes) @ 0x0000024fb8994504 [0x0000024fb8994060+0x00000000000004a4]
J 2864 c1 sun.font.FileFontStrike.getCodePointAdvance(I)F java.desktop@13 (13 bytes) @ 0x0000024fb8857f1c [0x0000024fb8857d60+0x00000000000001bc]
J 2868 c1 sun.font.FontDesignMetrics.handleCharWidth(I)F java.desktop@13 (9 bytes) @ 0x0000024fb86cf774 [0x0000024fb86cf640+0x0000000000000134]
J 2455 c2 warcraftTD.StdDraw.text(DDLjava/lang/String;)V (88 bytes) @ 0x0000024fbfd4dafc [0x0000024fbfd4d6e0+0x000000000000041c]
J 2752 c2 warcraftTD.World.drawInfos()V (827 bytes) @ 0x0000024fbfe2a1ac [0x0000024fbfe299e0+0x00000000000007cc]
J 2792 c2 warcraftTD.World.draw()V (40 bytes) @ 0x0000024fbfce1aac [0x0000024fbfce1640+0x000000000000046c]
j  warcraftTD.World.run()V+64
j  warcraftTD.Main.main([Ljava/lang/String;)V+34
v  ~StubRoutines::call_stub

siginfo: EXCEPTION_ACCESS_VIOLATION (0xc0000005), reading address 0x0000000000000118


Register to memory mapping:

RIP=0x00007ffae05c5d1a freetype.dll
RAX=0x00000070a72fe938 is pointing into the stack for thread: 0x0000024fafb61000
RBX=0x00000070a72feae0 is pointing into the stack for thread: 0x0000024fafb61000
RCX=0x0000024fdb568e60 points into unknown readable memory: c0 12 b9 d4 4f 02 00 00
RDX=0x0 is NULL
RSP=0x00000070a72fe900 is pointing into the stack for thread: 0x0000024fafb61000
RBP=0x00000070a72fea00 is pointing into the stack for thread: 0x0000024fafb61000
RSI=0x0000024fdb568e60 points into unknown readable memory: c0 12 b9 d4 4f 02 00 00
RDI=0x0 is NULL
R8 =0x0000000000000016 is an unknown value
R9 =0x00000070a72fe960 is pointing into the stack for thread: 0x0000024fafb61000
R10=0x0 is NULL
R11=0x00000070a72fe830 is pointing into the stack for thread: 0x0000024fafb61000
R12=0x0000000000000016 is an unknown value
R13=0x000000000000081c is an unknown value
R14=0x0000024fdb568e60 points into unknown readable memory: c0 12 b9 d4 4f 02 00 00
R15=0x0000024fdb4f9940 points into unknown readable memory: b0 93 54 db 4f 02 00 00


Registers:
RAX=0x00000070a72fe938, RBX=0x00000070a72feae0, RCX=0x0000024fdb568e60, RDX=0x0000000000000000
RSP=0x00000070a72fe900, RBP=0x00000070a72fea00, RSI=0x0000024fdb568e60, RDI=0x0000000000000000
R8 =0x0000000000000016, R9 =0x00000070a72fe960, R10=0x0000000000000000, R11=0x00000070a72fe830
R12=0x0000000000000016, R13=0x000000000000081c, R14=0x0000024fdb568e60, R15=0x0000024fdb4f9940
RIP=0x00007ffae05c5d1a, EFLAGS=0x0000000000010246

Top of Stack: (sp=0x00000070a72fe900)
0x00000070a72fe900:   00000070a72feae0 00000070a72feb10
0x00000070a72fe910:   0000000000000000 00000000c1f95739
0x00000070a72fe920:   00000070a72fe938 0000000080000000
0x00000070a72fe930:   0000000000000000 0000000000000000
0x00000070a72fe940:   0000000000000000 00000000000009d2
0x00000070a72fe950:   00020c4a00020c4a 0000000000000000
0x00000070a72fe960:   0000000000000000 00007ffae05cdc73
0x00000070a72fe970:   0000000000000000 bebfffe000000000
0x00000070a72fe980:   0000000000000000 000000000000000b
0x00000070a72fe990:   0000000000000000 0000000000000000
0x00000070a72fe9a0:   0000024fd40a9200 0000024fdb6bf9c0
0x00000070a72fe9b0:   0000024fd4c74320 0000024fdb568e60
0x00000070a72fe9c0:   0000024fd4dd6eb0 00007ffae05d2993
0x00000070a72fe9d0:   00000070a72fed88 0000024fd4dd6eb0
0x00000070a72fe9e0:   0000024fd4dd6eb0 0000000000000000
0x00000070a72fe9f0:   0000000000000000 0000024fd4c74320 

Instructions: (pc=0x00007ffae05c5d1a)
0x00007ffae05c5c1a:   48 89 45 c0 48 89 45 c8 48 89 45 d0 48 89 45 d8
0x00007ffae05c5c2a:   48 89 45 e0 c6 44 24 34 01 e8 18 e0 fd ff 48 8d
0x00007ffae05c5c3a:   45 a0 48 89 43 28 eb 12 48 8d 73 30 49 8b ce 4c
0x00007ffae05c5c4a:   8b c6 e8 6f d1 00 00 44 8b e8 44 8b 0e 45 85 c9
0x00007ffae05c5c5a:   7e 63 41 8b 96 04 04 00 00 85 d2 75 15 49 8b 8e
0x00007ffae05c5c6a:   d0 00 00 00 48 39 79 50 75 08 8d 4a 08 e9 01 0a
0x00007ffae05c5c7a:   00 00 46 8d 04 2a 48 8b cb 41 8b d4 41 ff 96 a8
0x00007ffae05c5c8a:   02 00 00 89 44 24 30 8b c8 85 c0 0f 85 e6 09 00
0x00007ffae05c5c9a:   00 48 8b cb 41 ff 96 b8 02 00 00 48 8b cb 89 44
0x00007ffae05c5caa:   24 30 41 ff 96 b0 02 00 00 8b 4c 24 30 85 c9 0f
0x00007ffae05c5cba:   85 c2 09 00 00 39 3e 74 06 66 39 7b 34 75 08 48
0x00007ffae05c5cca:   89 7b 38 48 89 7b 40 48 8b 43 28 48 8b 33 48 8b
0x00007ffae05c5cda:   c8 48 89 45 40 66 89 7c 24 60 66 89 7c 24 44 66
0x00007ffae05c5cea:   89 7c 24 38 66 89 7c 24 40 e8 78 df fd ff 4c 8b
0x00007ffae05c5cfa:   96 d0 02 00 00 4c 8d 4c 24 60 89 44 24 48 45 8b
0x00007ffae05c5d0a:   c4 48 8d 44 24 38 33 d2 48 8b ce 48 89 44 24 20
0x00007ffae05c5d1a:   41 ff 92 18 01 00 00 8b 4b 44 40 38 be 90 01 00
0x00007ffae05c5d2a:   00 74 27 4c 8b 96 d0 02 00 00 48 8d 44 24 40 4c
0x00007ffae05c5d3a:   8d 4c 24 44 48 89 44 24 20 45 8b c4 b2 01 48 8b
0x00007ffae05c5d4a:   ce 41 ff 92 18 01 00 00 eb 7d b8 ff ff 00 00 66
0x00007ffae05c5d5a:   39 86 08 02 00 00 74 37 0f b7 86 4e 02 00 00 66
0x00007ffae05c5d6a:   2b c1 66 89 44 24 44 0f bf 8e 4e 02 00 00 44 0f
0x00007ffae05c5d7a:   bf 86 50 02 00 00 8b d1 41 2b d0 0f b7 c1 66 41
0x00007ffae05c5d8a:   2b c0 66 44 2b c1 85 d2 66 44 0f 49 c0 eb 32 0f
0x00007ffae05c5d9a:   b7 86 3c 01 00 00 66 2b c1 66 89 44 24 44 0f bf
0x00007ffae05c5daa:   96 3e 01 00 00 44 0f bf 86 3c 01 00 00 44 3b c2
0x00007ffae05c5dba:   79 0b 66 41 2b d0 66 89 54 24 40 eb 0a 66 44 2b
0x00007ffae05c5dca:   c2 66 44 89 44 24 40 8b 54 24 48 48 8b 4d 40 e8
0x00007ffae05c5dda:   e2 e4 fd ff 8b c8 85 c0 75 35 0f bf 44 24 60 0f
0x00007ffae05c5dea:   b7 4c 24 38 89 43 48 0f bf 44 24 44 89 83 08 01
0x00007ffae05c5dfa:   00 00 0f b7 44 24 40 89 83 0c 01 00 00 89 4b 4c
0x00007ffae05c5e0a:   40 38 7b 54 75 07 c6 43 54 01 89 4b 50 8b cf 89 


Stack slot to memory mapping:
stack at sp + 0 slots: 0x00000070a72feae0 is pointing into the stack for thread: 0x0000024fafb61000
stack at sp + 1 slots: 0x00000070a72feb10 is pointing into the stack for thread: 0x0000024fafb61000
stack at sp + 2 slots: 0x0 is NULL
stack at sp + 3 slots: 0x00000000c1f95739 is an unknown value
stack at sp + 4 slots: 0x00000070a72fe938 is pointing into the stack for thread: 0x0000024fafb61000
stack at sp + 5 slots: 0x0000000080000000 is an unknown value
stack at sp + 6 slots: 0x0 is NULL
stack at sp + 7 slots: 0x0 is NULL


---------------  P R O C E S S  ---------------

Threads class SMR info:
_java_thread_list=0x0000024fdc1b5e60, length=14, elements={
0x0000024fafb61000, 0x0000024fd3776800, 0x0000024fd377c800, 0x0000024fd401b000,
0x0000024fd401d800, 0x0000024fd401f000, 0x0000024fd4023000, 0x0000024fd4030000,
0x0000024fd416f800, 0x0000024fd418e000, 0x0000024fd4388800, 0x0000024fd4815000,
0x0000024fdb434800, 0x0000024fd48c6800
}

Java Threads: ( => current thread )
=>0x0000024fafb61000 JavaThread "main" [_thread_in_native, id=77456, stack(0x00000070a7200000,0x00000070a7300000)]
  0x0000024fd3776800 JavaThread "Reference Handler" daemon [_thread_blocked, id=81584, stack(0x00000070a7900000,0x00000070a7a00000)]
  0x0000024fd377c800 JavaThread "Finalizer" daemon [_thread_blocked, id=4940, stack(0x00000070a7a00000,0x00000070a7b00000)]
  0x0000024fd401b000 JavaThread "Signal Dispatcher" daemon [_thread_blocked, id=79432, stack(0x00000070a7b00000,0x00000070a7c00000)]
  0x0000024fd401d800 JavaThread "Attach Listener" daemon [_thread_blocked, id=79736, stack(0x00000070a7c00000,0x00000070a7d00000)]
  0x0000024fd401f000 JavaThread "C2 CompilerThread0" daemon [_thread_blocked, id=79940, stack(0x00000070a7d00000,0x00000070a7e00000)]
  0x0000024fd4023000 JavaThread "C1 CompilerThread0" daemon [_thread_blocked, id=81848, stack(0x00000070a7e00000,0x00000070a7f00000)]
  0x0000024fd4030000 JavaThread "Sweeper thread" daemon [_thread_blocked, id=82120, stack(0x00000070a7f00000,0x00000070a8000000)]
  0x0000024fd416f800 JavaThread "Service Thread" daemon [_thread_blocked, id=80496, stack(0x00000070a8000000,0x00000070a8100000)]
  0x0000024fd418e000 JavaThread "Common-Cleaner" daemon [_thread_blocked, id=78048, stack(0x00000070a8200000,0x00000070a8300000)]
  0x0000024fd4388800 JavaThread "Java2D Disposer" daemon [_thread_blocked, id=80236, stack(0x00000070a8300000,0x00000070a8400000)]
  0x0000024fd4815000 JavaThread "AWT-Shutdown" [_thread_blocked, id=77904, stack(0x00000070a8500000,0x00000070a8600000)]
  0x0000024fdb434800 JavaThread "AWT-EventQueue-0" [_thread_blocked, id=82732, stack(0x00000070a8400000,0x00000070a8500000)]
  0x0000024fd48c6800 JavaThread "ToolkitShutdown" daemon [_thread_in_native, id=65656, stack(0x00000070a7000000,0x00000070a7100000)]

Other Threads:
  0x0000024fd3773000 VMThread "VM Thread" [stack: 0x00000070a7800000,0x00000070a7900000] [id=81148]
  0x0000024fd418a800 WatcherThread [stack: 0x00000070a8100000,0x00000070a8200000] [id=81316]
  0x0000024fafbcc000 GCTaskThread "GC Thread#0" [stack: 0x00000070a7300000,0x00000070a7400000] [id=79800]
  0x0000024fdb560000 GCTaskThread "GC Thread#1" [stack: 0x00000070a8b70000,0x00000070a8c70000] [id=54216]
  0x0000024fdb524800 GCTaskThread "GC Thread#2" [stack: 0x00000070a8c70000,0x00000070a8d70000] [id=77980]
  0x0000024fdb529000 GCTaskThread "GC Thread#3" [stack: 0x00000070a8d70000,0x00000070a8e70000] [id=81160]
  0x0000024fdb529800 GCTaskThread "GC Thread#4" [stack: 0x00000070a8e70000,0x00000070a8f70000] [id=77664]
  0x0000024fdb52d000 GCTaskThread "GC Thread#5" [stack: 0x00000070a8f70000,0x00000070a9070000] [id=69744]
  0x0000024fafbee000 ConcurrentGCThread "G1 Main Marker" [stack: 0x00000070a7400000,0x00000070a7500000] [id=76732]
  0x0000024fafbef800 ConcurrentGCThread "G1 Conc#0" [stack: 0x00000070a7500000,0x00000070a7600000] [id=74504]
  0x0000024fd366e800 ConcurrentGCThread "G1 Refine#0" [stack: 0x00000070a7600000,0x00000070a7700000] [id=81736]
  0x0000024fd481a800 ConcurrentGCThread "G1 Refine#1" [stack: 0x00000070a9070000,0x00000070a9170000] [id=62576]
  0x0000024fdb59b800 ConcurrentGCThread "G1 Refine#2" [stack: 0x00000070a9170000,0x00000070a9270000] [id=81628]
  0x0000024fdb59c800 ConcurrentGCThread "G1 Refine#3" [stack: 0x00000070a9270000,0x00000070a9370000] [id=72820]
  0x0000024fdb59d800 ConcurrentGCThread "G1 Refine#4" [stack: 0x00000070a9370000,0x00000070a9470000] [id=81892]
  0x0000024fdb44b000 ConcurrentGCThread "G1 Refine#5" [stack: 0x00000070a9470000,0x00000070a9570000] [id=77264]
  0x0000024fdb6b4000 ConcurrentGCThread "G1 Refine#6" [stack: 0x00000070a9570000,0x00000070a9670000] [id=82808]
  0x0000024fdb6bc800 ConcurrentGCThread "G1 Refine#7" [stack: 0x00000070a9670000,0x00000070a9770000] [id=77324]
  0x0000024fd3670800 ConcurrentGCThread "G1 Young RemSet Sampling" [stack: 0x00000070a7700000,0x00000070a7800000] [id=80196]

Threads with active compile tasks:

VM state:not at safepoint (normal execution)

VM Mutex/Monitor currently owned by a thread: None

Heap address: 0x0000000701400000, size: 4076 MB, Compressed Oops mode: Zero based, Oop shift amount: 3
Narrow klass base: 0x0000000800000000, Narrow klass shift: 3
Compressed class space size: 1073741824 Address: 0x0000000800b40000

Heap:
 garbage-first heap   total 262144K, used 159873K [0x0000000701400000, 0x0000000800000000)
  region size 1024K, 125 young (128000K), 4 survivors (4096K)
 Metaspace       used 9248K, capacity 9508K, committed 9728K, reserved 1058816K
  class space    used 888K, capacity 1010K, committed 1024K, reserved 1048576K
Heap Regions: E=young(eden), S=young(survivor), O=old, HS=humongous(starts), HC=humongous(continues), CS=collection set, F=free, A=archive, TAMS=top-at-mark-start (previous, next)
|   0|0x0000000701400000, 0x0000000701400000, 0x0000000701500000|  0%| F|  |TAMS 0x0000000701400000, 0x0000000701400000| Untracked 
|   1|0x0000000701500000, 0x0000000701500000, 0x0000000701600000|  0%| F|  |TAMS 0x0000000701500000, 0x0000000701500000| Untracked 
|   2|0x0000000701600000, 0x0000000701700000, 0x0000000701700000|100%|HS|  |TAMS 0x0000000701600000, 0x0000000701600000| Complete 
|   3|0x0000000701700000, 0x0000000701800000, 0x0000000701800000|100%|HC|  |TAMS 0x0000000701700000, 0x0000000701700000| Complete 
|   4|0x0000000701800000, 0x0000000701900000, 0x0000000701900000|100%|HS|  |TAMS 0x0000000701800000, 0x0000000701800000| Complete 
|   5|0x0000000701900000, 0x0000000701a00000, 0x0000000701a00000|100%|HC|  |TAMS 0x0000000701900000, 0x0000000701900000| Complete 
|   6|0x0000000701a00000, 0x0000000701b00000, 0x0000000701b00000|100%|HC|  |TAMS 0x0000000701a00000, 0x0000000701a00000| Complete 
|   7|0x0000000701b00000, 0x0000000701c00000, 0x0000000701c00000|100%|HC|  |TAMS 0x0000000701b00000, 0x0000000701b00000| Complete 
|   8|0x0000000701c00000, 0x0000000701d00000, 0x0000000701d00000|100%|HS|  |TAMS 0x0000000701c00000, 0x0000000701c00000| Complete 
|   9|0x0000000701d00000, 0x0000000701e00000, 0x0000000701e00000|100%|HC|  |TAMS 0x0000000701d00000, 0x0000000701d00000| Complete 
|  10|0x0000000701e00000, 0x0000000701f00000, 0x0000000701f00000|100%|HC|  |TAMS 0x0000000701e00000, 0x0000000701e00000| Complete 
|  11|0x0000000701f00000, 0x0000000702000000, 0x0000000702000000|100%|HC|  |TAMS 0x0000000701f00000, 0x0000000701f00000| Complete 
|  12|0x0000000702000000, 0x0000000702100000, 0x0000000702100000|100%|HS|  |TAMS 0x0000000702000000, 0x0000000702000000| Complete 
|  13|0x0000000702100000, 0x0000000702200000, 0x0000000702200000|100%|HC|  |TAMS 0x0000000702100000, 0x0000000702100000| Complete 
|  14|0x0000000702200000, 0x0000000702300000, 0x0000000702300000|100%|HC|  |TAMS 0x0000000702200000, 0x0000000702200000| Complete 
|  15|0x0000000702300000, 0x0000000702400000, 0x0000000702400000|100%| O|  |TAMS 0x0000000702300000, 0x0000000702300000| Untracked 
|  16|0x0000000702400000, 0x0000000702500000, 0x0000000702500000|100%| O|  |TAMS 0x0000000702400000, 0x0000000702400000| Untracked 
|  17|0x0000000702500000, 0x0000000702600000, 0x0000000702600000|100%| O|  |TAMS 0x0000000702500000, 0x0000000702500000| Untracked 
|  18|0x0000000702600000, 0x0000000702700000, 0x0000000702700000|100%| O|  |TAMS 0x0000000702600000, 0x0000000702600000| Untracked 
|  19|0x0000000702700000, 0x0000000702800000, 0x0000000702800000|100%| O|  |TAMS 0x0000000702700000, 0x0000000702700000| Untracked 
|  20|0x0000000702800000, 0x0000000702900000, 0x0000000702900000|100%| O|  |TAMS 0x0000000702800000, 0x0000000702800000| Untracked 
|  21|0x0000000702900000, 0x0000000702a00000, 0x0000000702a00000|100%| O|  |TAMS 0x0000000702900000, 0x0000000702900000| Untracked 
|  22|0x0000000702a00000, 0x0000000702b00000, 0x0000000702b00000|100%| O|  |TAMS 0x0000000702a00000, 0x0000000702a00000| Untracked 
|  23|0x0000000702b00000, 0x0000000702c00000, 0x0000000702c00000|100%| O|  |TAMS 0x0000000702b00000, 0x0000000702b00000| Untracked 
|  24|0x0000000702c00000, 0x0000000702d00000, 0x0000000702d00000|100%| O|  |TAMS 0x0000000702c00000, 0x0000000702c00000| Untracked 
|  25|0x0000000702d00000, 0x0000000702e00000, 0x0000000702e00000|100%| O|  |TAMS 0x0000000702d00000, 0x0000000702d00000| Untracked 
|  26|0x0000000702e00000, 0x0000000702f00000, 0x0000000702f00000|100%| O|  |TAMS 0x0000000702e00000, 0x0000000702e00000| Untracked 
|  27|0x0000000702f00000, 0x0000000703000000, 0x0000000703000000|100%| O|  |TAMS 0x0000000702f00000, 0x0000000702f00000| Untracked 
|  28|0x0000000703000000, 0x0000000703100000, 0x0000000703100000|100%| O|  |TAMS 0x0000000703000000, 0x0000000703000000| Untracked 
|  29|0x0000000703100000, 0x0000000703200000, 0x0000000703200000|100%| O|  |TAMS 0x0000000703100000, 0x0000000703100000| Untracked 
|  30|0x0000000703200000, 0x0000000703300000, 0x0000000703300000|100%| O|  |TAMS 0x0000000703200000, 0x0000000703200000| Untracked 
|  31|0x0000000703300000, 0x0000000703400000, 0x0000000703400000|100%|HS|  |TAMS 0x0000000703300000, 0x0000000703300000| Complete 
|  32|0x0000000703400000, 0x0000000703500000, 0x0000000703500000|100%| O|  |TAMS 0x0000000703400000, 0x0000000703400000| Untracked 
|  33|0x0000000703500000, 0x0000000703600000, 0x0000000703600000|100%| O|  |TAMS 0x0000000703500000, 0x0000000703500000| Untracked 
|  34|0x0000000703600000, 0x0000000703700000, 0x0000000703700000|100%| O|  |TAMS 0x0000000703600000, 0x0000000703600000| Untracked 
|  35|0x0000000703700000, 0x0000000703700000, 0x0000000703800000|  0%| F|  |TAMS 0x0000000703700000, 0x0000000703700000| Untracked 
|  36|0x0000000703800000, 0x0000000703800000, 0x0000000703900000|  0%| F|  |TAMS 0x0000000703800000, 0x0000000703800000| Untracked 
|  37|0x0000000703900000, 0x0000000703900000, 0x0000000703a00000|  0%| F|  |TAMS 0x0000000703900000, 0x0000000703900000| Untracked 
|  38|0x0000000703a00000, 0x0000000703a00000, 0x0000000703b00000|  0%| F|  |TAMS 0x0000000703a00000, 0x0000000703a00000| Untracked 
|  39|0x0000000703b00000, 0x0000000703b00000, 0x0000000703c00000|  0%| F|  |TAMS 0x0000000703b00000, 0x0000000703b00000| Untracked 
|  40|0x0000000703c00000, 0x0000000703c00000, 0x0000000703d00000|  0%| F|  |TAMS 0x0000000703c00000, 0x0000000703c00000| Untracked 
|  41|0x0000000703d00000, 0x0000000703d00000, 0x0000000703e00000|  0%| F|  |TAMS 0x0000000703d00000, 0x0000000703d00000| Untracked 
|  42|0x0000000703e00000, 0x0000000703e00000, 0x0000000703f00000|  0%| F|  |TAMS 0x0000000703e00000, 0x0000000703e00000| Untracked 
|  43|0x0000000703f00000, 0x0000000703f00000, 0x0000000704000000|  0%| F|  |TAMS 0x0000000703f00000, 0x0000000703f00000| Untracked 
|  44|0x0000000704000000, 0x0000000704000000, 0x0000000704100000|  0%| F|  |TAMS 0x0000000704000000, 0x0000000704000000| Untracked 
|  45|0x0000000704100000, 0x0000000704100000, 0x0000000704200000|  0%| F|  |TAMS 0x0000000704100000, 0x0000000704100000| Untracked 
|  46|0x0000000704200000, 0x0000000704200000, 0x0000000704300000|  0%| F|  |TAMS 0x0000000704200000, 0x0000000704200000| Untracked 
|  47|0x0000000704300000, 0x0000000704300000, 0x0000000704400000|  0%| F|  |TAMS 0x0000000704300000, 0x0000000704300000| Untracked 
|  48|0x0000000704400000, 0x0000000704400000, 0x0000000704500000|  0%| F|  |TAMS 0x0000000704400000, 0x0000000704400000| Untracked 
|  49|0x0000000704500000, 0x0000000704500000, 0x0000000704600000|  0%| F|  |TAMS 0x0000000704500000, 0x0000000704500000| Untracked 
|  50|0x0000000704600000, 0x0000000704600000, 0x0000000704700000|  0%| F|  |TAMS 0x0000000704600000, 0x0000000704600000| Untracked 
|  51|0x0000000704700000, 0x0000000704700000, 0x0000000704800000|  0%| F|  |TAMS 0x0000000704700000, 0x0000000704700000| Untracked 
|  52|0x0000000704800000, 0x0000000704800000, 0x0000000704900000|  0%| F|  |TAMS 0x0000000704800000, 0x0000000704800000| Untracked 
|  53|0x0000000704900000, 0x0000000704900000, 0x0000000704a00000|  0%| F|  |TAMS 0x0000000704900000, 0x0000000704900000| Untracked 
|  54|0x0000000704a00000, 0x0000000704a00000, 0x0000000704b00000|  0%| F|  |TAMS 0x0000000704a00000, 0x0000000704a00000| Untracked 
|  55|0x0000000704b00000, 0x0000000704b00000, 0x0000000704c00000|  0%| F|  |TAMS 0x0000000704b00000, 0x0000000704b00000| Untracked 
|  56|0x0000000704c00000, 0x0000000704c00000, 0x0000000704d00000|  0%| F|  |TAMS 0x0000000704c00000, 0x0000000704c00000| Untracked 
|  57|0x0000000704d00000, 0x0000000704d00000, 0x0000000704e00000|  0%| F|  |TAMS 0x0000000704d00000, 0x0000000704d00000| Untracked 
|  58|0x0000000704e00000, 0x0000000704e00000, 0x0000000704f00000|  0%| F|  |TAMS 0x0000000704e00000, 0x0000000704e00000| Untracked 
|  59|0x0000000704f00000, 0x0000000704f00000, 0x0000000705000000|  0%| F|  |TAMS 0x0000000704f00000, 0x0000000704f00000| Untracked 
|  60|0x0000000705000000, 0x0000000705000000, 0x0000000705100000|  0%| F|  |TAMS 0x0000000705000000, 0x0000000705000000| Untracked 
|  61|0x0000000705100000, 0x0000000705100000, 0x0000000705200000|  0%| F|  |TAMS 0x0000000705100000, 0x0000000705100000| Untracked 
|  62|0x0000000705200000, 0x0000000705200000, 0x0000000705300000|  0%| F|  |TAMS 0x0000000705200000, 0x0000000705200000| Untracked 
|  63|0x0000000705300000, 0x0000000705300000, 0x0000000705400000|  0%| F|  |TAMS 0x0000000705300000, 0x0000000705300000| Untracked 
|  64|0x0000000705400000, 0x0000000705400000, 0x0000000705500000|  0%| F|  |TAMS 0x0000000705400000, 0x0000000705400000| Untracked 
|  65|0x0000000705500000, 0x0000000705500000, 0x0000000705600000|  0%| F|  |TAMS 0x0000000705500000, 0x0000000705500000| Untracked 
|  66|0x0000000705600000, 0x0000000705600000, 0x0000000705700000|  0%| F|  |TAMS 0x0000000705600000, 0x0000000705600000| Untracked 
|  67|0x0000000705700000, 0x0000000705700000, 0x0000000705800000|  0%| F|  |TAMS 0x0000000705700000, 0x0000000705700000| Untracked 
|  68|0x0000000705800000, 0x0000000705800000, 0x0000000705900000|  0%| F|  |TAMS 0x0000000705800000, 0x0000000705800000| Untracked 
|  69|0x0000000705900000, 0x0000000705900000, 0x0000000705a00000|  0%| F|  |TAMS 0x0000000705900000, 0x0000000705900000| Untracked 
|  70|0x0000000705a00000, 0x0000000705a00000, 0x0000000705b00000|  0%| F|  |TAMS 0x0000000705a00000, 0x0000000705a00000| Untracked 
|  71|0x0000000705b00000, 0x0000000705b00000, 0x0000000705c00000|  0%| F|  |TAMS 0x0000000705b00000, 0x0000000705b00000| Untracked 
|  72|0x0000000705c00000, 0x0000000705c00000, 0x0000000705d00000|  0%| F|  |TAMS 0x0000000705c00000, 0x0000000705c00000| Untracked 
|  73|0x0000000705d00000, 0x0000000705d00000, 0x0000000705e00000|  0%| F|  |TAMS 0x0000000705d00000, 0x0000000705d00000| Untracked 
|  74|0x0000000705e00000, 0x0000000705e00000, 0x0000000705f00000|  0%| F|  |TAMS 0x0000000705e00000, 0x0000000705e00000| Untracked 
|  75|0x0000000705f00000, 0x0000000705f00000, 0x0000000706000000|  0%| F|  |TAMS 0x0000000705f00000, 0x0000000705f00000| Untracked 
|  76|0x0000000706000000, 0x0000000706000000, 0x0000000706100000|  0%| F|  |TAMS 0x0000000706000000, 0x0000000706000000| Untracked 
|  77|0x0000000706100000, 0x0000000706100000, 0x0000000706200000|  0%| F|  |TAMS 0x0000000706100000, 0x0000000706100000| Untracked 
|  78|0x0000000706200000, 0x0000000706200000, 0x0000000706300000|  0%| F|  |TAMS 0x0000000706200000, 0x0000000706200000| Untracked 
|  79|0x0000000706300000, 0x0000000706300000, 0x0000000706400000|  0%| F|  |TAMS 0x0000000706300000, 0x0000000706300000| Untracked 
|  80|0x0000000706400000, 0x0000000706400000, 0x0000000706500000|  0%| F|  |TAMS 0x0000000706400000, 0x0000000706400000| Untracked 
|  81|0x0000000706500000, 0x0000000706500000, 0x0000000706600000|  0%| F|  |TAMS 0x0000000706500000, 0x0000000706500000| Untracked 
|  82|0x0000000706600000, 0x0000000706600000, 0x0000000706700000|  0%| F|  |TAMS 0x0000000706600000, 0x0000000706600000| Untracked 
|  83|0x0000000706700000, 0x0000000706700000, 0x0000000706800000|  0%| F|  |TAMS 0x0000000706700000, 0x0000000706700000| Untracked 
|  84|0x0000000706800000, 0x0000000706800000, 0x0000000706900000|  0%| F|  |TAMS 0x0000000706800000, 0x0000000706800000| Untracked 
|  85|0x0000000706900000, 0x0000000706900000, 0x0000000706a00000|  0%| F|  |TAMS 0x0000000706900000, 0x0000000706900000| Untracked 
|  86|0x0000000706a00000, 0x0000000706a00000, 0x0000000706b00000|  0%| F|  |TAMS 0x0000000706a00000, 0x0000000706a00000| Untracked 
|  87|0x0000000706b00000, 0x0000000706b00000, 0x0000000706c00000|  0%| F|  |TAMS 0x0000000706b00000, 0x0000000706b00000| Untracked 
|  88|0x0000000706c00000, 0x0000000706c00000, 0x0000000706d00000|  0%| F|  |TAMS 0x0000000706c00000, 0x0000000706c00000| Untracked 
|  89|0x0000000706d00000, 0x0000000706d00000, 0x0000000706e00000|  0%| F|  |TAMS 0x0000000706d00000, 0x0000000706d00000| Untracked 
|  90|0x0000000706e00000, 0x0000000706e00000, 0x0000000706f00000|  0%| F|  |TAMS 0x0000000706e00000, 0x0000000706e00000| Untracked 
|  91|0x0000000706f00000, 0x0000000706f00000, 0x0000000707000000|  0%| F|  |TAMS 0x0000000706f00000, 0x0000000706f00000| Untracked 
|  92|0x0000000707000000, 0x0000000707000000, 0x0000000707100000|  0%| F|  |TAMS 0x0000000707000000, 0x0000000707000000| Untracked 
|  93|0x0000000707100000, 0x0000000707100000, 0x0000000707200000|  0%| F|  |TAMS 0x0000000707100000, 0x0000000707100000| Untracked 
|  94|0x0000000707200000, 0x0000000707200000, 0x0000000707300000|  0%| F|  |TAMS 0x0000000707200000, 0x0000000707200000| Untracked 
|  95|0x0000000707300000, 0x0000000707300000, 0x0000000707400000|  0%| F|  |TAMS 0x0000000707300000, 0x0000000707300000| Untracked 
|  96|0x0000000707400000, 0x0000000707400000, 0x0000000707500000|  0%| F|  |TAMS 0x0000000707400000, 0x0000000707400000| Untracked 
|  97|0x0000000707500000, 0x0000000707500000, 0x0000000707600000|  0%| F|  |TAMS 0x0000000707500000, 0x0000000707500000| Untracked 
|  98|0x0000000707600000, 0x0000000707600000, 0x0000000707700000|  0%| F|  |TAMS 0x0000000707600000, 0x0000000707600000| Untracked 
|  99|0x0000000707700000, 0x0000000707720508, 0x0000000707800000| 12%| S|CS|TAMS 0x0000000707700000, 0x0000000707700000| Complete 
| 100|0x0000000707800000, 0x0000000707800000, 0x0000000707900000|  0%| F|  |TAMS 0x0000000707800000, 0x0000000707800000| Untracked 
| 101|0x0000000707900000, 0x0000000707a00000, 0x0000000707a00000|100%| S|CS|TAMS 0x0000000707900000, 0x0000000707900000| Complete 
| 102|0x0000000707a00000, 0x0000000707a00000, 0x0000000707b00000|  0%| F|  |TAMS 0x0000000707a00000, 0x0000000707a00000| Untracked 
| 103|0x0000000707b00000, 0x0000000707c00000, 0x0000000707c00000|100%| S|CS|TAMS 0x0000000707b00000, 0x0000000707b00000| Complete 
| 104|0x0000000707c00000, 0x0000000707d00000, 0x0000000707d00000|100%| S|CS|TAMS 0x0000000707c00000, 0x0000000707c00000| Complete 
| 105|0x0000000707d00000, 0x0000000707d00000, 0x0000000707e00000|  0%| F|  |TAMS 0x0000000707d00000, 0x0000000707d00000| Untracked 
| 106|0x0000000707e00000, 0x0000000707e00000, 0x0000000707f00000|  0%| F|  |TAMS 0x0000000707e00000, 0x0000000707e00000| Untracked 
| 107|0x0000000707f00000, 0x0000000707f00000, 0x0000000708000000|  0%| F|  |TAMS 0x0000000707f00000, 0x0000000707f00000| Untracked 
| 108|0x0000000708000000, 0x0000000708000000, 0x0000000708100000|  0%| F|  |TAMS 0x0000000708000000, 0x0000000708000000| Untracked 
| 109|0x0000000708100000, 0x0000000708100000, 0x0000000708200000|  0%| F|  |TAMS 0x0000000708100000, 0x0000000708100000| Untracked 
| 110|0x0000000708200000, 0x0000000708200000, 0x0000000708300000|  0%| F|  |TAMS 0x0000000708200000, 0x0000000708200000| Untracked 
| 111|0x0000000708300000, 0x0000000708300000, 0x0000000708400000|  0%| F|  |TAMS 0x0000000708300000, 0x0000000708300000| Untracked 
| 112|0x0000000708400000, 0x0000000708400000, 0x0000000708500000|  0%| F|  |TAMS 0x0000000708400000, 0x0000000708400000| Untracked 
| 113|0x0000000708500000, 0x0000000708500000, 0x0000000708600000|  0%| F|  |TAMS 0x0000000708500000, 0x0000000708500000| Untracked 
| 114|0x0000000708600000, 0x0000000708600000, 0x0000000708700000|  0%| F|  |TAMS 0x0000000708600000, 0x0000000708600000| Untracked 
| 115|0x0000000708700000, 0x0000000708700000, 0x0000000708800000|  0%| F|  |TAMS 0x0000000708700000, 0x0000000708700000| Untracked 
| 116|0x0000000708800000, 0x0000000708800000, 0x0000000708900000|  0%| F|  |TAMS 0x0000000708800000, 0x0000000708800000| Untracked 
| 117|0x0000000708900000, 0x0000000708900000, 0x0000000708a00000|  0%| F|  |TAMS 0x0000000708900000, 0x0000000708900000| Untracked 
| 118|0x0000000708a00000, 0x0000000708a00000, 0x0000000708b00000|  0%| F|  |TAMS 0x0000000708a00000, 0x0000000708a00000| Untracked 
| 119|0x0000000708b00000, 0x0000000708b00000, 0x0000000708c00000|  0%| F|  |TAMS 0x0000000708b00000, 0x0000000708b00000| Untracked 
| 120|0x0000000708c00000, 0x0000000708c00000, 0x0000000708d00000|  0%| F|  |TAMS 0x0000000708c00000, 0x0000000708c00000| Untracked 
| 121|0x0000000708d00000, 0x0000000708d00000, 0x0000000708e00000|  0%| F|  |TAMS 0x0000000708d00000, 0x0000000708d00000| Untracked 
| 122|0x0000000708e00000, 0x0000000708e00000, 0x0000000708f00000|  0%| F|  |TAMS 0x0000000708e00000, 0x0000000708e00000| Untracked 
| 123|0x0000000708f00000, 0x0000000708f00000, 0x0000000709000000|  0%| F|  |TAMS 0x0000000708f00000, 0x0000000708f00000| Untracked 
| 124|0x0000000709000000, 0x0000000709000000, 0x0000000709100000|  0%| F|  |TAMS 0x0000000709000000, 0x0000000709000000| Untracked 
| 125|0x0000000709100000, 0x0000000709100000, 0x0000000709200000|  0%| F|  |TAMS 0x0000000709100000, 0x0000000709100000| Untracked 
| 126|0x0000000709200000, 0x0000000709200000, 0x0000000709300000|  0%| F|  |TAMS 0x0000000709200000, 0x0000000709200000| Untracked 
| 127|0x0000000709300000, 0x0000000709300000, 0x0000000709400000|  0%| F|  |TAMS 0x0000000709300000, 0x0000000709300000| Untracked 
| 128|0x0000000709400000, 0x0000000709400000, 0x0000000709500000|  0%| F|  |TAMS 0x0000000709400000, 0x0000000709400000| Untracked 
| 129|0x0000000709500000, 0x0000000709500000, 0x0000000709600000|  0%| F|  |TAMS 0x0000000709500000, 0x0000000709500000| Untracked 
| 130|0x0000000709600000, 0x0000000709600000, 0x0000000709700000|  0%| F|  |TAMS 0x0000000709600000, 0x0000000709600000| Untracked 
| 131|0x0000000709700000, 0x0000000709700000, 0x0000000709800000|  0%| F|  |TAMS 0x0000000709700000, 0x0000000709700000| Untracked 
| 132|0x0000000709800000, 0x0000000709800000, 0x0000000709900000|  0%| F|  |TAMS 0x0000000709800000, 0x0000000709800000| Untracked 
| 133|0x0000000709900000, 0x0000000709900000, 0x0000000709a00000|  0%| F|  |TAMS 0x0000000709900000, 0x0000000709900000| Untracked 
| 134|0x0000000709a00000, 0x0000000709a00000, 0x0000000709b00000|  0%| F|  |TAMS 0x0000000709a00000, 0x0000000709a00000| Untracked 
| 135|0x0000000709b00000, 0x0000000709b00800, 0x0000000709c00000|  0%| E|  |TAMS 0x0000000709b00000, 0x0000000709b00000| Complete 
| 136|0x0000000709c00000, 0x0000000709d00000, 0x0000000709d00000|100%| E|CS|TAMS 0x0000000709c00000, 0x0000000709c00000| Complete 
| 137|0x0000000709d00000, 0x0000000709e00000, 0x0000000709e00000|100%| E|CS|TAMS 0x0000000709d00000, 0x0000000709d00000| Complete 
| 138|0x0000000709e00000, 0x0000000709f00000, 0x0000000709f00000|100%| E|CS|TAMS 0x0000000709e00000, 0x0000000709e00000| Complete 
| 139|0x0000000709f00000, 0x000000070a000000, 0x000000070a000000|100%| E|CS|TAMS 0x0000000709f00000, 0x0000000709f00000| Complete 
| 140|0x000000070a000000, 0x000000070a100000, 0x000000070a100000|100%| E|CS|TAMS 0x000000070a000000, 0x000000070a000000| Complete 
| 141|0x000000070a100000, 0x000000070a200000, 0x000000070a200000|100%| E|CS|TAMS 0x000000070a100000, 0x000000070a100000| Complete 
| 142|0x000000070a200000, 0x000000070a300000, 0x000000070a300000|100%| E|CS|TAMS 0x000000070a200000, 0x000000070a200000| Complete 
| 143|0x000000070a300000, 0x000000070a400000, 0x000000070a400000|100%| E|CS|TAMS 0x000000070a300000, 0x000000070a300000| Complete 
| 144|0x000000070a400000, 0x000000070a500000, 0x000000070a500000|100%| E|CS|TAMS 0x000000070a400000, 0x000000070a400000| Complete 
| 145|0x000000070a500000, 0x000000070a600000, 0x000000070a600000|100%| E|CS|TAMS 0x000000070a500000, 0x000000070a500000| Complete 
| 146|0x000000070a600000, 0x000000070a700000, 0x000000070a700000|100%| E|CS|TAMS 0x000000070a600000, 0x000000070a600000| Complete 
| 147|0x000000070a700000, 0x000000070a800000, 0x000000070a800000|100%| E|CS|TAMS 0x000000070a700000, 0x000000070a700000| Complete 
| 148|0x000000070a800000, 0x000000070a900000, 0x000000070a900000|100%| E|CS|TAMS 0x000000070a800000, 0x000000070a800000| Complete 
| 149|0x000000070a900000, 0x000000070aa00000, 0x000000070aa00000|100%| E|CS|TAMS 0x000000070a900000, 0x000000070a900000| Complete 
| 150|0x000000070aa00000, 0x000000070ab00000, 0x000000070ab00000|100%| E|CS|TAMS 0x000000070aa00000, 0x000000070aa00000| Complete 
| 151|0x000000070ab00000, 0x000000070ac00000, 0x000000070ac00000|100%| E|CS|TAMS 0x000000070ab00000, 0x000000070ab00000| Complete 
| 152|0x000000070ac00000, 0x000000070ad00000, 0x000000070ad00000|100%| E|CS|TAMS 0x000000070ac00000, 0x000000070ac00000| Complete 
| 153|0x000000070ad00000, 0x000000070ae00000, 0x000000070ae00000|100%| E|CS|TAMS 0x000000070ad00000, 0x000000070ad00000| Complete 
| 154|0x000000070ae00000, 0x000000070af00000, 0x000000070af00000|100%| E|CS|TAMS 0x000000070ae00000, 0x000000070ae00000| Complete 
| 155|0x000000070af00000, 0x000000070b000000, 0x000000070b000000|100%| E|CS|TAMS 0x000000070af00000, 0x000000070af00000| Complete 
| 156|0x000000070b000000, 0x000000070b100000, 0x000000070b100000|100%| E|CS|TAMS 0x000000070b000000, 0x000000070b000000| Complete 
| 157|0x000000070b100000, 0x000000070b200000, 0x000000070b200000|100%| E|CS|TAMS 0x000000070b100000, 0x000000070b100000| Complete 
| 158|0x000000070b200000, 0x000000070b300000, 0x000000070b300000|100%| E|CS|TAMS 0x000000070b200000, 0x000000070b200000| Complete 
| 159|0x000000070b300000, 0x000000070b400000, 0x000000070b400000|100%| E|CS|TAMS 0x000000070b300000, 0x000000070b300000| Complete 
| 160|0x000000070b400000, 0x000000070b500000, 0x000000070b500000|100%| E|CS|TAMS 0x000000070b400000, 0x000000070b400000| Complete 
| 161|0x000000070b500000, 0x000000070b600000, 0x000000070b600000|100%| E|CS|TAMS 0x000000070b500000, 0x000000070b500000| Complete 
| 162|0x000000070b600000, 0x000000070b700000, 0x000000070b700000|100%| E|CS|TAMS 0x000000070b600000, 0x000000070b600000| Complete 
| 163|0x000000070b700000, 0x000000070b800000, 0x000000070b800000|100%| E|CS|TAMS 0x000000070b700000, 0x000000070b700000| Complete 
| 164|0x000000070b800000, 0x000000070b900000, 0x000000070b900000|100%| E|CS|TAMS 0x000000070b800000, 0x000000070b800000| Complete 
| 165|0x000000070b900000, 0x000000070ba00000, 0x000000070ba00000|100%| E|CS|TAMS 0x000000070b900000, 0x000000070b900000| Complete 
| 166|0x000000070ba00000, 0x000000070bb00000, 0x000000070bb00000|100%| E|CS|TAMS 0x000000070ba00000, 0x000000070ba00000| Complete 
| 167|0x000000070bb00000, 0x000000070bc00000, 0x000000070bc00000|100%| E|CS|TAMS 0x000000070bb00000, 0x000000070bb00000| Complete 
| 168|0x000000070bc00000, 0x000000070bd00000, 0x000000070bd00000|100%| E|CS|TAMS 0x000000070bc00000, 0x000000070bc00000| Complete 
| 169|0x000000070bd00000, 0x000000070be00000, 0x000000070be00000|100%| E|CS|TAMS 0x000000070bd00000, 0x000000070bd00000| Complete 
| 170|0x000000070be00000, 0x000000070bf00000, 0x000000070bf00000|100%| E|CS|TAMS 0x000000070be00000, 0x000000070be00000| Complete 
| 171|0x000000070bf00000, 0x000000070c000000, 0x000000070c000000|100%| E|CS|TAMS 0x000000070bf00000, 0x000000070bf00000| Complete 
| 172|0x000000070c000000, 0x000000070c100000, 0x000000070c100000|100%| E|CS|TAMS 0x000000070c000000, 0x000000070c000000| Complete 
| 173|0x000000070c100000, 0x000000070c200000, 0x000000070c200000|100%| E|CS|TAMS 0x000000070c100000, 0x000000070c100000| Complete 
| 174|0x000000070c200000, 0x000000070c300000, 0x000000070c300000|100%| E|CS|TAMS 0x000000070c200000, 0x000000070c200000| Complete 
| 175|0x000000070c300000, 0x000000070c400000, 0x000000070c400000|100%| E|CS|TAMS 0x000000070c300000, 0x000000070c300000| Complete 
| 176|0x000000070c400000, 0x000000070c500000, 0x000000070c500000|100%| E|CS|TAMS 0x000000070c400000, 0x000000070c400000| Complete 
| 177|0x000000070c500000, 0x000000070c600000, 0x000000070c600000|100%| E|CS|TAMS 0x000000070c500000, 0x000000070c500000| Complete 
| 178|0x000000070c600000, 0x000000070c700000, 0x000000070c700000|100%| E|CS|TAMS 0x000000070c600000, 0x000000070c600000| Complete 
| 179|0x000000070c700000, 0x000000070c800000, 0x000000070c800000|100%| E|CS|TAMS 0x000000070c700000, 0x000000070c700000| Complete 
| 180|0x000000070c800000, 0x000000070c900000, 0x000000070c900000|100%| E|CS|TAMS 0x000000070c800000, 0x000000070c800000| Complete 
| 181|0x000000070c900000, 0x000000070ca00000, 0x000000070ca00000|100%| E|CS|TAMS 0x000000070c900000, 0x000000070c900000| Complete 
| 182|0x000000070ca00000, 0x000000070cb00000, 0x000000070cb00000|100%| E|CS|TAMS 0x000000070ca00000, 0x000000070ca00000| Complete 
| 183|0x000000070cb00000, 0x000000070cc00000, 0x000000070cc00000|100%| E|CS|TAMS 0x000000070cb00000, 0x000000070cb00000| Complete 
| 184|0x000000070cc00000, 0x000000070cd00000, 0x000000070cd00000|100%| E|CS|TAMS 0x000000070cc00000, 0x000000070cc00000| Complete 
| 185|0x000000070cd00000, 0x000000070ce00000, 0x000000070ce00000|100%| E|CS|TAMS 0x000000070cd00000, 0x000000070cd00000| Complete 
| 186|0x000000070ce00000, 0x000000070cf00000, 0x000000070cf00000|100%| E|CS|TAMS 0x000000070ce00000, 0x000000070ce00000| Complete 
| 187|0x000000070cf00000, 0x000000070d000000, 0x000000070d000000|100%| E|CS|TAMS 0x000000070cf00000, 0x000000070cf00000| Complete 
| 188|0x000000070d000000, 0x000000070d100000, 0x000000070d100000|100%| E|CS|TAMS 0x000000070d000000, 0x000000070d000000| Complete 
| 189|0x000000070d100000, 0x000000070d200000, 0x000000070d200000|100%| E|CS|TAMS 0x000000070d100000, 0x000000070d100000| Complete 
| 190|0x000000070d200000, 0x000000070d300000, 0x000000070d300000|100%| E|CS|TAMS 0x000000070d200000, 0x000000070d200000| Complete 
| 191|0x000000070d300000, 0x000000070d400000, 0x000000070d400000|100%| E|CS|TAMS 0x000000070d300000, 0x000000070d300000| Complete 
| 192|0x000000070d400000, 0x000000070d500000, 0x000000070d500000|100%| E|CS|TAMS 0x000000070d400000, 0x000000070d400000| Complete 
| 193|0x000000070d500000, 0x000000070d600000, 0x000000070d600000|100%| E|CS|TAMS 0x000000070d500000, 0x000000070d500000| Complete 
| 194|0x000000070d600000, 0x000000070d700000, 0x000000070d700000|100%| E|CS|TAMS 0x000000070d600000, 0x000000070d600000| Complete 
| 195|0x000000070d700000, 0x000000070d800000, 0x000000070d800000|100%| E|CS|TAMS 0x000000070d700000, 0x000000070d700000| Complete 
| 196|0x000000070d800000, 0x000000070d900000, 0x000000070d900000|100%| E|CS|TAMS 0x000000070d800000, 0x000000070d800000| Complete 
| 197|0x000000070d900000, 0x000000070da00000, 0x000000070da00000|100%| E|CS|TAMS 0x000000070d900000, 0x000000070d900000| Complete 
| 198|0x000000070da00000, 0x000000070db00000, 0x000000070db00000|100%| E|CS|TAMS 0x000000070da00000, 0x000000070da00000| Complete 
| 199|0x000000070db00000, 0x000000070dc00000, 0x000000070dc00000|100%| E|CS|TAMS 0x000000070db00000, 0x000000070db00000| Complete 
| 200|0x000000070dc00000, 0x000000070dd00000, 0x000000070dd00000|100%| E|CS|TAMS 0x000000070dc00000, 0x000000070dc00000| Complete 
| 201|0x000000070dd00000, 0x000000070de00000, 0x000000070de00000|100%| E|CS|TAMS 0x000000070dd00000, 0x000000070dd00000| Complete 
| 202|0x000000070de00000, 0x000000070df00000, 0x000000070df00000|100%| E|CS|TAMS 0x000000070de00000, 0x000000070de00000| Complete 
| 203|0x000000070df00000, 0x000000070e000000, 0x000000070e000000|100%| E|CS|TAMS 0x000000070df00000, 0x000000070df00000| Complete 
| 204|0x000000070e000000, 0x000000070e100000, 0x000000070e100000|100%| E|CS|TAMS 0x000000070e000000, 0x000000070e000000| Complete 
| 205|0x000000070e100000, 0x000000070e200000, 0x000000070e200000|100%| E|CS|TAMS 0x000000070e100000, 0x000000070e100000| Complete 
| 206|0x000000070e200000, 0x000000070e300000, 0x000000070e300000|100%| E|CS|TAMS 0x000000070e200000, 0x000000070e200000| Complete 
| 207|0x000000070e300000, 0x000000070e400000, 0x000000070e400000|100%| E|CS|TAMS 0x000000070e300000, 0x000000070e300000| Complete 
| 208|0x000000070e400000, 0x000000070e500000, 0x000000070e500000|100%| E|CS|TAMS 0x000000070e400000, 0x000000070e400000| Complete 
| 209|0x000000070e500000, 0x000000070e600000, 0x000000070e600000|100%| E|CS|TAMS 0x000000070e500000, 0x000000070e500000| Complete 
| 210|0x000000070e600000, 0x000000070e700000, 0x000000070e700000|100%| E|CS|TAMS 0x000000070e600000, 0x000000070e600000| Complete 
| 211|0x000000070e700000, 0x000000070e800000, 0x000000070e800000|100%| E|CS|TAMS 0x000000070e700000, 0x000000070e700000| Complete 
| 212|0x000000070e800000, 0x000000070e900000, 0x000000070e900000|100%| E|CS|TAMS 0x000000070e800000, 0x000000070e800000| Complete 
| 213|0x000000070e900000, 0x000000070ea00000, 0x000000070ea00000|100%| E|CS|TAMS 0x000000070e900000, 0x000000070e900000| Complete 
| 214|0x000000070ea00000, 0x000000070eb00000, 0x000000070eb00000|100%| E|CS|TAMS 0x000000070ea00000, 0x000000070ea00000| Complete 
| 215|0x000000070eb00000, 0x000000070ec00000, 0x000000070ec00000|100%| E|CS|TAMS 0x000000070eb00000, 0x000000070eb00000| Complete 
| 216|0x000000070ec00000, 0x000000070ed00000, 0x000000070ed00000|100%| E|CS|TAMS 0x000000070ec00000, 0x000000070ec00000| Complete 
| 217|0x000000070ed00000, 0x000000070ee00000, 0x000000070ee00000|100%| E|CS|TAMS 0x000000070ed00000, 0x000000070ed00000| Complete 
| 218|0x000000070ee00000, 0x000000070ef00000, 0x000000070ef00000|100%| E|CS|TAMS 0x000000070ee00000, 0x000000070ee00000| Complete 
| 219|0x000000070ef00000, 0x000000070f000000, 0x000000070f000000|100%| E|CS|TAMS 0x000000070ef00000, 0x000000070ef00000| Complete 
| 220|0x000000070f000000, 0x000000070f100000, 0x000000070f100000|100%| E|CS|TAMS 0x000000070f000000, 0x000000070f000000| Complete 
| 221|0x000000070f100000, 0x000000070f200000, 0x000000070f200000|100%| E|CS|TAMS 0x000000070f100000, 0x000000070f100000| Complete 
| 222|0x000000070f200000, 0x000000070f300000, 0x000000070f300000|100%| E|CS|TAMS 0x000000070f200000, 0x000000070f200000| Complete 
| 223|0x000000070f300000, 0x000000070f400000, 0x000000070f400000|100%| E|CS|TAMS 0x000000070f300000, 0x000000070f300000| Complete 
| 224|0x000000070f400000, 0x000000070f500000, 0x000000070f500000|100%| E|CS|TAMS 0x000000070f400000, 0x000000070f400000| Complete 
| 225|0x000000070f500000, 0x000000070f600000, 0x000000070f600000|100%| E|CS|TAMS 0x000000070f500000, 0x000000070f500000| Complete 
| 226|0x000000070f600000, 0x000000070f700000, 0x000000070f700000|100%| E|CS|TAMS 0x000000070f600000, 0x000000070f600000| Complete 
| 227|0x000000070f700000, 0x000000070f800000, 0x000000070f800000|100%| E|CS|TAMS 0x000000070f700000, 0x000000070f700000| Complete 
| 228|0x000000070f800000, 0x000000070f900000, 0x000000070f900000|100%| E|CS|TAMS 0x000000070f800000, 0x000000070f800000| Complete 
| 229|0x000000070f900000, 0x000000070fa00000, 0x000000070fa00000|100%| E|CS|TAMS 0x000000070f900000, 0x000000070f900000| Complete 
| 230|0x000000070fa00000, 0x000000070fb00000, 0x000000070fb00000|100%| E|CS|TAMS 0x000000070fa00000, 0x000000070fa00000| Complete 
| 231|0x000000070fb00000, 0x000000070fc00000, 0x000000070fc00000|100%| E|CS|TAMS 0x000000070fb00000, 0x000000070fb00000| Complete 
| 232|0x000000070fc00000, 0x000000070fd00000, 0x000000070fd00000|100%| E|CS|TAMS 0x000000070fc00000, 0x000000070fc00000| Complete 
| 233|0x000000070fd00000, 0x000000070fe00000, 0x000000070fe00000|100%| E|CS|TAMS 0x000000070fd00000, 0x000000070fd00000| Complete 
| 234|0x000000070fe00000, 0x000000070ff00000, 0x000000070ff00000|100%| E|CS|TAMS 0x000000070fe00000, 0x000000070fe00000| Complete 
| 235|0x000000070ff00000, 0x0000000710000000, 0x0000000710000000|100%| E|CS|TAMS 0x000000070ff00000, 0x000000070ff00000| Complete 
| 236|0x0000000710000000, 0x0000000710100000, 0x0000000710100000|100%| E|CS|TAMS 0x0000000710000000, 0x0000000710000000| Complete 
| 237|0x0000000710100000, 0x0000000710200000, 0x0000000710200000|100%| E|CS|TAMS 0x0000000710100000, 0x0000000710100000| Complete 
| 238|0x0000000710200000, 0x0000000710300000, 0x0000000710300000|100%| E|CS|TAMS 0x0000000710200000, 0x0000000710200000| Complete 
| 239|0x0000000710300000, 0x0000000710400000, 0x0000000710400000|100%| E|CS|TAMS 0x0000000710300000, 0x0000000710300000| Complete 
| 240|0x0000000710400000, 0x0000000710500000, 0x0000000710500000|100%| E|CS|TAMS 0x0000000710400000, 0x0000000710400000| Complete 
| 241|0x0000000710500000, 0x0000000710600000, 0x0000000710600000|100%| E|CS|TAMS 0x0000000710500000, 0x0000000710500000| Complete 
| 242|0x0000000710600000, 0x0000000710700000, 0x0000000710700000|100%| E|CS|TAMS 0x0000000710600000, 0x0000000710600000| Complete 
| 243|0x0000000710700000, 0x0000000710800000, 0x0000000710800000|100%| E|CS|TAMS 0x0000000710700000, 0x0000000710700000| Complete 
| 244|0x0000000710800000, 0x0000000710900000, 0x0000000710900000|100%| E|CS|TAMS 0x0000000710800000, 0x0000000710800000| Complete 
| 245|0x0000000710900000, 0x0000000710a00000, 0x0000000710a00000|100%| E|CS|TAMS 0x0000000710900000, 0x0000000710900000| Complete 
| 246|0x0000000710a00000, 0x0000000710b00000, 0x0000000710b00000|100%| E|CS|TAMS 0x0000000710a00000, 0x0000000710a00000| Complete 
| 247|0x0000000710b00000, 0x0000000710c00000, 0x0000000710c00000|100%| E|CS|TAMS 0x0000000710b00000, 0x0000000710b00000| Complete 
| 248|0x0000000710c00000, 0x0000000710d00000, 0x0000000710d00000|100%| E|CS|TAMS 0x0000000710c00000, 0x0000000710c00000| Complete 
| 249|0x0000000710d00000, 0x0000000710e00000, 0x0000000710e00000|100%| E|CS|TAMS 0x0000000710d00000, 0x0000000710d00000| Complete 
| 250|0x0000000710e00000, 0x0000000710f00000, 0x0000000710f00000|100%| E|CS|TAMS 0x0000000710e00000, 0x0000000710e00000| Complete 
| 251|0x0000000710f00000, 0x0000000711000000, 0x0000000711000000|100%| E|CS|TAMS 0x0000000710f00000, 0x0000000710f00000| Complete 
| 252|0x0000000711000000, 0x0000000711100000, 0x0000000711100000|100%| E|CS|TAMS 0x0000000711000000, 0x0000000711000000| Complete 
| 253|0x0000000711100000, 0x0000000711200000, 0x0000000711200000|100%| E|CS|TAMS 0x0000000711100000, 0x0000000711100000| Complete 
| 254|0x0000000711200000, 0x0000000711300000, 0x0000000711300000|100%| E|CS|TAMS 0x0000000711200000, 0x0000000711200000| Complete 
| 255|0x0000000711300000, 0x0000000711400000, 0x0000000711400000|100%| E|CS|TAMS 0x0000000711300000, 0x0000000711300000| Complete 

Card table byte_map: [0x0000024fc7ca0000,0x0000024fc84a0000] _byte_map_base: 0x0000024fc4496000

Marking Bits (Prev, Next): (CMBitMap*) 0x0000024fafbcce98, (CMBitMap*) 0x0000024fafbcced8
 Prev Bits: [0x0000024fc8ca0000, 0x0000024fccc50000)
 Next Bits: [0x0000024fccc50000, 0x0000024fd0c00000)

Polling page: 0x0000024faf330000

Metaspace:

Usage:
  Non-class:      8.30 MB capacity,     8.16 MB ( 98%) used,   116.35 KB (  1%) free+waste,    21.50 KB ( <1%) overhead. 
      Class:   1010.00 KB capacity,   888.51 KB ( 88%) used,   108.05 KB ( 11%) free+waste,    13.44 KB (  1%) overhead. 
       Both:      9.29 MB capacity,     9.03 MB ( 97%) used,   224.41 KB (  2%) free+waste,    34.94 KB ( <1%) overhead. 

Virtual space:
  Non-class space:       10.00 MB reserved,       8.50 MB ( 85%) committed 
      Class space:        1.00 GB reserved,       1.00 MB ( <1%) committed 
             Both:        1.01 GB reserved,       9.50 MB ( <1%) committed 

Chunk freelists:
   Non-Class:  14.00 KB
       Class:  14.00 KB
        Both:  28.00 KB

MaxMetaspaceSize: 17179869184.00 GB
CompressedClassSpaceSize: 1.00 GB

CodeHeap 'non-profiled nmethods': size=120000Kb used=2968Kb max_used=3158Kb free=117031Kb
 bounds [0x0000024fbfb30000, 0x0000024fbfe50000, 0x0000024fc7060000]
CodeHeap 'profiled nmethods': size=120000Kb used=3488Kb max_used=5528Kb free=116511Kb
 bounds [0x0000024fb8600000, 0x0000024fb8b70000, 0x0000024fbfb30000]
CodeHeap 'non-nmethods': size=5760Kb used=1316Kb max_used=1384Kb free=4443Kb
 bounds [0x0000024fb8060000, 0x0000024fb82d0000, 0x0000024fb8600000]
 total_blobs=5386 nmethods=2217 adapters=514
 compilation: enabled
              stopped_count=0, restarted_count=0
 full_count=0

Compilation events (20 events):
Event: 76.435 Thread 0x0000024fd401f000 2967       4       sun.font.FontStrikeDesc::hashCode (36 bytes)
Event: 76.436 Thread 0x0000024fd401f000 nmethod 2967 0x0000024fbfd81710 code [0x0000024fbfd818a0, 0x0000024fbfd81bb8]
Event: 76.569 Thread 0x0000024fd4023000 2968       3       sun.font.FontDesignMetrics::<init> (70 bytes)
Event: 76.570 Thread 0x0000024fd4023000 nmethod 2968 0x0000024fb8869f10 code [0x0000024fb886a140, 0x0000024fb886abd0]
Event: 79.513 Thread 0x0000024fd401f000 2969   !   4       sun.font.FontDesignMetrics::getMetrics (265 bytes)
Event: 79.597 Thread 0x0000024fd401f000 nmethod 2969 0x0000024fbfe45810 code [0x0000024fbfe45c80, 0x0000024fbfe4a258]
Event: 80.261 Thread 0x0000024fd4023000 2970 % !   3       sun.java2d.d3d.D3DScreenUpdateManager::run @ 105 (267 bytes)
Event: 80.262 Thread 0x0000024fd4023000 nmethod 2970% 0x0000024fb8825110 code [0x0000024fb8825520, 0x0000024fb8827de0]
Event: 81.112 Thread 0x0000024fd4023000 2971       3       javax.swing.JComponent::contains (27 bytes)
Event: 81.112 Thread 0x0000024fd4023000 nmethod 2971 0x0000024fb8afd090 code [0x0000024fb8afd260, 0x0000024fb8afd978]
Event: 81.112 Thread 0x0000024fd4023000 2972       3       java.awt.Container::findComponentAtImpl (161 bytes)
Event: 81.113 Thread 0x0000024fd4023000 nmethod 2972 0x0000024fb87de010 code [0x0000024fb87de280, 0x0000024fb87deff0]
Event: 81.125 Thread 0x0000024fd4023000 2973       3       java.awt.Container::getMouseEventTarget (50 bytes)
Event: 81.125 Thread 0x0000024fd4023000 nmethod 2973 0x0000024fb8b35c90 code [0x0000024fb8b35e60, 0x0000024fb8b361a0]
Event: 81.388 Thread 0x0000024fd401f000 2974       4       java.util.concurrent.ConcurrentHashMap::get (162 bytes)
Event: 81.391 Thread 0x0000024fd401f000 nmethod 2974 0x0000024fbfbf6510 code [0x0000024fbfbf66a0, 0x0000024fbfbf6978]
Event: 81.421 Thread 0x0000024fd4023000 2975       3       java.lang.StringLatin1::toLowerCase (180 bytes)
Event: 81.422 Thread 0x0000024fd4023000 nmethod 2975 0x0000024fb874f510 code [0x0000024fb874f7c0, 0x0000024fb8750580]
Event: 81.422 Thread 0x0000024fd4023000 2976       3       sun.font.FreetypeFontScaler::invalidateScalerContext (1 bytes)
Event: 81.422 Thread 0x0000024fd4023000 nmethod 2976 0x0000024fb89f2e90 code [0x0000024fb89f3020, 0x0000024fb89f3198]

GC Heap History (20 events):
Event: 3.673 GC heap before
{Heap before GC invocations=3 (full 0):
 garbage-first heap   total 262144K, used 45631K [0x0000000701400000, 0x0000000800000000)
  region size 1024K, 12 young (12288K), 1 survivors (1024K)
 Metaspace       used 8981K, capacity 9251K, committed 9472K, reserved 1058816K
  class space    used 880K, capacity 1010K, committed 1024K, reserved 1048576K
}
Event: 3.673 GC heap after
{Heap after GC invocations=4 (full 0):
 garbage-first heap   total 262144K, used 34322K [0x0000000701400000, 0x0000000800000000)
  region size 1024K, 1 young (1024K), 1 survivors (1024K)
 Metaspace       used 8981K, capacity 9251K, committed 9472K, reserved 1058816K
  class space    used 880K, capacity 1010K, committed 1024K, reserved 1048576K
}
Event: 6.790 GC heap before
{Heap before GC invocations=4 (full 0):
 garbage-first heap   total 262144K, used 59922K [0x0000000701400000, 0x0000000800000000)
  region size 1024K, 27 young (27648K), 1 survivors (1024K)
 Metaspace       used 9073K, capacity 9316K, committed 9472K, reserved 1058816K
  class space    used 880K, capacity 1010K, committed 1024K, reserved 1048576K
}
Event: 6.791 GC heap after
{Heap after GC invocations=5 (full 0):
 garbage-first heap   total 262144K, used 34329K [0x0000000701400000, 0x0000000800000000)
  region size 1024K, 1 young (1024K), 1 survivors (1024K)
 Metaspace       used 9073K, capacity 9316K, committed 9472K, reserved 1058816K
  class space    used 880K, capacity 1010K, committed 1024K, reserved 1048576K
}
Event: 11.078 GC heap before
{Heap before GC invocations=5 (full 0):
 garbage-first heap   total 262144K, used 77337K [0x0000000701400000, 0x0000000800000000)
  region size 1024K, 44 young (45056K), 1 survivors (1024K)
 Metaspace       used 9081K, capacity 9380K, committed 9472K, reserved 1058816K
  class space    used 880K, capacity 1010K, committed 1024K, reserved 1048576K
}
Event: 11.079 GC heap after
{Heap after GC invocations=6 (full 0):
 garbage-first heap   total 262144K, used 34333K [0x0000000701400000, 0x0000000800000000)
  region size 1024K, 1 young (1024K), 1 survivors (1024K)
 Metaspace       used 9081K, capacity 9380K, committed 9472K, reserved 1058816K
  class space    used 880K, capacity 1010K, committed 1024K, reserved 1048576K
}
Event: 17.231 GC heap before
{Heap before GC invocations=6 (full 0):
 garbage-first heap   total 262144K, used 112157K [0x0000000701400000, 0x0000000800000000)
  region size 1024K, 77 young (78848K), 1 survivors (1024K)
 Metaspace       used 9084K, capacity 9380K, committed 9472K, reserved 1058816K
  class space    used 880K, capacity 1010K, committed 1024K, reserved 1048576K
}
Event: 17.231 GC heap after
{Heap after GC invocations=7 (full 0):
 garbage-first heap   total 262144K, used 34332K [0x0000000701400000, 0x0000000800000000)
  region size 1024K, 1 young (1024K), 1 survivors (1024K)
 Metaspace       used 9084K, capacity 9380K, committed 9472K, reserved 1058816K
  class space    used 880K, capacity 1010K, committed 1024K, reserved 1048576K
}
Event: 23.559 GC heap before
{Heap before GC invocations=7 (full 0):
 garbage-first heap   total 262144K, used 143900K [0x0000000701400000, 0x0000000800000000)
  region size 1024K, 108 young (110592K), 1 survivors (1024K)
 Metaspace       used 9113K, capacity 9380K, committed 9472K, reserved 1058816K
  class space    used 881K, capacity 1010K, committed 1024K, reserved 1048576K
}
Event: 23.560 GC heap after
{Heap after GC invocations=8 (full 0):
 garbage-first heap   total 262144K, used 34339K [0x0000000701400000, 0x0000000800000000)
  region size 1024K, 1 young (1024K), 1 survivors (1024K)
 Metaspace       used 9113K, capacity 9380K, committed 9472K, reserved 1058816K
  class space    used 881K, capacity 1010K, committed 1024K, reserved 1048576K
}
Event: 31.747 GC heap before
{Heap before GC invocations=8 (full 0):
 garbage-first heap   total 262144K, used 166435K [0x0000000701400000, 0x0000000800000000)
  region size 1024K, 130 young (133120K), 1 survivors (1024K)
 Metaspace       used 9160K, capacity 9444K, committed 9472K, reserved 1058816K
  class space    used 883K, capacity 1010K, committed 1024K, reserved 1048576K
}
Event: 31.747 GC heap after
{Heap after GC invocations=9 (full 0):
 garbage-first heap   total 262144K, used 34376K [0x0000000701400000, 0x0000000800000000)
  region size 1024K, 1 young (1024K), 1 survivors (1024K)
 Metaspace       used 9160K, capacity 9444K, committed 9472K, reserved 1058816K
  class space    used 883K, capacity 1010K, committed 1024K, reserved 1048576K
}
Event: 43.584 GC heap before
{Heap before GC invocations=9 (full 0):
 garbage-first heap   total 262144K, used 182856K [0x0000000701400000, 0x0000000800000000)
  region size 1024K, 146 young (149504K), 1 survivors (1024K)
 Metaspace       used 9161K, capacity 9444K, committed 9472K, reserved 1058816K
  class space    used 883K, capacity 1010K, committed 1024K, reserved 1048576K
}
Event: 43.585 GC heap after
{Heap after GC invocations=10 (full 0):
 garbage-first heap   total 262144K, used 34396K [0x0000000701400000, 0x0000000800000000)
  region size 1024K, 1 young (1024K), 1 survivors (1024K)
 Metaspace       used 9161K, capacity 9444K, committed 9472K, reserved 1058816K
  class space    used 883K, capacity 1010K, committed 1024K, reserved 1048576K
}
Event: 53.598 GC heap before
{Heap before GC invocations=10 (full 0):
 garbage-first heap   total 262144K, used 190044K [0x0000000701400000, 0x0000000800000000)
  region size 1024K, 154 young (157696K), 1 survivors (1024K)
 Metaspace       used 9179K, capacity 9444K, committed 9472K, reserved 1058816K
  class space    used 883K, capacity 1010K, committed 1024K, reserved 1048576K
}
Event: 53.599 GC heap after
{Heap after GC invocations=11 (full 0):
 garbage-first heap   total 262144K, used 34673K [0x0000000701400000, 0x0000000800000000)
  region size 1024K, 1 young (1024K), 1 survivors (1024K)
 Metaspace       used 9179K, capacity 9444K, committed 9472K, reserved 1058816K
  class space    used 883K, capacity 1010K, committed 1024K, reserved 1048576K
}
Event: 61.697 GC heap before
{Heap before GC invocations=11 (full 0):
 garbage-first heap   total 262144K, used 190321K [0x0000000701400000, 0x0000000800000000)
  region size 1024K, 154 young (157696K), 1 survivors (1024K)
 Metaspace       used 9204K, capacity 9508K, committed 9728K, reserved 1058816K
  class space    used 884K, capacity 1010K, committed 1024K, reserved 1048576K
}
Event: 61.698 GC heap after
{Heap after GC invocations=12 (full 0):
 garbage-first heap   total 262144K, used 35634K [0x0000000701400000, 0x0000000800000000)
  region size 1024K, 2 young (2048K), 2 survivors (2048K)
 Metaspace       used 9204K, capacity 9508K, committed 9728K, reserved 1058816K
  class space    used 884K, capacity 1010K, committed 1024K, reserved 1048576K
}
Event: 70.251 GC heap before
{Heap before GC invocations=12 (full 0):
 garbage-first heap   total 262144K, used 190258K [0x0000000701400000, 0x0000000800000000)
  region size 1024K, 153 young (156672K), 2 survivors (2048K)
 Metaspace       used 9221K, capacity 9508K, committed 9728K, reserved 1058816K
  class space    used 884K, capacity 1010K, committed 1024K, reserved 1048576K
}
Event: 70.252 GC heap after
{Heap after GC invocations=13 (full 0):
 garbage-first heap   total 262144K, used 36993K [0x0000000701400000, 0x0000000800000000)
  region size 1024K, 4 young (4096K), 4 survivors (4096K)
 Metaspace       used 9221K, capacity 9508K, committed 9728K, reserved 1058816K
  class space    used 884K, capacity 1010K, committed 1024K, reserved 1048576K
}

Deoptimization events (20 events):
Event: 81.412 Thread 0x0000024fdb434800 Uncommon trap: trap_request=0xffffff66 fr.pc=0x0000024fbfc701d4 relative=0x0000000000004b34
Event: 81.412 Thread 0x0000024fdb434800 Uncommon trap: reason=speculate_class_check action=maybe_recompile pc=0x0000024fbfc701d4 method=java.awt.EventQueue.coalesceEvent(Ljava/awt/AWTEvent;I)Z @ 53 c2
Event: 81.412 Thread 0x0000024fdb434800 DEOPT PACKING pc=0x0000024fbfc701d4 sp=0x00000070a84fee20
Event: 81.412 Thread 0x0000024fdb434800 DEOPT UNPACKING pc=0x0000024fb80a912f sp=0x00000070a84fec78 mode 2
Event: 81.412 Thread 0x0000024fdb434800 Uncommon trap: trap_request=0xffffffde fr.pc=0x0000024fbfd18704 relative=0x0000000000000584
Event: 81.412 Thread 0x0000024fdb434800 Uncommon trap: reason=class_check action=maybe_recompile pc=0x0000024fbfd18704 method=java.awt.EventQueue.setCurrentEventAndMostRecentTimeImpl(Ljava/awt/AWTEvent;)V @ 134 c2
Event: 81.412 Thread 0x0000024fdb434800 DEOPT PACKING pc=0x0000024fbfd18704 sp=0x00000070a84fec00
Event: 81.412 Thread 0x0000024fdb434800 DEOPT UNPACKING pc=0x0000024fb80a912f sp=0x00000070a84feba0 mode 2
Event: 81.412 Thread 0x0000024fdb434800 Uncommon trap: trap_request=0xffffff45 fr.pc=0x0000024fbfd7368c relative=0x000000000000006c
Event: 81.412 Thread 0x0000024fdb434800 Uncommon trap: reason=unstable_if action=reinterpret pc=0x0000024fbfd7368c method=java.util.IdentityHashMap.keySet()Ljava/util/Set; @ 6 c2
Event: 81.412 Thread 0x0000024fdb434800 DEOPT PACKING pc=0x0000024fbfd7368c sp=0x00000070a84fe8f0
Event: 81.412 Thread 0x0000024fdb434800 DEOPT UNPACKING pc=0x0000024fb80a912f sp=0x00000070a84fe888 mode 2
Event: 81.414 Thread 0x0000024fafb61000 Uncommon trap: trap_request=0xffffff45 fr.pc=0x0000024fbfd70348 relative=0x0000000000001668
Event: 81.414 Thread 0x0000024fafb61000 Uncommon trap: reason=unstable_if action=reinterpret pc=0x0000024fbfd70348 method=sun.font.TrueTypeFont.readBlock(Ljava/nio/ByteBuffer;II)I @ 15 c2
Event: 81.414 Thread 0x0000024fafb61000 DEOPT PACKING pc=0x0000024fbfd70348 sp=0x00000070a72fe3a0
Event: 81.414 Thread 0x0000024fafb61000 DEOPT UNPACKING pc=0x0000024fb80a912f sp=0x00000070a72fe3b0 mode 2
Event: 81.414 Thread 0x0000024fafb61000 Uncommon trap: trap_request=0xffffff45 fr.pc=0x0000024fbfcf8694 relative=0x00000000000003d4
Event: 81.414 Thread 0x0000024fafb61000 Uncommon trap: reason=unstable_if action=reinterpret pc=0x0000024fbfcf8694 method=java.nio.channels.spi.AbstractInterruptibleChannel.begin()V @ 4 c2
Event: 81.414 Thread 0x0000024fafb61000 DEOPT PACKING pc=0x0000024fbfcf8694 sp=0x00000070a72fe170
Event: 81.414 Thread 0x0000024fafb61000 DEOPT UNPACKING pc=0x0000024fb80a912f sp=0x00000070a72fe140 mode 2

Classes unloaded (0 events):
No events

Classes redefined (0 events):
No events

Internal exceptions (20 events):
Event: 20.078 Thread 0x0000024fafb61000 Implicit null exception at 0x0000024fbfc519ee to 0x0000024fbfc51d8a
Event: 47.093 Thread 0x0000024fdb602800 Exception <a 'java/io/FileNotFoundException'{0x000000070e8001b0}> (0x000000070e8001b0) 
thrown [t:/workspace/open/src/hotspot/share/prims/jni.cpp, line 598]
Event: 47.592 Thread 0x0000024fdb602800 Exception <a 'java/io/FileNotFoundException'{0x000000070e80d0a8}> (0x000000070e80d0a8) 
thrown [t:/workspace/open/src/hotspot/share/prims/jni.cpp, line 598]
Event: 48.094 Thread 0x0000024fdb602800 Exception <a 'java/io/FileNotFoundException'{0x000000070e819d80}> (0x000000070e819d80) 
thrown [t:/workspace/open/src/hotspot/share/prims/jni.cpp, line 598]
Event: 48.593 Thread 0x0000024fdb602800 Exception <a 'java/io/FileNotFoundException'{0x000000070e828228}> (0x000000070e828228) 
thrown [t:/workspace/open/src/hotspot/share/prims/jni.cpp, line 598]
Event: 49.093 Thread 0x0000024fdb602800 Exception <a 'java/io/FileNotFoundException'{0x000000070e8366c0}> (0x000000070e8366c0) 
thrown [t:/workspace/open/src/hotspot/share/prims/jni.cpp, line 598]
Event: 49.592 Thread 0x0000024fdb602800 Exception <a 'java/io/FileNotFoundException'{0x000000070e843388}> (0x000000070e843388) 
thrown [t:/workspace/open/src/hotspot/share/prims/jni.cpp, line 598]
Event: 50.091 Thread 0x0000024fdb602800 Exception <a 'java/io/FileNotFoundException'{0x000000070e850040}> (0x000000070e850040) 
thrown [t:/workspace/open/src/hotspot/share/prims/jni.cpp, line 598]
Event: 50.592 Thread 0x0000024fdb602800 Exception <a 'java/io/FileNotFoundException'{0x000000070e85fa00}> (0x000000070e85fa00) 
thrown [t:/workspace/open/src/hotspot/share/prims/jni.cpp, line 598]
Event: 51.092 Thread 0x0000024fdb602800 Exception <a 'java/io/FileNotFoundException'{0x000000070e86f920}> (0x000000070e86f920) 
thrown [t:/workspace/open/src/hotspot/share/prims/jni.cpp, line 598]
Event: 51.591 Thread 0x0000024fdb602800 Exception <a 'java/io/FileNotFoundException'{0x000000070e87e4e0}> (0x000000070e87e4e0) 
thrown [t:/workspace/open/src/hotspot/share/prims/jni.cpp, line 598]
Event: 55.591 Thread 0x0000024fdb602800 Exception <a 'java/io/FileNotFoundException'{0x000000070f0c2be0}> (0x000000070f0c2be0) 
thrown [t:/workspace/open/src/hotspot/share/prims/jni.cpp, line 598]
Event: 58.158 Thread 0x0000024fdb602800 Exception <a 'java/io/FileNotFoundException'{0x000000070f0fb3f8}> (0x000000070f0fb3f8) 
thrown [t:/workspace/open/src/hotspot/share/prims/jni.cpp, line 598]
Event: 59.596 Thread 0x0000024fdb602800 Exception <a 'java/io/FileNotFoundException'{0x000000070c08c3d8}> (0x000000070c08c3d8) 
thrown [t:/workspace/open/src/hotspot/share/prims/jni.cpp, line 598]
Event: 63.595 Thread 0x0000024fdb602800 Exception <a 'java/io/FileNotFoundException'{0x000000070f0001c0}> (0x000000070f0001c0) 
thrown [t:/workspace/open/src/hotspot/share/prims/jni.cpp, line 598]
Event: 64.144 Thread 0x0000024fdb602800 Exception <a 'java/io/FileNotFoundException'{0x000000070f08a7b0}> (0x000000070f08a7b0) 
thrown [t:/workspace/open/src/hotspot/share/prims/jni.cpp, line 598]
Event: 65.210 Thread 0x0000024fdb602800 Exception <a 'java/io/FileNotFoundException'{0x000000070e6c4590}> (0x000000070e6c4590) 
thrown [t:/workspace/open/src/hotspot/share/prims/jni.cpp, line 598]
Event: 80.953 Thread 0x0000024fdb434800 Implicit null exception at 0x0000024fbfe4271f to 0x0000024fbfe43ba2
Event: 81.421 Thread 0x0000024fafb61000 Exception <a 'java/io/FileNotFoundException'{0x0000000709c4f598}> (0x0000000709c4f598) 
thrown [t:/workspace/open/src/hotspot/share/prims/jni.cpp, line 598]
Event: 81.421 Thread 0x0000024fafb61000 Exception <a 'java/io/FileNotFoundException'{0x0000000709c50b18}> (0x0000000709c50b18) 
thrown [t:/workspace/open/src/hotspot/share/prims/jni.cpp, line 598]

Events (20 events):
Event: 81.414 Executing VM operation: RevokeBias done
Event: 81.414 Executing VM operation: RevokeBias
Event: 81.414 Executing VM operation: RevokeBias done
Event: 81.414 Executing VM operation: RevokeBias
Event: 81.414 Executing VM operation: RevokeBias done
Event: 81.414 Executing VM operation: RevokeBias
Event: 81.414 Executing VM operation: RevokeBias done
Event: 81.414 Executing VM operation: RevokeBias
Event: 81.414 Executing VM operation: RevokeBias done
Event: 81.415 Thread 0x0000024fdbb52000 Thread exited: 0x0000024fdbb52000
Event: 81.421 Executing VM operation: RevokeBias
Event: 81.421 Executing VM operation: RevokeBias done
Event: 81.421 loading class java/awt/FontFormatException
Event: 81.421 loading class java/awt/FontFormatException done
Event: 81.421 loading class java/nio/channels/ClosedChannelException
Event: 81.421 loading class java/nio/channels/ClosedChannelException done
Event: 81.422 loading class sun/font/NullFontScaler
Event: 81.422 loading class sun/font/NullFontScaler done
Event: 81.422 Executing VM operation: Deoptimize
Event: 81.422 Executing VM operation: Deoptimize done


Dynamic libraries:
0x00007ff61c870000 - 0x00007ff61c87f000 	C:\Program Files\Java\jdk-13\bin\java.exe
0x00007ffb0c200000 - 0x00007ffb0c3f0000 	C:\Windows\SYSTEM32\ntdll.dll
0x00007ffb0aa40000 - 0x00007ffb0aaf2000 	C:\Windows\System32\KERNEL32.DLL
0x00007ffb09480000 - 0x00007ffb09725000 	C:\Windows\System32\KERNELBASE.dll
0x00007ffb09900000 - 0x00007ffb099fa000 	C:\Windows\System32\ucrtbase.dll
0x00007ffafdff0000 - 0x00007ffafe008000 	C:\Program Files\Java\jdk-13\bin\jli.dll
0x00007ffaff2b0000 - 0x00007ffaff2c5000 	C:\Program Files\Java\jdk-13\bin\VCRUNTIME140.dll
0x00007ffb0b100000 - 0x00007ffb0b1a3000 	C:\Windows\System32\ADVAPI32.dll
0x00007ffb0bc30000 - 0x00007ffb0bcce000 	C:\Windows\System32\msvcrt.dll
0x00007ffb0bcd0000 - 0x00007ffb0bd67000 	C:\Windows\System32\sechost.dll
0x00007ffb0af70000 - 0x00007ffb0b090000 	C:\Windows\System32\RPCRT4.dll
0x00007ffb0a8a0000 - 0x00007ffb0aa34000 	C:\Windows\System32\USER32.dll
0x00007ffafd5f0000 - 0x00007ffafd874000 	C:\Windows\WinSxS\amd64_microsoft.windows.common-controls_6595b64144ccf1df_6.0.18362.1256_none_9e7e379be45e40e2\COMCTL32.dll
0x00007ffb0a280000 - 0x00007ffb0a2a1000 	C:\Windows\System32\win32u.dll
0x00007ffb0b1b0000 - 0x00007ffb0b4e6000 	C:\Windows\System32\combase.dll
0x00007ffb0bc00000 - 0x00007ffb0bc26000 	C:\Windows\System32\GDI32.dll
0x00007ffb091f0000 - 0x00007ffb09271000 	C:\Windows\System32\bcryptPrimitives.dll
0x00007ffb09760000 - 0x00007ffb098f6000 	C:\Windows\System32\gdi32full.dll
0x00007ffb0a1e0000 - 0x00007ffb0a27e000 	C:\Windows\System32\msvcp_win.dll
0x00007ffb02180000 - 0x00007ffb0218a000 	C:\Windows\SYSTEM32\VERSION.dll
0x00007ffb0c180000 - 0x00007ffb0c1ae000 	C:\Windows\System32\IMM32.DLL
0x00007ffaf6a90000 - 0x00007ffaf6b2b000 	C:\Program Files\Java\jdk-13\bin\msvcp140.dll
0x00007ffab0ba0000 - 0x00007ffab1706000 	C:\Program Files\Java\jdk-13\bin\server\jvm.dll
0x00007ffb0a680000 - 0x00007ffb0a688000 	C:\Windows\System32\PSAPI.DLL
0x00007ffb06a40000 - 0x00007ffb06a64000 	C:\Windows\SYSTEM32\WINMM.dll
0x00007ffaefcc0000 - 0x00007ffaefcc9000 	C:\Windows\SYSTEM32\WSOCK32.dll
0x00007ffb0b090000 - 0x00007ffb0b0ff000 	C:\Windows\System32\WS2_32.dll
0x00007ffb06820000 - 0x00007ffb0684d000 	C:\Windows\SYSTEM32\WINMMBASE.dll
0x00007ffb09a00000 - 0x00007ffb09a4a000 	C:\Windows\System32\cfgmgr32.dll
0x00007ffb09150000 - 0x00007ffb09161000 	C:\Windows\System32\kernel.appcore.dll
0x00007ffb06f80000 - 0x00007ffb06f90000 	C:\Program Files\Java\jdk-13\bin\verify.dll
0x00007ffaedec0000 - 0x00007ffaee0b4000 	C:\Windows\SYSTEM32\DBGHELP.DLL
0x00007ffaede90000 - 0x00007ffaedeba000 	C:\Windows\SYSTEM32\dbgcore.DLL
0x00007ffafdfc0000 - 0x00007ffafdfe6000 	C:\Program Files\Java\jdk-13\bin\java.dll
0x00007ffafccf0000 - 0x00007ffafcd07000 	C:\Program Files\Java\jdk-13\bin\zip.dll
0x00007ffb06100000 - 0x00007ffb0610a000 	C:\Program Files\Java\jdk-13\bin\jimage.dll
0x00007ffb0b510000 - 0x00007ffb0bbf7000 	C:\Windows\System32\SHELL32.dll
0x00007ffb0bec0000 - 0x00007ffb0bf69000 	C:\Windows\System32\shcore.dll
0x00007ffb09a50000 - 0x00007ffb0a1d1000 	C:\Windows\System32\windows.storage.dll
0x00007ffb090b0000 - 0x00007ffb090d3000 	C:\Windows\System32\profapi.dll
0x00007ffb09100000 - 0x00007ffb0914a000 	C:\Windows\System32\powrprof.dll
0x00007ffb090a0000 - 0x00007ffb090b0000 	C:\Windows\System32\UMPDC.dll
0x00007ffb0bf70000 - 0x00007ffb0bfc2000 	C:\Windows\System32\shlwapi.dll
0x00007ffb091d0000 - 0x00007ffb091e7000 	C:\Windows\System32\cryptsp.dll
0x00007ffad5eb0000 - 0x00007ffad6049000 	C:\Program Files\Java\jdk-13\bin\awt.dll
0x00007ffb0c030000 - 0x00007ffb0c0f5000 	C:\Windows\System32\OLEAUT32.dll
0x00007ffb05a60000 - 0x00007ffb06020000 	C:\Windows\SYSTEM32\d2d1.dll
0x00007ffb071e0000 - 0x00007ffb0726f000 	C:\Windows\SYSTEM32\apphelp.dll
0x00007ffb08460000 - 0x00007ffb08493000 	C:\Windows\system32\rsaenh.dll
0x00007ffb09730000 - 0x00007ffb09756000 	C:\Windows\System32\bcrypt.dll
0x00007ffb08f80000 - 0x00007ffb08fa5000 	C:\Windows\SYSTEM32\USERENV.dll
0x00007ffb08ac0000 - 0x00007ffb08acc000 	C:\Windows\SYSTEM32\CRYPTBASE.dll
0x00007ffafc480000 - 0x00007ffafc499000 	C:\Program Files\Java\jdk-13\bin\net.dll
0x00007ffb03bb0000 - 0x00007ffb03ca0000 	C:\Windows\SYSTEM32\WINHTTP.dll
0x00007ffaffd10000 - 0x00007ffaffee6000 	C:\Windows\SYSTEM32\urlmon.dll
0x00007ffb00320000 - 0x00007ffb005c7000 	C:\Windows\SYSTEM32\iertutil.dll
0x00007ffb088f0000 - 0x00007ffb08957000 	C:\Windows\system32\mswsock.dll
0x00007ffb08600000 - 0x00007ffb0863a000 	C:\Windows\SYSTEM32\IPHLPAPI.DLL
0x00007ffb0c1b0000 - 0x00007ffb0c1b8000 	C:\Windows\System32\NSI.dll
0x00007ffb02e80000 - 0x00007ffb02e96000 	C:\Windows\SYSTEM32\dhcpcsvc6.DLL
0x00007ffb02e60000 - 0x00007ffb02e7c000 	C:\Windows\SYSTEM32\dhcpcsvc.DLL
0x00007ffb08640000 - 0x00007ffb0870b000 	C:\Windows\SYSTEM32\DNSAPI.dll
0x00007ffafbe70000 - 0x00007ffafbe83000 	C:\Program Files\Java\jdk-13\bin\nio.dll
0x00007ffae0580000 - 0x00007ffae0602000 	C:\Program Files\Java\jdk-13\bin\freetype.dll
0x00007ffad5e00000 - 0x00007ffad5ea6000 	C:\Program Files\Java\jdk-13\bin\fontmanager.dll
0x00007ffb079c0000 - 0x00007ffb079ed000 	C:\Windows\system32\DWMAPI.DLL
0x00007ffb07320000 - 0x00007ffb073b9000 	C:\Windows\system32\uxtheme.dll
0x00007ffad2d40000 - 0x00007ffad2e96000 	C:\Windows\system32\opengl32.dll
0x00007ffaff560000 - 0x00007ffaff58c000 	C:\Windows\SYSTEM32\GLU32.dll
0x00007ffb07cc0000 - 0x00007ffb07ce0000 	C:\Windows\SYSTEM32\dxcore.dll
0x00007ffb0bd70000 - 0x00007ffb0bea5000 	C:\Windows\System32\MSCTF.dll
0x00007ffb0a740000 - 0x00007ffb0a897000 	C:\Windows\System32\ole32.dll
0x00007ffb090e0000 - 0x00007ffb090f2000 	C:\Windows\System32\msasn1.dll
0x00007ffb02150000 - 0x00007ffb0217f000 	C:\Windows\SYSTEM32\cryptnet.dll
0x00007ffb09280000 - 0x00007ffb093c9000 	C:\Windows\System32\CRYPT32.dll
0x00007ffb09170000 - 0x00007ffb091cc000 	C:\Windows\System32\WINTRUST.DLL
0x00007ffb0b4f0000 - 0x00007ffb0b50d000 	C:\Windows\System32\imagehlp.dll
0x00007ffb07c70000 - 0x00007ffb07c92000 	C:\Windows\SYSTEM32\gpapi.dll
0x00007ffafc790000 - 0x00007ffafc82e000 	C:\Windows\System32\TextInputFramework.dll
0x00007ffb06de0000 - 0x00007ffb06eb4000 	C:\Windows\System32\CoreMessaging.dll
0x00007ffb044a0000 - 0x00007ffb047ca000 	C:\Windows\System32\CoreUIComponents.dll
0x00007ffb080c0000 - 0x00007ffb080f1000 	C:\Windows\SYSTEM32\ntmarta.dll
0x00007ffb04340000 - 0x00007ffb04493000 	C:\Windows\SYSTEM32\wintypes.dll
0x00007ffb005d0000 - 0x00007ffb00635000 	C:\Windows\system32\Oleacc.dll
0x00007ffafbe40000 - 0x00007ffafbe6d000 	C:\Program Files\Java\jdk-13\bin\javajpeg.dll

dbghelp: loaded successfully - version: 4.0.5 - missing functions: none
symbol engine: initialized successfully - sym options: 0x614 - pdb path: .;C:\Program Files\Java\jdk-13\bin;C:\Windows\SYSTEM32;C:\Windows\WinSxS\amd64_microsoft.windows.common-controls_6595b64144ccf1df_6.0.18362.1256_none_9e7e379be45e40e2;C:\Program Files\Java\jdk-13\bin\server;C:\WINDOWS\System32\DriverStore\FileRepository\nv_dispi.inf_amd64_8e68f77150e57b50

VM Arguments:
jvm_args: -Dfile.encoding=UTF-8 
java_command: warcraftTD.Main
java_class_path (initial): C:\Users\Cody\Desktop\Documents\_DEV\warcraftTD\bin
Launcher Type: SUN_STANDARD

[Global flags]
     intx CICompilerCount                          = 4                                         {product} {ergonomic}
     uint ConcGCThreads                            = 2                                         {product} {ergonomic}
     uint G1ConcRefinementThreads                  = 8                                         {product} {ergonomic}
   size_t G1HeapRegionSize                         = 1048576                                   {product} {ergonomic}
    uintx GCDrainStackTargetSize                   = 64                                        {product} {ergonomic}
   size_t InitialHeapSize                          = 268435456                                 {product} {ergonomic}
   size_t MarkStackSize                            = 4194304                                   {product} {ergonomic}
   size_t MaxHeapSize                              = 4273995776                                {product} {ergonomic}
   size_t MaxNewSize                               = 2563768320                                {product} {ergonomic}
   size_t MinHeapDeltaBytes                        = 1048576                                   {product} {ergonomic}
   size_t MinHeapSize                              = 8388608                                   {product} {ergonomic}
    uintx NonNMethodCodeHeapSize                   = 5836300                                {pd product} {ergonomic}
    uintx NonProfiledCodeHeapSize                  = 122910970                              {pd product} {ergonomic}
    uintx ProfiledCodeHeapSize                     = 122910970                              {pd product} {ergonomic}
    uintx ReservedCodeCacheSize                    = 251658240                              {pd product} {ergonomic}
     bool SegmentedCodeCache                       = true                                      {product} {ergonomic}
   size_t SoftMaxHeapSize                          = 4273995776                             {manageable} {ergonomic}
     bool UseCompressedClassPointers               = true                                 {lp64_product} {ergonomic}
     bool UseCompressedOops                        = true                                 {lp64_product} {ergonomic}
     bool UseG1GC                                  = true                                      {product} {ergonomic}
     bool UseLargePagesIndividualAllocation        = false                                  {pd product} {ergonomic}

Logging:
Log output configuration:
 #0: stdout all=warning uptime,level,tags
 #1: stderr all=off uptime,level,tags

Environment Variables:
JAVA_HOME=C:\Progra~1\Java\jdk-13
PATH=C:\Python\Python37\Scripts\;C:\Python\Python37\;C:\Program Files (x86)\Common Files\Oracle\Java\javapath;C:\Program Files (x86)\Common Files\Intel\Shared Libraries\redist\intel64\compiler;C:\ProgramData\Oracle\Java\javapath;C:\Program Files (x86)\Intel\iCLS Client\;C:\Program Files\Intel\iCLS Client\;C:\WINDOWS\system32;C:\WINDOWS;C:\WINDOWS\System32\Wbem;C:\WINDOWS\System32\WindowsPowerShell\v1.0\;C:\Program Files (x86)\Intel\Intel(R) Management Engine Components\DAL;C:\Program Files\Intel\Intel(R) Management Engine Components\DAL;C:\Program Files (x86)\Intel\Intel(R) Management Engine Components\IPT;C:\Program Files\Intel\Intel(R) Management Engine Components\IPT;C:\Program Files\dotnet\;C:\WINDOWS\System32\OpenSSH\;C:\Program Files (x86)\NVIDIA Corporation\PhysX\Common;C:\Users\Cody\AppData\Local\Programs\Python\Python37-32;C:\ProgramData\chocolatey\bin;C:\Program Files\nodejs\;C:\WINDOWS\system32;C:\WINDOWS;C:\WINDOWS\System32\Wbem;C:\WINDOWS\System32\WindowsPowerShell\v1.0\;C:\WINDOWS\System32\OpenSSH\;C:\Program Files (x86)\ZeroTier\One\;C:\MinGW\bin\;C:\Program Files\Git\cmd;C:\Program Files\Tesseract-OCR;C:\Users\Cody\Desktop\ffmpeg-4.3.1-2021-01-01-full_build\bin;C:\Users\Cody\AppData\Local\Microsoft\WindowsApps;C:\Users\Cody\AppData\Roaming\npm;C:\Users\Cody\AppData\Local\GitHubDesktop\bin;C:\Users\Cody\AppData\Local\Microsoft\WindowsApps;
USERNAME=Cody
OS=Windows_NT
PROCESSOR_IDENTIFIER=Intel64 Family 6 Model 94 Stepping 3, GenuineIntel



---------------  S Y S T E M  ---------------

OS: Windows 10 , 64 bit Build 18362 (10.0.18362.1110)

CPU:total 8 (initial active 8) (4 cores per cpu, 2 threads per core) family 6 model 94 stepping 3, cmov, cx8, fxsr, mmx, sse, sse2, sse3, ssse3, sse4.1, sse4.2, popcnt, avx, avx2, aes, clmul, erms, rtm, 3dnowpref, lzcnt, ht, tsc, tscinvbit, bmi1, bmi2, adx, fma

Memory: 4k page, system-wide physical 16300M (8898M free)
TotalPageFile size 18687M (AvailPageFile size 4644M)
current process WorkingSet (physical memory assigned to process): 266M, peak: 291M
current process commit charge ("private bytes"): 402M, peak: 457M

vm_info: Java HotSpot(TM) 64-Bit Server VM (13+33) for windows-amd64 JRE (13+33), built on Sep 18 2019 21:38:00 by "mach5one" with unknown MS VC++:1916

END.
