#
# A fatal error has been detected by the Java Runtime Environment:
#
#  EXCEPTION_ACCESS_VIOLATION (0xc0000005) at pc=0x00007fff030e5d1a, pid=28620, tid=14736
#
# JRE version: Java(TM) SE Runtime Environment (13.0+33) (build 13+33)
# Java VM: Java HotSpot(TM) 64-Bit Server VM (13+33, mixed mode, sharing, tiered, compressed oops, g1 gc, windows-amd64)
# Problematic frame:
# C  [freetype.dll+0x45d1a]
#
# No core dump will be written. Minidumps are not enabled by default on client versions of Windows
#
# If you would like to submit a bug report, please visit:
#   http://bugreport.java.com/bugreport/crash.jsp
# The crash happened outside the Java Virtual Machine in native code.
# See problematic frame for where to report the bug.
#

---------------  S U M M A R Y ------------

Command Line: -agentlib:jdwp=transport=dt_socket,server=n,suspend=y,address=localhost:57640 -Dfile.encoding=UTF-8 warcraftTD.Main

Host: Intel(R) Core(TM) i7-6700K CPU @ 4.00GHz, 8 cores, 15G,  Windows 10 , 64 bit Build 18362 (10.0.18362.1316)
Time: Tue Jan 19 21:03:33 2021 Paris, Madrid elapsed time: 22 seconds (0d 0h 0m 22s)

---------------  T H R E A D  ---------------

Current thread (0x000001bfc2331800):  JavaThread "main" [_thread_in_native, id=14736, stack(0x00000002c8600000,0x00000002c8700000)]

Stack: [0x00000002c8600000,0x00000002c8700000],  sp=0x00000002c86fe5d0,  free space=1017k
Native frames: (J=compiled Java code, j=interpreted, Vv=VM code, C=native code)
C  [freetype.dll+0x45d1a]

Java frames: (J=compiled Java code, j=interpreted, Vv=VM code)
J 2625  sun.font.FreetypeFontScaler.getGlyphImageNative(Lsun/font/Font2D;JJI)J java.desktop@13 (0 bytes) @ 0x000001bfd2416429 [0x000001bfd24163c0+0x0000000000000069]
J 2786 c2 sun.font.FreetypeFontScaler.getGlyphImage(JI)J java.desktop@13 (39 bytes) @ 0x000001bfd26255cc [0x000001bfd26254c0+0x000000000000010c]
J 2689 c1 sun.font.FileFontStrike.getGlyphImagePtr(I)J java.desktop@13 (98 bytes) @ 0x000001bfcb07e85c [0x000001bfcb07dc20+0x0000000000000c3c]
J 2680 c1 sun.font.FileFontStrike.getGlyphMetrics(IZ)Ljava/awt/geom/Point2D$Float; java.desktop@13 (278 bytes) @ 0x000001bfcade0d84 [0x000001bfcade0a60+0x0000000000000324]
J 2683 c1 sun.font.FileFontStrike.getGlyphAdvance(IZ)F java.desktop@13 (400 bytes) @ 0x000001bfcafad334 [0x000001bfcaface80+0x00000000000004b4]
J 2681 c1 sun.font.FileFontStrike.getCodePointAdvance(I)F java.desktop@13 (13 bytes) @ 0x000001bfcb13f9ac [0x000001bfcb13f7e0+0x00000000000001cc]
J 2651 c1 sun.font.FontDesignMetrics.handleCharWidth(I)F java.desktop@13 (9 bytes) @ 0x000001bfcb03b704 [0x000001bfcb03b5c0+0x0000000000000144]
J 2575 c2 sun.font.FontDesignMetrics.stringWidth(Ljava/lang/String;)I java.desktop@13 (155 bytes) @ 0x000001bfd241a4b0 [0x000001bfd241a300+0x00000000000001b0]
j  warcraftTD.StdDraw.text(DDLjava/lang/String;)V+46
J 2435 c1 warcraftTD.World.drawTowerPrices(Ljava/awt/Color;Ljava/awt/Color;Ljava/awt/Color;D)V (124 bytes) @ 0x000001bfcb2d49e4 [0x000001bfcb2d3fc0+0x0000000000000a24]
J 2459 c1 warcraftTD.World.drawHUD()V (199 bytes) @ 0x000001bfcb2ee034 [0x000001bfcb2edbc0+0x0000000000000474]
J 2433 c1 warcraftTD.World.draw()V (43 bytes) @ 0x000001bfcb2d2be4 [0x000001bfcb2d2980+0x0000000000000264]
j  warcraftTD.World.run()V+58
j  warcraftTD.Menu.onMouseClick(DD)V+54
j  warcraftTD.Menu.loop()V+79
j  warcraftTD.Main.main([Ljava/lang/String;)V+23
v  ~StubRoutines::call_stub

siginfo: EXCEPTION_ACCESS_VIOLATION (0xc0000005), reading address 0x0000000000000118


Register to memory mapping:

RIP=0x00007fff030e5d1a freetype.dll
RAX=0x00000002c86fe608 is pointing into the stack for thread: 0x000001bfc2331800
RBX=0x00000002c86fe7b0 is pointing into the stack for thread: 0x000001bfc2331800
RCX=0x000001bfeeaba690 points into unknown readable memory: 01 00 00 00 00 00 00 00
RDX=0x0 is NULL
RSP=0x00000002c86fe5d0 is pointing into the stack for thread: 0x000001bfc2331800
RBP=0x00000002c86fe6d0 is pointing into the stack for thread: 0x000001bfc2331800
RSI=0x000001bfeeaba690 points into unknown readable memory: 01 00 00 00 00 00 00 00
RDI=0x0 is NULL
R8 =0x0000000000000015 is an unknown value
R9 =0x00000002c86fe630 is pointing into the stack for thread: 0x000001bfc2331800
R10=0x0 is NULL
R11=0x00000002c86fe500 is pointing into the stack for thread: 0x000001bfc2331800
R12=0x0000000000000015 is an unknown value
R13=0x0000000000000790 is an unknown value
R14=0x000001bfeeaba690 points into unknown readable memory: 01 00 00 00 00 00 00 00
R15=0x000001bfedcea500 points into unknown readable memory: 60 c0 a7 ee bf 01 00 00


Registers:
RAX=0x00000002c86fe608, RBX=0x00000002c86fe7b0, RCX=0x000001bfeeaba690, RDX=0x0000000000000000
RSP=0x00000002c86fe5d0, RBP=0x00000002c86fe6d0, RSI=0x000001bfeeaba690, RDI=0x0000000000000000
R8 =0x0000000000000015, R9 =0x00000002c86fe630, R10=0x0000000000000000, R11=0x00000002c86fe500
R12=0x0000000000000015, R13=0x0000000000000790, R14=0x000001bfeeaba690, R15=0x000001bfedcea500
RIP=0x00007fff030e5d1a, EFLAGS=0x0000000000010246

Top of Stack: (sp=0x00000002c86fe5d0)
0x00000002c86fe5d0:   00000002c86fe7b0 00000002c86fe7e0
0x00000002c86fe5e0:   0000000000000000 00000002c86fe848
0x00000002c86fe5f0:   00000002c86fe608 000000000000000b
0x00000002c86fe600:   0000000000000000 0000000000000000
0x00000002c86fe610:   00000000c2330000 00007ffe00000918
0x00000002c86fe620:   000147ae000147ae 0000000200000000
0x00000002c86fe630:   00000002c86f0000 00007fff030edc73
0x00000002c86fe640:   000001bfca97a900 000001bfc2331d78
0x00000002c86fe650:   000000000000000b 000001bfc2331800
0x00000002c86fe660:   0000000000000000 0000000000000000
0x00000002c86fe670:   000001bfe69faf00 000001bfe709fdf0
0x00000002c86fe680:   000001bfedf10c40 000001bfeeaba690
0x00000002c86fe690:   000001bfee9fe140 00007fff030f2993
0x00000002c86fe6a0:   0000000000000000 000001bfee9fe140
0x00000002c86fe6b0:   000001bfee9fe140 0000000000000000
0x00000002c86fe6c0:   0000000000000000 000001bfedf10c40 

Instructions: (pc=0x00007fff030e5d1a)
0x00007fff030e5c1a:   48 89 45 c0 48 89 45 c8 48 89 45 d0 48 89 45 d8
0x00007fff030e5c2a:   48 89 45 e0 c6 44 24 34 01 e8 18 e0 fd ff 48 8d
0x00007fff030e5c3a:   45 a0 48 89 43 28 eb 12 48 8d 73 30 49 8b ce 4c
0x00007fff030e5c4a:   8b c6 e8 6f d1 00 00 44 8b e8 44 8b 0e 45 85 c9
0x00007fff030e5c5a:   7e 63 41 8b 96 04 04 00 00 85 d2 75 15 49 8b 8e
0x00007fff030e5c6a:   d0 00 00 00 48 39 79 50 75 08 8d 4a 08 e9 01 0a
0x00007fff030e5c7a:   00 00 46 8d 04 2a 48 8b cb 41 8b d4 41 ff 96 a8
0x00007fff030e5c8a:   02 00 00 89 44 24 30 8b c8 85 c0 0f 85 e6 09 00
0x00007fff030e5c9a:   00 48 8b cb 41 ff 96 b8 02 00 00 48 8b cb 89 44
0x00007fff030e5caa:   24 30 41 ff 96 b0 02 00 00 8b 4c 24 30 85 c9 0f
0x00007fff030e5cba:   85 c2 09 00 00 39 3e 74 06 66 39 7b 34 75 08 48
0x00007fff030e5cca:   89 7b 38 48 89 7b 40 48 8b 43 28 48 8b 33 48 8b
0x00007fff030e5cda:   c8 48 89 45 40 66 89 7c 24 60 66 89 7c 24 44 66
0x00007fff030e5cea:   89 7c 24 38 66 89 7c 24 40 e8 78 df fd ff 4c 8b
0x00007fff030e5cfa:   96 d0 02 00 00 4c 8d 4c 24 60 89 44 24 48 45 8b
0x00007fff030e5d0a:   c4 48 8d 44 24 38 33 d2 48 8b ce 48 89 44 24 20
0x00007fff030e5d1a:   41 ff 92 18 01 00 00 8b 4b 44 40 38 be 90 01 00
0x00007fff030e5d2a:   00 74 27 4c 8b 96 d0 02 00 00 48 8d 44 24 40 4c
0x00007fff030e5d3a:   8d 4c 24 44 48 89 44 24 20 45 8b c4 b2 01 48 8b
0x00007fff030e5d4a:   ce 41 ff 92 18 01 00 00 eb 7d b8 ff ff 00 00 66
0x00007fff030e5d5a:   39 86 08 02 00 00 74 37 0f b7 86 4e 02 00 00 66
0x00007fff030e5d6a:   2b c1 66 89 44 24 44 0f bf 8e 4e 02 00 00 44 0f
0x00007fff030e5d7a:   bf 86 50 02 00 00 8b d1 41 2b d0 0f b7 c1 66 41
0x00007fff030e5d8a:   2b c0 66 44 2b c1 85 d2 66 44 0f 49 c0 eb 32 0f
0x00007fff030e5d9a:   b7 86 3c 01 00 00 66 2b c1 66 89 44 24 44 0f bf
0x00007fff030e5daa:   96 3e 01 00 00 44 0f bf 86 3c 01 00 00 44 3b c2
0x00007fff030e5dba:   79 0b 66 41 2b d0 66 89 54 24 40 eb 0a 66 44 2b
0x00007fff030e5dca:   c2 66 44 89 44 24 40 8b 54 24 48 48 8b 4d 40 e8
0x00007fff030e5dda:   e2 e4 fd ff 8b c8 85 c0 75 35 0f bf 44 24 60 0f
0x00007fff030e5dea:   b7 4c 24 38 89 43 48 0f bf 44 24 44 89 83 08 01
0x00007fff030e5dfa:   00 00 0f b7 44 24 40 89 83 0c 01 00 00 89 4b 4c
0x00007fff030e5e0a:   40 38 7b 54 75 07 c6 43 54 01 89 4b 50 8b cf 89 


Stack slot to memory mapping:
stack at sp + 0 slots: 0x00000002c86fe7b0 is pointing into the stack for thread: 0x000001bfc2331800
stack at sp + 1 slots: 0x00000002c86fe7e0 is pointing into the stack for thread: 0x000001bfc2331800
stack at sp + 2 slots: 0x0 is NULL
stack at sp + 3 slots: 0x00000002c86fe848 is pointing into the stack for thread: 0x000001bfc2331800
stack at sp + 4 slots: 0x00000002c86fe608 is pointing into the stack for thread: 0x000001bfc2331800
stack at sp + 5 slots: 0x000000000000000b is an unknown value
stack at sp + 6 slots: 0x0 is NULL
stack at sp + 7 slots: 0x0 is NULL


---------------  P R O C E S S  ---------------

Threads class SMR info:
_java_thread_list=0x000001bfedf00620, length=16, elements={
0x000001bfc2331800, 0x000001bfe5e36000, 0x000001bfe5e39000, 0x000001bfe66db000,
0x000001bfe66dc800, 0x000001bfe66dd800, 0x000001bfe66e6800, 0x000001bfe66f3800,
0x000001bfe6844800, 0x000001bfe6848000, 0x000001bfe6849000, 0x000001bfe6855800,
0x000001bfe685c800, 0x000001bfe712d000, 0x000001bfe7134800, 0x000001bfe7868800
}

Java Threads: ( => current thread )
=>0x000001bfc2331800 JavaThread "main" [_thread_in_native, id=14736, stack(0x00000002c8600000,0x00000002c8700000)]
  0x000001bfe5e36000 JavaThread "Reference Handler" daemon [_thread_blocked, id=5904, stack(0x00000002c8d00000,0x00000002c8e00000)]
  0x000001bfe5e39000 JavaThread "Finalizer" daemon [_thread_blocked, id=24696, stack(0x00000002c8e00000,0x00000002c8f00000)]
  0x000001bfe66db000 JavaThread "Signal Dispatcher" daemon [_thread_blocked, id=27600, stack(0x00000002c8f00000,0x00000002c9000000)]
  0x000001bfe66dc800 JavaThread "Attach Listener" daemon [_thread_blocked, id=27636, stack(0x00000002c9000000,0x00000002c9100000)]
  0x000001bfe66dd800 JavaThread "C2 CompilerThread0" daemon [_thread_blocked, id=27948, stack(0x00000002c9100000,0x00000002c9200000)]
  0x000001bfe66e6800 JavaThread "C1 CompilerThread0" daemon [_thread_blocked, id=22584, stack(0x00000002c9200000,0x00000002c9300000)]
  0x000001bfe66f3800 JavaThread "Sweeper thread" daemon [_thread_blocked, id=1180, stack(0x00000002c9300000,0x00000002c9400000)]
  0x000001bfe6844800 JavaThread "JDWP Transport Listener: dt_socket" daemon [_thread_blocked, id=9076, stack(0x00000002c9400000,0x00000002c9500000)]
  0x000001bfe6848000 JavaThread "JDWP Event Helper Thread" daemon [_thread_blocked, id=6388, stack(0x00000002c9500000,0x00000002c9600000)]
  0x000001bfe6849000 JavaThread "JDWP Command Reader" daemon [_thread_in_native, id=17668, stack(0x00000002c9600000,0x00000002c9700000)]
  0x000001bfe6855800 JavaThread "Service Thread" daemon [_thread_blocked, id=23892, stack(0x00000002c9700000,0x00000002c9800000)]
  0x000001bfe685c800 JavaThread "Common-Cleaner" daemon [_thread_blocked, id=26404, stack(0x00000002c9900000,0x00000002c9a00000)]
  0x000001bfe712d000 JavaThread "Java2D Disposer" daemon [_thread_blocked, id=27860, stack(0x00000002c9a00000,0x00000002c9b00000)]
  0x000001bfe7134800 JavaThread "AWT-Shutdown" [_thread_blocked, id=1692, stack(0x00000002c9b00000,0x00000002c9c00000)]
  0x000001bfe7868800 JavaThread "AWT-EventQueue-0" [_thread_blocked, id=26100, stack(0x00000002c9f00000,0x00000002ca000000)]

Other Threads:
  0x000001bfe5e35000 VMThread "VM Thread" [stack: 0x00000002c8c00000,0x00000002c8d00000] [id=11980]
  0x000001bfe685a000 WatcherThread [stack: 0x00000002c9800000,0x00000002c9900000] [id=1000]
  0x000001bfc239b800 GCTaskThread "GC Thread#0" [stack: 0x00000002c8700000,0x00000002c8800000] [id=14192]
  0x000001bfee8a8000 GCTaskThread "GC Thread#1" [stack: 0x00000002ca200000,0x00000002ca300000] [id=26696]
  0x000001bfee847000 GCTaskThread "GC Thread#2" [stack: 0x00000002ca300000,0x00000002ca400000] [id=28060]
  0x000001bff0a57000 GCTaskThread "GC Thread#3" [stack: 0x00000002ca400000,0x00000002ca500000] [id=26136]
  0x000001bfee21b000 GCTaskThread "GC Thread#4" [stack: 0x00000002ca500000,0x00000002ca600000] [id=14048]
  0x000001bfee21c000 GCTaskThread "GC Thread#5" [stack: 0x00000002ca600000,0x00000002ca700000] [id=21144]
  0x000001bfc23bd000 ConcurrentGCThread "G1 Main Marker" [stack: 0x00000002c8800000,0x00000002c8900000] [id=27728]
  0x000001bfc23be800 ConcurrentGCThread "G1 Conc#0" [stack: 0x00000002c8900000,0x00000002c8a00000] [id=24660]
  0x000001bfe5d31800 ConcurrentGCThread "G1 Refine#0" [stack: 0x00000002c8a00000,0x00000002c8b00000] [id=25976]
  0x000001bfe5d34000 ConcurrentGCThread "G1 Young RemSet Sampling" [stack: 0x00000002c8b00000,0x00000002c8c00000] [id=13532]

Threads with active compile tasks:

VM state:not at safepoint (normal execution)

VM Mutex/Monitor currently owned by a thread: None

Heap address: 0x0000000701400000, size: 4076 MB, Compressed Oops mode: Zero based, Oop shift amount: 3
Narrow klass base: 0x0000000800000000, Narrow klass shift: 3
Compressed class space size: 1073741824 Address: 0x0000000800b40000

Heap:
 garbage-first heap   total 262144K, used 172421K [0x0000000701400000, 0x0000000800000000)
  region size 1024K, 150 young (153600K), 3 survivors (3072K)
 Metaspace       used 9540K, capacity 9804K, committed 10112K, reserved 1058816K
  class space    used 919K, capacity 1042K, committed 1152K, reserved 1048576K
Heap Regions: E=young(eden), S=young(survivor), O=old, HS=humongous(starts), HC=humongous(continues), CS=collection set, F=free, A=archive, TAMS=top-at-mark-start (previous, next)
|   0|0x0000000701400000, 0x0000000701500000, 0x0000000701500000|100%|HS|  |TAMS 0x0000000701400000, 0x0000000701400000| Complete 
|   1|0x0000000701500000, 0x0000000701600000, 0x0000000701600000|100%|HC|  |TAMS 0x0000000701500000, 0x0000000701500000| Complete 
|   2|0x0000000701600000, 0x0000000701700000, 0x0000000701700000|100%|HS|  |TAMS 0x0000000701600000, 0x0000000701600000| Complete 
|   3|0x0000000701700000, 0x0000000701800000, 0x0000000701800000|100%|HC|  |TAMS 0x0000000701700000, 0x0000000701700000| Complete 
|   4|0x0000000701800000, 0x0000000701900000, 0x0000000701900000|100%|HS|  |TAMS 0x0000000701800000, 0x0000000701800000| Complete 
|   5|0x0000000701900000, 0x0000000701a00000, 0x0000000701a00000|100%|HC|  |TAMS 0x0000000701900000, 0x0000000701900000| Complete 
|   6|0x0000000701a00000, 0x0000000701b00000, 0x0000000701b00000|100%|HC|  |TAMS 0x0000000701a00000, 0x0000000701a00000| Complete 
|   7|0x0000000701b00000, 0x0000000701c00000, 0x0000000701c00000|100%|HC|  |TAMS 0x0000000701b00000, 0x0000000701b00000| Complete 
|   8|0x0000000701c00000, 0x0000000701d00000, 0x0000000701d00000|100%|HS|  |TAMS 0x0000000701c00000, 0x0000000701c00000| Complete 
|   9|0x0000000701d00000, 0x0000000701e00000, 0x0000000701e00000|100%|HC|  |TAMS 0x0000000701d00000, 0x0000000701d00000| Complete 
|  10|0x0000000701e00000, 0x0000000701f00000, 0x0000000701f00000|100%|HC|  |TAMS 0x0000000701e00000, 0x0000000701e00000| Complete 
|  11|0x0000000701f00000, 0x0000000702000000, 0x0000000702000000|100%|HC|  |TAMS 0x0000000701f00000, 0x0000000701f00000| Complete 
|  12|0x0000000702000000, 0x0000000702100000, 0x0000000702100000|100%|HS|  |TAMS 0x0000000702000000, 0x0000000702000000| Complete 
|  13|0x0000000702100000, 0x0000000702200000, 0x0000000702200000|100%|HC|  |TAMS 0x0000000702100000, 0x0000000702100000| Complete 
|  14|0x0000000702200000, 0x0000000702300000, 0x0000000702300000|100%|HC|  |TAMS 0x0000000702200000, 0x0000000702200000| Complete 
|  15|0x0000000702300000, 0x0000000702400000, 0x0000000702400000|100%|HC|  |TAMS 0x0000000702300000, 0x0000000702300000| Complete 
|  16|0x0000000702400000, 0x0000000702500000, 0x0000000702500000|100%|HS|  |TAMS 0x0000000702400000, 0x0000000702400000| Complete 
|  17|0x0000000702500000, 0x0000000702600000, 0x0000000702600000|100%|HC|  |TAMS 0x0000000702500000, 0x0000000702500000| Complete 
|  18|0x0000000702600000, 0x0000000702700000, 0x0000000702700000|100%|HC|  |TAMS 0x0000000702600000, 0x0000000702600000| Complete 
|  19|0x0000000702700000, 0x0000000702800000, 0x0000000702800000|100%|HS|  |TAMS 0x0000000702700000, 0x0000000702700000| Complete 
|  20|0x0000000702800000, 0x0000000702800000, 0x0000000702900000|  0%| F|  |TAMS 0x0000000702800000, 0x0000000702800000| Untracked 
|  21|0x0000000702900000, 0x0000000702900000, 0x0000000702a00000|  0%| F|  |TAMS 0x0000000702900000, 0x0000000702900000| Untracked 
|  22|0x0000000702a00000, 0x0000000702a00000, 0x0000000702b00000|  0%| F|  |TAMS 0x0000000702a00000, 0x0000000702a00000| Untracked 
|  23|0x0000000702b00000, 0x0000000702b00000, 0x0000000702c00000|  0%| F|  |TAMS 0x0000000702b00000, 0x0000000702b00000| Untracked 
|  24|0x0000000702c00000, 0x0000000702c00000, 0x0000000702d00000|  0%| F|  |TAMS 0x0000000702c00000, 0x0000000702c00000| Untracked 
|  25|0x0000000702d00000, 0x0000000702d00000, 0x0000000702e00000|  0%| F|  |TAMS 0x0000000702d00000, 0x0000000702d00000| Untracked 
|  26|0x0000000702e00000, 0x0000000702e00000, 0x0000000702f00000|  0%| F|  |TAMS 0x0000000702e00000, 0x0000000702e00000| Untracked 
|  27|0x0000000702f00000, 0x0000000702f00000, 0x0000000703000000|  0%| F|  |TAMS 0x0000000702f00000, 0x0000000702f00000| Untracked 
|  28|0x0000000703000000, 0x0000000703000000, 0x0000000703100000|  0%| F|  |TAMS 0x0000000703000000, 0x0000000703000000| Untracked 
|  29|0x0000000703100000, 0x0000000703100000, 0x0000000703200000|  0%| F|  |TAMS 0x0000000703100000, 0x0000000703100000| Untracked 
|  30|0x0000000703200000, 0x0000000703200000, 0x0000000703300000|  0%| F|  |TAMS 0x0000000703200000, 0x0000000703200000| Untracked 
|  31|0x0000000703300000, 0x0000000703300000, 0x0000000703400000|  0%| F|  |TAMS 0x0000000703300000, 0x0000000703300000| Untracked 
|  32|0x0000000703400000, 0x0000000703400000, 0x0000000703500000|  0%| F|  |TAMS 0x0000000703400000, 0x0000000703400000| Untracked 
|  33|0x0000000703500000, 0x0000000703500000, 0x0000000703600000|  0%| F|  |TAMS 0x0000000703500000, 0x0000000703500000| Untracked 
|  34|0x0000000703600000, 0x0000000703600000, 0x0000000703700000|  0%| F|  |TAMS 0x0000000703600000, 0x0000000703600000| Untracked 
|  35|0x0000000703700000, 0x0000000703700000, 0x0000000703800000|  0%| F|  |TAMS 0x0000000703700000, 0x0000000703700000| Untracked 
|  36|0x0000000703800000, 0x0000000703800000, 0x0000000703900000|  0%| F|  |TAMS 0x0000000703800000, 0x0000000703800000| Untracked 
|  37|0x0000000703900000, 0x0000000703900000, 0x0000000703a00000|  0%| F|  |TAMS 0x0000000703900000, 0x0000000703900000| Untracked 
|  38|0x0000000703a00000, 0x0000000703a00000, 0x0000000703b00000|  0%| F|  |TAMS 0x0000000703a00000, 0x0000000703a00000| Untracked 
|  39|0x0000000703b00000, 0x0000000703b00000, 0x0000000703c00000|  0%| F|  |TAMS 0x0000000703b00000, 0x0000000703b00000| Untracked 
|  40|0x0000000703c00000, 0x0000000703c00000, 0x0000000703d00000|  0%| F|  |TAMS 0x0000000703c00000, 0x0000000703c00000| Untracked 
|  41|0x0000000703d00000, 0x0000000703d00000, 0x0000000703e00000|  0%| F|  |TAMS 0x0000000703d00000, 0x0000000703d00000| Untracked 
|  42|0x0000000703e00000, 0x0000000703e00000, 0x0000000703f00000|  0%| F|  |TAMS 0x0000000703e00000, 0x0000000703e00000| Untracked 
|  43|0x0000000703f00000, 0x0000000703f00000, 0x0000000704000000|  0%| F|  |TAMS 0x0000000703f00000, 0x0000000703f00000| Untracked 
|  44|0x0000000704000000, 0x0000000704000000, 0x0000000704100000|  0%| F|  |TAMS 0x0000000704000000, 0x0000000704000000| Untracked 
|  45|0x0000000704100000, 0x0000000704100000, 0x0000000704200000|  0%| F|  |TAMS 0x0000000704100000, 0x0000000704100000| Untracked 
|  46|0x0000000704200000, 0x0000000704200000, 0x0000000704300000|  0%| F|  |TAMS 0x0000000704200000, 0x0000000704200000| Untracked 
|  47|0x0000000704300000, 0x0000000704300000, 0x0000000704400000|  0%| F|  |TAMS 0x0000000704300000, 0x0000000704300000| Untracked 
|  48|0x0000000704400000, 0x0000000704400000, 0x0000000704500000|  0%| F|  |TAMS 0x0000000704400000, 0x0000000704400000| Untracked 
|  49|0x0000000704500000, 0x0000000704500000, 0x0000000704600000|  0%| F|  |TAMS 0x0000000704500000, 0x0000000704500000| Untracked 
|  50|0x0000000704600000, 0x0000000704600000, 0x0000000704700000|  0%| F|  |TAMS 0x0000000704600000, 0x0000000704600000| Untracked 
|  51|0x0000000704700000, 0x0000000704700000, 0x0000000704800000|  0%| F|  |TAMS 0x0000000704700000, 0x0000000704700000| Untracked 
|  52|0x0000000704800000, 0x0000000704800000, 0x0000000704900000|  0%| F|  |TAMS 0x0000000704800000, 0x0000000704800000| Untracked 
|  53|0x0000000704900000, 0x0000000704900000, 0x0000000704a00000|  0%| F|  |TAMS 0x0000000704900000, 0x0000000704900000| Untracked 
|  54|0x0000000704a00000, 0x0000000704a00000, 0x0000000704b00000|  0%| F|  |TAMS 0x0000000704a00000, 0x0000000704a00000| Untracked 
|  55|0x0000000704b00000, 0x0000000704b00000, 0x0000000704c00000|  0%| F|  |TAMS 0x0000000704b00000, 0x0000000704b00000| Untracked 
|  56|0x0000000704c00000, 0x0000000704c00000, 0x0000000704d00000|  0%| F|  |TAMS 0x0000000704c00000, 0x0000000704c00000| Untracked 
|  57|0x0000000704d00000, 0x0000000704d00000, 0x0000000704e00000|  0%| F|  |TAMS 0x0000000704d00000, 0x0000000704d00000| Untracked 
|  58|0x0000000704e00000, 0x0000000704e00000, 0x0000000704f00000|  0%| F|  |TAMS 0x0000000704e00000, 0x0000000704e00000| Untracked 
|  59|0x0000000704f00000, 0x0000000704f00000, 0x0000000705000000|  0%| F|  |TAMS 0x0000000704f00000, 0x0000000704f00000| Untracked 
|  60|0x0000000705000000, 0x0000000705000000, 0x0000000705100000|  0%| F|  |TAMS 0x0000000705000000, 0x0000000705000000| Untracked 
|  61|0x0000000705100000, 0x0000000705100000, 0x0000000705200000|  0%| F|  |TAMS 0x0000000705100000, 0x0000000705100000| Untracked 
|  62|0x0000000705200000, 0x0000000705200000, 0x0000000705300000|  0%| F|  |TAMS 0x0000000705200000, 0x0000000705200000| Untracked 
|  63|0x0000000705300000, 0x0000000705300000, 0x0000000705400000|  0%| F|  |TAMS 0x0000000705300000, 0x0000000705300000| Untracked 
|  64|0x0000000705400000, 0x0000000705400000, 0x0000000705500000|  0%| F|  |TAMS 0x0000000705400000, 0x0000000705400000| Untracked 
|  65|0x0000000705500000, 0x0000000705500000, 0x0000000705600000|  0%| F|  |TAMS 0x0000000705500000, 0x0000000705500000| Untracked 
|  66|0x0000000705600000, 0x0000000705600000, 0x0000000705700000|  0%| F|  |TAMS 0x0000000705600000, 0x0000000705600000| Untracked 
|  67|0x0000000705700000, 0x0000000705700000, 0x0000000705800000|  0%| F|  |TAMS 0x0000000705700000, 0x0000000705700000| Untracked 
|  68|0x0000000705800000, 0x0000000705800000, 0x0000000705900000|  0%| F|  |TAMS 0x0000000705800000, 0x0000000705800000| Untracked 
|  69|0x0000000705900000, 0x0000000705900000, 0x0000000705a00000|  0%| F|  |TAMS 0x0000000705900000, 0x0000000705900000| Untracked 
|  70|0x0000000705a00000, 0x0000000705a00000, 0x0000000705b00000|  0%| F|  |TAMS 0x0000000705a00000, 0x0000000705a00000| Untracked 
|  71|0x0000000705b00000, 0x0000000705b00000, 0x0000000705c00000|  0%| F|  |TAMS 0x0000000705b00000, 0x0000000705b00000| Untracked 
|  72|0x0000000705c00000, 0x0000000705c00000, 0x0000000705d00000|  0%| F|  |TAMS 0x0000000705c00000, 0x0000000705c00000| Untracked 
|  73|0x0000000705d00000, 0x0000000705d00000, 0x0000000705e00000|  0%| F|  |TAMS 0x0000000705d00000, 0x0000000705d00000| Untracked 
|  74|0x0000000705e00000, 0x0000000705e00000, 0x0000000705f00000|  0%| F|  |TAMS 0x0000000705e00000, 0x0000000705e00000| Untracked 
|  75|0x0000000705f00000, 0x0000000705f00000, 0x0000000706000000|  0%| F|  |TAMS 0x0000000705f00000, 0x0000000705f00000| Untracked 
|  76|0x0000000706000000, 0x0000000706000000, 0x0000000706100000|  0%| F|  |TAMS 0x0000000706000000, 0x0000000706000000| Untracked 
|  77|0x0000000706100000, 0x0000000706100000, 0x0000000706200000|  0%| F|  |TAMS 0x0000000706100000, 0x0000000706100000| Untracked 
|  78|0x0000000706200000, 0x0000000706200000, 0x0000000706300000|  0%| F|  |TAMS 0x0000000706200000, 0x0000000706200000| Untracked 
|  79|0x0000000706300000, 0x0000000706300000, 0x0000000706400000|  0%| F|  |TAMS 0x0000000706300000, 0x0000000706300000| Untracked 
|  80|0x0000000706400000, 0x0000000706400000, 0x0000000706500000|  0%| F|  |TAMS 0x0000000706400000, 0x0000000706400000| Untracked 
|  81|0x0000000706500000, 0x0000000706500000, 0x0000000706600000|  0%| F|  |TAMS 0x0000000706500000, 0x0000000706500000| Untracked 
|  82|0x0000000706600000, 0x0000000706600000, 0x0000000706700000|  0%| F|  |TAMS 0x0000000706600000, 0x0000000706600000| Untracked 
|  83|0x0000000706700000, 0x0000000706700000, 0x0000000706800000|  0%| F|  |TAMS 0x0000000706700000, 0x0000000706700000| Untracked 
|  84|0x0000000706800000, 0x0000000706800000, 0x0000000706900000|  0%| F|  |TAMS 0x0000000706800000, 0x0000000706800000| Untracked 
|  85|0x0000000706900000, 0x0000000706900000, 0x0000000706a00000|  0%| F|  |TAMS 0x0000000706900000, 0x0000000706900000| Untracked 
|  86|0x0000000706a00000, 0x0000000706a00000, 0x0000000706b00000|  0%| F|  |TAMS 0x0000000706a00000, 0x0000000706a00000| Untracked 
|  87|0x0000000706b00000, 0x0000000706b00000, 0x0000000706c00000|  0%| F|  |TAMS 0x0000000706b00000, 0x0000000706b00000| Untracked 
|  88|0x0000000706c00000, 0x0000000706c00000, 0x0000000706d00000|  0%| F|  |TAMS 0x0000000706c00000, 0x0000000706c00000| Untracked 
|  89|0x0000000706d00000, 0x0000000706d00000, 0x0000000706e00000|  0%| F|  |TAMS 0x0000000706d00000, 0x0000000706d00000| Untracked 
|  90|0x0000000706e00000, 0x0000000706e00000, 0x0000000706f00000|  0%| F|  |TAMS 0x0000000706e00000, 0x0000000706e00000| Untracked 
|  91|0x0000000706f00000, 0x0000000706f00000, 0x0000000707000000|  0%| F|  |TAMS 0x0000000706f00000, 0x0000000706f00000| Untracked 
|  92|0x0000000707000000, 0x0000000707000000, 0x0000000707100000|  0%| F|  |TAMS 0x0000000707000000, 0x0000000707000000| Untracked 
|  93|0x0000000707100000, 0x0000000707100000, 0x0000000707200000|  0%| F|  |TAMS 0x0000000707100000, 0x0000000707100000| Untracked 
|  94|0x0000000707200000, 0x0000000707200000, 0x0000000707300000|  0%| F|  |TAMS 0x0000000707200000, 0x0000000707200000| Untracked 
|  95|0x0000000707300000, 0x0000000707300000, 0x0000000707400000|  0%| F|  |TAMS 0x0000000707300000, 0x0000000707300000| Untracked 
|  96|0x0000000707400000, 0x0000000707400000, 0x0000000707500000|  0%| F|  |TAMS 0x0000000707400000, 0x0000000707400000| Untracked 
|  97|0x0000000707500000, 0x0000000707500000, 0x0000000707600000|  0%| F|  |TAMS 0x0000000707500000, 0x0000000707500000| Untracked 
|  98|0x0000000707600000, 0x0000000707600000, 0x0000000707700000|  0%| F|  |TAMS 0x0000000707600000, 0x0000000707600000| Untracked 
|  99|0x0000000707700000, 0x0000000707700000, 0x0000000707800000|  0%| F|  |TAMS 0x0000000707700000, 0x0000000707700000| Untracked 
| 100|0x0000000707800000, 0x0000000707800000, 0x0000000707900000|  0%| F|  |TAMS 0x0000000707800000, 0x0000000707800000| Untracked 
| 101|0x0000000707900000, 0x0000000707900000, 0x0000000707a00000|  0%| F|  |TAMS 0x0000000707900000, 0x0000000707900000| Untracked 
| 102|0x0000000707a00000, 0x0000000707a00000, 0x0000000707b00000|  0%| F|  |TAMS 0x0000000707a00000, 0x0000000707a00000| Untracked 
| 103|0x0000000707b00000, 0x0000000707b00000, 0x0000000707c00000|  0%| F|  |TAMS 0x0000000707b00000, 0x0000000707b00000| Untracked 
| 104|0x0000000707c00000, 0x0000000707c00000, 0x0000000707d00000|  0%| F|  |TAMS 0x0000000707c00000, 0x0000000707c00000| Untracked 
| 105|0x0000000707d00000, 0x0000000707d00000, 0x0000000707e00000|  0%| F|  |TAMS 0x0000000707d00000, 0x0000000707d00000| Untracked 
| 106|0x0000000707e00000, 0x0000000707e80800, 0x0000000707f00000| 50%| E|  |TAMS 0x0000000707e00000, 0x0000000707e00000| Complete 
| 107|0x0000000707f00000, 0x0000000708000000, 0x0000000708000000|100%| E|CS|TAMS 0x0000000707f00000, 0x0000000707f00000| Complete 
| 108|0x0000000708000000, 0x0000000708100000, 0x0000000708100000|100%| E|CS|TAMS 0x0000000708000000, 0x0000000708000000| Complete 
| 109|0x0000000708100000, 0x0000000708200000, 0x0000000708200000|100%| E|CS|TAMS 0x0000000708100000, 0x0000000708100000| Complete 
| 110|0x0000000708200000, 0x0000000708300000, 0x0000000708300000|100%| E|CS|TAMS 0x0000000708200000, 0x0000000708200000| Complete 
| 111|0x0000000708300000, 0x0000000708400000, 0x0000000708400000|100%| E|CS|TAMS 0x0000000708300000, 0x0000000708300000| Complete 
| 112|0x0000000708400000, 0x0000000708500000, 0x0000000708500000|100%| E|CS|TAMS 0x0000000708400000, 0x0000000708400000| Complete 
| 113|0x0000000708500000, 0x0000000708600000, 0x0000000708600000|100%| E|CS|TAMS 0x0000000708500000, 0x0000000708500000| Complete 
| 114|0x0000000708600000, 0x0000000708700000, 0x0000000708700000|100%| E|CS|TAMS 0x0000000708600000, 0x0000000708600000| Complete 
| 115|0x0000000708700000, 0x0000000708800000, 0x0000000708800000|100%| E|CS|TAMS 0x0000000708700000, 0x0000000708700000| Complete 
| 116|0x0000000708800000, 0x0000000708900000, 0x0000000708900000|100%| E|CS|TAMS 0x0000000708800000, 0x0000000708800000| Complete 
| 117|0x0000000708900000, 0x0000000708a00000, 0x0000000708a00000|100%| E|CS|TAMS 0x0000000708900000, 0x0000000708900000| Complete 
| 118|0x0000000708a00000, 0x0000000708b00000, 0x0000000708b00000|100%| E|CS|TAMS 0x0000000708a00000, 0x0000000708a00000| Complete 
| 119|0x0000000708b00000, 0x0000000708c00000, 0x0000000708c00000|100%| E|CS|TAMS 0x0000000708b00000, 0x0000000708b00000| Complete 
| 120|0x0000000708c00000, 0x0000000708d00000, 0x0000000708d00000|100%| E|CS|TAMS 0x0000000708c00000, 0x0000000708c00000| Complete 
| 121|0x0000000708d00000, 0x0000000708e00000, 0x0000000708e00000|100%| E|CS|TAMS 0x0000000708d00000, 0x0000000708d00000| Complete 
| 122|0x0000000708e00000, 0x0000000708f00000, 0x0000000708f00000|100%| E|CS|TAMS 0x0000000708e00000, 0x0000000708e00000| Complete 
| 123|0x0000000708f00000, 0x0000000709000000, 0x0000000709000000|100%| E|CS|TAMS 0x0000000708f00000, 0x0000000708f00000| Complete 
| 124|0x0000000709000000, 0x0000000709100000, 0x0000000709100000|100%| E|CS|TAMS 0x0000000709000000, 0x0000000709000000| Complete 
| 125|0x0000000709100000, 0x0000000709200000, 0x0000000709200000|100%| E|CS|TAMS 0x0000000709100000, 0x0000000709100000| Complete 
| 126|0x0000000709200000, 0x0000000709300000, 0x0000000709300000|100%| E|CS|TAMS 0x0000000709200000, 0x0000000709200000| Complete 
| 127|0x0000000709300000, 0x0000000709400000, 0x0000000709400000|100%| E|CS|TAMS 0x0000000709300000, 0x0000000709300000| Complete 
| 128|0x0000000709400000, 0x0000000709500000, 0x0000000709500000|100%| E|CS|TAMS 0x0000000709400000, 0x0000000709400000| Complete 
| 129|0x0000000709500000, 0x0000000709600000, 0x0000000709600000|100%| E|CS|TAMS 0x0000000709500000, 0x0000000709500000| Complete 
| 130|0x0000000709600000, 0x0000000709700000, 0x0000000709700000|100%| E|CS|TAMS 0x0000000709600000, 0x0000000709600000| Complete 
| 131|0x0000000709700000, 0x0000000709800000, 0x0000000709800000|100%| E|CS|TAMS 0x0000000709700000, 0x0000000709700000| Complete 
| 132|0x0000000709800000, 0x0000000709900000, 0x0000000709900000|100%| E|CS|TAMS 0x0000000709800000, 0x0000000709800000| Complete 
| 133|0x0000000709900000, 0x0000000709a00000, 0x0000000709a00000|100%| E|CS|TAMS 0x0000000709900000, 0x0000000709900000| Complete 
| 134|0x0000000709a00000, 0x0000000709b00000, 0x0000000709b00000|100%| E|CS|TAMS 0x0000000709a00000, 0x0000000709a00000| Complete 
| 135|0x0000000709b00000, 0x0000000709c00000, 0x0000000709c00000|100%| E|CS|TAMS 0x0000000709b00000, 0x0000000709b00000| Complete 
| 136|0x0000000709c00000, 0x0000000709d00000, 0x0000000709d00000|100%| E|CS|TAMS 0x0000000709c00000, 0x0000000709c00000| Complete 
| 137|0x0000000709d00000, 0x0000000709e00000, 0x0000000709e00000|100%| E|CS|TAMS 0x0000000709d00000, 0x0000000709d00000| Complete 
| 138|0x0000000709e00000, 0x0000000709f00000, 0x0000000709f00000|100%| E|CS|TAMS 0x0000000709e00000, 0x0000000709e00000| Complete 
| 139|0x0000000709f00000, 0x000000070a000000, 0x000000070a000000|100%| E|CS|TAMS 0x0000000709f00000, 0x0000000709f00000| Complete 
| 140|0x000000070a000000, 0x000000070a100000, 0x000000070a100000|100%| E|CS|TAMS 0x000000070a000000, 0x000000070a000000| Complete 
| 141|0x000000070a100000, 0x000000070a200000, 0x000000070a200000|100%| E|CS|TAMS 0x000000070a100000, 0x000000070a100000| Complete 
| 142|0x000000070a200000, 0x000000070a300000, 0x000000070a300000|100%| E|CS|TAMS 0x000000070a200000, 0x000000070a200000| Complete 
| 143|0x000000070a300000, 0x000000070a400000, 0x000000070a400000|100%| E|CS|TAMS 0x000000070a300000, 0x000000070a300000| Complete 
| 144|0x000000070a400000, 0x000000070a500000, 0x000000070a500000|100%| E|CS|TAMS 0x000000070a400000, 0x000000070a400000| Complete 
| 145|0x000000070a500000, 0x000000070a600000, 0x000000070a600000|100%| E|CS|TAMS 0x000000070a500000, 0x000000070a500000| Complete 
| 146|0x000000070a600000, 0x000000070a700000, 0x000000070a700000|100%| E|CS|TAMS 0x000000070a600000, 0x000000070a600000| Complete 
| 147|0x000000070a700000, 0x000000070a800000, 0x000000070a800000|100%| E|CS|TAMS 0x000000070a700000, 0x000000070a700000| Complete 
| 148|0x000000070a800000, 0x000000070a900000, 0x000000070a900000|100%| E|CS|TAMS 0x000000070a800000, 0x000000070a800000| Complete 
| 149|0x000000070a900000, 0x000000070aa00000, 0x000000070aa00000|100%| E|CS|TAMS 0x000000070a900000, 0x000000070a900000| Complete 
| 150|0x000000070aa00000, 0x000000070ab00000, 0x000000070ab00000|100%| E|CS|TAMS 0x000000070aa00000, 0x000000070aa00000| Complete 
| 151|0x000000070ab00000, 0x000000070ac00000, 0x000000070ac00000|100%| E|CS|TAMS 0x000000070ab00000, 0x000000070ab00000| Complete 
| 152|0x000000070ac00000, 0x000000070ad00000, 0x000000070ad00000|100%| E|CS|TAMS 0x000000070ac00000, 0x000000070ac00000| Complete 
| 153|0x000000070ad00000, 0x000000070ae00000, 0x000000070ae00000|100%| E|CS|TAMS 0x000000070ad00000, 0x000000070ad00000| Complete 
| 154|0x000000070ae00000, 0x000000070af00000, 0x000000070af00000|100%| E|CS|TAMS 0x000000070ae00000, 0x000000070ae00000| Complete 
| 155|0x000000070af00000, 0x000000070b000000, 0x000000070b000000|100%| E|CS|TAMS 0x000000070af00000, 0x000000070af00000| Complete 
| 156|0x000000070b000000, 0x000000070b100000, 0x000000070b100000|100%| E|CS|TAMS 0x000000070b000000, 0x000000070b000000| Complete 
| 157|0x000000070b100000, 0x000000070b200000, 0x000000070b200000|100%| E|CS|TAMS 0x000000070b100000, 0x000000070b100000| Complete 
| 158|0x000000070b200000, 0x000000070b300000, 0x000000070b300000|100%| E|CS|TAMS 0x000000070b200000, 0x000000070b200000| Complete 
| 159|0x000000070b300000, 0x000000070b400000, 0x000000070b400000|100%| E|CS|TAMS 0x000000070b300000, 0x000000070b300000| Complete 
| 160|0x000000070b400000, 0x000000070b500000, 0x000000070b500000|100%| E|CS|TAMS 0x000000070b400000, 0x000000070b400000| Complete 
| 161|0x000000070b500000, 0x000000070b600000, 0x000000070b600000|100%| E|CS|TAMS 0x000000070b500000, 0x000000070b500000| Complete 
| 162|0x000000070b600000, 0x000000070b700000, 0x000000070b700000|100%| E|CS|TAMS 0x000000070b600000, 0x000000070b600000| Complete 
| 163|0x000000070b700000, 0x000000070b800000, 0x000000070b800000|100%| E|CS|TAMS 0x000000070b700000, 0x000000070b700000| Complete 
| 164|0x000000070b800000, 0x000000070b900000, 0x000000070b900000|100%| E|CS|TAMS 0x000000070b800000, 0x000000070b800000| Complete 
| 165|0x000000070b900000, 0x000000070ba00000, 0x000000070ba00000|100%| E|CS|TAMS 0x000000070b900000, 0x000000070b900000| Complete 
| 166|0x000000070ba00000, 0x000000070bb00000, 0x000000070bb00000|100%| E|CS|TAMS 0x000000070ba00000, 0x000000070ba00000| Complete 
| 167|0x000000070bb00000, 0x000000070bc00000, 0x000000070bc00000|100%| E|CS|TAMS 0x000000070bb00000, 0x000000070bb00000| Complete 
| 168|0x000000070bc00000, 0x000000070bd00000, 0x000000070bd00000|100%| E|CS|TAMS 0x000000070bc00000, 0x000000070bc00000| Complete 
| 169|0x000000070bd00000, 0x000000070be00000, 0x000000070be00000|100%| E|CS|TAMS 0x000000070bd00000, 0x000000070bd00000| Complete 
| 170|0x000000070be00000, 0x000000070bf00000, 0x000000070bf00000|100%| E|CS|TAMS 0x000000070be00000, 0x000000070be00000| Complete 
| 171|0x000000070bf00000, 0x000000070c000000, 0x000000070c000000|100%| E|CS|TAMS 0x000000070bf00000, 0x000000070bf00000| Complete 
| 172|0x000000070c000000, 0x000000070c100000, 0x000000070c100000|100%| E|CS|TAMS 0x000000070c000000, 0x000000070c000000| Complete 
| 173|0x000000070c100000, 0x000000070c200000, 0x000000070c200000|100%| E|CS|TAMS 0x000000070c100000, 0x000000070c100000| Complete 
| 174|0x000000070c200000, 0x000000070c300000, 0x000000070c300000|100%| E|CS|TAMS 0x000000070c200000, 0x000000070c200000| Complete 
| 175|0x000000070c300000, 0x000000070c400000, 0x000000070c400000|100%| E|CS|TAMS 0x000000070c300000, 0x000000070c300000| Complete 
| 176|0x000000070c400000, 0x000000070c500000, 0x000000070c500000|100%| E|CS|TAMS 0x000000070c400000, 0x000000070c400000| Complete 
| 177|0x000000070c500000, 0x000000070c600000, 0x000000070c600000|100%| E|CS|TAMS 0x000000070c500000, 0x000000070c500000| Complete 
| 178|0x000000070c600000, 0x000000070c700000, 0x000000070c700000|100%| E|CS|TAMS 0x000000070c600000, 0x000000070c600000| Complete 
| 179|0x000000070c700000, 0x000000070c800000, 0x000000070c800000|100%| E|CS|TAMS 0x000000070c700000, 0x000000070c700000| Complete 
| 180|0x000000070c800000, 0x000000070c900000, 0x000000070c900000|100%| E|CS|TAMS 0x000000070c800000, 0x000000070c800000| Complete 
| 181|0x000000070c900000, 0x000000070ca00000, 0x000000070ca00000|100%| E|CS|TAMS 0x000000070c900000, 0x000000070c900000| Complete 
| 182|0x000000070ca00000, 0x000000070cb00000, 0x000000070cb00000|100%| E|CS|TAMS 0x000000070ca00000, 0x000000070ca00000| Complete 
| 183|0x000000070cb00000, 0x000000070cc00000, 0x000000070cc00000|100%| E|CS|TAMS 0x000000070cb00000, 0x000000070cb00000| Complete 
| 184|0x000000070cc00000, 0x000000070cd00000, 0x000000070cd00000|100%| E|CS|TAMS 0x000000070cc00000, 0x000000070cc00000| Complete 
| 185|0x000000070cd00000, 0x000000070ce00000, 0x000000070ce00000|100%| E|CS|TAMS 0x000000070cd00000, 0x000000070cd00000| Complete 
| 186|0x000000070ce00000, 0x000000070cf00000, 0x000000070cf00000|100%| E|CS|TAMS 0x000000070ce00000, 0x000000070ce00000| Complete 
| 187|0x000000070cf00000, 0x000000070d000000, 0x000000070d000000|100%| E|CS|TAMS 0x000000070cf00000, 0x000000070cf00000| Complete 
| 188|0x000000070d000000, 0x000000070d100000, 0x000000070d100000|100%| E|CS|TAMS 0x000000070d000000, 0x000000070d000000| Complete 
| 189|0x000000070d100000, 0x000000070d200000, 0x000000070d200000|100%| E|CS|TAMS 0x000000070d100000, 0x000000070d100000| Complete 
| 190|0x000000070d200000, 0x000000070d300000, 0x000000070d300000|100%| E|CS|TAMS 0x000000070d200000, 0x000000070d200000| Complete 
| 191|0x000000070d300000, 0x000000070d400000, 0x000000070d400000|100%| E|CS|TAMS 0x000000070d300000, 0x000000070d300000| Complete 
| 192|0x000000070d400000, 0x000000070d500000, 0x000000070d500000|100%| E|CS|TAMS 0x000000070d400000, 0x000000070d400000| Complete 
| 193|0x000000070d500000, 0x000000070d600000, 0x000000070d600000|100%| E|CS|TAMS 0x000000070d500000, 0x000000070d500000| Complete 
| 194|0x000000070d600000, 0x000000070d700000, 0x000000070d700000|100%| E|CS|TAMS 0x000000070d600000, 0x000000070d600000| Complete 
| 195|0x000000070d700000, 0x000000070d800000, 0x000000070d800000|100%| E|CS|TAMS 0x000000070d700000, 0x000000070d700000| Complete 
| 196|0x000000070d800000, 0x000000070d900000, 0x000000070d900000|100%| E|CS|TAMS 0x000000070d800000, 0x000000070d800000| Complete 
| 197|0x000000070d900000, 0x000000070da00000, 0x000000070da00000|100%| E|CS|TAMS 0x000000070d900000, 0x000000070d900000| Complete 
| 198|0x000000070da00000, 0x000000070db00000, 0x000000070db00000|100%| E|CS|TAMS 0x000000070da00000, 0x000000070da00000| Complete 
| 199|0x000000070db00000, 0x000000070dc00000, 0x000000070dc00000|100%| E|CS|TAMS 0x000000070db00000, 0x000000070db00000| Complete 
| 200|0x000000070dc00000, 0x000000070dd00000, 0x000000070dd00000|100%| E|CS|TAMS 0x000000070dc00000, 0x000000070dc00000| Complete 
| 201|0x000000070dd00000, 0x000000070de00000, 0x000000070de00000|100%| E|CS|TAMS 0x000000070dd00000, 0x000000070dd00000| Complete 
| 202|0x000000070de00000, 0x000000070df00000, 0x000000070df00000|100%| E|CS|TAMS 0x000000070de00000, 0x000000070de00000| Complete 
| 203|0x000000070df00000, 0x000000070e000000, 0x000000070e000000|100%| E|CS|TAMS 0x000000070df00000, 0x000000070df00000| Complete 
| 204|0x000000070e000000, 0x000000070e100000, 0x000000070e100000|100%| E|CS|TAMS 0x000000070e000000, 0x000000070e000000| Complete 
| 205|0x000000070e100000, 0x000000070e200000, 0x000000070e200000|100%| E|CS|TAMS 0x000000070e100000, 0x000000070e100000| Complete 
| 206|0x000000070e200000, 0x000000070e300000, 0x000000070e300000|100%| E|CS|TAMS 0x000000070e200000, 0x000000070e200000| Complete 
| 207|0x000000070e300000, 0x000000070e400000, 0x000000070e400000|100%| E|CS|TAMS 0x000000070e300000, 0x000000070e300000| Complete 
| 208|0x000000070e400000, 0x000000070e500000, 0x000000070e500000|100%| E|CS|TAMS 0x000000070e400000, 0x000000070e400000| Complete 
| 209|0x000000070e500000, 0x000000070e600000, 0x000000070e600000|100%| E|CS|TAMS 0x000000070e500000, 0x000000070e500000| Complete 
| 210|0x000000070e600000, 0x000000070e700000, 0x000000070e700000|100%| E|CS|TAMS 0x000000070e600000, 0x000000070e600000| Complete 
| 211|0x000000070e700000, 0x000000070e800000, 0x000000070e800000|100%| E|CS|TAMS 0x000000070e700000, 0x000000070e700000| Complete 
| 212|0x000000070e800000, 0x000000070e900000, 0x000000070e900000|100%| E|CS|TAMS 0x000000070e800000, 0x000000070e800000| Complete 
| 213|0x000000070e900000, 0x000000070ea00000, 0x000000070ea00000|100%| E|CS|TAMS 0x000000070e900000, 0x000000070e900000| Complete 
| 214|0x000000070ea00000, 0x000000070eb00000, 0x000000070eb00000|100%| E|CS|TAMS 0x000000070ea00000, 0x000000070ea00000| Complete 
| 215|0x000000070eb00000, 0x000000070ec00000, 0x000000070ec00000|100%| E|CS|TAMS 0x000000070eb00000, 0x000000070eb00000| Complete 
| 216|0x000000070ec00000, 0x000000070ed00000, 0x000000070ed00000|100%| E|CS|TAMS 0x000000070ec00000, 0x000000070ec00000| Complete 
| 217|0x000000070ed00000, 0x000000070ee00000, 0x000000070ee00000|100%| E|CS|TAMS 0x000000070ed00000, 0x000000070ed00000| Complete 
| 218|0x000000070ee00000, 0x000000070ef00000, 0x000000070ef00000|100%| E|CS|TAMS 0x000000070ee00000, 0x000000070ee00000| Complete 
| 219|0x000000070ef00000, 0x000000070f000000, 0x000000070f000000|100%| E|CS|TAMS 0x000000070ef00000, 0x000000070ef00000| Complete 
| 220|0x000000070f000000, 0x000000070f100000, 0x000000070f100000|100%| E|CS|TAMS 0x000000070f000000, 0x000000070f000000| Complete 
| 221|0x000000070f100000, 0x000000070f200000, 0x000000070f200000|100%| E|CS|TAMS 0x000000070f100000, 0x000000070f100000| Complete 
| 222|0x000000070f200000, 0x000000070f300000, 0x000000070f300000|100%| E|CS|TAMS 0x000000070f200000, 0x000000070f200000| Complete 
| 223|0x000000070f300000, 0x000000070f400000, 0x000000070f400000|100%| E|CS|TAMS 0x000000070f300000, 0x000000070f300000| Complete 
| 224|0x000000070f400000, 0x000000070f500000, 0x000000070f500000|100%| E|CS|TAMS 0x000000070f400000, 0x000000070f400000| Complete 
| 225|0x000000070f500000, 0x000000070f600000, 0x000000070f600000|100%| E|CS|TAMS 0x000000070f500000, 0x000000070f500000| Complete 
| 226|0x000000070f600000, 0x000000070f700000, 0x000000070f700000|100%| E|CS|TAMS 0x000000070f600000, 0x000000070f600000| Complete 
| 227|0x000000070f700000, 0x000000070f800000, 0x000000070f800000|100%| E|CS|TAMS 0x000000070f700000, 0x000000070f700000| Complete 
| 228|0x000000070f800000, 0x000000070f861400, 0x000000070f900000| 37%| S|CS|TAMS 0x000000070f800000, 0x000000070f800000| Complete 
| 229|0x000000070f900000, 0x000000070fa00000, 0x000000070fa00000|100%| S|CS|TAMS 0x000000070f900000, 0x000000070f900000| Complete 
| 230|0x000000070fa00000, 0x000000070fb00000, 0x000000070fb00000|100%| S|CS|TAMS 0x000000070fa00000, 0x000000070fa00000| Complete 
| 231|0x000000070fb00000, 0x000000070fc00000, 0x000000070fc00000|100%| E|CS|TAMS 0x000000070fb00000, 0x000000070fb00000| Complete 
| 232|0x000000070fc00000, 0x000000070fd00000, 0x000000070fd00000|100%| E|CS|TAMS 0x000000070fc00000, 0x000000070fc00000| Complete 
| 233|0x000000070fd00000, 0x000000070fe00000, 0x000000070fe00000|100%| E|CS|TAMS 0x000000070fd00000, 0x000000070fd00000| Complete 
| 234|0x000000070fe00000, 0x000000070ff00000, 0x000000070ff00000|100%| E|CS|TAMS 0x000000070fe00000, 0x000000070fe00000| Complete 
| 235|0x000000070ff00000, 0x0000000710000000, 0x0000000710000000|100%| E|CS|TAMS 0x000000070ff00000, 0x000000070ff00000| Complete 
| 236|0x0000000710000000, 0x0000000710100000, 0x0000000710100000|100%| E|CS|TAMS 0x0000000710000000, 0x0000000710000000| Complete 
| 237|0x0000000710100000, 0x0000000710200000, 0x0000000710200000|100%| E|CS|TAMS 0x0000000710100000, 0x0000000710100000| Complete 
| 238|0x0000000710200000, 0x0000000710300000, 0x0000000710300000|100%| E|CS|TAMS 0x0000000710200000, 0x0000000710200000| Complete 
| 239|0x0000000710300000, 0x0000000710400000, 0x0000000710400000|100%| E|CS|TAMS 0x0000000710300000, 0x0000000710300000| Complete 
| 240|0x0000000710400000, 0x0000000710500000, 0x0000000710500000|100%| E|CS|TAMS 0x0000000710400000, 0x0000000710400000| Complete 
| 241|0x0000000710500000, 0x0000000710600000, 0x0000000710600000|100%| E|CS|TAMS 0x0000000710500000, 0x0000000710500000| Complete 
| 242|0x0000000710600000, 0x0000000710700000, 0x0000000710700000|100%| E|CS|TAMS 0x0000000710600000, 0x0000000710600000| Complete 
| 243|0x0000000710700000, 0x0000000710800000, 0x0000000710800000|100%| E|CS|TAMS 0x0000000710700000, 0x0000000710700000| Complete 
| 244|0x0000000710800000, 0x0000000710900000, 0x0000000710900000|100%| E|CS|TAMS 0x0000000710800000, 0x0000000710800000| Complete 
| 245|0x0000000710900000, 0x0000000710a00000, 0x0000000710a00000|100%| E|CS|TAMS 0x0000000710900000, 0x0000000710900000| Complete 
| 246|0x0000000710a00000, 0x0000000710b00000, 0x0000000710b00000|100%| E|CS|TAMS 0x0000000710a00000, 0x0000000710a00000| Complete 
| 247|0x0000000710b00000, 0x0000000710c00000, 0x0000000710c00000|100%| E|CS|TAMS 0x0000000710b00000, 0x0000000710b00000| Complete 
| 248|0x0000000710c00000, 0x0000000710d00000, 0x0000000710d00000|100%| E|CS|TAMS 0x0000000710c00000, 0x0000000710c00000| Complete 
| 249|0x0000000710d00000, 0x0000000710e00000, 0x0000000710e00000|100%| E|CS|TAMS 0x0000000710d00000, 0x0000000710d00000| Complete 
| 250|0x0000000710e00000, 0x0000000710f00000, 0x0000000710f00000|100%| E|CS|TAMS 0x0000000710e00000, 0x0000000710e00000| Complete 
| 251|0x0000000710f00000, 0x0000000711000000, 0x0000000711000000|100%| E|CS|TAMS 0x0000000710f00000, 0x0000000710f00000| Complete 
| 252|0x0000000711000000, 0x0000000711100000, 0x0000000711100000|100%| E|CS|TAMS 0x0000000711000000, 0x0000000711000000| Complete 
| 253|0x0000000711100000, 0x0000000711200000, 0x0000000711200000|100%| E|CS|TAMS 0x0000000711100000, 0x0000000711100000| Complete 
| 254|0x0000000711200000, 0x0000000711300000, 0x0000000711300000|100%| E|CS|TAMS 0x0000000711200000, 0x0000000711200000| Complete 
| 255|0x0000000711300000, 0x0000000711400000, 0x0000000711400000|100%| E|CS|TAMS 0x0000000711300000, 0x0000000711300000| Complete 

Card table byte_map: [0x000001bfda360000,0x000001bfdab60000] _byte_map_base: 0x000001bfd6b56000

Marking Bits (Prev, Next): (CMBitMap*) 0x000001bfc239c1f8, (CMBitMap*) 0x000001bfc239c238
 Prev Bits: [0x000001bfdb360000, 0x000001bfdf310000)
 Next Bits: [0x000001bfdf310000, 0x000001bfe32c0000)

Polling page: 0x000001bfc0190000

Metaspace:

Usage:
  Non-class:      8.56 MB capacity,     8.42 MB ( 98%) used,   119.07 KB (  1%) free+waste,    22.25 KB ( <1%) overhead. 
      Class:      1.02 MB capacity,   919.94 KB ( 88%) used,   108.56 KB ( 10%) free+waste,    13.50 KB (  1%) overhead. 
       Both:      9.57 MB capacity,     9.32 MB ( 97%) used,   227.63 KB (  2%) free+waste,    35.75 KB ( <1%) overhead. 

Virtual space:
  Non-class space:       10.00 MB reserved,       8.75 MB ( 88%) committed 
      Class space:        1.00 GB reserved,       1.13 MB ( <1%) committed 
             Both:        1.01 GB reserved,       9.88 MB ( <1%) committed 

Chunk freelists:
   Non-Class:  6.00 KB
       Class:  14.00 KB
        Both:  20.00 KB

MaxMetaspaceSize: 17179869184.00 GB
CompressedClassSpaceSize: 1.00 GB

CodeHeap 'non-profiled nmethods': size=120000Kb used=3036Kb max_used=3336Kb free=116963Kb
 bounds [0x000001bfd2300000, 0x000001bfd2650000, 0x000001bfd9830000]
CodeHeap 'profiled nmethods': size=120000Kb used=4177Kb max_used=5420Kb free=115822Kb
 bounds [0x000001bfcadd0000, 0x000001bfcb320000, 0x000001bfd2300000]
CodeHeap 'non-nmethods': size=5760Kb used=1400Kb max_used=1501Kb free=4359Kb
 bounds [0x000001bfca830000, 0x000001bfcaaa0000, 0x000001bfcadd0000]
 total_blobs=4989 nmethods=2262 adapters=518
 compilation: enabled
              stopped_count=0, restarted_count=0
 full_count=0

Compilation events (20 events):
Event: 22.357 Thread 0x000001bfe66e6800 2826       3       sun.awt.SunHints$Key::isCompatibleValue (18 bytes)
Event: 22.357 Thread 0x000001bfe66e6800 nmethod 2826 0x000001bfcaf78490 code [0x000001bfcaf78660, 0x000001bfcaf78b18]
Event: 22.357 Thread 0x000001bfe66e6800 2827       3       sun.awt.SunHints$Value::isCompatibleKey (14 bytes)
Event: 22.357 Thread 0x000001bfe66e6800 nmethod 2827 0x000001bfcae90610 code [0x000001bfcae907c0, 0x000001bfcae90998]
Event: 22.485 Thread 0x000001bfe66dd800 2828       4       sun.java2d.pipe.RenderQueue::ensureCapacity (16 bytes)
Event: 22.486 Thread 0x000001bfe66dd800 nmethod 2828 0x000001bfd2641d90 code [0x000001bfd2641f20, 0x000001bfd2641ff8]
Event: 22.531 Thread 0x000001bfe66e6800 2829   !   3       jdk.internal.ref.PhantomCleanable::remove (60 bytes)
Event: 22.532 Thread 0x000001bfe66e6800 nmethod 2829 0x000001bfcaf77b90 code [0x000001bfcaf77d60, 0x000001bfcaf782f8]
Event: 22.561 Thread 0x000001bfe66dd800 2830       4       sun.java2d.marlin.DStroker::curveTo (187 bytes)
Event: 22.568 Thread 0x000001bfe66dd800 nmethod 2830 0x000001bfd2349a10 code [0x000001bfd2349be0, 0x000001bfd234a5c8]
Event: 22.576 Thread 0x000001bfe66dd800 2831       4       sun.java2d.marlin.DTransformingPathConsumer2D$CurveBasicMonotonizer::curve (149 bytes)
Event: 22.578 Thread 0x000001bfe66dd800 nmethod 2831 0x000001bfd258ef90 code [0x000001bfd258f120, 0x000001bfd258f388]
Event: 22.588 Thread 0x000001bfe66e6800 2832       3       java.util.concurrent.ConcurrentHashMap::get (162 bytes)
Event: 22.588 Thread 0x000001bfe66dd800 2833       4       sun.java2d.marlin.DCurve::set (86 bytes)
Event: 22.589 Thread 0x000001bfe66e6800 nmethod 2832 0x000001bfcb00de10 code [0x000001bfcb00e060, 0x000001bfcb00eea0]
Event: 22.589 Thread 0x000001bfe66dd800 nmethod 2833 0x000001bfd237ba90 code [0x000001bfd237bc60, 0x000001bfd237be18]
Event: 22.590 Thread 0x000001bfe66e6800 2834       3       java.util.concurrent.ConcurrentHashMap$Traverser::advance (188 bytes)
Event: 22.591 Thread 0x000001bfe66e6800 nmethod 2834 0x000001bfcb1c2010 code [0x000001bfcb1c2260, 0x000001bfcb1c30c0]
Event: 22.591 Thread 0x000001bfe66e6800 2835       3       sun.font.FreetypeFontScaler::invalidateScalerContext (1 bytes)
Event: 22.591 Thread 0x000001bfe66e6800 nmethod 2835 0x000001bfcadede90 code [0x000001bfcadee020, 0x000001bfcadee198]

GC Heap History (2 events):
Event: 3.981 GC heap before
{Heap before GC invocations=0 (full 0):
 garbage-first heap   total 262144K, used 40960K [0x0000000701400000, 0x0000000800000000)
  region size 1024K, 25 young (25600K), 0 survivors (0K)
 Metaspace       used 7657K, capacity 7889K, committed 8064K, reserved 1056768K
  class space    used 763K, capacity 872K, committed 896K, reserved 1048576K
}
Event: 3.984 GC heap after
{Heap after GC invocations=1 (full 0):
 garbage-first heap   total 262144K, used 18821K [0x0000000701400000, 0x0000000800000000)
  region size 1024K, 3 young (3072K), 3 survivors (3072K)
 Metaspace       used 7657K, capacity 7889K, committed 8064K, reserved 1056768K
  class space    used 763K, capacity 872K, committed 896K, reserved 1048576K
}

Deoptimization events (20 events):
Event: 22.589 Thread 0x000001bfc2331800 DEOPT PACKING pc=0x000001bfd24c4554 sp=0x00000002c86ff0a0
Event: 22.589 Thread 0x000001bfc2331800 DEOPT UNPACKING pc=0x000001bfca87964e sp=0x00000002c86fe560 mode 1
Event: 22.589 Thread 0x000001bfc2331800 DEOPT PACKING pc=0x000001bfd24c4554 sp=0x00000002c86ff0a0
Event: 22.589 Thread 0x000001bfc2331800 DEOPT UNPACKING pc=0x000001bfca87964e sp=0x00000002c86fe560 mode 1
Event: 22.589 Thread 0x000001bfc2331800 DEOPT PACKING pc=0x000001bfd24c4554 sp=0x00000002c86ff0a0
Event: 22.589 Thread 0x000001bfc2331800 DEOPT UNPACKING pc=0x000001bfca87964e sp=0x00000002c86fe560 mode 1
Event: 22.589 Thread 0x000001bfc2331800 DEOPT PACKING pc=0x000001bfd24c4554 sp=0x00000002c86ff0a0
Event: 22.589 Thread 0x000001bfc2331800 DEOPT UNPACKING pc=0x000001bfca87964e sp=0x00000002c86fe560 mode 1
Event: 22.590 Thread 0x000001bfc2331800 DEOPT PACKING pc=0x000001bfd24c4554 sp=0x00000002c86ff0a0
Event: 22.590 Thread 0x000001bfc2331800 DEOPT UNPACKING pc=0x000001bfca87964e sp=0x00000002c86fe560 mode 1
Event: 22.590 Thread 0x000001bfc2331800 DEOPT PACKING pc=0x000001bfd24c4554 sp=0x00000002c86ff030
Event: 22.590 Thread 0x000001bfc2331800 DEOPT UNPACKING pc=0x000001bfca87964e sp=0x00000002c86fe4f0 mode 1
Event: 22.590 Thread 0x000001bfc2331800 DEOPT PACKING pc=0x000001bfd24c4554 sp=0x00000002c86ff030
Event: 22.590 Thread 0x000001bfc2331800 DEOPT UNPACKING pc=0x000001bfca87964e sp=0x00000002c86fe4f0 mode 1
Event: 22.590 Thread 0x000001bfc2331800 Uncommon trap: trap_request=0xffffff45 fr.pc=0x000001bfd26180a0 relative=0x00000000000004c0
Event: 22.590 Thread 0x000001bfc2331800 Uncommon trap: reason=unstable_if action=reinterpret pc=0x000001bfd26180a0 method=sun.font.TrueTypeFont.readBlock(Ljava/nio/ByteBuffer;II)I @ 15 c2
Event: 22.590 Thread 0x000001bfc2331800 DEOPT PACKING pc=0x000001bfd26180a0 sp=0x00000002c86fde30
Event: 22.590 Thread 0x000001bfc2331800 DEOPT UNPACKING pc=0x000001bfca87912f sp=0x00000002c86fdde0 mode 2
Event: 22.590 Thread 0x000001bfc2331800 DEOPT PACKING pc=0x000001bfcae7781b sp=0x00000002c86fdc50
Event: 22.590 Thread 0x000001bfc2331800 DEOPT UNPACKING pc=0x000001bfca87964e sp=0x00000002c86fd148 mode 3

Classes unloaded (0 events):
No events

Classes redefined (0 events):
No events

Internal exceptions (20 events):
Event: 0.805 Thread 0x000001bfedcad800 Exception <a 'java/io/FileNotFoundException'{0x00000007109eac40}> (0x00000007109eac40) 
thrown [t:/workspace/open/src/hotspot/share/prims/jni.cpp, line 598]
Event: 10.894 Thread 0x000001bfc2331800 Exception <a 'java/lang/NoSuchMethodError'{0x000000070f593fd0}: 'java.lang.Object java.lang.invoke.DirectMethodHandle$Holder.invokeStaticInit(java.lang.Object, int, int, int, int)'> (0x000000070f593fd0) 
thrown [t:/workspace/open/src/hotspot/share/interpreter/linkResolver.cpp, line 767]
Event: 10.986 Thread 0x000001bfc2331800 Exception <a 'java/lang/NoSuchMethodError'{0x000000070f5b87d8}: 'java.lang.Object java.lang.invoke.DirectMethodHandle$Holder.invokeStaticInit(java.lang.Object, java.lang.Object, int, int, int, int)'> (0x000000070f5b87d8) 
thrown [t:/workspace/open/src/hotspot/share/interpreter/linkResolver.cpp, line 767]
Event: 11.012 Thread 0x000001bfc2331800 Implicit null exception at 0x000001bfd2421a93 to 0x000001bfd2421d80
Event: 11.013 Thread 0x000001bfede76800 Exception <a 'java/io/FileNotFoundException'{0x000000070ec809c0}> (0x000000070ec809c0) 
thrown [t:/workspace/open/src/hotspot/share/prims/jni.cpp, line 598]
Event: 11.013 Thread 0x000001bfc2331800 Implicit null exception at 0x000001bfd2419f2f to 0x000001bfd241a7fa
Event: 11.030 Thread 0x000001bfede76800 Exception <a 'java/io/FileNotFoundException'{0x000000070e951518}> (0x000000070e951518) 
thrown [t:/workspace/open/src/hotspot/share/prims/jni.cpp, line 598]
Event: 11.046 Thread 0x000001bfc2331800 Implicit null exception at 0x000001bfd23aec33 to 0x000001bfd23af023
Event: 11.071 Thread 0x000001bfede76800 Exception <a 'java/io/FileNotFoundException'{0x000000070e80ebd8}> (0x000000070e80ebd8) 
thrown [t:/workspace/open/src/hotspot/share/prims/jni.cpp, line 598]
Event: 11.074 Thread 0x000001bfede76800 Exception <a 'java/io/FileNotFoundException'{0x000000070e827c60}> (0x000000070e827c60) 
thrown [t:/workspace/open/src/hotspot/share/prims/jni.cpp, line 598]
Event: 11.077 Thread 0x000001bfede76800 Exception <a 'java/io/FileNotFoundException'{0x000000070e840d30}> (0x000000070e840d30) 
thrown [t:/workspace/open/src/hotspot/share/prims/jni.cpp, line 598]
Event: 12.423 Thread 0x000001bfede76800 Exception <a 'java/io/FileNotFoundException'{0x000000070e851068}> (0x000000070e851068) 
thrown [t:/workspace/open/src/hotspot/share/prims/jni.cpp, line 598]
Event: 15.344 Thread 0x000001bfede76800 Exception <a 'java/io/FileNotFoundException'{0x000000070e866aa0}> (0x000000070e866aa0) 
thrown [t:/workspace/open/src/hotspot/share/prims/jni.cpp, line 598]
Event: 15.905 Thread 0x000001bfede76800 Exception <a 'java/io/FileNotFoundException'{0x000000070e8714f8}> (0x000000070e8714f8) 
thrown [t:/workspace/open/src/hotspot/share/prims/jni.cpp, line 598]
Event: 15.907 Thread 0x000001bfede76800 Exception <a 'java/io/FileNotFoundException'{0x000000070b6070c8}> (0x000000070b6070c8) 
thrown [t:/workspace/open/src/hotspot/share/prims/jni.cpp, line 598]
Event: 15.909 Thread 0x000001bfede76800 Exception <a 'java/io/FileNotFoundException'{0x000000070b611e00}> (0x000000070b611e00) 
thrown [t:/workspace/open/src/hotspot/share/prims/jni.cpp, line 598]
Event: 15.910 Thread 0x000001bfede76800 Exception <a 'java/io/FileNotFoundException'{0x000000070b61d1a0}> (0x000000070b61d1a0) 
thrown [t:/workspace/open/src/hotspot/share/prims/jni.cpp, line 598]
Event: 16.714 Thread 0x000001bfede76800 Exception <a 'java/io/FileNotFoundException'{0x000000070b628048}> (0x000000070b628048) 
thrown [t:/workspace/open/src/hotspot/share/prims/jni.cpp, line 598]
Event: 22.590 Thread 0x000001bfc2331800 Exception <a 'java/io/FileNotFoundException'{0x0000000707e083b0}> (0x0000000707e083b0) 
thrown [t:/workspace/open/src/hotspot/share/prims/jni.cpp, line 598]
Event: 22.590 Thread 0x000001bfc2331800 Exception <a 'java/io/FileNotFoundException'{0x0000000707e09930}> (0x0000000707e09930) 
thrown [t:/workspace/open/src/hotspot/share/prims/jni.cpp, line 598]

Events (20 events):
Event: 22.572 Thread 0x000001bfe66f3800 flushing nmethod 0x000001bfcb2aa110
Event: 22.572 Thread 0x000001bfe66f3800 flushing nmethod 0x000001bfcb2b4990
Event: 22.572 Thread 0x000001bfe66f3800 flushing nmethod 0x000001bfcb2b5f10
Event: 22.572 Thread 0x000001bfe66f3800 flushing nmethod 0x000001bfcb2c0b90
Event: 22.572 Thread 0x000001bfe66f3800 flushing nmethod 0x000001bfcb2c7190
Event: 22.572 Thread 0x000001bfe66f3800 flushing nmethod 0x000001bfcb2e6910
Event: 22.572 Thread 0x000001bfe66f3800 flushing nmethod 0x000001bfcb2f5a90
Event: 22.572 Thread 0x000001bfe66f3800 flushing nmethod 0x000001bfcb2fc410
Event: 22.572 Thread 0x000001bfe66f3800 flushing nmethod 0x000001bfcb2ffe10
Event: 22.572 Thread 0x000001bfe66f3800 flushing nmethod 0x000001bfcb302810
Event: 22.590 Executing VM operation: RevokeBias
Event: 22.590 Executing VM operation: RevokeBias done
Event: 22.590 loading class java/awt/FontFormatException
Event: 22.590 loading class java/awt/FontFormatException done
Event: 22.590 loading class java/nio/channels/ClosedChannelException
Event: 22.590 loading class java/nio/channels/ClosedChannelException done
Event: 22.591 loading class sun/font/NullFontScaler
Event: 22.591 loading class sun/font/NullFontScaler done
Event: 22.591 Executing VM operation: Deoptimize
Event: 22.591 Executing VM operation: Deoptimize done


Dynamic libraries:
0x00007ff683020000 - 0x00007ff68302f000 	C:\Program Files\Java\jdk-13\bin\java.exe
0x00007fff25bc0000 - 0x00007fff25db0000 	C:\Windows\SYSTEM32\ntdll.dll
0x00007fff251d0000 - 0x00007fff25282000 	C:\Windows\System32\KERNEL32.DLL
0x00007fff237c0000 - 0x00007fff23a65000 	C:\Windows\System32\KERNELBASE.dll
0x00007fff23b20000 - 0x00007fff23c1a000 	C:\Windows\System32\ucrtbase.dll
0x00007fff03750000 - 0x00007fff03768000 	C:\Program Files\Java\jdk-13\bin\jli.dll
0x00007fff007b0000 - 0x00007fff007c5000 	C:\Program Files\Java\jdk-13\bin\VCRUNTIME140.dll
0x00007fff23c70000 - 0x00007fff23d13000 	C:\Windows\System32\ADVAPI32.dll
0x00007fff24490000 - 0x00007fff2452e000 	C:\Windows\System32\msvcrt.dll
0x00007fff24e60000 - 0x00007fff24ef7000 	C:\Windows\System32\sechost.dll
0x00007fff250b0000 - 0x00007fff251cf000 	C:\Windows\System32\RPCRT4.dll
0x00007fff253a0000 - 0x00007fff25534000 	C:\Windows\System32\USER32.dll
0x00007fff102e0000 - 0x00007fff10564000 	C:\Windows\WinSxS\amd64_microsoft.windows.common-controls_6595b64144ccf1df_6.0.18362.1316_none_9e7a364fe461dbd7\COMCTL32.dll
0x00007fff23c40000 - 0x00007fff23c61000 	C:\Windows\System32\win32u.dll
0x00007fff247a0000 - 0x00007fff24ad7000 	C:\Windows\System32\combase.dll
0x00007fff24f00000 - 0x00007fff24f26000 	C:\Windows\System32\GDI32.dll
0x00007fff235e0000 - 0x00007fff23661000 	C:\Windows\System32\bcryptPrimitives.dll
0x00007fff22b40000 - 0x00007fff22cd8000 	C:\Windows\System32\gdi32full.dll
0x00007fff22d60000 - 0x00007fff22dfe000 	C:\Windows\System32\msvcp_win.dll
0x00007fff1d0f0000 - 0x00007fff1d0fa000 	C:\Windows\SYSTEM32\VERSION.dll
0x00007fff24fb0000 - 0x00007fff24fde000 	C:\Windows\System32\IMM32.DLL
0x00007ffefed80000 - 0x00007ffefee1b000 	C:\Program Files\Java\jdk-13\bin\msvcp140.dll
0x00007ffec9680000 - 0x00007ffeca1e6000 	C:\Program Files\Java\jdk-13\bin\server\jvm.dll
0x00007fff24470000 - 0x00007fff24478000 	C:\Windows\System32\PSAPI.DLL
0x00007fff0afc0000 - 0x00007fff0afc9000 	C:\Windows\SYSTEM32\WSOCK32.dll
0x00007fff20240000 - 0x00007fff20264000 	C:\Windows\SYSTEM32\WINMM.dll
0x00007fff24c90000 - 0x00007fff24cff000 	C:\Windows\System32\WS2_32.dll
0x00007fff20210000 - 0x00007fff2023d000 	C:\Windows\SYSTEM32\WINMMBASE.dll
0x00007fff22d10000 - 0x00007fff22d5a000 	C:\Windows\System32\cfgmgr32.dll
0x00007fff22a80000 - 0x00007fff22a91000 	C:\Windows\System32\kernel.appcore.dll
0x00007fff0c720000 - 0x00007fff0c730000 	C:\Program Files\Java\jdk-13\bin\verify.dll
0x00007fff06260000 - 0x00007fff06454000 	C:\Windows\SYSTEM32\DBGHELP.DLL
0x00007fff06230000 - 0x00007fff0625a000 	C:\Windows\SYSTEM32\dbgcore.DLL
0x00007ffeffae0000 - 0x00007ffeffb06000 	C:\Program Files\Java\jdk-13\bin\java.dll
0x00007fff03ae0000 - 0x00007fff03b18000 	C:\Program Files\Java\jdk-13\bin\jdwp.dll
0x00007ffeff920000 - 0x00007ffeff937000 	C:\Program Files\Java\jdk-13\bin\zip.dll
0x00007fff06f60000 - 0x00007fff06f6a000 	C:\Program Files\Java\jdk-13\bin\jimage.dll
0x00007fff23d20000 - 0x00007fff24408000 	C:\Windows\System32\SHELL32.dll
0x00007fff24530000 - 0x00007fff245d7000 	C:\Windows\System32\shcore.dll
0x00007fff22e60000 - 0x00007fff235db000 	C:\Windows\System32\windows.storage.dll
0x00007fff22ac0000 - 0x00007fff22ae3000 	C:\Windows\System32\profapi.dll
0x00007fff22af0000 - 0x00007fff22b3a000 	C:\Windows\System32\powrprof.dll
0x00007fff22a70000 - 0x00007fff22a80000 	C:\Windows\System32\UMPDC.dll
0x00007fff24410000 - 0x00007fff24462000 	C:\Windows\System32\shlwapi.dll
0x00007fff23c20000 - 0x00007fff23c37000 	C:\Windows\System32\cryptsp.dll
0x00007fff0f530000 - 0x00007fff0f53b000 	C:\Program Files\Java\jdk-13\bin\dt_socket.dll
0x00007fff222b0000 - 0x00007fff22317000 	C:\Windows\system32\mswsock.dll
0x00007fff22000000 - 0x00007fff220cb000 	C:\Windows\SYSTEM32\DNSAPI.dll
0x00007fff24480000 - 0x00007fff24488000 	C:\Windows\System32\NSI.dll
0x00007fff21fc0000 - 0x00007fff21ffa000 	C:\Windows\SYSTEM32\IPHLPAPI.DLL
0x0000000058b60000 - 0x0000000058b86000 	C:\Program Files\Bonjour\mdnsNSP.dll
0x00007fff1afe0000 - 0x00007fff1afea000 	C:\Windows\System32\rasadhlp.dll
0x00007fff1bcc0000 - 0x00007fff1bd37000 	C:\Windows\System32\fwpuclnt.dll
0x00007fff22ce0000 - 0x00007fff22d06000 	C:\Windows\System32\bcrypt.dll
0x00007ffef4d40000 - 0x00007ffef4ed9000 	C:\Program Files\Java\jdk-13\bin\awt.dll
0x00007fff24d80000 - 0x00007fff24e45000 	C:\Windows\System32\OLEAUT32.dll
0x00007fff1f580000 - 0x00007fff1fb40000 	C:\Windows\SYSTEM32\d2d1.dll
0x00007fff20bc0000 - 0x00007fff20c4f000 	C:\Windows\SYSTEM32\apphelp.dll
0x00007fff211c0000 - 0x00007fff211ed000 	C:\Windows\system32\DWMAPI.DLL
0x00007fff20d00000 - 0x00007fff20d99000 	C:\Windows\system32\uxtheme.dll
0x00007ffeebb60000 - 0x00007ffeebcb6000 	C:\Windows\system32\opengl32.dll
0x00007fff0e220000 - 0x00007fff0e24c000 	C:\Windows\SYSTEM32\GLU32.dll
0x00007fff21690000 - 0x00007fff216b0000 	C:\Windows\SYSTEM32\dxcore.dll
0x00007fff24ae0000 - 0x00007fff24c15000 	C:\Windows\System32\MSCTF.dll
0x00007fff24640000 - 0x00007fff24797000 	C:\Windows\System32\ole32.dll
0x00007fff22aa0000 - 0x00007fff22ab2000 	C:\Windows\System32\msasn1.dll
0x00007fff1bb80000 - 0x00007fff1bbaf000 	C:\Windows\SYSTEM32\cryptnet.dll
0x00007fff23670000 - 0x00007fff237ba000 	C:\Windows\System32\CRYPT32.dll
0x00007fff22480000 - 0x00007fff2248c000 	C:\Windows\SYSTEM32\cryptbase.dll
0x00007fff22e00000 - 0x00007fff22e5c000 	C:\Windows\System32\WINTRUST.DLL
0x00007fff25540000 - 0x00007fff2555d000 	C:\Windows\System32\imagehlp.dll
0x00007fff21e30000 - 0x00007fff21e63000 	C:\Windows\system32\rsaenh.dll
0x00007fff21640000 - 0x00007fff21662000 	C:\Windows\SYSTEM32\gpapi.dll
0x00007fff030a0000 - 0x00007fff03122000 	C:\Program Files\Java\jdk-13\bin\freetype.dll
0x00007ffefa1d0000 - 0x00007ffefa276000 	C:\Program Files\Java\jdk-13\bin\fontmanager.dll
0x00007fff1a970000 - 0x00007fff1aa0d000 	C:\Windows\System32\TextInputFramework.dll
0x00007fff1df00000 - 0x00007fff1e22a000 	C:\Windows\System32\CoreUIComponents.dll
0x00007fff207d0000 - 0x00007fff208a4000 	C:\Windows\System32\CoreMessaging.dll
0x00007fff1dd80000 - 0x00007fff1ded2000 	C:\Windows\SYSTEM32\wintypes.dll
0x00007fff21a90000 - 0x00007fff21ac1000 	C:\Windows\SYSTEM32\ntmarta.dll
0x00007ffefed60000 - 0x00007ffefed79000 	C:\Program Files\Java\jdk-13\bin\net.dll
0x00007fff1b870000 - 0x00007fff1ba46000 	C:\Windows\SYSTEM32\urlmon.dll
0x00007fff1d5e0000 - 0x00007fff1d6d0000 	C:\Windows\SYSTEM32\WINHTTP.dll
0x00007fff19470000 - 0x00007fff19717000 	C:\Windows\SYSTEM32\iertutil.dll
0x00007ffefed40000 - 0x00007ffefed53000 	C:\Program Files\Java\jdk-13\bin\nio.dll
0x00007fff22990000 - 0x00007fff229b5000 	C:\Windows\SYSTEM32\USERENV.dll
0x00007fff1c5b0000 - 0x00007fff1c5c6000 	C:\Windows\SYSTEM32\dhcpcsvc6.DLL
0x00007fff1d100000 - 0x00007fff1d11c000 	C:\Windows\SYSTEM32\dhcpcsvc.DLL
0x00007fff0d4b0000 - 0x00007fff0d4dd000 	C:\Program Files\Java\jdk-13\bin\javajpeg.dll

dbghelp: loaded successfully - version: 4.0.5 - missing functions: none
symbol engine: initialized successfully - sym options: 0x614 - pdb path: .;C:\Program Files\Java\jdk-13\bin;C:\Windows\SYSTEM32;C:\Windows\WinSxS\amd64_microsoft.windows.common-controls_6595b64144ccf1df_6.0.18362.1316_none_9e7a364fe461dbd7;C:\Program Files\Java\jdk-13\bin\server;C:\Program Files\Bonjour;C:\WINDOWS\System32\DriverStore\FileRepository\nv_dispi.inf_amd64_8e68f77150e57b50

VM Arguments:
jvm_args: -agentlib:jdwp=transport=dt_socket,server=n,suspend=y,address=localhost:57640 -Dfile.encoding=UTF-8 
java_command: warcraftTD.Main
java_class_path (initial): C:\Users\Cody\Desktop\Documents\_DEV\warcraftTD\bin
Launcher Type: SUN_STANDARD

[Global flags]
     intx CICompilerCount                          = 4                                         {product} {ergonomic}
     uint ConcGCThreads                            = 2                                         {product} {ergonomic}
     uint G1ConcRefinementThreads                  = 8                                         {product} {ergonomic}
   size_t G1HeapRegionSize                         = 1048576                                   {product} {ergonomic}
    uintx GCDrainStackTargetSize                   = 64                                        {product} {ergonomic}
   size_t InitialHeapSize                          = 268435456                                 {product} {ergonomic}
   size_t MarkStackSize                            = 4194304                                   {product} {ergonomic}
   size_t MaxHeapSize                              = 4273995776                                {product} {ergonomic}
   size_t MaxNewSize                               = 2563768320                                {product} {ergonomic}
   size_t MinHeapDeltaBytes                        = 1048576                                   {product} {ergonomic}
   size_t MinHeapSize                              = 8388608                                   {product} {ergonomic}
    uintx NonNMethodCodeHeapSize                   = 5836300                                {pd product} {ergonomic}
    uintx NonProfiledCodeHeapSize                  = 122910970                              {pd product} {ergonomic}
    uintx ProfiledCodeHeapSize                     = 122910970                              {pd product} {ergonomic}
    uintx ReservedCodeCacheSize                    = 251658240                              {pd product} {ergonomic}
     bool SegmentedCodeCache                       = true                                      {product} {ergonomic}
   size_t SoftMaxHeapSize                          = 4273995776                             {manageable} {ergonomic}
     bool UseCompressedClassPointers               = true                                 {lp64_product} {ergonomic}
     bool UseCompressedOops                        = true                                 {lp64_product} {ergonomic}
     bool UseG1GC                                  = true                                      {product} {ergonomic}
     bool UseLargePagesIndividualAllocation        = false                                  {pd product} {ergonomic}

Logging:
Log output configuration:
 #0: stdout all=warning uptime,level,tags
 #1: stderr all=off uptime,level,tags

Environment Variables:
JAVA_HOME=C:\Progra~1\Java\jdk-13
PATH=C:\Python\Python37\Scripts\;C:\Python\Python37\;C:\Program Files (x86)\Common Files\Oracle\Java\javapath;C:\Program Files (x86)\Common Files\Intel\Shared Libraries\redist\intel64\compiler;C:\ProgramData\Oracle\Java\javapath;C:\Program Files (x86)\Intel\iCLS Client\;C:\Program Files\Intel\iCLS Client\;C:\WINDOWS\system32;C:\WINDOWS;C:\WINDOWS\System32\Wbem;C:\WINDOWS\System32\WindowsPowerShell\v1.0\;C:\Program Files (x86)\Intel\Intel(R) Management Engine Components\DAL;C:\Program Files\Intel\Intel(R) Management Engine Components\DAL;C:\Program Files (x86)\Intel\Intel(R) Management Engine Components\IPT;C:\Program Files\Intel\Intel(R) Management Engine Components\IPT;C:\Program Files\dotnet\;C:\WINDOWS\System32\OpenSSH\;C:\Program Files (x86)\NVIDIA Corporation\PhysX\Common;C:\Users\Cody\AppData\Local\Programs\Python\Python37-32;C:\ProgramData\chocolatey\bin;C:\Program Files\nodejs\;C:\WINDOWS\system32;C:\WINDOWS;C:\WINDOWS\System32\Wbem;C:\WINDOWS\System32\WindowsPowerShell\v1.0\;C:\WINDOWS\System32\OpenSSH\;C:\Program Files (x86)\ZeroTier\One\;C:\MinGW\bin\;C:\Program Files\Git\cmd;C:\Program Files\Tesseract-OCR;C:\Tools\FFmpeg\bin;C:\Program Files (x86)\Sennheiser\Sennheiser Updater\;C:\Users\Cody\AppData\Local\Microsoft\WindowsApps;C:\Users\Cody\AppData\Roaming\npm;C:\Users\Cody\AppData\Local\GitHubDesktop\bin;C:\Users\Cody\AppData\Local\Microsoft\WindowsApps;
USERNAME=Cody
OS=Windows_NT
PROCESSOR_IDENTIFIER=Intel64 Family 6 Model 94 Stepping 3, GenuineIntel



---------------  S Y S T E M  ---------------

OS: Windows 10 , 64 bit Build 18362 (10.0.18362.1316)

CPU:total 8 (initial active 8) (4 cores per cpu, 2 threads per core) family 6 model 94 stepping 3, cmov, cx8, fxsr, mmx, sse, sse2, sse3, ssse3, sse4.1, sse4.2, popcnt, avx, avx2, aes, clmul, erms, rtm, 3dnowpref, lzcnt, ht, tsc, tscinvbit, bmi1, bmi2, adx, fma

Memory: 4k page, system-wide physical 16300M (10033M free)
TotalPageFile size 16500M (AvailPageFile size 4301M)
current process WorkingSet (physical memory assigned to process): 258M, peak: 274M
current process commit charge ("private bytes"): 422M, peak: 509M

vm_info: Java HotSpot(TM) 64-Bit Server VM (13+33) for windows-amd64 JRE (13+33), built on Sep 18 2019 21:38:00 by "mach5one" with unknown MS VC++:1916

END.
