#
# A fatal error has been detected by the Java Runtime Environment:
#
#  EXCEPTION_ACCESS_VIOLATION (0xc0000005) at pc=0x00007fff12ff5d1a, pid=142804, tid=132592
#
# JRE version: Java(TM) SE Runtime Environment (13.0+33) (build 13+33)
# Java VM: Java HotSpot(TM) 64-Bit Server VM (13+33, mixed mode, sharing, tiered, compressed oops, g1 gc, windows-amd64)
# Problematic frame:
# C  [freetype.dll+0x45d1a]
#
# No core dump will be written. Minidumps are not enabled by default on client versions of Windows
#
# If you would like to submit a bug report, please visit:
#   http://bugreport.java.com/bugreport/crash.jsp
# The crash happened outside the Java Virtual Machine in native code.
# See problematic frame for where to report the bug.
#

---------------  S U M M A R Y ------------

Command Line: -agentlib:jdwp=transport=dt_socket,server=n,suspend=y,address=localhost:54349 -Dfile.encoding=UTF-8 warcraftTD.Main

Host: Intel(R) Core(TM) i7-6700K CPU @ 4.00GHz, 8 cores, 15G,  Windows 10 , 64 bit Build 18362 (10.0.18362.1316)
Time: Sat Jan 23 16:55:47 2021 Paris, Madrid elapsed time: 196 seconds (0d 0h 3m 16s)

---------------  T H R E A D  ---------------

Current thread (0x000001ce7fa8f800):  JavaThread "main" [_thread_in_native, id=132592, stack(0x0000002a87500000,0x0000002a87600000)]

Stack: [0x0000002a87500000,0x0000002a87600000],  sp=0x0000002a875fece0,  free space=1019k
Native frames: (J=compiled Java code, j=interpreted, Vv=VM code, C=native code)
C  [freetype.dll+0x45d1a]

Java frames: (J=compiled Java code, j=interpreted, Vv=VM code)
J 2907  sun.font.FreetypeFontScaler.getGlyphImageNative(Lsun/font/Font2D;JJI)J java.desktop@13 (0 bytes) @ 0x000001ce116476a9 [0x000001ce11647640+0x0000000000000069]
J 3234 c2 sun.font.FileFont.getGlyphImage(JI)J java.desktop@13 (26 bytes) @ 0x000001ce1153b9e0 [0x000001ce1153b840+0x00000000000001a0]
J 2232 c2 sun.font.FileFontStrike.getGlyphImagePtrs([I[JI)V java.desktop@13 (111 bytes) @ 0x000001ce114bf4c4 [0x000001ce114bf1e0+0x00000000000002e4]
J 2239 c2 sun.font.GlyphList.setFromString(Lsun/java2d/loops/FontInfo;Ljava/lang/String;FF)Z java.desktop@13 (75 bytes) @ 0x000001ce114c70b4 [0x000001ce114c6b60+0x0000000000000554]
J 2950 c2 sun.java2d.pipe.GlyphListPipe.drawString(Lsun/java2d/SunGraphics2D;Ljava/lang/String;DD)V java.desktop@13 (202 bytes) @ 0x000001ce1166ac64 [0x000001ce1166a980+0x00000000000002e4]
J 2335 c2 warcraftTD.StdDraw.textLeft(DDLjava/lang/String;)V (71 bytes) @ 0x000001ce114f1d98 [0x000001ce114f1b20+0x0000000000000278]
J 2998 c2 warcraftTD.World.drawHUD()V (199 bytes) @ 0x000001ce116a55c4 [0x000001ce116a4420+0x00000000000011a4]
J 3198 c2 warcraftTD.World.draw()V (43 bytes) @ 0x000001ce1173ce70 [0x000001ce1173c520+0x0000000000000950]
j  warcraftTD.World.run()V+58
j  warcraftTD.Menu.onMouseClick(DD)V+54
j  warcraftTD.Menu.loop()V+79
j  warcraftTD.Main.main([Ljava/lang/String;)V+23
v  ~StubRoutines::call_stub

siginfo: EXCEPTION_ACCESS_VIOLATION (0xc0000005), reading address 0x0000000000000118


Register to memory mapping:

RIP=0x00007fff12ff5d1a freetype.dll
RAX=0x0000002a875fed18 is pointing into the stack for thread: 0x000001ce7fa8f800
RBX=0x0000002a875feec0 is pointing into the stack for thread: 0x000001ce7fa8f800
RCX=0x000001ce2d101c20 points into unknown readable memory: 01 00 00 00 00 00 00 00
RDX=0x0 is NULL
RSP=0x0000002a875fece0 is pointing into the stack for thread: 0x000001ce7fa8f800
RBP=0x0000002a875fede0 is pointing into the stack for thread: 0x000001ce7fa8f800
RSI=0x000001ce2d101c20 points into unknown readable memory: 01 00 00 00 00 00 00 00
RDI=0x0 is NULL
R8 =0x0000000000000015 is an unknown value
R9 =0x0000002a875fed40 is pointing into the stack for thread: 0x000001ce7fa8f800
R10=0x0 is NULL
R11=0x0000002a875fec10 is pointing into the stack for thread: 0x000001ce7fa8f800
R12=0x0000000000000015 is an unknown value
R13=0x0000000000000790 is an unknown value
R14=0x000001ce2d101c20 points into unknown readable memory: 01 00 00 00 00 00 00 00
R15=0x000001ce2d502060 points into unknown readable memory: 20 ca 33 2d ce 01 00 00


Registers:
RAX=0x0000002a875fed18, RBX=0x0000002a875feec0, RCX=0x000001ce2d101c20, RDX=0x0000000000000000
RSP=0x0000002a875fece0, RBP=0x0000002a875fede0, RSI=0x000001ce2d101c20, RDI=0x0000000000000000
R8 =0x0000000000000015, R9 =0x0000002a875fed40, R10=0x0000000000000000, R11=0x0000002a875fec10
R12=0x0000000000000015, R13=0x0000000000000790, R14=0x000001ce2d101c20, R15=0x000001ce2d502060
RIP=0x00007fff12ff5d1a, EFLAGS=0x0000000000010246

Top of Stack: (sp=0x0000002a875fece0)
0x0000002a875fece0:   0000002a875feec0 0000002a875feef0
0x0000002a875fecf0:   0000000000000000 0000000000000000
0x0000002a875fed00:   0000002a875fed18 0000000000000030
0x0000002a875fed10:   0000000000000000 0000000000000000
0x0000002a875fed20:   0000000000000000 0000000000000918
0x0000002a875fed30:   00020c4a00020c4a 0000000700000000
0x0000002a875fed40:   00000007014f0000 00007fff12ffdc73
0x0000002a875fed50:   0000000702bee4d0 0000000702bee4e8
0x0000002a875fed60:   0000002a875fed20 00007fff1385954d
0x0000002a875fed70:   0000000000000000 0000000000000000
0x0000002a875fed80:   000001ce2d50fc00 000001ce2d1eec80
0x0000002a875fed90:   000001ce2d02d2f0 000001ce2d101c20
0x0000002a875feda0:   000001ce26939ef0 00007fff13002993
0x0000002a875fedb0:   0000000000000000 000001ce26939ef0
0x0000002a875fedc0:   000001ce26939ef0 0000000702bee478
0x0000002a875fedd0:   0000000000000000 000001ce2d02d2f0 

Instructions: (pc=0x00007fff12ff5d1a)
0x00007fff12ff5c1a:   48 89 45 c0 48 89 45 c8 48 89 45 d0 48 89 45 d8
0x00007fff12ff5c2a:   48 89 45 e0 c6 44 24 34 01 e8 18 e0 fd ff 48 8d
0x00007fff12ff5c3a:   45 a0 48 89 43 28 eb 12 48 8d 73 30 49 8b ce 4c
0x00007fff12ff5c4a:   8b c6 e8 6f d1 00 00 44 8b e8 44 8b 0e 45 85 c9
0x00007fff12ff5c5a:   7e 63 41 8b 96 04 04 00 00 85 d2 75 15 49 8b 8e
0x00007fff12ff5c6a:   d0 00 00 00 48 39 79 50 75 08 8d 4a 08 e9 01 0a
0x00007fff12ff5c7a:   00 00 46 8d 04 2a 48 8b cb 41 8b d4 41 ff 96 a8
0x00007fff12ff5c8a:   02 00 00 89 44 24 30 8b c8 85 c0 0f 85 e6 09 00
0x00007fff12ff5c9a:   00 48 8b cb 41 ff 96 b8 02 00 00 48 8b cb 89 44
0x00007fff12ff5caa:   24 30 41 ff 96 b0 02 00 00 8b 4c 24 30 85 c9 0f
0x00007fff12ff5cba:   85 c2 09 00 00 39 3e 74 06 66 39 7b 34 75 08 48
0x00007fff12ff5cca:   89 7b 38 48 89 7b 40 48 8b 43 28 48 8b 33 48 8b
0x00007fff12ff5cda:   c8 48 89 45 40 66 89 7c 24 60 66 89 7c 24 44 66
0x00007fff12ff5cea:   89 7c 24 38 66 89 7c 24 40 e8 78 df fd ff 4c 8b
0x00007fff12ff5cfa:   96 d0 02 00 00 4c 8d 4c 24 60 89 44 24 48 45 8b
0x00007fff12ff5d0a:   c4 48 8d 44 24 38 33 d2 48 8b ce 48 89 44 24 20
0x00007fff12ff5d1a:   41 ff 92 18 01 00 00 8b 4b 44 40 38 be 90 01 00
0x00007fff12ff5d2a:   00 74 27 4c 8b 96 d0 02 00 00 48 8d 44 24 40 4c
0x00007fff12ff5d3a:   8d 4c 24 44 48 89 44 24 20 45 8b c4 b2 01 48 8b
0x00007fff12ff5d4a:   ce 41 ff 92 18 01 00 00 eb 7d b8 ff ff 00 00 66
0x00007fff12ff5d5a:   39 86 08 02 00 00 74 37 0f b7 86 4e 02 00 00 66
0x00007fff12ff5d6a:   2b c1 66 89 44 24 44 0f bf 8e 4e 02 00 00 44 0f
0x00007fff12ff5d7a:   bf 86 50 02 00 00 8b d1 41 2b d0 0f b7 c1 66 41
0x00007fff12ff5d8a:   2b c0 66 44 2b c1 85 d2 66 44 0f 49 c0 eb 32 0f
0x00007fff12ff5d9a:   b7 86 3c 01 00 00 66 2b c1 66 89 44 24 44 0f bf
0x00007fff12ff5daa:   96 3e 01 00 00 44 0f bf 86 3c 01 00 00 44 3b c2
0x00007fff12ff5dba:   79 0b 66 41 2b d0 66 89 54 24 40 eb 0a 66 44 2b
0x00007fff12ff5dca:   c2 66 44 89 44 24 40 8b 54 24 48 48 8b 4d 40 e8
0x00007fff12ff5dda:   e2 e4 fd ff 8b c8 85 c0 75 35 0f bf 44 24 60 0f
0x00007fff12ff5dea:   b7 4c 24 38 89 43 48 0f bf 44 24 44 89 83 08 01
0x00007fff12ff5dfa:   00 00 0f b7 44 24 40 89 83 0c 01 00 00 89 4b 4c
0x00007fff12ff5e0a:   40 38 7b 54 75 07 c6 43 54 01 89 4b 50 8b cf 89 


Stack slot to memory mapping:
stack at sp + 0 slots: 0x0000002a875feec0 is pointing into the stack for thread: 0x000001ce7fa8f800
stack at sp + 1 slots: 0x0000002a875feef0 is pointing into the stack for thread: 0x000001ce7fa8f800
stack at sp + 2 slots: 0x0 is NULL
stack at sp + 3 slots: 0x0 is NULL
stack at sp + 4 slots: 0x0000002a875fed18 is pointing into the stack for thread: 0x000001ce7fa8f800
stack at sp + 5 slots: 0x0000000000000030 is an unknown value
stack at sp + 6 slots: 0x0 is NULL
stack at sp + 7 slots: 0x0 is NULL


---------------  P R O C E S S  ---------------

Threads class SMR info:
_java_thread_list=0x000001ce2f2eb580, length=16, elements={
0x000001ce7fa8f800, 0x000001ce25185000, 0x000001ce2518b000, 0x000001ce25a28000,
0x000001ce25a29800, 0x000001ce25a2c000, 0x000001ce25a38800, 0x000001ce25a48800,
0x000001ce25b91000, 0x000001ce25b95000, 0x000001ce25b96800, 0x000001ce25ba5000,
0x000001ce25bae000, 0x000001ce26529800, 0x000001ce2652a000, 0x000001ce2cff0800
}

Java Threads: ( => current thread )
=>0x000001ce7fa8f800 JavaThread "main" [_thread_in_native, id=132592, stack(0x0000002a87500000,0x0000002a87600000)]
  0x000001ce25185000 JavaThread "Reference Handler" daemon [_thread_blocked, id=129032, stack(0x0000002a87c00000,0x0000002a87d00000)]
  0x000001ce2518b000 JavaThread "Finalizer" daemon [_thread_blocked, id=135876, stack(0x0000002a87d00000,0x0000002a87e00000)]
  0x000001ce25a28000 JavaThread "Signal Dispatcher" daemon [_thread_blocked, id=142236, stack(0x0000002a87e00000,0x0000002a87f00000)]
  0x000001ce25a29800 JavaThread "Attach Listener" daemon [_thread_blocked, id=138192, stack(0x0000002a87f00000,0x0000002a88000000)]
  0x000001ce25a2c000 JavaThread "C2 CompilerThread0" daemon [_thread_blocked, id=142964, stack(0x0000002a88000000,0x0000002a88100000)]
  0x000001ce25a38800 JavaThread "C1 CompilerThread0" daemon [_thread_blocked, id=142852, stack(0x0000002a88100000,0x0000002a88200000)]
  0x000001ce25a48800 JavaThread "Sweeper thread" daemon [_thread_blocked, id=142916, stack(0x0000002a88200000,0x0000002a88300000)]
  0x000001ce25b91000 JavaThread "JDWP Transport Listener: dt_socket" daemon [_thread_blocked, id=142912, stack(0x0000002a88300000,0x0000002a88400000)]
  0x000001ce25b95000 JavaThread "JDWP Event Helper Thread" daemon [_thread_blocked, id=142848, stack(0x0000002a88400000,0x0000002a88500000)]
  0x000001ce25b96800 JavaThread "JDWP Command Reader" daemon [_thread_in_native, id=142844, stack(0x0000002a88500000,0x0000002a88600000)]
  0x000001ce25ba5000 JavaThread "Service Thread" daemon [_thread_blocked, id=142872, stack(0x0000002a88600000,0x0000002a88700000)]
  0x000001ce25bae000 JavaThread "Common-Cleaner" daemon [_thread_blocked, id=142908, stack(0x0000002a88800000,0x0000002a88900000)]
  0x000001ce26529800 JavaThread "Java2D Disposer" daemon [_thread_blocked, id=139312, stack(0x0000002a88900000,0x0000002a88a00000)]
  0x000001ce2652a000 JavaThread "AWT-Shutdown" [_thread_blocked, id=140984, stack(0x0000002a88a00000,0x0000002a88b00000)]
  0x000001ce2cff0800 JavaThread "AWT-EventQueue-0" [_thread_blocked, id=142928, stack(0x0000002a88e10000,0x0000002a88f10000)]

Other Threads:
  0x000001ce25183000 VMThread "VM Thread" [stack: 0x0000002a87b00000,0x0000002a87c00000] [id=141728]
  0x000001ce25ba9800 WatcherThread [stack: 0x0000002a88700000,0x0000002a88800000] [id=142884]
  0x000001ce7fafa000 GCTaskThread "GC Thread#0" [stack: 0x0000002a87600000,0x0000002a87700000] [id=134464]
  0x000001ce25b90000 GCTaskThread "GC Thread#1" [stack: 0x0000002a89160000,0x0000002a89260000] [id=140344]
  0x000001ce25b8f000 GCTaskThread "GC Thread#2" [stack: 0x0000002a89260000,0x0000002a89360000] [id=138884]
  0x000001ce265a0000 GCTaskThread "GC Thread#3" [stack: 0x0000002a89360000,0x0000002a89460000] [id=137772]
  0x000001ce2d431800 GCTaskThread "GC Thread#4" [stack: 0x0000002a89460000,0x0000002a89560000] [id=142012]
  0x000001ce2d501000 GCTaskThread "GC Thread#5" [stack: 0x0000002a89560000,0x0000002a89660000] [id=142868]
  0x000001ce7fb1c000 ConcurrentGCThread "G1 Main Marker" [stack: 0x0000002a87700000,0x0000002a87800000] [id=141700]
  0x000001ce7fb1d800 ConcurrentGCThread "G1 Conc#0" [stack: 0x0000002a87800000,0x0000002a87900000] [id=140892]
  0x000001ce2507d000 ConcurrentGCThread "G1 Refine#0" [stack: 0x0000002a87900000,0x0000002a87a00000] [id=142212]
  0x000001ce264ff800 ConcurrentGCThread "G1 Refine#1" [stack: 0x0000002a89660000,0x0000002a89760000] [id=138844]
  0x000001ce2d012000 ConcurrentGCThread "G1 Refine#2" [stack: 0x0000002a89760000,0x0000002a89860000] [id=142136]
  0x000001ce2d4fe000 ConcurrentGCThread "G1 Refine#3" [stack: 0x0000002a89860000,0x0000002a89960000] [id=138296]
  0x000001ce2d033800 ConcurrentGCThread "G1 Refine#4" [stack: 0x0000002a89960000,0x0000002a89a60000] [id=143024]
  0x000001ce2d30e000 ConcurrentGCThread "G1 Refine#5" [stack: 0x0000002a89a60000,0x0000002a89b60000] [id=143100]
  0x000001ce2d4fc000 ConcurrentGCThread "G1 Refine#6" [stack: 0x0000002a89b60000,0x0000002a89c60000] [id=142976]
  0x000001ce2507f000 ConcurrentGCThread "G1 Young RemSet Sampling" [stack: 0x0000002a87a00000,0x0000002a87b00000] [id=142000]

Threads with active compile tasks:

VM state:not at safepoint (normal execution)

VM Mutex/Monitor currently owned by a thread: None

Heap address: 0x0000000701400000, size: 4076 MB, Compressed Oops mode: Zero based, Oop shift amount: 3
Narrow klass base: 0x0000000800000000, Narrow klass shift: 3
Compressed class space size: 1073741824 Address: 0x0000000800b40000

Heap:
 garbage-first heap   total 262144K, used 182248K [0x0000000701400000, 0x0000000800000000)
  region size 1024K, 135 young (138240K), 11 survivors (11264K)
 Metaspace       used 9714K, capacity 9996K, committed 10112K, reserved 1058816K
  class space    used 921K, capacity 1042K, committed 1152K, reserved 1048576K
Heap Regions: E=young(eden), S=young(survivor), O=old, HS=humongous(starts), HC=humongous(continues), CS=collection set, F=free, A=archive, TAMS=top-at-mark-start (previous, next)
|   0|0x0000000701400000, 0x0000000701500000, 0x0000000701500000|100%| O|  |TAMS 0x0000000701400000, 0x0000000701400000| Untracked 
|   1|0x0000000701500000, 0x0000000701600000, 0x0000000701600000|100%| O|  |TAMS 0x0000000701500000, 0x0000000701500000| Untracked 
|   2|0x0000000701600000, 0x0000000701700000, 0x0000000701700000|100%|HS|  |TAMS 0x0000000701600000, 0x0000000701600000| Complete 
|   3|0x0000000701700000, 0x0000000701800000, 0x0000000701800000|100%|HC|  |TAMS 0x0000000701700000, 0x0000000701700000| Complete 
|   4|0x0000000701800000, 0x0000000701900000, 0x0000000701900000|100%|HS|  |TAMS 0x0000000701800000, 0x0000000701800000| Complete 
|   5|0x0000000701900000, 0x0000000701a00000, 0x0000000701a00000|100%|HC|  |TAMS 0x0000000701900000, 0x0000000701900000| Complete 
|   6|0x0000000701a00000, 0x0000000701b00000, 0x0000000701b00000|100%|HC|  |TAMS 0x0000000701a00000, 0x0000000701a00000| Complete 
|   7|0x0000000701b00000, 0x0000000701c00000, 0x0000000701c00000|100%|HC|  |TAMS 0x0000000701b00000, 0x0000000701b00000| Complete 
|   8|0x0000000701c00000, 0x0000000701d00000, 0x0000000701d00000|100%|HS|  |TAMS 0x0000000701c00000, 0x0000000701c00000| Complete 
|   9|0x0000000701d00000, 0x0000000701e00000, 0x0000000701e00000|100%|HC|  |TAMS 0x0000000701d00000, 0x0000000701d00000| Complete 
|  10|0x0000000701e00000, 0x0000000701f00000, 0x0000000701f00000|100%|HC|  |TAMS 0x0000000701e00000, 0x0000000701e00000| Complete 
|  11|0x0000000701f00000, 0x0000000702000000, 0x0000000702000000|100%|HC|  |TAMS 0x0000000701f00000, 0x0000000701f00000| Complete 
|  12|0x0000000702000000, 0x0000000702100000, 0x0000000702100000|100%|HS|  |TAMS 0x0000000702000000, 0x0000000702000000| Complete 
|  13|0x0000000702100000, 0x0000000702200000, 0x0000000702200000|100%|HC|  |TAMS 0x0000000702100000, 0x0000000702100000| Complete 
|  14|0x0000000702200000, 0x0000000702300000, 0x0000000702300000|100%|HC|  |TAMS 0x0000000702200000, 0x0000000702200000| Complete 
|  15|0x0000000702300000, 0x0000000702400000, 0x0000000702400000|100%|HC|  |TAMS 0x0000000702300000, 0x0000000702300000| Complete 
|  16|0x0000000702400000, 0x0000000702500000, 0x0000000702500000|100%| O|  |TAMS 0x0000000702400000, 0x0000000702400000| Untracked 
|  17|0x0000000702500000, 0x0000000702600000, 0x0000000702600000|100%| O|  |TAMS 0x0000000702500000, 0x0000000702500000| Untracked 
|  18|0x0000000702600000, 0x0000000702700000, 0x0000000702700000|100%| O|  |TAMS 0x0000000702600000, 0x0000000702600000| Untracked 
|  19|0x0000000702700000, 0x0000000702800000, 0x0000000702800000|100%| O|  |TAMS 0x0000000702700000, 0x0000000702700000| Untracked 
|  20|0x0000000702800000, 0x0000000702900000, 0x0000000702900000|100%| O|  |TAMS 0x0000000702800000, 0x0000000702800000| Untracked 
|  21|0x0000000702900000, 0x0000000702a00000, 0x0000000702a00000|100%| O|  |TAMS 0x0000000702900000, 0x0000000702900000| Untracked 
|  22|0x0000000702a00000, 0x0000000702b00000, 0x0000000702b00000|100%| O|  |TAMS 0x0000000702a00000, 0x0000000702a00000| Untracked 
|  23|0x0000000702b00000, 0x0000000702c00000, 0x0000000702c00000|100%| O|  |TAMS 0x0000000702b00000, 0x0000000702b00000| Untracked 
|  24|0x0000000702c00000, 0x0000000702d00000, 0x0000000702d00000|100%|HS|  |TAMS 0x0000000702c00000, 0x0000000702c00000| Complete 
|  25|0x0000000702d00000, 0x0000000702e00000, 0x0000000702e00000|100%|HC|  |TAMS 0x0000000702d00000, 0x0000000702d00000| Complete 
|  26|0x0000000702e00000, 0x0000000702f00000, 0x0000000702f00000|100%|HC|  |TAMS 0x0000000702e00000, 0x0000000702e00000| Complete 
|  27|0x0000000702f00000, 0x0000000703000000, 0x0000000703000000|100%|HS|  |TAMS 0x0000000702f00000, 0x0000000702f00000| Complete 
|  28|0x0000000703000000, 0x0000000703100000, 0x0000000703100000|100%| O|  |TAMS 0x0000000703000000, 0x0000000703000000| Untracked 
|  29|0x0000000703100000, 0x0000000703200000, 0x0000000703200000|100%| O|  |TAMS 0x0000000703100000, 0x0000000703100000| Untracked 
|  30|0x0000000703200000, 0x0000000703300000, 0x0000000703300000|100%| O|  |TAMS 0x0000000703200000, 0x0000000703200000| Untracked 
|  31|0x0000000703300000, 0x0000000703400000, 0x0000000703400000|100%| O|  |TAMS 0x0000000703300000, 0x0000000703300000| Untracked 
|  32|0x0000000703400000, 0x0000000703500000, 0x0000000703500000|100%| O|  |TAMS 0x0000000703400000, 0x0000000703400000| Untracked 
|  33|0x0000000703500000, 0x0000000703600000, 0x0000000703600000|100%| O|  |TAMS 0x0000000703500000, 0x0000000703500000| Untracked 
|  34|0x0000000703600000, 0x0000000703700000, 0x0000000703700000|100%| O|  |TAMS 0x0000000703600000, 0x0000000703600000| Untracked 
|  35|0x0000000703700000, 0x0000000703800000, 0x0000000703800000|100%| O|  |TAMS 0x0000000703700000, 0x0000000703700000| Untracked 
|  36|0x0000000703800000, 0x0000000703900000, 0x0000000703900000|100%| O|  |TAMS 0x0000000703800000, 0x0000000703800000| Untracked 
|  37|0x0000000703900000, 0x0000000703a00000, 0x0000000703a00000|100%| O|  |TAMS 0x0000000703900000, 0x0000000703900000| Untracked 
|  38|0x0000000703a00000, 0x0000000703b00000, 0x0000000703b00000|100%| O|  |TAMS 0x0000000703a00000, 0x0000000703a00000| Untracked 
|  39|0x0000000703b00000, 0x0000000703c00000, 0x0000000703c00000|100%| O|  |TAMS 0x0000000703b00000, 0x0000000703b00000| Untracked 
|  40|0x0000000703c00000, 0x0000000703d00000, 0x0000000703d00000|100%| O|  |TAMS 0x0000000703c00000, 0x0000000703c00000| Untracked 
|  41|0x0000000703d00000, 0x0000000703e00000, 0x0000000703e00000|100%| O|  |TAMS 0x0000000703d00000, 0x0000000703d00000| Untracked 
|  42|0x0000000703e00000, 0x0000000703f00000, 0x0000000703f00000|100%| O|  |TAMS 0x0000000703e00000, 0x0000000703e00000| Untracked 
|  43|0x0000000703f00000, 0x0000000703ffa200, 0x0000000704000000| 97%| O|  |TAMS 0x0000000703f00000, 0x0000000703f00000| Untracked 
|  44|0x0000000704000000, 0x0000000704000000, 0x0000000704100000|  0%| F|  |TAMS 0x0000000704000000, 0x0000000704000000| Untracked 
|  45|0x0000000704100000, 0x0000000704100000, 0x0000000704200000|  0%| F|  |TAMS 0x0000000704100000, 0x0000000704100000| Untracked 
|  46|0x0000000704200000, 0x0000000704200000, 0x0000000704300000|  0%| F|  |TAMS 0x0000000704200000, 0x0000000704200000| Untracked 
|  47|0x0000000704300000, 0x0000000704300000, 0x0000000704400000|  0%| F|  |TAMS 0x0000000704300000, 0x0000000704300000| Untracked 
|  48|0x0000000704400000, 0x0000000704400000, 0x0000000704500000|  0%| F|  |TAMS 0x0000000704400000, 0x0000000704400000| Untracked 
|  49|0x0000000704500000, 0x0000000704500000, 0x0000000704600000|  0%| F|  |TAMS 0x0000000704500000, 0x0000000704500000| Untracked 
|  50|0x0000000704600000, 0x0000000704600000, 0x0000000704700000|  0%| F|  |TAMS 0x0000000704600000, 0x0000000704600000| Untracked 
|  51|0x0000000704700000, 0x0000000704700000, 0x0000000704800000|  0%| F|  |TAMS 0x0000000704700000, 0x0000000704700000| Untracked 
|  52|0x0000000704800000, 0x0000000704800000, 0x0000000704900000|  0%| F|  |TAMS 0x0000000704800000, 0x0000000704800000| Untracked 
|  53|0x0000000704900000, 0x0000000704900000, 0x0000000704a00000|  0%| F|  |TAMS 0x0000000704900000, 0x0000000704900000| Untracked 
|  54|0x0000000704a00000, 0x0000000704a00000, 0x0000000704b00000|  0%| F|  |TAMS 0x0000000704a00000, 0x0000000704a00000| Untracked 
|  55|0x0000000704b00000, 0x0000000704b00000, 0x0000000704c00000|  0%| F|  |TAMS 0x0000000704b00000, 0x0000000704b00000| Untracked 
|  56|0x0000000704c00000, 0x0000000704c00000, 0x0000000704d00000|  0%| F|  |TAMS 0x0000000704c00000, 0x0000000704c00000| Untracked 
|  57|0x0000000704d00000, 0x0000000704d00000, 0x0000000704e00000|  0%| F|  |TAMS 0x0000000704d00000, 0x0000000704d00000| Untracked 
|  58|0x0000000704e00000, 0x0000000704e00000, 0x0000000704f00000|  0%| F|  |TAMS 0x0000000704e00000, 0x0000000704e00000| Untracked 
|  59|0x0000000704f00000, 0x0000000704f00000, 0x0000000705000000|  0%| F|  |TAMS 0x0000000704f00000, 0x0000000704f00000| Untracked 
|  60|0x0000000705000000, 0x0000000705000000, 0x0000000705100000|  0%| F|  |TAMS 0x0000000705000000, 0x0000000705000000| Untracked 
|  61|0x0000000705100000, 0x0000000705100000, 0x0000000705200000|  0%| F|  |TAMS 0x0000000705100000, 0x0000000705100000| Untracked 
|  62|0x0000000705200000, 0x0000000705200000, 0x0000000705300000|  0%| F|  |TAMS 0x0000000705200000, 0x0000000705200000| Untracked 
|  63|0x0000000705300000, 0x0000000705300000, 0x0000000705400000|  0%| F|  |TAMS 0x0000000705300000, 0x0000000705300000| Untracked 
|  64|0x0000000705400000, 0x0000000705400000, 0x0000000705500000|  0%| F|  |TAMS 0x0000000705400000, 0x0000000705400000| Untracked 
|  65|0x0000000705500000, 0x0000000705500000, 0x0000000705600000|  0%| F|  |TAMS 0x0000000705500000, 0x0000000705500000| Untracked 
|  66|0x0000000705600000, 0x0000000705600000, 0x0000000705700000|  0%| F|  |TAMS 0x0000000705600000, 0x0000000705600000| Untracked 
|  67|0x0000000705700000, 0x0000000705700000, 0x0000000705800000|  0%| F|  |TAMS 0x0000000705700000, 0x0000000705700000| Untracked 
|  68|0x0000000705800000, 0x0000000705800000, 0x0000000705900000|  0%| F|  |TAMS 0x0000000705800000, 0x0000000705800000| Untracked 
|  69|0x0000000705900000, 0x0000000705900000, 0x0000000705a00000|  0%| F|  |TAMS 0x0000000705900000, 0x0000000705900000| Untracked 
|  70|0x0000000705a00000, 0x0000000705a00000, 0x0000000705b00000|  0%| F|  |TAMS 0x0000000705a00000, 0x0000000705a00000| Untracked 
|  71|0x0000000705b00000, 0x0000000705b00000, 0x0000000705c00000|  0%| F|  |TAMS 0x0000000705b00000, 0x0000000705b00000| Untracked 
|  72|0x0000000705c00000, 0x0000000705c00000, 0x0000000705d00000|  0%| F|  |TAMS 0x0000000705c00000, 0x0000000705c00000| Untracked 
|  73|0x0000000705d00000, 0x0000000705d00000, 0x0000000705e00000|  0%| F|  |TAMS 0x0000000705d00000, 0x0000000705d00000| Untracked 
|  74|0x0000000705e00000, 0x0000000705e00000, 0x0000000705f00000|  0%| F|  |TAMS 0x0000000705e00000, 0x0000000705e00000| Untracked 
|  75|0x0000000705f00000, 0x0000000705f00000, 0x0000000706000000|  0%| F|  |TAMS 0x0000000705f00000, 0x0000000705f00000| Untracked 
|  76|0x0000000706000000, 0x0000000706000000, 0x0000000706100000|  0%| F|  |TAMS 0x0000000706000000, 0x0000000706000000| Untracked 
|  77|0x0000000706100000, 0x0000000706100000, 0x0000000706200000|  0%| F|  |TAMS 0x0000000706100000, 0x0000000706100000| Untracked 
|  78|0x0000000706200000, 0x0000000706200000, 0x0000000706300000|  0%| F|  |TAMS 0x0000000706200000, 0x0000000706200000| Untracked 
|  79|0x0000000706300000, 0x0000000706300000, 0x0000000706400000|  0%| F|  |TAMS 0x0000000706300000, 0x0000000706300000| Untracked 
|  80|0x0000000706400000, 0x0000000706400000, 0x0000000706500000|  0%| F|  |TAMS 0x0000000706400000, 0x0000000706400000| Untracked 
|  81|0x0000000706500000, 0x0000000706500000, 0x0000000706600000|  0%| F|  |TAMS 0x0000000706500000, 0x0000000706500000| Untracked 
|  82|0x0000000706600000, 0x0000000706600000, 0x0000000706700000|  0%| F|  |TAMS 0x0000000706600000, 0x0000000706600000| Untracked 
|  83|0x0000000706700000, 0x0000000706700000, 0x0000000706800000|  0%| F|  |TAMS 0x0000000706700000, 0x0000000706700000| Untracked 
|  84|0x0000000706800000, 0x0000000706800000, 0x0000000706900000|  0%| F|  |TAMS 0x0000000706800000, 0x0000000706800000| Untracked 
|  85|0x0000000706900000, 0x0000000706900000, 0x0000000706a00000|  0%| F|  |TAMS 0x0000000706900000, 0x0000000706900000| Untracked 
|  86|0x0000000706a00000, 0x0000000706a00000, 0x0000000706b00000|  0%| F|  |TAMS 0x0000000706a00000, 0x0000000706a00000| Untracked 
|  87|0x0000000706b00000, 0x0000000706b00000, 0x0000000706c00000|  0%| F|  |TAMS 0x0000000706b00000, 0x0000000706b00000| Untracked 
|  88|0x0000000706c00000, 0x0000000706c00000, 0x0000000706d00000|  0%| F|  |TAMS 0x0000000706c00000, 0x0000000706c00000| Untracked 
|  89|0x0000000706d00000, 0x0000000706d00000, 0x0000000706e00000|  0%| F|  |TAMS 0x0000000706d00000, 0x0000000706d00000| Untracked 
|  90|0x0000000706e00000, 0x0000000706e00000, 0x0000000706f00000|  0%| F|  |TAMS 0x0000000706e00000, 0x0000000706e00000| Untracked 
|  91|0x0000000706f00000, 0x0000000706f00000, 0x0000000707000000|  0%| F|  |TAMS 0x0000000706f00000, 0x0000000706f00000| Untracked 
|  92|0x0000000707000000, 0x0000000707000000, 0x0000000707100000|  0%| F|  |TAMS 0x0000000707000000, 0x0000000707000000| Untracked 
|  93|0x0000000707100000, 0x0000000707100000, 0x0000000707200000|  0%| F|  |TAMS 0x0000000707100000, 0x0000000707100000| Untracked 
|  94|0x0000000707200000, 0x0000000707300000, 0x0000000707300000|100%| S|CS|TAMS 0x0000000707200000, 0x0000000707200000| Complete 
|  95|0x0000000707300000, 0x0000000707300000, 0x0000000707400000|  0%| F|  |TAMS 0x0000000707300000, 0x0000000707300000| Untracked 
|  96|0x0000000707400000, 0x0000000707500000, 0x0000000707500000|100%| S|CS|TAMS 0x0000000707400000, 0x0000000707400000| Complete 
|  97|0x0000000707500000, 0x0000000707600000, 0x0000000707600000|100%| S|CS|TAMS 0x0000000707500000, 0x0000000707500000| Complete 
|  98|0x0000000707600000, 0x0000000707700000, 0x0000000707700000|100%| S|CS|TAMS 0x0000000707600000, 0x0000000707600000| Complete 
|  99|0x0000000707700000, 0x0000000707700000, 0x0000000707800000|  0%| F|  |TAMS 0x0000000707700000, 0x0000000707700000| Untracked 
| 100|0x0000000707800000, 0x0000000707800000, 0x0000000707900000|  0%| F|  |TAMS 0x0000000707800000, 0x0000000707800000| Untracked 
| 101|0x0000000707900000, 0x0000000707900000, 0x0000000707a00000|  0%| F|  |TAMS 0x0000000707900000, 0x0000000707900000| Untracked 
| 102|0x0000000707a00000, 0x0000000707b00000, 0x0000000707b00000|100%| S|CS|TAMS 0x0000000707a00000, 0x0000000707a00000| Complete 
| 103|0x0000000707b00000, 0x0000000707c00000, 0x0000000707c00000|100%| S|CS|TAMS 0x0000000707b00000, 0x0000000707b00000| Complete 
| 104|0x0000000707c00000, 0x0000000707d00000, 0x0000000707d00000|100%| S|CS|TAMS 0x0000000707c00000, 0x0000000707c00000| Complete 
| 105|0x0000000707d00000, 0x0000000707d00000, 0x0000000707e00000|  0%| F|  |TAMS 0x0000000707d00000, 0x0000000707d00000| Untracked 
| 106|0x0000000707e00000, 0x0000000707e00000, 0x0000000707f00000|  0%| F|  |TAMS 0x0000000707e00000, 0x0000000707e00000| Untracked 
| 107|0x0000000707f00000, 0x0000000708000000, 0x0000000708000000|100%| S|CS|TAMS 0x0000000707f00000, 0x0000000707f00000| Complete 
| 108|0x0000000708000000, 0x0000000708000000, 0x0000000708100000|  0%| F|  |TAMS 0x0000000708000000, 0x0000000708000000| Untracked 
| 109|0x0000000708100000, 0x0000000708100000, 0x0000000708200000|  0%| F|  |TAMS 0x0000000708100000, 0x0000000708100000| Untracked 
| 110|0x0000000708200000, 0x0000000708300000, 0x0000000708300000|100%| S|CS|TAMS 0x0000000708200000, 0x0000000708200000| Complete 
| 111|0x0000000708300000, 0x0000000708300000, 0x0000000708400000|  0%| F|  |TAMS 0x0000000708300000, 0x0000000708300000| Untracked 
| 112|0x0000000708400000, 0x0000000708400000, 0x0000000708500000|  0%| F|  |TAMS 0x0000000708400000, 0x0000000708400000| Untracked 
| 113|0x0000000708500000, 0x0000000708500000, 0x0000000708600000|  0%| F|  |TAMS 0x0000000708500000, 0x0000000708500000| Untracked 
| 114|0x0000000708600000, 0x0000000708700000, 0x0000000708700000|100%| S|CS|TAMS 0x0000000708600000, 0x0000000708600000| Complete 
| 115|0x0000000708700000, 0x0000000708800000, 0x0000000708800000|100%| S|CS|TAMS 0x0000000708700000, 0x0000000708700000| Complete 
| 116|0x0000000708800000, 0x0000000708800000, 0x0000000708900000|  0%| F|  |TAMS 0x0000000708800000, 0x0000000708800000| Untracked 
| 117|0x0000000708900000, 0x0000000708900000, 0x0000000708a00000|  0%| F|  |TAMS 0x0000000708900000, 0x0000000708900000| Untracked 
| 118|0x0000000708a00000, 0x0000000708a00000, 0x0000000708b00000|  0%| F|  |TAMS 0x0000000708a00000, 0x0000000708a00000| Untracked 
| 119|0x0000000708b00000, 0x0000000708b00000, 0x0000000708c00000|  0%| F|  |TAMS 0x0000000708b00000, 0x0000000708b00000| Untracked 
| 120|0x0000000708c00000, 0x0000000708c00000, 0x0000000708d00000|  0%| F|  |TAMS 0x0000000708c00000, 0x0000000708c00000| Untracked 
| 121|0x0000000708d00000, 0x0000000708d00000, 0x0000000708e00000|  0%| F|  |TAMS 0x0000000708d00000, 0x0000000708d00000| Untracked 
| 122|0x0000000708e00000, 0x0000000708e00000, 0x0000000708f00000|  0%| F|  |TAMS 0x0000000708e00000, 0x0000000708e00000| Untracked 
| 123|0x0000000708f00000, 0x0000000708f00000, 0x0000000709000000|  0%| F|  |TAMS 0x0000000708f00000, 0x0000000708f00000| Untracked 
| 124|0x0000000709000000, 0x0000000709000000, 0x0000000709100000|  0%| F|  |TAMS 0x0000000709000000, 0x0000000709000000| Untracked 
| 125|0x0000000709100000, 0x0000000709100000, 0x0000000709200000|  0%| F|  |TAMS 0x0000000709100000, 0x0000000709100000| Untracked 
| 126|0x0000000709200000, 0x0000000709200000, 0x0000000709300000|  0%| F|  |TAMS 0x0000000709200000, 0x0000000709200000| Untracked 
| 127|0x0000000709300000, 0x0000000709300000, 0x0000000709400000|  0%| F|  |TAMS 0x0000000709300000, 0x0000000709300000| Untracked 
| 128|0x0000000709400000, 0x0000000709400000, 0x0000000709500000|  0%| F|  |TAMS 0x0000000709400000, 0x0000000709400000| Untracked 
| 129|0x0000000709500000, 0x0000000709500000, 0x0000000709600000|  0%| F|  |TAMS 0x0000000709500000, 0x0000000709500000| Untracked 
| 130|0x0000000709600000, 0x0000000709600000, 0x0000000709700000|  0%| F|  |TAMS 0x0000000709600000, 0x0000000709600000| Untracked 
| 131|0x0000000709700000, 0x0000000709700000, 0x0000000709800000|  0%| F|  |TAMS 0x0000000709700000, 0x0000000709700000| Untracked 
| 132|0x0000000709800000, 0x0000000709880800, 0x0000000709900000| 50%| E|  |TAMS 0x0000000709800000, 0x0000000709800000| Complete 
| 133|0x0000000709900000, 0x0000000709a00000, 0x0000000709a00000|100%| E|CS|TAMS 0x0000000709900000, 0x0000000709900000| Complete 
| 134|0x0000000709a00000, 0x0000000709b00000, 0x0000000709b00000|100%| E|CS|TAMS 0x0000000709a00000, 0x0000000709a00000| Complete 
| 135|0x0000000709b00000, 0x0000000709c00000, 0x0000000709c00000|100%| E|CS|TAMS 0x0000000709b00000, 0x0000000709b00000| Complete 
| 136|0x0000000709c00000, 0x0000000709d00000, 0x0000000709d00000|100%| E|CS|TAMS 0x0000000709c00000, 0x0000000709c00000| Complete 
| 137|0x0000000709d00000, 0x0000000709e00000, 0x0000000709e00000|100%| E|CS|TAMS 0x0000000709d00000, 0x0000000709d00000| Complete 
| 138|0x0000000709e00000, 0x0000000709f00000, 0x0000000709f00000|100%| E|CS|TAMS 0x0000000709e00000, 0x0000000709e00000| Complete 
| 139|0x0000000709f00000, 0x000000070a000000, 0x000000070a000000|100%| E|CS|TAMS 0x0000000709f00000, 0x0000000709f00000| Complete 
| 140|0x000000070a000000, 0x000000070a100000, 0x000000070a100000|100%| E|CS|TAMS 0x000000070a000000, 0x000000070a000000| Complete 
| 141|0x000000070a100000, 0x000000070a200000, 0x000000070a200000|100%| E|CS|TAMS 0x000000070a100000, 0x000000070a100000| Complete 
| 142|0x000000070a200000, 0x000000070a300000, 0x000000070a300000|100%| E|CS|TAMS 0x000000070a200000, 0x000000070a200000| Complete 
| 143|0x000000070a300000, 0x000000070a400000, 0x000000070a400000|100%| E|CS|TAMS 0x000000070a300000, 0x000000070a300000| Complete 
| 144|0x000000070a400000, 0x000000070a500000, 0x000000070a500000|100%| E|CS|TAMS 0x000000070a400000, 0x000000070a400000| Complete 
| 145|0x000000070a500000, 0x000000070a600000, 0x000000070a600000|100%| E|CS|TAMS 0x000000070a500000, 0x000000070a500000| Complete 
| 146|0x000000070a600000, 0x000000070a700000, 0x000000070a700000|100%| E|CS|TAMS 0x000000070a600000, 0x000000070a600000| Complete 
| 147|0x000000070a700000, 0x000000070a800000, 0x000000070a800000|100%| E|CS|TAMS 0x000000070a700000, 0x000000070a700000| Complete 
| 148|0x000000070a800000, 0x000000070a900000, 0x000000070a900000|100%| E|CS|TAMS 0x000000070a800000, 0x000000070a800000| Complete 
| 149|0x000000070a900000, 0x000000070aa00000, 0x000000070aa00000|100%| E|CS|TAMS 0x000000070a900000, 0x000000070a900000| Complete 
| 150|0x000000070aa00000, 0x000000070ab00000, 0x000000070ab00000|100%| E|CS|TAMS 0x000000070aa00000, 0x000000070aa00000| Complete 
| 151|0x000000070ab00000, 0x000000070ac00000, 0x000000070ac00000|100%| E|CS|TAMS 0x000000070ab00000, 0x000000070ab00000| Complete 
| 152|0x000000070ac00000, 0x000000070ad00000, 0x000000070ad00000|100%| E|CS|TAMS 0x000000070ac00000, 0x000000070ac00000| Complete 
| 153|0x000000070ad00000, 0x000000070ae00000, 0x000000070ae00000|100%| E|CS|TAMS 0x000000070ad00000, 0x000000070ad00000| Complete 
| 154|0x000000070ae00000, 0x000000070af00000, 0x000000070af00000|100%| E|CS|TAMS 0x000000070ae00000, 0x000000070ae00000| Complete 
| 155|0x000000070af00000, 0x000000070b000000, 0x000000070b000000|100%| E|CS|TAMS 0x000000070af00000, 0x000000070af00000| Complete 
| 156|0x000000070b000000, 0x000000070b100000, 0x000000070b100000|100%| E|CS|TAMS 0x000000070b000000, 0x000000070b000000| Complete 
| 157|0x000000070b100000, 0x000000070b200000, 0x000000070b200000|100%| E|CS|TAMS 0x000000070b100000, 0x000000070b100000| Complete 
| 158|0x000000070b200000, 0x000000070b300000, 0x000000070b300000|100%| E|CS|TAMS 0x000000070b200000, 0x000000070b200000| Complete 
| 159|0x000000070b300000, 0x000000070b400000, 0x000000070b400000|100%| E|CS|TAMS 0x000000070b300000, 0x000000070b300000| Complete 
| 160|0x000000070b400000, 0x000000070b500000, 0x000000070b500000|100%| E|CS|TAMS 0x000000070b400000, 0x000000070b400000| Complete 
| 161|0x000000070b500000, 0x000000070b600000, 0x000000070b600000|100%| E|CS|TAMS 0x000000070b500000, 0x000000070b500000| Complete 
| 162|0x000000070b600000, 0x000000070b700000, 0x000000070b700000|100%| E|CS|TAMS 0x000000070b600000, 0x000000070b600000| Complete 
| 163|0x000000070b700000, 0x000000070b800000, 0x000000070b800000|100%| E|CS|TAMS 0x000000070b700000, 0x000000070b700000| Complete 
| 164|0x000000070b800000, 0x000000070b900000, 0x000000070b900000|100%| E|CS|TAMS 0x000000070b800000, 0x000000070b800000| Complete 
| 165|0x000000070b900000, 0x000000070ba00000, 0x000000070ba00000|100%| E|CS|TAMS 0x000000070b900000, 0x000000070b900000| Complete 
| 166|0x000000070ba00000, 0x000000070bb00000, 0x000000070bb00000|100%| E|CS|TAMS 0x000000070ba00000, 0x000000070ba00000| Complete 
| 167|0x000000070bb00000, 0x000000070bc00000, 0x000000070bc00000|100%| E|CS|TAMS 0x000000070bb00000, 0x000000070bb00000| Complete 
| 168|0x000000070bc00000, 0x000000070bd00000, 0x000000070bd00000|100%| E|CS|TAMS 0x000000070bc00000, 0x000000070bc00000| Complete 
| 169|0x000000070bd00000, 0x000000070be00000, 0x000000070be00000|100%| E|CS|TAMS 0x000000070bd00000, 0x000000070bd00000| Complete 
| 170|0x000000070be00000, 0x000000070bf00000, 0x000000070bf00000|100%| E|CS|TAMS 0x000000070be00000, 0x000000070be00000| Complete 
| 171|0x000000070bf00000, 0x000000070c000000, 0x000000070c000000|100%| E|CS|TAMS 0x000000070bf00000, 0x000000070bf00000| Complete 
| 172|0x000000070c000000, 0x000000070c100000, 0x000000070c100000|100%| E|CS|TAMS 0x000000070c000000, 0x000000070c000000| Complete 
| 173|0x000000070c100000, 0x000000070c200000, 0x000000070c200000|100%| E|CS|TAMS 0x000000070c100000, 0x000000070c100000| Complete 
| 174|0x000000070c200000, 0x000000070c300000, 0x000000070c300000|100%| E|CS|TAMS 0x000000070c200000, 0x000000070c200000| Complete 
| 175|0x000000070c300000, 0x000000070c400000, 0x000000070c400000|100%| E|CS|TAMS 0x000000070c300000, 0x000000070c300000| Complete 
| 176|0x000000070c400000, 0x000000070c500000, 0x000000070c500000|100%| E|CS|TAMS 0x000000070c400000, 0x000000070c400000| Complete 
| 177|0x000000070c500000, 0x000000070c600000, 0x000000070c600000|100%| E|CS|TAMS 0x000000070c500000, 0x000000070c500000| Complete 
| 178|0x000000070c600000, 0x000000070c700000, 0x000000070c700000|100%| E|CS|TAMS 0x000000070c600000, 0x000000070c600000| Complete 
| 179|0x000000070c700000, 0x000000070c800000, 0x000000070c800000|100%| E|CS|TAMS 0x000000070c700000, 0x000000070c700000| Complete 
| 180|0x000000070c800000, 0x000000070c900000, 0x000000070c900000|100%| E|CS|TAMS 0x000000070c800000, 0x000000070c800000| Complete 
| 181|0x000000070c900000, 0x000000070ca00000, 0x000000070ca00000|100%| E|CS|TAMS 0x000000070c900000, 0x000000070c900000| Complete 
| 182|0x000000070ca00000, 0x000000070cb00000, 0x000000070cb00000|100%| E|CS|TAMS 0x000000070ca00000, 0x000000070ca00000| Complete 
| 183|0x000000070cb00000, 0x000000070cc00000, 0x000000070cc00000|100%| E|CS|TAMS 0x000000070cb00000, 0x000000070cb00000| Complete 
| 184|0x000000070cc00000, 0x000000070cd00000, 0x000000070cd00000|100%| E|CS|TAMS 0x000000070cc00000, 0x000000070cc00000| Complete 
| 185|0x000000070cd00000, 0x000000070ce00000, 0x000000070ce00000|100%| E|CS|TAMS 0x000000070cd00000, 0x000000070cd00000| Complete 
| 186|0x000000070ce00000, 0x000000070cf00000, 0x000000070cf00000|100%| E|CS|TAMS 0x000000070ce00000, 0x000000070ce00000| Complete 
| 187|0x000000070cf00000, 0x000000070d000000, 0x000000070d000000|100%| E|CS|TAMS 0x000000070cf00000, 0x000000070cf00000| Complete 
| 188|0x000000070d000000, 0x000000070d100000, 0x000000070d100000|100%| E|CS|TAMS 0x000000070d000000, 0x000000070d000000| Complete 
| 189|0x000000070d100000, 0x000000070d200000, 0x000000070d200000|100%| E|CS|TAMS 0x000000070d100000, 0x000000070d100000| Complete 
| 190|0x000000070d200000, 0x000000070d300000, 0x000000070d300000|100%| E|CS|TAMS 0x000000070d200000, 0x000000070d200000| Complete 
| 191|0x000000070d300000, 0x000000070d400000, 0x000000070d400000|100%| E|CS|TAMS 0x000000070d300000, 0x000000070d300000| Complete 
| 192|0x000000070d400000, 0x000000070d500000, 0x000000070d500000|100%| E|CS|TAMS 0x000000070d400000, 0x000000070d400000| Complete 
| 193|0x000000070d500000, 0x000000070d600000, 0x000000070d600000|100%| E|CS|TAMS 0x000000070d500000, 0x000000070d500000| Complete 
| 194|0x000000070d600000, 0x000000070d700000, 0x000000070d700000|100%| E|CS|TAMS 0x000000070d600000, 0x000000070d600000| Complete 
| 195|0x000000070d700000, 0x000000070d800000, 0x000000070d800000|100%| E|CS|TAMS 0x000000070d700000, 0x000000070d700000| Complete 
| 196|0x000000070d800000, 0x000000070d900000, 0x000000070d900000|100%| E|CS|TAMS 0x000000070d800000, 0x000000070d800000| Complete 
| 197|0x000000070d900000, 0x000000070da00000, 0x000000070da00000|100%| E|CS|TAMS 0x000000070d900000, 0x000000070d900000| Complete 
| 198|0x000000070da00000, 0x000000070db00000, 0x000000070db00000|100%| E|CS|TAMS 0x000000070da00000, 0x000000070da00000| Complete 
| 199|0x000000070db00000, 0x000000070dc00000, 0x000000070dc00000|100%| E|CS|TAMS 0x000000070db00000, 0x000000070db00000| Complete 
| 200|0x000000070dc00000, 0x000000070dd00000, 0x000000070dd00000|100%| E|CS|TAMS 0x000000070dc00000, 0x000000070dc00000| Complete 
| 201|0x000000070dd00000, 0x000000070de00000, 0x000000070de00000|100%| E|CS|TAMS 0x000000070dd00000, 0x000000070dd00000| Complete 
| 202|0x000000070de00000, 0x000000070df00000, 0x000000070df00000|100%| E|CS|TAMS 0x000000070de00000, 0x000000070de00000| Complete 
| 203|0x000000070df00000, 0x000000070e000000, 0x000000070e000000|100%| E|CS|TAMS 0x000000070df00000, 0x000000070df00000| Complete 
| 204|0x000000070e000000, 0x000000070e100000, 0x000000070e100000|100%| E|CS|TAMS 0x000000070e000000, 0x000000070e000000| Complete 
| 205|0x000000070e100000, 0x000000070e200000, 0x000000070e200000|100%| E|CS|TAMS 0x000000070e100000, 0x000000070e100000| Complete 
| 206|0x000000070e200000, 0x000000070e300000, 0x000000070e300000|100%| E|CS|TAMS 0x000000070e200000, 0x000000070e200000| Complete 
| 207|0x000000070e300000, 0x000000070e400000, 0x000000070e400000|100%| E|CS|TAMS 0x000000070e300000, 0x000000070e300000| Complete 
| 208|0x000000070e400000, 0x000000070e500000, 0x000000070e500000|100%| E|CS|TAMS 0x000000070e400000, 0x000000070e400000| Complete 
| 209|0x000000070e500000, 0x000000070e600000, 0x000000070e600000|100%| E|CS|TAMS 0x000000070e500000, 0x000000070e500000| Complete 
| 210|0x000000070e600000, 0x000000070e700000, 0x000000070e700000|100%| E|CS|TAMS 0x000000070e600000, 0x000000070e600000| Complete 
| 211|0x000000070e700000, 0x000000070e800000, 0x000000070e800000|100%| E|CS|TAMS 0x000000070e700000, 0x000000070e700000| Complete 
| 212|0x000000070e800000, 0x000000070e900000, 0x000000070e900000|100%| E|CS|TAMS 0x000000070e800000, 0x000000070e800000| Complete 
| 213|0x000000070e900000, 0x000000070ea00000, 0x000000070ea00000|100%| E|CS|TAMS 0x000000070e900000, 0x000000070e900000| Complete 
| 214|0x000000070ea00000, 0x000000070eb00000, 0x000000070eb00000|100%| E|CS|TAMS 0x000000070ea00000, 0x000000070ea00000| Complete 
| 215|0x000000070eb00000, 0x000000070ec00000, 0x000000070ec00000|100%| E|CS|TAMS 0x000000070eb00000, 0x000000070eb00000| Complete 
| 216|0x000000070ec00000, 0x000000070ed00000, 0x000000070ed00000|100%| E|CS|TAMS 0x000000070ec00000, 0x000000070ec00000| Complete 
| 217|0x000000070ed00000, 0x000000070ee00000, 0x000000070ee00000|100%| E|CS|TAMS 0x000000070ed00000, 0x000000070ed00000| Complete 
| 218|0x000000070ee00000, 0x000000070ef00000, 0x000000070ef00000|100%| E|CS|TAMS 0x000000070ee00000, 0x000000070ee00000| Complete 
| 219|0x000000070ef00000, 0x000000070f000000, 0x000000070f000000|100%| E|CS|TAMS 0x000000070ef00000, 0x000000070ef00000| Complete 
| 220|0x000000070f000000, 0x000000070f100000, 0x000000070f100000|100%| E|CS|TAMS 0x000000070f000000, 0x000000070f000000| Complete 
| 221|0x000000070f100000, 0x000000070f200000, 0x000000070f200000|100%| E|CS|TAMS 0x000000070f100000, 0x000000070f100000| Complete 
| 222|0x000000070f200000, 0x000000070f300000, 0x000000070f300000|100%| E|CS|TAMS 0x000000070f200000, 0x000000070f200000| Complete 
| 223|0x000000070f300000, 0x000000070f400000, 0x000000070f400000|100%| E|CS|TAMS 0x000000070f300000, 0x000000070f300000| Complete 
| 224|0x000000070f400000, 0x000000070f500000, 0x000000070f500000|100%| E|CS|TAMS 0x000000070f400000, 0x000000070f400000| Complete 
| 225|0x000000070f500000, 0x000000070f600000, 0x000000070f600000|100%| E|CS|TAMS 0x000000070f500000, 0x000000070f500000| Complete 
| 226|0x000000070f600000, 0x000000070f700000, 0x000000070f700000|100%| E|CS|TAMS 0x000000070f600000, 0x000000070f600000| Complete 
| 227|0x000000070f700000, 0x000000070f800000, 0x000000070f800000|100%| E|CS|TAMS 0x000000070f700000, 0x000000070f700000| Complete 
| 228|0x000000070f800000, 0x000000070f900000, 0x000000070f900000|100%| E|CS|TAMS 0x000000070f800000, 0x000000070f800000| Complete 
| 229|0x000000070f900000, 0x000000070fa00000, 0x000000070fa00000|100%| E|CS|TAMS 0x000000070f900000, 0x000000070f900000| Complete 
| 230|0x000000070fa00000, 0x000000070fb00000, 0x000000070fb00000|100%| E|CS|TAMS 0x000000070fa00000, 0x000000070fa00000| Complete 
| 231|0x000000070fb00000, 0x000000070fc00000, 0x000000070fc00000|100%| E|CS|TAMS 0x000000070fb00000, 0x000000070fb00000| Complete 
| 232|0x000000070fc00000, 0x000000070fd00000, 0x000000070fd00000|100%| E|CS|TAMS 0x000000070fc00000, 0x000000070fc00000| Complete 
| 233|0x000000070fd00000, 0x000000070fe00000, 0x000000070fe00000|100%| E|CS|TAMS 0x000000070fd00000, 0x000000070fd00000| Complete 
| 234|0x000000070fe00000, 0x000000070ff00000, 0x000000070ff00000|100%| E|CS|TAMS 0x000000070fe00000, 0x000000070fe00000| Complete 
| 235|0x000000070ff00000, 0x0000000710000000, 0x0000000710000000|100%| E|CS|TAMS 0x000000070ff00000, 0x000000070ff00000| Complete 
| 236|0x0000000710000000, 0x0000000710100000, 0x0000000710100000|100%| E|CS|TAMS 0x0000000710000000, 0x0000000710000000| Complete 
| 237|0x0000000710100000, 0x0000000710200000, 0x0000000710200000|100%| E|CS|TAMS 0x0000000710100000, 0x0000000710100000| Complete 
| 238|0x0000000710200000, 0x0000000710300000, 0x0000000710300000|100%| E|CS|TAMS 0x0000000710200000, 0x0000000710200000| Complete 
| 239|0x0000000710300000, 0x0000000710400000, 0x0000000710400000|100%| E|CS|TAMS 0x0000000710300000, 0x0000000710300000| Complete 
| 240|0x0000000710400000, 0x0000000710500000, 0x0000000710500000|100%| E|CS|TAMS 0x0000000710400000, 0x0000000710400000| Complete 
| 241|0x0000000710500000, 0x0000000710600000, 0x0000000710600000|100%| E|CS|TAMS 0x0000000710500000, 0x0000000710500000| Complete 
| 242|0x0000000710600000, 0x0000000710700000, 0x0000000710700000|100%| E|CS|TAMS 0x0000000710600000, 0x0000000710600000| Complete 
| 243|0x0000000710700000, 0x0000000710800000, 0x0000000710800000|100%| E|CS|TAMS 0x0000000710700000, 0x0000000710700000| Complete 
| 244|0x0000000710800000, 0x0000000710900000, 0x0000000710900000|100%| E|CS|TAMS 0x0000000710800000, 0x0000000710800000| Complete 
| 245|0x0000000710900000, 0x0000000710a00000, 0x0000000710a00000|100%| E|CS|TAMS 0x0000000710900000, 0x0000000710900000| Complete 
| 246|0x0000000710a00000, 0x0000000710b00000, 0x0000000710b00000|100%| E|CS|TAMS 0x0000000710a00000, 0x0000000710a00000| Complete 
| 247|0x0000000710b00000, 0x0000000710c00000, 0x0000000710c00000|100%| E|CS|TAMS 0x0000000710b00000, 0x0000000710b00000| Complete 
| 248|0x0000000710c00000, 0x0000000710d00000, 0x0000000710d00000|100%| E|CS|TAMS 0x0000000710c00000, 0x0000000710c00000| Complete 
| 249|0x0000000710d00000, 0x0000000710e00000, 0x0000000710e00000|100%| E|CS|TAMS 0x0000000710d00000, 0x0000000710d00000| Complete 
| 250|0x0000000710e00000, 0x0000000710f00000, 0x0000000710f00000|100%| E|CS|TAMS 0x0000000710e00000, 0x0000000710e00000| Complete 
| 251|0x0000000710f00000, 0x0000000711000000, 0x0000000711000000|100%| E|CS|TAMS 0x0000000710f00000, 0x0000000710f00000| Complete 
| 252|0x0000000711000000, 0x0000000711100000, 0x0000000711100000|100%| E|CS|TAMS 0x0000000711000000, 0x0000000711000000| Complete 
| 253|0x0000000711100000, 0x0000000711200000, 0x0000000711200000|100%| E|CS|TAMS 0x0000000711100000, 0x0000000711100000| Complete 
| 254|0x0000000711200000, 0x0000000711300000, 0x0000000711300000|100%| E|CS|TAMS 0x0000000711200000, 0x0000000711200000| Complete 
| 255|0x0000000711300000, 0x0000000711400000, 0x0000000711400000|100%| E|CS|TAMS 0x0000000711300000, 0x0000000711300000| Complete 

Card table byte_map: [0x000001ce196b0000,0x000001ce19eb0000] _byte_map_base: 0x000001ce15ea6000

Marking Bits (Prev, Next): (CMBitMap*) 0x000001ce7fafaf88, (CMBitMap*) 0x000001ce7fafafc8
 Prev Bits: [0x000001ce1a6b0000, 0x000001ce1e660000)
 Next Bits: [0x000001ce1e660000, 0x000001ce22610000)

Polling page: 0x000001ce7f400000

Metaspace:

Usage:
  Non-class:      8.74 MB capacity,     8.59 MB ( 98%) used,   138.19 KB (  2%) free+waste,    22.44 KB ( <1%) overhead. 
      Class:      1.02 MB capacity,   921.11 KB ( 88%) used,   107.39 KB ( 10%) free+waste,    13.50 KB (  1%) overhead. 
       Both:      9.76 MB capacity,     9.49 MB ( 97%) used,   245.58 KB (  2%) free+waste,    35.94 KB ( <1%) overhead. 

Virtual space:
  Non-class space:       10.00 MB reserved,       8.75 MB ( 88%) committed 
      Class space:        1.00 GB reserved,       1.13 MB ( <1%) committed 
             Both:        1.01 GB reserved,       9.88 MB ( <1%) committed 

Chunk freelists:
   Non-Class:  6.00 KB
       Class:  14.00 KB
        Both:  20.00 KB

MaxMetaspaceSize: 17179869184.00 GB
CompressedClassSpaceSize: 1.00 GB

CodeHeap 'non-profiled nmethods': size=120000Kb used=3805Kb max_used=4448Kb free=116194Kb
 bounds [0x000001ce11310000, 0x000001ce11780000, 0x000001ce18840000]
CodeHeap 'profiled nmethods': size=120000Kb used=3378Kb max_used=5660Kb free=116621Kb
 bounds [0x000001ce09de0000, 0x000001ce0a390000, 0x000001ce11310000]
CodeHeap 'non-nmethods': size=5760Kb used=1400Kb max_used=1502Kb free=4359Kb
 bounds [0x000001ce09840000, 0x000001ce09ab0000, 0x000001ce09de0000]
 total_blobs=6165 nmethods=2312 adapters=519
 compilation: enabled
              stopped_count=0, restarted_count=0
 full_count=0

Compilation events (20 events):
Event: 185.685 Thread 0x000001ce25a38800 nmethod 3371 0x000001ce0a34db90 code [0x000001ce0a34dd40, 0x000001ce0a34dfb0]
Event: 185.776 Thread 0x000001ce25a38800 3372       3       sun.java2d.marlin.DTransformingPathConsumer2D$CurveClipSplitter::subdivideAtIntersections (151 bytes)
Event: 185.776 Thread 0x000001ce25a38800 nmethod 3372 0x000001ce0a067110 code [0x000001ce0a067320, 0x000001ce0a067880]
Event: 185.776 Thread 0x000001ce25a38800 3373       3       sun.java2d.marlin.DHelpers::findClipPoints (111 bytes)
Event: 185.777 Thread 0x000001ce25a38800 nmethod 3373 0x000001ce0a023c10 code [0x000001ce0a023e80, 0x000001ce0a0245e0]
Event: 186.236 Thread 0x000001ce25a2c000 3374       4       warcraftTD.StdDraw::userX (19 bytes)
Event: 186.236 Thread 0x000001ce25a2c000 nmethod 3374 0x000001ce11637710 code [0x000001ce116378a0, 0x000001ce11637918]
Event: 186.237 Thread 0x000001ce25a2c000 3375       4       warcraftTD.StdDraw::userY (19 bytes)
Event: 186.237 Thread 0x000001ce25a2c000 nmethod 3375 0x000001ce11637410 code [0x000001ce116375a0, 0x000001ce11637618]
Event: 188.127 Thread 0x000001ce25a38800 3376   !   3       sun.java2d.pipe.TextRenderer::drawGlyphList (375 bytes)
Event: 188.128 Thread 0x000001ce25a38800 nmethod 3376 0x000001ce0a18b190 code [0x000001ce0a18b480, 0x000001ce0a18c890]
Event: 189.739 Thread 0x000001ce25a2c000 3377   !   4       sun.java2d.pipe.TextRenderer::drawGlyphList (375 bytes)
Event: 189.753 Thread 0x000001ce25a2c000 nmethod 3377 0x000001ce113d3410 code [0x000001ce113d3680, 0x000001ce113d56f0]
Event: 194.837 Thread 0x000001ce25a2c000 3378       4       warcraftTD.Projectiles.Projectile::tick (65 bytes)
Event: 194.843 Thread 0x000001ce25a2c000 nmethod 3378 0x000001ce116b1290 code [0x000001ce116b1520, 0x000001ce116b2038]
Event: 196.860 Thread 0x000001ce25a38800 3379       3       sun.font.FreetypeFontScaler::invalidateScalerContext (1 bytes)
Event: 196.860 Thread 0x000001ce25a38800 nmethod 3379 0x000001ce09eded90 code [0x000001ce09edef20, 0x000001ce09edf098]
Event: 196.860 Thread 0x000001ce25a2c000 3380       4       sun.font.FreetypeFontScaler::invalidateScalerContext (1 bytes)
Event: 196.860 Thread 0x000001ce25a2c000 nmethod 3380 0x000001ce113d3090 code [0x000001ce113d3220, 0x000001ce113d3298]
Event: 196.860 Thread 0x000001ce25a2c000 3381       4       java.util.concurrent.ConcurrentHashMap$Traverser::advance (188 bytes)

GC Heap History (20 events):
Event: 114.885 GC heap before
{Heap before GC invocations=14 (full 0):
 garbage-first heap   total 262144K, used 197190K [0x0000000701400000, 0x0000000800000000)
  region size 1024K, 153 young (156672K), 4 survivors (4096K)
 Metaspace       used 9632K, capacity 9932K, committed 10112K, reserved 1058816K
  class space    used 916K, capacity 1042K, committed 1152K, reserved 1048576K
}
Event: 114.887 GC heap after
{Heap after GC invocations=15 (full 0):
 garbage-first heap   total 262144K, used 45296K [0x0000000701400000, 0x0000000800000000)
  region size 1024K, 5 young (5120K), 5 survivors (5120K)
 Metaspace       used 9632K, capacity 9932K, committed 10112K, reserved 1058816K
  class space    used 916K, capacity 1042K, committed 1152K, reserved 1048576K
}
Event: 122.120 GC heap before
{Heap before GC invocations=15 (full 0):
 garbage-first heap   total 262144K, used 196848K [0x0000000701400000, 0x0000000800000000)
  region size 1024K, 154 young (157696K), 5 survivors (5120K)
 Metaspace       used 9650K, capacity 9932K, committed 10112K, reserved 1058816K
  class space    used 917K, capacity 1042K, committed 1152K, reserved 1048576K
}
Event: 122.121 GC heap after
{Heap after GC invocations=16 (full 0):
 garbage-first heap   total 262144K, used 45873K [0x0000000701400000, 0x0000000800000000)
  region size 1024K, 5 young (5120K), 5 survivors (5120K)
 Metaspace       used 9650K, capacity 9932K, committed 10112K, reserved 1058816K
  class space    used 917K, capacity 1042K, committed 1152K, reserved 1048576K
}
Event: 131.610 GC heap before
{Heap before GC invocations=16 (full 0):
 garbage-first heap   total 262144K, used 197425K [0x0000000701400000, 0x0000000800000000)
  region size 1024K, 154 young (157696K), 5 survivors (5120K)
 Metaspace       used 9650K, capacity 9932K, committed 10112K, reserved 1058816K
  class space    used 917K, capacity 1042K, committed 1152K, reserved 1048576K
}
Event: 131.612 GC heap after
{Heap after GC invocations=17 (full 0):
 garbage-first heap   total 262144K, used 45873K [0x0000000701400000, 0x0000000800000000)
  region size 1024K, 5 young (5120K), 5 survivors (5120K)
 Metaspace       used 9650K, capacity 9932K, committed 10112K, reserved 1058816K
  class space    used 917K, capacity 1042K, committed 1152K, reserved 1048576K
}
Event: 141.517 GC heap before
{Heap before GC invocations=17 (full 0):
 garbage-first heap   total 262144K, used 197425K [0x0000000701400000, 0x0000000800000000)
  region size 1024K, 153 young (156672K), 5 survivors (5120K)
 Metaspace       used 9659K, capacity 9932K, committed 10112K, reserved 1058816K
  class space    used 917K, capacity 1042K, committed 1152K, reserved 1048576K
}
Event: 141.519 GC heap after
{Heap after GC invocations=18 (full 0):
 garbage-first heap   total 262144K, used 47121K [0x0000000701400000, 0x0000000800000000)
  region size 1024K, 7 young (7168K), 7 survivors (7168K)
 Metaspace       used 9659K, capacity 9932K, committed 10112K, reserved 1058816K
  class space    used 917K, capacity 1042K, committed 1152K, reserved 1048576K
}
Event: 150.514 GC heap before
{Heap before GC invocations=18 (full 0):
 garbage-first heap   total 262144K, used 196625K [0x0000000701400000, 0x0000000800000000)
  region size 1024K, 153 young (156672K), 7 survivors (7168K)
 Metaspace       used 9660K, capacity 9932K, committed 10112K, reserved 1058816K
  class space    used 917K, capacity 1042K, committed 1152K, reserved 1048576K
}
Event: 150.516 GC heap after
{Heap after GC invocations=19 (full 0):
 garbage-first heap   total 262144K, used 48707K [0x0000000701400000, 0x0000000800000000)
  region size 1024K, 8 young (8192K), 8 survivors (8192K)
 Metaspace       used 9660K, capacity 9932K, committed 10112K, reserved 1058816K
  class space    used 917K, capacity 1042K, committed 1152K, reserved 1048576K
}
Event: 159.990 GC heap before
{Heap before GC invocations=19 (full 0):
 garbage-first heap   total 262144K, used 197187K [0x0000000701400000, 0x0000000800000000)
  region size 1024K, 153 young (156672K), 8 survivors (8192K)
 Metaspace       used 9661K, capacity 9932K, committed 10112K, reserved 1058816K
  class space    used 917K, capacity 1042K, committed 1152K, reserved 1048576K
}
Event: 159.993 GC heap after
{Heap after GC invocations=20 (full 0):
 garbage-first heap   total 262144K, used 51413K [0x0000000701400000, 0x0000000800000000)
  region size 1024K, 11 young (11264K), 11 survivors (11264K)
 Metaspace       used 9661K, capacity 9932K, committed 10112K, reserved 1058816K
  class space    used 917K, capacity 1042K, committed 1152K, reserved 1048576K
}
Event: 168.453 GC heap before
{Heap before GC invocations=20 (full 0):
 garbage-first heap   total 262144K, used 196821K [0x0000000701400000, 0x0000000800000000)
  region size 1024K, 153 young (156672K), 11 survivors (11264K)
 Metaspace       used 9661K, capacity 9932K, committed 10112K, reserved 1058816K
  class space    used 917K, capacity 1042K, committed 1152K, reserved 1048576K
}
Event: 168.456 GC heap after
{Heap after GC invocations=21 (full 0):
 garbage-first heap   total 262144K, used 53129K [0x0000000701400000, 0x0000000800000000)
  region size 1024K, 12 young (12288K), 12 survivors (12288K)
 Metaspace       used 9661K, capacity 9932K, committed 10112K, reserved 1058816K
  class space    used 917K, capacity 1042K, committed 1152K, reserved 1048576K
}
Event: 177.441 GC heap before
{Heap before GC invocations=21 (full 0):
 garbage-first heap   total 262144K, used 197513K [0x0000000701400000, 0x0000000800000000)
  region size 1024K, 154 young (157696K), 12 survivors (12288K)
 Metaspace       used 9663K, capacity 9932K, committed 10112K, reserved 1058816K
  class space    used 917K, capacity 1042K, committed 1152K, reserved 1048576K
}
Event: 177.444 GC heap after
{Heap after GC invocations=22 (full 0):
 garbage-first heap   total 262144K, used 53751K [0x0000000701400000, 0x0000000800000000)
  region size 1024K, 11 young (11264K), 11 survivors (11264K)
 Metaspace       used 9663K, capacity 9932K, committed 10112K, reserved 1058816K
  class space    used 917K, capacity 1042K, committed 1152K, reserved 1048576K
}
Event: 184.591 GC heap before
{Heap before GC invocations=22 (full 0):
 garbage-first heap   total 262144K, used 199159K [0x0000000701400000, 0x0000000800000000)
  region size 1024K, 153 young (156672K), 11 survivors (11264K)
 Metaspace       used 9695K, capacity 9996K, committed 10112K, reserved 1058816K
  class space    used 917K, capacity 1042K, committed 1152K, reserved 1048576K
}
Event: 184.595 GC heap after
{Heap after GC invocations=23 (full 0):
 garbage-first heap   total 262144K, used 56008K [0x0000000701400000, 0x0000000800000000)
  region size 1024K, 13 young (13312K), 13 survivors (13312K)
 Metaspace       used 9695K, capacity 9996K, committed 10112K, reserved 1058816K
  class space    used 917K, capacity 1042K, committed 1152K, reserved 1048576K
}
Event: 191.700 GC heap before
{Heap before GC invocations=23 (full 0):
 garbage-first heap   total 262144K, used 199368K [0x0000000701400000, 0x0000000800000000)
  region size 1024K, 153 young (156672K), 13 survivors (13312K)
 Metaspace       used 9698K, capacity 9996K, committed 10112K, reserved 1058816K
  class space    used 917K, capacity 1042K, committed 1152K, reserved 1048576K
}
Event: 191.704 GC heap after
{Heap after GC invocations=24 (full 0):
 garbage-first heap   total 262144K, used 56296K [0x0000000701400000, 0x0000000800000000)
  region size 1024K, 11 young (11264K), 11 survivors (11264K)
 Metaspace       used 9698K, capacity 9996K, committed 10112K, reserved 1058816K
  class space    used 917K, capacity 1042K, committed 1152K, reserved 1048576K
}

Deoptimization events (20 events):
Event: 196.858 Thread 0x000001ce7fa8f800 DEOPT PACKING pc=0x000001ce113eddf8 sp=0x0000002a875ff3e0
Event: 196.858 Thread 0x000001ce7fa8f800 DEOPT UNPACKING pc=0x000001ce0988964e sp=0x0000002a875fe860 mode 1
Event: 196.858 Thread 0x000001ce7fa8f800 DEOPT PACKING pc=0x000001ce113eddf8 sp=0x0000002a875ff3e0
Event: 196.858 Thread 0x000001ce7fa8f800 DEOPT UNPACKING pc=0x000001ce0988964e sp=0x0000002a875fe860 mode 1
Event: 196.858 Thread 0x000001ce7fa8f800 DEOPT PACKING pc=0x000001ce113eddf8 sp=0x0000002a875ff3e0
Event: 196.858 Thread 0x000001ce7fa8f800 DEOPT UNPACKING pc=0x000001ce0988964e sp=0x0000002a875fe860 mode 1
Event: 196.858 Thread 0x000001ce7fa8f800 DEOPT PACKING pc=0x000001ce113eddf8 sp=0x0000002a875ff3e0
Event: 196.858 Thread 0x000001ce7fa8f800 DEOPT UNPACKING pc=0x000001ce0988964e sp=0x0000002a875fe860 mode 1
Event: 196.858 Thread 0x000001ce7fa8f800 DEOPT PACKING pc=0x000001ce113eddf8 sp=0x0000002a875ff3e0
Event: 196.858 Thread 0x000001ce7fa8f800 DEOPT UNPACKING pc=0x000001ce0988964e sp=0x0000002a875fe860 mode 1
Event: 196.859 Thread 0x000001ce7fa8f800 DEOPT PACKING pc=0x000001ce113eddf8 sp=0x0000002a875ff2e0
Event: 196.859 Thread 0x000001ce7fa8f800 DEOPT UNPACKING pc=0x000001ce0988964e sp=0x0000002a875fe760 mode 1
Event: 196.859 Thread 0x000001ce7fa8f800 DEOPT PACKING pc=0x000001ce113eddf8 sp=0x0000002a875ff2e0
Event: 196.859 Thread 0x000001ce7fa8f800 DEOPT UNPACKING pc=0x000001ce0988964e sp=0x0000002a875fe760 mode 1
Event: 196.859 Thread 0x000001ce7fa8f800 DEOPT PACKING pc=0x000001ce113eddf8 sp=0x0000002a875ff2e0
Event: 196.859 Thread 0x000001ce7fa8f800 DEOPT UNPACKING pc=0x000001ce0988964e sp=0x0000002a875fe760 mode 1
Event: 196.859 Thread 0x000001ce7fa8f800 Uncommon trap: trap_request=0xffffff45 fr.pc=0x000001ce116f5b48 relative=0x0000000000001ac8
Event: 196.859 Thread 0x000001ce7fa8f800 Uncommon trap: reason=unstable_if action=reinterpret pc=0x000001ce116f5b48 method=sun.font.TrueTypeFont.readBlock(Ljava/nio/ByteBuffer;II)I @ 15 c2
Event: 196.859 Thread 0x000001ce7fa8f800 DEOPT PACKING pc=0x000001ce116f5b48 sp=0x0000002a875fe4c0
Event: 196.859 Thread 0x000001ce7fa8f800 DEOPT UNPACKING pc=0x000001ce0988912f sp=0x0000002a875fe4f0 mode 2

Classes unloaded (0 events):
No events

Classes redefined (0 events):
No events

Internal exceptions (20 events):
Event: 81.018 Thread 0x000001ce2f108800 Exception <a 'java/io/FileNotFoundException'{0x000000070c7001c0}> (0x000000070c7001c0) 
thrown [t:/workspace/open/src/hotspot/share/prims/jni.cpp, line 598]
Event: 89.917 Thread 0x000001ce2d695800 Exception <a 'java/io/FileNotFoundException'{0x000000070e5809c0}> (0x000000070e5809c0) 
thrown [t:/workspace/open/src/hotspot/share/prims/jni.cpp, line 598]
Event: 90.158 Thread 0x000001ce2d695800 Exception <a 'java/io/FileNotFoundException'{0x000000070e58ee68}> (0x000000070e58ee68) 
thrown [t:/workspace/open/src/hotspot/share/prims/jni.cpp, line 598]
Event: 90.287 Thread 0x000001ce2d695800 Exception <a 'java/io/FileNotFoundException'{0x000000070e59bb30}> (0x000000070e59bb30) 
thrown [t:/workspace/open/src/hotspot/share/prims/jni.cpp, line 598]
Event: 90.419 Thread 0x000001ce2d695800 Exception <a 'java/io/FileNotFoundException'{0x000000070e5a9fc8}> (0x000000070e5a9fc8) 
thrown [t:/workspace/open/src/hotspot/share/prims/jni.cpp, line 598]
Event: 114.000 Thread 0x000001ce2f1a7800 Exception <a 'java/io/FileNotFoundException'{0x00000007094001d0}> (0x00000007094001d0) 
thrown [t:/workspace/open/src/hotspot/share/prims/jni.cpp, line 598]
Event: 114.114 Thread 0x000001ce2f1a7800 Exception <a 'java/io/FileNotFoundException'{0x000000070942bdb8}> (0x000000070942bdb8) 
thrown [t:/workspace/open/src/hotspot/share/prims/jni.cpp, line 598]
Event: 120.045 Thread 0x000001ce2f1a7800 Exception <a 'java/io/FileNotFoundException'{0x00000007099001b0}> (0x00000007099001b0) 
thrown [t:/workspace/open/src/hotspot/share/prims/jni.cpp, line 598]
Event: 137.257 Thread 0x000001ce2d6ea000 Exception <a 'java/io/FileNotFoundException'{0x000000070c8809d0}> (0x000000070c8809d0) 
thrown [t:/workspace/open/src/hotspot/share/prims/jni.cpp, line 598]
Event: 137.263 Thread 0x000001ce2d6ea000 Exception <a 'java/io/FileNotFoundException'{0x000000070c8e0ec8}> (0x000000070c8e0ec8) 
thrown [t:/workspace/open/src/hotspot/share/prims/jni.cpp, line 598]
Event: 137.401 Thread 0x000001ce2d6ea000 Exception <a 'java/io/FileNotFoundException'{0x000000070c7095e8}> (0x000000070c7095e8) 
thrown [t:/workspace/open/src/hotspot/share/prims/jni.cpp, line 598]
Event: 154.656 Thread 0x000001ce2d6ea000 Exception <a 'java/io/FileNotFoundException'{0x000000070da001b0}> (0x000000070da001b0) 
thrown [t:/workspace/open/src/hotspot/share/prims/jni.cpp, line 598]
Event: 177.614 Thread 0x000001ce3310f800 Exception <a 'java/io/FileNotFoundException'{0x00000007110001c0}> (0x00000007110001c0) 
thrown [t:/workspace/open/src/hotspot/share/prims/jni.cpp, line 598]
Event: 178.816 Thread 0x000001ce3310f800 Exception <a 'java/io/FileNotFoundException'{0x000000071100f058}> (0x000000071100f058) 
thrown [t:/workspace/open/src/hotspot/share/prims/jni.cpp, line 598]
Event: 178.845 Thread 0x000001ce3310f800 Exception <a 'java/io/FileNotFoundException'{0x000000071101f3d0}> (0x000000071101f3d0) 
thrown [t:/workspace/open/src/hotspot/share/prims/jni.cpp, line 598]
Event: 178.869 Thread 0x000001ce3310f800 Exception <a 'java/io/FileNotFoundException'{0x000000071102f860}> (0x000000071102f860) 
thrown [t:/workspace/open/src/hotspot/share/prims/jni.cpp, line 598]
Event: 180.795 Thread 0x000001ce3310f800 Exception <a 'java/io/FileNotFoundException'{0x000000071103fd30}> (0x000000071103fd30) 
thrown [t:/workspace/open/src/hotspot/share/prims/jni.cpp, line 598]
Event: 184.302 Thread 0x000001ce3310f800 Exception <a 'java/io/FileNotFoundException'{0x000000071104fe70}> (0x000000071104fe70) 
thrown [t:/workspace/open/src/hotspot/share/prims/jni.cpp, line 598]
Event: 196.859 Thread 0x000001ce7fa8f800 Exception <a 'java/io/FileNotFoundException'{0x000000070980e9d8}> (0x000000070980e9d8) 
thrown [t:/workspace/open/src/hotspot/share/prims/jni.cpp, line 598]
Event: 196.859 Thread 0x000001ce7fa8f800 Exception <a 'java/io/FileNotFoundException'{0x000000070980ff58}> (0x000000070980ff58) 
thrown [t:/workspace/open/src/hotspot/share/prims/jni.cpp, line 598]

Events (20 events):
Event: 196.861 Thread 0x000001ce25a48800 flushing nmethod 0x000001ce11521910
Event: 196.861 Thread 0x000001ce25a48800 flushing nmethod 0x000001ce115ace90
Event: 196.861 loading class sun/font/NullFontScaler done
Event: 196.861 Executing VM operation: Deoptimize
Event: 196.861 Executing VM operation: Deoptimize done
Event: 196.861 Thread 0x000001ce25a48800 flushing nmethod 0x000001ce11662f90
Event: 196.861 Thread 0x000001ce25a48800 flushing nmethod 0x000001ce1169d810
Event: 196.861 Thread 0x000001ce25a48800 flushing nmethod 0x000001ce09e2d690
Event: 196.861 Thread 0x000001ce25a48800 flushing nmethod 0x000001ce09e65d90
Event: 196.861 Thread 0x000001ce25a48800 flushing nmethod 0x000001ce09e89b90
Event: 196.862 Thread 0x000001ce25a48800 flushing nmethod 0x000001ce09f3a210
Event: 196.862 Thread 0x000001ce25a48800 flushing nmethod 0x000001ce09f3a790
Event: 196.862 Thread 0x000001ce25a48800 flushing nmethod 0x000001ce09f3ad10
Event: 196.862 Thread 0x000001ce25a48800 flushing nmethod 0x000001ce09f66c10
Event: 196.862 Thread 0x000001ce25a48800 flushing nmethod 0x000001ce09f71710
Event: 196.862 Thread 0x000001ce25a48800 flushing nmethod 0x000001ce09fa1590
Event: 196.862 Thread 0x000001ce25a48800 flushing nmethod 0x000001ce09fb1410
Event: 196.862 Thread 0x000001ce25a48800 flushing nmethod 0x000001ce09fcac90
Event: 196.862 Thread 0x000001ce25a48800 flushing nmethod 0x000001ce09fdf710
Event: 196.862 Thread 0x000001ce25a48800 flushing nmethod 0x000001ce0a003210


Dynamic libraries:
0x00007ff7ae420000 - 0x00007ff7ae42f000 	C:\Program Files\Java\jdk-13\bin\java.exe
0x00007fff25bc0000 - 0x00007fff25db0000 	C:\Windows\SYSTEM32\ntdll.dll
0x00007fff251d0000 - 0x00007fff25282000 	C:\Windows\System32\KERNEL32.DLL
0x00007fff237c0000 - 0x00007fff23a65000 	C:\Windows\System32\KERNELBASE.dll
0x00007fff23b20000 - 0x00007fff23c1a000 	C:\Windows\System32\ucrtbase.dll
0x00007fff17110000 - 0x00007fff17128000 	C:\Program Files\Java\jdk-13\bin\jli.dll
0x00007fff17e20000 - 0x00007fff17e35000 	C:\Program Files\Java\jdk-13\bin\VCRUNTIME140.dll
0x00007fff23c70000 - 0x00007fff23d13000 	C:\Windows\System32\ADVAPI32.dll
0x00007fff24490000 - 0x00007fff2452e000 	C:\Windows\System32\msvcrt.dll
0x00007fff24e60000 - 0x00007fff24ef7000 	C:\Windows\System32\sechost.dll
0x00007fff250b0000 - 0x00007fff251cf000 	C:\Windows\System32\RPCRT4.dll
0x00007fff253a0000 - 0x00007fff25534000 	C:\Windows\System32\USER32.dll
0x00007fff102e0000 - 0x00007fff10564000 	C:\Windows\WinSxS\amd64_microsoft.windows.common-controls_6595b64144ccf1df_6.0.18362.1316_none_9e7a364fe461dbd7\COMCTL32.dll
0x00007fff23c40000 - 0x00007fff23c61000 	C:\Windows\System32\win32u.dll
0x00007fff247a0000 - 0x00007fff24ad7000 	C:\Windows\System32\combase.dll
0x00007fff24f00000 - 0x00007fff24f26000 	C:\Windows\System32\GDI32.dll
0x00007fff235e0000 - 0x00007fff23661000 	C:\Windows\System32\bcryptPrimitives.dll
0x00007fff22b40000 - 0x00007fff22cd8000 	C:\Windows\System32\gdi32full.dll
0x00007fff22d60000 - 0x00007fff22dfe000 	C:\Windows\System32\msvcp_win.dll
0x00007fff1d0f0000 - 0x00007fff1d0fa000 	C:\Windows\SYSTEM32\VERSION.dll
0x00007fff24fb0000 - 0x00007fff24fde000 	C:\Windows\System32\IMM32.DLL
0x00007fff133c0000 - 0x00007fff1345b000 	C:\Program Files\Java\jdk-13\bin\msvcp140.dll
0x00007ffed5e80000 - 0x00007ffed69e6000 	C:\Program Files\Java\jdk-13\bin\server\jvm.dll
0x00007fff24470000 - 0x00007fff24478000 	C:\Windows\System32\PSAPI.DLL
0x00007fff20240000 - 0x00007fff20264000 	C:\Windows\SYSTEM32\WINMM.dll
0x00007fff0afc0000 - 0x00007fff0afc9000 	C:\Windows\SYSTEM32\WSOCK32.dll
0x00007fff24c90000 - 0x00007fff24cff000 	C:\Windows\System32\WS2_32.dll
0x00007fff20210000 - 0x00007fff2023d000 	C:\Windows\SYSTEM32\WINMMBASE.dll
0x00007fff22d10000 - 0x00007fff22d5a000 	C:\Windows\System32\cfgmgr32.dll
0x00007fff22a80000 - 0x00007fff22a91000 	C:\Windows\System32\kernel.appcore.dll
0x00007fff1e4b0000 - 0x00007fff1e4c0000 	C:\Program Files\Java\jdk-13\bin\verify.dll
0x00007fff06260000 - 0x00007fff06454000 	C:\Windows\SYSTEM32\DBGHELP.DLL
0x00007fff06230000 - 0x00007fff0625a000 	C:\Windows\SYSTEM32\dbgcore.DLL
0x00007fff13850000 - 0x00007fff13876000 	C:\Program Files\Java\jdk-13\bin\java.dll
0x00007fff1a8e0000 - 0x00007fff1a918000 	C:\Program Files\Java\jdk-13\bin\jdwp.dll
0x00007fff16a80000 - 0x00007fff16a97000 	C:\Program Files\Java\jdk-13\bin\zip.dll
0x00007fff1b7d0000 - 0x00007fff1b7da000 	C:\Program Files\Java\jdk-13\bin\jimage.dll
0x00007fff23d20000 - 0x00007fff24408000 	C:\Windows\System32\SHELL32.dll
0x00007fff24530000 - 0x00007fff245d7000 	C:\Windows\System32\shcore.dll
0x00007fff22e60000 - 0x00007fff235db000 	C:\Windows\System32\windows.storage.dll
0x00007fff22ac0000 - 0x00007fff22ae3000 	C:\Windows\System32\profapi.dll
0x00007fff22af0000 - 0x00007fff22b3a000 	C:\Windows\System32\powrprof.dll
0x00007fff22a70000 - 0x00007fff22a80000 	C:\Windows\System32\UMPDC.dll
0x00007fff24410000 - 0x00007fff24462000 	C:\Windows\System32\shlwapi.dll
0x00007fff23c20000 - 0x00007fff23c37000 	C:\Windows\System32\cryptsp.dll
0x00007fff1ed10000 - 0x00007fff1ed1b000 	C:\Program Files\Java\jdk-13\bin\dt_socket.dll
0x00007fff222b0000 - 0x00007fff22317000 	C:\Windows\system32\mswsock.dll
0x00007fff22000000 - 0x00007fff220cb000 	C:\Windows\SYSTEM32\DNSAPI.dll
0x00007fff24480000 - 0x00007fff24488000 	C:\Windows\System32\NSI.dll
0x00007fff21fc0000 - 0x00007fff21ffa000 	C:\Windows\SYSTEM32\IPHLPAPI.DLL
0x0000000058b60000 - 0x0000000058b86000 	C:\Program Files\Bonjour\mdnsNSP.dll
0x00007fff1afe0000 - 0x00007fff1afea000 	C:\Windows\System32\rasadhlp.dll
0x00007fff1bcc0000 - 0x00007fff1bd37000 	C:\Windows\System32\fwpuclnt.dll
0x00007fff22ce0000 - 0x00007fff22d06000 	C:\Windows\System32\bcrypt.dll
0x00007ffef0550000 - 0x00007ffef06e9000 	C:\Program Files\Java\jdk-13\bin\awt.dll
0x00007fff24d80000 - 0x00007fff24e45000 	C:\Windows\System32\OLEAUT32.dll
0x00007fff1f580000 - 0x00007fff1fb40000 	C:\Windows\SYSTEM32\d2d1.dll
0x00007fff20bc0000 - 0x00007fff20c4f000 	C:\Windows\SYSTEM32\apphelp.dll
0x00007fff211c0000 - 0x00007fff211ed000 	C:\Windows\system32\DWMAPI.DLL
0x00007fff20d00000 - 0x00007fff20d99000 	C:\Windows\system32\uxtheme.dll
0x00007ffef47e0000 - 0x00007ffef4936000 	C:\Windows\system32\opengl32.dll
0x00007fff1a2d0000 - 0x00007fff1a2fc000 	C:\Windows\SYSTEM32\GLU32.dll
0x00007fff21690000 - 0x00007fff216b0000 	C:\Windows\SYSTEM32\dxcore.dll
0x00007fff24ae0000 - 0x00007fff24c15000 	C:\Windows\System32\MSCTF.dll
0x00007fff24640000 - 0x00007fff24797000 	C:\Windows\System32\ole32.dll
0x00007fff22aa0000 - 0x00007fff22ab2000 	C:\Windows\System32\msasn1.dll
0x00007fff1bb80000 - 0x00007fff1bbaf000 	C:\Windows\SYSTEM32\cryptnet.dll
0x00007fff23670000 - 0x00007fff237ba000 	C:\Windows\System32\CRYPT32.dll
0x00007fff22480000 - 0x00007fff2248c000 	C:\Windows\SYSTEM32\cryptbase.dll
0x00007fff22e00000 - 0x00007fff22e5c000 	C:\Windows\System32\WINTRUST.DLL
0x00007fff25540000 - 0x00007fff2555d000 	C:\Windows\System32\imagehlp.dll
0x00007fff21e30000 - 0x00007fff21e63000 	C:\Windows\system32\rsaenh.dll
0x00007fff21640000 - 0x00007fff21662000 	C:\Windows\SYSTEM32\gpapi.dll
0x00007fff12fb0000 - 0x00007fff13032000 	C:\Program Files\Java\jdk-13\bin\freetype.dll
0x00007fff11df0000 - 0x00007fff11e96000 	C:\Program Files\Java\jdk-13\bin\fontmanager.dll
0x00007fff1a1b0000 - 0x00007fff1a24d000 	C:\Windows\System32\TextInputFramework.dll
0x00007fff1df00000 - 0x00007fff1e22a000 	C:\Windows\System32\CoreUIComponents.dll
0x00007fff207d0000 - 0x00007fff208a4000 	C:\Windows\System32\CoreMessaging.dll
0x00007fff21a90000 - 0x00007fff21ac1000 	C:\Windows\SYSTEM32\ntmarta.dll
0x00007fff1dd80000 - 0x00007fff1ded2000 	C:\Windows\SYSTEM32\wintypes.dll
0x00007fff150f0000 - 0x00007fff15109000 	C:\Program Files\Java\jdk-13\bin\net.dll
0x00007fff1d5e0000 - 0x00007fff1d6d0000 	C:\Windows\SYSTEM32\WINHTTP.dll
0x00007fff1b870000 - 0x00007fff1ba46000 	C:\Windows\SYSTEM32\urlmon.dll
0x00007fff19470000 - 0x00007fff19717000 	C:\Windows\SYSTEM32\iertutil.dll
0x00007fff14c20000 - 0x00007fff14c33000 	C:\Program Files\Java\jdk-13\bin\nio.dll
0x00007fff22990000 - 0x00007fff229b5000 	C:\Windows\SYSTEM32\USERENV.dll
0x00007fff1c5b0000 - 0x00007fff1c5c6000 	C:\Windows\SYSTEM32\dhcpcsvc6.DLL
0x00007fff1d100000 - 0x00007fff1d11c000 	C:\Windows\SYSTEM32\dhcpcsvc.DLL
0x00007fff17a20000 - 0x00007fff17a4d000 	C:\Program Files\Java\jdk-13\bin\javajpeg.dll

dbghelp: loaded successfully - version: 4.0.5 - missing functions: none
symbol engine: initialized successfully - sym options: 0x614 - pdb path: .;C:\Program Files\Java\jdk-13\bin;C:\Windows\SYSTEM32;C:\Windows\WinSxS\amd64_microsoft.windows.common-controls_6595b64144ccf1df_6.0.18362.1316_none_9e7a364fe461dbd7;C:\Program Files\Java\jdk-13\bin\server;C:\Program Files\Bonjour;C:\WINDOWS\System32\DriverStore\FileRepository\nv_dispi.inf_amd64_8e68f77150e57b50

VM Arguments:
jvm_args: -agentlib:jdwp=transport=dt_socket,server=n,suspend=y,address=localhost:54349 -Dfile.encoding=UTF-8 
java_command: warcraftTD.Main
java_class_path (initial): C:\Users\Cody\Desktop\Documents\_DEV\warcraftTD\bin
Launcher Type: SUN_STANDARD

[Global flags]
     intx CICompilerCount                          = 4                                         {product} {ergonomic}
     uint ConcGCThreads                            = 2                                         {product} {ergonomic}
     uint G1ConcRefinementThreads                  = 8                                         {product} {ergonomic}
   size_t G1HeapRegionSize                         = 1048576                                   {product} {ergonomic}
    uintx GCDrainStackTargetSize                   = 64                                        {product} {ergonomic}
   size_t InitialHeapSize                          = 268435456                                 {product} {ergonomic}
   size_t MarkStackSize                            = 4194304                                   {product} {ergonomic}
   size_t MaxHeapSize                              = 4273995776                                {product} {ergonomic}
   size_t MaxNewSize                               = 2563768320                                {product} {ergonomic}
   size_t MinHeapDeltaBytes                        = 1048576                                   {product} {ergonomic}
   size_t MinHeapSize                              = 8388608                                   {product} {ergonomic}
    uintx NonNMethodCodeHeapSize                   = 5836300                                {pd product} {ergonomic}
    uintx NonProfiledCodeHeapSize                  = 122910970                              {pd product} {ergonomic}
    uintx ProfiledCodeHeapSize                     = 122910970                              {pd product} {ergonomic}
    uintx ReservedCodeCacheSize                    = 251658240                              {pd product} {ergonomic}
     bool SegmentedCodeCache                       = true                                      {product} {ergonomic}
   size_t SoftMaxHeapSize                          = 4273995776                             {manageable} {ergonomic}
     bool UseCompressedClassPointers               = true                                 {lp64_product} {ergonomic}
     bool UseCompressedOops                        = true                                 {lp64_product} {ergonomic}
     bool UseG1GC                                  = true                                      {product} {ergonomic}
     bool UseLargePagesIndividualAllocation        = false                                  {pd product} {ergonomic}

Logging:
Log output configuration:
 #0: stdout all=warning uptime,level,tags
 #1: stderr all=off uptime,level,tags

Environment Variables:
JAVA_HOME=C:\Progra~1\Java\jdk-13
PATH=C:\Python\Python37\Scripts\;C:\Python\Python37\;C:\Program Files (x86)\Common Files\Oracle\Java\javapath;C:\Program Files (x86)\Common Files\Intel\Shared Libraries\redist\intel64\compiler;C:\ProgramData\Oracle\Java\javapath;C:\Program Files (x86)\Intel\iCLS Client\;C:\Program Files\Intel\iCLS Client\;C:\WINDOWS\system32;C:\WINDOWS;C:\WINDOWS\System32\Wbem;C:\WINDOWS\System32\WindowsPowerShell\v1.0\;C:\Program Files (x86)\Intel\Intel(R) Management Engine Components\DAL;C:\Program Files\Intel\Intel(R) Management Engine Components\DAL;C:\Program Files (x86)\Intel\Intel(R) Management Engine Components\IPT;C:\Program Files\Intel\Intel(R) Management Engine Components\IPT;C:\Program Files\dotnet\;C:\WINDOWS\System32\OpenSSH\;C:\Program Files (x86)\NVIDIA Corporation\PhysX\Common;C:\Users\Cody\AppData\Local\Programs\Python\Python37-32;C:\ProgramData\chocolatey\bin;C:\Program Files\nodejs\;C:\WINDOWS\system32;C:\WINDOWS;C:\WINDOWS\System32\Wbem;C:\WINDOWS\System32\WindowsPowerShell\v1.0\;C:\WINDOWS\System32\OpenSSH\;C:\Program Files (x86)\ZeroTier\One\;C:\MinGW\bin\;C:\Program Files\Git\cmd;C:\Program Files\Tesseract-OCR;C:\Tools\FFmpeg\bin;C:\Program Files (x86)\Sennheiser\Sennheiser Updater\;C:\Users\Cody\AppData\Local\Microsoft\WindowsApps;C:\Users\Cody\AppData\Roaming\npm;C:\Users\Cody\AppData\Local\GitHubDesktop\bin;C:\Users\Cody\AppData\Local\Microsoft\WindowsApps;
USERNAME=Cody
OS=Windows_NT
PROCESSOR_IDENTIFIER=Intel64 Family 6 Model 94 Stepping 3, GenuineIntel



---------------  S Y S T E M  ---------------

OS: Windows 10 , 64 bit Build 18362 (10.0.18362.1316)

CPU:total 8 (initial active 8) (4 cores per cpu, 2 threads per core) family 6 model 94 stepping 3, cmov, cx8, fxsr, mmx, sse, sse2, sse3, ssse3, sse4.1, sse4.2, popcnt, avx, avx2, aes, clmul, erms, rtm, 3dnowpref, lzcnt, ht, tsc, tscinvbit, bmi1, bmi2, adx, fma

Memory: 4k page, system-wide physical 16300M (7415M free)
TotalPageFile size 21161M (AvailPageFile size 6472M)
current process WorkingSet (physical memory assigned to process): 316M, peak: 388M
current process commit charge ("private bytes"): 433M, peak: 522M

vm_info: Java HotSpot(TM) 64-Bit Server VM (13+33) for windows-amd64 JRE (13+33), built on Sep 18 2019 21:38:00 by "mach5one" with unknown MS VC++:1916

END.
