#
# A fatal error has been detected by the Java Runtime Environment:
#
#  EXCEPTION_ACCESS_VIOLATION (0xc0000005) at pc=0x00007ffabd5b5d1a, pid=221244, tid=234028
#
# JRE version: Java(TM) SE Runtime Environment (13.0+33) (build 13+33)
# Java VM: Java HotSpot(TM) 64-Bit Server VM (13+33, mixed mode, sharing, tiered, compressed oops, g1 gc, windows-amd64)
# Problematic frame:
# C  [freetype.dll+0x45d1a]
#
# No core dump will be written. Minidumps are not enabled by default on client versions of Windows
#
# If you would like to submit a bug report, please visit:
#   http://bugreport.java.com/bugreport/crash.jsp
# The crash happened outside the Java Virtual Machine in native code.
# See problematic frame for where to report the bug.
#

---------------  S U M M A R Y ------------

Command Line: -agentlib:jdwp=transport=dt_socket,server=n,suspend=y,address=localhost:56412 -Dfile.encoding=UTF-8 warcraftTD.Main

Host: Intel(R) Core(TM) i7-6700K CPU @ 4.00GHz, 8 cores, 15G,  Windows 10 , 64 bit Build 18362 (10.0.18362.1110)
Time: Sun Jan 10 20:34:22 2021 Paris, Madrid elapsed time: 200 seconds (0d 0h 3m 20s)

---------------  T H R E A D  ---------------

Current thread (0x000001aa2d5a1000):  JavaThread "main" [_thread_in_native, id=234028, stack(0x0000000d5f300000,0x0000000d5f400000)]

Stack: [0x0000000d5f300000,0x0000000d5f400000],  sp=0x0000000d5f3fed30,  free space=1019k
Native frames: (J=compiled Java code, j=interpreted, Vv=VM code, C=native code)
C  [freetype.dll+0x45d1a]

Java frames: (J=compiled Java code, j=interpreted, Vv=VM code)
J 2830  sun.font.FreetypeFontScaler.getGlyphImageNative(Lsun/font/Font2D;JJI)J java.desktop@13 (0 bytes) @ 0x000001aa3d6509a9 [0x000001aa3d650940+0x0000000000000069]
J 3015 c2 sun.font.FreetypeFontScaler.getGlyphImage(JI)J java.desktop@13 (39 bytes) @ 0x000001aa3d65d5cc [0x000001aa3d65d4c0+0x000000000000010c]
J 2859 c2 sun.font.GlyphList.setFromString(Lsun/java2d/loops/FontInfo;Ljava/lang/String;FF)Z java.desktop@13 (75 bytes) @ 0x000001aa3d6522d8 [0x000001aa3d651b40+0x0000000000000798]
J 2877 c2 sun.java2d.pipe.GlyphListPipe.drawString(Lsun/java2d/SunGraphics2D;Ljava/lang/String;DD)V java.desktop@13 (202 bytes) @ 0x000001aa3d94a1e4 [0x000001aa3d949f00+0x00000000000002e4]
J 2412 c2 warcraftTD.StdDraw.textLeft(DDLjava/lang/String;)V (71 bytes) @ 0x000001aa3d800918 [0x000001aa3d8006a0+0x0000000000000278]
J 3153 c2 warcraftTD.World.drawInfos()V (2149 bytes) @ 0x000001aa3d9d73bc [0x000001aa3d9d68a0+0x0000000000000b1c]
J 3139 c2 warcraftTD.World.draw()V (40 bytes) @ 0x000001aa3d9cf68c [0x000001aa3d9cf1e0+0x00000000000004ac]
j  warcraftTD.World.run()V+64
j  warcraftTD.Main.main([Ljava/lang/String;)V+34
v  ~StubRoutines::call_stub

siginfo: EXCEPTION_ACCESS_VIOLATION (0xc0000005), reading address 0x0000000000000118


Register to memory mapping:

RIP=0x00007ffabd5b5d1a freetype.dll
RAX=0x0000000d5f3fed68 is pointing into the stack for thread: 0x000001aa2d5a1000
RBX=0x0000000d5f3fef10 is pointing into the stack for thread: 0x000001aa2d5a1000
RCX=0x000001aa5742f860 points into unknown readable memory: 64 00 2e 00 31 00 36 00
RDX=0x0 is NULL
RSP=0x0000000d5f3fed30 is pointing into the stack for thread: 0x000001aa2d5a1000
RBP=0x0000000d5f3fee30 is pointing into the stack for thread: 0x000001aa2d5a1000
RSI=0x000001aa5742f860 points into unknown readable memory: 64 00 2e 00 31 00 36 00
RDI=0x0 is NULL
R8 =0x000000000000003a is an unknown value
R9 =0x0000000d5f3fed90 is pointing into the stack for thread: 0x000001aa2d5a1000
R10=0x0 is NULL
R11=0x0000000d5f3fec60 is pointing into the stack for thread: 0x000001aa2d5a1000
R12=0x000000000000003a is an unknown value
R13=0x00000000000018f8 is an unknown value
R14=0x000001aa5742f860 points into unknown readable memory: 64 00 2e 00 31 00 36 00
R15=0x000001aa5731f4f0 points into unknown readable memory: 30 f8 15 57 aa 01 00 00


Registers:
RAX=0x0000000d5f3fed68, RBX=0x0000000d5f3fef10, RCX=0x000001aa5742f860, RDX=0x0000000000000000
RSP=0x0000000d5f3fed30, RBP=0x0000000d5f3fee30, RSI=0x000001aa5742f860, RDI=0x0000000000000000
R8 =0x000000000000003a, R9 =0x0000000d5f3fed90, R10=0x0000000000000000, R11=0x0000000d5f3fec60
R12=0x000000000000003a, R13=0x00000000000018f8, R14=0x000001aa5742f860, R15=0x000001aa5731f4f0
RIP=0x00007ffabd5b5d1a, EFLAGS=0x0000000000010246

Top of Stack: (sp=0x0000000d5f3fed30)
0x0000000d5f3fed30:   0000000d5f3fef10 0000000d5f3fef40
0x0000000d5f3fed40:   0000000000000000 000001aa2b4713d0
0x0000000d5f3fed50:   0000000d5f3fed68 00007ffabaddf650
0x0000000d5f3fed60:   0000000000000000 00007f00bb080000
0x0000000d5f3fed70:   000000005f3f0000 0000000d00001a88
0x0000000d5f3fed80:   00020c4a00020c4a 0000000000000000
0x0000000d5f3fed90:   00007ffabb2f0000 00007ffabd5bdc73
0x0000000d5f3feda0:   0000000d5f3fee18 00007ffabae2f5fe
0x0000000d5f3fedb0:   0000000d5f3fee78 000001aa2d5a1000
0x0000000d5f3fedc0:   0000000000000000 0000000000000000
0x0000000d5f3fedd0:   000001aa51adc500 000001aa573645a0
0x0000000d5f3fede0:   000001aa5763a030 000001aa5742f860
0x0000000d5f3fedf0:   000001aa52a96df0 00007ffabd5c2993
0x0000000d5f3fee00:   000001aa2d5a1000 000001aa52a96df0
0x0000000d5f3fee10:   000001aa52a96df0 000001aa51220000
0x0000000d5f3fee20:   0000000000000000 000001aa5763a030 

Instructions: (pc=0x00007ffabd5b5d1a)
0x00007ffabd5b5c1a:   48 89 45 c0 48 89 45 c8 48 89 45 d0 48 89 45 d8
0x00007ffabd5b5c2a:   48 89 45 e0 c6 44 24 34 01 e8 18 e0 fd ff 48 8d
0x00007ffabd5b5c3a:   45 a0 48 89 43 28 eb 12 48 8d 73 30 49 8b ce 4c
0x00007ffabd5b5c4a:   8b c6 e8 6f d1 00 00 44 8b e8 44 8b 0e 45 85 c9
0x00007ffabd5b5c5a:   7e 63 41 8b 96 04 04 00 00 85 d2 75 15 49 8b 8e
0x00007ffabd5b5c6a:   d0 00 00 00 48 39 79 50 75 08 8d 4a 08 e9 01 0a
0x00007ffabd5b5c7a:   00 00 46 8d 04 2a 48 8b cb 41 8b d4 41 ff 96 a8
0x00007ffabd5b5c8a:   02 00 00 89 44 24 30 8b c8 85 c0 0f 85 e6 09 00
0x00007ffabd5b5c9a:   00 48 8b cb 41 ff 96 b8 02 00 00 48 8b cb 89 44
0x00007ffabd5b5caa:   24 30 41 ff 96 b0 02 00 00 8b 4c 24 30 85 c9 0f
0x00007ffabd5b5cba:   85 c2 09 00 00 39 3e 74 06 66 39 7b 34 75 08 48
0x00007ffabd5b5cca:   89 7b 38 48 89 7b 40 48 8b 43 28 48 8b 33 48 8b
0x00007ffabd5b5cda:   c8 48 89 45 40 66 89 7c 24 60 66 89 7c 24 44 66
0x00007ffabd5b5cea:   89 7c 24 38 66 89 7c 24 40 e8 78 df fd ff 4c 8b
0x00007ffabd5b5cfa:   96 d0 02 00 00 4c 8d 4c 24 60 89 44 24 48 45 8b
0x00007ffabd5b5d0a:   c4 48 8d 44 24 38 33 d2 48 8b ce 48 89 44 24 20
0x00007ffabd5b5d1a:   41 ff 92 18 01 00 00 8b 4b 44 40 38 be 90 01 00
0x00007ffabd5b5d2a:   00 74 27 4c 8b 96 d0 02 00 00 48 8d 44 24 40 4c
0x00007ffabd5b5d3a:   8d 4c 24 44 48 89 44 24 20 45 8b c4 b2 01 48 8b
0x00007ffabd5b5d4a:   ce 41 ff 92 18 01 00 00 eb 7d b8 ff ff 00 00 66
0x00007ffabd5b5d5a:   39 86 08 02 00 00 74 37 0f b7 86 4e 02 00 00 66
0x00007ffabd5b5d6a:   2b c1 66 89 44 24 44 0f bf 8e 4e 02 00 00 44 0f
0x00007ffabd5b5d7a:   bf 86 50 02 00 00 8b d1 41 2b d0 0f b7 c1 66 41
0x00007ffabd5b5d8a:   2b c0 66 44 2b c1 85 d2 66 44 0f 49 c0 eb 32 0f
0x00007ffabd5b5d9a:   b7 86 3c 01 00 00 66 2b c1 66 89 44 24 44 0f bf
0x00007ffabd5b5daa:   96 3e 01 00 00 44 0f bf 86 3c 01 00 00 44 3b c2
0x00007ffabd5b5dba:   79 0b 66 41 2b d0 66 89 54 24 40 eb 0a 66 44 2b
0x00007ffabd5b5dca:   c2 66 44 89 44 24 40 8b 54 24 48 48 8b 4d 40 e8
0x00007ffabd5b5dda:   e2 e4 fd ff 8b c8 85 c0 75 35 0f bf 44 24 60 0f
0x00007ffabd5b5dea:   b7 4c 24 38 89 43 48 0f bf 44 24 44 89 83 08 01
0x00007ffabd5b5dfa:   00 00 0f b7 44 24 40 89 83 0c 01 00 00 89 4b 4c
0x00007ffabd5b5e0a:   40 38 7b 54 75 07 c6 43 54 01 89 4b 50 8b cf 89 


Stack slot to memory mapping:
stack at sp + 0 slots: 0x0000000d5f3fef10 is pointing into the stack for thread: 0x000001aa2d5a1000
stack at sp + 1 slots: 0x0000000d5f3fef40 is pointing into the stack for thread: 0x000001aa2d5a1000
stack at sp + 2 slots: 0x0 is NULL
stack at sp + 3 slots: 0x000001aa2b4713d0 points into unknown readable memory: 02 00 00 00 6f 00 72 00
stack at sp + 4 slots: 0x0000000d5f3fed68 is pointing into the stack for thread: 0x000001aa2d5a1000
stack at sp + 5 slots: 0x00007ffabaddf650 jvm.dll
stack at sp + 6 slots: 0x0 is NULL
stack at sp + 7 slots: 0x00007f00bb080000 is an unknown value


---------------  P R O C E S S  ---------------

Threads class SMR info:
_java_thread_list=0x000001aa5c6c0060, length=16, elements={
0x000001aa2d5a1000, 0x000001aa510b6800, 0x000001aa510b9800, 0x000001aa51958800,
0x000001aa5195a800, 0x000001aa5195b800, 0x000001aa5195d800, 0x000001aa5197d000,
0x000001aa51ae3000, 0x000001aa51ae6000, 0x000001aa51ae7000, 0x000001aa51af1800,
0x000001aa51afd800, 0x000001aa5230e800, 0x000001aa52331000, 0x000001aa5723c800
}

Java Threads: ( => current thread )
=>0x000001aa2d5a1000 JavaThread "main" [_thread_in_native, id=234028, stack(0x0000000d5f300000,0x0000000d5f400000)]
  0x000001aa510b6800 JavaThread "Reference Handler" daemon [_thread_blocked, id=232052, stack(0x0000000d5fa00000,0x0000000d5fb00000)]
  0x000001aa510b9800 JavaThread "Finalizer" daemon [_thread_blocked, id=234384, stack(0x0000000d5fb00000,0x0000000d5fc00000)]
  0x000001aa51958800 JavaThread "Signal Dispatcher" daemon [_thread_blocked, id=234928, stack(0x0000000d5fc00000,0x0000000d5fd00000)]
  0x000001aa5195a800 JavaThread "Attach Listener" daemon [_thread_blocked, id=229920, stack(0x0000000d5fd00000,0x0000000d5fe00000)]
  0x000001aa5195b800 JavaThread "C2 CompilerThread0" daemon [_thread_blocked, id=235296, stack(0x0000000d5fe00000,0x0000000d5ff00000)]
  0x000001aa5195d800 JavaThread "C1 CompilerThread0" daemon [_thread_blocked, id=231792, stack(0x0000000d5ff00000,0x0000000d60000000)]
  0x000001aa5197d000 JavaThread "Sweeper thread" daemon [_thread_blocked, id=233912, stack(0x0000000d60000000,0x0000000d60100000)]
  0x000001aa51ae3000 JavaThread "JDWP Transport Listener: dt_socket" daemon [_thread_blocked, id=232188, stack(0x0000000d60100000,0x0000000d60200000)]
  0x000001aa51ae6000 JavaThread "JDWP Event Helper Thread" daemon [_thread_blocked, id=233828, stack(0x0000000d60200000,0x0000000d60300000)]
  0x000001aa51ae7000 JavaThread "JDWP Command Reader" daemon [_thread_in_native, id=225364, stack(0x0000000d60300000,0x0000000d60400000)]
  0x000001aa51af1800 JavaThread "Service Thread" daemon [_thread_blocked, id=211272, stack(0x0000000d60400000,0x0000000d60500000)]
  0x000001aa51afd800 JavaThread "Common-Cleaner" daemon [_thread_blocked, id=235028, stack(0x0000000d60600000,0x0000000d60700000)]
  0x000001aa5230e800 JavaThread "Java2D Disposer" daemon [_thread_blocked, id=232488, stack(0x0000000d60700000,0x0000000d60800000)]
  0x000001aa52331000 JavaThread "AWT-Shutdown" [_thread_blocked, id=235076, stack(0x0000000d60900000,0x0000000d60a00000)]
  0x000001aa5723c800 JavaThread "AWT-EventQueue-0" [_thread_blocked, id=233872, stack(0x0000000d61700000,0x0000000d61800000)]

Other Threads:
  0x000001aa510b5800 VMThread "VM Thread" [stack: 0x0000000d5f900000,0x0000000d5fa00000] [id=234756]
  0x000001aa51afa800 WatcherThread [stack: 0x0000000d60500000,0x0000000d60600000] [id=235464]
  0x000001aa2d60c000 GCTaskThread "GC Thread#0" [stack: 0x0000000d5f400000,0x0000000d5f500000] [id=231432]
  0x000001aa57169000 GCTaskThread "GC Thread#1" [stack: 0x0000000d60800000,0x0000000d60900000] [id=232976]
  0x000001aa57169800 GCTaskThread "GC Thread#2" [stack: 0x0000000d60d00000,0x0000000d60e00000] [id=231068]
  0x000001aa5716a000 GCTaskThread "GC Thread#3" [stack: 0x0000000d60e00000,0x0000000d60f00000] [id=235148]
  0x000001aa5716b000 GCTaskThread "GC Thread#4" [stack: 0x0000000d60f00000,0x0000000d61000000] [id=234764]
  0x000001aa5716e000 GCTaskThread "GC Thread#5" [stack: 0x0000000d61000000,0x0000000d61100000] [id=235456]
  0x000001aa2d62e000 ConcurrentGCThread "G1 Main Marker" [stack: 0x0000000d5f500000,0x0000000d5f600000] [id=224448]
  0x000001aa2d62f000 ConcurrentGCThread "G1 Conc#0" [stack: 0x0000000d5f600000,0x0000000d5f700000] [id=235292]
  0x000001aa50fb1000 ConcurrentGCThread "G1 Refine#0" [stack: 0x0000000d5f700000,0x0000000d5f800000] [id=234456]
  0x000001aa5715f000 ConcurrentGCThread "G1 Refine#1" [stack: 0x0000000d61100000,0x0000000d61200000] [id=224168]
  0x000001aa571f2800 ConcurrentGCThread "G1 Refine#2" [stack: 0x0000000d61200000,0x0000000d61300000] [id=218760]
  0x000001aa571f3000 ConcurrentGCThread "G1 Refine#3" [stack: 0x0000000d61300000,0x0000000d61400000] [id=229004]
  0x000001aa571f4800 ConcurrentGCThread "G1 Refine#4" [stack: 0x0000000d61400000,0x0000000d61500000] [id=234292]
  0x000001aa57207000 ConcurrentGCThread "G1 Refine#5" [stack: 0x0000000d61500000,0x0000000d61600000] [id=235048]
  0x000001aa5720a000 ConcurrentGCThread "G1 Refine#6" [stack: 0x0000000d61600000,0x0000000d61700000] [id=224800]
  0x000001aa50fb3000 ConcurrentGCThread "G1 Young RemSet Sampling" [stack: 0x0000000d5f800000,0x0000000d5f900000] [id=227948]

Threads with active compile tasks:

VM state:not at safepoint (normal execution)

VM Mutex/Monitor currently owned by a thread: None

Heap address: 0x0000000701400000, size: 4076 MB, Compressed Oops mode: Zero based, Oop shift amount: 3
Narrow klass base: 0x0000000800000000, Narrow klass shift: 3
Compressed class space size: 1073741824 Address: 0x0000000800b40000

Heap:
 garbage-first heap   total 262144K, used 194721K [0x0000000701400000, 0x0000000800000000)
  region size 1024K, 132 young (135168K), 13 survivors (13312K)
 Metaspace       used 9457K, capacity 9740K, committed 9856K, reserved 1058816K
  class space    used 914K, capacity 1042K, committed 1152K, reserved 1048576K
Heap Regions: E=young(eden), S=young(survivor), O=old, HS=humongous(starts), HC=humongous(continues), CS=collection set, F=free, A=archive, TAMS=top-at-mark-start (previous, next)
|   0|0x0000000701400000, 0x0000000701500000, 0x0000000701500000|100%| O|  |TAMS 0x0000000701400000, 0x0000000701400000| Untracked 
|   1|0x0000000701500000, 0x0000000701600000, 0x0000000701600000|100%| O|  |TAMS 0x0000000701500000, 0x0000000701500000| Untracked 
|   2|0x0000000701600000, 0x0000000701700000, 0x0000000701700000|100%| O|  |TAMS 0x0000000701600000, 0x0000000701600000| Untracked 
|   3|0x0000000701700000, 0x0000000701800000, 0x0000000701800000|100%| O|  |TAMS 0x0000000701700000, 0x0000000701700000| Untracked 
|   4|0x0000000701800000, 0x0000000701900000, 0x0000000701900000|100%| O|  |TAMS 0x0000000701800000, 0x0000000701800000| Untracked 
|   5|0x0000000701900000, 0x0000000701a00000, 0x0000000701a00000|100%| O|  |TAMS 0x0000000701900000, 0x0000000701900000| Untracked 
|   6|0x0000000701a00000, 0x0000000701b00000, 0x0000000701b00000|100%| O|  |TAMS 0x0000000701a00000, 0x0000000701a00000| Untracked 
|   7|0x0000000701b00000, 0x0000000701c00000, 0x0000000701c00000|100%| O|  |TAMS 0x0000000701b00000, 0x0000000701b00000| Untracked 
|   8|0x0000000701c00000, 0x0000000701d00000, 0x0000000701d00000|100%| O|  |TAMS 0x0000000701c00000, 0x0000000701c00000| Untracked 
|   9|0x0000000701d00000, 0x0000000701e00000, 0x0000000701e00000|100%| O|  |TAMS 0x0000000701d00000, 0x0000000701d00000| Untracked 
|  10|0x0000000701e00000, 0x0000000701f00000, 0x0000000701f00000|100%| O|  |TAMS 0x0000000701e00000, 0x0000000701e00000| Untracked 
|  11|0x0000000701f00000, 0x0000000702000000, 0x0000000702000000|100%| O|  |TAMS 0x0000000701f00000, 0x0000000701f00000| Untracked 
|  12|0x0000000702000000, 0x0000000702100000, 0x0000000702100000|100%| O|  |TAMS 0x0000000702000000, 0x0000000702000000| Untracked 
|  13|0x0000000702100000, 0x0000000702200000, 0x0000000702200000|100%| O|  |TAMS 0x0000000702100000, 0x0000000702100000| Untracked 
|  14|0x0000000702200000, 0x0000000702300000, 0x0000000702300000|100%| O|  |TAMS 0x0000000702200000, 0x0000000702200000| Untracked 
|  15|0x0000000702300000, 0x0000000702400000, 0x0000000702400000|100%| O|  |TAMS 0x0000000702300000, 0x0000000702300000| Untracked 
|  16|0x0000000702400000, 0x0000000702500000, 0x0000000702500000|100%| O|  |TAMS 0x0000000702400000, 0x0000000702400000| Untracked 
|  17|0x0000000702500000, 0x0000000702600000, 0x0000000702600000|100%| O|  |TAMS 0x0000000702500000, 0x0000000702500000| Untracked 
|  18|0x0000000702600000, 0x0000000702700000, 0x0000000702700000|100%| O|  |TAMS 0x0000000702600000, 0x0000000702600000| Untracked 
|  19|0x0000000702700000, 0x0000000702800000, 0x0000000702800000|100%| O|  |TAMS 0x0000000702700000, 0x0000000702700000| Untracked 
|  20|0x0000000702800000, 0x0000000702900000, 0x0000000702900000|100%|HS|  |TAMS 0x0000000702800000, 0x0000000702800000| Complete 
|  21|0x0000000702900000, 0x0000000702a00000, 0x0000000702a00000|100%|HC|  |TAMS 0x0000000702900000, 0x0000000702900000| Complete 
|  22|0x0000000702a00000, 0x0000000702b00000, 0x0000000702b00000|100%|HS|  |TAMS 0x0000000702a00000, 0x0000000702a00000| Complete 
|  23|0x0000000702b00000, 0x0000000702c00000, 0x0000000702c00000|100%|HC|  |TAMS 0x0000000702b00000, 0x0000000702b00000| Complete 
|  24|0x0000000702c00000, 0x0000000702d00000, 0x0000000702d00000|100%|HC|  |TAMS 0x0000000702c00000, 0x0000000702c00000| Complete 
|  25|0x0000000702d00000, 0x0000000702e00000, 0x0000000702e00000|100%|HC|  |TAMS 0x0000000702d00000, 0x0000000702d00000| Complete 
|  26|0x0000000702e00000, 0x0000000702f00000, 0x0000000702f00000|100%|HS|  |TAMS 0x0000000702e00000, 0x0000000702e00000| Complete 
|  27|0x0000000702f00000, 0x0000000703000000, 0x0000000703000000|100%|HC|  |TAMS 0x0000000702f00000, 0x0000000702f00000| Complete 
|  28|0x0000000703000000, 0x0000000703100000, 0x0000000703100000|100%|HC|  |TAMS 0x0000000703000000, 0x0000000703000000| Complete 
|  29|0x0000000703100000, 0x0000000703200000, 0x0000000703200000|100%|HC|  |TAMS 0x0000000703100000, 0x0000000703100000| Complete 
|  30|0x0000000703200000, 0x0000000703300000, 0x0000000703300000|100%|HS|  |TAMS 0x0000000703200000, 0x0000000703200000| Complete 
|  31|0x0000000703300000, 0x0000000703400000, 0x0000000703400000|100%|HC|  |TAMS 0x0000000703300000, 0x0000000703300000| Complete 
|  32|0x0000000703400000, 0x0000000703500000, 0x0000000703500000|100%|HC|  |TAMS 0x0000000703400000, 0x0000000703400000| Complete 
|  33|0x0000000703500000, 0x0000000703600000, 0x0000000703600000|100%|HS|  |TAMS 0x0000000703500000, 0x0000000703500000| Complete 
|  34|0x0000000703600000, 0x0000000703700000, 0x0000000703700000|100%| O|  |TAMS 0x0000000703600000, 0x0000000703600000| Untracked 
|  35|0x0000000703700000, 0x0000000703800000, 0x0000000703800000|100%| O|  |TAMS 0x0000000703700000, 0x0000000703700000| Untracked 
|  36|0x0000000703800000, 0x0000000703900000, 0x0000000703900000|100%| O|  |TAMS 0x0000000703800000, 0x0000000703800000| Untracked 
|  37|0x0000000703900000, 0x0000000703a00000, 0x0000000703a00000|100%| O|  |TAMS 0x0000000703900000, 0x0000000703900000| Untracked 
|  38|0x0000000703a00000, 0x0000000703b00000, 0x0000000703b00000|100%| O|  |TAMS 0x0000000703a00000, 0x0000000703a00000| Untracked 
|  39|0x0000000703b00000, 0x0000000703c00000, 0x0000000703c00000|100%| O|  |TAMS 0x0000000703b00000, 0x0000000703b00000| Untracked 
|  40|0x0000000703c00000, 0x0000000703d00000, 0x0000000703d00000|100%| O|  |TAMS 0x0000000703c00000, 0x0000000703c00000| Untracked 
|  41|0x0000000703d00000, 0x0000000703e00000, 0x0000000703e00000|100%| O|  |TAMS 0x0000000703d00000, 0x0000000703d00000| Untracked 
|  42|0x0000000703e00000, 0x0000000703f00000, 0x0000000703f00000|100%| O|  |TAMS 0x0000000703e00000, 0x0000000703e00000| Untracked 
|  43|0x0000000703f00000, 0x0000000704000000, 0x0000000704000000|100%| O|  |TAMS 0x0000000703f00000, 0x0000000703f00000| Untracked 
|  44|0x0000000704000000, 0x0000000704100000, 0x0000000704100000|100%| O|  |TAMS 0x0000000704000000, 0x0000000704000000| Untracked 
|  45|0x0000000704100000, 0x0000000704200000, 0x0000000704200000|100%| O|  |TAMS 0x0000000704100000, 0x0000000704100000| Untracked 
|  46|0x0000000704200000, 0x0000000704300000, 0x0000000704300000|100%| O|  |TAMS 0x0000000704200000, 0x0000000704200000| Untracked 
|  47|0x0000000704300000, 0x0000000704400000, 0x0000000704400000|100%| O|  |TAMS 0x0000000704300000, 0x0000000704300000| Untracked 
|  48|0x0000000704400000, 0x0000000704500000, 0x0000000704500000|100%| O|  |TAMS 0x0000000704400000, 0x0000000704400000| Untracked 
|  49|0x0000000704500000, 0x0000000704600000, 0x0000000704600000|100%| O|  |TAMS 0x0000000704500000, 0x0000000704500000| Untracked 
|  50|0x0000000704600000, 0x0000000704700000, 0x0000000704700000|100%| O|  |TAMS 0x0000000704600000, 0x0000000704600000| Untracked 
|  51|0x0000000704700000, 0x0000000704800000, 0x0000000704800000|100%| O|  |TAMS 0x0000000704700000, 0x0000000704700000| Untracked 
|  52|0x0000000704800000, 0x0000000704900000, 0x0000000704900000|100%| O|  |TAMS 0x0000000704800000, 0x0000000704800000| Untracked 
|  53|0x0000000704900000, 0x0000000704a00000, 0x0000000704a00000|100%| O|  |TAMS 0x0000000704900000, 0x0000000704900000| Untracked 
|  54|0x0000000704a00000, 0x0000000704b00000, 0x0000000704b00000|100%| O|  |TAMS 0x0000000704a00000, 0x0000000704a00000| Untracked 
|  55|0x0000000704b00000, 0x0000000704c00000, 0x0000000704c00000|100%| O|  |TAMS 0x0000000704b00000, 0x0000000704b00000| Untracked 
|  56|0x0000000704c00000, 0x0000000704d00000, 0x0000000704d00000|100%| O|  |TAMS 0x0000000704c00000, 0x0000000704c00000| Untracked 
|  57|0x0000000704d00000, 0x0000000704e00000, 0x0000000704e00000|100%| O|  |TAMS 0x0000000704d00000, 0x0000000704d00000| Untracked 
|  58|0x0000000704e00000, 0x0000000704f00000, 0x0000000704f00000|100%| O|  |TAMS 0x0000000704e00000, 0x0000000704e00000| Untracked 
|  59|0x0000000704f00000, 0x0000000704f28600, 0x0000000705000000| 15%| O|  |TAMS 0x0000000704f00000, 0x0000000704f00000| Untracked 
|  60|0x0000000705000000, 0x0000000705000000, 0x0000000705100000|  0%| F|  |TAMS 0x0000000705000000, 0x0000000705000000| Untracked 
|  61|0x0000000705100000, 0x0000000705100000, 0x0000000705200000|  0%| F|  |TAMS 0x0000000705100000, 0x0000000705100000| Untracked 
|  62|0x0000000705200000, 0x0000000705200000, 0x0000000705300000|  0%| F|  |TAMS 0x0000000705200000, 0x0000000705200000| Untracked 
|  63|0x0000000705300000, 0x0000000705300000, 0x0000000705400000|  0%| F|  |TAMS 0x0000000705300000, 0x0000000705300000| Untracked 
|  64|0x0000000705400000, 0x0000000705400000, 0x0000000705500000|  0%| F|  |TAMS 0x0000000705400000, 0x0000000705400000| Untracked 
|  65|0x0000000705500000, 0x0000000705500000, 0x0000000705600000|  0%| F|  |TAMS 0x0000000705500000, 0x0000000705500000| Untracked 
|  66|0x0000000705600000, 0x0000000705600000, 0x0000000705700000|  0%| F|  |TAMS 0x0000000705600000, 0x0000000705600000| Untracked 
|  67|0x0000000705700000, 0x0000000705700000, 0x0000000705800000|  0%| F|  |TAMS 0x0000000705700000, 0x0000000705700000| Untracked 
|  68|0x0000000705800000, 0x0000000705800000, 0x0000000705900000|  0%| F|  |TAMS 0x0000000705800000, 0x0000000705800000| Untracked 
|  69|0x0000000705900000, 0x0000000705900000, 0x0000000705a00000|  0%| F|  |TAMS 0x0000000705900000, 0x0000000705900000| Untracked 
|  70|0x0000000705a00000, 0x0000000705a00000, 0x0000000705b00000|  0%| F|  |TAMS 0x0000000705a00000, 0x0000000705a00000| Untracked 
|  71|0x0000000705b00000, 0x0000000705b00000, 0x0000000705c00000|  0%| F|  |TAMS 0x0000000705b00000, 0x0000000705b00000| Untracked 
|  72|0x0000000705c00000, 0x0000000705c00000, 0x0000000705d00000|  0%| F|  |TAMS 0x0000000705c00000, 0x0000000705c00000| Untracked 
|  73|0x0000000705d00000, 0x0000000705d00000, 0x0000000705e00000|  0%| F|  |TAMS 0x0000000705d00000, 0x0000000705d00000| Untracked 
|  74|0x0000000705e00000, 0x0000000705e00000, 0x0000000705f00000|  0%| F|  |TAMS 0x0000000705e00000, 0x0000000705e00000| Untracked 
|  75|0x0000000705f00000, 0x0000000705f00000, 0x0000000706000000|  0%| F|  |TAMS 0x0000000705f00000, 0x0000000705f00000| Untracked 
|  76|0x0000000706000000, 0x0000000706000000, 0x0000000706100000|  0%| F|  |TAMS 0x0000000706000000, 0x0000000706000000| Untracked 
|  77|0x0000000706100000, 0x0000000706100000, 0x0000000706200000|  0%| F|  |TAMS 0x0000000706100000, 0x0000000706100000| Untracked 
|  78|0x0000000706200000, 0x0000000706200000, 0x0000000706300000|  0%| F|  |TAMS 0x0000000706200000, 0x0000000706200000| Untracked 
|  79|0x0000000706300000, 0x0000000706300000, 0x0000000706400000|  0%| F|  |TAMS 0x0000000706300000, 0x0000000706300000| Untracked 
|  80|0x0000000706400000, 0x0000000706400000, 0x0000000706500000|  0%| F|  |TAMS 0x0000000706400000, 0x0000000706400000| Untracked 
|  81|0x0000000706500000, 0x0000000706500000, 0x0000000706600000|  0%| F|  |TAMS 0x0000000706500000, 0x0000000706500000| Untracked 
|  82|0x0000000706600000, 0x0000000706600000, 0x0000000706700000|  0%| F|  |TAMS 0x0000000706600000, 0x0000000706600000| Untracked 
|  83|0x0000000706700000, 0x0000000706700000, 0x0000000706800000|  0%| F|  |TAMS 0x0000000706700000, 0x0000000706700000| Untracked 
|  84|0x0000000706800000, 0x0000000706800000, 0x0000000706900000|  0%| F|  |TAMS 0x0000000706800000, 0x0000000706800000| Untracked 
|  85|0x0000000706900000, 0x0000000706900000, 0x0000000706a00000|  0%| F|  |TAMS 0x0000000706900000, 0x0000000706900000| Untracked 
|  86|0x0000000706a00000, 0x0000000706a00000, 0x0000000706b00000|  0%| F|  |TAMS 0x0000000706a00000, 0x0000000706a00000| Untracked 
|  87|0x0000000706b00000, 0x0000000706b00000, 0x0000000706c00000|  0%| F|  |TAMS 0x0000000706b00000, 0x0000000706b00000| Untracked 
|  88|0x0000000706c00000, 0x0000000706c00000, 0x0000000706d00000|  0%| F|  |TAMS 0x0000000706c00000, 0x0000000706c00000| Untracked 
|  89|0x0000000706d00000, 0x0000000706d00000, 0x0000000706e00000|  0%| F|  |TAMS 0x0000000706d00000, 0x0000000706d00000| Untracked 
|  90|0x0000000706e00000, 0x0000000706e00000, 0x0000000706f00000|  0%| F|  |TAMS 0x0000000706e00000, 0x0000000706e00000| Untracked 
|  91|0x0000000706f00000, 0x0000000706f00000, 0x0000000707000000|  0%| F|  |TAMS 0x0000000706f00000, 0x0000000706f00000| Untracked 
|  92|0x0000000707000000, 0x0000000707000000, 0x0000000707100000|  0%| F|  |TAMS 0x0000000707000000, 0x0000000707000000| Untracked 
|  93|0x0000000707100000, 0x0000000707100000, 0x0000000707200000|  0%| F|  |TAMS 0x0000000707100000, 0x0000000707100000| Untracked 
|  94|0x0000000707200000, 0x0000000707200000, 0x0000000707300000|  0%| F|  |TAMS 0x0000000707200000, 0x0000000707200000| Untracked 
|  95|0x0000000707300000, 0x0000000707300000, 0x0000000707400000|  0%| F|  |TAMS 0x0000000707300000, 0x0000000707300000| Untracked 
|  96|0x0000000707400000, 0x0000000707500000, 0x0000000707500000|100%| S|CS|TAMS 0x0000000707400000, 0x0000000707400000| Complete 
|  97|0x0000000707500000, 0x0000000707500000, 0x0000000707600000|  0%| F|  |TAMS 0x0000000707500000, 0x0000000707500000| Untracked 
|  98|0x0000000707600000, 0x0000000707600000, 0x0000000707700000|  0%| F|  |TAMS 0x0000000707600000, 0x0000000707600000| Untracked 
|  99|0x0000000707700000, 0x0000000707700000, 0x0000000707800000|  0%| F|  |TAMS 0x0000000707700000, 0x0000000707700000| Untracked 
| 100|0x0000000707800000, 0x0000000707900000, 0x0000000707900000|100%| S|CS|TAMS 0x0000000707800000, 0x0000000707800000| Complete 
| 101|0x0000000707900000, 0x0000000707900000, 0x0000000707a00000|  0%| F|  |TAMS 0x0000000707900000, 0x0000000707900000| Untracked 
| 102|0x0000000707a00000, 0x0000000707b00000, 0x0000000707b00000|100%| S|CS|TAMS 0x0000000707a00000, 0x0000000707a00000| Complete 
| 103|0x0000000707b00000, 0x0000000707c00000, 0x0000000707c00000|100%| S|CS|TAMS 0x0000000707b00000, 0x0000000707b00000| Complete 
| 104|0x0000000707c00000, 0x0000000707c00000, 0x0000000707d00000|  0%| F|  |TAMS 0x0000000707c00000, 0x0000000707c00000| Untracked 
| 105|0x0000000707d00000, 0x0000000707e00000, 0x0000000707e00000|100%| S|CS|TAMS 0x0000000707d00000, 0x0000000707d00000| Complete 
| 106|0x0000000707e00000, 0x0000000707f00000, 0x0000000707f00000|100%| S|CS|TAMS 0x0000000707e00000, 0x0000000707e00000| Complete 
| 107|0x0000000707f00000, 0x0000000707f00000, 0x0000000708000000|  0%| F|  |TAMS 0x0000000707f00000, 0x0000000707f00000| Untracked 
| 108|0x0000000708000000, 0x0000000708000000, 0x0000000708100000|  0%| F|  |TAMS 0x0000000708000000, 0x0000000708000000| Untracked 
| 109|0x0000000708100000, 0x0000000708100000, 0x0000000708200000|  0%| F|  |TAMS 0x0000000708100000, 0x0000000708100000| Untracked 
| 110|0x0000000708200000, 0x0000000708200000, 0x0000000708300000|  0%| F|  |TAMS 0x0000000708200000, 0x0000000708200000| Untracked 
| 111|0x0000000708300000, 0x0000000708400000, 0x0000000708400000|100%| S|CS|TAMS 0x0000000708300000, 0x0000000708300000| Complete 
| 112|0x0000000708400000, 0x0000000708500000, 0x0000000708500000|100%| S|CS|TAMS 0x0000000708400000, 0x0000000708400000| Complete 
| 113|0x0000000708500000, 0x0000000708600000, 0x0000000708600000|100%| S|CS|TAMS 0x0000000708500000, 0x0000000708500000| Complete 
| 114|0x0000000708600000, 0x0000000708700000, 0x0000000708700000|100%| S|CS|TAMS 0x0000000708600000, 0x0000000708600000| Complete 
| 115|0x0000000708700000, 0x0000000708800000, 0x0000000708800000|100%| S|CS|TAMS 0x0000000708700000, 0x0000000708700000| Complete 
| 116|0x0000000708800000, 0x0000000708900000, 0x0000000708900000|100%| S|CS|TAMS 0x0000000708800000, 0x0000000708800000| Complete 
| 117|0x0000000708900000, 0x0000000708a00000, 0x0000000708a00000|100%| S|CS|TAMS 0x0000000708900000, 0x0000000708900000| Complete 
| 118|0x0000000708a00000, 0x0000000708a00000, 0x0000000708b00000|  0%| F|  |TAMS 0x0000000708a00000, 0x0000000708a00000| Untracked 
| 119|0x0000000708b00000, 0x0000000708b00000, 0x0000000708c00000|  0%| F|  |TAMS 0x0000000708b00000, 0x0000000708b00000| Untracked 
| 120|0x0000000708c00000, 0x0000000708c00000, 0x0000000708d00000|  0%| F|  |TAMS 0x0000000708c00000, 0x0000000708c00000| Untracked 
| 121|0x0000000708d00000, 0x0000000708d00000, 0x0000000708e00000|  0%| F|  |TAMS 0x0000000708d00000, 0x0000000708d00000| Untracked 
| 122|0x0000000708e00000, 0x0000000708e00000, 0x0000000708f00000|  0%| F|  |TAMS 0x0000000708e00000, 0x0000000708e00000| Untracked 
| 123|0x0000000708f00000, 0x0000000708f00000, 0x0000000709000000|  0%| F|  |TAMS 0x0000000708f00000, 0x0000000708f00000| Untracked 
| 124|0x0000000709000000, 0x0000000709000000, 0x0000000709100000|  0%| F|  |TAMS 0x0000000709000000, 0x0000000709000000| Untracked 
| 125|0x0000000709100000, 0x0000000709100000, 0x0000000709200000|  0%| F|  |TAMS 0x0000000709100000, 0x0000000709100000| Untracked 
| 126|0x0000000709200000, 0x0000000709200000, 0x0000000709300000|  0%| F|  |TAMS 0x0000000709200000, 0x0000000709200000| Untracked 
| 127|0x0000000709300000, 0x0000000709300000, 0x0000000709400000|  0%| F|  |TAMS 0x0000000709300000, 0x0000000709300000| Untracked 
| 128|0x0000000709400000, 0x0000000709400000, 0x0000000709500000|  0%| F|  |TAMS 0x0000000709400000, 0x0000000709400000| Untracked 
| 129|0x0000000709500000, 0x0000000709500000, 0x0000000709600000|  0%| F|  |TAMS 0x0000000709500000, 0x0000000709500000| Untracked 
| 130|0x0000000709600000, 0x0000000709600000, 0x0000000709700000|  0%| F|  |TAMS 0x0000000709600000, 0x0000000709600000| Untracked 
| 131|0x0000000709700000, 0x0000000709700000, 0x0000000709800000|  0%| F|  |TAMS 0x0000000709700000, 0x0000000709700000| Untracked 
| 132|0x0000000709800000, 0x0000000709800000, 0x0000000709900000|  0%| F|  |TAMS 0x0000000709800000, 0x0000000709800000| Untracked 
| 133|0x0000000709900000, 0x0000000709900000, 0x0000000709a00000|  0%| F|  |TAMS 0x0000000709900000, 0x0000000709900000| Untracked 
| 134|0x0000000709a00000, 0x0000000709a00000, 0x0000000709b00000|  0%| F|  |TAMS 0x0000000709a00000, 0x0000000709a00000| Untracked 
| 135|0x0000000709b00000, 0x0000000709b00000, 0x0000000709c00000|  0%| F|  |TAMS 0x0000000709b00000, 0x0000000709b00000| Untracked 
| 136|0x0000000709c00000, 0x0000000709c00000, 0x0000000709d00000|  0%| F|  |TAMS 0x0000000709c00000, 0x0000000709c00000| Untracked 
| 137|0x0000000709d00000, 0x0000000709d80800, 0x0000000709e00000| 50%| E|  |TAMS 0x0000000709d00000, 0x0000000709d00000| Complete 
| 138|0x0000000709e00000, 0x0000000709f00000, 0x0000000709f00000|100%| E|CS|TAMS 0x0000000709e00000, 0x0000000709e00000| Complete 
| 139|0x0000000709f00000, 0x000000070a000000, 0x000000070a000000|100%| E|CS|TAMS 0x0000000709f00000, 0x0000000709f00000| Complete 
| 140|0x000000070a000000, 0x000000070a100000, 0x000000070a100000|100%| E|CS|TAMS 0x000000070a000000, 0x000000070a000000| Complete 
| 141|0x000000070a100000, 0x000000070a200000, 0x000000070a200000|100%| E|CS|TAMS 0x000000070a100000, 0x000000070a100000| Complete 
| 142|0x000000070a200000, 0x000000070a300000, 0x000000070a300000|100%| E|CS|TAMS 0x000000070a200000, 0x000000070a200000| Complete 
| 143|0x000000070a300000, 0x000000070a400000, 0x000000070a400000|100%| E|CS|TAMS 0x000000070a300000, 0x000000070a300000| Complete 
| 144|0x000000070a400000, 0x000000070a500000, 0x000000070a500000|100%| E|CS|TAMS 0x000000070a400000, 0x000000070a400000| Complete 
| 145|0x000000070a500000, 0x000000070a600000, 0x000000070a600000|100%| E|CS|TAMS 0x000000070a500000, 0x000000070a500000| Complete 
| 146|0x000000070a600000, 0x000000070a700000, 0x000000070a700000|100%| E|CS|TAMS 0x000000070a600000, 0x000000070a600000| Complete 
| 147|0x000000070a700000, 0x000000070a800000, 0x000000070a800000|100%| E|CS|TAMS 0x000000070a700000, 0x000000070a700000| Complete 
| 148|0x000000070a800000, 0x000000070a900000, 0x000000070a900000|100%| E|CS|TAMS 0x000000070a800000, 0x000000070a800000| Complete 
| 149|0x000000070a900000, 0x000000070aa00000, 0x000000070aa00000|100%| E|CS|TAMS 0x000000070a900000, 0x000000070a900000| Complete 
| 150|0x000000070aa00000, 0x000000070ab00000, 0x000000070ab00000|100%| E|CS|TAMS 0x000000070aa00000, 0x000000070aa00000| Complete 
| 151|0x000000070ab00000, 0x000000070ac00000, 0x000000070ac00000|100%| E|CS|TAMS 0x000000070ab00000, 0x000000070ab00000| Complete 
| 152|0x000000070ac00000, 0x000000070ad00000, 0x000000070ad00000|100%| E|CS|TAMS 0x000000070ac00000, 0x000000070ac00000| Complete 
| 153|0x000000070ad00000, 0x000000070ae00000, 0x000000070ae00000|100%| E|CS|TAMS 0x000000070ad00000, 0x000000070ad00000| Complete 
| 154|0x000000070ae00000, 0x000000070af00000, 0x000000070af00000|100%| E|CS|TAMS 0x000000070ae00000, 0x000000070ae00000| Complete 
| 155|0x000000070af00000, 0x000000070b000000, 0x000000070b000000|100%| E|CS|TAMS 0x000000070af00000, 0x000000070af00000| Complete 
| 156|0x000000070b000000, 0x000000070b100000, 0x000000070b100000|100%| E|CS|TAMS 0x000000070b000000, 0x000000070b000000| Complete 
| 157|0x000000070b100000, 0x000000070b200000, 0x000000070b200000|100%| E|CS|TAMS 0x000000070b100000, 0x000000070b100000| Complete 
| 158|0x000000070b200000, 0x000000070b300000, 0x000000070b300000|100%| E|CS|TAMS 0x000000070b200000, 0x000000070b200000| Complete 
| 159|0x000000070b300000, 0x000000070b400000, 0x000000070b400000|100%| E|CS|TAMS 0x000000070b300000, 0x000000070b300000| Complete 
| 160|0x000000070b400000, 0x000000070b500000, 0x000000070b500000|100%| E|CS|TAMS 0x000000070b400000, 0x000000070b400000| Complete 
| 161|0x000000070b500000, 0x000000070b600000, 0x000000070b600000|100%| E|CS|TAMS 0x000000070b500000, 0x000000070b500000| Complete 
| 162|0x000000070b600000, 0x000000070b700000, 0x000000070b700000|100%| E|CS|TAMS 0x000000070b600000, 0x000000070b600000| Complete 
| 163|0x000000070b700000, 0x000000070b800000, 0x000000070b800000|100%| E|CS|TAMS 0x000000070b700000, 0x000000070b700000| Complete 
| 164|0x000000070b800000, 0x000000070b900000, 0x000000070b900000|100%| E|CS|TAMS 0x000000070b800000, 0x000000070b800000| Complete 
| 165|0x000000070b900000, 0x000000070ba00000, 0x000000070ba00000|100%| E|CS|TAMS 0x000000070b900000, 0x000000070b900000| Complete 
| 166|0x000000070ba00000, 0x000000070bb00000, 0x000000070bb00000|100%| E|CS|TAMS 0x000000070ba00000, 0x000000070ba00000| Complete 
| 167|0x000000070bb00000, 0x000000070bc00000, 0x000000070bc00000|100%| E|CS|TAMS 0x000000070bb00000, 0x000000070bb00000| Complete 
| 168|0x000000070bc00000, 0x000000070bd00000, 0x000000070bd00000|100%| E|CS|TAMS 0x000000070bc00000, 0x000000070bc00000| Complete 
| 169|0x000000070bd00000, 0x000000070be00000, 0x000000070be00000|100%| E|CS|TAMS 0x000000070bd00000, 0x000000070bd00000| Complete 
| 170|0x000000070be00000, 0x000000070bf00000, 0x000000070bf00000|100%| E|CS|TAMS 0x000000070be00000, 0x000000070be00000| Complete 
| 171|0x000000070bf00000, 0x000000070c000000, 0x000000070c000000|100%| E|CS|TAMS 0x000000070bf00000, 0x000000070bf00000| Complete 
| 172|0x000000070c000000, 0x000000070c100000, 0x000000070c100000|100%| E|CS|TAMS 0x000000070c000000, 0x000000070c000000| Complete 
| 173|0x000000070c100000, 0x000000070c200000, 0x000000070c200000|100%| E|CS|TAMS 0x000000070c100000, 0x000000070c100000| Complete 
| 174|0x000000070c200000, 0x000000070c300000, 0x000000070c300000|100%| E|CS|TAMS 0x000000070c200000, 0x000000070c200000| Complete 
| 175|0x000000070c300000, 0x000000070c400000, 0x000000070c400000|100%| E|CS|TAMS 0x000000070c300000, 0x000000070c300000| Complete 
| 176|0x000000070c400000, 0x000000070c500000, 0x000000070c500000|100%| E|CS|TAMS 0x000000070c400000, 0x000000070c400000| Complete 
| 177|0x000000070c500000, 0x000000070c600000, 0x000000070c600000|100%| E|CS|TAMS 0x000000070c500000, 0x000000070c500000| Complete 
| 178|0x000000070c600000, 0x000000070c700000, 0x000000070c700000|100%| E|CS|TAMS 0x000000070c600000, 0x000000070c600000| Complete 
| 179|0x000000070c700000, 0x000000070c800000, 0x000000070c800000|100%| E|CS|TAMS 0x000000070c700000, 0x000000070c700000| Complete 
| 180|0x000000070c800000, 0x000000070c900000, 0x000000070c900000|100%| E|CS|TAMS 0x000000070c800000, 0x000000070c800000| Complete 
| 181|0x000000070c900000, 0x000000070ca00000, 0x000000070ca00000|100%| E|CS|TAMS 0x000000070c900000, 0x000000070c900000| Complete 
| 182|0x000000070ca00000, 0x000000070cb00000, 0x000000070cb00000|100%| E|CS|TAMS 0x000000070ca00000, 0x000000070ca00000| Complete 
| 183|0x000000070cb00000, 0x000000070cc00000, 0x000000070cc00000|100%| E|CS|TAMS 0x000000070cb00000, 0x000000070cb00000| Complete 
| 184|0x000000070cc00000, 0x000000070cd00000, 0x000000070cd00000|100%| E|CS|TAMS 0x000000070cc00000, 0x000000070cc00000| Complete 
| 185|0x000000070cd00000, 0x000000070ce00000, 0x000000070ce00000|100%| E|CS|TAMS 0x000000070cd00000, 0x000000070cd00000| Complete 
| 186|0x000000070ce00000, 0x000000070cf00000, 0x000000070cf00000|100%| E|CS|TAMS 0x000000070ce00000, 0x000000070ce00000| Complete 
| 187|0x000000070cf00000, 0x000000070d000000, 0x000000070d000000|100%| E|CS|TAMS 0x000000070cf00000, 0x000000070cf00000| Complete 
| 188|0x000000070d000000, 0x000000070d100000, 0x000000070d100000|100%| E|CS|TAMS 0x000000070d000000, 0x000000070d000000| Complete 
| 189|0x000000070d100000, 0x000000070d200000, 0x000000070d200000|100%| E|CS|TAMS 0x000000070d100000, 0x000000070d100000| Complete 
| 190|0x000000070d200000, 0x000000070d300000, 0x000000070d300000|100%| E|CS|TAMS 0x000000070d200000, 0x000000070d200000| Complete 
| 191|0x000000070d300000, 0x000000070d400000, 0x000000070d400000|100%| E|CS|TAMS 0x000000070d300000, 0x000000070d300000| Complete 
| 192|0x000000070d400000, 0x000000070d500000, 0x000000070d500000|100%| E|CS|TAMS 0x000000070d400000, 0x000000070d400000| Complete 
| 193|0x000000070d500000, 0x000000070d600000, 0x000000070d600000|100%| E|CS|TAMS 0x000000070d500000, 0x000000070d500000| Complete 
| 194|0x000000070d600000, 0x000000070d700000, 0x000000070d700000|100%| E|CS|TAMS 0x000000070d600000, 0x000000070d600000| Complete 
| 195|0x000000070d700000, 0x000000070d800000, 0x000000070d800000|100%| E|CS|TAMS 0x000000070d700000, 0x000000070d700000| Complete 
| 196|0x000000070d800000, 0x000000070d900000, 0x000000070d900000|100%| E|CS|TAMS 0x000000070d800000, 0x000000070d800000| Complete 
| 197|0x000000070d900000, 0x000000070da00000, 0x000000070da00000|100%| E|CS|TAMS 0x000000070d900000, 0x000000070d900000| Complete 
| 198|0x000000070da00000, 0x000000070db00000, 0x000000070db00000|100%| E|CS|TAMS 0x000000070da00000, 0x000000070da00000| Complete 
| 199|0x000000070db00000, 0x000000070dc00000, 0x000000070dc00000|100%| E|CS|TAMS 0x000000070db00000, 0x000000070db00000| Complete 
| 200|0x000000070dc00000, 0x000000070dd00000, 0x000000070dd00000|100%| E|CS|TAMS 0x000000070dc00000, 0x000000070dc00000| Complete 
| 201|0x000000070dd00000, 0x000000070de00000, 0x000000070de00000|100%| E|CS|TAMS 0x000000070dd00000, 0x000000070dd00000| Complete 
| 202|0x000000070de00000, 0x000000070df00000, 0x000000070df00000|100%| E|CS|TAMS 0x000000070de00000, 0x000000070de00000| Complete 
| 203|0x000000070df00000, 0x000000070e000000, 0x000000070e000000|100%| E|CS|TAMS 0x000000070df00000, 0x000000070df00000| Complete 
| 204|0x000000070e000000, 0x000000070e100000, 0x000000070e100000|100%| E|CS|TAMS 0x000000070e000000, 0x000000070e000000| Complete 
| 205|0x000000070e100000, 0x000000070e200000, 0x000000070e200000|100%| E|CS|TAMS 0x000000070e100000, 0x000000070e100000| Complete 
| 206|0x000000070e200000, 0x000000070e300000, 0x000000070e300000|100%| E|CS|TAMS 0x000000070e200000, 0x000000070e200000| Complete 
| 207|0x000000070e300000, 0x000000070e400000, 0x000000070e400000|100%| E|CS|TAMS 0x000000070e300000, 0x000000070e300000| Complete 
| 208|0x000000070e400000, 0x000000070e500000, 0x000000070e500000|100%| E|CS|TAMS 0x000000070e400000, 0x000000070e400000| Complete 
| 209|0x000000070e500000, 0x000000070e600000, 0x000000070e600000|100%| E|CS|TAMS 0x000000070e500000, 0x000000070e500000| Complete 
| 210|0x000000070e600000, 0x000000070e700000, 0x000000070e700000|100%| E|CS|TAMS 0x000000070e600000, 0x000000070e600000| Complete 
| 211|0x000000070e700000, 0x000000070e800000, 0x000000070e800000|100%| E|CS|TAMS 0x000000070e700000, 0x000000070e700000| Complete 
| 212|0x000000070e800000, 0x000000070e900000, 0x000000070e900000|100%| E|CS|TAMS 0x000000070e800000, 0x000000070e800000| Complete 
| 213|0x000000070e900000, 0x000000070ea00000, 0x000000070ea00000|100%| E|CS|TAMS 0x000000070e900000, 0x000000070e900000| Complete 
| 214|0x000000070ea00000, 0x000000070eb00000, 0x000000070eb00000|100%| E|CS|TAMS 0x000000070ea00000, 0x000000070ea00000| Complete 
| 215|0x000000070eb00000, 0x000000070ec00000, 0x000000070ec00000|100%| E|CS|TAMS 0x000000070eb00000, 0x000000070eb00000| Complete 
| 216|0x000000070ec00000, 0x000000070ed00000, 0x000000070ed00000|100%| E|CS|TAMS 0x000000070ec00000, 0x000000070ec00000| Complete 
| 217|0x000000070ed00000, 0x000000070ee00000, 0x000000070ee00000|100%| E|CS|TAMS 0x000000070ed00000, 0x000000070ed00000| Complete 
| 218|0x000000070ee00000, 0x000000070ef00000, 0x000000070ef00000|100%| E|CS|TAMS 0x000000070ee00000, 0x000000070ee00000| Complete 
| 219|0x000000070ef00000, 0x000000070f000000, 0x000000070f000000|100%| E|CS|TAMS 0x000000070ef00000, 0x000000070ef00000| Complete 
| 220|0x000000070f000000, 0x000000070f100000, 0x000000070f100000|100%| E|CS|TAMS 0x000000070f000000, 0x000000070f000000| Complete 
| 221|0x000000070f100000, 0x000000070f200000, 0x000000070f200000|100%| E|CS|TAMS 0x000000070f100000, 0x000000070f100000| Complete 
| 222|0x000000070f200000, 0x000000070f300000, 0x000000070f300000|100%| E|CS|TAMS 0x000000070f200000, 0x000000070f200000| Complete 
| 223|0x000000070f300000, 0x000000070f400000, 0x000000070f400000|100%| E|CS|TAMS 0x000000070f300000, 0x000000070f300000| Complete 
| 224|0x000000070f400000, 0x000000070f500000, 0x000000070f500000|100%| E|CS|TAMS 0x000000070f400000, 0x000000070f400000| Complete 
| 225|0x000000070f500000, 0x000000070f600000, 0x000000070f600000|100%| E|CS|TAMS 0x000000070f500000, 0x000000070f500000| Complete 
| 226|0x000000070f600000, 0x000000070f700000, 0x000000070f700000|100%| E|CS|TAMS 0x000000070f600000, 0x000000070f600000| Complete 
| 227|0x000000070f700000, 0x000000070f800000, 0x000000070f800000|100%| E|CS|TAMS 0x000000070f700000, 0x000000070f700000| Complete 
| 228|0x000000070f800000, 0x000000070f900000, 0x000000070f900000|100%| E|CS|TAMS 0x000000070f800000, 0x000000070f800000| Complete 
| 229|0x000000070f900000, 0x000000070fa00000, 0x000000070fa00000|100%| E|CS|TAMS 0x000000070f900000, 0x000000070f900000| Complete 
| 230|0x000000070fa00000, 0x000000070fb00000, 0x000000070fb00000|100%| E|CS|TAMS 0x000000070fa00000, 0x000000070fa00000| Complete 
| 231|0x000000070fb00000, 0x000000070fc00000, 0x000000070fc00000|100%| E|CS|TAMS 0x000000070fb00000, 0x000000070fb00000| Complete 
| 232|0x000000070fc00000, 0x000000070fd00000, 0x000000070fd00000|100%| E|CS|TAMS 0x000000070fc00000, 0x000000070fc00000| Complete 
| 233|0x000000070fd00000, 0x000000070fe00000, 0x000000070fe00000|100%| E|CS|TAMS 0x000000070fd00000, 0x000000070fd00000| Complete 
| 234|0x000000070fe00000, 0x000000070ff00000, 0x000000070ff00000|100%| E|CS|TAMS 0x000000070fe00000, 0x000000070fe00000| Complete 
| 235|0x000000070ff00000, 0x0000000710000000, 0x0000000710000000|100%| E|CS|TAMS 0x000000070ff00000, 0x000000070ff00000| Complete 
| 236|0x0000000710000000, 0x0000000710100000, 0x0000000710100000|100%| E|CS|TAMS 0x0000000710000000, 0x0000000710000000| Complete 
| 237|0x0000000710100000, 0x0000000710200000, 0x0000000710200000|100%| E|CS|TAMS 0x0000000710100000, 0x0000000710100000| Complete 
| 238|0x0000000710200000, 0x0000000710300000, 0x0000000710300000|100%| E|CS|TAMS 0x0000000710200000, 0x0000000710200000| Complete 
| 239|0x0000000710300000, 0x0000000710400000, 0x0000000710400000|100%| E|CS|TAMS 0x0000000710300000, 0x0000000710300000| Complete 
| 240|0x0000000710400000, 0x0000000710500000, 0x0000000710500000|100%| E|CS|TAMS 0x0000000710400000, 0x0000000710400000| Complete 
| 241|0x0000000710500000, 0x0000000710600000, 0x0000000710600000|100%| E|CS|TAMS 0x0000000710500000, 0x0000000710500000| Complete 
| 242|0x0000000710600000, 0x0000000710700000, 0x0000000710700000|100%| E|CS|TAMS 0x0000000710600000, 0x0000000710600000| Complete 
| 243|0x0000000710700000, 0x0000000710800000, 0x0000000710800000|100%| E|CS|TAMS 0x0000000710700000, 0x0000000710700000| Complete 
| 244|0x0000000710800000, 0x0000000710900000, 0x0000000710900000|100%| E|CS|TAMS 0x0000000710800000, 0x0000000710800000| Complete 
| 245|0x0000000710900000, 0x0000000710a00000, 0x0000000710a00000|100%| E|CS|TAMS 0x0000000710900000, 0x0000000710900000| Complete 
| 246|0x0000000710a00000, 0x0000000710b00000, 0x0000000710b00000|100%| E|CS|TAMS 0x0000000710a00000, 0x0000000710a00000| Complete 
| 247|0x0000000710b00000, 0x0000000710c00000, 0x0000000710c00000|100%| E|CS|TAMS 0x0000000710b00000, 0x0000000710b00000| Complete 
| 248|0x0000000710c00000, 0x0000000710d00000, 0x0000000710d00000|100%| E|CS|TAMS 0x0000000710c00000, 0x0000000710c00000| Complete 
| 249|0x0000000710d00000, 0x0000000710e00000, 0x0000000710e00000|100%| E|CS|TAMS 0x0000000710d00000, 0x0000000710d00000| Complete 
| 250|0x0000000710e00000, 0x0000000710f00000, 0x0000000710f00000|100%| E|CS|TAMS 0x0000000710e00000, 0x0000000710e00000| Complete 
| 251|0x0000000710f00000, 0x0000000711000000, 0x0000000711000000|100%| E|CS|TAMS 0x0000000710f00000, 0x0000000710f00000| Complete 
| 252|0x0000000711000000, 0x0000000711100000, 0x0000000711100000|100%| E|CS|TAMS 0x0000000711000000, 0x0000000711000000| Complete 
| 253|0x0000000711100000, 0x0000000711200000, 0x0000000711200000|100%| E|CS|TAMS 0x0000000711100000, 0x0000000711100000| Complete 
| 254|0x0000000711200000, 0x0000000711300000, 0x0000000711300000|100%| E|CS|TAMS 0x0000000711200000, 0x0000000711200000| Complete 
| 255|0x0000000711300000, 0x0000000711400000, 0x0000000711400000|100%| E|CS|TAMS 0x0000000711300000, 0x0000000711300000| Complete 

Card table byte_map: [0x000001aa455d0000,0x000001aa45dd0000] _byte_map_base: 0x000001aa41dc6000

Marking Bits (Prev, Next): (CMBitMap*) 0x000001aa2d60ca58, (CMBitMap*) 0x000001aa2d60ca98
 Prev Bits: [0x000001aa465d0000, 0x000001aa4a580000)
 Next Bits: [0x000001aa4a580000, 0x000001aa4e530000)

Polling page: 0x000001aa2b5a0000

Metaspace:

Usage:
  Non-class:      8.49 MB capacity,     8.34 MB ( 98%) used,   132.86 KB (  2%) free+waste,    22.19 KB ( <1%) overhead. 
      Class:      1.02 MB capacity,   914.27 KB ( 88%) used,   114.23 KB ( 11%) free+waste,    13.50 KB (  1%) overhead. 
       Both:      9.51 MB capacity,     9.24 MB ( 97%) used,   247.09 KB (  3%) free+waste,    35.69 KB ( <1%) overhead. 

Virtual space:
  Non-class space:       10.00 MB reserved,       8.50 MB ( 85%) committed 
      Class space:        1.00 GB reserved,       1.13 MB ( <1%) committed 
             Both:        1.01 GB reserved,       9.63 MB ( <1%) committed 

Chunk freelists:
   Non-Class:  6.00 KB
       Class:  14.00 KB
        Both:  20.00 KB

MaxMetaspaceSize: 17179869184.00 GB
CompressedClassSpaceSize: 1.00 GB

CodeHeap 'non-profiled nmethods': size=120000Kb used=4521Kb max_used=4632Kb free=115478Kb
 bounds [0x000001aa3d570000, 0x000001aa3da00000, 0x000001aa44aa0000]
CodeHeap 'profiled nmethods': size=120000Kb used=3731Kb max_used=5611Kb free=116268Kb
 bounds [0x000001aa36040000, 0x000001aa365c0000, 0x000001aa3d570000]
CodeHeap 'non-nmethods': size=5760Kb used=1402Kb max_used=1504Kb free=4357Kb
 bounds [0x000001aa35aa0000, 0x000001aa35d10000, 0x000001aa36040000]
 total_blobs=5804 nmethods=2371 adapters=516
 compilation: enabled
              stopped_count=0, restarted_count=0
 full_count=0

Compilation events (20 events):
Event: 164.809 Thread 0x000001aa5195b800 nmethod 3148 0x000001aa3d9d2c90 code [0x000001aa3d9d2e20, 0x000001aa3d9d31d8]
Event: 164.903 Thread 0x000001aa5195b800 3149       4       sun.font.FontDesignMetrics$KeyReference::<init> (19 bytes)
Event: 164.905 Thread 0x000001aa5195b800 nmethod 3149 0x000001aa3d9d3310 code [0x000001aa3d9d34a0, 0x000001aa3d9d3808]
Event: 165.292 Thread 0x000001aa5195b800 3150       4       sun.java2d.marlin.DHelpers$IndexStack::dispose (54 bytes)
Event: 165.295 Thread 0x000001aa5195b800 nmethod 3150 0x000001aa3d9d3910 code [0x000001aa3d9d3aa0, 0x000001aa3d9d3e18]
Event: 167.040 Thread 0x000001aa5195b800 3151       4       warcraftTD.World::getMouseTile (78 bytes)
Event: 167.044 Thread 0x000001aa5195b800 nmethod 3151 0x000001aa3d9d4010 code [0x000001aa3d9d4220, 0x000001aa3d9d4c18]
Event: 167.149 Thread 0x000001aa5195b800 3152       4       warcraftTD.Position::<init> (33 bytes)
Event: 167.150 Thread 0x000001aa5195b800 nmethod 3152 0x000001aa3d9d4f10 code [0x000001aa3d9d50a0, 0x000001aa3d9d5178]
Event: 170.191 Thread 0x000001aa5195b800 3153       4       warcraftTD.World::drawInfos (2149 bytes)
Event: 171.048 Thread 0x000001aa5195b800 nmethod 3153 0x000001aa3d9d5210 code [0x000001aa3d9d68a0, 0x000001aa3d9e8fc8]
Event: 179.067 Thread 0x000001aa5195b800 3154       4       warcraftTD.Bloons.RedAirBloon::draw (65 bytes)
Event: 179.069 Thread 0x000001aa5195b800 nmethod 3154 0x000001aa3d9f5090 code [0x000001aa3d9f5280, 0x000001aa3d9f5638]
Event: 179.580 Thread 0x000001aa5195b800 3155       4       java.nio.DirectByteBuffer::<init> (24 bytes)
Event: 179.581 Thread 0x000001aa5195b800 nmethod 3155 0x000001aa3d9f5910 code [0x000001aa3d9f5aa0, 0x000001aa3d9f5d18]
Event: 200.874 Thread 0x000001aa5195d800 3156       3       sun.font.FreetypeFontScaler::invalidateScalerContext (1 bytes)
Event: 200.874 Thread 0x000001aa5195d800 nmethod 3156 0x000001aa360d7590 code [0x000001aa360d7720, 0x000001aa360d7898]
Event: 200.874 Thread 0x000001aa5195b800 3157       4       sun.font.FreetypeFontScaler::invalidateScalerContext (1 bytes)
Event: 200.874 Thread 0x000001aa5195b800 nmethod 3157 0x000001aa3d9f5f10 code [0x000001aa3d9f60a0, 0x000001aa3d9f6118]
Event: 200.875 Thread 0x000001aa5195b800 3158       4       java.util.concurrent.ConcurrentHashMap$Traverser::advance (188 bytes)

GC Heap History (20 events):
Event: 50.009 GC heap before
{Heap before GC invocations=7 (full 0):
 garbage-first heap   total 262144K, used 190900K [0x0000000701400000, 0x0000000800000000)
  region size 1024K, 149 young (152576K), 1 survivors (1024K)
 Metaspace       used 9354K, capacity 9580K, committed 9728K, reserved 1058816K
  class space    used 905K, capacity 1010K, committed 1024K, reserved 1048576K
}
Event: 50.010 GC heap after
{Heap after GC invocations=8 (full 0):
 garbage-first heap   total 262144K, used 39360K [0x0000000701400000, 0x0000000800000000)
  region size 1024K, 1 young (1024K), 1 survivors (1024K)
 Metaspace       used 9354K, capacity 9580K, committed 9728K, reserved 1058816K
  class space    used 905K, capacity 1010K, committed 1024K, reserved 1048576K
}
Event: 68.617 GC heap before
{Heap before GC invocations=8 (full 0):
 garbage-first heap   total 262144K, used 195008K [0x0000000701400000, 0x0000000800000000)
  region size 1024K, 153 young (156672K), 1 survivors (1024K)
 Metaspace       used 9355K, capacity 9580K, committed 9728K, reserved 1058816K
  class space    used 905K, capacity 1010K, committed 1024K, reserved 1048576K
}
Event: 68.617 GC heap after
{Heap after GC invocations=9 (full 0):
 garbage-first heap   total 262144K, used 39368K [0x0000000701400000, 0x0000000800000000)
  region size 1024K, 1 young (1024K), 1 survivors (1024K)
 Metaspace       used 9355K, capacity 9580K, committed 9728K, reserved 1058816K
  class space    used 905K, capacity 1010K, committed 1024K, reserved 1048576K
}
Event: 89.355 GC heap before
{Heap before GC invocations=9 (full 0):
 garbage-first heap   total 262144K, used 195016K [0x0000000701400000, 0x0000000800000000)
  region size 1024K, 154 young (157696K), 1 survivors (1024K)
 Metaspace       used 9356K, capacity 9644K, committed 9728K, reserved 1058816K
  class space    used 906K, capacity 1010K, committed 1024K, reserved 1048576K
}
Event: 89.356 GC heap after
{Heap after GC invocations=10 (full 0):
 garbage-first heap   total 262144K, used 39417K [0x0000000701400000, 0x0000000800000000)
  region size 1024K, 1 young (1024K), 1 survivors (1024K)
 Metaspace       used 9356K, capacity 9644K, committed 9728K, reserved 1058816K
  class space    used 906K, capacity 1010K, committed 1024K, reserved 1048576K
}
Event: 101.052 GC heap before
{Heap before GC invocations=10 (full 0):
 garbage-first heap   total 262144K, used 194041K [0x0000000701400000, 0x0000000800000000)
  region size 1024K, 153 young (156672K), 1 survivors (1024K)
 Metaspace       used 9424K, capacity 9708K, committed 9728K, reserved 1058816K
  class space    used 908K, capacity 1010K, committed 1024K, reserved 1048576K
}
Event: 101.053 GC heap after
{Heap after GC invocations=11 (full 0):
 garbage-first heap   total 262144K, used 41338K [0x0000000701400000, 0x0000000800000000)
  region size 1024K, 3 young (3072K), 3 survivors (3072K)
 Metaspace       used 9424K, capacity 9708K, committed 9728K, reserved 1058816K
  class space    used 908K, capacity 1010K, committed 1024K, reserved 1048576K
}
Event: 112.001 GC heap before
{Heap before GC invocations=11 (full 0):
 garbage-first heap   total 262144K, used 194938K [0x0000000701400000, 0x0000000800000000)
  region size 1024K, 154 young (157696K), 3 survivors (3072K)
 Metaspace       used 9435K, capacity 9708K, committed 9728K, reserved 1058816K
  class space    used 909K, capacity 1010K, committed 1024K, reserved 1048576K
}
Event: 112.003 GC heap after
{Heap after GC invocations=12 (full 0):
 garbage-first heap   total 262144K, used 43806K [0x0000000701400000, 0x0000000800000000)
  region size 1024K, 5 young (5120K), 5 survivors (5120K)
 Metaspace       used 9435K, capacity 9708K, committed 9728K, reserved 1058816K
  class space    used 909K, capacity 1010K, committed 1024K, reserved 1048576K
}
Event: 129.620 GC heap before
{Heap before GC invocations=12 (full 0):
 garbage-first heap   total 262144K, used 195358K [0x0000000701400000, 0x0000000800000000)
  region size 1024K, 154 young (157696K), 5 survivors (5120K)
 Metaspace       used 9437K, capacity 9708K, committed 9728K, reserved 1058816K
  class space    used 910K, capacity 1010K, committed 1024K, reserved 1048576K
}
Event: 129.624 GC heap after
{Heap after GC invocations=13 (full 0):
 garbage-first heap   total 262144K, used 49339K [0x0000000701400000, 0x0000000800000000)
  region size 1024K, 11 young (11264K), 11 survivors (11264K)
 Metaspace       used 9437K, capacity 9708K, committed 9728K, reserved 1058816K
  class space    used 910K, capacity 1010K, committed 1024K, reserved 1048576K
}
Event: 147.308 GC heap before
{Heap before GC invocations=13 (full 0):
 garbage-first heap   total 262144K, used 194747K [0x0000000701400000, 0x0000000800000000)
  region size 1024K, 153 young (156672K), 11 survivors (11264K)
 Metaspace       used 9439K, capacity 9708K, committed 9728K, reserved 1058816K
  class space    used 910K, capacity 1010K, committed 1024K, reserved 1048576K
}
Event: 147.313 GC heap after
{Heap after GC invocations=14 (full 0):
 garbage-first heap   total 262144K, used 54779K [0x0000000701400000, 0x0000000800000000)
  region size 1024K, 16 young (16384K), 16 survivors (16384K)
 Metaspace       used 9439K, capacity 9708K, committed 9728K, reserved 1058816K
  class space    used 910K, capacity 1010K, committed 1024K, reserved 1048576K
}
Event: 160.767 GC heap before
{Heap before GC invocations=14 (full 0):
 garbage-first heap   total 262144K, used 195067K [0x0000000701400000, 0x0000000800000000)
  region size 1024K, 154 young (157696K), 16 survivors (16384K)
 Metaspace       used 9439K, capacity 9708K, committed 9728K, reserved 1058816K
  class space    used 910K, capacity 1010K, committed 1024K, reserved 1048576K
}
Event: 160.774 GC heap after
{Heap after GC invocations=15 (full 0):
 garbage-first heap   total 262144K, used 60687K [0x0000000701400000, 0x0000000800000000)
  region size 1024K, 12 young (12288K), 12 survivors (12288K)
 Metaspace       used 9439K, capacity 9708K, committed 9728K, reserved 1058816K
  class space    used 910K, capacity 1010K, committed 1024K, reserved 1048576K
}
Event: 174.990 GC heap before
{Heap before GC invocations=15 (full 0):
 garbage-first heap   total 262144K, used 205071K [0x0000000701400000, 0x0000000800000000)
  region size 1024K, 153 young (156672K), 12 survivors (12288K)
 Metaspace       used 9440K, capacity 9708K, committed 9728K, reserved 1058816K
  class space    used 910K, capacity 1010K, committed 1024K, reserved 1048576K
}
Event: 174.997 GC heap after
{Heap after GC invocations=16 (full 0):
 garbage-first heap   total 262144K, used 68983K [0x0000000701400000, 0x0000000800000000)
  region size 1024K, 15 young (15360K), 15 survivors (15360K)
 Metaspace       used 9440K, capacity 9708K, committed 9728K, reserved 1058816K
  class space    used 910K, capacity 1010K, committed 1024K, reserved 1048576K
}
Event: 188.214 GC heap before
{Heap before GC invocations=16 (full 0):
 garbage-first heap   total 262144K, used 210295K [0x0000000701400000, 0x0000000800000000)
  region size 1024K, 153 young (156672K), 15 survivors (15360K)
 Metaspace       used 9440K, capacity 9708K, committed 9728K, reserved 1058816K
  class space    used 910K, capacity 1010K, committed 1024K, reserved 1048576K
}
Event: 188.220 GC heap after
{Heap after GC invocations=17 (full 0):
 garbage-first heap   total 262144K, used 73889K [0x0000000701400000, 0x0000000800000000)
  region size 1024K, 13 young (13312K), 13 survivors (13312K)
 Metaspace       used 9440K, capacity 9708K, committed 9728K, reserved 1058816K
  class space    used 910K, capacity 1010K, committed 1024K, reserved 1048576K
}

Deoptimization events (20 events):
Event: 200.869 Thread 0x000001aa2d5a1000 DEOPT PACKING pc=0x000001aa3d80a518 sp=0x0000000d5f3ff2e0
Event: 200.869 Thread 0x000001aa2d5a1000 DEOPT UNPACKING pc=0x000001aa35ae964e sp=0x0000000d5f3fe710 mode 1
Event: 200.870 Thread 0x000001aa2d5a1000 DEOPT PACKING pc=0x000001aa3d80a518 sp=0x0000000d5f3ff390
Event: 200.870 Thread 0x000001aa2d5a1000 DEOPT UNPACKING pc=0x000001aa35ae964e sp=0x0000000d5f3fe7c0 mode 1
Event: 200.870 Thread 0x000001aa572a1800 Uncommon trap: trap_request=0xffffff45 fr.pc=0x000001aa3d7a6808 relative=0x0000000000001aa8
Event: 200.870 Thread 0x000001aa572a1800 Uncommon trap: reason=unstable_if action=reinterpret pc=0x000001aa3d7a6808 method=sun.java2d.d3d.D3DScreenUpdateManager.run()V @ 4 c2
Event: 200.870 Thread 0x000001aa572a1800 DEOPT PACKING pc=0x000001aa3d7a6808 sp=0x0000000d618ff150
Event: 200.870 Thread 0x000001aa572a1800 DEOPT UNPACKING pc=0x000001aa35ae912f sp=0x0000000d618ff178 mode 2
Event: 200.871 Thread 0x000001aa2d5a1000 DEOPT PACKING pc=0x000001aa3d80a518 sp=0x0000000d5f3ff2d0
Event: 200.871 Thread 0x000001aa2d5a1000 DEOPT UNPACKING pc=0x000001aa35ae964e sp=0x0000000d5f3fe700 mode 1
Event: 200.872 Thread 0x000001aa2d5a1000 DEOPT PACKING pc=0x000001aa3d80a518 sp=0x0000000d5f3ff310
Event: 200.873 Thread 0x000001aa2d5a1000 DEOPT UNPACKING pc=0x000001aa35ae964e sp=0x0000000d5f3fe740 mode 1
Event: 200.873 Thread 0x000001aa2d5a1000 DEOPT PACKING pc=0x000001aa3d80a518 sp=0x0000000d5f3ff310
Event: 200.873 Thread 0x000001aa2d5a1000 DEOPT UNPACKING pc=0x000001aa35ae964e sp=0x0000000d5f3fe740 mode 1
Event: 200.873 Thread 0x000001aa2d5a1000 DEOPT PACKING pc=0x000001aa3d80a518 sp=0x0000000d5f3ff310
Event: 200.873 Thread 0x000001aa2d5a1000 DEOPT UNPACKING pc=0x000001aa35ae964e sp=0x0000000d5f3fe740 mode 1
Event: 200.873 Thread 0x000001aa2d5a1000 Uncommon trap: trap_request=0xffffff45 fr.pc=0x000001aa3d858a38 relative=0x0000000000000458
Event: 200.873 Thread 0x000001aa2d5a1000 Uncommon trap: reason=unstable_if action=reinterpret pc=0x000001aa3d858a38 method=sun.font.TrueTypeFont.readBlock(Ljava/nio/ByteBuffer;II)I @ 15 c2
Event: 200.873 Thread 0x000001aa2d5a1000 DEOPT PACKING pc=0x000001aa3d858a38 sp=0x0000000d5f3fe590
Event: 200.873 Thread 0x000001aa2d5a1000 DEOPT UNPACKING pc=0x000001aa35ae912f sp=0x0000000d5f3fe540 mode 2

Classes unloaded (0 events):
No events

Classes redefined (1 events):
Event: 22.849 Thread 0x000001aa510b5800 redefined class name=warcraftTD.Projectiles.Pike, count=1

Internal exceptions (20 events):
Event: 8.134 Thread 0x000001aa57345800 Exception <a 'java/io/FileNotFoundException'{0x000000071112df38}> (0x000000071112df38) 
thrown [t:/workspace/open/src/hotspot/share/prims/jni.cpp, line 598]
Event: 8.236 Thread 0x000001aa57345800 Exception <a 'java/io/FileNotFoundException'{0x000000071114d478}> (0x000000071114d478) 
thrown [t:/workspace/open/src/hotspot/share/prims/jni.cpp, line 598]
Event: 11.356 Thread 0x000001aa5723c800 Implicit null exception at 0x000001aa3d83eb24 to 0x000001aa3d841d10
Event: 11.357 Thread 0x000001aa5723c800 Implicit null exception at 0x000001aa3d64bab8 to 0x000001aa3d64d93a
Event: 47.801 Thread 0x000001aa2d5a1000 Implicit null exception at 0x000001aa3d820458 to 0x000001aa3d8206f4
Event: 47.802 Thread 0x000001aa576da800 Exception <a 'java/io/FileNotFoundException'{0x00000007099e4260}> (0x00000007099e4260) 
thrown [t:/workspace/open/src/hotspot/share/prims/jni.cpp, line 598]
Event: 87.817 Thread 0x000001aa5b376000 Exception <a 'java/io/FileNotFoundException'{0x0000000708b809b0}> (0x0000000708b809b0) 
thrown [t:/workspace/open/src/hotspot/share/prims/jni.cpp, line 598]
Event: 88.316 Thread 0x000001aa5b376000 Exception <a 'java/io/FileNotFoundException'{0x0000000708b8d688}> (0x0000000708b8d688) 
thrown [t:/workspace/open/src/hotspot/share/prims/jni.cpp, line 598]
Event: 88.816 Thread 0x000001aa5b376000 Exception <a 'java/io/FileNotFoundException'{0x0000000708b9bce8}> (0x0000000708b9bce8) 
thrown [t:/workspace/open/src/hotspot/share/prims/jni.cpp, line 598]
Event: 89.317 Thread 0x000001aa5b376000 Exception <a 'java/io/FileNotFoundException'{0x0000000708baa180}> (0x0000000708baa180) 
thrown [t:/workspace/open/src/hotspot/share/prims/jni.cpp, line 598]
Event: 89.815 Thread 0x000001aa5b376000 Exception <a 'java/io/FileNotFoundException'{0x0000000710eedda8}> (0x0000000710eedda8) 
thrown [t:/workspace/open/src/hotspot/share/prims/jni.cpp, line 598]
Event: 90.314 Thread 0x000001aa5b376000 Exception <a 'java/io/FileNotFoundException'{0x0000000710efaa60}> (0x0000000710efaa60) 
thrown [t:/workspace/open/src/hotspot/share/prims/jni.cpp, line 598]
Event: 90.814 Thread 0x000001aa5b376000 Exception <a 'java/io/FileNotFoundException'{0x000000071070b508}> (0x000000071070b508) 
thrown [t:/workspace/open/src/hotspot/share/prims/jni.cpp, line 598]
Event: 91.316 Thread 0x000001aa5b376000 Exception <a 'java/io/FileNotFoundException'{0x000000071071b428}> (0x000000071071b428) 
thrown [t:/workspace/open/src/hotspot/share/prims/jni.cpp, line 598]
Event: 91.816 Thread 0x000001aa5b376000 Exception <a 'java/io/FileNotFoundException'{0x0000000710729fe8}> (0x0000000710729fe8) 
thrown [t:/workspace/open/src/hotspot/share/prims/jni.cpp, line 598]
Event: 95.818 Thread 0x000001aa5b376000 Exception <a 'java/io/FileNotFoundException'{0x000000071073a360}> (0x000000071073a360) 
thrown [t:/workspace/open/src/hotspot/share/prims/jni.cpp, line 598]
Event: 99.816 Thread 0x000001aa5b376000 Exception <a 'java/io/FileNotFoundException'{0x000000070bc1f3d0}> (0x000000070bc1f3d0) 
thrown [t:/workspace/open/src/hotspot/share/prims/jni.cpp, line 598]
Event: 103.820 Thread 0x000001aa5b376000 Exception <a 'java/io/FileNotFoundException'{0x000000070e4809c0}> (0x000000070e4809c0) 
thrown [t:/workspace/open/src/hotspot/share/prims/jni.cpp, line 598]
Event: 200.873 Thread 0x000001aa2d5a1000 Exception <a 'java/io/FileNotFoundException'{0x0000000709ecdfd8}> (0x0000000709ecdfd8) 
thrown [t:/workspace/open/src/hotspot/share/prims/jni.cpp, line 598]
Event: 200.874 Thread 0x000001aa2d5a1000 Exception <a 'java/io/FileNotFoundException'{0x0000000709ecf558}> (0x0000000709ecf558) 
thrown [t:/workspace/open/src/hotspot/share/prims/jni.cpp, line 598]

Events (20 events):
Event: 200.875 Thread 0x000001aa5197d000 flushing nmethod 0x000001aa3d5e6a10
Event: 200.875 Thread 0x000001aa5197d000 flushing nmethod 0x000001aa3d635290
Event: 200.875 Thread 0x000001aa5197d000 flushing nmethod 0x000001aa3d65ae90
Event: 200.875 Thread 0x000001aa5197d000 flushing nmethod 0x000001aa3d719590
Event: 200.875 Thread 0x000001aa5197d000 flushing nmethod 0x000001aa3d72d690
Event: 200.875 Thread 0x000001aa5197d000 flushing nmethod 0x000001aa3d7ebd90
Event: 200.875 Thread 0x000001aa5197d000 flushing nmethod 0x000001aa3d890e90
Event: 200.875 Thread 0x000001aa5197d000 flushing nmethod 0x000001aa3d896890
Event: 200.875 Thread 0x000001aa5197d000 flushing nmethod 0x000001aa3d897490
Event: 200.875 Thread 0x000001aa5197d000 flushing nmethod 0x000001aa3d905090
Event: 200.875 Thread 0x000001aa5197d000 flushing nmethod 0x000001aa3d941d90
Event: 200.875 Thread 0x000001aa5197d000 flushing nmethod 0x000001aa3d942f10
Event: 200.875 Thread 0x000001aa5197d000 flushing nmethod 0x000001aa3d98b690
Event: 200.875 Thread 0x000001aa5197d000 flushing nmethod 0x000001aa3d999710
Event: 200.875 Thread 0x000001aa5197d000 flushing nmethod 0x000001aa3d999a90
Event: 200.876 Thread 0x000001aa5197d000 flushing nmethod 0x000001aa36140d10
Event: 200.877 loading class sun/font/NullFontScaler
Event: 200.877 loading class sun/font/NullFontScaler done
Event: 200.877 Executing VM operation: Deoptimize
Event: 200.877 Executing VM operation: Deoptimize done


Dynamic libraries:
0x00007ff7ab080000 - 0x00007ff7ab08f000 	C:\Program Files\Java\jdk-13\bin\java.exe
0x00007ffb0c200000 - 0x00007ffb0c3f0000 	C:\Windows\SYSTEM32\ntdll.dll
0x00007ffb0aa40000 - 0x00007ffb0aaf2000 	C:\Windows\System32\KERNEL32.DLL
0x00007ffb09480000 - 0x00007ffb09725000 	C:\Windows\System32\KERNELBASE.dll
0x00007ffb09900000 - 0x00007ffb099fa000 	C:\Windows\System32\ucrtbase.dll
0x00007ffafc750000 - 0x00007ffafc768000 	C:\Program Files\Java\jdk-13\bin\jli.dll
0x00007ffafb780000 - 0x00007ffafb795000 	C:\Program Files\Java\jdk-13\bin\VCRUNTIME140.dll
0x00007ffb0b100000 - 0x00007ffb0b1a3000 	C:\Windows\System32\ADVAPI32.dll
0x00007ffb0bc30000 - 0x00007ffb0bcce000 	C:\Windows\System32\msvcrt.dll
0x00007ffb0bcd0000 - 0x00007ffb0bd67000 	C:\Windows\System32\sechost.dll
0x00007ffb0af70000 - 0x00007ffb0b090000 	C:\Windows\System32\RPCRT4.dll
0x00007ffb0a8a0000 - 0x00007ffb0aa34000 	C:\Windows\System32\USER32.dll
0x00007ffafd5f0000 - 0x00007ffafd874000 	C:\Windows\WinSxS\amd64_microsoft.windows.common-controls_6595b64144ccf1df_6.0.18362.1256_none_9e7e379be45e40e2\COMCTL32.dll
0x00007ffb0a280000 - 0x00007ffb0a2a1000 	C:\Windows\System32\win32u.dll
0x00007ffb0b1b0000 - 0x00007ffb0b4e6000 	C:\Windows\System32\combase.dll
0x00007ffb0bc00000 - 0x00007ffb0bc26000 	C:\Windows\System32\GDI32.dll
0x00007ffb091f0000 - 0x00007ffb09271000 	C:\Windows\System32\bcryptPrimitives.dll
0x00007ffb09760000 - 0x00007ffb098f6000 	C:\Windows\System32\gdi32full.dll
0x00007ffb0a1e0000 - 0x00007ffb0a27e000 	C:\Windows\System32\msvcp_win.dll
0x00007ffb02180000 - 0x00007ffb0218a000 	C:\Windows\SYSTEM32\VERSION.dll
0x00007ffb0c180000 - 0x00007ffb0c1ae000 	C:\Windows\System32\IMM32.DLL
0x00007ffae5300000 - 0x00007ffae539b000 	C:\Program Files\Java\jdk-13\bin\msvcp140.dll
0x00007ffabaa60000 - 0x00007ffabb5c6000 	C:\Program Files\Java\jdk-13\bin\server\jvm.dll
0x00007ffb0a680000 - 0x00007ffb0a688000 	C:\Windows\System32\PSAPI.DLL
0x00007ffb06a40000 - 0x00007ffb06a64000 	C:\Windows\SYSTEM32\WINMM.dll
0x00007ffaefcc0000 - 0x00007ffaefcc9000 	C:\Windows\SYSTEM32\WSOCK32.dll
0x00007ffb0b090000 - 0x00007ffb0b0ff000 	C:\Windows\System32\WS2_32.dll
0x00007ffb06820000 - 0x00007ffb0684d000 	C:\Windows\SYSTEM32\WINMMBASE.dll
0x00007ffb09a00000 - 0x00007ffb09a4a000 	C:\Windows\System32\cfgmgr32.dll
0x00007ffb09150000 - 0x00007ffb09161000 	C:\Windows\System32\kernel.appcore.dll
0x00007ffb06030000 - 0x00007ffb06040000 	C:\Program Files\Java\jdk-13\bin\verify.dll
0x00007ffaedec0000 - 0x00007ffaee0b4000 	C:\Windows\SYSTEM32\DBGHELP.DLL
0x00007ffaede90000 - 0x00007ffaedeba000 	C:\Windows\SYSTEM32\dbgcore.DLL
0x00007ffaf6330000 - 0x00007ffaf6356000 	C:\Program Files\Java\jdk-13\bin\java.dll
0x00007ffafb7e0000 - 0x00007ffafb818000 	C:\Program Files\Java\jdk-13\bin\jdwp.dll
0x00007ffaf70a0000 - 0x00007ffaf70b7000 	C:\Program Files\Java\jdk-13\bin\zip.dll
0x00007ffb056f0000 - 0x00007ffb056fa000 	C:\Program Files\Java\jdk-13\bin\jimage.dll
0x00007ffb0b510000 - 0x00007ffb0bbf7000 	C:\Windows\System32\SHELL32.dll
0x00007ffb0bec0000 - 0x00007ffb0bf69000 	C:\Windows\System32\shcore.dll
0x00007ffb09a50000 - 0x00007ffb0a1d1000 	C:\Windows\System32\windows.storage.dll
0x00007ffb090b0000 - 0x00007ffb090d3000 	C:\Windows\System32\profapi.dll
0x00007ffb09100000 - 0x00007ffb0914a000 	C:\Windows\System32\powrprof.dll
0x00007ffb090a0000 - 0x00007ffb090b0000 	C:\Windows\System32\UMPDC.dll
0x00007ffb0bf70000 - 0x00007ffb0bfc2000 	C:\Windows\System32\shlwapi.dll
0x00007ffb091d0000 - 0x00007ffb091e7000 	C:\Windows\System32\cryptsp.dll
0x00007ffb013e0000 - 0x00007ffb013eb000 	C:\Program Files\Java\jdk-13\bin\dt_socket.dll
0x00007ffb088f0000 - 0x00007ffb08957000 	C:\Windows\system32\mswsock.dll
0x00007ffb08640000 - 0x00007ffb0870b000 	C:\Windows\SYSTEM32\DNSAPI.dll
0x00007ffb0c1b0000 - 0x00007ffb0c1b8000 	C:\Windows\System32\NSI.dll
0x00007ffb08600000 - 0x00007ffb0863a000 	C:\Windows\SYSTEM32\IPHLPAPI.DLL
0x00000000571b0000 - 0x00000000571d6000 	C:\Program Files\Bonjour\mdnsNSP.dll
0x00007ffafcaf0000 - 0x00007ffafcafa000 	C:\Windows\System32\rasadhlp.dll
0x00007ffb022a0000 - 0x00007ffb02317000 	C:\Windows\System32\fwpuclnt.dll
0x00007ffb09730000 - 0x00007ffb09756000 	C:\Windows\System32\bcrypt.dll
0x00007ffa90810000 - 0x00007ffa909a9000 	C:\Program Files\Java\jdk-13\bin\awt.dll
0x00007ffb0c030000 - 0x00007ffb0c0f5000 	C:\Windows\System32\OLEAUT32.dll
0x00007ffb05a60000 - 0x00007ffb06020000 	C:\Windows\SYSTEM32\d2d1.dll
0x00007ffb071e0000 - 0x00007ffb0726f000 	C:\Windows\SYSTEM32\apphelp.dll
0x00007ffb08460000 - 0x00007ffb08493000 	C:\Windows\system32\rsaenh.dll
0x00007ffb08f80000 - 0x00007ffb08fa5000 	C:\Windows\SYSTEM32\USERENV.dll
0x00007ffb08ac0000 - 0x00007ffb08acc000 	C:\Windows\SYSTEM32\CRYPTBASE.dll
0x00007ffaf6bc0000 - 0x00007ffaf6bd9000 	C:\Program Files\Java\jdk-13\bin\net.dll
0x00007ffb03bb0000 - 0x00007ffb03ca0000 	C:\Windows\SYSTEM32\WINHTTP.dll
0x00007ffaffd10000 - 0x00007ffaffee6000 	C:\Windows\SYSTEM32\urlmon.dll
0x00007ffb00320000 - 0x00007ffb005c7000 	C:\Windows\SYSTEM32\iertutil.dll
0x00007ffb02e80000 - 0x00007ffb02e96000 	C:\Windows\SYSTEM32\dhcpcsvc6.DLL
0x00007ffb02e60000 - 0x00007ffb02e7c000 	C:\Windows\SYSTEM32\dhcpcsvc.DLL
0x00007ffaf46c0000 - 0x00007ffaf46d3000 	C:\Program Files\Java\jdk-13\bin\nio.dll
0x00007ffabd570000 - 0x00007ffabd5f2000 	C:\Program Files\Java\jdk-13\bin\freetype.dll
0x00007ffaac740000 - 0x00007ffaac7e6000 	C:\Program Files\Java\jdk-13\bin\fontmanager.dll
0x00007ffb079c0000 - 0x00007ffb079ed000 	C:\Windows\system32\DWMAPI.DLL
0x00007ffb07320000 - 0x00007ffb073b9000 	C:\Windows\system32\uxtheme.dll
0x00007ffabf670000 - 0x00007ffabf7c6000 	C:\Windows\system32\opengl32.dll
0x00007ffaf6370000 - 0x00007ffaf639c000 	C:\Windows\SYSTEM32\GLU32.dll
0x00007ffb07cc0000 - 0x00007ffb07ce0000 	C:\Windows\SYSTEM32\dxcore.dll
0x00007ffb0bd70000 - 0x00007ffb0bea5000 	C:\Windows\System32\MSCTF.dll
0x00007ffb0a740000 - 0x00007ffb0a897000 	C:\Windows\System32\ole32.dll
0x00007ffb090e0000 - 0x00007ffb090f2000 	C:\Windows\System32\msasn1.dll
0x00007ffb02150000 - 0x00007ffb0217f000 	C:\Windows\SYSTEM32\cryptnet.dll
0x00007ffb09280000 - 0x00007ffb093c9000 	C:\Windows\System32\CRYPT32.dll
0x00007ffb09170000 - 0x00007ffb091cc000 	C:\Windows\System32\WINTRUST.DLL
0x00007ffb0b4f0000 - 0x00007ffb0b50d000 	C:\Windows\System32\imagehlp.dll
0x00007ffb07c70000 - 0x00007ffb07c92000 	C:\Windows\SYSTEM32\gpapi.dll
0x00007ffaffa10000 - 0x00007ffaffaae000 	C:\Windows\System32\TextInputFramework.dll
0x00007ffb06de0000 - 0x00007ffb06eb4000 	C:\Windows\System32\CoreMessaging.dll
0x00007ffb044a0000 - 0x00007ffb047ca000 	C:\Windows\System32\CoreUIComponents.dll
0x00007ffb080c0000 - 0x00007ffb080f1000 	C:\Windows\SYSTEM32\ntmarta.dll
0x00007ffb04340000 - 0x00007ffb04493000 	C:\Windows\SYSTEM32\wintypes.dll
0x00007ffb009c0000 - 0x00007ffb00a25000 	C:\Windows\system32\Oleacc.dll
0x00007ffb00df0000 - 0x00007ffb00e1d000 	C:\Program Files\Java\jdk-13\bin\javajpeg.dll

dbghelp: loaded successfully - version: 4.0.5 - missing functions: none
symbol engine: initialized successfully - sym options: 0x614 - pdb path: .;C:\Program Files\Java\jdk-13\bin;C:\Windows\SYSTEM32;C:\Windows\WinSxS\amd64_microsoft.windows.common-controls_6595b64144ccf1df_6.0.18362.1256_none_9e7e379be45e40e2;C:\Program Files\Java\jdk-13\bin\server;C:\Program Files\Bonjour;C:\WINDOWS\System32\DriverStore\FileRepository\nv_dispi.inf_amd64_8e68f77150e57b50

VM Arguments:
jvm_args: -agentlib:jdwp=transport=dt_socket,server=n,suspend=y,address=localhost:56412 -Dfile.encoding=UTF-8 
java_command: warcraftTD.Main
java_class_path (initial): C:\Users\Cody\Desktop\Documents\_DEV\warcraftTD\bin
Launcher Type: SUN_STANDARD

[Global flags]
     intx CICompilerCount                          = 4                                         {product} {ergonomic}
     uint ConcGCThreads                            = 2                                         {product} {ergonomic}
     uint G1ConcRefinementThreads                  = 8                                         {product} {ergonomic}
   size_t G1HeapRegionSize                         = 1048576                                   {product} {ergonomic}
    uintx GCDrainStackTargetSize                   = 64                                        {product} {ergonomic}
   size_t InitialHeapSize                          = 268435456                                 {product} {ergonomic}
   size_t MarkStackSize                            = 4194304                                   {product} {ergonomic}
   size_t MaxHeapSize                              = 4273995776                                {product} {ergonomic}
   size_t MaxNewSize                               = 2563768320                                {product} {ergonomic}
   size_t MinHeapDeltaBytes                        = 1048576                                   {product} {ergonomic}
   size_t MinHeapSize                              = 8388608                                   {product} {ergonomic}
    uintx NonNMethodCodeHeapSize                   = 5836300                                {pd product} {ergonomic}
    uintx NonProfiledCodeHeapSize                  = 122910970                              {pd product} {ergonomic}
    uintx ProfiledCodeHeapSize                     = 122910970                              {pd product} {ergonomic}
    uintx ReservedCodeCacheSize                    = 251658240                              {pd product} {ergonomic}
     bool SegmentedCodeCache                       = true                                      {product} {ergonomic}
   size_t SoftMaxHeapSize                          = 4273995776                             {manageable} {ergonomic}
     bool UseCompressedClassPointers               = true                                 {lp64_product} {ergonomic}
     bool UseCompressedOops                        = true                                 {lp64_product} {ergonomic}
     bool UseG1GC                                  = true                                      {product} {ergonomic}
     bool UseLargePagesIndividualAllocation        = false                                  {pd product} {ergonomic}

Logging:
Log output configuration:
 #0: stdout all=warning uptime,level,tags
 #1: stderr all=off uptime,level,tags

Environment Variables:
JAVA_HOME=C:\Progra~1\Java\jdk-13
PATH=C:\Python\Python37\Scripts\;C:\Python\Python37\;C:\Program Files (x86)\Common Files\Oracle\Java\javapath;C:\Program Files (x86)\Common Files\Intel\Shared Libraries\redist\intel64\compiler;C:\ProgramData\Oracle\Java\javapath;C:\Program Files (x86)\Intel\iCLS Client\;C:\Program Files\Intel\iCLS Client\;C:\WINDOWS\system32;C:\WINDOWS;C:\WINDOWS\System32\Wbem;C:\WINDOWS\System32\WindowsPowerShell\v1.0\;C:\Program Files (x86)\Intel\Intel(R) Management Engine Components\DAL;C:\Program Files\Intel\Intel(R) Management Engine Components\DAL;C:\Program Files (x86)\Intel\Intel(R) Management Engine Components\IPT;C:\Program Files\Intel\Intel(R) Management Engine Components\IPT;C:\Program Files\dotnet\;C:\WINDOWS\System32\OpenSSH\;C:\Program Files (x86)\NVIDIA Corporation\PhysX\Common;C:\Users\Cody\AppData\Local\Programs\Python\Python37-32;C:\ProgramData\chocolatey\bin;C:\Program Files\nodejs\;C:\WINDOWS\system32;C:\WINDOWS;C:\WINDOWS\System32\Wbem;C:\WINDOWS\System32\WindowsPowerShell\v1.0\;C:\WINDOWS\System32\OpenSSH\;C:\Program Files (x86)\ZeroTier\One\;C:\MinGW\bin\;C:\Program Files\Git\cmd;C:\Program Files\Tesseract-OCR;C:\Users\Cody\Desktop\ffmpeg-4.3.1-2021-01-01-full_build\bin;C:\Users\Cody\AppData\Local\Microsoft\WindowsApps;C:\Users\Cody\AppData\Roaming\npm;C:\Users\Cody\AppData\Local\GitHubDesktop\bin;C:\Users\Cody\AppData\Local\Microsoft\WindowsApps;
USERNAME=Cody
OS=Windows_NT
PROCESSOR_IDENTIFIER=Intel64 Family 6 Model 94 Stepping 3, GenuineIntel



---------------  S Y S T E M  ---------------

OS: Windows 10 , 64 bit Build 18362 (10.0.18362.1110)

CPU:total 8 (initial active 8) (4 cores per cpu, 2 threads per core) family 6 model 94 stepping 3, cmov, cx8, fxsr, mmx, sse, sse2, sse3, ssse3, sse4.1, sse4.2, popcnt, avx, avx2, aes, clmul, erms, rtm, 3dnowpref, lzcnt, ht, tsc, tscinvbit, bmi1, bmi2, adx, fma

Memory: 4k page, system-wide physical 16300M (6302M free)
TotalPageFile size 27374M (AvailPageFile size 4207M)
current process WorkingSet (physical memory assigned to process): 365M, peak: 396M
current process commit charge ("private bytes"): 464M, peak: 522M

vm_info: Java HotSpot(TM) 64-Bit Server VM (13+33) for windows-amd64 JRE (13+33), built on Sep 18 2019 21:38:00 by "mach5one" with unknown MS VC++:1916

END.
