#
# A fatal error has been detected by the Java Runtime Environment:
#
#  EXCEPTION_ACCESS_VIOLATION (0xc0000005) at pc=0x00007fff12ff6705, pid=144084, tid=142632
#
# JRE version: Java(TM) SE Runtime Environment (13.0+33) (build 13+33)
# Java VM: Java HotSpot(TM) 64-Bit Server VM (13+33, mixed mode, sharing, tiered, compressed oops, g1 gc, windows-amd64)
# Problematic frame:
# C  [freetype.dll+0x46705]
#
# No core dump will be written. Minidumps are not enabled by default on client versions of Windows
#
# If you would like to submit a bug report, please visit:
#   http://bugreport.java.com/bugreport/crash.jsp
# The crash happened outside the Java Virtual Machine in native code.
# See problematic frame for where to report the bug.
#

---------------  S U M M A R Y ------------

Command Line: -Dfile.encoding=UTF-8 warcraftTD.Main

Host: Intel(R) Core(TM) i7-6700K CPU @ 4.00GHz, 8 cores, 15G,  Windows 10 , 64 bit Build 18362 (10.0.18362.1316)
Time: Sat Jan 23 17:09:36 2021 Paris, Madrid elapsed time: 16 seconds (0d 0h 0m 16s)

---------------  T H R E A D  ---------------

Current thread (0x000002df06f11000):  JavaThread "main" [_thread_in_native, id=142632, stack(0x000000e988900000,0x000000e988a00000)]

Stack: [0x000000e988900000,0x000000e988a00000],  sp=0x000000e9889fe8c0,  free space=1018k
Native frames: (J=compiled Java code, j=interpreted, Vv=VM code, C=native code)
C  [freetype.dll+0x46705]

Java frames: (J=compiled Java code, j=interpreted, Vv=VM code)
J 2523  sun.font.FreetypeFontScaler.getGlyphImageNative(Lsun/font/Font2D;JJI)J java.desktop@13 (0 bytes) @ 0x000002df16fb0829 [0x000002df16fb07c0+0x0000000000000069]
J 2736 c2 sun.font.FileFontStrike.getGlyphAdvance(IZ)F java.desktop@13 (400 bytes) @ 0x000002df16f9da64 [0x000002df16f9d700+0x0000000000000364]
J 2735 c2 sun.font.FontDesignMetrics.handleCharWidth(I)F java.desktop@13 (9 bytes) @ 0x000002df16f9f7bc [0x000002df16f9f5e0+0x00000000000001dc]
J 2249 c2 warcraftTD.StdDraw.text(DDLjava/lang/String;)V (88 bytes) @ 0x000002df1704c318 [0x000002df1704bf60+0x00000000000003b8]
J 2177 c1 warcraftTD.World.drawTowerPrices(Ljava/awt/Color;Ljava/awt/Color;Ljava/awt/Color;D)V (328 bytes) @ 0x000002df0fe41f4c [0x000002df0fe41540+0x0000000000000a0c]
J 2335 c1 warcraftTD.World.drawHUD()V (199 bytes) @ 0x000002df0febebb4 [0x000002df0febe740+0x0000000000000474]
J 2174 c1 warcraftTD.World.draw()V (43 bytes) @ 0x000002df0fe3f4e4 [0x000002df0fe3f280+0x0000000000000264]
j  warcraftTD.World.run()V+58
j  warcraftTD.Menu.onMouseClick(DD)V+54
j  warcraftTD.Menu.loop()V+79
j  warcraftTD.Main.main([Ljava/lang/String;)V+23
v  ~StubRoutines::call_stub

siginfo: EXCEPTION_ACCESS_VIOLATION (0xc0000005), reading address 0x0000000000000050


Register to memory mapping:

RIP=0x00007fff12ff6705 freetype.dll
RAX=0x000002df3596f8b0 points into unknown readable memory: d0 d7 bf 2b df 02 00 00
RBX=0x000000e9889feaf0 is pointing into the stack for thread: 0x000002df06f11000
RCX=0x000000e9889feaf0 is pointing into the stack for thread: 0x000002df06f11000
RDX=0x0 is NULL
RSP=0x000000e9889fe8c0 is pointing into the stack for thread: 0x000002df06f11000
RBP=0x000000e9889fea10 is pointing into the stack for thread: 0x000002df06f11000
RSI=0x000002df3596f8b0 points into unknown readable memory: d0 d7 bf 2b df 02 00 00
RDI=0x0 is NULL
R8 =0x00000000ffffff14 is an unknown value
R9 =0x000000e9889feaf0 is pointing into the stack for thread: 0x000002df06f11000
R10=0x0 is NULL
R11=0x0000000000000015 is an unknown value
R12=0x0000000000000015 is an unknown value
R13=0x0000000000000790 is an unknown value
R14=0x000002df3596f8b0 points into unknown readable memory: d0 d7 bf 2b df 02 00 00
R15=0x000002df356f7eb0 points into unknown readable memory: 20 ae 86 35 df 02 00 00


Registers:
RAX=0x000002df3596f8b0, RBX=0x000000e9889feaf0, RCX=0x000000e9889feaf0, RDX=0x0000000000000000
RSP=0x000000e9889fe8c0, RBP=0x000000e9889fea10, RSI=0x000002df3596f8b0, RDI=0x0000000000000000
R8 =0x00000000ffffff14, R9 =0x000000e9889feaf0, R10=0x0000000000000000, R11=0x0000000000000015
R12=0x0000000000000015, R13=0x0000000000000790, R14=0x000002df3596f8b0, R15=0x000002df356f7eb0
RIP=0x00007fff12ff6705, EFLAGS=0x0000000000010202

Top of Stack: (sp=0x000000e9889fe8c0)
0x000000e9889fe8c0:   0000000000000027 000000000000008c
0x000000e9889fe8d0:   000002df3596f8b0 00007fff12fd42e0
0x000000e9889fe8e0:   000002df3586ef30 000000e9889fea10
0x000000e9889fe8f0:   00004a3585fe6915 0000000000000918
0x000000e9889fe900:   000000e9889feaf0 00007fff12ff5e56
0x000000e9889fe910:   000000e9889feaf0 000000e9889feb00
0x000000e9889fe920:   000000e9889fea10 000000e9889fead8
0x000000e9889fe930:   000000e9889fe948 000002df06f11be0
0x000000e9889fe940:   0000020000000000 00007f00d6700027
0x000000e9889fe950:   000000e62b6404ba 0000000000000918
0x000000e9889fe960:   000147ae000147ae 0000000000000000
0x000000e9889fe970:   000002df35670000 00007fff12ffdc73
0x000000e9889fe980:   000002df06f11000 0000005e000003de
0x000000e9889fe990:   0000000000000002 0000000000000001
0x000000e9889fe9a0:   0000000000000000 0000000000000000
0x000000e9889fe9b0:   000002df33a3c100 000002df3586ef30 

Instructions: (pc=0x00007fff12ff6705)
0x00007fff12ff6605:   00 00 f6 43 20 01 75 6e 8b 74 24 50 8b d6 8b 4b
0x00007fff12ff6615:   58 e8 f5 f6 fc ff 8b 4b 60 8b d6 89 43 58 e8 e8
0x00007fff12ff6625:   f6 fc ff 8b 8b 10 01 00 00 8b d6 89 43 60 e8 d8
0x00007fff12ff6635:   f6 fc ff 8b 54 24 54 8b 8b 14 01 00 00 89 83 10
0x00007fff12ff6645:   01 00 00 e8 c3 f6 fc ff 8b 8b 18 01 00 00 8b d6
0x00007fff12ff6655:   89 83 14 01 00 00 e8 b0 f6 fc ff 8b 54 24 54 8b
0x00007fff12ff6665:   8b 1c 01 00 00 89 83 18 01 00 00 e8 9b f6 fc ff
0x00007fff12ff6675:   89 83 1c 01 00 00 8b cf 89 4c 24 30 80 7c 24 34
0x00007fff12ff6685:   00 74 1f 49 8b 86 d0 00 00 00 48 8d 55 88 48 8b
0x00007fff12ff6695:   48 50 48 8b 01 48 8b 49 08 ff 50 08 8b 44 24 30
0x00007fff12ff66a5:   eb 02 8b c1 4c 8b ac 24 50 01 00 00 48 8b b4 24
0x00007fff12ff66b5:   a8 01 00 00 48 8b 4d 48 48 33 cc e8 9b ef 00 00
0x00007fff12ff66c5:   48 81 c4 58 01 00 00 41 5f 41 5e 41 5c 5f 5b 5d
0x00007fff12ff66d5:   c3 cc cc cc cc cc cc cc cc cc cc 40 53 48 83 ec
0x00007fff12ff66e5:   40 48 8b 05 1b 29 03 00 48 33 c4 48 89 44 24 30
0x00007fff12ff66f5:   48 8b 01 44 8b da 48 8b d9 48 8b 90 d0 00 00 00
0x00007fff12ff6705:   48 8b 4a 50 48 85 c9 74 68 48 8b 01 4c 8b 50 10
0x00007fff12ff6715:   4d 85 d2 74 5c 8b 43 48 4c 8d 4c 24 20 89 44 24
0x00007fff12ff6725:   20 45 33 c0 8b 43 4c 41 8b d3 89 44 24 28 48 89
0x00007fff12ff6735:   7c 24 60 33 ff 89 7c 24 24 89 7c 24 2c 48 8b 49
0x00007fff12ff6745:   08 41 ff d2 85 c0 75 24 0f bf 44 24 20 89 43 48
0x00007fff12ff6755:   0f b7 44 24 28 89 43 4c 48 89 bb 08 01 00 00 40
0x00007fff12ff6765:   38 7b 54 75 07 c6 43 54 01 89 43 50 48 8b 7c 24
0x00007fff12ff6775:   60 48 8b 4c 24 30 48 33 cc e8 dd ee 00 00 48 83
0x00007fff12ff6785:   c4 40 5b c3 cc cc cc cc cc cc cc 48 89 5c 24 08
0x00007fff12ff6795:   44 89 4c 24 20 4c 89 44 24 18 55 56 57 41 54 41
0x00007fff12ff67a5:   55 41 56 41 57 48 83 ec 40 49 8b 78 08 45 8b f1
0x00007fff12ff67b5:   41 c1 ee 07 4d 8b e8 48 8b ea 48 89 7c 24 28 41
0x00007fff12ff67c5:   80 e6 01 33 d2 48 8b 9f 90 00 00 00 41 b8 40 01
0x00007fff12ff67d5:   00 00 4c 8b a7 a0 00 00 00 45 8b f9 48 89 5c 24
0x00007fff12ff67e5:   30 48 8b f1 4c 89 64 24 38 44 89 74 24 20 e8 ce
0x00007fff12ff67f5:   fc 00 00 41 8b c7 83 e0 02 80 bc 24 a0 00 00 00 


Stack slot to memory mapping:
stack at sp + 0 slots: 0x0000000000000027 is an unknown value
stack at sp + 1 slots: 0x000000000000008c is an unknown value
stack at sp + 2 slots: 0x000002df3596f8b0 points into unknown readable memory: d0 d7 bf 2b df 02 00 00
stack at sp + 3 slots: 0x00007fff12fd42e0 freetype.dll
stack at sp + 4 slots: 0x000002df3586ef30 points into unknown readable memory: 00 00 00 00 00 00 00 00
stack at sp + 5 slots: 0x000000e9889fea10 is pointing into the stack for thread: 0x000002df06f11000
stack at sp + 6 slots: 0x00004a3585fe6915 is an unknown value
stack at sp + 7 slots: 0x0000000000000918 is an unknown value


---------------  P R O C E S S  ---------------

Threads class SMR info:
_java_thread_list=0x000002df3586b990, length=13, elements={
0x000002df06f11000, 0x000002df2ab26800, 0x000002df2ab29800, 0x000002df2b3c7000,
0x000002df2b3ca000, 0x000002df2b3cb000, 0x000002df2b3d4800, 0x000002df2b3da800,
0x000002df2b51d800, 0x000002df2b513800, 0x000002df2b8d6000, 0x000002df2b8db800,
0x000002df355d9000
}

Java Threads: ( => current thread )
=>0x000002df06f11000 JavaThread "main" [_thread_in_native, id=142632, stack(0x000000e988900000,0x000000e988a00000)]
  0x000002df2ab26800 JavaThread "Reference Handler" daemon [_thread_blocked, id=144180, stack(0x000000e989000000,0x000000e989100000)]
  0x000002df2ab29800 JavaThread "Finalizer" daemon [_thread_blocked, id=120092, stack(0x000000e989100000,0x000000e989200000)]
  0x000002df2b3c7000 JavaThread "Signal Dispatcher" daemon [_thread_blocked, id=112836, stack(0x000000e989200000,0x000000e989300000)]
  0x000002df2b3ca000 JavaThread "Attach Listener" daemon [_thread_blocked, id=136752, stack(0x000000e989300000,0x000000e989400000)]
  0x000002df2b3cb000 JavaThread "C2 CompilerThread0" daemon [_thread_blocked, id=144296, stack(0x000000e989400000,0x000000e989500000)]
  0x000002df2b3d4800 JavaThread "C1 CompilerThread0" daemon [_thread_blocked, id=144340, stack(0x000000e989500000,0x000000e989600000)]
  0x000002df2b3da800 JavaThread "Sweeper thread" daemon [_thread_blocked, id=143748, stack(0x000000e989600000,0x000000e989700000)]
  0x000002df2b51d800 JavaThread "Service Thread" daemon [_thread_blocked, id=143284, stack(0x000000e989700000,0x000000e989800000)]
  0x000002df2b513800 JavaThread "Common-Cleaner" daemon [_thread_blocked, id=143756, stack(0x000000e989900000,0x000000e989a00000)]
  0x000002df2b8d6000 JavaThread "Java2D Disposer" daemon [_thread_blocked, id=133888, stack(0x000000e989a00000,0x000000e989b00000)]
  0x000002df2b8db800 JavaThread "AWT-Shutdown" [_thread_blocked, id=143556, stack(0x000000e989b00000,0x000000e989c00000)]
  0x000002df355d9000 JavaThread "AWT-EventQueue-0" [_thread_blocked, id=143536, stack(0x000000e989f10000,0x000000e98a010000)]

Other Threads:
  0x000002df2ab25000 VMThread "VM Thread" [stack: 0x000000e988f00000,0x000000e989000000] [id=144040]
  0x000002df2b512000 WatcherThread [stack: 0x000000e989800000,0x000000e989900000] [id=142984]
  0x000002df06f7b800 GCTaskThread "GC Thread#0" [stack: 0x000000e988a00000,0x000000e988b00000] [id=143676]
  0x000002df36364000 GCTaskThread "GC Thread#1" [stack: 0x000000e98a220000,0x000000e98a320000] [id=142128]
  0x000002df36577800 GCTaskThread "GC Thread#2" [stack: 0x000000e98a360000,0x000000e98a460000] [id=141260]
  0x000002df36417800 GCTaskThread "GC Thread#3" [stack: 0x000000e98a460000,0x000000e98a560000] [id=143472]
  0x000002df35ae1800 GCTaskThread "GC Thread#4" [stack: 0x000000e98a560000,0x000000e98a660000] [id=144184]
  0x000002df35cf3000 GCTaskThread "GC Thread#5" [stack: 0x000000e98a660000,0x000000e98a760000] [id=143720]
  0x000002df06f9d800 ConcurrentGCThread "G1 Main Marker" [stack: 0x000000e988b00000,0x000000e988c00000] [id=142180]
  0x000002df06f9e800 ConcurrentGCThread "G1 Conc#0" [stack: 0x000000e988c00000,0x000000e988d00000] [id=143848]
  0x000002df2aa21800 ConcurrentGCThread "G1 Refine#0" [stack: 0x000000e988d00000,0x000000e988e00000] [id=143888]
  0x000002df2b89e800 ConcurrentGCThread "G1 Refine#1" [stack: 0x000000e98a760000,0x000000e98a860000] [id=143136]
  0x000002df3560e000 ConcurrentGCThread "G1 Refine#2" [stack: 0x000000e98a860000,0x000000e98a960000] [id=142236]
  0x000002df35c86000 ConcurrentGCThread "G1 Refine#3" [stack: 0x000000e98a960000,0x000000e98aa60000] [id=142772]
  0x000002df3573b800 ConcurrentGCThread "G1 Refine#4" [stack: 0x000000e98aa60000,0x000000e98ab60000] [id=141740]
  0x000002df3573c000 ConcurrentGCThread "G1 Refine#5" [stack: 0x000000e98ab60000,0x000000e98ac60000] [id=142664]
  0x000002df35b2a800 ConcurrentGCThread "G1 Refine#6" [stack: 0x000000e98ac60000,0x000000e98ad60000] [id=143260]
  0x000002df2aa23800 ConcurrentGCThread "G1 Young RemSet Sampling" [stack: 0x000000e988e00000,0x000000e988f00000] [id=143684]

Threads with active compile tasks:

VM state:not at safepoint (normal execution)

VM Mutex/Monitor currently owned by a thread: None

Heap address: 0x0000000701400000, size: 4076 MB, Compressed Oops mode: Zero based, Oop shift amount: 3
Narrow klass base: 0x0000000800000000, Narrow klass shift: 3
Compressed class space size: 1073741824 Address: 0x0000000800b40000

Heap:
 garbage-first heap   total 262144K, used 123809K [0x0000000701400000, 0x0000000800000000)
  region size 1024K, 83 young (84992K), 1 survivors (1024K)
 Metaspace       used 9538K, capacity 9796K, committed 10112K, reserved 1058816K
  class space    used 923K, capacity 1042K, committed 1152K, reserved 1048576K
Heap Regions: E=young(eden), S=young(survivor), O=old, HS=humongous(starts), HC=humongous(continues), CS=collection set, F=free, A=archive, TAMS=top-at-mark-start (previous, next)
|   0|0x0000000701400000, 0x0000000701500000, 0x0000000701500000|100%| O|  |TAMS 0x0000000701400000, 0x0000000701400000| Untracked 
|   1|0x0000000701500000, 0x0000000701600000, 0x0000000701600000|100%| O|  |TAMS 0x0000000701500000, 0x0000000701500000| Untracked 
|   2|0x0000000701600000, 0x0000000701700000, 0x0000000701700000|100%|HS|  |TAMS 0x0000000701600000, 0x0000000701600000| Complete 
|   3|0x0000000701700000, 0x0000000701800000, 0x0000000701800000|100%|HC|  |TAMS 0x0000000701700000, 0x0000000701700000| Complete 
|   4|0x0000000701800000, 0x0000000701900000, 0x0000000701900000|100%|HS|  |TAMS 0x0000000701800000, 0x0000000701800000| Complete 
|   5|0x0000000701900000, 0x0000000701a00000, 0x0000000701a00000|100%|HC|  |TAMS 0x0000000701900000, 0x0000000701900000| Complete 
|   6|0x0000000701a00000, 0x0000000701b00000, 0x0000000701b00000|100%|HC|  |TAMS 0x0000000701a00000, 0x0000000701a00000| Complete 
|   7|0x0000000701b00000, 0x0000000701c00000, 0x0000000701c00000|100%|HC|  |TAMS 0x0000000701b00000, 0x0000000701b00000| Complete 
|   8|0x0000000701c00000, 0x0000000701d00000, 0x0000000701d00000|100%|HS|  |TAMS 0x0000000701c00000, 0x0000000701c00000| Complete 
|   9|0x0000000701d00000, 0x0000000701e00000, 0x0000000701e00000|100%|HC|  |TAMS 0x0000000701d00000, 0x0000000701d00000| Complete 
|  10|0x0000000701e00000, 0x0000000701f00000, 0x0000000701f00000|100%|HC|  |TAMS 0x0000000701e00000, 0x0000000701e00000| Complete 
|  11|0x0000000701f00000, 0x0000000702000000, 0x0000000702000000|100%|HC|  |TAMS 0x0000000701f00000, 0x0000000701f00000| Complete 
|  12|0x0000000702000000, 0x0000000702100000, 0x0000000702100000|100%|HS|  |TAMS 0x0000000702000000, 0x0000000702000000| Complete 
|  13|0x0000000702100000, 0x0000000702200000, 0x0000000702200000|100%|HC|  |TAMS 0x0000000702100000, 0x0000000702100000| Complete 
|  14|0x0000000702200000, 0x0000000702300000, 0x0000000702300000|100%|HC|  |TAMS 0x0000000702200000, 0x0000000702200000| Complete 
|  15|0x0000000702300000, 0x0000000702400000, 0x0000000702400000|100%|HC|  |TAMS 0x0000000702300000, 0x0000000702300000| Complete 
|  16|0x0000000702400000, 0x0000000702500000, 0x0000000702500000|100%| O|  |TAMS 0x0000000702400000, 0x0000000702400000| Untracked 
|  17|0x0000000702500000, 0x0000000702600000, 0x0000000702600000|100%| O|  |TAMS 0x0000000702500000, 0x0000000702500000| Untracked 
|  18|0x0000000702600000, 0x0000000702700000, 0x0000000702700000|100%| O|  |TAMS 0x0000000702600000, 0x0000000702600000| Untracked 
|  19|0x0000000702700000, 0x0000000702800000, 0x0000000702800000|100%| O|  |TAMS 0x0000000702700000, 0x0000000702700000| Untracked 
|  20|0x0000000702800000, 0x0000000702900000, 0x0000000702900000|100%| O|  |TAMS 0x0000000702800000, 0x0000000702800000| Untracked 
|  21|0x0000000702900000, 0x0000000702a00000, 0x0000000702a00000|100%| O|  |TAMS 0x0000000702900000, 0x0000000702900000| Untracked 
|  22|0x0000000702a00000, 0x0000000702b00000, 0x0000000702b00000|100%| O|  |TAMS 0x0000000702a00000, 0x0000000702a00000| Untracked 
|  23|0x0000000702b00000, 0x0000000702c00000, 0x0000000702c00000|100%| O|  |TAMS 0x0000000702b00000, 0x0000000702b00000| Untracked 
|  24|0x0000000702c00000, 0x0000000702d00000, 0x0000000702d00000|100%| O|  |TAMS 0x0000000702c00000, 0x0000000702c00000| Untracked 
|  25|0x0000000702d00000, 0x0000000702e00000, 0x0000000702e00000|100%| O|  |TAMS 0x0000000702d00000, 0x0000000702d00000| Untracked 
|  26|0x0000000702e00000, 0x0000000702f00000, 0x0000000702f00000|100%| O|  |TAMS 0x0000000702e00000, 0x0000000702e00000| Untracked 
|  27|0x0000000702f00000, 0x0000000703000000, 0x0000000703000000|100%|HS|  |TAMS 0x0000000702f00000, 0x0000000702f00000| Complete 
|  28|0x0000000703000000, 0x0000000703100000, 0x0000000703100000|100%|HC|  |TAMS 0x0000000703000000, 0x0000000703000000| Complete 
|  29|0x0000000703100000, 0x0000000703200000, 0x0000000703200000|100%|HC|  |TAMS 0x0000000703100000, 0x0000000703100000| Complete 
|  30|0x0000000703200000, 0x0000000703300000, 0x0000000703300000|100%|HS|  |TAMS 0x0000000703200000, 0x0000000703200000| Complete 
|  31|0x0000000703300000, 0x0000000703400000, 0x0000000703400000|100%| O|  |TAMS 0x0000000703300000, 0x0000000703300000| Untracked 
|  32|0x0000000703400000, 0x0000000703500000, 0x0000000703500000|100%| O|  |TAMS 0x0000000703400000, 0x0000000703400000| Untracked 
|  33|0x0000000703500000, 0x0000000703600000, 0x0000000703600000|100%| O|  |TAMS 0x0000000703500000, 0x0000000703500000| Untracked 
|  34|0x0000000703600000, 0x0000000703700000, 0x0000000703700000|100%| O|  |TAMS 0x0000000703600000, 0x0000000703600000| Untracked 
|  35|0x0000000703700000, 0x0000000703800000, 0x0000000703800000|100%| O|  |TAMS 0x0000000703700000, 0x0000000703700000| Untracked 
|  36|0x0000000703800000, 0x0000000703900000, 0x0000000703900000|100%| O|  |TAMS 0x0000000703800000, 0x0000000703800000| Untracked 
|  37|0x0000000703900000, 0x0000000703a00000, 0x0000000703a00000|100%| O|  |TAMS 0x0000000703900000, 0x0000000703900000| Untracked 
|  38|0x0000000703a00000, 0x0000000703b00000, 0x0000000703b00000|100%| O|  |TAMS 0x0000000703a00000, 0x0000000703a00000| Untracked 
|  39|0x0000000703b00000, 0x0000000703ba6600, 0x0000000703c00000| 64%| O|  |TAMS 0x0000000703b00000, 0x0000000703b00000| Untracked 
|  40|0x0000000703c00000, 0x0000000703c00000, 0x0000000703d00000|  0%| F|  |TAMS 0x0000000703c00000, 0x0000000703c00000| Untracked 
|  41|0x0000000703d00000, 0x0000000703d00000, 0x0000000703e00000|  0%| F|  |TAMS 0x0000000703d00000, 0x0000000703d00000| Untracked 
|  42|0x0000000703e00000, 0x0000000703e00000, 0x0000000703f00000|  0%| F|  |TAMS 0x0000000703e00000, 0x0000000703e00000| Untracked 
|  43|0x0000000703f00000, 0x0000000703f00000, 0x0000000704000000|  0%| F|  |TAMS 0x0000000703f00000, 0x0000000703f00000| Untracked 
|  44|0x0000000704000000, 0x0000000704000000, 0x0000000704100000|  0%| F|  |TAMS 0x0000000704000000, 0x0000000704000000| Untracked 
|  45|0x0000000704100000, 0x0000000704100000, 0x0000000704200000|  0%| F|  |TAMS 0x0000000704100000, 0x0000000704100000| Untracked 
|  46|0x0000000704200000, 0x0000000704200000, 0x0000000704300000|  0%| F|  |TAMS 0x0000000704200000, 0x0000000704200000| Untracked 
|  47|0x0000000704300000, 0x0000000704300000, 0x0000000704400000|  0%| F|  |TAMS 0x0000000704300000, 0x0000000704300000| Untracked 
|  48|0x0000000704400000, 0x0000000704400000, 0x0000000704500000|  0%| F|  |TAMS 0x0000000704400000, 0x0000000704400000| Untracked 
|  49|0x0000000704500000, 0x0000000704500000, 0x0000000704600000|  0%| F|  |TAMS 0x0000000704500000, 0x0000000704500000| Untracked 
|  50|0x0000000704600000, 0x0000000704600000, 0x0000000704700000|  0%| F|  |TAMS 0x0000000704600000, 0x0000000704600000| Untracked 
|  51|0x0000000704700000, 0x0000000704700000, 0x0000000704800000|  0%| F|  |TAMS 0x0000000704700000, 0x0000000704700000| Untracked 
|  52|0x0000000704800000, 0x0000000704800000, 0x0000000704900000|  0%| F|  |TAMS 0x0000000704800000, 0x0000000704800000| Untracked 
|  53|0x0000000704900000, 0x0000000704900000, 0x0000000704a00000|  0%| F|  |TAMS 0x0000000704900000, 0x0000000704900000| Untracked 
|  54|0x0000000704a00000, 0x0000000704a00000, 0x0000000704b00000|  0%| F|  |TAMS 0x0000000704a00000, 0x0000000704a00000| Untracked 
|  55|0x0000000704b00000, 0x0000000704b00000, 0x0000000704c00000|  0%| F|  |TAMS 0x0000000704b00000, 0x0000000704b00000| Untracked 
|  56|0x0000000704c00000, 0x0000000704c00000, 0x0000000704d00000|  0%| F|  |TAMS 0x0000000704c00000, 0x0000000704c00000| Untracked 
|  57|0x0000000704d00000, 0x0000000704d00000, 0x0000000704e00000|  0%| F|  |TAMS 0x0000000704d00000, 0x0000000704d00000| Untracked 
|  58|0x0000000704e00000, 0x0000000704e00000, 0x0000000704f00000|  0%| F|  |TAMS 0x0000000704e00000, 0x0000000704e00000| Untracked 
|  59|0x0000000704f00000, 0x0000000704f00000, 0x0000000705000000|  0%| F|  |TAMS 0x0000000704f00000, 0x0000000704f00000| Untracked 
|  60|0x0000000705000000, 0x0000000705000000, 0x0000000705100000|  0%| F|  |TAMS 0x0000000705000000, 0x0000000705000000| Untracked 
|  61|0x0000000705100000, 0x0000000705100000, 0x0000000705200000|  0%| F|  |TAMS 0x0000000705100000, 0x0000000705100000| Untracked 
|  62|0x0000000705200000, 0x0000000705200000, 0x0000000705300000|  0%| F|  |TAMS 0x0000000705200000, 0x0000000705200000| Untracked 
|  63|0x0000000705300000, 0x0000000705300000, 0x0000000705400000|  0%| F|  |TAMS 0x0000000705300000, 0x0000000705300000| Untracked 
|  64|0x0000000705400000, 0x0000000705400000, 0x0000000705500000|  0%| F|  |TAMS 0x0000000705400000, 0x0000000705400000| Untracked 
|  65|0x0000000705500000, 0x0000000705500000, 0x0000000705600000|  0%| F|  |TAMS 0x0000000705500000, 0x0000000705500000| Untracked 
|  66|0x0000000705600000, 0x0000000705600000, 0x0000000705700000|  0%| F|  |TAMS 0x0000000705600000, 0x0000000705600000| Untracked 
|  67|0x0000000705700000, 0x0000000705700000, 0x0000000705800000|  0%| F|  |TAMS 0x0000000705700000, 0x0000000705700000| Untracked 
|  68|0x0000000705800000, 0x0000000705800000, 0x0000000705900000|  0%| F|  |TAMS 0x0000000705800000, 0x0000000705800000| Untracked 
|  69|0x0000000705900000, 0x0000000705900000, 0x0000000705a00000|  0%| F|  |TAMS 0x0000000705900000, 0x0000000705900000| Untracked 
|  70|0x0000000705a00000, 0x0000000705a00000, 0x0000000705b00000|  0%| F|  |TAMS 0x0000000705a00000, 0x0000000705a00000| Untracked 
|  71|0x0000000705b00000, 0x0000000705b00000, 0x0000000705c00000|  0%| F|  |TAMS 0x0000000705b00000, 0x0000000705b00000| Untracked 
|  72|0x0000000705c00000, 0x0000000705c00000, 0x0000000705d00000|  0%| F|  |TAMS 0x0000000705c00000, 0x0000000705c00000| Untracked 
|  73|0x0000000705d00000, 0x0000000705d00000, 0x0000000705e00000|  0%| F|  |TAMS 0x0000000705d00000, 0x0000000705d00000| Untracked 
|  74|0x0000000705e00000, 0x0000000705e00000, 0x0000000705f00000|  0%| F|  |TAMS 0x0000000705e00000, 0x0000000705e00000| Untracked 
|  75|0x0000000705f00000, 0x0000000705f00000, 0x0000000706000000|  0%| F|  |TAMS 0x0000000705f00000, 0x0000000705f00000| Untracked 
|  76|0x0000000706000000, 0x0000000706000000, 0x0000000706100000|  0%| F|  |TAMS 0x0000000706000000, 0x0000000706000000| Untracked 
|  77|0x0000000706100000, 0x0000000706100000, 0x0000000706200000|  0%| F|  |TAMS 0x0000000706100000, 0x0000000706100000| Untracked 
|  78|0x0000000706200000, 0x0000000706200000, 0x0000000706300000|  0%| F|  |TAMS 0x0000000706200000, 0x0000000706200000| Untracked 
|  79|0x0000000706300000, 0x0000000706300000, 0x0000000706400000|  0%| F|  |TAMS 0x0000000706300000, 0x0000000706300000| Untracked 
|  80|0x0000000706400000, 0x0000000706400000, 0x0000000706500000|  0%| F|  |TAMS 0x0000000706400000, 0x0000000706400000| Untracked 
|  81|0x0000000706500000, 0x0000000706500000, 0x0000000706600000|  0%| F|  |TAMS 0x0000000706500000, 0x0000000706500000| Untracked 
|  82|0x0000000706600000, 0x0000000706600000, 0x0000000706700000|  0%| F|  |TAMS 0x0000000706600000, 0x0000000706600000| Untracked 
|  83|0x0000000706700000, 0x0000000706700000, 0x0000000706800000|  0%| F|  |TAMS 0x0000000706700000, 0x0000000706700000| Untracked 
|  84|0x0000000706800000, 0x0000000706800000, 0x0000000706900000|  0%| F|  |TAMS 0x0000000706800000, 0x0000000706800000| Untracked 
|  85|0x0000000706900000, 0x0000000706900000, 0x0000000706a00000|  0%| F|  |TAMS 0x0000000706900000, 0x0000000706900000| Untracked 
|  86|0x0000000706a00000, 0x0000000706a00000, 0x0000000706b00000|  0%| F|  |TAMS 0x0000000706a00000, 0x0000000706a00000| Untracked 
|  87|0x0000000706b00000, 0x0000000706b00000, 0x0000000706c00000|  0%| F|  |TAMS 0x0000000706b00000, 0x0000000706b00000| Untracked 
|  88|0x0000000706c00000, 0x0000000706c00000, 0x0000000706d00000|  0%| F|  |TAMS 0x0000000706c00000, 0x0000000706c00000| Untracked 
|  89|0x0000000706d00000, 0x0000000706d00000, 0x0000000706e00000|  0%| F|  |TAMS 0x0000000706d00000, 0x0000000706d00000| Untracked 
|  90|0x0000000706e00000, 0x0000000706e00000, 0x0000000706f00000|  0%| F|  |TAMS 0x0000000706e00000, 0x0000000706e00000| Untracked 
|  91|0x0000000706f00000, 0x0000000706f00000, 0x0000000707000000|  0%| F|  |TAMS 0x0000000706f00000, 0x0000000706f00000| Untracked 
|  92|0x0000000707000000, 0x0000000707000000, 0x0000000707100000|  0%| F|  |TAMS 0x0000000707000000, 0x0000000707000000| Untracked 
|  93|0x0000000707100000, 0x0000000707100000, 0x0000000707200000|  0%| F|  |TAMS 0x0000000707100000, 0x0000000707100000| Untracked 
|  94|0x0000000707200000, 0x0000000707200000, 0x0000000707300000|  0%| F|  |TAMS 0x0000000707200000, 0x0000000707200000| Untracked 
|  95|0x0000000707300000, 0x0000000707300000, 0x0000000707400000|  0%| F|  |TAMS 0x0000000707300000, 0x0000000707300000| Untracked 
|  96|0x0000000707400000, 0x0000000707400000, 0x0000000707500000|  0%| F|  |TAMS 0x0000000707400000, 0x0000000707400000| Untracked 
|  97|0x0000000707500000, 0x0000000707500000, 0x0000000707600000|  0%| F|  |TAMS 0x0000000707500000, 0x0000000707500000| Untracked 
|  98|0x0000000707600000, 0x0000000707600000, 0x0000000707700000|  0%| F|  |TAMS 0x0000000707600000, 0x0000000707600000| Untracked 
|  99|0x0000000707700000, 0x0000000707700000, 0x0000000707800000|  0%| F|  |TAMS 0x0000000707700000, 0x0000000707700000| Untracked 
| 100|0x0000000707800000, 0x0000000707800000, 0x0000000707900000|  0%| F|  |TAMS 0x0000000707800000, 0x0000000707800000| Untracked 
| 101|0x0000000707900000, 0x0000000707900000, 0x0000000707a00000|  0%| F|  |TAMS 0x0000000707900000, 0x0000000707900000| Untracked 
| 102|0x0000000707a00000, 0x0000000707a00000, 0x0000000707b00000|  0%| F|  |TAMS 0x0000000707a00000, 0x0000000707a00000| Untracked 
| 103|0x0000000707b00000, 0x0000000707b00000, 0x0000000707c00000|  0%| F|  |TAMS 0x0000000707b00000, 0x0000000707b00000| Untracked 
| 104|0x0000000707c00000, 0x0000000707c00000, 0x0000000707d00000|  0%| F|  |TAMS 0x0000000707c00000, 0x0000000707c00000| Untracked 
| 105|0x0000000707d00000, 0x0000000707d00000, 0x0000000707e00000|  0%| F|  |TAMS 0x0000000707d00000, 0x0000000707d00000| Untracked 
| 106|0x0000000707e00000, 0x0000000707e00000, 0x0000000707f00000|  0%| F|  |TAMS 0x0000000707e00000, 0x0000000707e00000| Untracked 
| 107|0x0000000707f00000, 0x0000000707f00000, 0x0000000708000000|  0%| F|  |TAMS 0x0000000707f00000, 0x0000000707f00000| Untracked 
| 108|0x0000000708000000, 0x0000000708000000, 0x0000000708100000|  0%| F|  |TAMS 0x0000000708000000, 0x0000000708000000| Untracked 
| 109|0x0000000708100000, 0x0000000708100000, 0x0000000708200000|  0%| F|  |TAMS 0x0000000708100000, 0x0000000708100000| Untracked 
| 110|0x0000000708200000, 0x0000000708200000, 0x0000000708300000|  0%| F|  |TAMS 0x0000000708200000, 0x0000000708200000| Untracked 
| 111|0x0000000708300000, 0x0000000708300000, 0x0000000708400000|  0%| F|  |TAMS 0x0000000708300000, 0x0000000708300000| Untracked 
| 112|0x0000000708400000, 0x0000000708400000, 0x0000000708500000|  0%| F|  |TAMS 0x0000000708400000, 0x0000000708400000| Untracked 
| 113|0x0000000708500000, 0x0000000708500000, 0x0000000708600000|  0%| F|  |TAMS 0x0000000708500000, 0x0000000708500000| Untracked 
| 114|0x0000000708600000, 0x0000000708600000, 0x0000000708700000|  0%| F|  |TAMS 0x0000000708600000, 0x0000000708600000| Untracked 
| 115|0x0000000708700000, 0x0000000708700000, 0x0000000708800000|  0%| F|  |TAMS 0x0000000708700000, 0x0000000708700000| Untracked 
| 116|0x0000000708800000, 0x0000000708800000, 0x0000000708900000|  0%| F|  |TAMS 0x0000000708800000, 0x0000000708800000| Untracked 
| 117|0x0000000708900000, 0x0000000708900000, 0x0000000708a00000|  0%| F|  |TAMS 0x0000000708900000, 0x0000000708900000| Untracked 
| 118|0x0000000708a00000, 0x0000000708a00000, 0x0000000708b00000|  0%| F|  |TAMS 0x0000000708a00000, 0x0000000708a00000| Untracked 
| 119|0x0000000708b00000, 0x0000000708b00000, 0x0000000708c00000|  0%| F|  |TAMS 0x0000000708b00000, 0x0000000708b00000| Untracked 
| 120|0x0000000708c00000, 0x0000000708c00000, 0x0000000708d00000|  0%| F|  |TAMS 0x0000000708c00000, 0x0000000708c00000| Untracked 
| 121|0x0000000708d00000, 0x0000000708d00000, 0x0000000708e00000|  0%| F|  |TAMS 0x0000000708d00000, 0x0000000708d00000| Untracked 
| 122|0x0000000708e00000, 0x0000000708e00000, 0x0000000708f00000|  0%| F|  |TAMS 0x0000000708e00000, 0x0000000708e00000| Untracked 
| 123|0x0000000708f00000, 0x0000000708f00000, 0x0000000709000000|  0%| F|  |TAMS 0x0000000708f00000, 0x0000000708f00000| Untracked 
| 124|0x0000000709000000, 0x0000000709000000, 0x0000000709100000|  0%| F|  |TAMS 0x0000000709000000, 0x0000000709000000| Untracked 
| 125|0x0000000709100000, 0x0000000709100000, 0x0000000709200000|  0%| F|  |TAMS 0x0000000709100000, 0x0000000709100000| Untracked 
| 126|0x0000000709200000, 0x0000000709200000, 0x0000000709300000|  0%| F|  |TAMS 0x0000000709200000, 0x0000000709200000| Untracked 
| 127|0x0000000709300000, 0x0000000709300000, 0x0000000709400000|  0%| F|  |TAMS 0x0000000709300000, 0x0000000709300000| Untracked 
| 128|0x0000000709400000, 0x0000000709400000, 0x0000000709500000|  0%| F|  |TAMS 0x0000000709400000, 0x0000000709400000| Untracked 
| 129|0x0000000709500000, 0x0000000709500000, 0x0000000709600000|  0%| F|  |TAMS 0x0000000709500000, 0x0000000709500000| Untracked 
| 130|0x0000000709600000, 0x0000000709600000, 0x0000000709700000|  0%| F|  |TAMS 0x0000000709600000, 0x0000000709600000| Untracked 
| 131|0x0000000709700000, 0x0000000709700000, 0x0000000709800000|  0%| F|  |TAMS 0x0000000709700000, 0x0000000709700000| Untracked 
| 132|0x0000000709800000, 0x0000000709800000, 0x0000000709900000|  0%| F|  |TAMS 0x0000000709800000, 0x0000000709800000| Untracked 
| 133|0x0000000709900000, 0x0000000709900000, 0x0000000709a00000|  0%| F|  |TAMS 0x0000000709900000, 0x0000000709900000| Untracked 
| 134|0x0000000709a00000, 0x0000000709a00000, 0x0000000709b00000|  0%| F|  |TAMS 0x0000000709a00000, 0x0000000709a00000| Untracked 
| 135|0x0000000709b00000, 0x0000000709b00000, 0x0000000709c00000|  0%| F|  |TAMS 0x0000000709b00000, 0x0000000709b00000| Untracked 
| 136|0x0000000709c00000, 0x0000000709c00000, 0x0000000709d00000|  0%| F|  |TAMS 0x0000000709c00000, 0x0000000709c00000| Untracked 
| 137|0x0000000709d00000, 0x0000000709d00000, 0x0000000709e00000|  0%| F|  |TAMS 0x0000000709d00000, 0x0000000709d00000| Untracked 
| 138|0x0000000709e00000, 0x0000000709e00000, 0x0000000709f00000|  0%| F|  |TAMS 0x0000000709e00000, 0x0000000709e00000| Untracked 
| 139|0x0000000709f00000, 0x0000000709f00000, 0x000000070a000000|  0%| F|  |TAMS 0x0000000709f00000, 0x0000000709f00000| Untracked 
| 140|0x000000070a000000, 0x000000070a000000, 0x000000070a100000|  0%| F|  |TAMS 0x000000070a000000, 0x000000070a000000| Untracked 
| 141|0x000000070a100000, 0x000000070a100000, 0x000000070a200000|  0%| F|  |TAMS 0x000000070a100000, 0x000000070a100000| Untracked 
| 142|0x000000070a200000, 0x000000070a200000, 0x000000070a300000|  0%| F|  |TAMS 0x000000070a200000, 0x000000070a200000| Untracked 
| 143|0x000000070a300000, 0x000000070a300000, 0x000000070a400000|  0%| F|  |TAMS 0x000000070a300000, 0x000000070a300000| Untracked 
| 144|0x000000070a400000, 0x000000070a400000, 0x000000070a500000|  0%| F|  |TAMS 0x000000070a400000, 0x000000070a400000| Untracked 
| 145|0x000000070a500000, 0x000000070a500000, 0x000000070a600000|  0%| F|  |TAMS 0x000000070a500000, 0x000000070a500000| Untracked 
| 146|0x000000070a600000, 0x000000070a600000, 0x000000070a700000|  0%| F|  |TAMS 0x000000070a600000, 0x000000070a600000| Untracked 
| 147|0x000000070a700000, 0x000000070a700000, 0x000000070a800000|  0%| F|  |TAMS 0x000000070a700000, 0x000000070a700000| Untracked 
| 148|0x000000070a800000, 0x000000070a800000, 0x000000070a900000|  0%| F|  |TAMS 0x000000070a800000, 0x000000070a800000| Untracked 
| 149|0x000000070a900000, 0x000000070a900000, 0x000000070aa00000|  0%| F|  |TAMS 0x000000070a900000, 0x000000070a900000| Untracked 
| 150|0x000000070aa00000, 0x000000070aa00000, 0x000000070ab00000|  0%| F|  |TAMS 0x000000070aa00000, 0x000000070aa00000| Untracked 
| 151|0x000000070ab00000, 0x000000070ab00000, 0x000000070ac00000|  0%| F|  |TAMS 0x000000070ab00000, 0x000000070ab00000| Untracked 
| 152|0x000000070ac00000, 0x000000070ac00000, 0x000000070ad00000|  0%| F|  |TAMS 0x000000070ac00000, 0x000000070ac00000| Untracked 
| 153|0x000000070ad00000, 0x000000070ad00000, 0x000000070ae00000|  0%| F|  |TAMS 0x000000070ad00000, 0x000000070ad00000| Untracked 
| 154|0x000000070ae00000, 0x000000070ae00000, 0x000000070af00000|  0%| F|  |TAMS 0x000000070ae00000, 0x000000070ae00000| Untracked 
| 155|0x000000070af00000, 0x000000070af00000, 0x000000070b000000|  0%| F|  |TAMS 0x000000070af00000, 0x000000070af00000| Untracked 
| 156|0x000000070b000000, 0x000000070b000000, 0x000000070b100000|  0%| F|  |TAMS 0x000000070b000000, 0x000000070b000000| Untracked 
| 157|0x000000070b100000, 0x000000070b100000, 0x000000070b200000|  0%| F|  |TAMS 0x000000070b100000, 0x000000070b100000| Untracked 
| 158|0x000000070b200000, 0x000000070b200000, 0x000000070b300000|  0%| F|  |TAMS 0x000000070b200000, 0x000000070b200000| Untracked 
| 159|0x000000070b300000, 0x000000070b300000, 0x000000070b400000|  0%| F|  |TAMS 0x000000070b300000, 0x000000070b300000| Untracked 
| 160|0x000000070b400000, 0x000000070b400000, 0x000000070b500000|  0%| F|  |TAMS 0x000000070b400000, 0x000000070b400000| Untracked 
| 161|0x000000070b500000, 0x000000070b500000, 0x000000070b600000|  0%| F|  |TAMS 0x000000070b500000, 0x000000070b500000| Untracked 
| 162|0x000000070b600000, 0x000000070b600000, 0x000000070b700000|  0%| F|  |TAMS 0x000000070b600000, 0x000000070b600000| Untracked 
| 163|0x000000070b700000, 0x000000070b700000, 0x000000070b800000|  0%| F|  |TAMS 0x000000070b700000, 0x000000070b700000| Untracked 
| 164|0x000000070b800000, 0x000000070b800000, 0x000000070b900000|  0%| F|  |TAMS 0x000000070b800000, 0x000000070b800000| Untracked 
| 165|0x000000070b900000, 0x000000070b900000, 0x000000070ba00000|  0%| F|  |TAMS 0x000000070b900000, 0x000000070b900000| Untracked 
| 166|0x000000070ba00000, 0x000000070ba00000, 0x000000070bb00000|  0%| F|  |TAMS 0x000000070ba00000, 0x000000070ba00000| Untracked 
| 167|0x000000070bb00000, 0x000000070bb00000, 0x000000070bc00000|  0%| F|  |TAMS 0x000000070bb00000, 0x000000070bb00000| Untracked 
| 168|0x000000070bc00000, 0x000000070bc00000, 0x000000070bd00000|  0%| F|  |TAMS 0x000000070bc00000, 0x000000070bc00000| Untracked 
| 169|0x000000070bd00000, 0x000000070bd00000, 0x000000070be00000|  0%| F|  |TAMS 0x000000070bd00000, 0x000000070bd00000| Untracked 
| 170|0x000000070be00000, 0x000000070be00000, 0x000000070bf00000|  0%| F|  |TAMS 0x000000070be00000, 0x000000070be00000| Untracked 
| 171|0x000000070bf00000, 0x000000070bf00000, 0x000000070c000000|  0%| F|  |TAMS 0x000000070bf00000, 0x000000070bf00000| Untracked 
| 172|0x000000070c000000, 0x000000070c000000, 0x000000070c100000|  0%| F|  |TAMS 0x000000070c000000, 0x000000070c000000| Untracked 
| 173|0x000000070c100000, 0x000000070c180800, 0x000000070c200000| 50%| E|  |TAMS 0x000000070c100000, 0x000000070c100000| Complete 
| 174|0x000000070c200000, 0x000000070c300000, 0x000000070c300000|100%| E|CS|TAMS 0x000000070c200000, 0x000000070c200000| Complete 
| 175|0x000000070c300000, 0x000000070c400000, 0x000000070c400000|100%| E|CS|TAMS 0x000000070c300000, 0x000000070c300000| Complete 
| 176|0x000000070c400000, 0x000000070c500000, 0x000000070c500000|100%| E|CS|TAMS 0x000000070c400000, 0x000000070c400000| Complete 
| 177|0x000000070c500000, 0x000000070c600000, 0x000000070c600000|100%| E|CS|TAMS 0x000000070c500000, 0x000000070c500000| Complete 
| 178|0x000000070c600000, 0x000000070c700000, 0x000000070c700000|100%| E|CS|TAMS 0x000000070c600000, 0x000000070c600000| Complete 
| 179|0x000000070c700000, 0x000000070c800000, 0x000000070c800000|100%| E|CS|TAMS 0x000000070c700000, 0x000000070c700000| Complete 
| 180|0x000000070c800000, 0x000000070c900000, 0x000000070c900000|100%| E|CS|TAMS 0x000000070c800000, 0x000000070c800000| Complete 
| 181|0x000000070c900000, 0x000000070ca00000, 0x000000070ca00000|100%| E|CS|TAMS 0x000000070c900000, 0x000000070c900000| Complete 
| 182|0x000000070ca00000, 0x000000070cb00000, 0x000000070cb00000|100%| E|CS|TAMS 0x000000070ca00000, 0x000000070ca00000| Complete 
| 183|0x000000070cb00000, 0x000000070cc00000, 0x000000070cc00000|100%| E|CS|TAMS 0x000000070cb00000, 0x000000070cb00000| Complete 
| 184|0x000000070cc00000, 0x000000070cd00000, 0x000000070cd00000|100%| E|CS|TAMS 0x000000070cc00000, 0x000000070cc00000| Complete 
| 185|0x000000070cd00000, 0x000000070ce00000, 0x000000070ce00000|100%| E|CS|TAMS 0x000000070cd00000, 0x000000070cd00000| Complete 
| 186|0x000000070ce00000, 0x000000070cf00000, 0x000000070cf00000|100%| E|CS|TAMS 0x000000070ce00000, 0x000000070ce00000| Complete 
| 187|0x000000070cf00000, 0x000000070d000000, 0x000000070d000000|100%| E|CS|TAMS 0x000000070cf00000, 0x000000070cf00000| Complete 
| 188|0x000000070d000000, 0x000000070d100000, 0x000000070d100000|100%| E|CS|TAMS 0x000000070d000000, 0x000000070d000000| Complete 
| 189|0x000000070d100000, 0x000000070d200000, 0x000000070d200000|100%| E|CS|TAMS 0x000000070d100000, 0x000000070d100000| Complete 
| 190|0x000000070d200000, 0x000000070d300000, 0x000000070d300000|100%| E|CS|TAMS 0x000000070d200000, 0x000000070d200000| Complete 
| 191|0x000000070d300000, 0x000000070d400000, 0x000000070d400000|100%| E|CS|TAMS 0x000000070d300000, 0x000000070d300000| Complete 
| 192|0x000000070d400000, 0x000000070d500000, 0x000000070d500000|100%| E|CS|TAMS 0x000000070d400000, 0x000000070d400000| Complete 
| 193|0x000000070d500000, 0x000000070d600000, 0x000000070d600000|100%| E|CS|TAMS 0x000000070d500000, 0x000000070d500000| Complete 
| 194|0x000000070d600000, 0x000000070d700000, 0x000000070d700000|100%| E|CS|TAMS 0x000000070d600000, 0x000000070d600000| Complete 
| 195|0x000000070d700000, 0x000000070d800000, 0x000000070d800000|100%| E|CS|TAMS 0x000000070d700000, 0x000000070d700000| Complete 
| 196|0x000000070d800000, 0x000000070d900000, 0x000000070d900000|100%| E|CS|TAMS 0x000000070d800000, 0x000000070d800000| Complete 
| 197|0x000000070d900000, 0x000000070da00000, 0x000000070da00000|100%| E|CS|TAMS 0x000000070d900000, 0x000000070d900000| Complete 
| 198|0x000000070da00000, 0x000000070db00000, 0x000000070db00000|100%| E|CS|TAMS 0x000000070da00000, 0x000000070da00000| Complete 
| 199|0x000000070db00000, 0x000000070dc00000, 0x000000070dc00000|100%| E|CS|TAMS 0x000000070db00000, 0x000000070db00000| Complete 
| 200|0x000000070dc00000, 0x000000070dc41ef0, 0x000000070dd00000| 25%| S|CS|TAMS 0x000000070dc00000, 0x000000070dc00000| Complete 
| 201|0x000000070dd00000, 0x000000070de00000, 0x000000070de00000|100%| E|CS|TAMS 0x000000070dd00000, 0x000000070dd00000| Complete 
| 202|0x000000070de00000, 0x000000070df00000, 0x000000070df00000|100%| E|CS|TAMS 0x000000070de00000, 0x000000070de00000| Complete 
| 203|0x000000070df00000, 0x000000070e000000, 0x000000070e000000|100%| E|CS|TAMS 0x000000070df00000, 0x000000070df00000| Complete 
| 204|0x000000070e000000, 0x000000070e100000, 0x000000070e100000|100%| E|CS|TAMS 0x000000070e000000, 0x000000070e000000| Complete 
| 205|0x000000070e100000, 0x000000070e200000, 0x000000070e200000|100%| E|CS|TAMS 0x000000070e100000, 0x000000070e100000| Complete 
| 206|0x000000070e200000, 0x000000070e300000, 0x000000070e300000|100%| E|CS|TAMS 0x000000070e200000, 0x000000070e200000| Complete 
| 207|0x000000070e300000, 0x000000070e400000, 0x000000070e400000|100%| E|CS|TAMS 0x000000070e300000, 0x000000070e300000| Complete 
| 208|0x000000070e400000, 0x000000070e500000, 0x000000070e500000|100%| E|CS|TAMS 0x000000070e400000, 0x000000070e400000| Complete 
| 209|0x000000070e500000, 0x000000070e600000, 0x000000070e600000|100%| E|CS|TAMS 0x000000070e500000, 0x000000070e500000| Complete 
| 210|0x000000070e600000, 0x000000070e700000, 0x000000070e700000|100%| E|CS|TAMS 0x000000070e600000, 0x000000070e600000| Complete 
| 211|0x000000070e700000, 0x000000070e800000, 0x000000070e800000|100%| E|CS|TAMS 0x000000070e700000, 0x000000070e700000| Complete 
| 212|0x000000070e800000, 0x000000070e900000, 0x000000070e900000|100%| E|CS|TAMS 0x000000070e800000, 0x000000070e800000| Complete 
| 213|0x000000070e900000, 0x000000070ea00000, 0x000000070ea00000|100%| E|CS|TAMS 0x000000070e900000, 0x000000070e900000| Complete 
| 214|0x000000070ea00000, 0x000000070eb00000, 0x000000070eb00000|100%| E|CS|TAMS 0x000000070ea00000, 0x000000070ea00000| Complete 
| 215|0x000000070eb00000, 0x000000070ec00000, 0x000000070ec00000|100%| E|CS|TAMS 0x000000070eb00000, 0x000000070eb00000| Complete 
| 216|0x000000070ec00000, 0x000000070ed00000, 0x000000070ed00000|100%| E|CS|TAMS 0x000000070ec00000, 0x000000070ec00000| Complete 
| 217|0x000000070ed00000, 0x000000070ee00000, 0x000000070ee00000|100%| E|CS|TAMS 0x000000070ed00000, 0x000000070ed00000| Complete 
| 218|0x000000070ee00000, 0x000000070ef00000, 0x000000070ef00000|100%| E|CS|TAMS 0x000000070ee00000, 0x000000070ee00000| Complete 
| 219|0x000000070ef00000, 0x000000070f000000, 0x000000070f000000|100%| E|CS|TAMS 0x000000070ef00000, 0x000000070ef00000| Complete 
| 220|0x000000070f000000, 0x000000070f100000, 0x000000070f100000|100%| E|CS|TAMS 0x000000070f000000, 0x000000070f000000| Complete 
| 221|0x000000070f100000, 0x000000070f200000, 0x000000070f200000|100%| E|CS|TAMS 0x000000070f100000, 0x000000070f100000| Complete 
| 222|0x000000070f200000, 0x000000070f300000, 0x000000070f300000|100%| E|CS|TAMS 0x000000070f200000, 0x000000070f200000| Complete 
| 223|0x000000070f300000, 0x000000070f400000, 0x000000070f400000|100%| E|CS|TAMS 0x000000070f300000, 0x000000070f300000| Complete 
| 224|0x000000070f400000, 0x000000070f500000, 0x000000070f500000|100%| E|CS|TAMS 0x000000070f400000, 0x000000070f400000| Complete 
| 225|0x000000070f500000, 0x000000070f600000, 0x000000070f600000|100%| E|CS|TAMS 0x000000070f500000, 0x000000070f500000| Complete 
| 226|0x000000070f600000, 0x000000070f700000, 0x000000070f700000|100%| E|CS|TAMS 0x000000070f600000, 0x000000070f600000| Complete 
| 227|0x000000070f700000, 0x000000070f800000, 0x000000070f800000|100%| E|CS|TAMS 0x000000070f700000, 0x000000070f700000| Complete 
| 228|0x000000070f800000, 0x000000070f900000, 0x000000070f900000|100%| E|CS|TAMS 0x000000070f800000, 0x000000070f800000| Complete 
| 229|0x000000070f900000, 0x000000070fa00000, 0x000000070fa00000|100%| E|CS|TAMS 0x000000070f900000, 0x000000070f900000| Complete 
| 230|0x000000070fa00000, 0x000000070fb00000, 0x000000070fb00000|100%| E|CS|TAMS 0x000000070fa00000, 0x000000070fa00000| Complete 
| 231|0x000000070fb00000, 0x000000070fc00000, 0x000000070fc00000|100%| E|CS|TAMS 0x000000070fb00000, 0x000000070fb00000| Complete 
| 232|0x000000070fc00000, 0x000000070fd00000, 0x000000070fd00000|100%| E|CS|TAMS 0x000000070fc00000, 0x000000070fc00000| Complete 
| 233|0x000000070fd00000, 0x000000070fe00000, 0x000000070fe00000|100%| E|CS|TAMS 0x000000070fd00000, 0x000000070fd00000| Complete 
| 234|0x000000070fe00000, 0x000000070ff00000, 0x000000070ff00000|100%| E|CS|TAMS 0x000000070fe00000, 0x000000070fe00000| Complete 
| 235|0x000000070ff00000, 0x0000000710000000, 0x0000000710000000|100%| E|CS|TAMS 0x000000070ff00000, 0x000000070ff00000| Complete 
| 236|0x0000000710000000, 0x0000000710100000, 0x0000000710100000|100%| E|CS|TAMS 0x0000000710000000, 0x0000000710000000| Complete 
| 237|0x0000000710100000, 0x0000000710200000, 0x0000000710200000|100%| E|CS|TAMS 0x0000000710100000, 0x0000000710100000| Complete 
| 238|0x0000000710200000, 0x0000000710300000, 0x0000000710300000|100%| E|CS|TAMS 0x0000000710200000, 0x0000000710200000| Complete 
| 239|0x0000000710300000, 0x0000000710400000, 0x0000000710400000|100%| E|CS|TAMS 0x0000000710300000, 0x0000000710300000| Complete 
| 240|0x0000000710400000, 0x0000000710500000, 0x0000000710500000|100%| E|CS|TAMS 0x0000000710400000, 0x0000000710400000| Complete 
| 241|0x0000000710500000, 0x0000000710600000, 0x0000000710600000|100%| E|CS|TAMS 0x0000000710500000, 0x0000000710500000| Complete 
| 242|0x0000000710600000, 0x0000000710700000, 0x0000000710700000|100%| E|CS|TAMS 0x0000000710600000, 0x0000000710600000| Complete 
| 243|0x0000000710700000, 0x0000000710800000, 0x0000000710800000|100%| E|CS|TAMS 0x0000000710700000, 0x0000000710700000| Complete 
| 244|0x0000000710800000, 0x0000000710900000, 0x0000000710900000|100%| E|CS|TAMS 0x0000000710800000, 0x0000000710800000| Complete 
| 245|0x0000000710900000, 0x0000000710a00000, 0x0000000710a00000|100%| E|CS|TAMS 0x0000000710900000, 0x0000000710900000| Complete 
| 246|0x0000000710a00000, 0x0000000710b00000, 0x0000000710b00000|100%| E|CS|TAMS 0x0000000710a00000, 0x0000000710a00000| Complete 
| 247|0x0000000710b00000, 0x0000000710c00000, 0x0000000710c00000|100%| E|CS|TAMS 0x0000000710b00000, 0x0000000710b00000| Complete 
| 248|0x0000000710c00000, 0x0000000710d00000, 0x0000000710d00000|100%| E|CS|TAMS 0x0000000710c00000, 0x0000000710c00000| Complete 
| 249|0x0000000710d00000, 0x0000000710e00000, 0x0000000710e00000|100%| E|CS|TAMS 0x0000000710d00000, 0x0000000710d00000| Complete 
| 250|0x0000000710e00000, 0x0000000710f00000, 0x0000000710f00000|100%| E|CS|TAMS 0x0000000710e00000, 0x0000000710e00000| Complete 
| 251|0x0000000710f00000, 0x0000000711000000, 0x0000000711000000|100%| E|CS|TAMS 0x0000000710f00000, 0x0000000710f00000| Complete 
| 252|0x0000000711000000, 0x0000000711100000, 0x0000000711100000|100%| E|CS|TAMS 0x0000000711000000, 0x0000000711000000| Complete 
| 253|0x0000000711100000, 0x0000000711200000, 0x0000000711200000|100%| E|CS|TAMS 0x0000000711100000, 0x0000000711100000| Complete 
| 254|0x0000000711200000, 0x0000000711300000, 0x0000000711300000|100%| E|CS|TAMS 0x0000000711200000, 0x0000000711200000| Complete 
| 255|0x0000000711300000, 0x0000000711400000, 0x0000000711400000|100%| E|CS|TAMS 0x0000000711300000, 0x0000000711300000| Complete 

Card table byte_map: [0x000002df1f050000,0x000002df1f850000] _byte_map_base: 0x000002df1b846000

Marking Bits (Prev, Next): (CMBitMap*) 0x000002df06f7c318, (CMBitMap*) 0x000002df06f7c358
 Prev Bits: [0x000002df20050000, 0x000002df24000000)
 Next Bits: [0x000002df24000000, 0x000002df27fb0000)

Polling page: 0x000002df04d50000

Metaspace:

Usage:
  Non-class:      8.55 MB capacity,     8.41 MB ( 98%) used,   117.08 KB (  1%) free+waste,    21.75 KB ( <1%) overhead. 
      Class:      1.02 MB capacity,   923.02 KB ( 89%) used,   105.48 KB ( 10%) free+waste,    13.50 KB (  1%) overhead. 
       Both:      9.57 MB capacity,     9.31 MB ( 97%) used,   222.56 KB (  2%) free+waste,    35.25 KB ( <1%) overhead. 

Virtual space:
  Non-class space:       10.00 MB reserved,       8.75 MB ( 88%) committed 
      Class space:        1.00 GB reserved,       1.13 MB ( <1%) committed 
             Both:        1.01 GB reserved,       9.88 MB ( <1%) committed 

Chunk freelists:
   Non-Class:  14.00 KB
       Class:  14.00 KB
        Both:  28.00 KB

MaxMetaspaceSize: 17179869184.00 GB
CompressedClassSpaceSize: 1.00 GB

CodeHeap 'non-profiled nmethods': size=120000Kb used=2303Kb max_used=2303Kb free=117697Kb
 bounds [0x000002df16ee0000, 0x000002df17150000, 0x000002df1e410000]
CodeHeap 'profiled nmethods': size=120000Kb used=4667Kb max_used=5474Kb free=115332Kb
 bounds [0x000002df0f9b0000, 0x000002df0ff10000, 0x000002df16ee0000]
CodeHeap 'non-nmethods': size=5760Kb used=1316Kb max_used=1391Kb free=4443Kb
 bounds [0x000002df0f410000, 0x000002df0f680000, 0x000002df0f9b0000]
 total_blobs=4800 nmethods=2334 adapters=519
 compilation: enabled
              stopped_count=0, restarted_count=0
 full_count=0

Compilation events (20 events):
Event: 14.734 Thread 0x000002df2b3cb000 2765       4       warcraftTD.StdDraw::picture (119 bytes)
Event: 14.739 Thread 0x000002df2b3cb000 nmethod 2765 0x000002df16ffc010 code [0x000002df16ffc260, 0x000002df16ffcd50]
Event: 14.908 Thread 0x000002df2b3cb000 2766       4       sun.java2d.pipe.RenderQueue::unlock (4 bytes)
Event: 14.910 Thread 0x000002df2b3cb000 nmethod 2766 0x000002df16ffba10 code [0x000002df16ffbba0, 0x000002df16ffbde8]
Event: 15.166 Thread 0x000002df2b3cb000 2768       4       sun.java2d.SunGraphics2D::setStroke (61 bytes)
Event: 15.167 Thread 0x000002df2b3cb000 nmethod 2768 0x000002df16ffb010 code [0x000002df16ffb1a0, 0x000002df16ffb368]
Event: 15.286 Thread 0x000002df2b3cb000 2769       4       sun.java2d.SunGraphics2D::translate (68 bytes)
Event: 15.287 Thread 0x000002df2b3cb000 nmethod 2769 0x000002df16ffac90 code [0x000002df16ffae20, 0x000002df16ffaf48]
Event: 15.450 Thread 0x000002df2b3cb000 2770       4       java.util.HashMap::clear (50 bytes)
Event: 15.453 Thread 0x000002df2b3cb000 nmethod 2770 0x000002df16ffa790 code [0x000002df16ffa920, 0x000002df16ffabd8]
Event: 16.001 Thread 0x000002df2b3cb000 2771       4       warcraftTD.Alert::tick (189 bytes)
Event: 16.005 Thread 0x000002df2b3cb000 nmethod 2771 0x000002df16ff9d10 code [0x000002df16ff9ee0, 0x000002df16ffa4b8]
Event: 16.104 Thread 0x000002df2b3cb000 2772       4       sun.java2d.marlin.DStroker::curveTo (187 bytes)
Event: 16.107 Thread 0x000002df2b3cb000 nmethod 2772 0x000002df16ff8e10 code [0x000002df16ff8fe0, 0x000002df16ff9748]
Event: 16.284 Thread 0x000002df2b3cb000 2773       4       sun.java2d.marlin.DHelpers::findSubdivPoints (351 bytes)
Event: 16.300 Thread 0x000002df2b3cb000 nmethod 2773 0x000002df16ff2e90 code [0x000002df16ff3260, 0x000002df16ff47d8]
Event: 16.773 Thread 0x000002df2b3d4800 2774       3       warcraftTD.Projectiles.Projectile::isColliding (42 bytes)
Event: 16.773 Thread 0x000002df2b3d4800 nmethod 2774 0x000002df0fd86d10 code [0x000002df0fd86f20, 0x000002df0fd87400]
Event: 16.951 Thread 0x000002df2b3d4800 2775       3       java.util.concurrent.ConcurrentHashMap$Traverser::advance (188 bytes)
Event: 16.952 Thread 0x000002df2b3d4800 nmethod 2775 0x000002df0fbaa010 code [0x000002df0fbaa260, 0x000002df0fbab0a0]

GC Heap History (10 events):
Event: 1.286 GC heap before
{Heap before GC invocations=0 (full 0):
 garbage-first heap   total 262144K, used 40960K [0x0000000701400000, 0x0000000800000000)
  region size 1024K, 24 young (24576K), 0 survivors (0K)
 Metaspace       used 8133K, capacity 8384K, committed 8448K, reserved 1056768K
  class space    used 856K, capacity 977K, committed 1024K, reserved 1048576K
}
Event: 1.300 GC heap after
{Heap after GC invocations=1 (full 0):
 garbage-first heap   total 262144K, used 29812K [0x0000000701400000, 0x0000000800000000)
  region size 1024K, 3 young (3072K), 3 survivors (3072K)
 Metaspace       used 8133K, capacity 8384K, committed 8448K, reserved 1056768K
  class space    used 856K, capacity 977K, committed 1024K, reserved 1048576K
}
Event: 1.597 GC heap before
{Heap before GC invocations=1 (full 0):
 garbage-first heap   total 262144K, used 48244K [0x0000000701400000, 0x0000000800000000)
  region size 1024K, 18 young (18432K), 3 survivors (3072K)
 Metaspace       used 8854K, capacity 9059K, committed 9216K, reserved 1056768K
  class space    used 891K, capacity 1010K, committed 1024K, reserved 1048576K
}
Event: 1.613 GC heap after
{Heap after GC invocations=2 (full 0):
 garbage-first heap   total 262144K, used 39737K [0x0000000701400000, 0x0000000800000000)
  region size 1024K, 3 young (3072K), 3 survivors (3072K)
 Metaspace       used 8854K, capacity 9059K, committed 9216K, reserved 1056768K
  class space    used 891K, capacity 1010K, committed 1024K, reserved 1048576K
}
Event: 2.507 GC heap before
{Heap before GC invocations=2 (full 0):
 garbage-first heap   total 262144K, used 48953K [0x0000000701400000, 0x0000000800000000)
  region size 1024K, 12 young (12288K), 3 survivors (3072K)
 Metaspace       used 9038K, capacity 9315K, committed 9472K, reserved 1058816K
  class space    used 891K, capacity 1010K, committed 1024K, reserved 1048576K
}
Event: 2.508 GC heap after
{Heap after GC invocations=3 (full 0):
 garbage-first heap   total 262144K, used 40976K [0x0000000701400000, 0x0000000800000000)
  region size 1024K, 1 young (1024K), 1 survivors (1024K)
 Metaspace       used 9038K, capacity 9315K, committed 9472K, reserved 1058816K
  class space    used 891K, capacity 1010K, committed 1024K, reserved 1048576K
}
Event: 4.321 GC heap before
{Heap before GC invocations=3 (full 0):
 garbage-first heap   total 262144K, used 65552K [0x0000000701400000, 0x0000000800000000)
  region size 1024K, 25 young (25600K), 1 survivors (1024K)
 Metaspace       used 9229K, capacity 9443K, committed 9472K, reserved 1058816K
  class space    used 910K, capacity 1010K, committed 1024K, reserved 1048576K
}
Event: 4.321 GC heap after
{Heap after GC invocations=4 (full 0):
 garbage-first heap   total 262144K, used 40767K [0x0000000701400000, 0x0000000800000000)
  region size 1024K, 1 young (1024K), 1 survivors (1024K)
 Metaspace       used 9229K, capacity 9443K, committed 9472K, reserved 1058816K
  class space    used 910K, capacity 1010K, committed 1024K, reserved 1048576K
}
Event: 8.162 GC heap before
{Heap before GC invocations=4 (full 0):
 garbage-first heap   total 262144K, used 96063K [0x0000000701400000, 0x0000000800000000)
  region size 1024K, 55 young (56320K), 1 survivors (1024K)
 Metaspace       used 9389K, capacity 9572K, committed 9728K, reserved 1058816K
  class space    used 915K, capacity 1010K, committed 1024K, reserved 1048576K
}
Event: 8.162 GC heap after
{Heap after GC invocations=5 (full 0):
 garbage-first heap   total 262144K, used 40865K [0x0000000701400000, 0x0000000800000000)
  region size 1024K, 1 young (1024K), 1 survivors (1024K)
 Metaspace       used 9389K, capacity 9572K, committed 9728K, reserved 1058816K
  class space    used 915K, capacity 1010K, committed 1024K, reserved 1048576K
}

Deoptimization events (20 events):
Event: 12.200 Thread 0x000002df355d9000 DEOPT PACKING pc=0x000002df170f1b24 sp=0x000000e98a00edf0
Event: 12.200 Thread 0x000002df355d9000 DEOPT UNPACKING pc=0x000002df0f45912f sp=0x000000e98a00eaa0 mode 2
Event: 12.200 Thread 0x000002df355d9000 Uncommon trap: trap_request=0xffffffde fr.pc=0x000002df170f1b24 relative=0x0000000000002f04
Event: 12.200 Thread 0x000002df355d9000 Uncommon trap: reason=class_check action=maybe_recompile pc=0x000002df170f1b24 method=java.awt.EventQueue.setCurrentEventAndMostRecentTimeImpl(Ljava/awt/AWTEvent;)V @ 134 c2
Event: 12.200 Thread 0x000002df355d9000 DEOPT PACKING pc=0x000002df170f1b24 sp=0x000000e98a00edf0
Event: 12.200 Thread 0x000002df355d9000 DEOPT UNPACKING pc=0x000002df0f45912f sp=0x000000e98a00eaa0 mode 2
Event: 12.304 Thread 0x000002df06f11000 Uncommon trap: trap_request=0xffffff45 fr.pc=0x000002df16fbd124 relative=0x0000000000001ca4
Event: 12.304 Thread 0x000002df06f11000 Uncommon trap: reason=unstable_if action=reinterpret pc=0x000002df16fbd124 method=java.util.concurrent.ConcurrentHashMap.get(Ljava/lang/Object;)Ljava/lang/Object; @ 86 c2
Event: 12.304 Thread 0x000002df06f11000 DEOPT PACKING pc=0x000002df16fbd124 sp=0x000000e9889fed30
Event: 12.304 Thread 0x000002df06f11000 DEOPT UNPACKING pc=0x000002df0f45912f sp=0x000000e9889fec50 mode 2
Event: 16.879 Thread 0x000002df355d9000 Uncommon trap: trap_request=0xffffffde fr.pc=0x000002df170f1b24 relative=0x0000000000002f04
Event: 16.879 Thread 0x000002df355d9000 Uncommon trap: reason=class_check action=maybe_recompile pc=0x000002df170f1b24 method=java.awt.EventQueue.setCurrentEventAndMostRecentTimeImpl(Ljava/awt/AWTEvent;)V @ 134 c2
Event: 16.879 Thread 0x000002df355d9000 DEOPT PACKING pc=0x000002df170f1b24 sp=0x000000e98a00edf0
Event: 16.879 Thread 0x000002df355d9000 DEOPT UNPACKING pc=0x000002df0f45912f sp=0x000000e98a00eaa0 mode 2
Event: 16.951 Thread 0x000002df06f11000 Uncommon trap: trap_request=0xffffff45 fr.pc=0x000002df1706b4bc relative=0x000000000000193c
Event: 16.951 Thread 0x000002df06f11000 Uncommon trap: reason=unstable_if action=reinterpret pc=0x000002df1706b4bc method=sun.font.TrueTypeFont.readBlock(Ljava/nio/ByteBuffer;II)I @ 15 c2
Event: 16.951 Thread 0x000002df06f11000 DEOPT PACKING pc=0x000002df1706b4bc sp=0x000000e9889fe0e0
Event: 16.951 Thread 0x000002df06f11000 DEOPT UNPACKING pc=0x000002df0f45912f sp=0x000000e9889fe0f0 mode 2
Event: 16.951 Thread 0x000002df06f11000 DEOPT PACKING pc=0x000002df0fa53473 sp=0x000000e9889fdf80
Event: 16.951 Thread 0x000002df06f11000 DEOPT UNPACKING pc=0x000002df0f45964e sp=0x000000e9889fd468 mode 3

Classes unloaded (0 events):
No events

Classes redefined (0 events):
No events

Internal exceptions (20 events):
Event: 0.616 Thread 0x000002df356d4000 Exception <a 'java/io/FileNotFoundException'{0x000000071095a258}> (0x000000071095a258) 
thrown [t:/workspace/open/src/hotspot/share/prims/jni.cpp, line 598]
Event: 0.763 Thread 0x000002df356d4000 Exception <a 'java/io/FileNotFoundException'{0x0000000710966170}> (0x0000000710966170) 
thrown [t:/workspace/open/src/hotspot/share/prims/jni.cpp, line 598]
Event: 1.160 Thread 0x000002df06f11000 Exception <a 'java/lang/NoSuchMethodError'{0x00000007107f15d0}: 'java.lang.Object java.lang.invoke.DirectMethodHandle$Holder.invokeStaticInit(java.lang.Object, int, int, int, int)'> (0x00000007107f15d0) 
thrown [t:/workspace/open/src/hotspot/share/interpreter/linkResolver.cpp, line 767]
Event: 1.253 Thread 0x000002df06f11000 Exception <a 'java/lang/NoSuchMethodError'{0x00000007106211d0}: 'java.lang.Object java.lang.invoke.DirectMethodHandle$Holder.invokeStaticInit(java.lang.Object, java.lang.Object, int, int, int, int)'> (0x00000007106211d0) 
thrown [t:/workspace/open/src/hotspot/share/interpreter/linkResolver.cpp, line 767]
Event: 1.313 Thread 0x000002df356d4000 Exception <a 'java/io/FileNotFoundException'{0x0000000710cd8040}> (0x0000000710cd8040) 
thrown [t:/workspace/open/src/hotspot/share/prims/jni.cpp, line 598]
Event: 1.330 Thread 0x000002df356d4000 Exception <a 'java/io/FileNotFoundException'{0x000000071084d860}> (0x000000071084d860) 
thrown [t:/workspace/open/src/hotspot/share/prims/jni.cpp, line 598]
Event: 1.364 Thread 0x000002df356d4000 Exception <a 'java/io/FileNotFoundException'{0x000000071070b448}> (0x000000071070b448) 
thrown [t:/workspace/open/src/hotspot/share/prims/jni.cpp, line 598]
Event: 1.367 Thread 0x000002df356d4000 Exception <a 'java/io/FileNotFoundException'{0x00000007107244d0}> (0x00000007107244d0) 
thrown [t:/workspace/open/src/hotspot/share/prims/jni.cpp, line 598]
Event: 1.370 Thread 0x000002df356d4000 Exception <a 'java/io/FileNotFoundException'{0x000000071073d5a0}> (0x000000071073d5a0) 
thrown [t:/workspace/open/src/hotspot/share/prims/jni.cpp, line 598]
Event: 2.623 Thread 0x000002df06f11000 Implicit null exception at 0x000002df16fb080d to 0x000002df16fb08d2
Event: 4.642 Thread 0x000002df356d4000 Exception <a 'java/io/FileNotFoundException'{0x0000000710f001c0}> (0x0000000710f001c0) 
thrown [t:/workspace/open/src/hotspot/share/prims/jni.cpp, line 598]
Event: 6.456 Thread 0x000002df356d4000 Exception <a 'java/io/FileNotFoundException'{0x0000000710f16098}> (0x0000000710f16098) 
thrown [t:/workspace/open/src/hotspot/share/prims/jni.cpp, line 598]
Event: 6.458 Thread 0x000002df356d4000 Exception <a 'java/io/FileNotFoundException'{0x0000000710f2bf18}> (0x0000000710f2bf18) 
thrown [t:/workspace/open/src/hotspot/share/prims/jni.cpp, line 598]
Event: 6.459 Thread 0x000002df356d4000 Exception <a 'java/io/FileNotFoundException'{0x0000000710f36c50}> (0x0000000710f36c50) 
thrown [t:/workspace/open/src/hotspot/share/prims/jni.cpp, line 598]
Event: 6.461 Thread 0x000002df356d4000 Exception <a 'java/io/FileNotFoundException'{0x0000000710f41ff0}> (0x0000000710f41ff0) 
thrown [t:/workspace/open/src/hotspot/share/prims/jni.cpp, line 598]
Event: 6.783 Thread 0x000002df356d4000 Exception <a 'java/io/FileNotFoundException'{0x0000000710f4ce78}> (0x0000000710f4ce78) 
thrown [t:/workspace/open/src/hotspot/share/prims/jni.cpp, line 598]
Event: 7.354 Thread 0x000002df356d4000 Exception <a 'java/io/FileNotFoundException'{0x0000000710f578e0}> (0x0000000710f578e0) 
thrown [t:/workspace/open/src/hotspot/share/prims/jni.cpp, line 598]
Event: 8.438 Thread 0x000002df356d4000 Exception <a 'java/io/FileNotFoundException'{0x00000007110809c0}> (0x00000007110809c0) 
thrown [t:/workspace/open/src/hotspot/share/prims/jni.cpp, line 598]
Event: 16.951 Thread 0x000002df06f11000 Exception <a 'java/io/FileNotFoundException'{0x000000070c2f4fd8}> (0x000000070c2f4fd8) 
thrown [t:/workspace/open/src/hotspot/share/prims/jni.cpp, line 598]
Event: 16.951 Thread 0x000002df06f11000 Exception <a 'java/io/FileNotFoundException'{0x000000070c2f6558}> (0x000000070c2f6558) 
thrown [t:/workspace/open/src/hotspot/share/prims/jni.cpp, line 598]

Events (20 events):
Event: 16.947 Executing VM operation: RevokeBias done
Event: 16.947 Executing VM operation: RevokeBias
Event: 16.947 Executing VM operation: RevokeBias done
Event: 16.947 Executing VM operation: RevokeBias
Event: 16.947 Executing VM operation: RevokeBias done
Event: 16.947 Executing VM operation: RevokeBias
Event: 16.947 Executing VM operation: RevokeBias done
Event: 16.947 Executing VM operation: RevokeBias
Event: 16.947 Executing VM operation: RevokeBias done
Event: 16.948 Thread 0x000002df3596c000 Thread exited: 0x000002df3596c000
Event: 16.951 Executing VM operation: RevokeBias
Event: 16.951 Executing VM operation: RevokeBias done
Event: 16.951 loading class java/awt/FontFormatException
Event: 16.951 loading class java/awt/FontFormatException done
Event: 16.951 loading class java/nio/channels/ClosedChannelException
Event: 16.951 loading class java/nio/channels/ClosedChannelException done
Event: 16.952 loading class sun/font/NullFontScaler
Event: 16.952 loading class sun/font/NullFontScaler done
Event: 16.952 Executing VM operation: Deoptimize
Event: 16.952 Executing VM operation: Deoptimize done


Dynamic libraries:
0x00007ff7ae420000 - 0x00007ff7ae42f000 	C:\Program Files\Java\jdk-13\bin\java.exe
0x00007fff25bc0000 - 0x00007fff25db0000 	C:\Windows\SYSTEM32\ntdll.dll
0x00007fff251d0000 - 0x00007fff25282000 	C:\Windows\System32\KERNEL32.DLL
0x00007fff237c0000 - 0x00007fff23a65000 	C:\Windows\System32\KERNELBASE.dll
0x00007fff23b20000 - 0x00007fff23c1a000 	C:\Windows\System32\ucrtbase.dll
0x00007fff17110000 - 0x00007fff17128000 	C:\Program Files\Java\jdk-13\bin\jli.dll
0x00007fff17e20000 - 0x00007fff17e35000 	C:\Program Files\Java\jdk-13\bin\VCRUNTIME140.dll
0x00007fff23c70000 - 0x00007fff23d13000 	C:\Windows\System32\ADVAPI32.dll
0x00007fff24490000 - 0x00007fff2452e000 	C:\Windows\System32\msvcrt.dll
0x00007fff24e60000 - 0x00007fff24ef7000 	C:\Windows\System32\sechost.dll
0x00007fff250b0000 - 0x00007fff251cf000 	C:\Windows\System32\RPCRT4.dll
0x00007fff253a0000 - 0x00007fff25534000 	C:\Windows\System32\USER32.dll
0x00007fff102e0000 - 0x00007fff10564000 	C:\Windows\WinSxS\amd64_microsoft.windows.common-controls_6595b64144ccf1df_6.0.18362.1316_none_9e7a364fe461dbd7\COMCTL32.dll
0x00007fff23c40000 - 0x00007fff23c61000 	C:\Windows\System32\win32u.dll
0x00007fff247a0000 - 0x00007fff24ad7000 	C:\Windows\System32\combase.dll
0x00007fff24f00000 - 0x00007fff24f26000 	C:\Windows\System32\GDI32.dll
0x00007fff235e0000 - 0x00007fff23661000 	C:\Windows\System32\bcryptPrimitives.dll
0x00007fff22b40000 - 0x00007fff22cd8000 	C:\Windows\System32\gdi32full.dll
0x00007fff22d60000 - 0x00007fff22dfe000 	C:\Windows\System32\msvcp_win.dll
0x00007fff1d0f0000 - 0x00007fff1d0fa000 	C:\Windows\SYSTEM32\VERSION.dll
0x00007fff24fb0000 - 0x00007fff24fde000 	C:\Windows\System32\IMM32.DLL
0x00007fff133c0000 - 0x00007fff1345b000 	C:\Program Files\Java\jdk-13\bin\msvcp140.dll
0x00007ffed5e80000 - 0x00007ffed69e6000 	C:\Program Files\Java\jdk-13\bin\server\jvm.dll
0x00007fff24470000 - 0x00007fff24478000 	C:\Windows\System32\PSAPI.DLL
0x00007fff0afc0000 - 0x00007fff0afc9000 	C:\Windows\SYSTEM32\WSOCK32.dll
0x00007fff20240000 - 0x00007fff20264000 	C:\Windows\SYSTEM32\WINMM.dll
0x00007fff24c90000 - 0x00007fff24cff000 	C:\Windows\System32\WS2_32.dll
0x00007fff20210000 - 0x00007fff2023d000 	C:\Windows\SYSTEM32\WINMMBASE.dll
0x00007fff22d10000 - 0x00007fff22d5a000 	C:\Windows\System32\cfgmgr32.dll
0x00007fff22a80000 - 0x00007fff22a91000 	C:\Windows\System32\kernel.appcore.dll
0x00007fff1e4b0000 - 0x00007fff1e4c0000 	C:\Program Files\Java\jdk-13\bin\verify.dll
0x00007fff06260000 - 0x00007fff06454000 	C:\Windows\SYSTEM32\DBGHELP.DLL
0x00007fff06230000 - 0x00007fff0625a000 	C:\Windows\SYSTEM32\dbgcore.DLL
0x00007fff13850000 - 0x00007fff13876000 	C:\Program Files\Java\jdk-13\bin\java.dll
0x00007fff16a80000 - 0x00007fff16a97000 	C:\Program Files\Java\jdk-13\bin\zip.dll
0x00007fff1b7d0000 - 0x00007fff1b7da000 	C:\Program Files\Java\jdk-13\bin\jimage.dll
0x00007fff23d20000 - 0x00007fff24408000 	C:\Windows\System32\SHELL32.dll
0x00007fff24530000 - 0x00007fff245d7000 	C:\Windows\System32\shcore.dll
0x00007fff22e60000 - 0x00007fff235db000 	C:\Windows\System32\windows.storage.dll
0x00007fff22ac0000 - 0x00007fff22ae3000 	C:\Windows\System32\profapi.dll
0x00007fff22af0000 - 0x00007fff22b3a000 	C:\Windows\System32\powrprof.dll
0x00007fff22a70000 - 0x00007fff22a80000 	C:\Windows\System32\UMPDC.dll
0x00007fff24410000 - 0x00007fff24462000 	C:\Windows\System32\shlwapi.dll
0x00007fff23c20000 - 0x00007fff23c37000 	C:\Windows\System32\cryptsp.dll
0x00007ffef0550000 - 0x00007ffef06e9000 	C:\Program Files\Java\jdk-13\bin\awt.dll
0x00007fff24d80000 - 0x00007fff24e45000 	C:\Windows\System32\OLEAUT32.dll
0x00007fff1f580000 - 0x00007fff1fb40000 	C:\Windows\SYSTEM32\d2d1.dll
0x00007fff20bc0000 - 0x00007fff20c4f000 	C:\Windows\SYSTEM32\apphelp.dll
0x00007fff211c0000 - 0x00007fff211ed000 	C:\Windows\system32\DWMAPI.DLL
0x00007fff20d00000 - 0x00007fff20d99000 	C:\Windows\system32\uxtheme.dll
0x00007ffef47e0000 - 0x00007ffef4936000 	C:\Windows\system32\opengl32.dll
0x00007fff1a8f0000 - 0x00007fff1a91c000 	C:\Windows\SYSTEM32\GLU32.dll
0x00007fff21690000 - 0x00007fff216b0000 	C:\Windows\SYSTEM32\dxcore.dll
0x00007fff24ae0000 - 0x00007fff24c15000 	C:\Windows\System32\MSCTF.dll
0x00007fff24640000 - 0x00007fff24797000 	C:\Windows\System32\ole32.dll
0x00007fff22aa0000 - 0x00007fff22ab2000 	C:\Windows\System32\msasn1.dll
0x00007fff1bb80000 - 0x00007fff1bbaf000 	C:\Windows\SYSTEM32\cryptnet.dll
0x00007fff23670000 - 0x00007fff237ba000 	C:\Windows\System32\CRYPT32.dll
0x00007fff22480000 - 0x00007fff2248c000 	C:\Windows\SYSTEM32\cryptbase.dll
0x00007fff22e00000 - 0x00007fff22e5c000 	C:\Windows\System32\WINTRUST.DLL
0x00007fff25540000 - 0x00007fff2555d000 	C:\Windows\System32\imagehlp.dll
0x00007fff21e30000 - 0x00007fff21e63000 	C:\Windows\system32\rsaenh.dll
0x00007fff22ce0000 - 0x00007fff22d06000 	C:\Windows\System32\bcrypt.dll
0x00007fff21640000 - 0x00007fff21662000 	C:\Windows\SYSTEM32\gpapi.dll
0x00007fff12fb0000 - 0x00007fff13032000 	C:\Program Files\Java\jdk-13\bin\freetype.dll
0x00007fff11df0000 - 0x00007fff11e96000 	C:\Program Files\Java\jdk-13\bin\fontmanager.dll
0x00007fff1a1b0000 - 0x00007fff1a24d000 	C:\Windows\System32\TextInputFramework.dll
0x00007fff207d0000 - 0x00007fff208a4000 	C:\Windows\System32\CoreMessaging.dll
0x00007fff1df00000 - 0x00007fff1e22a000 	C:\Windows\System32\CoreUIComponents.dll
0x00007fff21a90000 - 0x00007fff21ac1000 	C:\Windows\SYSTEM32\ntmarta.dll
0x00007fff1dd80000 - 0x00007fff1ded2000 	C:\Windows\SYSTEM32\wintypes.dll
0x00007fff150f0000 - 0x00007fff15109000 	C:\Program Files\Java\jdk-13\bin\net.dll
0x00007fff1b870000 - 0x00007fff1ba46000 	C:\Windows\SYSTEM32\urlmon.dll
0x00007fff1d5e0000 - 0x00007fff1d6d0000 	C:\Windows\SYSTEM32\WINHTTP.dll
0x00007fff19470000 - 0x00007fff19717000 	C:\Windows\SYSTEM32\iertutil.dll
0x00007fff222b0000 - 0x00007fff22317000 	C:\Windows\system32\mswsock.dll
0x00007fff14c20000 - 0x00007fff14c33000 	C:\Program Files\Java\jdk-13\bin\nio.dll
0x00007fff22990000 - 0x00007fff229b5000 	C:\Windows\SYSTEM32\USERENV.dll
0x00007fff21fc0000 - 0x00007fff21ffa000 	C:\Windows\SYSTEM32\IPHLPAPI.DLL
0x00007fff24480000 - 0x00007fff24488000 	C:\Windows\System32\NSI.dll
0x00007fff1c5b0000 - 0x00007fff1c5c6000 	C:\Windows\SYSTEM32\dhcpcsvc6.DLL
0x00007fff1d100000 - 0x00007fff1d11c000 	C:\Windows\SYSTEM32\dhcpcsvc.DLL
0x00007fff22000000 - 0x00007fff220cb000 	C:\Windows\SYSTEM32\DNSAPI.dll
0x00007fff1a2d0000 - 0x00007fff1a2fd000 	C:\Program Files\Java\jdk-13\bin\javajpeg.dll

dbghelp: loaded successfully - version: 4.0.5 - missing functions: none
symbol engine: initialized successfully - sym options: 0x614 - pdb path: .;C:\Program Files\Java\jdk-13\bin;C:\Windows\SYSTEM32;C:\Windows\WinSxS\amd64_microsoft.windows.common-controls_6595b64144ccf1df_6.0.18362.1316_none_9e7a364fe461dbd7;C:\Program Files\Java\jdk-13\bin\server;C:\WINDOWS\System32\DriverStore\FileRepository\nv_dispi.inf_amd64_8e68f77150e57b50

VM Arguments:
jvm_args: -Dfile.encoding=UTF-8 
java_command: warcraftTD.Main
java_class_path (initial): C:\Users\Cody\Desktop\Documents\_DEV\warcraftTD\bin
Launcher Type: SUN_STANDARD

[Global flags]
     intx CICompilerCount                          = 4                                         {product} {ergonomic}
     uint ConcGCThreads                            = 2                                         {product} {ergonomic}
     uint G1ConcRefinementThreads                  = 8                                         {product} {ergonomic}
   size_t G1HeapRegionSize                         = 1048576                                   {product} {ergonomic}
    uintx GCDrainStackTargetSize                   = 64                                        {product} {ergonomic}
   size_t InitialHeapSize                          = 268435456                                 {product} {ergonomic}
   size_t MarkStackSize                            = 4194304                                   {product} {ergonomic}
   size_t MaxHeapSize                              = 4273995776                                {product} {ergonomic}
   size_t MaxNewSize                               = 2563768320                                {product} {ergonomic}
   size_t MinHeapDeltaBytes                        = 1048576                                   {product} {ergonomic}
   size_t MinHeapSize                              = 8388608                                   {product} {ergonomic}
    uintx NonNMethodCodeHeapSize                   = 5836300                                {pd product} {ergonomic}
    uintx NonProfiledCodeHeapSize                  = 122910970                              {pd product} {ergonomic}
    uintx ProfiledCodeHeapSize                     = 122910970                              {pd product} {ergonomic}
    uintx ReservedCodeCacheSize                    = 251658240                              {pd product} {ergonomic}
     bool SegmentedCodeCache                       = true                                      {product} {ergonomic}
   size_t SoftMaxHeapSize                          = 4273995776                             {manageable} {ergonomic}
     bool UseCompressedClassPointers               = true                                 {lp64_product} {ergonomic}
     bool UseCompressedOops                        = true                                 {lp64_product} {ergonomic}
     bool UseG1GC                                  = true                                      {product} {ergonomic}
     bool UseLargePagesIndividualAllocation        = false                                  {pd product} {ergonomic}

Logging:
Log output configuration:
 #0: stdout all=warning uptime,level,tags
 #1: stderr all=off uptime,level,tags

Environment Variables:
JAVA_HOME=C:\Progra~1\Java\jdk-13
PATH=C:\Python\Python37\Scripts\;C:\Python\Python37\;C:\Program Files (x86)\Common Files\Oracle\Java\javapath;C:\Program Files (x86)\Common Files\Intel\Shared Libraries\redist\intel64\compiler;C:\ProgramData\Oracle\Java\javapath;C:\Program Files (x86)\Intel\iCLS Client\;C:\Program Files\Intel\iCLS Client\;C:\WINDOWS\system32;C:\WINDOWS;C:\WINDOWS\System32\Wbem;C:\WINDOWS\System32\WindowsPowerShell\v1.0\;C:\Program Files (x86)\Intel\Intel(R) Management Engine Components\DAL;C:\Program Files\Intel\Intel(R) Management Engine Components\DAL;C:\Program Files (x86)\Intel\Intel(R) Management Engine Components\IPT;C:\Program Files\Intel\Intel(R) Management Engine Components\IPT;C:\Program Files\dotnet\;C:\WINDOWS\System32\OpenSSH\;C:\Program Files (x86)\NVIDIA Corporation\PhysX\Common;C:\Users\Cody\AppData\Local\Programs\Python\Python37-32;C:\ProgramData\chocolatey\bin;C:\Program Files\nodejs\;C:\WINDOWS\system32;C:\WINDOWS;C:\WINDOWS\System32\Wbem;C:\WINDOWS\System32\WindowsPowerShell\v1.0\;C:\WINDOWS\System32\OpenSSH\;C:\Program Files (x86)\ZeroTier\One\;C:\MinGW\bin\;C:\Program Files\Git\cmd;C:\Program Files\Tesseract-OCR;C:\Tools\FFmpeg\bin;C:\Program Files (x86)\Sennheiser\Sennheiser Updater\;C:\Users\Cody\AppData\Local\Microsoft\WindowsApps;C:\Users\Cody\AppData\Roaming\npm;C:\Users\Cody\AppData\Local\GitHubDesktop\bin;C:\Users\Cody\AppData\Local\Microsoft\WindowsApps;
USERNAME=Cody
OS=Windows_NT
PROCESSOR_IDENTIFIER=Intel64 Family 6 Model 94 Stepping 3, GenuineIntel



---------------  S Y S T E M  ---------------

OS: Windows 10 , 64 bit Build 18362 (10.0.18362.1316)

CPU:total 8 (initial active 8) (4 cores per cpu, 2 threads per core) family 6 model 94 stepping 3, cmov, cx8, fxsr, mmx, sse, sse2, sse3, ssse3, sse4.1, sse4.2, popcnt, avx, avx2, aes, clmul, erms, rtm, 3dnowpref, lzcnt, ht, tsc, tscinvbit, bmi1, bmi2, adx, fma

Memory: 4k page, system-wide physical 16300M (7280M free)
TotalPageFile size 21161M (AvailPageFile size 6160M)
current process WorkingSet (physical memory assigned to process): 197M, peak: 232M
current process commit charge ("private bytes"): 404M, peak: 469M

vm_info: Java HotSpot(TM) 64-Bit Server VM (13+33) for windows-amd64 JRE (13+33), built on Sep 18 2019 21:38:00 by "mach5one" with unknown MS VC++:1916

END.
