#
# A fatal error has been detected by the Java Runtime Environment:
#
#  Internal Error (t:/workspace/open/src/hotspot/share/interpreter/oopMapCache.cpp:110), pid=168308, tid=168240
#  Error: ShouldNotReachHere()
#
# JRE version: Java(TM) SE Runtime Environment (13.0+33) (build 13+33)
# Java VM: Java HotSpot(TM) 64-Bit Server VM (13+33, mixed mode, sharing, tiered, compressed oops, g1 gc, windows-amd64)
# No core dump will be written. Minidumps are not enabled by default on client versions of Windows
#
# If you would like to submit a bug report, please visit:
#   http://bugreport.java.com/bugreport/crash.jsp
#

---------------  S U M M A R Y ------------

Command Line: -agentlib:jdwp=transport=dt_socket,server=n,suspend=y,address=localhost:57172 -Dfile.encoding=UTF-8 warcraftTD.Main

Host: Intel(R) Core(TM) i7-6700K CPU @ 4.00GHz, 8 cores, 15G,  Windows 10 , 64 bit Build 18362 (10.0.18362.1316)
Time: Sat Jan 16 21:21:05 2021 Paris, Madrid elapsed time: 934 seconds (0d 0h 15m 34s)

---------------  T H R E A D  ---------------

Current thread (0x000001f6697f7800):  JavaThread "JDWP Transport Listener: dt_socket" daemon [_thread_in_vm, id=168240, stack(0x0000005d80f00000,0x0000005d81000000)] _threads_hazard_ptr=0x000001f67115a060

Stack: [0x0000005d80f00000,0x0000005d81000000]
Native frames: (J=compiled Java code, j=interpreted, Vv=VM code, C=native code)
V  [jvm.dll+0x626eaa]
V  [jvm.dll+0x772c4a]
V  [jvm.dll+0x7743ff]
V  [jvm.dll+0x7749b7]
V  [jvm.dll+0x24d9bc]
V  [jvm.dll+0x24d923]
V  [jvm.dll+0x6160af]
V  [jvm.dll+0x615e0d]
V  [jvm.dll+0x5df973]
V  [jvm.dll+0x76a35f]
V  [jvm.dll+0x4f8206]
V  [jvm.dll+0x77961d]
V  [jvm.dll+0x4de2de]
V  [jvm.dll+0x4a2af0]
C  [jdwp.dll+0x751f]


---------------  P R O C E S S  ---------------

Threads class SMR info:
_java_thread_list=0x000001f67115a060, length=18, elements={
0x000001f6452d2000, 0x000001f668dd6000, 0x000001f668dda000, 0x000001f66967d800,
0x000001f66967f000, 0x000001f669681800, 0x000001f669683800, 0x000001f669689000,
0x000001f6697f7800, 0x000001f6697fb800, 0x000001f66980c000, 0x000001f669824000,
0x000001f669823000, 0x000001f669825800, 0x000001f669826800, 0x000001f669821800,
0x000001f669822800, 0x000001f669825000
}

Java Threads: ( => current thread )
  0x000001f6452d2000 JavaThread "main" [_thread_blocked, id=152692, stack(0x0000005d80100000,0x0000005d80200000)]
  0x000001f668dd6000 JavaThread "Reference Handler" daemon [_thread_blocked, id=168008, stack(0x0000005d80800000,0x0000005d80900000)]
  0x000001f668dda000 JavaThread "Finalizer" daemon [_thread_blocked, id=167116, stack(0x0000005d80900000,0x0000005d80a00000)]
  0x000001f66967d800 JavaThread "Signal Dispatcher" daemon [_thread_blocked, id=168264, stack(0x0000005d80a00000,0x0000005d80b00000)]
  0x000001f66967f000 JavaThread "Attach Listener" daemon [_thread_blocked, id=168272, stack(0x0000005d80b00000,0x0000005d80c00000)]
  0x000001f669681800 JavaThread "C2 CompilerThread0" daemon [_thread_blocked, id=166868, stack(0x0000005d80c00000,0x0000005d80d00000)]
  0x000001f669683800 JavaThread "C1 CompilerThread0" daemon [_thread_blocked, id=168268, stack(0x0000005d80d00000,0x0000005d80e00000)]
  0x000001f669689000 JavaThread "Sweeper thread" daemon [_thread_blocked, id=168344, stack(0x0000005d80e00000,0x0000005d80f00000)]
=>0x000001f6697f7800 JavaThread "JDWP Transport Listener: dt_socket" daemon [_thread_in_vm, id=168240, stack(0x0000005d80f00000,0x0000005d81000000)] _threads_hazard_ptr=0x000001f67115a060
  0x000001f6697fb800 JavaThread "JDWP Event Helper Thread" daemon [_thread_blocked, id=168364, stack(0x0000005d81000000,0x0000005d81100000)]
  0x000001f66980c000 JavaThread "JDWP Command Reader" daemon [_thread_in_native, id=168340, stack(0x0000005d81100000,0x0000005d81200000)]
  0x000001f669824000 JavaThread "Service Thread" daemon [_thread_blocked, id=160524, stack(0x0000005d81200000,0x0000005d81300000)]
  0x000001f669823000 JavaThread "Common-Cleaner" daemon [_thread_blocked, id=151500, stack(0x0000005d81400000,0x0000005d81500000)]
  0x000001f669825800 JavaThread "Java2D Disposer" daemon [_thread_blocked, id=163704, stack(0x0000005d81500000,0x0000005d81600000)]
  0x000001f669826800 JavaThread "AWT-Shutdown" [_thread_blocked, id=154664, stack(0x0000005d81600000,0x0000005d81700000)]
  0x000001f669821800 JavaThread "AWT-Windows" daemon [_thread_in_native, id=168304, stack(0x0000005d81700000,0x0000005d81800000)]
  0x000001f669822800 JavaThread "AWT-EventQueue-0" [_thread_blocked, id=157820, stack(0x0000005d81a20000,0x0000005d81b20000)]
  0x000001f669825000 JavaThread "D3D Screen Updater" daemon [_thread_blocked, id=168412, stack(0x0000005d81b20000,0x0000005d81c20000)]

Other Threads:
  0x000001f668dd4000 VMThread "VM Thread" [stack: 0x0000005d80700000,0x0000005d80800000] [id=165260]
  0x000001f66982c800 WatcherThread [stack: 0x0000005d81300000,0x0000005d81400000] [id=166884]
  0x000001f64533b800 GCTaskThread "GC Thread#0" [stack: 0x0000005d80200000,0x0000005d80300000] [id=167308]
  0x000001f671477000 GCTaskThread "GC Thread#1" [stack: 0x0000005d81d30000,0x0000005d81e30000] [id=167488]
  0x000001f670f86000 GCTaskThread "GC Thread#2" [stack: 0x0000005d81e70000,0x0000005d81f70000] [id=167848]
  0x000001f670f86800 GCTaskThread "GC Thread#3" [stack: 0x0000005d81f70000,0x0000005d82070000] [id=165228]
  0x000001f671078000 GCTaskThread "GC Thread#4" [stack: 0x0000005d82070000,0x0000005d82170000] [id=168432]
  0x000001f671078800 GCTaskThread "GC Thread#5" [stack: 0x0000005d82170000,0x0000005d82270000] [id=164176]
  0x000001f64535d800 ConcurrentGCThread "G1 Main Marker" [stack: 0x0000005d80300000,0x0000005d80400000] [id=168296]
  0x000001f64535f000 ConcurrentGCThread "G1 Conc#0" [stack: 0x0000005d80400000,0x0000005d80500000] [id=167456]
  0x000001f668ccf000 ConcurrentGCThread "G1 Refine#0" [stack: 0x0000005d80500000,0x0000005d80600000] [id=163444]
  0x000001f668cd1000 ConcurrentGCThread "G1 Young RemSet Sampling" [stack: 0x0000005d80600000,0x0000005d80700000] [id=164988]

Threads with active compile tasks:

VM state:not at safepoint (normal execution)

VM Mutex/Monitor currently owned by a thread: None

Heap address: 0x0000000701400000, size: 4076 MB, Compressed Oops mode: Zero based, Oop shift amount: 3
Narrow klass base: 0x0000000800000000, Narrow klass shift: 3
Compressed class space size: 1073741824 Address: 0x0000000800b40000

Heap:
 garbage-first heap   total 262144K, used 21780K [0x0000000701400000, 0x0000000800000000)
  region size 1024K, 2 young (2048K), 1 survivors (1024K)
 Metaspace       used 8990K, capacity 9236K, committed 9472K, reserved 1058816K
  class space    used 833K, capacity 937K, committed 1024K, reserved 1048576K
Heap Regions: E=young(eden), S=young(survivor), O=old, HS=humongous(starts), HC=humongous(continues), CS=collection set, F=free, A=archive, TAMS=top-at-mark-start (previous, next)
|   0|0x0000000701400000, 0x0000000701500000, 0x0000000701500000|100%| O|  |TAMS 0x0000000701400000, 0x0000000701400000| Untracked 
|   1|0x0000000701500000, 0x0000000701600000, 0x0000000701600000|100%| O|  |TAMS 0x0000000701500000, 0x0000000701500000| Untracked 
|   2|0x0000000701600000, 0x0000000701700000, 0x0000000701700000|100%|HS|  |TAMS 0x0000000701600000, 0x0000000701600000| Complete 
|   3|0x0000000701700000, 0x0000000701800000, 0x0000000701800000|100%|HC|  |TAMS 0x0000000701700000, 0x0000000701700000| Complete 
|   4|0x0000000701800000, 0x0000000701900000, 0x0000000701900000|100%|HS|  |TAMS 0x0000000701800000, 0x0000000701800000| Complete 
|   5|0x0000000701900000, 0x0000000701a00000, 0x0000000701a00000|100%|HC|  |TAMS 0x0000000701900000, 0x0000000701900000| Complete 
|   6|0x0000000701a00000, 0x0000000701b00000, 0x0000000701b00000|100%|HC|  |TAMS 0x0000000701a00000, 0x0000000701a00000| Complete 
|   7|0x0000000701b00000, 0x0000000701c00000, 0x0000000701c00000|100%|HC|  |TAMS 0x0000000701b00000, 0x0000000701b00000| Complete 
|   8|0x0000000701c00000, 0x0000000701d00000, 0x0000000701d00000|100%|HS|  |TAMS 0x0000000701c00000, 0x0000000701c00000| Complete 
|   9|0x0000000701d00000, 0x0000000701e00000, 0x0000000701e00000|100%|HC|  |TAMS 0x0000000701d00000, 0x0000000701d00000| Complete 
|  10|0x0000000701e00000, 0x0000000701f00000, 0x0000000701f00000|100%|HC|  |TAMS 0x0000000701e00000, 0x0000000701e00000| Complete 
|  11|0x0000000701f00000, 0x0000000702000000, 0x0000000702000000|100%|HC|  |TAMS 0x0000000701f00000, 0x0000000701f00000| Complete 
|  12|0x0000000702000000, 0x0000000702100000, 0x0000000702100000|100%|HS|  |TAMS 0x0000000702000000, 0x0000000702000000| Complete 
|  13|0x0000000702100000, 0x0000000702200000, 0x0000000702200000|100%|HC|  |TAMS 0x0000000702100000, 0x0000000702100000| Complete 
|  14|0x0000000702200000, 0x0000000702300000, 0x0000000702300000|100%|HC|  |TAMS 0x0000000702200000, 0x0000000702200000| Complete 
|  15|0x0000000702300000, 0x0000000702400000, 0x0000000702400000|100%|HC|  |TAMS 0x0000000702300000, 0x0000000702300000| Complete 
|  16|0x0000000702400000, 0x0000000702500000, 0x0000000702500000|100%|HS|  |TAMS 0x0000000702400000, 0x0000000702400000| Complete 
|  17|0x0000000702500000, 0x0000000702600000, 0x0000000702600000|100%|HC|  |TAMS 0x0000000702500000, 0x0000000702500000| Complete 
|  18|0x0000000702600000, 0x0000000702700000, 0x0000000702700000|100%|HC|  |TAMS 0x0000000702600000, 0x0000000702600000| Complete 
|  19|0x0000000702700000, 0x0000000702800000, 0x0000000702800000|100%|HS|  |TAMS 0x0000000702700000, 0x0000000702700000| Complete 
|  20|0x0000000702800000, 0x0000000702900000, 0x0000000702900000|100%| O|  |TAMS 0x0000000702800000, 0x0000000702800000| Untracked 
|  21|0x0000000702900000, 0x0000000702937a00, 0x0000000702a00000| 21%| O|  |TAMS 0x0000000702900000, 0x0000000702900000| Untracked 
|  22|0x0000000702a00000, 0x0000000702a00000, 0x0000000702b00000|  0%| F|  |TAMS 0x0000000702a00000, 0x0000000702a00000| Untracked 
|  23|0x0000000702b00000, 0x0000000702b00000, 0x0000000702c00000|  0%| F|  |TAMS 0x0000000702b00000, 0x0000000702b00000| Untracked 
|  24|0x0000000702c00000, 0x0000000702c00000, 0x0000000702d00000|  0%| F|  |TAMS 0x0000000702c00000, 0x0000000702c00000| Untracked 
|  25|0x0000000702d00000, 0x0000000702d00000, 0x0000000702e00000|  0%| F|  |TAMS 0x0000000702d00000, 0x0000000702d00000| Untracked 
|  26|0x0000000702e00000, 0x0000000702e00000, 0x0000000702f00000|  0%| F|  |TAMS 0x0000000702e00000, 0x0000000702e00000| Untracked 
|  27|0x0000000702f00000, 0x0000000702f00000, 0x0000000703000000|  0%| F|  |TAMS 0x0000000702f00000, 0x0000000702f00000| Untracked 
|  28|0x0000000703000000, 0x0000000703000000, 0x0000000703100000|  0%| F|  |TAMS 0x0000000703000000, 0x0000000703000000| Untracked 
|  29|0x0000000703100000, 0x0000000703100000, 0x0000000703200000|  0%| F|  |TAMS 0x0000000703100000, 0x0000000703100000| Untracked 
|  30|0x0000000703200000, 0x0000000703200000, 0x0000000703300000|  0%| F|  |TAMS 0x0000000703200000, 0x0000000703200000| Untracked 
|  31|0x0000000703300000, 0x0000000703300000, 0x0000000703400000|  0%| F|  |TAMS 0x0000000703300000, 0x0000000703300000| Untracked 
|  32|0x0000000703400000, 0x0000000703400000, 0x0000000703500000|  0%| F|  |TAMS 0x0000000703400000, 0x0000000703400000| Untracked 
|  33|0x0000000703500000, 0x0000000703500000, 0x0000000703600000|  0%| F|  |TAMS 0x0000000703500000, 0x0000000703500000| Untracked 
|  34|0x0000000703600000, 0x0000000703600000, 0x0000000703700000|  0%| F|  |TAMS 0x0000000703600000, 0x0000000703600000| Untracked 
|  35|0x0000000703700000, 0x0000000703700000, 0x0000000703800000|  0%| F|  |TAMS 0x0000000703700000, 0x0000000703700000| Untracked 
|  36|0x0000000703800000, 0x0000000703800000, 0x0000000703900000|  0%| F|  |TAMS 0x0000000703800000, 0x0000000703800000| Untracked 
|  37|0x0000000703900000, 0x0000000703900000, 0x0000000703a00000|  0%| F|  |TAMS 0x0000000703900000, 0x0000000703900000| Untracked 
|  38|0x0000000703a00000, 0x0000000703a00000, 0x0000000703b00000|  0%| F|  |TAMS 0x0000000703a00000, 0x0000000703a00000| Untracked 
|  39|0x0000000703b00000, 0x0000000703b00000, 0x0000000703c00000|  0%| F|  |TAMS 0x0000000703b00000, 0x0000000703b00000| Untracked 
|  40|0x0000000703c00000, 0x0000000703c00000, 0x0000000703d00000|  0%| F|  |TAMS 0x0000000703c00000, 0x0000000703c00000| Untracked 
|  41|0x0000000703d00000, 0x0000000703d00000, 0x0000000703e00000|  0%| F|  |TAMS 0x0000000703d00000, 0x0000000703d00000| Untracked 
|  42|0x0000000703e00000, 0x0000000703e00000, 0x0000000703f00000|  0%| F|  |TAMS 0x0000000703e00000, 0x0000000703e00000| Untracked 
|  43|0x0000000703f00000, 0x0000000703f00000, 0x0000000704000000|  0%| F|  |TAMS 0x0000000703f00000, 0x0000000703f00000| Untracked 
|  44|0x0000000704000000, 0x0000000704000000, 0x0000000704100000|  0%| F|  |TAMS 0x0000000704000000, 0x0000000704000000| Untracked 
|  45|0x0000000704100000, 0x0000000704100000, 0x0000000704200000|  0%| F|  |TAMS 0x0000000704100000, 0x0000000704100000| Untracked 
|  46|0x0000000704200000, 0x0000000704200000, 0x0000000704300000|  0%| F|  |TAMS 0x0000000704200000, 0x0000000704200000| Untracked 
|  47|0x0000000704300000, 0x0000000704300000, 0x0000000704400000|  0%| F|  |TAMS 0x0000000704300000, 0x0000000704300000| Untracked 
|  48|0x0000000704400000, 0x0000000704400000, 0x0000000704500000|  0%| F|  |TAMS 0x0000000704400000, 0x0000000704400000| Untracked 
|  49|0x0000000704500000, 0x0000000704500000, 0x0000000704600000|  0%| F|  |TAMS 0x0000000704500000, 0x0000000704500000| Untracked 
|  50|0x0000000704600000, 0x0000000704600000, 0x0000000704700000|  0%| F|  |TAMS 0x0000000704600000, 0x0000000704600000| Untracked 
|  51|0x0000000704700000, 0x0000000704700000, 0x0000000704800000|  0%| F|  |TAMS 0x0000000704700000, 0x0000000704700000| Untracked 
|  52|0x0000000704800000, 0x0000000704800000, 0x0000000704900000|  0%| F|  |TAMS 0x0000000704800000, 0x0000000704800000| Untracked 
|  53|0x0000000704900000, 0x0000000704900000, 0x0000000704a00000|  0%| F|  |TAMS 0x0000000704900000, 0x0000000704900000| Untracked 
|  54|0x0000000704a00000, 0x0000000704a00000, 0x0000000704b00000|  0%| F|  |TAMS 0x0000000704a00000, 0x0000000704a00000| Untracked 
|  55|0x0000000704b00000, 0x0000000704b00000, 0x0000000704c00000|  0%| F|  |TAMS 0x0000000704b00000, 0x0000000704b00000| Untracked 
|  56|0x0000000704c00000, 0x0000000704c00000, 0x0000000704d00000|  0%| F|  |TAMS 0x0000000704c00000, 0x0000000704c00000| Untracked 
|  57|0x0000000704d00000, 0x0000000704d00000, 0x0000000704e00000|  0%| F|  |TAMS 0x0000000704d00000, 0x0000000704d00000| Untracked 
|  58|0x0000000704e00000, 0x0000000704e00000, 0x0000000704f00000|  0%| F|  |TAMS 0x0000000704e00000, 0x0000000704e00000| Untracked 
|  59|0x0000000704f00000, 0x0000000704f00000, 0x0000000705000000|  0%| F|  |TAMS 0x0000000704f00000, 0x0000000704f00000| Untracked 
|  60|0x0000000705000000, 0x0000000705000000, 0x0000000705100000|  0%| F|  |TAMS 0x0000000705000000, 0x0000000705000000| Untracked 
|  61|0x0000000705100000, 0x0000000705100000, 0x0000000705200000|  0%| F|  |TAMS 0x0000000705100000, 0x0000000705100000| Untracked 
|  62|0x0000000705200000, 0x0000000705200000, 0x0000000705300000|  0%| F|  |TAMS 0x0000000705200000, 0x0000000705200000| Untracked 
|  63|0x0000000705300000, 0x0000000705300000, 0x0000000705400000|  0%| F|  |TAMS 0x0000000705300000, 0x0000000705300000| Untracked 
|  64|0x0000000705400000, 0x0000000705400000, 0x0000000705500000|  0%| F|  |TAMS 0x0000000705400000, 0x0000000705400000| Untracked 
|  65|0x0000000705500000, 0x0000000705500000, 0x0000000705600000|  0%| F|  |TAMS 0x0000000705500000, 0x0000000705500000| Untracked 
|  66|0x0000000705600000, 0x0000000705600000, 0x0000000705700000|  0%| F|  |TAMS 0x0000000705600000, 0x0000000705600000| Untracked 
|  67|0x0000000705700000, 0x0000000705700000, 0x0000000705800000|  0%| F|  |TAMS 0x0000000705700000, 0x0000000705700000| Untracked 
|  68|0x0000000705800000, 0x0000000705800000, 0x0000000705900000|  0%| F|  |TAMS 0x0000000705800000, 0x0000000705800000| Untracked 
|  69|0x0000000705900000, 0x0000000705900000, 0x0000000705a00000|  0%| F|  |TAMS 0x0000000705900000, 0x0000000705900000| Untracked 
|  70|0x0000000705a00000, 0x0000000705a00000, 0x0000000705b00000|  0%| F|  |TAMS 0x0000000705a00000, 0x0000000705a00000| Untracked 
|  71|0x0000000705b00000, 0x0000000705b00000, 0x0000000705c00000|  0%| F|  |TAMS 0x0000000705b00000, 0x0000000705b00000| Untracked 
|  72|0x0000000705c00000, 0x0000000705c00000, 0x0000000705d00000|  0%| F|  |TAMS 0x0000000705c00000, 0x0000000705c00000| Untracked 
|  73|0x0000000705d00000, 0x0000000705d00000, 0x0000000705e00000|  0%| F|  |TAMS 0x0000000705d00000, 0x0000000705d00000| Untracked 
|  74|0x0000000705e00000, 0x0000000705e00000, 0x0000000705f00000|  0%| F|  |TAMS 0x0000000705e00000, 0x0000000705e00000| Untracked 
|  75|0x0000000705f00000, 0x0000000705f00000, 0x0000000706000000|  0%| F|  |TAMS 0x0000000705f00000, 0x0000000705f00000| Untracked 
|  76|0x0000000706000000, 0x0000000706000000, 0x0000000706100000|  0%| F|  |TAMS 0x0000000706000000, 0x0000000706000000| Untracked 
|  77|0x0000000706100000, 0x0000000706100000, 0x0000000706200000|  0%| F|  |TAMS 0x0000000706100000, 0x0000000706100000| Untracked 
|  78|0x0000000706200000, 0x0000000706200000, 0x0000000706300000|  0%| F|  |TAMS 0x0000000706200000, 0x0000000706200000| Untracked 
|  79|0x0000000706300000, 0x0000000706300000, 0x0000000706400000|  0%| F|  |TAMS 0x0000000706300000, 0x0000000706300000| Untracked 
|  80|0x0000000706400000, 0x0000000706400000, 0x0000000706500000|  0%| F|  |TAMS 0x0000000706400000, 0x0000000706400000| Untracked 
|  81|0x0000000706500000, 0x0000000706500000, 0x0000000706600000|  0%| F|  |TAMS 0x0000000706500000, 0x0000000706500000| Untracked 
|  82|0x0000000706600000, 0x0000000706600000, 0x0000000706700000|  0%| F|  |TAMS 0x0000000706600000, 0x0000000706600000| Untracked 
|  83|0x0000000706700000, 0x0000000706700000, 0x0000000706800000|  0%| F|  |TAMS 0x0000000706700000, 0x0000000706700000| Untracked 
|  84|0x0000000706800000, 0x0000000706800000, 0x0000000706900000|  0%| F|  |TAMS 0x0000000706800000, 0x0000000706800000| Untracked 
|  85|0x0000000706900000, 0x0000000706900000, 0x0000000706a00000|  0%| F|  |TAMS 0x0000000706900000, 0x0000000706900000| Untracked 
|  86|0x0000000706a00000, 0x0000000706a00000, 0x0000000706b00000|  0%| F|  |TAMS 0x0000000706a00000, 0x0000000706a00000| Untracked 
|  87|0x0000000706b00000, 0x0000000706b00000, 0x0000000706c00000|  0%| F|  |TAMS 0x0000000706b00000, 0x0000000706b00000| Untracked 
|  88|0x0000000706c00000, 0x0000000706c00000, 0x0000000706d00000|  0%| F|  |TAMS 0x0000000706c00000, 0x0000000706c00000| Untracked 
|  89|0x0000000706d00000, 0x0000000706d00000, 0x0000000706e00000|  0%| F|  |TAMS 0x0000000706d00000, 0x0000000706d00000| Untracked 
|  90|0x0000000706e00000, 0x0000000706e00000, 0x0000000706f00000|  0%| F|  |TAMS 0x0000000706e00000, 0x0000000706e00000| Untracked 
|  91|0x0000000706f00000, 0x0000000706f00000, 0x0000000707000000|  0%| F|  |TAMS 0x0000000706f00000, 0x0000000706f00000| Untracked 
|  92|0x0000000707000000, 0x0000000707000000, 0x0000000707100000|  0%| F|  |TAMS 0x0000000707000000, 0x0000000707000000| Untracked 
|  93|0x0000000707100000, 0x0000000707100000, 0x0000000707200000|  0%| F|  |TAMS 0x0000000707100000, 0x0000000707100000| Untracked 
|  94|0x0000000707200000, 0x0000000707200000, 0x0000000707300000|  0%| F|  |TAMS 0x0000000707200000, 0x0000000707200000| Untracked 
|  95|0x0000000707300000, 0x0000000707300000, 0x0000000707400000|  0%| F|  |TAMS 0x0000000707300000, 0x0000000707300000| Untracked 
|  96|0x0000000707400000, 0x0000000707400000, 0x0000000707500000|  0%| F|  |TAMS 0x0000000707400000, 0x0000000707400000| Untracked 
|  97|0x0000000707500000, 0x0000000707500000, 0x0000000707600000|  0%| F|  |TAMS 0x0000000707500000, 0x0000000707500000| Untracked 
|  98|0x0000000707600000, 0x0000000707600000, 0x0000000707700000|  0%| F|  |TAMS 0x0000000707600000, 0x0000000707600000| Untracked 
|  99|0x0000000707700000, 0x0000000707700000, 0x0000000707800000|  0%| F|  |TAMS 0x0000000707700000, 0x0000000707700000| Untracked 
| 100|0x0000000707800000, 0x0000000707800000, 0x0000000707900000|  0%| F|  |TAMS 0x0000000707800000, 0x0000000707800000| Untracked 
| 101|0x0000000707900000, 0x000000070790d9b0, 0x0000000707a00000|  5%| S|CS|TAMS 0x0000000707900000, 0x0000000707900000| Complete 
| 102|0x0000000707a00000, 0x0000000707a00000, 0x0000000707b00000|  0%| F|  |TAMS 0x0000000707a00000, 0x0000000707a00000| Untracked 
| 103|0x0000000707b00000, 0x0000000707b00000, 0x0000000707c00000|  0%| F|  |TAMS 0x0000000707b00000, 0x0000000707b00000| Untracked 
| 104|0x0000000707c00000, 0x0000000707c00000, 0x0000000707d00000|  0%| F|  |TAMS 0x0000000707c00000, 0x0000000707c00000| Untracked 
| 105|0x0000000707d00000, 0x0000000707d00000, 0x0000000707e00000|  0%| F|  |TAMS 0x0000000707d00000, 0x0000000707d00000| Untracked 
| 106|0x0000000707e00000, 0x0000000707e00000, 0x0000000707f00000|  0%| F|  |TAMS 0x0000000707e00000, 0x0000000707e00000| Untracked 
| 107|0x0000000707f00000, 0x0000000707f00000, 0x0000000708000000|  0%| F|  |TAMS 0x0000000707f00000, 0x0000000707f00000| Untracked 
| 108|0x0000000708000000, 0x0000000708000000, 0x0000000708100000|  0%| F|  |TAMS 0x0000000708000000, 0x0000000708000000| Untracked 
| 109|0x0000000708100000, 0x0000000708100000, 0x0000000708200000|  0%| F|  |TAMS 0x0000000708100000, 0x0000000708100000| Untracked 
| 110|0x0000000708200000, 0x0000000708200000, 0x0000000708300000|  0%| F|  |TAMS 0x0000000708200000, 0x0000000708200000| Untracked 
| 111|0x0000000708300000, 0x0000000708300000, 0x0000000708400000|  0%| F|  |TAMS 0x0000000708300000, 0x0000000708300000| Untracked 
| 112|0x0000000708400000, 0x0000000708400000, 0x0000000708500000|  0%| F|  |TAMS 0x0000000708400000, 0x0000000708400000| Untracked 
| 113|0x0000000708500000, 0x0000000708500000, 0x0000000708600000|  0%| F|  |TAMS 0x0000000708500000, 0x0000000708500000| Untracked 
| 114|0x0000000708600000, 0x0000000708600000, 0x0000000708700000|  0%| F|  |TAMS 0x0000000708600000, 0x0000000708600000| Untracked 
| 115|0x0000000708700000, 0x0000000708700000, 0x0000000708800000|  0%| F|  |TAMS 0x0000000708700000, 0x0000000708700000| Untracked 
| 116|0x0000000708800000, 0x0000000708800000, 0x0000000708900000|  0%| F|  |TAMS 0x0000000708800000, 0x0000000708800000| Untracked 
| 117|0x0000000708900000, 0x0000000708900000, 0x0000000708a00000|  0%| F|  |TAMS 0x0000000708900000, 0x0000000708900000| Untracked 
| 118|0x0000000708a00000, 0x0000000708a00000, 0x0000000708b00000|  0%| F|  |TAMS 0x0000000708a00000, 0x0000000708a00000| Untracked 
| 119|0x0000000708b00000, 0x0000000708b00000, 0x0000000708c00000|  0%| F|  |TAMS 0x0000000708b00000, 0x0000000708b00000| Untracked 
| 120|0x0000000708c00000, 0x0000000708c00000, 0x0000000708d00000|  0%| F|  |TAMS 0x0000000708c00000, 0x0000000708c00000| Untracked 
| 121|0x0000000708d00000, 0x0000000708d00000, 0x0000000708e00000|  0%| F|  |TAMS 0x0000000708d00000, 0x0000000708d00000| Untracked 
| 122|0x0000000708e00000, 0x0000000708e00000, 0x0000000708f00000|  0%| F|  |TAMS 0x0000000708e00000, 0x0000000708e00000| Untracked 
| 123|0x0000000708f00000, 0x0000000708f00000, 0x0000000709000000|  0%| F|  |TAMS 0x0000000708f00000, 0x0000000708f00000| Untracked 
| 124|0x0000000709000000, 0x0000000709000000, 0x0000000709100000|  0%| F|  |TAMS 0x0000000709000000, 0x0000000709000000| Untracked 
| 125|0x0000000709100000, 0x0000000709100000, 0x0000000709200000|  0%| F|  |TAMS 0x0000000709100000, 0x0000000709100000| Untracked 
| 126|0x0000000709200000, 0x0000000709200000, 0x0000000709300000|  0%| F|  |TAMS 0x0000000709200000, 0x0000000709200000| Untracked 
| 127|0x0000000709300000, 0x0000000709300000, 0x0000000709400000|  0%| F|  |TAMS 0x0000000709300000, 0x0000000709300000| Untracked 
| 128|0x0000000709400000, 0x0000000709400000, 0x0000000709500000|  0%| F|  |TAMS 0x0000000709400000, 0x0000000709400000| Untracked 
| 129|0x0000000709500000, 0x0000000709500000, 0x0000000709600000|  0%| F|  |TAMS 0x0000000709500000, 0x0000000709500000| Untracked 
| 130|0x0000000709600000, 0x0000000709600000, 0x0000000709700000|  0%| F|  |TAMS 0x0000000709600000, 0x0000000709600000| Untracked 
| 131|0x0000000709700000, 0x0000000709700000, 0x0000000709800000|  0%| F|  |TAMS 0x0000000709700000, 0x0000000709700000| Untracked 
| 132|0x0000000709800000, 0x0000000709800000, 0x0000000709900000|  0%| F|  |TAMS 0x0000000709800000, 0x0000000709800000| Untracked 
| 133|0x0000000709900000, 0x0000000709900000, 0x0000000709a00000|  0%| F|  |TAMS 0x0000000709900000, 0x0000000709900000| Untracked 
| 134|0x0000000709a00000, 0x0000000709a00000, 0x0000000709b00000|  0%| F|  |TAMS 0x0000000709a00000, 0x0000000709a00000| Untracked 
| 135|0x0000000709b00000, 0x0000000709b00000, 0x0000000709c00000|  0%| F|  |TAMS 0x0000000709b00000, 0x0000000709b00000| Untracked 
| 136|0x0000000709c00000, 0x0000000709c00000, 0x0000000709d00000|  0%| F|  |TAMS 0x0000000709c00000, 0x0000000709c00000| Untracked 
| 137|0x0000000709d00000, 0x0000000709d00000, 0x0000000709e00000|  0%| F|  |TAMS 0x0000000709d00000, 0x0000000709d00000| Untracked 
| 138|0x0000000709e00000, 0x0000000709e00000, 0x0000000709f00000|  0%| F|  |TAMS 0x0000000709e00000, 0x0000000709e00000| Untracked 
| 139|0x0000000709f00000, 0x0000000709f00000, 0x000000070a000000|  0%| F|  |TAMS 0x0000000709f00000, 0x0000000709f00000| Untracked 
| 140|0x000000070a000000, 0x000000070a000000, 0x000000070a100000|  0%| F|  |TAMS 0x000000070a000000, 0x000000070a000000| Untracked 
| 141|0x000000070a100000, 0x000000070a100000, 0x000000070a200000|  0%| F|  |TAMS 0x000000070a100000, 0x000000070a100000| Untracked 
| 142|0x000000070a200000, 0x000000070a200000, 0x000000070a300000|  0%| F|  |TAMS 0x000000070a200000, 0x000000070a200000| Untracked 
| 143|0x000000070a300000, 0x000000070a300000, 0x000000070a400000|  0%| F|  |TAMS 0x000000070a300000, 0x000000070a300000| Untracked 
| 144|0x000000070a400000, 0x000000070a400000, 0x000000070a500000|  0%| F|  |TAMS 0x000000070a400000, 0x000000070a400000| Untracked 
| 145|0x000000070a500000, 0x000000070a500000, 0x000000070a600000|  0%| F|  |TAMS 0x000000070a500000, 0x000000070a500000| Untracked 
| 146|0x000000070a600000, 0x000000070a600000, 0x000000070a700000|  0%| F|  |TAMS 0x000000070a600000, 0x000000070a600000| Untracked 
| 147|0x000000070a700000, 0x000000070a700000, 0x000000070a800000|  0%| F|  |TAMS 0x000000070a700000, 0x000000070a700000| Untracked 
| 148|0x000000070a800000, 0x000000070a800000, 0x000000070a900000|  0%| F|  |TAMS 0x000000070a800000, 0x000000070a800000| Untracked 
| 149|0x000000070a900000, 0x000000070a900000, 0x000000070aa00000|  0%| F|  |TAMS 0x000000070a900000, 0x000000070a900000| Untracked 
| 150|0x000000070aa00000, 0x000000070aa00000, 0x000000070ab00000|  0%| F|  |TAMS 0x000000070aa00000, 0x000000070aa00000| Untracked 
| 151|0x000000070ab00000, 0x000000070ab00000, 0x000000070ac00000|  0%| F|  |TAMS 0x000000070ab00000, 0x000000070ab00000| Untracked 
| 152|0x000000070ac00000, 0x000000070ac00000, 0x000000070ad00000|  0%| F|  |TAMS 0x000000070ac00000, 0x000000070ac00000| Untracked 
| 153|0x000000070ad00000, 0x000000070ad00000, 0x000000070ae00000|  0%| F|  |TAMS 0x000000070ad00000, 0x000000070ad00000| Untracked 
| 154|0x000000070ae00000, 0x000000070ae00000, 0x000000070af00000|  0%| F|  |TAMS 0x000000070ae00000, 0x000000070ae00000| Untracked 
| 155|0x000000070af00000, 0x000000070af00000, 0x000000070b000000|  0%| F|  |TAMS 0x000000070af00000, 0x000000070af00000| Untracked 
| 156|0x000000070b000000, 0x000000070b000000, 0x000000070b100000|  0%| F|  |TAMS 0x000000070b000000, 0x000000070b000000| Untracked 
| 157|0x000000070b100000, 0x000000070b100000, 0x000000070b200000|  0%| F|  |TAMS 0x000000070b100000, 0x000000070b100000| Untracked 
| 158|0x000000070b200000, 0x000000070b200000, 0x000000070b300000|  0%| F|  |TAMS 0x000000070b200000, 0x000000070b200000| Untracked 
| 159|0x000000070b300000, 0x000000070b300000, 0x000000070b400000|  0%| F|  |TAMS 0x000000070b300000, 0x000000070b300000| Untracked 
| 160|0x000000070b400000, 0x000000070b400000, 0x000000070b500000|  0%| F|  |TAMS 0x000000070b400000, 0x000000070b400000| Untracked 
| 161|0x000000070b500000, 0x000000070b500000, 0x000000070b600000|  0%| F|  |TAMS 0x000000070b500000, 0x000000070b500000| Untracked 
| 162|0x000000070b600000, 0x000000070b600000, 0x000000070b700000|  0%| F|  |TAMS 0x000000070b600000, 0x000000070b600000| Untracked 
| 163|0x000000070b700000, 0x000000070b700000, 0x000000070b800000|  0%| F|  |TAMS 0x000000070b700000, 0x000000070b700000| Untracked 
| 164|0x000000070b800000, 0x000000070b800000, 0x000000070b900000|  0%| F|  |TAMS 0x000000070b800000, 0x000000070b800000| Untracked 
| 165|0x000000070b900000, 0x000000070b900000, 0x000000070ba00000|  0%| F|  |TAMS 0x000000070b900000, 0x000000070b900000| Untracked 
| 166|0x000000070ba00000, 0x000000070ba00000, 0x000000070bb00000|  0%| F|  |TAMS 0x000000070ba00000, 0x000000070ba00000| Untracked 
| 167|0x000000070bb00000, 0x000000070bb00000, 0x000000070bc00000|  0%| F|  |TAMS 0x000000070bb00000, 0x000000070bb00000| Untracked 
| 168|0x000000070bc00000, 0x000000070bc00000, 0x000000070bd00000|  0%| F|  |TAMS 0x000000070bc00000, 0x000000070bc00000| Untracked 
| 169|0x000000070bd00000, 0x000000070bd00000, 0x000000070be00000|  0%| F|  |TAMS 0x000000070bd00000, 0x000000070bd00000| Untracked 
| 170|0x000000070be00000, 0x000000070be00000, 0x000000070bf00000|  0%| F|  |TAMS 0x000000070be00000, 0x000000070be00000| Untracked 
| 171|0x000000070bf00000, 0x000000070bf00000, 0x000000070c000000|  0%| F|  |TAMS 0x000000070bf00000, 0x000000070bf00000| Untracked 
| 172|0x000000070c000000, 0x000000070c000000, 0x000000070c100000|  0%| F|  |TAMS 0x000000070c000000, 0x000000070c000000| Untracked 
| 173|0x000000070c100000, 0x000000070c100000, 0x000000070c200000|  0%| F|  |TAMS 0x000000070c100000, 0x000000070c100000| Untracked 
| 174|0x000000070c200000, 0x000000070c200000, 0x000000070c300000|  0%| F|  |TAMS 0x000000070c200000, 0x000000070c200000| Untracked 
| 175|0x000000070c300000, 0x000000070c300000, 0x000000070c400000|  0%| F|  |TAMS 0x000000070c300000, 0x000000070c300000| Untracked 
| 176|0x000000070c400000, 0x000000070c400000, 0x000000070c500000|  0%| F|  |TAMS 0x000000070c400000, 0x000000070c400000| Untracked 
| 177|0x000000070c500000, 0x000000070c500000, 0x000000070c600000|  0%| F|  |TAMS 0x000000070c500000, 0x000000070c500000| Untracked 
| 178|0x000000070c600000, 0x000000070c600000, 0x000000070c700000|  0%| F|  |TAMS 0x000000070c600000, 0x000000070c600000| Untracked 
| 179|0x000000070c700000, 0x000000070c700000, 0x000000070c800000|  0%| F|  |TAMS 0x000000070c700000, 0x000000070c700000| Untracked 
| 180|0x000000070c800000, 0x000000070c800000, 0x000000070c900000|  0%| F|  |TAMS 0x000000070c800000, 0x000000070c800000| Untracked 
| 181|0x000000070c900000, 0x000000070c900000, 0x000000070ca00000|  0%| F|  |TAMS 0x000000070c900000, 0x000000070c900000| Untracked 
| 182|0x000000070ca00000, 0x000000070ca00000, 0x000000070cb00000|  0%| F|  |TAMS 0x000000070ca00000, 0x000000070ca00000| Untracked 
| 183|0x000000070cb00000, 0x000000070cb00000, 0x000000070cc00000|  0%| F|  |TAMS 0x000000070cb00000, 0x000000070cb00000| Untracked 
| 184|0x000000070cc00000, 0x000000070cc00000, 0x000000070cd00000|  0%| F|  |TAMS 0x000000070cc00000, 0x000000070cc00000| Untracked 
| 185|0x000000070cd00000, 0x000000070cd00000, 0x000000070ce00000|  0%| F|  |TAMS 0x000000070cd00000, 0x000000070cd00000| Untracked 
| 186|0x000000070ce00000, 0x000000070ce00000, 0x000000070cf00000|  0%| F|  |TAMS 0x000000070ce00000, 0x000000070ce00000| Untracked 
| 187|0x000000070cf00000, 0x000000070cf00000, 0x000000070d000000|  0%| F|  |TAMS 0x000000070cf00000, 0x000000070cf00000| Untracked 
| 188|0x000000070d000000, 0x000000070d000000, 0x000000070d100000|  0%| F|  |TAMS 0x000000070d000000, 0x000000070d000000| Untracked 
| 189|0x000000070d100000, 0x000000070d100000, 0x000000070d200000|  0%| F|  |TAMS 0x000000070d100000, 0x000000070d100000| Untracked 
| 190|0x000000070d200000, 0x000000070d200000, 0x000000070d300000|  0%| F|  |TAMS 0x000000070d200000, 0x000000070d200000| Untracked 
| 191|0x000000070d300000, 0x000000070d300000, 0x000000070d400000|  0%| F|  |TAMS 0x000000070d300000, 0x000000070d300000| Untracked 
| 192|0x000000070d400000, 0x000000070d400000, 0x000000070d500000|  0%| F|  |TAMS 0x000000070d400000, 0x000000070d400000| Untracked 
| 193|0x000000070d500000, 0x000000070d500000, 0x000000070d600000|  0%| F|  |TAMS 0x000000070d500000, 0x000000070d500000| Untracked 
| 194|0x000000070d600000, 0x000000070d600000, 0x000000070d700000|  0%| F|  |TAMS 0x000000070d600000, 0x000000070d600000| Untracked 
| 195|0x000000070d700000, 0x000000070d700000, 0x000000070d800000|  0%| F|  |TAMS 0x000000070d700000, 0x000000070d700000| Untracked 
| 196|0x000000070d800000, 0x000000070d800000, 0x000000070d900000|  0%| F|  |TAMS 0x000000070d800000, 0x000000070d800000| Untracked 
| 197|0x000000070d900000, 0x000000070d900000, 0x000000070da00000|  0%| F|  |TAMS 0x000000070d900000, 0x000000070d900000| Untracked 
| 198|0x000000070da00000, 0x000000070da00000, 0x000000070db00000|  0%| F|  |TAMS 0x000000070da00000, 0x000000070da00000| Untracked 
| 199|0x000000070db00000, 0x000000070db00000, 0x000000070dc00000|  0%| F|  |TAMS 0x000000070db00000, 0x000000070db00000| Untracked 
| 200|0x000000070dc00000, 0x000000070dc00000, 0x000000070dd00000|  0%| F|  |TAMS 0x000000070dc00000, 0x000000070dc00000| Untracked 
| 201|0x000000070dd00000, 0x000000070dd00000, 0x000000070de00000|  0%| F|  |TAMS 0x000000070dd00000, 0x000000070dd00000| Untracked 
| 202|0x000000070de00000, 0x000000070de00000, 0x000000070df00000|  0%| F|  |TAMS 0x000000070de00000, 0x000000070de00000| Untracked 
| 203|0x000000070df00000, 0x000000070df00000, 0x000000070e000000|  0%| F|  |TAMS 0x000000070df00000, 0x000000070df00000| Untracked 
| 204|0x000000070e000000, 0x000000070e000000, 0x000000070e100000|  0%| F|  |TAMS 0x000000070e000000, 0x000000070e000000| Untracked 
| 205|0x000000070e100000, 0x000000070e100000, 0x000000070e200000|  0%| F|  |TAMS 0x000000070e100000, 0x000000070e100000| Untracked 
| 206|0x000000070e200000, 0x000000070e200000, 0x000000070e300000|  0%| F|  |TAMS 0x000000070e200000, 0x000000070e200000| Untracked 
| 207|0x000000070e300000, 0x000000070e300000, 0x000000070e400000|  0%| F|  |TAMS 0x000000070e300000, 0x000000070e300000| Untracked 
| 208|0x000000070e400000, 0x000000070e400000, 0x000000070e500000|  0%| F|  |TAMS 0x000000070e400000, 0x000000070e400000| Untracked 
| 209|0x000000070e500000, 0x000000070e500000, 0x000000070e600000|  0%| F|  |TAMS 0x000000070e500000, 0x000000070e500000| Untracked 
| 210|0x000000070e600000, 0x000000070e600000, 0x000000070e700000|  0%| F|  |TAMS 0x000000070e600000, 0x000000070e600000| Untracked 
| 211|0x000000070e700000, 0x000000070e700000, 0x000000070e800000|  0%| F|  |TAMS 0x000000070e700000, 0x000000070e700000| Untracked 
| 212|0x000000070e800000, 0x000000070e800000, 0x000000070e900000|  0%| F|  |TAMS 0x000000070e800000, 0x000000070e800000| Untracked 
| 213|0x000000070e900000, 0x000000070e900000, 0x000000070ea00000|  0%| F|  |TAMS 0x000000070e900000, 0x000000070e900000| Untracked 
| 214|0x000000070ea00000, 0x000000070ea00000, 0x000000070eb00000|  0%| F|  |TAMS 0x000000070ea00000, 0x000000070ea00000| Untracked 
| 215|0x000000070eb00000, 0x000000070eb00000, 0x000000070ec00000|  0%| F|  |TAMS 0x000000070eb00000, 0x000000070eb00000| Untracked 
| 216|0x000000070ec00000, 0x000000070ec00000, 0x000000070ed00000|  0%| F|  |TAMS 0x000000070ec00000, 0x000000070ec00000| Untracked 
| 217|0x000000070ed00000, 0x000000070ed00000, 0x000000070ee00000|  0%| F|  |TAMS 0x000000070ed00000, 0x000000070ed00000| Untracked 
| 218|0x000000070ee00000, 0x000000070ee00000, 0x000000070ef00000|  0%| F|  |TAMS 0x000000070ee00000, 0x000000070ee00000| Untracked 
| 219|0x000000070ef00000, 0x000000070ef00000, 0x000000070f000000|  0%| F|  |TAMS 0x000000070ef00000, 0x000000070ef00000| Untracked 
| 220|0x000000070f000000, 0x000000070f000000, 0x000000070f100000|  0%| F|  |TAMS 0x000000070f000000, 0x000000070f000000| Untracked 
| 221|0x000000070f100000, 0x000000070f100000, 0x000000070f200000|  0%| F|  |TAMS 0x000000070f100000, 0x000000070f100000| Untracked 
| 222|0x000000070f200000, 0x000000070f200000, 0x000000070f300000|  0%| F|  |TAMS 0x000000070f200000, 0x000000070f200000| Untracked 
| 223|0x000000070f300000, 0x000000070f300000, 0x000000070f400000|  0%| F|  |TAMS 0x000000070f300000, 0x000000070f300000| Untracked 
| 224|0x000000070f400000, 0x000000070f400000, 0x000000070f500000|  0%| F|  |TAMS 0x000000070f400000, 0x000000070f400000| Untracked 
| 225|0x000000070f500000, 0x000000070f500000, 0x000000070f600000|  0%| F|  |TAMS 0x000000070f500000, 0x000000070f500000| Untracked 
| 226|0x000000070f600000, 0x000000070f600000, 0x000000070f700000|  0%| F|  |TAMS 0x000000070f600000, 0x000000070f600000| Untracked 
| 227|0x000000070f700000, 0x000000070f700000, 0x000000070f800000|  0%| F|  |TAMS 0x000000070f700000, 0x000000070f700000| Untracked 
| 228|0x000000070f800000, 0x000000070f800000, 0x000000070f900000|  0%| F|  |TAMS 0x000000070f800000, 0x000000070f800000| Untracked 
| 229|0x000000070f900000, 0x000000070f900000, 0x000000070fa00000|  0%| F|  |TAMS 0x000000070f900000, 0x000000070f900000| Untracked 
| 230|0x000000070fa00000, 0x000000070fa00000, 0x000000070fb00000|  0%| F|  |TAMS 0x000000070fa00000, 0x000000070fa00000| Untracked 
| 231|0x000000070fb00000, 0x000000070fb00000, 0x000000070fc00000|  0%| F|  |TAMS 0x000000070fb00000, 0x000000070fb00000| Untracked 
| 232|0x000000070fc00000, 0x000000070fc00000, 0x000000070fd00000|  0%| F|  |TAMS 0x000000070fc00000, 0x000000070fc00000| Untracked 
| 233|0x000000070fd00000, 0x000000070fd00000, 0x000000070fe00000|  0%| F|  |TAMS 0x000000070fd00000, 0x000000070fd00000| Untracked 
| 234|0x000000070fe00000, 0x000000070fe00000, 0x000000070ff00000|  0%| F|  |TAMS 0x000000070fe00000, 0x000000070fe00000| Untracked 
| 235|0x000000070ff00000, 0x000000070ff00000, 0x0000000710000000|  0%| F|  |TAMS 0x000000070ff00000, 0x000000070ff00000| Untracked 
| 236|0x0000000710000000, 0x0000000710000000, 0x0000000710100000|  0%| F|  |TAMS 0x0000000710000000, 0x0000000710000000| Untracked 
| 237|0x0000000710100000, 0x0000000710100000, 0x0000000710200000|  0%| F|  |TAMS 0x0000000710100000, 0x0000000710100000| Untracked 
| 238|0x0000000710200000, 0x0000000710200000, 0x0000000710300000|  0%| F|  |TAMS 0x0000000710200000, 0x0000000710200000| Untracked 
| 239|0x0000000710300000, 0x0000000710300000, 0x0000000710400000|  0%| F|  |TAMS 0x0000000710300000, 0x0000000710300000| Untracked 
| 240|0x0000000710400000, 0x0000000710400000, 0x0000000710500000|  0%| F|  |TAMS 0x0000000710400000, 0x0000000710400000| Untracked 
| 241|0x0000000710500000, 0x0000000710500000, 0x0000000710600000|  0%| F|  |TAMS 0x0000000710500000, 0x0000000710500000| Untracked 
| 242|0x0000000710600000, 0x0000000710600000, 0x0000000710700000|  0%| F|  |TAMS 0x0000000710600000, 0x0000000710600000| Untracked 
| 243|0x0000000710700000, 0x0000000710700000, 0x0000000710800000|  0%| F|  |TAMS 0x0000000710700000, 0x0000000710700000| Untracked 
| 244|0x0000000710800000, 0x0000000710800000, 0x0000000710900000|  0%| F|  |TAMS 0x0000000710800000, 0x0000000710800000| Untracked 
| 245|0x0000000710900000, 0x0000000710900000, 0x0000000710a00000|  0%| F|  |TAMS 0x0000000710900000, 0x0000000710900000| Untracked 
| 246|0x0000000710a00000, 0x0000000710a00000, 0x0000000710b00000|  0%| F|  |TAMS 0x0000000710a00000, 0x0000000710a00000| Untracked 
| 247|0x0000000710b00000, 0x0000000710b00000, 0x0000000710c00000|  0%| F|  |TAMS 0x0000000710b00000, 0x0000000710b00000| Untracked 
| 248|0x0000000710c00000, 0x0000000710c00000, 0x0000000710d00000|  0%| F|  |TAMS 0x0000000710c00000, 0x0000000710c00000| Untracked 
| 249|0x0000000710d00000, 0x0000000710d00000, 0x0000000710e00000|  0%| F|  |TAMS 0x0000000710d00000, 0x0000000710d00000| Untracked 
| 250|0x0000000710e00000, 0x0000000710e00000, 0x0000000710f00000|  0%| F|  |TAMS 0x0000000710e00000, 0x0000000710e00000| Untracked 
| 251|0x0000000710f00000, 0x0000000710f00000, 0x0000000711000000|  0%| F|  |TAMS 0x0000000710f00000, 0x0000000710f00000| Untracked 
| 252|0x0000000711000000, 0x0000000711000000, 0x0000000711100000|  0%| F|  |TAMS 0x0000000711000000, 0x0000000711000000| Untracked 
| 253|0x0000000711100000, 0x0000000711100000, 0x0000000711200000|  0%| F|  |TAMS 0x0000000711100000, 0x0000000711100000| Untracked 
| 254|0x0000000711200000, 0x0000000711200000, 0x0000000711300000|  0%| F|  |TAMS 0x0000000711200000, 0x0000000711200000| Untracked 
| 255|0x0000000711300000, 0x00000007113c33c0, 0x0000000711400000| 76%| E|  |TAMS 0x0000000711300000, 0x0000000711300000| Complete 

Card table byte_map: [0x000001f65d300000,0x000001f65db00000] _byte_map_base: 0x000001f659af6000

Marking Bits (Prev, Next): (CMBitMap*) 0x000001f64533c7a8, (CMBitMap*) 0x000001f64533c7e8
 Prev Bits: [0x000001f65e300000, 0x000001f6622b0000)
 Next Bits: [0x000001f6622b0000, 0x000001f666260000)

Polling page: 0x000001f643270000

Metaspace:

Usage:
  Non-class:      8.10 MB capacity,     7.97 MB ( 98%) used,   120.70 KB (  1%) free+waste,    20.88 KB ( <1%) overhead. 
      Class:    937.00 KB capacity,   833.52 KB ( 89%) used,    90.73 KB ( 10%) free+waste,    12.75 KB (  1%) overhead. 
       Both:      9.02 MB capacity,     8.78 MB ( 97%) used,   211.43 KB (  2%) free+waste,    33.63 KB ( <1%) overhead. 

Virtual space:
  Non-class space:       10.00 MB reserved,       8.25 MB ( 83%) committed 
      Class space:        1.00 GB reserved,       1.00 MB ( <1%) committed 
             Both:        1.01 GB reserved,       9.25 MB ( <1%) committed 

Chunk freelists:
   Non-Class:  21.00 KB
       Class:  23.00 KB
        Both:  44.00 KB

MaxMetaspaceSize: 17179869184.00 GB
CompressedClassSpaceSize: 1.00 GB

CodeHeap 'non-profiled nmethods': size=120000Kb used=3190Kb max_used=3722Kb free=116809Kb
 bounds [0x000001f6552a0000, 0x000001f655650000, 0x000001f65c7d0000]
CodeHeap 'profiled nmethods': size=120000Kb used=3271Kb max_used=5349Kb free=116728Kb
 bounds [0x000001f64dd70000, 0x000001f64e2b0000, 0x000001f6552a0000]
CodeHeap 'non-nmethods': size=5760Kb used=1386Kb max_used=1487Kb free=4373Kb
 bounds [0x000001f64d7d0000, 0x000001f64da40000, 0x000001f64dd70000]
 total_blobs=5337 nmethods=2046 adapters=502
 compilation: enabled
              stopped_count=0, restarted_count=0
 full_count=0

Compilation events (20 events):
Event: 780.838 Thread 0x000001f669683800 2912       3       warcraftTD.Levels.LevelProcedural::SetupRoad (161 bytes)
Event: 780.839 Thread 0x000001f669683800 nmethod 2912 0x000001f64df9ce10 code [0x000001f64df9d0e0, 0x000001f64df9e070]
Event: 781.669 Thread 0x000001f669683800 2913       3       warcraftTD.Levels.LevelProcedural::rInt (12 bytes)
Event: 781.669 Thread 0x000001f669683800 nmethod 2913 0x000001f64e1b2c90 code [0x000001f64e1b2e80, 0x000001f64e1b31e0]
Event: 781.669 Thread 0x000001f669681800 2914 %     4       warcraftTD.Levels.LevelProcedural::SetupRoad @ 57 (161 bytes)
Event: 781.679 Thread 0x000001f669681800 nmethod 2914% 0x000001f655394890 code [0x000001f655394b20, 0x000001f655395be8]
Event: 781.915 Thread 0x000001f669681800 2915       4       warcraftTD.Levels.LevelProcedural::SetupRoad (161 bytes)
Event: 781.925 Thread 0x000001f669681800 nmethod 2915 0x000001f6554f0f10 code [0x000001f6554f11a0, 0x000001f6554f1f68]
Event: 782.135 Thread 0x000001f669683800 2916       3       warcraftTD.Levels.LevelProcedural::getPixelsBetween (248 bytes)
Event: 782.137 Thread 0x000001f669683800 nmethod 2916 0x000001f64df6be90 code [0x000001f64df6c4a0, 0x000001f64df6fae0]
Event: 791.687 Thread 0x000001f669681800 2917       4       warcraftTD.LevelGenerator::generate (175 bytes)
Event: 791.694 Thread 0x000001f669681800 nmethod 2917 0x000001f655591410 code [0x000001f6555915e0, 0x000001f655591e48]
Event: 824.617 Thread 0x000001f669683800 2918       3       sun.util.locale.LanguageTag::isScript (21 bytes)
Event: 824.618 Thread 0x000001f669683800 nmethod 2918 0x000001f64de68890 code [0x000001f64de68ae0, 0x000001f64de694c0]
Event: 824.625 Thread 0x000001f669683800 2919       3       jdk.internal.math.FloatingDecimal$BinaryToASCIIBuffer::getChars (502 bytes)
Event: 824.626 Thread 0x000001f669683800 nmethod 2919 0x000001f64dee0210 code [0x000001f64dee04c0, 0x000001f64dee1600]
Event: 824.629 Thread 0x000001f669681800 2920       4       warcraftTD.LevelGenerator::generate (175 bytes)
Event: 824.639 Thread 0x000001f669681800 nmethod 2920 0x000001f655529e10 code [0x000001f655529fe0, 0x000001f65552a848]
Event: 934.399 Thread 0x000001f669683800 2921       3       sun.util.locale.LanguageTag::isExtlang (21 bytes)
Event: 934.399 Thread 0x000001f669683800 nmethod 2921 0x000001f64e01d210 code [0x000001f64e01d460, 0x000001f64e01de40]

GC Heap History (20 events):
Event: 802.993 GC heap before
{Heap before GC invocations=53 (full 0):
 garbage-first heap   total 262144K, used 177408K [0x0000000701400000, 0x0000000800000000)
  region size 1024K, 153 young (156672K), 1 survivors (1024K)
 Metaspace       used 8990K, capacity 9236K, committed 9472K, reserved 1058816K
  class space    used 832K, capacity 937K, committed 1024K, reserved 1048576K
}
Event: 802.993 GC heap after
{Heap after GC invocations=54 (full 0):
 garbage-first heap   total 262144K, used 21764K [0x0000000701400000, 0x0000000800000000)
  region size 1024K, 1 young (1024K), 1 survivors (1024K)
 Metaspace       used 8990K, capacity 9236K, committed 9472K, reserved 1058816K
  class space    used 832K, capacity 937K, committed 1024K, reserved 1048576K
}
Event: 816.916 GC heap before
{Heap before GC invocations=54 (full 0):
 garbage-first heap   total 262144K, used 177412K [0x0000000701400000, 0x0000000800000000)
  region size 1024K, 153 young (156672K), 1 survivors (1024K)
 Metaspace       used 8990K, capacity 9236K, committed 9472K, reserved 1058816K
  class space    used 832K, capacity 937K, committed 1024K, reserved 1048576K
}
Event: 816.916 GC heap after
{Heap after GC invocations=55 (full 0):
 garbage-first heap   total 262144K, used 21767K [0x0000000701400000, 0x0000000800000000)
  region size 1024K, 1 young (1024K), 1 survivors (1024K)
 Metaspace       used 8990K, capacity 9236K, committed 9472K, reserved 1058816K
  class space    used 832K, capacity 937K, committed 1024K, reserved 1048576K
}
Event: 831.722 GC heap before
{Heap before GC invocations=55 (full 0):
 garbage-first heap   total 262144K, used 177415K [0x0000000701400000, 0x0000000800000000)
  region size 1024K, 153 young (156672K), 1 survivors (1024K)
 Metaspace       used 8990K, capacity 9236K, committed 9472K, reserved 1058816K
  class space    used 833K, capacity 937K, committed 1024K, reserved 1048576K
}
Event: 831.723 GC heap after
{Heap after GC invocations=56 (full 0):
 garbage-first heap   total 262144K, used 21771K [0x0000000701400000, 0x0000000800000000)
  region size 1024K, 1 young (1024K), 1 survivors (1024K)
 Metaspace       used 8990K, capacity 9236K, committed 9472K, reserved 1058816K
  class space    used 833K, capacity 937K, committed 1024K, reserved 1048576K
}
Event: 844.922 GC heap before
{Heap before GC invocations=56 (full 0):
 garbage-first heap   total 262144K, used 177419K [0x0000000701400000, 0x0000000800000000)
  region size 1024K, 153 young (156672K), 1 survivors (1024K)
 Metaspace       used 8990K, capacity 9236K, committed 9472K, reserved 1058816K
  class space    used 833K, capacity 937K, committed 1024K, reserved 1048576K
}
Event: 844.922 GC heap after
{Heap after GC invocations=57 (full 0):
 garbage-first heap   total 262144K, used 21776K [0x0000000701400000, 0x0000000800000000)
  region size 1024K, 1 young (1024K), 1 survivors (1024K)
 Metaspace       used 8990K, capacity 9236K, committed 9472K, reserved 1058816K
  class space    used 833K, capacity 937K, committed 1024K, reserved 1048576K
}
Event: 858.267 GC heap before
{Heap before GC invocations=57 (full 0):
 garbage-first heap   total 262144K, used 177424K [0x0000000701400000, 0x0000000800000000)
  region size 1024K, 153 young (156672K), 1 survivors (1024K)
 Metaspace       used 8990K, capacity 9236K, committed 9472K, reserved 1058816K
  class space    used 833K, capacity 937K, committed 1024K, reserved 1048576K
}
Event: 858.267 GC heap after
{Heap after GC invocations=58 (full 0):
 garbage-first heap   total 262144K, used 21774K [0x0000000701400000, 0x0000000800000000)
  region size 1024K, 1 young (1024K), 1 survivors (1024K)
 Metaspace       used 8990K, capacity 9236K, committed 9472K, reserved 1058816K
  class space    used 833K, capacity 937K, committed 1024K, reserved 1048576K
}
Event: 871.932 GC heap before
{Heap before GC invocations=58 (full 0):
 garbage-first heap   total 262144K, used 177422K [0x0000000701400000, 0x0000000800000000)
  region size 1024K, 153 young (156672K), 1 survivors (1024K)
 Metaspace       used 8990K, capacity 9236K, committed 9472K, reserved 1058816K
  class space    used 833K, capacity 937K, committed 1024K, reserved 1048576K
}
Event: 871.933 GC heap after
{Heap after GC invocations=59 (full 0):
 garbage-first heap   total 262144K, used 21774K [0x0000000701400000, 0x0000000800000000)
  region size 1024K, 1 young (1024K), 1 survivors (1024K)
 Metaspace       used 8990K, capacity 9236K, committed 9472K, reserved 1058816K
  class space    used 833K, capacity 937K, committed 1024K, reserved 1048576K
}
Event: 886.215 GC heap before
{Heap before GC invocations=59 (full 0):
 garbage-first heap   total 262144K, used 177422K [0x0000000701400000, 0x0000000800000000)
  region size 1024K, 153 young (156672K), 1 survivors (1024K)
 Metaspace       used 8990K, capacity 9236K, committed 9472K, reserved 1058816K
  class space    used 833K, capacity 937K, committed 1024K, reserved 1048576K
}
Event: 886.216 GC heap after
{Heap after GC invocations=60 (full 0):
 garbage-first heap   total 262144K, used 21772K [0x0000000701400000, 0x0000000800000000)
  region size 1024K, 1 young (1024K), 1 survivors (1024K)
 Metaspace       used 8990K, capacity 9236K, committed 9472K, reserved 1058816K
  class space    used 833K, capacity 937K, committed 1024K, reserved 1048576K
}
Event: 900.704 GC heap before
{Heap before GC invocations=60 (full 0):
 garbage-first heap   total 262144K, used 177420K [0x0000000701400000, 0x0000000800000000)
  region size 1024K, 154 young (157696K), 1 survivors (1024K)
 Metaspace       used 8990K, capacity 9236K, committed 9472K, reserved 1058816K
  class space    used 833K, capacity 937K, committed 1024K, reserved 1048576K
}
Event: 900.704 GC heap after
{Heap after GC invocations=61 (full 0):
 garbage-first heap   total 262144K, used 21776K [0x0000000701400000, 0x0000000800000000)
  region size 1024K, 1 young (1024K), 1 survivors (1024K)
 Metaspace       used 8990K, capacity 9236K, committed 9472K, reserved 1058816K
  class space    used 833K, capacity 937K, committed 1024K, reserved 1048576K
}
Event: 914.945 GC heap before
{Heap before GC invocations=61 (full 0):
 garbage-first heap   total 262144K, used 177424K [0x0000000701400000, 0x0000000800000000)
  region size 1024K, 153 young (156672K), 1 survivors (1024K)
 Metaspace       used 8990K, capacity 9236K, committed 9472K, reserved 1058816K
  class space    used 833K, capacity 937K, committed 1024K, reserved 1048576K
}
Event: 914.946 GC heap after
{Heap after GC invocations=62 (full 0):
 garbage-first heap   total 262144K, used 21774K [0x0000000701400000, 0x0000000800000000)
  region size 1024K, 1 young (1024K), 1 survivors (1024K)
 Metaspace       used 8990K, capacity 9236K, committed 9472K, reserved 1058816K
  class space    used 833K, capacity 937K, committed 1024K, reserved 1048576K
}
Event: 928.906 GC heap before
{Heap before GC invocations=62 (full 0):
 garbage-first heap   total 262144K, used 177422K [0x0000000701400000, 0x0000000800000000)
  region size 1024K, 154 young (157696K), 1 survivors (1024K)
 Metaspace       used 8990K, capacity 9236K, committed 9472K, reserved 1058816K
  class space    used 833K, capacity 937K, committed 1024K, reserved 1048576K
}
Event: 928.906 GC heap after
{Heap after GC invocations=63 (full 0):
 garbage-first heap   total 262144K, used 21780K [0x0000000701400000, 0x0000000800000000)
  region size 1024K, 1 young (1024K), 1 survivors (1024K)
 Metaspace       used 8990K, capacity 9236K, committed 9472K, reserved 1058816K
  class space    used 833K, capacity 937K, committed 1024K, reserved 1048576K
}

Deoptimization events (20 events):
Event: 928.919 Thread 0x000001f6452d2000 DEOPT PACKING pc=0x000001f655421838 sp=0x0000005d801ff200
Event: 928.919 Thread 0x000001f6452d2000 DEOPT UNPACKING pc=0x000001f64d81964e sp=0x0000005d801fe6c0 mode 1
Event: 928.919 Thread 0x000001f6452d2000 DEOPT PACKING pc=0x000001f655421838 sp=0x0000005d801ff200
Event: 928.919 Thread 0x000001f6452d2000 DEOPT UNPACKING pc=0x000001f64d81964e sp=0x0000005d801fe6c0 mode 1
Event: 928.931 Thread 0x000001f6452d2000 DEOPT PACKING pc=0x000001f655421838 sp=0x0000005d801ff260
Event: 928.931 Thread 0x000001f6452d2000 DEOPT UNPACKING pc=0x000001f64d81964e sp=0x0000005d801fe720 mode 1
Event: 928.931 Thread 0x000001f6452d2000 DEOPT PACKING pc=0x000001f655421838 sp=0x0000005d801ff260
Event: 928.931 Thread 0x000001f6452d2000 DEOPT UNPACKING pc=0x000001f64d81964e sp=0x0000005d801fe720 mode 1
Event: 928.933 Thread 0x000001f6452d2000 DEOPT PACKING pc=0x000001f655421838 sp=0x0000005d801ff200
Event: 928.933 Thread 0x000001f6452d2000 DEOPT UNPACKING pc=0x000001f64d81964e sp=0x0000005d801fe6c0 mode 1
Event: 928.934 Thread 0x000001f6452d2000 DEOPT PACKING pc=0x000001f655421838 sp=0x0000005d801ff200
Event: 928.934 Thread 0x000001f6452d2000 DEOPT UNPACKING pc=0x000001f64d81964e sp=0x0000005d801fe6c0 mode 1
Event: 928.949 Thread 0x000001f6452d2000 DEOPT PACKING pc=0x000001f655421838 sp=0x0000005d801ff260
Event: 928.949 Thread 0x000001f6452d2000 DEOPT UNPACKING pc=0x000001f64d81964e sp=0x0000005d801fe720 mode 1
Event: 928.949 Thread 0x000001f6452d2000 DEOPT PACKING pc=0x000001f655421838 sp=0x0000005d801ff260
Event: 928.949 Thread 0x000001f6452d2000 DEOPT UNPACKING pc=0x000001f64d81964e sp=0x0000005d801fe720 mode 1
Event: 929.155 Thread 0x000001f669825000 Uncommon trap: trap_request=0xffffff45 fr.pc=0x000001f655609e2c relative=0x00000000000010cc
Event: 929.155 Thread 0x000001f669825000 Uncommon trap: reason=unstable_if action=reinterpret pc=0x000001f655609e2c method=sun.java2d.d3d.D3DScreenUpdateManager.run()V @ 130 c2
Event: 929.155 Thread 0x000001f669825000 DEOPT PACKING pc=0x000001f655609e2c sp=0x0000005d81c1f280
Event: 929.155 Thread 0x000001f669825000 DEOPT UNPACKING pc=0x000001f64d81912f sp=0x0000005d81c1f2a8 mode 2

Classes unloaded (0 events):
No events

Classes redefined (19 events):
Event: 31.426 Thread 0x000001f668dd4000 redefined class name=warcraftTD.LevelGenerator, count=1
Event: 72.700 Thread 0x000001f668dd4000 redefined class name=warcraftTD.LevelGenerator, count=2
Event: 137.286 Thread 0x000001f668dd4000 redefined class name=warcraftTD.Levels.LevelProcedural, count=1
Event: 164.706 Thread 0x000001f668dd4000 redefined class name=warcraftTD.Levels.LevelProcedural, count=2
Event: 191.659 Thread 0x000001f668dd4000 redefined class name=warcraftTD.Levels.LevelProcedural, count=3
Event: 353.806 Thread 0x000001f668dd4000 redefined class name=warcraftTD.Levels.LevelProcedural, count=4
Event: 373.811 Thread 0x000001f668dd4000 redefined class name=warcraftTD.Levels.LevelProcedural, count=5
Event: 390.029 Thread 0x000001f668dd4000 redefined class name=warcraftTD.Levels.LevelProcedural, count=6
Event: 427.422 Thread 0x000001f668dd4000 redefined class name=warcraftTD.Levels.LevelProcedural, count=7
Event: 516.720 Thread 0x000001f668dd4000 redefined class name=warcraftTD.Levels.LevelProcedural, count=8
Event: 539.606 Thread 0x000001f668dd4000 redefined class name=warcraftTD.Levels.LevelProcedural, count=9
Event: 567.999 Thread 0x000001f668dd4000 redefined class name=warcraftTD.Levels.LevelProcedural, count=10
Event: 580.394 Thread 0x000001f668dd4000 redefined class name=warcraftTD.Levels.LevelProcedural, count=11
Event: 592.876 Thread 0x000001f668dd4000 redefined class name=warcraftTD.Levels.LevelProcedural, count=12
Event: 614.796 Thread 0x000001f668dd4000 redefined class name=warcraftTD.Levels.LevelProcedural, count=13
Event: 715.840 Thread 0x000001f668dd4000 redefined class name=warcraftTD.Levels.LevelProcedural, count=14
Event: 773.783 Thread 0x000001f668dd4000 redefined class name=warcraftTD.Levels.LevelProcedural, count=15
Event: 789.935 Thread 0x000001f668dd4000 redefined class name=warcraftTD.Levels.LevelProcedural, count=16
Event: 823.517 Thread 0x000001f668dd4000 redefined class name=warcraftTD.Levels.LevelProcedural, count=17

Internal exceptions (20 events):
Event: 0.158 Thread 0x000001f669821800 Exception <a 'java/lang/NoSuchMethodError'{0x00000007111fb7b0}: 'void java.lang.invoke.DirectMethodHandle$Holder.invokeSpecial(java.lang.Object, java.lang.Object)'> (0x00000007111fb7b0) 
thrown [t:/workspace/open/src/hotspot/share/interpreter/linkResolver.cpp, line 767]
Event: 0.284 Thread 0x000001f6452d2000 Exception <a 'java/lang/NoSuchMethodError'{0x0000000711091fd8}: 'java.lang.Object java.lang.invoke.DirectMethodHandle$Holder.invokeStatic(java.lang.Object, int, java.lang.Object, java.lang.Object, java.lang.Object, java.lang.Object)'> (0x0000000711091fd8) 
thrown [t:/workspace/open/src/hotspot/share/interpreter/linkResolver.cpp, line 767]
Event: 0.284 Thread 0x000001f6452d2000 Exception <a 'java/lang/NoSuchMethodError'{0x0000000711098938}: 'java.lang.Object java.lang.invoke.DirectMethodHandle$Holder.invokeStatic(java.lang.Object, int, java.lang.Object, java.lang.Object, java.lang.Object)'> (0x0000000711098938) 
thrown [t:/workspace/open/src/hotspot/share/interpreter/linkResolver.cpp, line 767]
Event: 0.284 Thread 0x000001f6452d2000 Exception <a 'java/lang/NoSuchMethodError'{0x000000071109c1a0}: 'java.lang.Object java.lang.invoke.DirectMethodHandle$Holder.invokeSpecial(java.lang.Object, java.lang.Object, int, java.lang.Object, java.lang.Object, java.lang.Object)'> (0x000000071109c1a0) 
thrown [t:/workspace/open/src/hotspot/share/interpreter/linkResolver.cpp, line 767]
Event: 0.286 Thread 0x000001f6452d2000 Exception <a 'java/lang/NoSuchMethodError'{0x00000007110b24c8}: 'java.lang.Object java.lang.invoke.DirectMethodHandle$Holder.invokeStatic(java.lang.Object, int, java.lang.Object)'> (0x00000007110b24c8) 
thrown [t:/workspace/open/src/hotspot/share/interpreter/linkResolver.cpp, line 767]
Event: 0.299 Thread 0x000001f6452d2000 Exception <a 'java/lang/ClassNotFoundException'{0x0000000710f55df8}: com/sun/swing/internal/plaf/metal/resources/spi/metalProvider> (0x0000000710f55df8) 
thrown [t:/workspace/open/src/hotspot/share/classfile/systemDictionary.cpp, line 232]
Event: 0.300 Thread 0x000001f6452d2000 Exception <a 'java/lang/ClassNotFoundException'{0x0000000710f59ec0}: com/sun/swing/internal/plaf/basic/resources/spi/basicProvider> (0x0000000710f59ec0) 
thrown [t:/workspace/open/src/hotspot/share/classfile/systemDictionary.cpp, line 232]
Event: 0.325 Thread 0x000001f6452d2000 Exception <a 'java/lang/NoSuchMethodError'{0x0000000710f99ac0}: 'void java.lang.invoke.DirectMethodHandle$Holder.invokeStaticInit(java.lang.Object)'> (0x0000000710f99ac0) 
thrown [t:/workspace/open/src/hotspot/share/interpreter/linkResolver.cpp, line 767]
Event: 0.343 Thread 0x000001f6452d2000 Exception <a 'java/lang/NoSuchMethodError'{0x0000000710ff1318}: 'java.lang.Object java.lang.invoke.Invokers$Holder.linkToTargetMethod(java.lang.Object, int, java.lang.Object)'> (0x0000000710ff1318) 
thrown [t:/workspace/open/src/hotspot/share/interpreter/linkResolver.cpp, line 767]
Event: 0.431 Thread 0x000001f669821000 Exception <a 'java/io/FileNotFoundException'{0x0000000710d001c0}> (0x0000000710d001c0) 
thrown [t:/workspace/open/src/hotspot/share/prims/jni.cpp, line 598]
Event: 0.577 Thread 0x000001f669821000 Exception <a 'java/io/FileNotFoundException'{0x00000007109cadb8}> (0x00000007109cadb8) 
thrown [t:/workspace/open/src/hotspot/share/prims/jni.cpp, line 598]
Event: 0.582 Thread 0x000001f669821000 Exception <a 'java/io/FileNotFoundException'{0x00000007109d51a0}> (0x00000007109d51a0) 
thrown [t:/workspace/open/src/hotspot/share/prims/jni.cpp, line 598]
Event: 0.657 Thread 0x000001f669821000 Exception <a 'java/io/FileNotFoundException'{0x00000007109ded28}> (0x00000007109ded28) 
thrown [t:/workspace/open/src/hotspot/share/prims/jni.cpp, line 598]
Event: 0.807 Thread 0x000001f669821000 Exception <a 'java/io/FileNotFoundException'{0x00000007109eac40}> (0x00000007109eac40) 
thrown [t:/workspace/open/src/hotspot/share/prims/jni.cpp, line 598]
Event: 9.299 Thread 0x000001f669821000 Exception <a 'java/io/FileNotFoundException'{0x00000007100001b0}> (0x00000007100001b0) 
thrown [t:/workspace/open/src/hotspot/share/prims/jni.cpp, line 598]
Event: 9.330 Thread 0x000001f669821000 Exception <a 'java/io/FileNotFoundException'{0x000000070fed77b0}> (0x000000070fed77b0) 
thrown [t:/workspace/open/src/hotspot/share/prims/jni.cpp, line 598]
Event: 9.352 Thread 0x000001f669821000 Exception <a 'java/io/FileNotFoundException'{0x000000070fd94f10}> (0x000000070fd94f10) 
thrown [t:/workspace/open/src/hotspot/share/prims/jni.cpp, line 598]
Event: 9.355 Thread 0x000001f669821000 Exception <a 'java/io/FileNotFoundException'{0x000000070fdadf98}> (0x000000070fdadf98) 
thrown [t:/workspace/open/src/hotspot/share/prims/jni.cpp, line 598]
Event: 10.261 Thread 0x000001f669821000 Exception <a 'java/io/FileNotFoundException'{0x000000070fdc7068}> (0x000000070fdc7068) 
thrown [t:/workspace/open/src/hotspot/share/prims/jni.cpp, line 598]
Event: 934.489 Thread 0x000001f6697f7800 Exception <a 'java/lang/LinkageError'{0x00000007113c29e8}> (0x00000007113c29e8) 
thrown [t:/workspace/open/src/hotspot/share/oops/generateOopMap.cpp, line 2140]

Events (20 events):
Event: 934.488 Executing VM operation: GetFrameCount
Event: 934.488 Executing VM operation: GetFrameCount done
Event: 934.488 Executing VM operation: SetFramePop
Event: 934.488 Executing nested VM operation: EnterInterpOnlyMode
Event: 934.488 Executing nested VM operation: Deoptimize
Event: 934.489 Executing nested VM operation: Deoptimize done
Event: 934.489 Executing nested VM operation: EnterInterpOnlyMode done
Event: 934.489 Executing VM operation: SetFramePop done
Event: 934.489 Executing VM operation: GetFrameLocation
Event: 934.489 Executing VM operation: GetFrameLocation done
Event: 934.489 Executing VM operation: GetCurrentLocation
Event: 934.489 Executing VM operation: GetCurrentLocation done
Event: 934.489 Executing VM operation: ChangeSingleStep
Event: 934.489 Executing VM operation: ChangeSingleStep done
Event: 934.489 Executing VM operation: GetFrameCount
Event: 934.489 Executing VM operation: GetFrameCount done
Event: 934.489 Executing VM operation: GetStackTrace
Event: 934.489 Executing VM operation: GetStackTrace done
Event: 934.489 Executing VM operation: GetFrameLocation
Event: 934.489 Executing VM operation: GetFrameLocation done


Dynamic libraries:
0x00007ff659b80000 - 0x00007ff659b8f000 	C:\Program Files\Java\jdk-13\bin\java.exe
0x00007ffed4ce0000 - 0x00007ffed4ed0000 	C:\Windows\SYSTEM32\ntdll.dll
0x00007ffed3210000 - 0x00007ffed32c2000 	C:\Windows\System32\KERNEL32.DLL
0x00007ffed2000000 - 0x00007ffed22a5000 	C:\Windows\System32\KERNELBASE.dll
0x00007ffed2a60000 - 0x00007ffed2b5a000 	C:\Windows\System32\ucrtbase.dll
0x00007ffec3af0000 - 0x00007ffec3b05000 	C:\Program Files\Java\jdk-13\bin\VCRUNTIME140.dll
0x00007ffec3f20000 - 0x00007ffec3f38000 	C:\Program Files\Java\jdk-13\bin\jli.dll
0x00007ffed2da0000 - 0x00007ffed2e43000 	C:\Windows\System32\ADVAPI32.dll
0x00007ffed2e50000 - 0x00007ffed2eee000 	C:\Windows\System32\msvcrt.dll
0x00007ffed38e0000 - 0x00007ffed3977000 	C:\Windows\System32\sechost.dll
0x00007ffed3350000 - 0x00007ffed346f000 	C:\Windows\System32\RPCRT4.dll
0x00007ffed2fa0000 - 0x00007ffed3134000 	C:\Windows\System32\USER32.dll
0x00007ffeada70000 - 0x00007ffeadcf4000 	C:\Windows\WinSxS\amd64_microsoft.windows.common-controls_6595b64144ccf1df_6.0.18362.1316_none_9e7a364fe461dbd7\COMCTL32.dll
0x00007ffed2b60000 - 0x00007ffed2b81000 	C:\Windows\System32\win32u.dll
0x00007ffed44d0000 - 0x00007ffed4807000 	C:\Windows\System32\combase.dll
0x00007ffed1dd0000 - 0x00007ffed1e51000 	C:\Windows\System32\bcryptPrimitives.dll
0x00007ffed4950000 - 0x00007ffed4976000 	C:\Windows\System32\GDI32.dll
0x00007ffed2b90000 - 0x00007ffed2d28000 	C:\Windows\System32\gdi32full.dll
0x00007ffed1d10000 - 0x00007ffed1dae000 	C:\Windows\System32\msvcp_win.dll
0x00007ffeccc20000 - 0x00007ffeccc2a000 	C:\Windows\SYSTEM32\VERSION.dll
0x00007ffed4ba0000 - 0x00007ffed4bce000 	C:\Windows\System32\IMM32.DLL
0x00007ffe9b010000 - 0x00007ffe9b0ab000 	C:\Program Files\Java\jdk-13\bin\msvcp140.dll
0x00007ffe83220000 - 0x00007ffe83d86000 	C:\Program Files\Java\jdk-13\bin\server\jvm.dll
0x00007ffed2d90000 - 0x00007ffed2d98000 	C:\Windows\System32\PSAPI.DLL
0x00007ffec9d80000 - 0x00007ffec9da4000 	C:\Windows\SYSTEM32\WINMM.dll
0x00007ffebfe80000 - 0x00007ffebfe89000 	C:\Windows\SYSTEM32\WSOCK32.dll
0x000001f643200000 - 0x000001f64326f000 	C:\Windows\System32\ws2_32.DLL
0x00007ffec9d50000 - 0x00007ffec9d7d000 	C:\Windows\SYSTEM32\WINMMBASE.dll
0x00007ffed1fb0000 - 0x00007ffed1ffa000 	C:\Windows\System32\cfgmgr32.dll
0x00007ffed1ba0000 - 0x00007ffed1bb1000 	C:\Windows\System32\kernel.appcore.dll
0x00007ffec74c0000 - 0x00007ffec74d0000 	C:\Program Files\Java\jdk-13\bin\verify.dll
0x00007ffecc640000 - 0x00007ffecc834000 	C:\Windows\SYSTEM32\DBGHELP.DLL
0x00007ffecc490000 - 0x00007ffecc4ba000 	C:\Windows\SYSTEM32\dbgcore.DLL
0x00007ffea9340000 - 0x00007ffea9366000 	C:\Program Files\Java\jdk-13\bin\java.dll
0x00007ffebd1a0000 - 0x00007ffebd1d8000 	C:\Program Files\Java\jdk-13\bin\jdwp.dll
0x00007ffec2cf0000 - 0x00007ffec2d07000 	C:\Program Files\Java\jdk-13\bin\zip.dll
0x00007ffec4540000 - 0x00007ffec454a000 	C:\Program Files\Java\jdk-13\bin\jimage.dll
0x00007ffed3de0000 - 0x00007ffed44c8000 	C:\Windows\System32\SHELL32.dll
0x00007ffed4bf0000 - 0x00007ffed4c97000 	C:\Windows\System32\shcore.dll
0x00007ffed22b0000 - 0x00007ffed2a2b000 	C:\Windows\System32\windows.storage.dll
0x00007ffed1bc0000 - 0x00007ffed1be3000 	C:\Windows\System32\profapi.dll
0x00007ffed1c10000 - 0x00007ffed1c5a000 	C:\Windows\System32\powrprof.dll
0x00007ffed1b90000 - 0x00007ffed1ba0000 	C:\Windows\System32\UMPDC.dll
0x00007ffed3140000 - 0x00007ffed3192000 	C:\Windows\System32\shlwapi.dll
0x00007ffed1db0000 - 0x00007ffed1dc7000 	C:\Windows\System32\cryptsp.dll
0x00007ffecb980000 - 0x00007ffecb98b000 	C:\Program Files\Java\jdk-13\bin\dt_socket.dll
0x00007ffed13d0000 - 0x00007ffed1437000 	C:\Windows\system32\mswsock.dll
0x00007ffed1120000 - 0x00007ffed11eb000 	C:\Windows\SYSTEM32\DNSAPI.dll
0x00007ffed3200000 - 0x00007ffed3208000 	C:\Windows\System32\NSI.dll
0x00007ffed10e0000 - 0x00007ffed111a000 	C:\Windows\SYSTEM32\IPHLPAPI.DLL
0x0000000069690000 - 0x00000000696b6000 	C:\Program Files\Bonjour\mdnsNSP.dll
0x00007ffec2480000 - 0x00007ffec248a000 	C:\Windows\System32\rasadhlp.dll
0x00007ffeccd60000 - 0x00007ffeccdd7000 	C:\Windows\System32\fwpuclnt.dll
0x00007ffed2a30000 - 0x00007ffed2a56000 	C:\Windows\System32\bcrypt.dll
0x00007ffe98340000 - 0x00007ffe984d9000 	C:\Program Files\Java\jdk-13\bin\awt.dll
0x00007ffed3d10000 - 0x00007ffed3dd5000 	C:\Windows\System32\OLEAUT32.dll
0x00007ffece7f0000 - 0x00007ffecedb0000 	C:\Windows\SYSTEM32\d2d1.dll
0x00007ffecfce0000 - 0x00007ffecfd6f000 	C:\Windows\SYSTEM32\apphelp.dll
0x00007ffed02e0000 - 0x00007ffed030d000 	C:\Windows\system32\DWMAPI.DLL
0x00007ffecfe20000 - 0x00007ffecfeb9000 	C:\Windows\system32\uxtheme.dll
0x00007ffe907b0000 - 0x00007ffe90906000 	C:\Windows\system32\opengl32.dll
0x00007ffec7390000 - 0x00007ffec73bc000 	C:\Windows\SYSTEM32\GLU32.dll
0x00007ffed07b0000 - 0x00007ffed07d0000 	C:\Windows\SYSTEM32\dxcore.dll
0x00007ffed4810000 - 0x00007ffed4945000 	C:\Windows\System32\MSCTF.dll
0x00007ffed3ba0000 - 0x00007ffed3cf7000 	C:\Windows\System32\ole32.dll
0x00007ffec7e60000 - 0x00007ffec8027000 	C:\Windows\system32\d3d9.dll
0x00007ffec8110000 - 0x00007ffec8215000 	C:\WINDOWS\System32\DriverStore\FileRepository\nv_dispi.inf_amd64_8e68f77150e57b50\nvldumdx.dll
0x00007ffed1bf0000 - 0x00007ffed1c02000 	C:\Windows\System32\msasn1.dll
0x00007ffeccb70000 - 0x00007ffeccb9f000 	C:\Windows\SYSTEM32\cryptnet.dll
0x00007ffed1e60000 - 0x00007ffed1faa000 	C:\Windows\System32\CRYPT32.dll
0x00007ffed15a0000 - 0x00007ffed15ac000 	C:\Windows\SYSTEM32\cryptbase.dll
0x00007ffed2d30000 - 0x00007ffed2d8c000 	C:\Windows\System32\WINTRUST.DLL
0x00007ffed4bd0000 - 0x00007ffed4bed000 	C:\Windows\System32\imagehlp.dll
0x00007ffed0f50000 - 0x00007ffed0f83000 	C:\Windows\system32\rsaenh.dll
0x00007ffe961a0000 - 0x00007ffe97de7000 	C:\WINDOWS\System32\DriverStore\FileRepository\nv_dispi.inf_amd64_8e68f77150e57b50\nvd3dumx.dll
0x00007ffed0760000 - 0x00007ffed0782000 	C:\Windows\SYSTEM32\gpapi.dll
0x00007ffeaf540000 - 0x00007ffeaf5c2000 	C:\Program Files\Java\jdk-13\bin\freetype.dll
0x00007ffeaf3d0000 - 0x00007ffeaf476000 	C:\Program Files\Java\jdk-13\bin\fontmanager.dll
0x00007ffec25b0000 - 0x00007ffec264d000 	C:\Windows\System32\TextInputFramework.dll
0x00007ffec9710000 - 0x00007ffec9a3a000 	C:\Windows\System32\CoreUIComponents.dll
0x00007ffecfad0000 - 0x00007ffecfba4000 	C:\Windows\System32\CoreMessaging.dll
0x00007ffed0bb0000 - 0x00007ffed0be1000 	C:\Windows\SYSTEM32\ntmarta.dll
0x00007ffecc4e0000 - 0x00007ffecc632000 	C:\Windows\SYSTEM32\wintypes.dll
0x00007ffecbf00000 - 0x00007ffecbf65000 	C:\Windows\system32\Oleacc.dll
0x00007ffebc980000 - 0x00007ffebc999000 	C:\Program Files\Java\jdk-13\bin\net.dll
0x00007ffecda40000 - 0x00007ffecdb30000 	C:\Windows\SYSTEM32\WINHTTP.dll
0x00007ffebb540000 - 0x00007ffebb716000 	C:\Windows\SYSTEM32\urlmon.dll
0x00007ffecd5f0000 - 0x00007ffecd897000 	C:\Windows\SYSTEM32\iertutil.dll
0x00007ffeb7550000 - 0x00007ffeb7563000 	C:\Program Files\Java\jdk-13\bin\nio.dll

dbghelp: loaded successfully - version: 4.0.5 - missing functions: none
symbol engine: initialized successfully - sym options: 0x614 - pdb path: .;C:\Program Files\Java\jdk-13\bin;C:\Windows\SYSTEM32;C:\Windows\WinSxS\amd64_microsoft.windows.common-controls_6595b64144ccf1df_6.0.18362.1316_none_9e7a364fe461dbd7;C:\Program Files\Java\jdk-13\bin\server;C:\Program Files\Bonjour;C:\WINDOWS\System32\DriverStore\FileRepository\nv_dispi.inf_amd64_8e68f77150e57b50

VM Arguments:
jvm_args: -agentlib:jdwp=transport=dt_socket,server=n,suspend=y,address=localhost:57172 -Dfile.encoding=UTF-8 
java_command: warcraftTD.Main
java_class_path (initial): C:\Users\Cody\Desktop\Documents\_DEV\warcraftTD\bin
Launcher Type: SUN_STANDARD

[Global flags]
     intx CICompilerCount                          = 4                                         {product} {ergonomic}
     uint ConcGCThreads                            = 2                                         {product} {ergonomic}
     uint G1ConcRefinementThreads                  = 8                                         {product} {ergonomic}
   size_t G1HeapRegionSize                         = 1048576                                   {product} {ergonomic}
    uintx GCDrainStackTargetSize                   = 64                                        {product} {ergonomic}
   size_t InitialHeapSize                          = 268435456                                 {product} {ergonomic}
   size_t MarkStackSize                            = 4194304                                   {product} {ergonomic}
   size_t MaxHeapSize                              = 4273995776                                {product} {ergonomic}
   size_t MaxNewSize                               = 2563768320                                {product} {ergonomic}
   size_t MinHeapDeltaBytes                        = 1048576                                   {product} {ergonomic}
   size_t MinHeapSize                              = 8388608                                   {product} {ergonomic}
    uintx NonNMethodCodeHeapSize                   = 5836300                                {pd product} {ergonomic}
    uintx NonProfiledCodeHeapSize                  = 122910970                              {pd product} {ergonomic}
    uintx ProfiledCodeHeapSize                     = 122910970                              {pd product} {ergonomic}
    uintx ReservedCodeCacheSize                    = 251658240                              {pd product} {ergonomic}
     bool SegmentedCodeCache                       = true                                      {product} {ergonomic}
   size_t SoftMaxHeapSize                          = 4273995776                             {manageable} {ergonomic}
     bool UseCompressedClassPointers               = true                                 {lp64_product} {ergonomic}
     bool UseCompressedOops                        = true                                 {lp64_product} {ergonomic}
     bool UseG1GC                                  = true                                      {product} {ergonomic}
     bool UseLargePagesIndividualAllocation        = false                                  {pd product} {ergonomic}

Logging:
Log output configuration:
 #0: stdout all=warning uptime,level,tags
 #1: stderr all=off uptime,level,tags

Environment Variables:
JAVA_HOME=C:\Progra~1\Java\jdk-13
PATH=C:\Python\Python37\Scripts\;C:\Python\Python37\;C:\Program Files (x86)\Common Files\Oracle\Java\javapath;C:\Program Files (x86)\Common Files\Intel\Shared Libraries\redist\intel64\compiler;C:\ProgramData\Oracle\Java\javapath;C:\Program Files (x86)\Intel\iCLS Client\;C:\Program Files\Intel\iCLS Client\;C:\WINDOWS\system32;C:\WINDOWS;C:\WINDOWS\System32\Wbem;C:\WINDOWS\System32\WindowsPowerShell\v1.0\;C:\Program Files (x86)\Intel\Intel(R) Management Engine Components\DAL;C:\Program Files\Intel\Intel(R) Management Engine Components\DAL;C:\Program Files (x86)\Intel\Intel(R) Management Engine Components\IPT;C:\Program Files\Intel\Intel(R) Management Engine Components\IPT;C:\Program Files\dotnet\;C:\WINDOWS\System32\OpenSSH\;C:\Program Files (x86)\NVIDIA Corporation\PhysX\Common;C:\Users\Cody\AppData\Local\Programs\Python\Python37-32;C:\ProgramData\chocolatey\bin;C:\Program Files\nodejs\;C:\WINDOWS\system32;C:\WINDOWS;C:\WINDOWS\System32\Wbem;C:\WINDOWS\System32\WindowsPowerShell\v1.0\;C:\WINDOWS\System32\OpenSSH\;C:\Program Files (x86)\ZeroTier\One\;C:\MinGW\bin\;C:\Program Files\Git\cmd;C:\Program Files\Tesseract-OCR;C:\Games&Tools\FFmpeg\bin;C:\Users\Cody\AppData\Local\Microsoft\WindowsApps;C:\Users\Cody\AppData\Roaming\npm;C:\Users\Cody\AppData\Local\GitHubDesktop\bin;C:\Users\Cody\AppData\Local\Microsoft\WindowsApps;
USERNAME=Cody
OS=Windows_NT
PROCESSOR_IDENTIFIER=Intel64 Family 6 Model 94 Stepping 3, GenuineIntel



---------------  S Y S T E M  ---------------

OS: Windows 10 , 64 bit Build 18362 (10.0.18362.1316)

CPU:total 8 (initial active 8) (4 cores per cpu, 2 threads per core) family 6 model 94 stepping 3, cmov, cx8, fxsr, mmx, sse, sse2, sse3, ssse3, sse4.1, sse4.2, popcnt, avx, avx2, aes, clmul, erms, rtm, 3dnowpref, lzcnt, ht, tsc, tscinvbit, bmi1, bmi2, adx, fma

Memory: 4k page, system-wide physical 16300M (7943M free)
TotalPageFile size 21687M (AvailPageFile size 3526M)
current process WorkingSet (physical memory assigned to process): 282M, peak: 292M
current process commit charge ("private bytes"): 428M, peak: 514M

vm_info: Java HotSpot(TM) 64-Bit Server VM (13+33) for windows-amd64 JRE (13+33), built on Sep 18 2019 21:38:00 by "mach5one" with unknown MS VC++:1916

END.
