#
# A fatal error has been detected by the Java Runtime Environment:
#
#  EXCEPTION_ACCESS_VIOLATION (0xc0000005) at pc=0x00007ffefbdf6705, pid=101400, tid=97044
#
# JRE version: Java(TM) SE Runtime Environment (13.0+33) (build 13+33)
# Java VM: Java HotSpot(TM) 64-Bit Server VM (13+33, mixed mode, sharing, tiered, compressed oops, g1 gc, windows-amd64)
# Problematic frame:
# C  [freetype.dll+0x46705]
#
# No core dump will be written. Minidumps are not enabled by default on client versions of Windows
#
# If you would like to submit a bug report, please visit:
#   http://bugreport.java.com/bugreport/crash.jsp
# The crash happened outside the Java Virtual Machine in native code.
# See problematic frame for where to report the bug.
#

---------------  S U M M A R Y ------------

Command Line: -Dfile.encoding=UTF-8 warcraftTD.Main

Host: Intel(R) Core(TM) i7-6700K CPU @ 4.00GHz, 8 cores, 15G,  Windows 10 , 64 bit Build 18362 (10.0.18362.1316)
Time: Thu Jan 21 16:54:17 2021 Paris, Madrid elapsed time: 276 seconds (0d 0h 4m 36s)

---------------  T H R E A D  ---------------

Current thread (0x000001ec60f20800):  JavaThread "main" [_thread_in_native, id=97044, stack(0x000000cd61e00000,0x000000cd61f00000)]

Stack: [0x000000cd61e00000,0x000000cd61f00000],  sp=0x000000cd61efeca0,  free space=1019k
Native frames: (J=compiled Java code, j=interpreted, Vv=VM code, C=native code)
C  [freetype.dll+0x46705]

Java frames: (J=compiled Java code, j=interpreted, Vv=VM code)
J 2578  sun.font.FreetypeFontScaler.getGlyphImageNative(Lsun/font/Font2D;JJI)J java.desktop@13 (0 bytes) @ 0x000001ec7115e329 [0x000001ec7115e2c0+0x0000000000000069]
J 2903 c2 sun.font.FileFontStrike.getGlyphAdvance(IZ)F java.desktop@13 (400 bytes) @ 0x000001ec70fad4e4 [0x000001ec70fad180+0x0000000000000364]
J 2902 c2 sun.font.FontDesignMetrics.handleCharWidth(I)F java.desktop@13 (9 bytes) @ 0x000001ec70fc1cd4 [0x000001ec70fc1ae0+0x00000000000001f4]
J 2341 c2 warcraftTD.StdDraw.text(DDLjava/lang/String;)V (88 bytes) @ 0x000001ec7109dd98 [0x000001ec7109d9e0+0x00000000000003b8]
J 3052 c2 warcraftTD.World.drawTowerPrices(Ljava/awt/Color;Ljava/awt/Color;Ljava/awt/Color;D)V (328 bytes) @ 0x000001ec712225a0 [0x000001ec71221760+0x0000000000000e40]
J 3034 c2 warcraftTD.World.drawHUD()V (199 bytes) @ 0x000001ec71200814 [0x000001ec712004a0+0x0000000000000374]
J 3238 c2 warcraftTD.World.draw()V (43 bytes) @ 0x000001ec7121df60 [0x000001ec7121dae0+0x0000000000000480]
J 3270% c1 warcraftTD.World.run()V (167 bytes) @ 0x000001ec69a2324c [0x000001ec69a22f40+0x000000000000030c]
j  warcraftTD.Menu.onMouseClick(DD)V+54
j  warcraftTD.Menu.loop()V+79
j  warcraftTD.Main.main([Ljava/lang/String;)V+23
v  ~StubRoutines::call_stub

siginfo: EXCEPTION_ACCESS_VIOLATION (0xc0000005), reading address 0x0000000000000050


Register to memory mapping:

RIP=0x00007ffefbdf6705 freetype.dll
RAX=0x000001ec0fc033a0 points into unknown readable memory: 01 00 00 00 00 00 00 00
RBX=0x000000cd61efeed0 is pointing into the stack for thread: 0x000001ec60f20800
RCX=0x000000cd61efeed0 is pointing into the stack for thread: 0x000001ec60f20800
RDX=0x0 is NULL
RSP=0x000000cd61efeca0 is pointing into the stack for thread: 0x000001ec60f20800
RBP=0x000000cd61efedf0 is pointing into the stack for thread: 0x000001ec60f20800
RSI=0x000001ec0fc033a0 points into unknown readable memory: 01 00 00 00 00 00 00 00
RDI=0x0 is NULL
R8 =0x00000000ffffff14 is an unknown value
R9 =0x000000cd61efeed0 is pointing into the stack for thread: 0x000001ec60f20800
R10=0x0 is NULL
R11=0x0000000000000015 is an unknown value
R12=0x0000000000000015 is an unknown value
R13=0x0000000000000790 is an unknown value
R14=0x000001ec0fc033a0 points into unknown readable memory: 01 00 00 00 00 00 00 00
R15=0x000001ec0fd3f770 points into unknown readable memory: d0 65 13 10 ec 01 00 00


Registers:
RAX=0x000001ec0fc033a0, RBX=0x000000cd61efeed0, RCX=0x000000cd61efeed0, RDX=0x0000000000000000
RSP=0x000000cd61efeca0, RBP=0x000000cd61efedf0, RSI=0x000001ec0fc033a0, RDI=0x0000000000000000
R8 =0x00000000ffffff14, R9 =0x000000cd61efeed0, R10=0x0000000000000000, R11=0x0000000000000015
R12=0x0000000000000015, R13=0x0000000000000790, R14=0x000001ec0fc033a0, R15=0x000001ec0fd3f770
RIP=0x00007ffefbdf6705, EFLAGS=0x0000000000010206

Top of Stack: (sp=0x000000cd61efeca0)
0x000000cd61efeca0:   0000000000000027 000000000000008c
0x000000cd61efecb0:   000001ec0fc033a0 00007ffefbdd42e0
0x000000cd61efecc0:   000001ec0fc68910 000000cd61efedf0
0x000000cd61efecd0:   00004a3829befe18 0000000000000918
0x000000cd61efece0:   000000cd61efeed0 00007ffefbdf5e56
0x000000cd61efecf0:   000000cd61efeed0 000000cd61efef00
0x000000cd61efed00:   000000cd61efedf0 000000cd61efefa8
0x000000cd61efed10:   000000cd61efed28 000001ec5edb17d0
0x000000cd61efed20:   0000010000000000 00007f00cf0f0027
0x000000cd61efed30:   000000e661ef04ba 00007ffe00000918
0x000000cd61efed40:   000147ae000147ae 000000cd00000000
0x000000cd61efed50:   000001ec00000000 00007ffefbdfdc73
0x000000cd61efed60:   00007ffecf611468 00007ffecf0ff63e
0x000000cd61efed70:   000000cd61efede8 00007ffecf14f5fe
0x000000cd61efed80:   0000000000000000 0000000000000000
0x000000cd61efed90:   000001ec0ff79a00 000001ec0fc68910 

Instructions: (pc=0x00007ffefbdf6705)
0x00007ffefbdf6605:   00 00 f6 43 20 01 75 6e 8b 74 24 50 8b d6 8b 4b
0x00007ffefbdf6615:   58 e8 f5 f6 fc ff 8b 4b 60 8b d6 89 43 58 e8 e8
0x00007ffefbdf6625:   f6 fc ff 8b 8b 10 01 00 00 8b d6 89 43 60 e8 d8
0x00007ffefbdf6635:   f6 fc ff 8b 54 24 54 8b 8b 14 01 00 00 89 83 10
0x00007ffefbdf6645:   01 00 00 e8 c3 f6 fc ff 8b 8b 18 01 00 00 8b d6
0x00007ffefbdf6655:   89 83 14 01 00 00 e8 b0 f6 fc ff 8b 54 24 54 8b
0x00007ffefbdf6665:   8b 1c 01 00 00 89 83 18 01 00 00 e8 9b f6 fc ff
0x00007ffefbdf6675:   89 83 1c 01 00 00 8b cf 89 4c 24 30 80 7c 24 34
0x00007ffefbdf6685:   00 74 1f 49 8b 86 d0 00 00 00 48 8d 55 88 48 8b
0x00007ffefbdf6695:   48 50 48 8b 01 48 8b 49 08 ff 50 08 8b 44 24 30
0x00007ffefbdf66a5:   eb 02 8b c1 4c 8b ac 24 50 01 00 00 48 8b b4 24
0x00007ffefbdf66b5:   a8 01 00 00 48 8b 4d 48 48 33 cc e8 9b ef 00 00
0x00007ffefbdf66c5:   48 81 c4 58 01 00 00 41 5f 41 5e 41 5c 5f 5b 5d
0x00007ffefbdf66d5:   c3 cc cc cc cc cc cc cc cc cc cc 40 53 48 83 ec
0x00007ffefbdf66e5:   40 48 8b 05 1b 29 03 00 48 33 c4 48 89 44 24 30
0x00007ffefbdf66f5:   48 8b 01 44 8b da 48 8b d9 48 8b 90 d0 00 00 00
0x00007ffefbdf6705:   48 8b 4a 50 48 85 c9 74 68 48 8b 01 4c 8b 50 10
0x00007ffefbdf6715:   4d 85 d2 74 5c 8b 43 48 4c 8d 4c 24 20 89 44 24
0x00007ffefbdf6725:   20 45 33 c0 8b 43 4c 41 8b d3 89 44 24 28 48 89
0x00007ffefbdf6735:   7c 24 60 33 ff 89 7c 24 24 89 7c 24 2c 48 8b 49
0x00007ffefbdf6745:   08 41 ff d2 85 c0 75 24 0f bf 44 24 20 89 43 48
0x00007ffefbdf6755:   0f b7 44 24 28 89 43 4c 48 89 bb 08 01 00 00 40
0x00007ffefbdf6765:   38 7b 54 75 07 c6 43 54 01 89 43 50 48 8b 7c 24
0x00007ffefbdf6775:   60 48 8b 4c 24 30 48 33 cc e8 dd ee 00 00 48 83
0x00007ffefbdf6785:   c4 40 5b c3 cc cc cc cc cc cc cc 48 89 5c 24 08
0x00007ffefbdf6795:   44 89 4c 24 20 4c 89 44 24 18 55 56 57 41 54 41
0x00007ffefbdf67a5:   55 41 56 41 57 48 83 ec 40 49 8b 78 08 45 8b f1
0x00007ffefbdf67b5:   41 c1 ee 07 4d 8b e8 48 8b ea 48 89 7c 24 28 41
0x00007ffefbdf67c5:   80 e6 01 33 d2 48 8b 9f 90 00 00 00 41 b8 40 01
0x00007ffefbdf67d5:   00 00 4c 8b a7 a0 00 00 00 45 8b f9 48 89 5c 24
0x00007ffefbdf67e5:   30 48 8b f1 4c 89 64 24 38 44 89 74 24 20 e8 ce
0x00007ffefbdf67f5:   fc 00 00 41 8b c7 83 e0 02 80 bc 24 a0 00 00 00 


Stack slot to memory mapping:
stack at sp + 0 slots: 0x0000000000000027 is an unknown value
stack at sp + 1 slots: 0x000000000000008c is an unknown value
stack at sp + 2 slots: 0x000001ec0fc033a0 points into unknown readable memory: 01 00 00 00 00 00 00 00
stack at sp + 3 slots: 0x00007ffefbdd42e0 freetype.dll
stack at sp + 4 slots: 0x000001ec0fc68910 points into unknown readable memory: 00 00 00 00 00 00 00 00
stack at sp + 5 slots: 0x000000cd61efedf0 is pointing into the stack for thread: 0x000001ec60f20800
stack at sp + 6 slots: 0x00004a3829befe18 is an unknown value
stack at sp + 7 slots: 0x0000000000000918 is an unknown value


---------------  P R O C E S S  ---------------

Threads class SMR info:
_java_thread_list=0x000001ec102cad60, length=13, elements={
0x000001ec60f20800, 0x000001ec7ebba000, 0x000001ec7ebbf000, 0x000001ec7f45e000,
0x000001ec7f460000, 0x000001ec7f465000, 0x000001ec7f46d800, 0x000001ec7f47b000,
0x000001ec7f5cb000, 0x000001ec7f5f3000, 0x000001ec06035000, 0x000001ec0603b800,
0x000001ec0fc42800
}

Java Threads: ( => current thread )
=>0x000001ec60f20800 JavaThread "main" [_thread_in_native, id=97044, stack(0x000000cd61e00000,0x000000cd61f00000)]
  0x000001ec7ebba000 JavaThread "Reference Handler" daemon [_thread_blocked, id=96828, stack(0x000000cd62500000,0x000000cd62600000)]
  0x000001ec7ebbf000 JavaThread "Finalizer" daemon [_thread_blocked, id=101924, stack(0x000000cd62600000,0x000000cd62700000)]
  0x000001ec7f45e000 JavaThread "Signal Dispatcher" daemon [_thread_blocked, id=93768, stack(0x000000cd62700000,0x000000cd62800000)]
  0x000001ec7f460000 JavaThread "Attach Listener" daemon [_thread_blocked, id=98336, stack(0x000000cd62800000,0x000000cd62900000)]
  0x000001ec7f465000 JavaThread "C2 CompilerThread0" daemon [_thread_blocked, id=98288, stack(0x000000cd62900000,0x000000cd62a00000)]
  0x000001ec7f46d800 JavaThread "C1 CompilerThread0" daemon [_thread_blocked, id=86876, stack(0x000000cd62a00000,0x000000cd62b00000)]
  0x000001ec7f47b000 JavaThread "Sweeper thread" daemon [_thread_blocked, id=93396, stack(0x000000cd62b00000,0x000000cd62c00000)]
  0x000001ec7f5cb000 JavaThread "Service Thread" daemon [_thread_blocked, id=99792, stack(0x000000cd62c00000,0x000000cd62d00000)]
  0x000001ec7f5f3000 JavaThread "Common-Cleaner" daemon [_thread_blocked, id=101244, stack(0x000000cd62e00000,0x000000cd62f00000)]
  0x000001ec06035000 JavaThread "Java2D Disposer" daemon [_thread_blocked, id=97112, stack(0x000000cd62f00000,0x000000cd63000000)]
  0x000001ec0603b800 JavaThread "AWT-Shutdown" [_thread_blocked, id=96676, stack(0x000000cd63000000,0x000000cd63100000)]
  0x000001ec0fc42800 JavaThread "AWT-EventQueue-0" [_thread_blocked, id=100892, stack(0x000000cd63400000,0x000000cd63500000)]

Other Threads:
  0x000001ec7ebb7000 VMThread "VM Thread" [stack: 0x000000cd62400000,0x000000cd62500000] [id=101368]
  0x000001ec7f5f1000 WatcherThread [stack: 0x000000cd62d00000,0x000000cd62e00000] [id=97540]
  0x000001ec60f8a800 GCTaskThread "GC Thread#0" [stack: 0x000000cd61f00000,0x000000cd62000000] [id=98332]
  0x000001ec0ff78000 GCTaskThread "GC Thread#1" [stack: 0x000000cd63940000,0x000000cd63a40000] [id=94108]
  0x000001ec0dcb7000 GCTaskThread "GC Thread#2" [stack: 0x000000cd63a40000,0x000000cd63b40000] [id=97912]
  0x000001ec0dcb7800 GCTaskThread "GC Thread#3" [stack: 0x000000cd63b40000,0x000000cd63c40000] [id=101856]
  0x000001ec102cd800 GCTaskThread "GC Thread#4" [stack: 0x000000cd63c40000,0x000000cd63d40000] [id=98556]
  0x000001ec102ce000 GCTaskThread "GC Thread#5" [stack: 0x000000cd63d40000,0x000000cd63e40000] [id=99668]
  0x000001ec60fac000 ConcurrentGCThread "G1 Main Marker" [stack: 0x000000cd62000000,0x000000cd62100000] [id=96356]
  0x000001ec60fad800 ConcurrentGCThread "G1 Conc#0" [stack: 0x000000cd62100000,0x000000cd62200000] [id=99252]
  0x000001ec7eab4000 ConcurrentGCThread "G1 Refine#0" [stack: 0x000000cd62200000,0x000000cd62300000] [id=95068]
  0x000001ec06015800 ConcurrentGCThread "G1 Refine#1" [stack: 0x000000cd63e40000,0x000000cd63f40000] [id=99564]
  0x000001ec0fc4d800 ConcurrentGCThread "G1 Refine#2" [stack: 0x000000cd63f40000,0x000000cd64040000] [id=98308]
  0x000001ec0fd91000 ConcurrentGCThread "G1 Refine#3" [stack: 0x000000cd64040000,0x000000cd64140000] [id=76456]
  0x000001ec10b53800 ConcurrentGCThread "G1 Refine#4" [stack: 0x000000cd64140000,0x000000cd64240000] [id=101364]
  0x000001ec7eab6000 ConcurrentGCThread "G1 Young RemSet Sampling" [stack: 0x000000cd62300000,0x000000cd62400000] [id=100116]

Threads with active compile tasks:

VM state:not at safepoint (normal execution)

VM Mutex/Monitor currently owned by a thread: None

Heap address: 0x0000000701400000, size: 4076 MB, Compressed Oops mode: Zero based, Oop shift amount: 3
Narrow klass base: 0x0000000800000000, Narrow klass shift: 3
Compressed class space size: 1073741824 Address: 0x0000000800b40000

Heap:
 garbage-first heap   total 262144K, used 190445K [0x0000000701400000, 0x0000000800000000)
  region size 1024K, 116 young (118784K), 19 survivors (19456K)
 Metaspace       used 9574K, capacity 9860K, committed 10112K, reserved 1058816K
  class space    used 916K, capacity 1042K, committed 1152K, reserved 1048576K
Heap Regions: E=young(eden), S=young(survivor), O=old, HS=humongous(starts), HC=humongous(continues), CS=collection set, F=free, A=archive, TAMS=top-at-mark-start (previous, next)
|   0|0x0000000701400000, 0x0000000701500000, 0x0000000701500000|100%| O|  |TAMS 0x0000000701400000, 0x0000000701400000| Untracked 
|   1|0x0000000701500000, 0x0000000701600000, 0x0000000701600000|100%| O|  |TAMS 0x0000000701500000, 0x0000000701500000| Untracked 
|   2|0x0000000701600000, 0x0000000701700000, 0x0000000701700000|100%|HS|  |TAMS 0x0000000701600000, 0x0000000701600000| Complete 
|   3|0x0000000701700000, 0x0000000701800000, 0x0000000701800000|100%|HC|  |TAMS 0x0000000701700000, 0x0000000701700000| Complete 
|   4|0x0000000701800000, 0x0000000701900000, 0x0000000701900000|100%|HS|  |TAMS 0x0000000701800000, 0x0000000701800000| Complete 
|   5|0x0000000701900000, 0x0000000701a00000, 0x0000000701a00000|100%|HC|  |TAMS 0x0000000701900000, 0x0000000701900000| Complete 
|   6|0x0000000701a00000, 0x0000000701b00000, 0x0000000701b00000|100%|HC|  |TAMS 0x0000000701a00000, 0x0000000701a00000| Complete 
|   7|0x0000000701b00000, 0x0000000701c00000, 0x0000000701c00000|100%|HC|  |TAMS 0x0000000701b00000, 0x0000000701b00000| Complete 
|   8|0x0000000701c00000, 0x0000000701d00000, 0x0000000701d00000|100%|HS|  |TAMS 0x0000000701c00000, 0x0000000701c00000| Complete 
|   9|0x0000000701d00000, 0x0000000701e00000, 0x0000000701e00000|100%|HC|  |TAMS 0x0000000701d00000, 0x0000000701d00000| Complete 
|  10|0x0000000701e00000, 0x0000000701f00000, 0x0000000701f00000|100%|HC|  |TAMS 0x0000000701e00000, 0x0000000701e00000| Complete 
|  11|0x0000000701f00000, 0x0000000702000000, 0x0000000702000000|100%|HC|  |TAMS 0x0000000701f00000, 0x0000000701f00000| Complete 
|  12|0x0000000702000000, 0x0000000702100000, 0x0000000702100000|100%|HS|  |TAMS 0x0000000702000000, 0x0000000702000000| Complete 
|  13|0x0000000702100000, 0x0000000702200000, 0x0000000702200000|100%|HC|  |TAMS 0x0000000702100000, 0x0000000702100000| Complete 
|  14|0x0000000702200000, 0x0000000702300000, 0x0000000702300000|100%|HC|  |TAMS 0x0000000702200000, 0x0000000702200000| Complete 
|  15|0x0000000702300000, 0x0000000702400000, 0x0000000702400000|100%|HC|  |TAMS 0x0000000702300000, 0x0000000702300000| Complete 
|  16|0x0000000702400000, 0x0000000702500000, 0x0000000702500000|100%|HS|  |TAMS 0x0000000702400000, 0x0000000702400000| Complete 
|  17|0x0000000702500000, 0x0000000702600000, 0x0000000702600000|100%|HC|  |TAMS 0x0000000702500000, 0x0000000702500000| Complete 
|  18|0x0000000702600000, 0x0000000702700000, 0x0000000702700000|100%|HC|  |TAMS 0x0000000702600000, 0x0000000702600000| Complete 
|  19|0x0000000702700000, 0x0000000702800000, 0x0000000702800000|100%|HS|  |TAMS 0x0000000702700000, 0x0000000702700000| Complete 
|  20|0x0000000702800000, 0x0000000702900000, 0x0000000702900000|100%| O|  |TAMS 0x0000000702800000, 0x0000000702800000| Untracked 
|  21|0x0000000702900000, 0x0000000702a00000, 0x0000000702a00000|100%| O|  |TAMS 0x0000000702900000, 0x0000000702900000| Untracked 
|  22|0x0000000702a00000, 0x0000000702b00000, 0x0000000702b00000|100%| O|  |TAMS 0x0000000702a00000, 0x0000000702a00000| Untracked 
|  23|0x0000000702b00000, 0x0000000702c00000, 0x0000000702c00000|100%| O|  |TAMS 0x0000000702b00000, 0x0000000702b00000| Untracked 
|  24|0x0000000702c00000, 0x0000000702d00000, 0x0000000702d00000|100%| O|  |TAMS 0x0000000702c00000, 0x0000000702c00000| Untracked 
|  25|0x0000000702d00000, 0x0000000702e00000, 0x0000000702e00000|100%| O|  |TAMS 0x0000000702d00000, 0x0000000702d00000| Untracked 
|  26|0x0000000702e00000, 0x0000000702f00000, 0x0000000702f00000|100%| O|  |TAMS 0x0000000702e00000, 0x0000000702e00000| Untracked 
|  27|0x0000000702f00000, 0x0000000703000000, 0x0000000703000000|100%| O|  |TAMS 0x0000000702f00000, 0x0000000702f00000| Untracked 
|  28|0x0000000703000000, 0x0000000703100000, 0x0000000703100000|100%| O|  |TAMS 0x0000000703000000, 0x0000000703000000| Untracked 
|  29|0x0000000703100000, 0x0000000703200000, 0x0000000703200000|100%| O|  |TAMS 0x0000000703100000, 0x0000000703100000| Untracked 
|  30|0x0000000703200000, 0x0000000703300000, 0x0000000703300000|100%| O|  |TAMS 0x0000000703200000, 0x0000000703200000| Untracked 
|  31|0x0000000703300000, 0x0000000703400000, 0x0000000703400000|100%| O|  |TAMS 0x0000000703300000, 0x0000000703300000| Untracked 
|  32|0x0000000703400000, 0x0000000703500000, 0x0000000703500000|100%| O|  |TAMS 0x0000000703400000, 0x0000000703400000| Untracked 
|  33|0x0000000703500000, 0x0000000703600000, 0x0000000703600000|100%| O|  |TAMS 0x0000000703500000, 0x0000000703500000| Untracked 
|  34|0x0000000703600000, 0x0000000703700000, 0x0000000703700000|100%| O|  |TAMS 0x0000000703600000, 0x0000000703600000| Untracked 
|  35|0x0000000703700000, 0x0000000703800000, 0x0000000703800000|100%| O|  |TAMS 0x0000000703700000, 0x0000000703700000| Untracked 
|  36|0x0000000703800000, 0x0000000703900000, 0x0000000703900000|100%| O|  |TAMS 0x0000000703800000, 0x0000000703800000| Untracked 
|  37|0x0000000703900000, 0x0000000703a00000, 0x0000000703a00000|100%| O|  |TAMS 0x0000000703900000, 0x0000000703900000| Untracked 
|  38|0x0000000703a00000, 0x0000000703b00000, 0x0000000703b00000|100%| O|  |TAMS 0x0000000703a00000, 0x0000000703a00000| Untracked 
|  39|0x0000000703b00000, 0x0000000703c00000, 0x0000000703c00000|100%| O|  |TAMS 0x0000000703b00000, 0x0000000703b00000| Untracked 
|  40|0x0000000703c00000, 0x0000000703d00000, 0x0000000703d00000|100%| O|  |TAMS 0x0000000703c00000, 0x0000000703c00000| Untracked 
|  41|0x0000000703d00000, 0x0000000703e00000, 0x0000000703e00000|100%| O|  |TAMS 0x0000000703d00000, 0x0000000703d00000| Untracked 
|  42|0x0000000703e00000, 0x0000000703f00000, 0x0000000703f00000|100%| O|  |TAMS 0x0000000703e00000, 0x0000000703e00000| Untracked 
|  43|0x0000000703f00000, 0x0000000704000000, 0x0000000704000000|100%| O|  |TAMS 0x0000000703f00000, 0x0000000703f00000| Untracked 
|  44|0x0000000704000000, 0x0000000704100000, 0x0000000704100000|100%| O|  |TAMS 0x0000000704000000, 0x0000000704000000| Untracked 
|  45|0x0000000704100000, 0x0000000704200000, 0x0000000704200000|100%| O|  |TAMS 0x0000000704100000, 0x0000000704100000| Untracked 
|  46|0x0000000704200000, 0x0000000704300000, 0x0000000704300000|100%| O|  |TAMS 0x0000000704200000, 0x0000000704200000| Untracked 
|  47|0x0000000704300000, 0x0000000704400000, 0x0000000704400000|100%| O|  |TAMS 0x0000000704300000, 0x0000000704300000| Untracked 
|  48|0x0000000704400000, 0x0000000704500000, 0x0000000704500000|100%| O|  |TAMS 0x0000000704400000, 0x0000000704400000| Untracked 
|  49|0x0000000704500000, 0x0000000704600000, 0x0000000704600000|100%| O|  |TAMS 0x0000000704500000, 0x0000000704500000| Untracked 
|  50|0x0000000704600000, 0x0000000704700000, 0x0000000704700000|100%| O|  |TAMS 0x0000000704600000, 0x0000000704600000| Untracked 
|  51|0x0000000704700000, 0x0000000704800000, 0x0000000704800000|100%| O|  |TAMS 0x0000000704700000, 0x0000000704700000| Untracked 
|  52|0x0000000704800000, 0x0000000704900000, 0x0000000704900000|100%| O|  |TAMS 0x0000000704800000, 0x0000000704800000| Untracked 
|  53|0x0000000704900000, 0x0000000704a00000, 0x0000000704a00000|100%| O|  |TAMS 0x0000000704900000, 0x0000000704900000| Untracked 
|  54|0x0000000704a00000, 0x0000000704b00000, 0x0000000704b00000|100%| O|  |TAMS 0x0000000704a00000, 0x0000000704a00000| Untracked 
|  55|0x0000000704b00000, 0x0000000704c00000, 0x0000000704c00000|100%| O|  |TAMS 0x0000000704b00000, 0x0000000704b00000| Untracked 
|  56|0x0000000704c00000, 0x0000000704d00000, 0x0000000704d00000|100%| O|  |TAMS 0x0000000704c00000, 0x0000000704c00000| Untracked 
|  57|0x0000000704d00000, 0x0000000704e00000, 0x0000000704e00000|100%| O|  |TAMS 0x0000000704d00000, 0x0000000704d00000| Untracked 
|  58|0x0000000704e00000, 0x0000000704f00000, 0x0000000704f00000|100%| O|  |TAMS 0x0000000704e00000, 0x0000000704e00000| Untracked 
|  59|0x0000000704f00000, 0x0000000705000000, 0x0000000705000000|100%| O|  |TAMS 0x0000000704f00000, 0x0000000704f00000| Untracked 
|  60|0x0000000705000000, 0x0000000705100000, 0x0000000705100000|100%| O|  |TAMS 0x0000000705000000, 0x0000000705000000| Untracked 
|  61|0x0000000705100000, 0x0000000705200000, 0x0000000705200000|100%| O|  |TAMS 0x0000000705100000, 0x0000000705100000| Untracked 
|  62|0x0000000705200000, 0x0000000705300000, 0x0000000705300000|100%| O|  |TAMS 0x0000000705200000, 0x0000000705200000| Untracked 
|  63|0x0000000705300000, 0x0000000705400000, 0x0000000705400000|100%| O|  |TAMS 0x0000000705300000, 0x0000000705300000| Untracked 
|  64|0x0000000705400000, 0x0000000705500000, 0x0000000705500000|100%| O|  |TAMS 0x0000000705400000, 0x0000000705400000| Untracked 
|  65|0x0000000705500000, 0x0000000705600000, 0x0000000705600000|100%| O|  |TAMS 0x0000000705500000, 0x0000000705500000| Untracked 
|  66|0x0000000705600000, 0x0000000705700000, 0x0000000705700000|100%| O|  |TAMS 0x0000000705600000, 0x0000000705600000| Untracked 
|  67|0x0000000705700000, 0x0000000705800000, 0x0000000705800000|100%| O|  |TAMS 0x0000000705700000, 0x0000000705700000| Untracked 
|  68|0x0000000705800000, 0x0000000705900000, 0x0000000705900000|100%| O|  |TAMS 0x0000000705800000, 0x0000000705800000| Untracked 
|  69|0x0000000705900000, 0x0000000705a00000, 0x0000000705a00000|100%| O|  |TAMS 0x0000000705900000, 0x0000000705900000| Untracked 
|  70|0x0000000705a00000, 0x0000000705b00000, 0x0000000705b00000|100%| O|  |TAMS 0x0000000705a00000, 0x0000000705a00000| Untracked 
|  71|0x0000000705b00000, 0x0000000705b82e00, 0x0000000705c00000| 51%| O|  |TAMS 0x0000000705b00000, 0x0000000705b00000| Untracked 
|  72|0x0000000705c00000, 0x0000000705c00000, 0x0000000705d00000|  0%| F|  |TAMS 0x0000000705c00000, 0x0000000705c00000| Untracked 
|  73|0x0000000705d00000, 0x0000000705d00000, 0x0000000705e00000|  0%| F|  |TAMS 0x0000000705d00000, 0x0000000705d00000| Untracked 
|  74|0x0000000705e00000, 0x0000000705e00000, 0x0000000705f00000|  0%| F|  |TAMS 0x0000000705e00000, 0x0000000705e00000| Untracked 
|  75|0x0000000705f00000, 0x0000000705f00000, 0x0000000706000000|  0%| F|  |TAMS 0x0000000705f00000, 0x0000000705f00000| Untracked 
|  76|0x0000000706000000, 0x0000000706000000, 0x0000000706100000|  0%| F|  |TAMS 0x0000000706000000, 0x0000000706000000| Untracked 
|  77|0x0000000706100000, 0x0000000706100000, 0x0000000706200000|  0%| F|  |TAMS 0x0000000706100000, 0x0000000706100000| Untracked 
|  78|0x0000000706200000, 0x0000000706200000, 0x0000000706300000|  0%| F|  |TAMS 0x0000000706200000, 0x0000000706200000| Untracked 
|  79|0x0000000706300000, 0x0000000706300000, 0x0000000706400000|  0%| F|  |TAMS 0x0000000706300000, 0x0000000706300000| Untracked 
|  80|0x0000000706400000, 0x0000000706400000, 0x0000000706500000|  0%| F|  |TAMS 0x0000000706400000, 0x0000000706400000| Untracked 
|  81|0x0000000706500000, 0x0000000706500000, 0x0000000706600000|  0%| F|  |TAMS 0x0000000706500000, 0x0000000706500000| Untracked 
|  82|0x0000000706600000, 0x0000000706600000, 0x0000000706700000|  0%| F|  |TAMS 0x0000000706600000, 0x0000000706600000| Untracked 
|  83|0x0000000706700000, 0x0000000706700000, 0x0000000706800000|  0%| F|  |TAMS 0x0000000706700000, 0x0000000706700000| Untracked 
|  84|0x0000000706800000, 0x0000000706800000, 0x0000000706900000|  0%| F|  |TAMS 0x0000000706800000, 0x0000000706800000| Untracked 
|  85|0x0000000706900000, 0x0000000706900000, 0x0000000706a00000|  0%| F|  |TAMS 0x0000000706900000, 0x0000000706900000| Untracked 
|  86|0x0000000706a00000, 0x0000000706a78648, 0x0000000706b00000| 47%| S|CS|TAMS 0x0000000706a00000, 0x0000000706a00000| Complete 
|  87|0x0000000706b00000, 0x0000000706c00000, 0x0000000706c00000|100%| S|CS|TAMS 0x0000000706b00000, 0x0000000706b00000| Complete 
|  88|0x0000000706c00000, 0x0000000706d00000, 0x0000000706d00000|100%| S|CS|TAMS 0x0000000706c00000, 0x0000000706c00000| Complete 
|  89|0x0000000706d00000, 0x0000000706e00000, 0x0000000706e00000|100%| S|CS|TAMS 0x0000000706d00000, 0x0000000706d00000| Complete 
|  90|0x0000000706e00000, 0x0000000706f00000, 0x0000000706f00000|100%| S|CS|TAMS 0x0000000706e00000, 0x0000000706e00000| Complete 
|  91|0x0000000706f00000, 0x0000000707000000, 0x0000000707000000|100%| S|CS|TAMS 0x0000000706f00000, 0x0000000706f00000| Complete 
|  92|0x0000000707000000, 0x0000000707000000, 0x0000000707100000|  0%| F|  |TAMS 0x0000000707000000, 0x0000000707000000| Untracked 
|  93|0x0000000707100000, 0x0000000707100000, 0x0000000707200000|  0%| F|  |TAMS 0x0000000707100000, 0x0000000707100000| Untracked 
|  94|0x0000000707200000, 0x0000000707200000, 0x0000000707300000|  0%| F|  |TAMS 0x0000000707200000, 0x0000000707200000| Untracked 
|  95|0x0000000707300000, 0x0000000707400000, 0x0000000707400000|100%| S|CS|TAMS 0x0000000707300000, 0x0000000707300000| Complete 
|  96|0x0000000707400000, 0x0000000707500000, 0x0000000707500000|100%| S|CS|TAMS 0x0000000707400000, 0x0000000707400000| Complete 
|  97|0x0000000707500000, 0x0000000707600000, 0x0000000707600000|100%| S|CS|TAMS 0x0000000707500000, 0x0000000707500000| Complete 
|  98|0x0000000707600000, 0x0000000707700000, 0x0000000707700000|100%| S|CS|TAMS 0x0000000707600000, 0x0000000707600000| Complete 
|  99|0x0000000707700000, 0x0000000707800000, 0x0000000707800000|100%| S|CS|TAMS 0x0000000707700000, 0x0000000707700000| Complete 
| 100|0x0000000707800000, 0x0000000707900000, 0x0000000707900000|100%| S|CS|TAMS 0x0000000707800000, 0x0000000707800000| Complete 
| 101|0x0000000707900000, 0x0000000707900000, 0x0000000707a00000|  0%| F|  |TAMS 0x0000000707900000, 0x0000000707900000| Untracked 
| 102|0x0000000707a00000, 0x0000000707a00000, 0x0000000707b00000|  0%| F|  |TAMS 0x0000000707a00000, 0x0000000707a00000| Untracked 
| 103|0x0000000707b00000, 0x0000000707b00000, 0x0000000707c00000|  0%| F|  |TAMS 0x0000000707b00000, 0x0000000707b00000| Untracked 
| 104|0x0000000707c00000, 0x0000000707c00000, 0x0000000707d00000|  0%| F|  |TAMS 0x0000000707c00000, 0x0000000707c00000| Untracked 
| 105|0x0000000707d00000, 0x0000000707d00000, 0x0000000707e00000|  0%| F|  |TAMS 0x0000000707d00000, 0x0000000707d00000| Untracked 
| 106|0x0000000707e00000, 0x0000000707f00000, 0x0000000707f00000|100%| S|CS|TAMS 0x0000000707e00000, 0x0000000707e00000| Complete 
| 107|0x0000000707f00000, 0x0000000707f00000, 0x0000000708000000|  0%| F|  |TAMS 0x0000000707f00000, 0x0000000707f00000| Untracked 
| 108|0x0000000708000000, 0x0000000708100000, 0x0000000708100000|100%| S|CS|TAMS 0x0000000708000000, 0x0000000708000000| Complete 
| 109|0x0000000708100000, 0x0000000708100000, 0x0000000708200000|  0%| F|  |TAMS 0x0000000708100000, 0x0000000708100000| Untracked 
| 110|0x0000000708200000, 0x0000000708200000, 0x0000000708300000|  0%| F|  |TAMS 0x0000000708200000, 0x0000000708200000| Untracked 
| 111|0x0000000708300000, 0x0000000708400000, 0x0000000708400000|100%| S|CS|TAMS 0x0000000708300000, 0x0000000708300000| Complete 
| 112|0x0000000708400000, 0x0000000708500000, 0x0000000708500000|100%| S|CS|TAMS 0x0000000708400000, 0x0000000708400000| Complete 
| 113|0x0000000708500000, 0x0000000708600000, 0x0000000708600000|100%| S|CS|TAMS 0x0000000708500000, 0x0000000708500000| Complete 
| 114|0x0000000708600000, 0x0000000708600000, 0x0000000708700000|  0%| F|  |TAMS 0x0000000708600000, 0x0000000708600000| Untracked 
| 115|0x0000000708700000, 0x0000000708700000, 0x0000000708800000|  0%| F|  |TAMS 0x0000000708700000, 0x0000000708700000| Untracked 
| 116|0x0000000708800000, 0x0000000708800000, 0x0000000708900000|  0%| F|  |TAMS 0x0000000708800000, 0x0000000708800000| Untracked 
| 117|0x0000000708900000, 0x0000000708900000, 0x0000000708a00000|  0%| F|  |TAMS 0x0000000708900000, 0x0000000708900000| Untracked 
| 118|0x0000000708a00000, 0x0000000708a00000, 0x0000000708b00000|  0%| F|  |TAMS 0x0000000708a00000, 0x0000000708a00000| Untracked 
| 119|0x0000000708b00000, 0x0000000708c00000, 0x0000000708c00000|100%| S|CS|TAMS 0x0000000708b00000, 0x0000000708b00000| Complete 
| 120|0x0000000708c00000, 0x0000000708d00000, 0x0000000708d00000|100%| S|CS|TAMS 0x0000000708c00000, 0x0000000708c00000| Complete 
| 121|0x0000000708d00000, 0x0000000708d00000, 0x0000000708e00000|  0%| F|  |TAMS 0x0000000708d00000, 0x0000000708d00000| Untracked 
| 122|0x0000000708e00000, 0x0000000708e00000, 0x0000000708f00000|  0%| F|  |TAMS 0x0000000708e00000, 0x0000000708e00000| Untracked 
| 123|0x0000000708f00000, 0x0000000708f00000, 0x0000000709000000|  0%| F|  |TAMS 0x0000000708f00000, 0x0000000708f00000| Untracked 
| 124|0x0000000709000000, 0x0000000709000000, 0x0000000709100000|  0%| F|  |TAMS 0x0000000709000000, 0x0000000709000000| Untracked 
| 125|0x0000000709100000, 0x0000000709100000, 0x0000000709200000|  0%| F|  |TAMS 0x0000000709100000, 0x0000000709100000| Untracked 
| 126|0x0000000709200000, 0x0000000709200000, 0x0000000709300000|  0%| F|  |TAMS 0x0000000709200000, 0x0000000709200000| Untracked 
| 127|0x0000000709300000, 0x0000000709300000, 0x0000000709400000|  0%| F|  |TAMS 0x0000000709300000, 0x0000000709300000| Untracked 
| 128|0x0000000709400000, 0x0000000709400000, 0x0000000709500000|  0%| F|  |TAMS 0x0000000709400000, 0x0000000709400000| Untracked 
| 129|0x0000000709500000, 0x0000000709500000, 0x0000000709600000|  0%| F|  |TAMS 0x0000000709500000, 0x0000000709500000| Untracked 
| 130|0x0000000709600000, 0x0000000709600000, 0x0000000709700000|  0%| F|  |TAMS 0x0000000709600000, 0x0000000709600000| Untracked 
| 131|0x0000000709700000, 0x0000000709700000, 0x0000000709800000|  0%| F|  |TAMS 0x0000000709700000, 0x0000000709700000| Untracked 
| 132|0x0000000709800000, 0x0000000709800000, 0x0000000709900000|  0%| F|  |TAMS 0x0000000709800000, 0x0000000709800000| Untracked 
| 133|0x0000000709900000, 0x0000000709900000, 0x0000000709a00000|  0%| F|  |TAMS 0x0000000709900000, 0x0000000709900000| Untracked 
| 134|0x0000000709a00000, 0x0000000709a00000, 0x0000000709b00000|  0%| F|  |TAMS 0x0000000709a00000, 0x0000000709a00000| Untracked 
| 135|0x0000000709b00000, 0x0000000709b00000, 0x0000000709c00000|  0%| F|  |TAMS 0x0000000709b00000, 0x0000000709b00000| Untracked 
| 136|0x0000000709c00000, 0x0000000709c00000, 0x0000000709d00000|  0%| F|  |TAMS 0x0000000709c00000, 0x0000000709c00000| Untracked 
| 137|0x0000000709d00000, 0x0000000709d00000, 0x0000000709e00000|  0%| F|  |TAMS 0x0000000709d00000, 0x0000000709d00000| Untracked 
| 138|0x0000000709e00000, 0x0000000709e00000, 0x0000000709f00000|  0%| F|  |TAMS 0x0000000709e00000, 0x0000000709e00000| Untracked 
| 139|0x0000000709f00000, 0x0000000709f00000, 0x000000070a000000|  0%| F|  |TAMS 0x0000000709f00000, 0x0000000709f00000| Untracked 
| 140|0x000000070a000000, 0x000000070a000000, 0x000000070a100000|  0%| F|  |TAMS 0x000000070a000000, 0x000000070a000000| Untracked 
| 141|0x000000070a100000, 0x000000070a100000, 0x000000070a200000|  0%| F|  |TAMS 0x000000070a100000, 0x000000070a100000| Untracked 
| 142|0x000000070a200000, 0x000000070a200000, 0x000000070a300000|  0%| F|  |TAMS 0x000000070a200000, 0x000000070a200000| Untracked 
| 143|0x000000070a300000, 0x000000070a300000, 0x000000070a400000|  0%| F|  |TAMS 0x000000070a300000, 0x000000070a300000| Untracked 
| 144|0x000000070a400000, 0x000000070a400000, 0x000000070a500000|  0%| F|  |TAMS 0x000000070a400000, 0x000000070a400000| Untracked 
| 145|0x000000070a500000, 0x000000070a500000, 0x000000070a600000|  0%| F|  |TAMS 0x000000070a500000, 0x000000070a500000| Untracked 
| 146|0x000000070a600000, 0x000000070a600000, 0x000000070a700000|  0%| F|  |TAMS 0x000000070a600000, 0x000000070a600000| Untracked 
| 147|0x000000070a700000, 0x000000070a700000, 0x000000070a800000|  0%| F|  |TAMS 0x000000070a700000, 0x000000070a700000| Untracked 
| 148|0x000000070a800000, 0x000000070a800000, 0x000000070a900000|  0%| F|  |TAMS 0x000000070a800000, 0x000000070a800000| Untracked 
| 149|0x000000070a900000, 0x000000070a900000, 0x000000070aa00000|  0%| F|  |TAMS 0x000000070a900000, 0x000000070a900000| Untracked 
| 150|0x000000070aa00000, 0x000000070aa00000, 0x000000070ab00000|  0%| F|  |TAMS 0x000000070aa00000, 0x000000070aa00000| Untracked 
| 151|0x000000070ab00000, 0x000000070ab00000, 0x000000070ac00000|  0%| F|  |TAMS 0x000000070ab00000, 0x000000070ab00000| Untracked 
| 152|0x000000070ac00000, 0x000000070ac00000, 0x000000070ad00000|  0%| F|  |TAMS 0x000000070ac00000, 0x000000070ac00000| Untracked 
| 153|0x000000070ad00000, 0x000000070ad00000, 0x000000070ae00000|  0%| F|  |TAMS 0x000000070ad00000, 0x000000070ad00000| Untracked 
| 154|0x000000070ae00000, 0x000000070ae00000, 0x000000070af00000|  0%| F|  |TAMS 0x000000070ae00000, 0x000000070ae00000| Untracked 
| 155|0x000000070af00000, 0x000000070af00000, 0x000000070b000000|  0%| F|  |TAMS 0x000000070af00000, 0x000000070af00000| Untracked 
| 156|0x000000070b000000, 0x000000070b000000, 0x000000070b100000|  0%| F|  |TAMS 0x000000070b000000, 0x000000070b000000| Untracked 
| 157|0x000000070b100000, 0x000000070b100000, 0x000000070b200000|  0%| F|  |TAMS 0x000000070b100000, 0x000000070b100000| Untracked 
| 158|0x000000070b200000, 0x000000070b200000, 0x000000070b300000|  0%| F|  |TAMS 0x000000070b200000, 0x000000070b200000| Untracked 
| 159|0x000000070b300000, 0x000000070b380800, 0x000000070b400000| 50%| E|  |TAMS 0x000000070b300000, 0x000000070b300000| Complete 
| 160|0x000000070b400000, 0x000000070b500000, 0x000000070b500000|100%| E|CS|TAMS 0x000000070b400000, 0x000000070b400000| Complete 
| 161|0x000000070b500000, 0x000000070b600000, 0x000000070b600000|100%| E|CS|TAMS 0x000000070b500000, 0x000000070b500000| Complete 
| 162|0x000000070b600000, 0x000000070b700000, 0x000000070b700000|100%| E|CS|TAMS 0x000000070b600000, 0x000000070b600000| Complete 
| 163|0x000000070b700000, 0x000000070b800000, 0x000000070b800000|100%| E|CS|TAMS 0x000000070b700000, 0x000000070b700000| Complete 
| 164|0x000000070b800000, 0x000000070b900000, 0x000000070b900000|100%| E|CS|TAMS 0x000000070b800000, 0x000000070b800000| Complete 
| 165|0x000000070b900000, 0x000000070ba00000, 0x000000070ba00000|100%| E|CS|TAMS 0x000000070b900000, 0x000000070b900000| Complete 
| 166|0x000000070ba00000, 0x000000070bb00000, 0x000000070bb00000|100%| E|CS|TAMS 0x000000070ba00000, 0x000000070ba00000| Complete 
| 167|0x000000070bb00000, 0x000000070bc00000, 0x000000070bc00000|100%| E|CS|TAMS 0x000000070bb00000, 0x000000070bb00000| Complete 
| 168|0x000000070bc00000, 0x000000070bd00000, 0x000000070bd00000|100%| E|CS|TAMS 0x000000070bc00000, 0x000000070bc00000| Complete 
| 169|0x000000070bd00000, 0x000000070be00000, 0x000000070be00000|100%| E|CS|TAMS 0x000000070bd00000, 0x000000070bd00000| Complete 
| 170|0x000000070be00000, 0x000000070bf00000, 0x000000070bf00000|100%| E|CS|TAMS 0x000000070be00000, 0x000000070be00000| Complete 
| 171|0x000000070bf00000, 0x000000070c000000, 0x000000070c000000|100%| E|CS|TAMS 0x000000070bf00000, 0x000000070bf00000| Complete 
| 172|0x000000070c000000, 0x000000070c100000, 0x000000070c100000|100%| E|CS|TAMS 0x000000070c000000, 0x000000070c000000| Complete 
| 173|0x000000070c100000, 0x000000070c200000, 0x000000070c200000|100%| E|CS|TAMS 0x000000070c100000, 0x000000070c100000| Complete 
| 174|0x000000070c200000, 0x000000070c300000, 0x000000070c300000|100%| E|CS|TAMS 0x000000070c200000, 0x000000070c200000| Complete 
| 175|0x000000070c300000, 0x000000070c400000, 0x000000070c400000|100%| E|CS|TAMS 0x000000070c300000, 0x000000070c300000| Complete 
| 176|0x000000070c400000, 0x000000070c500000, 0x000000070c500000|100%| E|CS|TAMS 0x000000070c400000, 0x000000070c400000| Complete 
| 177|0x000000070c500000, 0x000000070c600000, 0x000000070c600000|100%| E|CS|TAMS 0x000000070c500000, 0x000000070c500000| Complete 
| 178|0x000000070c600000, 0x000000070c700000, 0x000000070c700000|100%| E|CS|TAMS 0x000000070c600000, 0x000000070c600000| Complete 
| 179|0x000000070c700000, 0x000000070c800000, 0x000000070c800000|100%| E|CS|TAMS 0x000000070c700000, 0x000000070c700000| Complete 
| 180|0x000000070c800000, 0x000000070c900000, 0x000000070c900000|100%| E|CS|TAMS 0x000000070c800000, 0x000000070c800000| Complete 
| 181|0x000000070c900000, 0x000000070ca00000, 0x000000070ca00000|100%| E|CS|TAMS 0x000000070c900000, 0x000000070c900000| Complete 
| 182|0x000000070ca00000, 0x000000070cb00000, 0x000000070cb00000|100%| E|CS|TAMS 0x000000070ca00000, 0x000000070ca00000| Complete 
| 183|0x000000070cb00000, 0x000000070cc00000, 0x000000070cc00000|100%| E|CS|TAMS 0x000000070cb00000, 0x000000070cb00000| Complete 
| 184|0x000000070cc00000, 0x000000070cd00000, 0x000000070cd00000|100%| E|CS|TAMS 0x000000070cc00000, 0x000000070cc00000| Complete 
| 185|0x000000070cd00000, 0x000000070ce00000, 0x000000070ce00000|100%| E|CS|TAMS 0x000000070cd00000, 0x000000070cd00000| Complete 
| 186|0x000000070ce00000, 0x000000070cf00000, 0x000000070cf00000|100%| E|CS|TAMS 0x000000070ce00000, 0x000000070ce00000| Complete 
| 187|0x000000070cf00000, 0x000000070d000000, 0x000000070d000000|100%| E|CS|TAMS 0x000000070cf00000, 0x000000070cf00000| Complete 
| 188|0x000000070d000000, 0x000000070d100000, 0x000000070d100000|100%| E|CS|TAMS 0x000000070d000000, 0x000000070d000000| Complete 
| 189|0x000000070d100000, 0x000000070d200000, 0x000000070d200000|100%| E|CS|TAMS 0x000000070d100000, 0x000000070d100000| Complete 
| 190|0x000000070d200000, 0x000000070d300000, 0x000000070d300000|100%| E|CS|TAMS 0x000000070d200000, 0x000000070d200000| Complete 
| 191|0x000000070d300000, 0x000000070d400000, 0x000000070d400000|100%| E|CS|TAMS 0x000000070d300000, 0x000000070d300000| Complete 
| 192|0x000000070d400000, 0x000000070d500000, 0x000000070d500000|100%| E|CS|TAMS 0x000000070d400000, 0x000000070d400000| Complete 
| 193|0x000000070d500000, 0x000000070d600000, 0x000000070d600000|100%| E|CS|TAMS 0x000000070d500000, 0x000000070d500000| Complete 
| 194|0x000000070d600000, 0x000000070d700000, 0x000000070d700000|100%| E|CS|TAMS 0x000000070d600000, 0x000000070d600000| Complete 
| 195|0x000000070d700000, 0x000000070d800000, 0x000000070d800000|100%| E|CS|TAMS 0x000000070d700000, 0x000000070d700000| Complete 
| 196|0x000000070d800000, 0x000000070d900000, 0x000000070d900000|100%| E|CS|TAMS 0x000000070d800000, 0x000000070d800000| Complete 
| 197|0x000000070d900000, 0x000000070da00000, 0x000000070da00000|100%| E|CS|TAMS 0x000000070d900000, 0x000000070d900000| Complete 
| 198|0x000000070da00000, 0x000000070db00000, 0x000000070db00000|100%| E|CS|TAMS 0x000000070da00000, 0x000000070da00000| Complete 
| 199|0x000000070db00000, 0x000000070dc00000, 0x000000070dc00000|100%| E|CS|TAMS 0x000000070db00000, 0x000000070db00000| Complete 
| 200|0x000000070dc00000, 0x000000070dd00000, 0x000000070dd00000|100%| E|CS|TAMS 0x000000070dc00000, 0x000000070dc00000| Complete 
| 201|0x000000070dd00000, 0x000000070de00000, 0x000000070de00000|100%| E|CS|TAMS 0x000000070dd00000, 0x000000070dd00000| Complete 
| 202|0x000000070de00000, 0x000000070df00000, 0x000000070df00000|100%| E|CS|TAMS 0x000000070de00000, 0x000000070de00000| Complete 
| 203|0x000000070df00000, 0x000000070e000000, 0x000000070e000000|100%| E|CS|TAMS 0x000000070df00000, 0x000000070df00000| Complete 
| 204|0x000000070e000000, 0x000000070e100000, 0x000000070e100000|100%| E|CS|TAMS 0x000000070e000000, 0x000000070e000000| Complete 
| 205|0x000000070e100000, 0x000000070e200000, 0x000000070e200000|100%| E|CS|TAMS 0x000000070e100000, 0x000000070e100000| Complete 
| 206|0x000000070e200000, 0x000000070e300000, 0x000000070e300000|100%| E|CS|TAMS 0x000000070e200000, 0x000000070e200000| Complete 
| 207|0x000000070e300000, 0x000000070e400000, 0x000000070e400000|100%| E|CS|TAMS 0x000000070e300000, 0x000000070e300000| Complete 
| 208|0x000000070e400000, 0x000000070e500000, 0x000000070e500000|100%| E|CS|TAMS 0x000000070e400000, 0x000000070e400000| Complete 
| 209|0x000000070e500000, 0x000000070e600000, 0x000000070e600000|100%| E|CS|TAMS 0x000000070e500000, 0x000000070e500000| Complete 
| 210|0x000000070e600000, 0x000000070e700000, 0x000000070e700000|100%| E|CS|TAMS 0x000000070e600000, 0x000000070e600000| Complete 
| 211|0x000000070e700000, 0x000000070e800000, 0x000000070e800000|100%| E|CS|TAMS 0x000000070e700000, 0x000000070e700000| Complete 
| 212|0x000000070e800000, 0x000000070e900000, 0x000000070e900000|100%| E|CS|TAMS 0x000000070e800000, 0x000000070e800000| Complete 
| 213|0x000000070e900000, 0x000000070ea00000, 0x000000070ea00000|100%| E|CS|TAMS 0x000000070e900000, 0x000000070e900000| Complete 
| 214|0x000000070ea00000, 0x000000070eb00000, 0x000000070eb00000|100%| E|CS|TAMS 0x000000070ea00000, 0x000000070ea00000| Complete 
| 215|0x000000070eb00000, 0x000000070ec00000, 0x000000070ec00000|100%| E|CS|TAMS 0x000000070eb00000, 0x000000070eb00000| Complete 
| 216|0x000000070ec00000, 0x000000070ed00000, 0x000000070ed00000|100%| E|CS|TAMS 0x000000070ec00000, 0x000000070ec00000| Complete 
| 217|0x000000070ed00000, 0x000000070ee00000, 0x000000070ee00000|100%| E|CS|TAMS 0x000000070ed00000, 0x000000070ed00000| Complete 
| 218|0x000000070ee00000, 0x000000070ef00000, 0x000000070ef00000|100%| E|CS|TAMS 0x000000070ee00000, 0x000000070ee00000| Complete 
| 219|0x000000070ef00000, 0x000000070f000000, 0x000000070f000000|100%| E|CS|TAMS 0x000000070ef00000, 0x000000070ef00000| Complete 
| 220|0x000000070f000000, 0x000000070f100000, 0x000000070f100000|100%| E|CS|TAMS 0x000000070f000000, 0x000000070f000000| Complete 
| 221|0x000000070f100000, 0x000000070f200000, 0x000000070f200000|100%| E|CS|TAMS 0x000000070f100000, 0x000000070f100000| Complete 
| 222|0x000000070f200000, 0x000000070f300000, 0x000000070f300000|100%| E|CS|TAMS 0x000000070f200000, 0x000000070f200000| Complete 
| 223|0x000000070f300000, 0x000000070f400000, 0x000000070f400000|100%| E|CS|TAMS 0x000000070f300000, 0x000000070f300000| Complete 
| 224|0x000000070f400000, 0x000000070f500000, 0x000000070f500000|100%| E|CS|TAMS 0x000000070f400000, 0x000000070f400000| Complete 
| 225|0x000000070f500000, 0x000000070f600000, 0x000000070f600000|100%| E|CS|TAMS 0x000000070f500000, 0x000000070f500000| Complete 
| 226|0x000000070f600000, 0x000000070f700000, 0x000000070f700000|100%| E|CS|TAMS 0x000000070f600000, 0x000000070f600000| Complete 
| 227|0x000000070f700000, 0x000000070f800000, 0x000000070f800000|100%| E|CS|TAMS 0x000000070f700000, 0x000000070f700000| Complete 
| 228|0x000000070f800000, 0x000000070f900000, 0x000000070f900000|100%| E|CS|TAMS 0x000000070f800000, 0x000000070f800000| Complete 
| 229|0x000000070f900000, 0x000000070fa00000, 0x000000070fa00000|100%| E|CS|TAMS 0x000000070f900000, 0x000000070f900000| Complete 
| 230|0x000000070fa00000, 0x000000070fb00000, 0x000000070fb00000|100%| E|CS|TAMS 0x000000070fa00000, 0x000000070fa00000| Complete 
| 231|0x000000070fb00000, 0x000000070fc00000, 0x000000070fc00000|100%| E|CS|TAMS 0x000000070fb00000, 0x000000070fb00000| Complete 
| 232|0x000000070fc00000, 0x000000070fd00000, 0x000000070fd00000|100%| E|CS|TAMS 0x000000070fc00000, 0x000000070fc00000| Complete 
| 233|0x000000070fd00000, 0x000000070fe00000, 0x000000070fe00000|100%| E|CS|TAMS 0x000000070fd00000, 0x000000070fd00000| Complete 
| 234|0x000000070fe00000, 0x000000070ff00000, 0x000000070ff00000|100%| E|CS|TAMS 0x000000070fe00000, 0x000000070fe00000| Complete 
| 235|0x000000070ff00000, 0x0000000710000000, 0x0000000710000000|100%| E|CS|TAMS 0x000000070ff00000, 0x000000070ff00000| Complete 
| 236|0x0000000710000000, 0x0000000710100000, 0x0000000710100000|100%| E|CS|TAMS 0x0000000710000000, 0x0000000710000000| Complete 
| 237|0x0000000710100000, 0x0000000710200000, 0x0000000710200000|100%| E|CS|TAMS 0x0000000710100000, 0x0000000710100000| Complete 
| 238|0x0000000710200000, 0x0000000710300000, 0x0000000710300000|100%| E|CS|TAMS 0x0000000710200000, 0x0000000710200000| Complete 
| 239|0x0000000710300000, 0x0000000710400000, 0x0000000710400000|100%| E|CS|TAMS 0x0000000710300000, 0x0000000710300000| Complete 
| 240|0x0000000710400000, 0x0000000710500000, 0x0000000710500000|100%| E|CS|TAMS 0x0000000710400000, 0x0000000710400000| Complete 
| 241|0x0000000710500000, 0x0000000710600000, 0x0000000710600000|100%| E|CS|TAMS 0x0000000710500000, 0x0000000710500000| Complete 
| 242|0x0000000710600000, 0x0000000710700000, 0x0000000710700000|100%| E|CS|TAMS 0x0000000710600000, 0x0000000710600000| Complete 
| 243|0x0000000710700000, 0x0000000710800000, 0x0000000710800000|100%| E|CS|TAMS 0x0000000710700000, 0x0000000710700000| Complete 
| 244|0x0000000710800000, 0x0000000710900000, 0x0000000710900000|100%| E|CS|TAMS 0x0000000710800000, 0x0000000710800000| Complete 
| 245|0x0000000710900000, 0x0000000710a00000, 0x0000000710a00000|100%| E|CS|TAMS 0x0000000710900000, 0x0000000710900000| Complete 
| 246|0x0000000710a00000, 0x0000000710b00000, 0x0000000710b00000|100%| E|CS|TAMS 0x0000000710a00000, 0x0000000710a00000| Complete 
| 247|0x0000000710b00000, 0x0000000710c00000, 0x0000000710c00000|100%| E|CS|TAMS 0x0000000710b00000, 0x0000000710b00000| Complete 
| 248|0x0000000710c00000, 0x0000000710d00000, 0x0000000710d00000|100%| E|CS|TAMS 0x0000000710c00000, 0x0000000710c00000| Complete 
| 249|0x0000000710d00000, 0x0000000710e00000, 0x0000000710e00000|100%| E|CS|TAMS 0x0000000710d00000, 0x0000000710d00000| Complete 
| 250|0x0000000710e00000, 0x0000000710f00000, 0x0000000710f00000|100%| E|CS|TAMS 0x0000000710e00000, 0x0000000710e00000| Complete 
| 251|0x0000000710f00000, 0x0000000711000000, 0x0000000711000000|100%| E|CS|TAMS 0x0000000710f00000, 0x0000000710f00000| Complete 
| 252|0x0000000711000000, 0x0000000711100000, 0x0000000711100000|100%| E|CS|TAMS 0x0000000711000000, 0x0000000711000000| Complete 
| 253|0x0000000711100000, 0x0000000711200000, 0x0000000711200000|100%| E|CS|TAMS 0x0000000711100000, 0x0000000711100000| Complete 
| 254|0x0000000711200000, 0x0000000711300000, 0x0000000711300000|100%| E|CS|TAMS 0x0000000711200000, 0x0000000711200000| Complete 
| 255|0x0000000711300000, 0x0000000711400000, 0x0000000711400000|100%| E|CS|TAMS 0x0000000711300000, 0x0000000711300000| Complete 

Card table byte_map: [0x000001ec79060000,0x000001ec79860000] _byte_map_base: 0x000001ec75856000

Marking Bits (Prev, Next): (CMBitMap*) 0x000001ec60f8b3a8, (CMBitMap*) 0x000001ec60f8b3e8
 Prev Bits: [0x000001ec7a060000, 0x000001ec7e010000)
 Next Bits: [0x000001ec00000000, 0x000001ec03fb0000)

Polling page: 0x000001ec5eee0000

Metaspace:

Usage:
  Non-class:      8.61 MB capacity,     8.45 MB ( 98%) used,   138.98 KB (  2%) free+waste,    21.81 KB ( <1%) overhead. 
      Class:      1.02 MB capacity,   916.91 KB ( 88%) used,   111.59 KB ( 11%) free+waste,    13.50 KB (  1%) overhead. 
       Both:      9.63 MB capacity,     9.35 MB ( 97%) used,   250.57 KB (  3%) free+waste,    35.31 KB ( <1%) overhead. 

Virtual space:
  Non-class space:       10.00 MB reserved,       8.75 MB ( 88%) committed 
      Class space:        1.00 GB reserved,       1.13 MB ( <1%) committed 
             Both:        1.01 GB reserved,       9.88 MB ( <1%) committed 

Chunk freelists:
   Non-Class:  14.00 KB
       Class:  14.00 KB
        Both:  28.00 KB

MaxMetaspaceSize: 17179869184.00 GB
CompressedClassSpaceSize: 1.00 GB

CodeHeap 'non-profiled nmethods': size=120000Kb used=3495Kb max_used=3759Kb free=116505Kb
 bounds [0x000001ec70ef0000, 0x000001ec712a0000, 0x000001ec78420000]
CodeHeap 'profiled nmethods': size=120000Kb used=3443Kb max_used=5622Kb free=116556Kb
 bounds [0x000001ec699c0000, 0x000001ec69f40000, 0x000001ec70ef0000]
CodeHeap 'non-nmethods': size=5760Kb used=1323Kb max_used=1392Kb free=4437Kb
 bounds [0x000001ec69420000, 0x000001ec69690000, 0x000001ec699c0000]
 total_blobs=6050 nmethods=2317 adapters=520
 compilation: enabled
              stopped_count=0, restarted_count=0
 full_count=0

Compilation events (20 events):
Event: 257.694 Thread 0x000001ec7f465000 nmethod 3305 0x000001ec70fded90 code [0x000001ec70fdef20, 0x000001ec70fdef98]
Event: 257.960 Thread 0x000001ec7f465000 3306       4       sun.font.CompositeStrike::getFontMetrics (56 bytes)
Event: 257.963 Thread 0x000001ec7f465000 nmethod 3306 0x000001ec711f9f10 code [0x000001ec711fa0c0, 0x000001ec711fa4f8]
Event: 258.339 Thread 0x000001ec7f465000 3307       4       java.awt.font.FontRenderContext::hashCode (71 bytes)
Event: 258.341 Thread 0x000001ec7f465000 nmethod 3307 0x000001ec711f9890 code [0x000001ec711f9a40, 0x000001ec711f9d38]
Event: 258.483 Thread 0x000001ec7f465000 3308       4       sun.java2d.SunGraphics2D::getFontMetrics (29 bytes)
Event: 258.591 Thread 0x000001ec7f465000 nmethod 3308 0x000001ec71135f90 code [0x000001ec71136420, 0x000001ec7113b790]
Event: 259.039 Thread 0x000001ec7f465000 3309       4       warcraftTD.Projectiles.Projectile::checkCollision (80 bytes)
Event: 259.051 Thread 0x000001ec7f465000 nmethod 3309 0x000001ec71021410 code [0x000001ec71021660, 0x000001ec71022238]
Event: 267.740 Thread 0x000001ec7f46d800 3310       3       warcraftTD.Projectiles.Dart::<init> (47 bytes)
Event: 267.741 Thread 0x000001ec7f46d800 nmethod 3310 0x000001ec69ca3210 code [0x000001ec69ca3420, 0x000001ec69ca3ac0]
Event: 267.877 Thread 0x000001ec7f465000 3311       4       warcraftTD.Projectiles.Projectile::tick (65 bytes)
Event: 267.899 Thread 0x000001ec7f465000 nmethod 3311 0x000001ec70fe6490 code [0x000001ec70fe6780, 0x000001ec70fe7370]
Event: 276.659 Thread 0x000001ec7f46d800 3312       3       sun.font.FreetypeFontScaler::invalidateScalerContext (1 bytes)
Event: 276.659 Thread 0x000001ec7f46d800 nmethod 3312 0x000001ec69a2c210 code [0x000001ec69a2c3a0, 0x000001ec69a2c518]
Event: 276.659 Thread 0x000001ec7f465000 3313       4       sun.font.FreetypeFontScaler::invalidateScalerContext (1 bytes)
Event: 276.659 Thread 0x000001ec7f465000 nmethod 3313 0x000001ec71021090 code [0x000001ec71021220, 0x000001ec71021298]
Event: 276.659 Thread 0x000001ec7f465000 3314       4       java.util.concurrent.ConcurrentHashMap$Traverser::advance (188 bytes)
Event: 276.663 Thread 0x000001ec7f465000 nmethod 3314 0x000001ec711f9210 code [0x000001ec711f93a0, 0x000001ec711f96b8]
Event: 276.663 Thread 0x000001ec7f465000 3316       4       java.util.concurrent.ConcurrentHashMap$ValueIterator::next (34 bytes)

GC Heap History (20 events):
Event: 145.979 GC heap before
{Heap before GC invocations=12 (full 0):
 garbage-first heap   total 262144K, used 211306K [0x0000000701400000, 0x0000000800000000)
  region size 1024K, 154 young (157696K), 10 survivors (10240K)
 Metaspace       used 9542K, capacity 9796K, committed 10112K, reserved 1058816K
  class space    used 913K, capacity 1042K, committed 1152K, reserved 1048576K
}
Event: 145.982 GC heap after
{Heap after GC invocations=13 (full 0):
 garbage-first heap   total 262144K, used 65147K [0x0000000701400000, 0x0000000800000000)
  region size 1024K, 10 young (10240K), 10 survivors (10240K)
 Metaspace       used 9542K, capacity 9796K, committed 10112K, reserved 1058816K
  class space    used 913K, capacity 1042K, committed 1152K, reserved 1048576K
}
Event: 160.366 GC heap before
{Heap before GC invocations=13 (full 0):
 garbage-first heap   total 262144K, used 211579K [0x0000000701400000, 0x0000000800000000)
  region size 1024K, 153 young (156672K), 10 survivors (10240K)
 Metaspace       used 9542K, capacity 9796K, committed 10112K, reserved 1058816K
  class space    used 913K, capacity 1042K, committed 1152K, reserved 1048576K
}
Event: 160.370 GC heap after
{Heap after GC invocations=14 (full 0):
 garbage-first heap   total 262144K, used 64834K [0x0000000701400000, 0x0000000800000000)
  region size 1024K, 10 young (10240K), 10 survivors (10240K)
 Metaspace       used 9542K, capacity 9796K, committed 10112K, reserved 1058816K
  class space    used 913K, capacity 1042K, committed 1152K, reserved 1048576K
}
Event: 174.642 GC heap before
{Heap before GC invocations=14 (full 0):
 garbage-first heap   total 262144K, used 211266K [0x0000000701400000, 0x0000000800000000)
  region size 1024K, 154 young (157696K), 10 survivors (10240K)
 Metaspace       used 9545K, capacity 9796K, committed 10112K, reserved 1058816K
  class space    used 913K, capacity 1042K, committed 1152K, reserved 1048576K
}
Event: 174.646 GC heap after
{Heap after GC invocations=15 (full 0):
 garbage-first heap   total 262144K, used 65132K [0x0000000701400000, 0x0000000800000000)
  region size 1024K, 10 young (10240K), 10 survivors (10240K)
 Metaspace       used 9545K, capacity 9796K, committed 10112K, reserved 1058816K
  class space    used 913K, capacity 1042K, committed 1152K, reserved 1048576K
}
Event: 191.165 GC heap before
{Heap before GC invocations=15 (full 0):
 garbage-first heap   total 262144K, used 211564K [0x0000000701400000, 0x0000000800000000)
  region size 1024K, 153 young (156672K), 10 survivors (10240K)
 Metaspace       used 9545K, capacity 9796K, committed 10112K, reserved 1058816K
  class space    used 913K, capacity 1042K, committed 1152K, reserved 1048576K
}
Event: 191.168 GC heap after
{Heap after GC invocations=16 (full 0):
 garbage-first heap   total 262144K, used 64865K [0x0000000701400000, 0x0000000800000000)
  region size 1024K, 10 young (10240K), 10 survivors (10240K)
 Metaspace       used 9545K, capacity 9796K, committed 10112K, reserved 1058816K
  class space    used 913K, capacity 1042K, committed 1152K, reserved 1048576K
}
Event: 206.761 GC heap before
{Heap before GC invocations=16 (full 0):
 garbage-first heap   total 262144K, used 211297K [0x0000000701400000, 0x0000000800000000)
  region size 1024K, 153 young (156672K), 10 survivors (10240K)
 Metaspace       used 9545K, capacity 9796K, committed 10112K, reserved 1058816K
  class space    used 913K, capacity 1042K, committed 1152K, reserved 1048576K
}
Event: 206.765 GC heap after
{Heap after GC invocations=17 (full 0):
 garbage-first heap   total 262144K, used 67303K [0x0000000701400000, 0x0000000800000000)
  region size 1024K, 12 young (12288K), 12 survivors (12288K)
 Metaspace       used 9545K, capacity 9796K, committed 10112K, reserved 1058816K
  class space    used 913K, capacity 1042K, committed 1152K, reserved 1048576K
}
Event: 221.558 GC heap before
{Heap before GC invocations=17 (full 0):
 garbage-first heap   total 262144K, used 211687K [0x0000000701400000, 0x0000000800000000)
  region size 1024K, 154 young (157696K), 12 survivors (12288K)
 Metaspace       used 9545K, capacity 9796K, committed 10112K, reserved 1058816K
  class space    used 913K, capacity 1042K, committed 1152K, reserved 1048576K
}
Event: 221.562 GC heap after
{Heap after GC invocations=18 (full 0):
 garbage-first heap   total 262144K, used 67472K [0x0000000701400000, 0x0000000800000000)
  region size 1024K, 11 young (11264K), 11 survivors (11264K)
 Metaspace       used 9545K, capacity 9796K, committed 10112K, reserved 1058816K
  class space    used 913K, capacity 1042K, committed 1152K, reserved 1048576K
}
Event: 235.640 GC heap before
{Heap before GC invocations=18 (full 0):
 garbage-first heap   total 262144K, used 212880K [0x0000000701400000, 0x0000000800000000)
  region size 1024K, 153 young (156672K), 11 survivors (11264K)
 Metaspace       used 9545K, capacity 9796K, committed 10112K, reserved 1058816K
  class space    used 913K, capacity 1042K, committed 1152K, reserved 1048576K
}
Event: 235.643 GC heap after
{Heap after GC invocations=19 (full 0):
 garbage-first heap   total 262144K, used 67782K [0x0000000701400000, 0x0000000800000000)
  region size 1024K, 11 young (11264K), 11 survivors (11264K)
 Metaspace       used 9545K, capacity 9796K, committed 10112K, reserved 1058816K
  class space    used 913K, capacity 1042K, committed 1152K, reserved 1048576K
}
Event: 248.808 GC heap before
{Heap before GC invocations=19 (full 0):
 garbage-first heap   total 262144K, used 212166K [0x0000000701400000, 0x0000000800000000)
  region size 1024K, 153 young (156672K), 11 survivors (11264K)
 Metaspace       used 9555K, capacity 9860K, committed 10112K, reserved 1058816K
  class space    used 913K, capacity 1042K, committed 1152K, reserved 1048576K
}
Event: 248.815 GC heap after
{Heap after GC invocations=20 (full 0):
 garbage-first heap   total 262144K, used 73912K [0x0000000701400000, 0x0000000800000000)
  region size 1024K, 17 young (17408K), 17 survivors (17408K)
 Metaspace       used 9555K, capacity 9860K, committed 10112K, reserved 1058816K
  class space    used 913K, capacity 1042K, committed 1152K, reserved 1048576K
}
Event: 259.295 GC heap before
{Heap before GC invocations=20 (full 0):
 garbage-first heap   total 262144K, used 213176K [0x0000000701400000, 0x0000000800000000)
  region size 1024K, 154 young (157696K), 17 survivors (17408K)
 Metaspace       used 9557K, capacity 9860K, committed 10112K, reserved 1058816K
  class space    used 913K, capacity 1042K, committed 1152K, reserved 1048576K
}
Event: 259.304 GC heap after
{Heap after GC invocations=21 (full 0):
 garbage-first heap   total 262144K, used 80478K [0x0000000701400000, 0x0000000800000000)
  region size 1024K, 16 young (16384K), 16 survivors (16384K)
 Metaspace       used 9557K, capacity 9860K, committed 10112K, reserved 1058816K
  class space    used 913K, capacity 1042K, committed 1152K, reserved 1048576K
}
Event: 270.843 GC heap before
{Heap before GC invocations=21 (full 0):
 garbage-first heap   total 262144K, used 218718K [0x0000000701400000, 0x0000000800000000)
  region size 1024K, 151 young (154624K), 16 survivors (16384K)
 Metaspace       used 9557K, capacity 9860K, committed 10112K, reserved 1058816K
  class space    used 913K, capacity 1042K, committed 1152K, reserved 1048576K
}
Event: 270.852 GC heap after
{Heap after GC invocations=22 (full 0):
 garbage-first heap   total 262144K, used 92141K [0x0000000701400000, 0x0000000800000000)
  region size 1024K, 19 young (19456K), 19 survivors (19456K)
 Metaspace       used 9557K, capacity 9860K, committed 10112K, reserved 1058816K
  class space    used 913K, capacity 1042K, committed 1152K, reserved 1048576K
}

Deoptimization events (20 events):
Event: 260.756 Thread 0x000001ec60f20800 DEOPT PACKING pc=0x000001ec71277354 sp=0x000000cd61eff580
Event: 260.756 Thread 0x000001ec60f20800 DEOPT UNPACKING pc=0x000001ec6946912f sp=0x000000cd61eff508 mode 2
Event: 263.224 Thread 0x000001ec0fc42800 DEOPT PACKING pc=0x000001ec69c60cbf sp=0x000000cd634ff380
Event: 263.224 Thread 0x000001ec0fc42800 DEOPT UNPACKING pc=0x000001ec6946964e sp=0x000000cd634fe898 mode 0
Event: 275.964 Thread 0x000001ec0fc42800 Uncommon trap: trap_request=0xffffff45 fr.pc=0x000001ec7125fe6c relative=0x00000000000000cc
Event: 275.964 Thread 0x000001ec0fc42800 Uncommon trap: reason=unstable_if action=reinterpret pc=0x000001ec7125fe6c method=java.awt.Component.inside(II)Z @ 13 c2
Event: 275.964 Thread 0x000001ec0fc42800 DEOPT PACKING pc=0x000001ec7125fe6c sp=0x000000cd634ff0c0
Event: 275.964 Thread 0x000001ec0fc42800 DEOPT UNPACKING pc=0x000001ec6946912f sp=0x000000cd634fef60 mode 2
Event: 276.644 Thread 0x000001ec0603f800 Uncommon trap: trap_request=0xffffff45 fr.pc=0x000001ec70f4a96c relative=0x00000000000009ac
Event: 276.644 Thread 0x000001ec0603f800 Uncommon trap: reason=unstable_if action=reinterpret pc=0x000001ec70f4a96c method=sun.awt.windows.WWindowPeer.preprocessPostEvent(Ljava/awt/AWTEvent;)V @ 4 c2
Event: 276.644 Thread 0x000001ec0603f800 DEOPT PACKING pc=0x000001ec70f4a96c sp=0x000000cd631fbff0
Event: 276.644 Thread 0x000001ec0603f800 DEOPT UNPACKING pc=0x000001ec6946912f sp=0x000000cd631fbf90 mode 2
Event: 276.644 Thread 0x000001ec0fc84000 Uncommon trap: trap_request=0xffffff45 fr.pc=0x000001ec7100735c relative=0x000000000000169c
Event: 276.644 Thread 0x000001ec0fc84000 Uncommon trap: reason=unstable_if action=reinterpret pc=0x000001ec7100735c method=sun.java2d.d3d.D3DScreenUpdateManager.run()V @ 4 c2
Event: 276.645 Thread 0x000001ec0fc84000 DEOPT PACKING pc=0x000001ec7100735c sp=0x000000cd635fef30
Event: 276.645 Thread 0x000001ec0fc84000 DEOPT UNPACKING pc=0x000001ec6946912f sp=0x000000cd635fef38 mode 2
Event: 276.658 Thread 0x000001ec60f20800 Uncommon trap: trap_request=0xffffff45 fr.pc=0x000001ec70fc7e3c relative=0x00000000000017bc
Event: 276.658 Thread 0x000001ec60f20800 Uncommon trap: reason=unstable_if action=reinterpret pc=0x000001ec70fc7e3c method=sun.font.TrueTypeFont.readBlock(Ljava/nio/ByteBuffer;II)I @ 15 c2
Event: 276.658 Thread 0x000001ec60f20800 DEOPT PACKING pc=0x000001ec70fc7e3c sp=0x000000cd61efe4b0
Event: 276.658 Thread 0x000001ec60f20800 DEOPT UNPACKING pc=0x000001ec6946912f sp=0x000000cd61efe4d0 mode 2

Classes unloaded (0 events):
No events

Classes redefined (0 events):
No events

Internal exceptions (20 events):
Event: 77.826 Thread 0x000001ec60f20800 Implicit null exception at 0x000001ec7104aaf4 to 0x000001ec7104d742
Event: 79.055 Thread 0x000001ec0fc42800 Implicit null exception at 0x000001ec71015298 to 0x000001ec710159b0
Event: 104.885 Thread 0x000001ec11c7a800 Exception <a 'java/io/FileNotFoundException'{0x00000007103001d0}> (0x00000007103001d0) 
thrown [t:/workspace/open/src/hotspot/share/prims/jni.cpp, line 598]
Event: 107.094 Thread 0x000001ec11c7a800 Exception <a 'java/io/FileNotFoundException'{0x000000071031c558}> (0x000000071031c558) 
thrown [t:/workspace/open/src/hotspot/share/prims/jni.cpp, line 598]
Event: 108.994 Thread 0x000001ec11c7a800 Exception <a 'java/io/FileNotFoundException'{0x000000071032e630}> (0x000000071032e630) 
thrown [t:/workspace/open/src/hotspot/share/prims/jni.cpp, line 598]
Event: 108.996 Thread 0x000001ec11c7a800 Exception <a 'java/io/FileNotFoundException'{0x000000071033e9a8}> (0x000000071033e9a8) 
thrown [t:/workspace/open/src/hotspot/share/prims/jni.cpp, line 598]
Event: 109.095 Thread 0x000001ec11c7a800 Exception <a 'java/io/FileNotFoundException'{0x000000071034ee38}> (0x000000071034ee38) 
thrown [t:/workspace/open/src/hotspot/share/prims/jni.cpp, line 598]
Event: 109.163 Thread 0x000001ec11c7a800 Exception <a 'java/io/FileNotFoundException'{0x000000071035f9b0}> (0x000000071035f9b0) 
thrown [t:/workspace/open/src/hotspot/share/prims/jni.cpp, line 598]
Event: 109.176 Thread 0x000001ec11c7a800 Exception <a 'java/io/FileNotFoundException'{0x000000071036fe80}> (0x000000071036fe80) 
thrown [t:/workspace/open/src/hotspot/share/prims/jni.cpp, line 598]
Event: 109.259 Thread 0x000001ec11c7a800 Exception <a 'java/io/FileNotFoundException'{0x000000071037ffc0}> (0x000000071037ffc0) 
thrown [t:/workspace/open/src/hotspot/share/prims/jni.cpp, line 598]
Event: 109.308 Thread 0x000001ec11c7a800 Exception <a 'java/io/FileNotFoundException'{0x000000070d38edf8}> (0x000000070d38edf8) 
thrown [t:/workspace/open/src/hotspot/share/prims/jni.cpp, line 598]
Event: 109.327 Thread 0x000001ec11c7a800 Exception <a 'java/io/FileNotFoundException'{0x000000070d39ed08}> (0x000000070d39ed08) 
thrown [t:/workspace/open/src/hotspot/share/prims/jni.cpp, line 598]
Event: 109.328 Thread 0x000001ec11c7a800 Exception <a 'java/io/FileNotFoundException'{0x000000070d3ab9c0}> (0x000000070d3ab9c0) 
thrown [t:/workspace/open/src/hotspot/share/prims/jni.cpp, line 598]
Event: 109.345 Thread 0x000001ec11c7a800 Exception <a 'java/io/FileNotFoundException'{0x000000070d3b8688}> (0x000000070d3b8688) 
thrown [t:/workspace/open/src/hotspot/share/prims/jni.cpp, line 598]
Event: 109.359 Thread 0x000001ec11c7a800 Exception <a 'java/io/FileNotFoundException'{0x000000070d3c6b30}> (0x000000070d3c6b30) 
thrown [t:/workspace/open/src/hotspot/share/prims/jni.cpp, line 598]
Event: 109.379 Thread 0x000001ec11c7a800 Exception <a 'java/io/FileNotFoundException'{0x000000070d3d4fd8}> (0x000000070d3d4fd8) 
thrown [t:/workspace/open/src/hotspot/share/prims/jni.cpp, line 598]
Event: 109.393 Thread 0x000001ec11c7a800 Exception <a 'java/io/FileNotFoundException'{0x000000070d3e1ca0}> (0x000000070d3e1ca0) 
thrown [t:/workspace/open/src/hotspot/share/prims/jni.cpp, line 598]
Event: 109.413 Thread 0x000001ec11c7a800 Exception <a 'java/io/FileNotFoundException'{0x000000070d3ee958}> (0x000000070d3ee958) 
thrown [t:/workspace/open/src/hotspot/share/prims/jni.cpp, line 598]
Event: 276.658 Thread 0x000001ec60f20800 Exception <a 'java/io/FileNotFoundException'{0x000000070b4c5c08}> (0x000000070b4c5c08) 
thrown [t:/workspace/open/src/hotspot/share/prims/jni.cpp, line 598]
Event: 276.659 Thread 0x000001ec60f20800 Exception <a 'java/io/FileNotFoundException'{0x000000070b4c7188}> (0x000000070b4c7188) 
thrown [t:/workspace/open/src/hotspot/share/prims/jni.cpp, line 598]

Events (20 events):
Event: 276.646 Executing VM operation: RevokeBias
Event: 276.646 Executing VM operation: RevokeBias done
Event: 276.646 Executing VM operation: RevokeBias
Event: 276.646 Executing VM operation: RevokeBias done
Event: 276.646 Executing VM operation: RevokeBias
Event: 276.646 Executing VM operation: RevokeBias done
Event: 276.646 Thread 0x000001ec10d68800 Thread exited: 0x000001ec10d68800
Event: 276.658 Executing VM operation: RevokeBias
Event: 276.658 Executing VM operation: RevokeBias done
Event: 276.658 loading class java/awt/FontFormatException
Event: 276.658 loading class java/awt/FontFormatException done
Event: 276.659 loading class java/nio/channels/ClosedChannelException
Event: 276.659 loading class java/nio/channels/ClosedChannelException done
Event: 276.659 Executing VM operation: HandshakeAllThreads
Event: 276.659 Executing VM operation: HandshakeAllThreads done
Event: 276.661 Thread 0x000001ec7f47b000 flushing nmethod 0x000001ec69af4110
Event: 276.663 loading class sun/font/NullFontScaler
Event: 276.663 loading class sun/font/NullFontScaler done
Event: 276.663 Executing VM operation: Deoptimize
Event: 276.663 Executing VM operation: Deoptimize done


Dynamic libraries:
0x00007ff778240000 - 0x00007ff77824f000 	C:\Program Files\Java\jdk-13\bin\java.exe
0x00007fff25bc0000 - 0x00007fff25db0000 	C:\Windows\SYSTEM32\ntdll.dll
0x00007fff251d0000 - 0x00007fff25282000 	C:\Windows\System32\KERNEL32.DLL
0x00007fff237c0000 - 0x00007fff23a65000 	C:\Windows\System32\KERNELBASE.dll
0x00007fff23b20000 - 0x00007fff23c1a000 	C:\Windows\System32\ucrtbase.dll
0x00007ffeee3b0000 - 0x00007ffeee3c5000 	C:\Program Files\Java\jdk-13\bin\VCRUNTIME140.dll
0x00007ffeedc70000 - 0x00007ffeedc88000 	C:\Program Files\Java\jdk-13\bin\jli.dll
0x00007fff23c70000 - 0x00007fff23d13000 	C:\Windows\System32\ADVAPI32.dll
0x00007fff24490000 - 0x00007fff2452e000 	C:\Windows\System32\msvcrt.dll
0x00007fff24e60000 - 0x00007fff24ef7000 	C:\Windows\System32\sechost.dll
0x00007fff250b0000 - 0x00007fff251cf000 	C:\Windows\System32\RPCRT4.dll
0x00007fff253a0000 - 0x00007fff25534000 	C:\Windows\System32\USER32.dll
0x00007fff102e0000 - 0x00007fff10564000 	C:\Windows\WinSxS\amd64_microsoft.windows.common-controls_6595b64144ccf1df_6.0.18362.1316_none_9e7a364fe461dbd7\COMCTL32.dll
0x00007fff23c40000 - 0x00007fff23c61000 	C:\Windows\System32\win32u.dll
0x00007fff247a0000 - 0x00007fff24ad7000 	C:\Windows\System32\combase.dll
0x00007fff24f00000 - 0x00007fff24f26000 	C:\Windows\System32\GDI32.dll
0x00007fff235e0000 - 0x00007fff23661000 	C:\Windows\System32\bcryptPrimitives.dll
0x00007fff22b40000 - 0x00007fff22cd8000 	C:\Windows\System32\gdi32full.dll
0x00007fff22d60000 - 0x00007fff22dfe000 	C:\Windows\System32\msvcp_win.dll
0x00007fff1d0f0000 - 0x00007fff1d0fa000 	C:\Windows\SYSTEM32\VERSION.dll
0x00007fff24fb0000 - 0x00007fff24fde000 	C:\Windows\System32\IMM32.DLL
0x00007ffeed5c0000 - 0x00007ffeed65b000 	C:\Program Files\Java\jdk-13\bin\msvcp140.dll
0x00007ffeced80000 - 0x00007ffecf8e6000 	C:\Program Files\Java\jdk-13\bin\server\jvm.dll
0x00007fff24470000 - 0x00007fff24478000 	C:\Windows\System32\PSAPI.DLL
0x00007fff0afc0000 - 0x00007fff0afc9000 	C:\Windows\SYSTEM32\WSOCK32.dll
0x00007fff20240000 - 0x00007fff20264000 	C:\Windows\SYSTEM32\WINMM.dll
0x00007fff24c90000 - 0x00007fff24cff000 	C:\Windows\System32\WS2_32.dll
0x00007fff20210000 - 0x00007fff2023d000 	C:\Windows\SYSTEM32\WINMMBASE.dll
0x00007fff22d10000 - 0x00007fff22d5a000 	C:\Windows\System32\cfgmgr32.dll
0x00007fff22a80000 - 0x00007fff22a91000 	C:\Windows\System32\kernel.appcore.dll
0x00007fff1a0a0000 - 0x00007fff1a0b0000 	C:\Program Files\Java\jdk-13\bin\verify.dll
0x00007fff06260000 - 0x00007fff06454000 	C:\Windows\SYSTEM32\DBGHELP.DLL
0x00007fff06230000 - 0x00007fff0625a000 	C:\Windows\SYSTEM32\dbgcore.DLL
0x00007ffeed980000 - 0x00007ffeed9a6000 	C:\Program Files\Java\jdk-13\bin\java.dll
0x00007ffeed5a0000 - 0x00007ffeed5b7000 	C:\Program Files\Java\jdk-13\bin\zip.dll
0x00007fff18c10000 - 0x00007fff18c1a000 	C:\Program Files\Java\jdk-13\bin\jimage.dll
0x00007fff23d20000 - 0x00007fff24408000 	C:\Windows\System32\SHELL32.dll
0x00007fff24530000 - 0x00007fff245d7000 	C:\Windows\System32\shcore.dll
0x00007fff22e60000 - 0x00007fff235db000 	C:\Windows\System32\windows.storage.dll
0x00007fff22ac0000 - 0x00007fff22ae3000 	C:\Windows\System32\profapi.dll
0x00007fff22af0000 - 0x00007fff22b3a000 	C:\Windows\System32\powrprof.dll
0x00007fff22a70000 - 0x00007fff22a80000 	C:\Windows\System32\UMPDC.dll
0x00007fff24410000 - 0x00007fff24462000 	C:\Windows\System32\shlwapi.dll
0x00007fff23c20000 - 0x00007fff23c37000 	C:\Windows\System32\cryptsp.dll
0x00007ffeef730000 - 0x00007ffeef8c9000 	C:\Program Files\Java\jdk-13\bin\awt.dll
0x00007fff24d80000 - 0x00007fff24e45000 	C:\Windows\System32\OLEAUT32.dll
0x00007fff1f580000 - 0x00007fff1fb40000 	C:\Windows\SYSTEM32\d2d1.dll
0x00007fff20bc0000 - 0x00007fff20c4f000 	C:\Windows\SYSTEM32\apphelp.dll
0x00007fff211c0000 - 0x00007fff211ed000 	C:\Windows\system32\DWMAPI.DLL
0x00007fff20d00000 - 0x00007fff20d99000 	C:\Windows\system32\uxtheme.dll
0x00007ffeef5d0000 - 0x00007ffeef726000 	C:\Windows\system32\opengl32.dll
0x00007fff18f30000 - 0x00007fff18f5c000 	C:\Windows\SYSTEM32\GLU32.dll
0x00007fff21690000 - 0x00007fff216b0000 	C:\Windows\SYSTEM32\dxcore.dll
0x00007fff24ae0000 - 0x00007fff24c15000 	C:\Windows\System32\MSCTF.dll
0x00007fff24640000 - 0x00007fff24797000 	C:\Windows\System32\ole32.dll
0x00007fff22aa0000 - 0x00007fff22ab2000 	C:\Windows\System32\msasn1.dll
0x00007fff1bb80000 - 0x00007fff1bbaf000 	C:\Windows\SYSTEM32\cryptnet.dll
0x00007fff23670000 - 0x00007fff237ba000 	C:\Windows\System32\CRYPT32.dll
0x00007fff22480000 - 0x00007fff2248c000 	C:\Windows\SYSTEM32\cryptbase.dll
0x00007fff22e00000 - 0x00007fff22e5c000 	C:\Windows\System32\WINTRUST.DLL
0x00007fff25540000 - 0x00007fff2555d000 	C:\Windows\System32\imagehlp.dll
0x00007fff21e30000 - 0x00007fff21e63000 	C:\Windows\system32\rsaenh.dll
0x00007fff22ce0000 - 0x00007fff22d06000 	C:\Windows\System32\bcrypt.dll
0x00007fff21640000 - 0x00007fff21662000 	C:\Windows\SYSTEM32\gpapi.dll
0x00007ffefbdb0000 - 0x00007ffefbe32000 	C:\Program Files\Java\jdk-13\bin\freetype.dll
0x00007ffefaaa0000 - 0x00007ffefab46000 	C:\Program Files\Java\jdk-13\bin\fontmanager.dll
0x00007fff18e40000 - 0x00007fff18edd000 	C:\Windows\System32\TextInputFramework.dll
0x00007fff207d0000 - 0x00007fff208a4000 	C:\Windows\System32\CoreMessaging.dll
0x00007fff1df00000 - 0x00007fff1e22a000 	C:\Windows\System32\CoreUIComponents.dll
0x00007fff21a90000 - 0x00007fff21ac1000 	C:\Windows\SYSTEM32\ntmarta.dll
0x00007fff1dd80000 - 0x00007fff1ded2000 	C:\Windows\SYSTEM32\wintypes.dll
0x00007ffeed580000 - 0x00007ffeed599000 	C:\Program Files\Java\jdk-13\bin\net.dll
0x00007fff1b870000 - 0x00007fff1ba46000 	C:\Windows\SYSTEM32\urlmon.dll
0x00007fff1d5e0000 - 0x00007fff1d6d0000 	C:\Windows\SYSTEM32\WINHTTP.dll
0x00007fff19470000 - 0x00007fff19717000 	C:\Windows\SYSTEM32\iertutil.dll
0x00007fff222b0000 - 0x00007fff22317000 	C:\Windows\system32\mswsock.dll
0x00007ffeebe50000 - 0x00007ffeebe63000 	C:\Program Files\Java\jdk-13\bin\nio.dll
0x00007fff22990000 - 0x00007fff229b5000 	C:\Windows\SYSTEM32\USERENV.dll
0x00007fff21fc0000 - 0x00007fff21ffa000 	C:\Windows\SYSTEM32\IPHLPAPI.DLL
0x00007fff24480000 - 0x00007fff24488000 	C:\Windows\System32\NSI.dll
0x00007fff1c5b0000 - 0x00007fff1c5c6000 	C:\Windows\SYSTEM32\dhcpcsvc6.DLL
0x00007fff1d100000 - 0x00007fff1d11c000 	C:\Windows\SYSTEM32\dhcpcsvc.DLL
0x00007fff22000000 - 0x00007fff220cb000 	C:\Windows\SYSTEM32\DNSAPI.dll
0x00007fff18f00000 - 0x00007fff18f2d000 	C:\Program Files\Java\jdk-13\bin\javajpeg.dll

dbghelp: loaded successfully - version: 4.0.5 - missing functions: none
symbol engine: initialized successfully - sym options: 0x614 - pdb path: .;C:\Program Files\Java\jdk-13\bin;C:\Windows\SYSTEM32;C:\Windows\WinSxS\amd64_microsoft.windows.common-controls_6595b64144ccf1df_6.0.18362.1316_none_9e7a364fe461dbd7;C:\Program Files\Java\jdk-13\bin\server;C:\WINDOWS\System32\DriverStore\FileRepository\nv_dispi.inf_amd64_8e68f77150e57b50

VM Arguments:
jvm_args: -Dfile.encoding=UTF-8 
java_command: warcraftTD.Main
java_class_path (initial): C:\Users\Cody\Desktop\Documents\_DEV\warcraftTD\bin
Launcher Type: SUN_STANDARD

[Global flags]
     intx CICompilerCount                          = 4                                         {product} {ergonomic}
     uint ConcGCThreads                            = 2                                         {product} {ergonomic}
     uint G1ConcRefinementThreads                  = 8                                         {product} {ergonomic}
   size_t G1HeapRegionSize                         = 1048576                                   {product} {ergonomic}
    uintx GCDrainStackTargetSize                   = 64                                        {product} {ergonomic}
   size_t InitialHeapSize                          = 268435456                                 {product} {ergonomic}
   size_t MarkStackSize                            = 4194304                                   {product} {ergonomic}
   size_t MaxHeapSize                              = 4273995776                                {product} {ergonomic}
   size_t MaxNewSize                               = 2563768320                                {product} {ergonomic}
   size_t MinHeapDeltaBytes                        = 1048576                                   {product} {ergonomic}
   size_t MinHeapSize                              = 8388608                                   {product} {ergonomic}
    uintx NonNMethodCodeHeapSize                   = 5836300                                {pd product} {ergonomic}
    uintx NonProfiledCodeHeapSize                  = 122910970                              {pd product} {ergonomic}
    uintx ProfiledCodeHeapSize                     = 122910970                              {pd product} {ergonomic}
    uintx ReservedCodeCacheSize                    = 251658240                              {pd product} {ergonomic}
     bool SegmentedCodeCache                       = true                                      {product} {ergonomic}
   size_t SoftMaxHeapSize                          = 4273995776                             {manageable} {ergonomic}
     bool UseCompressedClassPointers               = true                                 {lp64_product} {ergonomic}
     bool UseCompressedOops                        = true                                 {lp64_product} {ergonomic}
     bool UseG1GC                                  = true                                      {product} {ergonomic}
     bool UseLargePagesIndividualAllocation        = false                                  {pd product} {ergonomic}

Logging:
Log output configuration:
 #0: stdout all=warning uptime,level,tags
 #1: stderr all=off uptime,level,tags

Environment Variables:
JAVA_HOME=C:\Progra~1\Java\jdk-13
PATH=C:\Python\Python37\Scripts\;C:\Python\Python37\;C:\Program Files (x86)\Common Files\Oracle\Java\javapath;C:\Program Files (x86)\Common Files\Intel\Shared Libraries\redist\intel64\compiler;C:\ProgramData\Oracle\Java\javapath;C:\Program Files (x86)\Intel\iCLS Client\;C:\Program Files\Intel\iCLS Client\;C:\WINDOWS\system32;C:\WINDOWS;C:\WINDOWS\System32\Wbem;C:\WINDOWS\System32\WindowsPowerShell\v1.0\;C:\Program Files (x86)\Intel\Intel(R) Management Engine Components\DAL;C:\Program Files\Intel\Intel(R) Management Engine Components\DAL;C:\Program Files (x86)\Intel\Intel(R) Management Engine Components\IPT;C:\Program Files\Intel\Intel(R) Management Engine Components\IPT;C:\Program Files\dotnet\;C:\WINDOWS\System32\OpenSSH\;C:\Program Files (x86)\NVIDIA Corporation\PhysX\Common;C:\Users\Cody\AppData\Local\Programs\Python\Python37-32;C:\ProgramData\chocolatey\bin;C:\Program Files\nodejs\;C:\WINDOWS\system32;C:\WINDOWS;C:\WINDOWS\System32\Wbem;C:\WINDOWS\System32\WindowsPowerShell\v1.0\;C:\WINDOWS\System32\OpenSSH\;C:\Program Files (x86)\ZeroTier\One\;C:\MinGW\bin\;C:\Program Files\Git\cmd;C:\Program Files\Tesseract-OCR;C:\Tools\FFmpeg\bin;C:\Program Files (x86)\Sennheiser\Sennheiser Updater\;C:\Users\Cody\AppData\Local\Microsoft\WindowsApps;C:\Users\Cody\AppData\Roaming\npm;C:\Users\Cody\AppData\Local\GitHubDesktop\bin;C:\Users\Cody\AppData\Local\Microsoft\WindowsApps;
USERNAME=Cody
OS=Windows_NT
PROCESSOR_IDENTIFIER=Intel64 Family 6 Model 94 Stepping 3, GenuineIntel



---------------  S Y S T E M  ---------------

OS: Windows 10 , 64 bit Build 18362 (10.0.18362.1316)

CPU:total 8 (initial active 8) (4 cores per cpu, 2 threads per core) family 6 model 94 stepping 3, cmov, cx8, fxsr, mmx, sse, sse2, sse3, ssse3, sse4.1, sse4.2, popcnt, avx, avx2, aes, clmul, erms, rtm, 3dnowpref, lzcnt, ht, tsc, tscinvbit, bmi1, bmi2, adx, fma

Memory: 4k page, system-wide physical 16300M (8555M free)
TotalPageFile size 21161M (AvailPageFile size 7805M)
current process WorkingSet (physical memory assigned to process): 405M, peak: 414M
current process commit charge ("private bytes"): 488M, peak: 496M

vm_info: Java HotSpot(TM) 64-Bit Server VM (13+33) for windows-amd64 JRE (13+33), built on Sep 18 2019 21:38:00 by "mach5one" with unknown MS VC++:1916

END.
