#
# A fatal error has been detected by the Java Runtime Environment:
#
#  EXCEPTION_ACCESS_VIOLATION (0xc0000005) at pc=0x00007ffe8fa05d1a, pid=31752, tid=43152
#
# JRE version: Java(TM) SE Runtime Environment (13.0+33) (build 13+33)
# Java VM: Java HotSpot(TM) 64-Bit Server VM (13+33, mixed mode, sharing, tiered, compressed oops, g1 gc, windows-amd64)
# Problematic frame:
# C  [freetype.dll+0x45d1a]
#
# No core dump will be written. Minidumps are not enabled by default on client versions of Windows
#
# If you would like to submit a bug report, please visit:
#   http://bugreport.java.com/bugreport/crash.jsp
# The crash happened outside the Java Virtual Machine in native code.
# See problematic frame for where to report the bug.
#

---------------  S U M M A R Y ------------

Command Line: -agentlib:jdwp=transport=dt_socket,server=n,suspend=y,address=localhost:53361 -Dfile.encoding=UTF-8 warcraftTD.Main

Host: Intel(R) Core(TM) i7-6700K CPU @ 4.00GHz, 8 cores, 15G,  Windows 10 , 64 bit Build 18362 (10.0.18362.1316)
Time: Wed Jan 13 21:00:50 2021 Paris, Madrid elapsed time: 98 seconds (0d 0h 1m 38s)

---------------  T H R E A D  ---------------

Current thread (0x00000231f9f0e000):  JavaThread "main" [_thread_in_native, id=43152, stack(0x000000b258e00000,0x000000b258f00000)]

Stack: [0x000000b258e00000,0x000000b258f00000],  sp=0x000000b258efeab0,  free space=1018k
Native frames: (J=compiled Java code, j=interpreted, Vv=VM code, C=native code)
C  [freetype.dll+0x45d1a]

Java frames: (J=compiled Java code, j=interpreted, Vv=VM code)
J 2414  sun.font.FreetypeFontScaler.getGlyphImageNative(Lsun/font/Font2D;JJI)J java.desktop@13 (0 bytes) @ 0x0000023190153029 [0x0000023190152fc0+0x0000000000000069]
J 3085 c2 sun.font.FileFont.getGlyphImage(JI)J java.desktop@13 (26 bytes) @ 0x0000023190252a60 [0x00000231902528c0+0x00000000000001a0]
J 1858 c2 sun.font.FileFontStrike.getGlyphImagePtrs([I[JI)V java.desktop@13 (111 bytes) @ 0x000002318ffefe04 [0x000002318ffefae0+0x0000000000000324]
J 2380 c2 sun.font.GlyphList.mapChars(Lsun/java2d/loops/FontInfo;I)Z java.desktop@13 (47 bytes) @ 0x0000023190147d08 [0x0000023190147be0+0x0000000000000128]
J 2511 c2 sun.font.GlyphList.setFromString(Lsun/java2d/loops/FontInfo;Ljava/lang/String;FF)Z java.desktop@13 (75 bytes) @ 0x0000023190195890 [0x00000231901955e0+0x00000000000002b0]
J 2477 c2 sun.java2d.pipe.GlyphListPipe.drawString(Lsun/java2d/SunGraphics2D;Ljava/lang/String;DD)V java.desktop@13 (202 bytes) @ 0x000002319017dce4 [0x000002319017da00+0x00000000000002e4]
J 2354 c2 warcraftTD.StdDraw.textLeft(DDLjava/lang/String;)V (71 bytes) @ 0x00000231901294f4 [0x0000023190128840+0x0000000000000cb4]
J 3082 c2 warcraftTD.World.drawInfos()V (2251 bytes) @ 0x00000231902e14f0 [0x00000231902e08e0+0x0000000000000c10]
J 2887 c2 warcraftTD.World.draw()V (40 bytes) @ 0x00000231902bd81c [0x00000231902bd1a0+0x000000000000067c]
j  warcraftTD.World.run()V+64
j  warcraftTD.Main.main([Ljava/lang/String;)V+34
v  ~StubRoutines::call_stub

siginfo: EXCEPTION_ACCESS_VIOLATION (0xc0000005), reading address 0x0000000000000118


Register to memory mapping:

RIP=0x00007ffe8fa05d1a freetype.dll
RAX=0x000000b258efeae8 is pointing into the stack for thread: 0x00000231f9f0e000
RBX=0x000000b258efec90 is pointing into the stack for thread: 0x00000231f9f0e000
RCX=0x00000231a125a960 points into unknown readable memory: 01 00 00 00 00 00 00 00
RDX=0x0 is NULL
RSP=0x000000b258efeab0 is pointing into the stack for thread: 0x00000231f9f0e000
RBP=0x000000b258efebb0 is pointing into the stack for thread: 0x00000231f9f0e000
RSI=0x00000231a125a960 points into unknown readable memory: 01 00 00 00 00 00 00 00
RDI=0x0 is NULL
R8 =0x000000000000003a is an unknown value
R9 =0x000000b258efeb10 is pointing into the stack for thread: 0x00000231f9f0e000
R10=0x0 is NULL
R11=0x000000b258efe9e0 is pointing into the stack for thread: 0x00000231f9f0e000
R12=0x000000000000003a is an unknown value
R13=0x00000000000018f8 is an unknown value
R14=0x00000231a125a960 points into unknown readable memory: 01 00 00 00 00 00 00 00
R15=0x00000231a7a01180 points into unknown readable memory: 30 b1 8e a7 31 02 00 00


Registers:
RAX=0x000000b258efeae8, RBX=0x000000b258efec90, RCX=0x00000231a125a960, RDX=0x0000000000000000
RSP=0x000000b258efeab0, RBP=0x000000b258efebb0, RSI=0x00000231a125a960, RDI=0x0000000000000000
R8 =0x000000000000003a, R9 =0x000000b258efeb10, R10=0x0000000000000000, R11=0x000000b258efe9e0
R12=0x000000000000003a, R13=0x00000000000018f8, R14=0x00000231a125a960, R15=0x00000231a7a01180
RIP=0x00007ffe8fa05d1a, EFLAGS=0x0000000000010246

Top of Stack: (sp=0x000000b258efeab0)
0x000000b258efeab0:   000000b258efec90 000000b258efecc0
0x000000b258efeac0:   0000000000000000 00000231f9e20cb0
0x000000b258efead0:   000000b258efeae8 00007ffe7b64f650
0x000000b258efeae0:   0000000000000000 00007f007b8f0000
0x000000b258efeaf0:   0000000058ef0000 000000b200001a88
0x000000b258efeb00:   00020c4a00020c4a 000000b200000000
0x000000b258efeb10:   00007ffe7bb60000 00007ffe8fa0dc73
0x000000b258efeb20:   000000b258efeb98 00007ffe7b69f5fe
0x000000b258efeb30:   000000b258efebf8 00000231f9f0e000
0x000000b258efeb40:   0000000000000000 0000000000000000
0x000000b258efeb50:   00000231a040d100 00000231a794f2d0
0x000000b258efeb60:   00000231a7a44b00 00000231a125a960
0x000000b258efeb70:   00000231a795caa0 00007ffe8fa12993
0x000000b258efeb80:   00000231f9f0e000 00000231a795caa0
0x000000b258efeb90:   00000231a795caa0 000002319fc2fc50
0x000000b258efeba0:   0000000000000000 00000231a7a44b00 

Instructions: (pc=0x00007ffe8fa05d1a)
0x00007ffe8fa05c1a:   48 89 45 c0 48 89 45 c8 48 89 45 d0 48 89 45 d8
0x00007ffe8fa05c2a:   48 89 45 e0 c6 44 24 34 01 e8 18 e0 fd ff 48 8d
0x00007ffe8fa05c3a:   45 a0 48 89 43 28 eb 12 48 8d 73 30 49 8b ce 4c
0x00007ffe8fa05c4a:   8b c6 e8 6f d1 00 00 44 8b e8 44 8b 0e 45 85 c9
0x00007ffe8fa05c5a:   7e 63 41 8b 96 04 04 00 00 85 d2 75 15 49 8b 8e
0x00007ffe8fa05c6a:   d0 00 00 00 48 39 79 50 75 08 8d 4a 08 e9 01 0a
0x00007ffe8fa05c7a:   00 00 46 8d 04 2a 48 8b cb 41 8b d4 41 ff 96 a8
0x00007ffe8fa05c8a:   02 00 00 89 44 24 30 8b c8 85 c0 0f 85 e6 09 00
0x00007ffe8fa05c9a:   00 48 8b cb 41 ff 96 b8 02 00 00 48 8b cb 89 44
0x00007ffe8fa05caa:   24 30 41 ff 96 b0 02 00 00 8b 4c 24 30 85 c9 0f
0x00007ffe8fa05cba:   85 c2 09 00 00 39 3e 74 06 66 39 7b 34 75 08 48
0x00007ffe8fa05cca:   89 7b 38 48 89 7b 40 48 8b 43 28 48 8b 33 48 8b
0x00007ffe8fa05cda:   c8 48 89 45 40 66 89 7c 24 60 66 89 7c 24 44 66
0x00007ffe8fa05cea:   89 7c 24 38 66 89 7c 24 40 e8 78 df fd ff 4c 8b
0x00007ffe8fa05cfa:   96 d0 02 00 00 4c 8d 4c 24 60 89 44 24 48 45 8b
0x00007ffe8fa05d0a:   c4 48 8d 44 24 38 33 d2 48 8b ce 48 89 44 24 20
0x00007ffe8fa05d1a:   41 ff 92 18 01 00 00 8b 4b 44 40 38 be 90 01 00
0x00007ffe8fa05d2a:   00 74 27 4c 8b 96 d0 02 00 00 48 8d 44 24 40 4c
0x00007ffe8fa05d3a:   8d 4c 24 44 48 89 44 24 20 45 8b c4 b2 01 48 8b
0x00007ffe8fa05d4a:   ce 41 ff 92 18 01 00 00 eb 7d b8 ff ff 00 00 66
0x00007ffe8fa05d5a:   39 86 08 02 00 00 74 37 0f b7 86 4e 02 00 00 66
0x00007ffe8fa05d6a:   2b c1 66 89 44 24 44 0f bf 8e 4e 02 00 00 44 0f
0x00007ffe8fa05d7a:   bf 86 50 02 00 00 8b d1 41 2b d0 0f b7 c1 66 41
0x00007ffe8fa05d8a:   2b c0 66 44 2b c1 85 d2 66 44 0f 49 c0 eb 32 0f
0x00007ffe8fa05d9a:   b7 86 3c 01 00 00 66 2b c1 66 89 44 24 44 0f bf
0x00007ffe8fa05daa:   96 3e 01 00 00 44 0f bf 86 3c 01 00 00 44 3b c2
0x00007ffe8fa05dba:   79 0b 66 41 2b d0 66 89 54 24 40 eb 0a 66 44 2b
0x00007ffe8fa05dca:   c2 66 44 89 44 24 40 8b 54 24 48 48 8b 4d 40 e8
0x00007ffe8fa05dda:   e2 e4 fd ff 8b c8 85 c0 75 35 0f bf 44 24 60 0f
0x00007ffe8fa05dea:   b7 4c 24 38 89 43 48 0f bf 44 24 44 89 83 08 01
0x00007ffe8fa05dfa:   00 00 0f b7 44 24 40 89 83 0c 01 00 00 89 4b 4c
0x00007ffe8fa05e0a:   40 38 7b 54 75 07 c6 43 54 01 89 4b 50 8b cf 89 


Stack slot to memory mapping:
stack at sp + 0 slots: 0x000000b258efec90 is pointing into the stack for thread: 0x00000231f9f0e000
stack at sp + 1 slots: 0x000000b258efecc0 is pointing into the stack for thread: 0x00000231f9f0e000
stack at sp + 2 slots: 0x0 is NULL
stack at sp + 3 slots: 0x00000231f9e20cb0 points into unknown readable memory: 02 00 00 00 3f 00 5c 00
stack at sp + 4 slots: 0x000000b258efeae8 is pointing into the stack for thread: 0x00000231f9f0e000
stack at sp + 5 slots: 0x00007ffe7b64f650 jvm.dll
stack at sp + 6 slots: 0x0 is NULL
stack at sp + 7 slots: 0x00007f007b8f0000 is an unknown value


---------------  P R O C E S S  ---------------

Threads class SMR info:
_java_thread_list=0x00000231ac2a96f0, length=17, elements={
0x00000231f9f0e000, 0x00000231a0375000, 0x00000231a037a800, 0x00000231a0396000,
0x00000231a0397800, 0x00000231a0399000, 0x00000231a039a000, 0x00000231a039f000,
0x00000231a050d000, 0x00000231a0510800, 0x00000231a0511800, 0x00000231a0523000,
0x00000231a051f000, 0x00000231a051f800, 0x00000231a0523800, 0x00000231a0524800,
0x00000231a0521800
}

Java Threads: ( => current thread )
=>0x00000231f9f0e000 JavaThread "main" [_thread_in_native, id=43152, stack(0x000000b258e00000,0x000000b258f00000)]
  0x00000231a0375000 JavaThread "Reference Handler" daemon [_thread_blocked, id=42196, stack(0x000000b259500000,0x000000b259600000)]
  0x00000231a037a800 JavaThread "Finalizer" daemon [_thread_blocked, id=10816, stack(0x000000b259600000,0x000000b259700000)]
  0x00000231a0396000 JavaThread "Signal Dispatcher" daemon [_thread_blocked, id=3384, stack(0x000000b259700000,0x000000b259800000)]
  0x00000231a0397800 JavaThread "Attach Listener" daemon [_thread_blocked, id=43544, stack(0x000000b259800000,0x000000b259900000)]
  0x00000231a0399000 JavaThread "C2 CompilerThread0" daemon [_thread_blocked, id=12908, stack(0x000000b259900000,0x000000b259a00000)]
  0x00000231a039a000 JavaThread "C1 CompilerThread0" daemon [_thread_blocked, id=38988, stack(0x000000b259a00000,0x000000b259b00000)]
  0x00000231a039f000 JavaThread "Sweeper thread" daemon [_thread_blocked, id=43080, stack(0x000000b259b00000,0x000000b259c00000)]
  0x00000231a050d000 JavaThread "JDWP Transport Listener: dt_socket" daemon [_thread_blocked, id=43028, stack(0x000000b259c00000,0x000000b259d00000)]
  0x00000231a0510800 JavaThread "JDWP Event Helper Thread" daemon [_thread_blocked, id=29224, stack(0x000000b259d00000,0x000000b259e00000)]
  0x00000231a0511800 JavaThread "JDWP Command Reader" daemon [_thread_in_native, id=43564, stack(0x000000b259e00000,0x000000b259f00000)]
  0x00000231a0523000 JavaThread "Service Thread" daemon [_thread_blocked, id=14424, stack(0x000000b259f00000,0x000000b25a000000)]
  0x00000231a051f000 JavaThread "Common-Cleaner" daemon [_thread_blocked, id=43196, stack(0x000000b25a100000,0x000000b25a200000)]
  0x00000231a051f800 JavaThread "Java2D Disposer" daemon [_thread_blocked, id=43208, stack(0x000000b25a200000,0x000000b25a300000)]
  0x00000231a0523800 JavaThread "AWT-Shutdown" [_thread_blocked, id=42348, stack(0x000000b25a300000,0x000000b25a400000)]
  0x00000231a0524800 JavaThread "AWT-EventQueue-0" [_thread_blocked, id=43188, stack(0x000000b25a700000,0x000000b25a800000)]
  0x00000231a0521800 JavaThread "ToolkitShutdown" daemon [_thread_in_native, id=43552, stack(0x000000b258b00000,0x000000b258c00000)]

Other Threads:
  0x00000231a0373800 VMThread "VM Thread" [stack: 0x000000b259400000,0x000000b259500000] [id=37092]
  0x00000231a052c800 WatcherThread [stack: 0x000000b25a000000,0x000000b25a100000] [id=41664]
  0x00000231fbf8b800 GCTaskThread "GC Thread#0" [stack: 0x000000b258f00000,0x000000b259000000] [id=43904]
  0x00000231a7e06800 GCTaskThread "GC Thread#1" [stack: 0x000000b25ab00000,0x000000b25ac00000] [id=13876]
  0x00000231a7e07000 GCTaskThread "GC Thread#2" [stack: 0x000000b25ac00000,0x000000b25ad00000] [id=38688]
  0x00000231a7c7f800 GCTaskThread "GC Thread#3" [stack: 0x000000b25ad00000,0x000000b25ae00000] [id=42848]
  0x00000231a7c80000 GCTaskThread "GC Thread#4" [stack: 0x000000b25ae00000,0x000000b25af00000] [id=34440]
  0x00000231a80b2000 GCTaskThread "GC Thread#5" [stack: 0x000000b25af00000,0x000000b25b000000] [id=44000]
  0x00000231fbfae000 ConcurrentGCThread "G1 Main Marker" [stack: 0x000000b259000000,0x000000b259100000] [id=42744]
  0x00000231fbfaf000 ConcurrentGCThread "G1 Conc#0" [stack: 0x000000b259100000,0x000000b259200000] [id=34944]
  0x00000231fbfee000 ConcurrentGCThread "G1 Refine#0" [stack: 0x000000b259200000,0x000000b259300000] [id=14224]
  0x00000231a7cdf000 ConcurrentGCThread "G1 Refine#1" [stack: 0x000000b25b000000,0x000000b25b100000] [id=43916]
  0x00000231a7ce1000 ConcurrentGCThread "G1 Refine#2" [stack: 0x000000b25b100000,0x000000b25b200000] [id=32420]
  0x00000231a8048000 ConcurrentGCThread "G1 Refine#3" [stack: 0x000000b25b200000,0x000000b25b300000] [id=43780]
  0x00000231a8049000 ConcurrentGCThread "G1 Refine#4" [stack: 0x000000b25b300000,0x000000b25b400000] [id=38256]
  0x00000231a7a43000 ConcurrentGCThread "G1 Refine#5" [stack: 0x000000b25b400000,0x000000b25b500000] [id=39564]
  0x000002319f49a800 ConcurrentGCThread "G1 Young RemSet Sampling" [stack: 0x000000b259300000,0x000000b259400000] [id=35664]

Threads with active compile tasks:

VM state:not at safepoint (normal execution)

VM Mutex/Monitor currently owned by a thread: None

Heap address: 0x0000000701400000, size: 4076 MB, Compressed Oops mode: Zero based, Oop shift amount: 3
Narrow klass base: 0x0000000800000000, Narrow klass shift: 3
Compressed class space size: 1073741824 Address: 0x0000000800b40000

Heap:
 garbage-first heap   total 262144K, used 165601K [0x0000000701400000, 0x0000000800000000)
  region size 1024K, 142 young (145408K), 1 survivors (1024K)
 Metaspace       used 9410K, capacity 9692K, committed 9728K, reserved 1058816K
  class space    used 895K, capacity 1010K, committed 1024K, reserved 1048576K
Heap Regions: E=young(eden), S=young(survivor), O=old, HS=humongous(starts), HC=humongous(continues), CS=collection set, F=free, A=archive, TAMS=top-at-mark-start (previous, next)
|   0|0x0000000701400000, 0x0000000701400000, 0x0000000701500000|  0%| F|  |TAMS 0x0000000701400000, 0x0000000701400000| Untracked 
|   1|0x0000000701500000, 0x0000000701500000, 0x0000000701600000|  0%| F|  |TAMS 0x0000000701500000, 0x0000000701500000| Untracked 
|   2|0x0000000701600000, 0x0000000701700000, 0x0000000701700000|100%|HS|  |TAMS 0x0000000701600000, 0x0000000701600000| Complete 
|   3|0x0000000701700000, 0x0000000701800000, 0x0000000701800000|100%|HC|  |TAMS 0x0000000701700000, 0x0000000701700000| Complete 
|   4|0x0000000701800000, 0x0000000701900000, 0x0000000701900000|100%|HS|  |TAMS 0x0000000701800000, 0x0000000701800000| Complete 
|   5|0x0000000701900000, 0x0000000701a00000, 0x0000000701a00000|100%|HC|  |TAMS 0x0000000701900000, 0x0000000701900000| Complete 
|   6|0x0000000701a00000, 0x0000000701b00000, 0x0000000701b00000|100%|HC|  |TAMS 0x0000000701a00000, 0x0000000701a00000| Complete 
|   7|0x0000000701b00000, 0x0000000701c00000, 0x0000000701c00000|100%|HC|  |TAMS 0x0000000701b00000, 0x0000000701b00000| Complete 
|   8|0x0000000701c00000, 0x0000000701d00000, 0x0000000701d00000|100%|HS|  |TAMS 0x0000000701c00000, 0x0000000701c00000| Complete 
|   9|0x0000000701d00000, 0x0000000701e00000, 0x0000000701e00000|100%|HC|  |TAMS 0x0000000701d00000, 0x0000000701d00000| Complete 
|  10|0x0000000701e00000, 0x0000000701f00000, 0x0000000701f00000|100%|HC|  |TAMS 0x0000000701e00000, 0x0000000701e00000| Complete 
|  11|0x0000000701f00000, 0x0000000702000000, 0x0000000702000000|100%|HC|  |TAMS 0x0000000701f00000, 0x0000000701f00000| Complete 
|  12|0x0000000702000000, 0x0000000702100000, 0x0000000702100000|100%|HS|  |TAMS 0x0000000702000000, 0x0000000702000000| Complete 
|  13|0x0000000702100000, 0x0000000702200000, 0x0000000702200000|100%|HC|  |TAMS 0x0000000702100000, 0x0000000702100000| Complete 
|  14|0x0000000702200000, 0x0000000702300000, 0x0000000702300000|100%|HC|  |TAMS 0x0000000702200000, 0x0000000702200000| Complete 
|  15|0x0000000702300000, 0x0000000702400000, 0x0000000702400000|100%|HS|  |TAMS 0x0000000702300000, 0x0000000702300000| Complete 
|  16|0x0000000702400000, 0x0000000702500000, 0x0000000702500000|100%| O|  |TAMS 0x0000000702400000, 0x0000000702400000| Untracked 
|  17|0x0000000702500000, 0x0000000702600000, 0x0000000702600000|100%| O|  |TAMS 0x0000000702500000, 0x0000000702500000| Untracked 
|  18|0x0000000702600000, 0x0000000702700000, 0x0000000702700000|100%| O|  |TAMS 0x0000000702600000, 0x0000000702600000| Untracked 
|  19|0x0000000702700000, 0x0000000702800000, 0x0000000702800000|100%| O|  |TAMS 0x0000000702700000, 0x0000000702700000| Untracked 
|  20|0x0000000702800000, 0x0000000702900000, 0x0000000702900000|100%| O|  |TAMS 0x0000000702800000, 0x0000000702800000| Untracked 
|  21|0x0000000702900000, 0x0000000702a00000, 0x0000000702a00000|100%| O|  |TAMS 0x0000000702900000, 0x0000000702900000| Untracked 
|  22|0x0000000702a00000, 0x0000000702ab8400, 0x0000000702b00000| 71%| O|  |TAMS 0x0000000702a00000, 0x0000000702a00000| Untracked 
|  23|0x0000000702b00000, 0x0000000702b00000, 0x0000000702c00000|  0%| F|  |TAMS 0x0000000702b00000, 0x0000000702b00000| Untracked 
|  24|0x0000000702c00000, 0x0000000702c00000, 0x0000000702d00000|  0%| F|  |TAMS 0x0000000702c00000, 0x0000000702c00000| Untracked 
|  25|0x0000000702d00000, 0x0000000702d00000, 0x0000000702e00000|  0%| F|  |TAMS 0x0000000702d00000, 0x0000000702d00000| Untracked 
|  26|0x0000000702e00000, 0x0000000702e00000, 0x0000000702f00000|  0%| F|  |TAMS 0x0000000702e00000, 0x0000000702e00000| Untracked 
|  27|0x0000000702f00000, 0x0000000702f00000, 0x0000000703000000|  0%| F|  |TAMS 0x0000000702f00000, 0x0000000702f00000| Untracked 
|  28|0x0000000703000000, 0x0000000703000000, 0x0000000703100000|  0%| F|  |TAMS 0x0000000703000000, 0x0000000703000000| Untracked 
|  29|0x0000000703100000, 0x0000000703100000, 0x0000000703200000|  0%| F|  |TAMS 0x0000000703100000, 0x0000000703100000| Untracked 
|  30|0x0000000703200000, 0x0000000703200000, 0x0000000703300000|  0%| F|  |TAMS 0x0000000703200000, 0x0000000703200000| Untracked 
|  31|0x0000000703300000, 0x0000000703300000, 0x0000000703400000|  0%| F|  |TAMS 0x0000000703300000, 0x0000000703300000| Untracked 
|  32|0x0000000703400000, 0x0000000703400000, 0x0000000703500000|  0%| F|  |TAMS 0x0000000703400000, 0x0000000703400000| Untracked 
|  33|0x0000000703500000, 0x0000000703500000, 0x0000000703600000|  0%| F|  |TAMS 0x0000000703500000, 0x0000000703500000| Untracked 
|  34|0x0000000703600000, 0x0000000703600000, 0x0000000703700000|  0%| F|  |TAMS 0x0000000703600000, 0x0000000703600000| Untracked 
|  35|0x0000000703700000, 0x0000000703700000, 0x0000000703800000|  0%| F|  |TAMS 0x0000000703700000, 0x0000000703700000| Untracked 
|  36|0x0000000703800000, 0x0000000703800000, 0x0000000703900000|  0%| F|  |TAMS 0x0000000703800000, 0x0000000703800000| Untracked 
|  37|0x0000000703900000, 0x0000000703900000, 0x0000000703a00000|  0%| F|  |TAMS 0x0000000703900000, 0x0000000703900000| Untracked 
|  38|0x0000000703a00000, 0x0000000703a00000, 0x0000000703b00000|  0%| F|  |TAMS 0x0000000703a00000, 0x0000000703a00000| Untracked 
|  39|0x0000000703b00000, 0x0000000703b00000, 0x0000000703c00000|  0%| F|  |TAMS 0x0000000703b00000, 0x0000000703b00000| Untracked 
|  40|0x0000000703c00000, 0x0000000703c00000, 0x0000000703d00000|  0%| F|  |TAMS 0x0000000703c00000, 0x0000000703c00000| Untracked 
|  41|0x0000000703d00000, 0x0000000703d00000, 0x0000000703e00000|  0%| F|  |TAMS 0x0000000703d00000, 0x0000000703d00000| Untracked 
|  42|0x0000000703e00000, 0x0000000703e00000, 0x0000000703f00000|  0%| F|  |TAMS 0x0000000703e00000, 0x0000000703e00000| Untracked 
|  43|0x0000000703f00000, 0x0000000703f00000, 0x0000000704000000|  0%| F|  |TAMS 0x0000000703f00000, 0x0000000703f00000| Untracked 
|  44|0x0000000704000000, 0x0000000704000000, 0x0000000704100000|  0%| F|  |TAMS 0x0000000704000000, 0x0000000704000000| Untracked 
|  45|0x0000000704100000, 0x0000000704100000, 0x0000000704200000|  0%| F|  |TAMS 0x0000000704100000, 0x0000000704100000| Untracked 
|  46|0x0000000704200000, 0x0000000704200000, 0x0000000704300000|  0%| F|  |TAMS 0x0000000704200000, 0x0000000704200000| Untracked 
|  47|0x0000000704300000, 0x0000000704300000, 0x0000000704400000|  0%| F|  |TAMS 0x0000000704300000, 0x0000000704300000| Untracked 
|  48|0x0000000704400000, 0x0000000704400000, 0x0000000704500000|  0%| F|  |TAMS 0x0000000704400000, 0x0000000704400000| Untracked 
|  49|0x0000000704500000, 0x0000000704500000, 0x0000000704600000|  0%| F|  |TAMS 0x0000000704500000, 0x0000000704500000| Untracked 
|  50|0x0000000704600000, 0x0000000704600000, 0x0000000704700000|  0%| F|  |TAMS 0x0000000704600000, 0x0000000704600000| Untracked 
|  51|0x0000000704700000, 0x0000000704700000, 0x0000000704800000|  0%| F|  |TAMS 0x0000000704700000, 0x0000000704700000| Untracked 
|  52|0x0000000704800000, 0x0000000704800000, 0x0000000704900000|  0%| F|  |TAMS 0x0000000704800000, 0x0000000704800000| Untracked 
|  53|0x0000000704900000, 0x0000000704900000, 0x0000000704a00000|  0%| F|  |TAMS 0x0000000704900000, 0x0000000704900000| Untracked 
|  54|0x0000000704a00000, 0x0000000704a00000, 0x0000000704b00000|  0%| F|  |TAMS 0x0000000704a00000, 0x0000000704a00000| Untracked 
|  55|0x0000000704b00000, 0x0000000704b00000, 0x0000000704c00000|  0%| F|  |TAMS 0x0000000704b00000, 0x0000000704b00000| Untracked 
|  56|0x0000000704c00000, 0x0000000704c00000, 0x0000000704d00000|  0%| F|  |TAMS 0x0000000704c00000, 0x0000000704c00000| Untracked 
|  57|0x0000000704d00000, 0x0000000704d00000, 0x0000000704e00000|  0%| F|  |TAMS 0x0000000704d00000, 0x0000000704d00000| Untracked 
|  58|0x0000000704e00000, 0x0000000704e00000, 0x0000000704f00000|  0%| F|  |TAMS 0x0000000704e00000, 0x0000000704e00000| Untracked 
|  59|0x0000000704f00000, 0x0000000704f00000, 0x0000000705000000|  0%| F|  |TAMS 0x0000000704f00000, 0x0000000704f00000| Untracked 
|  60|0x0000000705000000, 0x0000000705000000, 0x0000000705100000|  0%| F|  |TAMS 0x0000000705000000, 0x0000000705000000| Untracked 
|  61|0x0000000705100000, 0x0000000705100000, 0x0000000705200000|  0%| F|  |TAMS 0x0000000705100000, 0x0000000705100000| Untracked 
|  62|0x0000000705200000, 0x0000000705200000, 0x0000000705300000|  0%| F|  |TAMS 0x0000000705200000, 0x0000000705200000| Untracked 
|  63|0x0000000705300000, 0x0000000705300000, 0x0000000705400000|  0%| F|  |TAMS 0x0000000705300000, 0x0000000705300000| Untracked 
|  64|0x0000000705400000, 0x0000000705400000, 0x0000000705500000|  0%| F|  |TAMS 0x0000000705400000, 0x0000000705400000| Untracked 
|  65|0x0000000705500000, 0x0000000705500000, 0x0000000705600000|  0%| F|  |TAMS 0x0000000705500000, 0x0000000705500000| Untracked 
|  66|0x0000000705600000, 0x0000000705600000, 0x0000000705700000|  0%| F|  |TAMS 0x0000000705600000, 0x0000000705600000| Untracked 
|  67|0x0000000705700000, 0x0000000705700000, 0x0000000705800000|  0%| F|  |TAMS 0x0000000705700000, 0x0000000705700000| Untracked 
|  68|0x0000000705800000, 0x0000000705800000, 0x0000000705900000|  0%| F|  |TAMS 0x0000000705800000, 0x0000000705800000| Untracked 
|  69|0x0000000705900000, 0x0000000705900000, 0x0000000705a00000|  0%| F|  |TAMS 0x0000000705900000, 0x0000000705900000| Untracked 
|  70|0x0000000705a00000, 0x0000000705a00000, 0x0000000705b00000|  0%| F|  |TAMS 0x0000000705a00000, 0x0000000705a00000| Untracked 
|  71|0x0000000705b00000, 0x0000000705b00000, 0x0000000705c00000|  0%| F|  |TAMS 0x0000000705b00000, 0x0000000705b00000| Untracked 
|  72|0x0000000705c00000, 0x0000000705c00000, 0x0000000705d00000|  0%| F|  |TAMS 0x0000000705c00000, 0x0000000705c00000| Untracked 
|  73|0x0000000705d00000, 0x0000000705d00000, 0x0000000705e00000|  0%| F|  |TAMS 0x0000000705d00000, 0x0000000705d00000| Untracked 
|  74|0x0000000705e00000, 0x0000000705e00000, 0x0000000705f00000|  0%| F|  |TAMS 0x0000000705e00000, 0x0000000705e00000| Untracked 
|  75|0x0000000705f00000, 0x0000000705f00000, 0x0000000706000000|  0%| F|  |TAMS 0x0000000705f00000, 0x0000000705f00000| Untracked 
|  76|0x0000000706000000, 0x0000000706000000, 0x0000000706100000|  0%| F|  |TAMS 0x0000000706000000, 0x0000000706000000| Untracked 
|  77|0x0000000706100000, 0x0000000706100000, 0x0000000706200000|  0%| F|  |TAMS 0x0000000706100000, 0x0000000706100000| Untracked 
|  78|0x0000000706200000, 0x0000000706200000, 0x0000000706300000|  0%| F|  |TAMS 0x0000000706200000, 0x0000000706200000| Untracked 
|  79|0x0000000706300000, 0x0000000706300000, 0x0000000706400000|  0%| F|  |TAMS 0x0000000706300000, 0x0000000706300000| Untracked 
|  80|0x0000000706400000, 0x0000000706400000, 0x0000000706500000|  0%| F|  |TAMS 0x0000000706400000, 0x0000000706400000| Untracked 
|  81|0x0000000706500000, 0x0000000706500000, 0x0000000706600000|  0%| F|  |TAMS 0x0000000706500000, 0x0000000706500000| Untracked 
|  82|0x0000000706600000, 0x0000000706600000, 0x0000000706700000|  0%| F|  |TAMS 0x0000000706600000, 0x0000000706600000| Untracked 
|  83|0x0000000706700000, 0x0000000706700000, 0x0000000706800000|  0%| F|  |TAMS 0x0000000706700000, 0x0000000706700000| Untracked 
|  84|0x0000000706800000, 0x0000000706800000, 0x0000000706900000|  0%| F|  |TAMS 0x0000000706800000, 0x0000000706800000| Untracked 
|  85|0x0000000706900000, 0x0000000706900000, 0x0000000706a00000|  0%| F|  |TAMS 0x0000000706900000, 0x0000000706900000| Untracked 
|  86|0x0000000706a00000, 0x0000000706a00000, 0x0000000706b00000|  0%| F|  |TAMS 0x0000000706a00000, 0x0000000706a00000| Untracked 
|  87|0x0000000706b00000, 0x0000000706b00000, 0x0000000706c00000|  0%| F|  |TAMS 0x0000000706b00000, 0x0000000706b00000| Untracked 
|  88|0x0000000706c00000, 0x0000000706c00000, 0x0000000706d00000|  0%| F|  |TAMS 0x0000000706c00000, 0x0000000706c00000| Untracked 
|  89|0x0000000706d00000, 0x0000000706d00000, 0x0000000706e00000|  0%| F|  |TAMS 0x0000000706d00000, 0x0000000706d00000| Untracked 
|  90|0x0000000706e00000, 0x0000000706e00000, 0x0000000706f00000|  0%| F|  |TAMS 0x0000000706e00000, 0x0000000706e00000| Untracked 
|  91|0x0000000706f00000, 0x0000000706f00000, 0x0000000707000000|  0%| F|  |TAMS 0x0000000706f00000, 0x0000000706f00000| Untracked 
|  92|0x0000000707000000, 0x0000000707000000, 0x0000000707100000|  0%| F|  |TAMS 0x0000000707000000, 0x0000000707000000| Untracked 
|  93|0x0000000707100000, 0x0000000707100000, 0x0000000707200000|  0%| F|  |TAMS 0x0000000707100000, 0x0000000707100000| Untracked 
|  94|0x0000000707200000, 0x0000000707200000, 0x0000000707300000|  0%| F|  |TAMS 0x0000000707200000, 0x0000000707200000| Untracked 
|  95|0x0000000707300000, 0x0000000707300000, 0x0000000707400000|  0%| F|  |TAMS 0x0000000707300000, 0x0000000707300000| Untracked 
|  96|0x0000000707400000, 0x0000000707400000, 0x0000000707500000|  0%| F|  |TAMS 0x0000000707400000, 0x0000000707400000| Untracked 
|  97|0x0000000707500000, 0x0000000707500000, 0x0000000707600000|  0%| F|  |TAMS 0x0000000707500000, 0x0000000707500000| Untracked 
|  98|0x0000000707600000, 0x0000000707600000, 0x0000000707700000|  0%| F|  |TAMS 0x0000000707600000, 0x0000000707600000| Untracked 
|  99|0x0000000707700000, 0x0000000707700000, 0x0000000707800000|  0%| F|  |TAMS 0x0000000707700000, 0x0000000707700000| Untracked 
| 100|0x0000000707800000, 0x0000000707800000, 0x0000000707900000|  0%| F|  |TAMS 0x0000000707800000, 0x0000000707800000| Untracked 
| 101|0x0000000707900000, 0x0000000707900000, 0x0000000707a00000|  0%| F|  |TAMS 0x0000000707900000, 0x0000000707900000| Untracked 
| 102|0x0000000707a00000, 0x0000000707a00000, 0x0000000707b00000|  0%| F|  |TAMS 0x0000000707a00000, 0x0000000707a00000| Untracked 
| 103|0x0000000707b00000, 0x0000000707c00000, 0x0000000707c00000|100%| S|CS|TAMS 0x0000000707b00000, 0x0000000707b00000| Complete 
| 104|0x0000000707c00000, 0x0000000707c00000, 0x0000000707d00000|  0%| F|  |TAMS 0x0000000707c00000, 0x0000000707c00000| Untracked 
| 105|0x0000000707d00000, 0x0000000707d00000, 0x0000000707e00000|  0%| F|  |TAMS 0x0000000707d00000, 0x0000000707d00000| Untracked 
| 106|0x0000000707e00000, 0x0000000707e00000, 0x0000000707f00000|  0%| F|  |TAMS 0x0000000707e00000, 0x0000000707e00000| Untracked 
| 107|0x0000000707f00000, 0x0000000707f00000, 0x0000000708000000|  0%| F|  |TAMS 0x0000000707f00000, 0x0000000707f00000| Untracked 
| 108|0x0000000708000000, 0x0000000708000000, 0x0000000708100000|  0%| F|  |TAMS 0x0000000708000000, 0x0000000708000000| Untracked 
| 109|0x0000000708100000, 0x0000000708100000, 0x0000000708200000|  0%| F|  |TAMS 0x0000000708100000, 0x0000000708100000| Untracked 
| 110|0x0000000708200000, 0x0000000708200000, 0x0000000708300000|  0%| F|  |TAMS 0x0000000708200000, 0x0000000708200000| Untracked 
| 111|0x0000000708300000, 0x0000000708300000, 0x0000000708400000|  0%| F|  |TAMS 0x0000000708300000, 0x0000000708300000| Untracked 
| 112|0x0000000708400000, 0x0000000708400000, 0x0000000708500000|  0%| F|  |TAMS 0x0000000708400000, 0x0000000708400000| Untracked 
| 113|0x0000000708500000, 0x0000000708500000, 0x0000000708600000|  0%| F|  |TAMS 0x0000000708500000, 0x0000000708500000| Untracked 
| 114|0x0000000708600000, 0x0000000708600000, 0x0000000708700000|  0%| F|  |TAMS 0x0000000708600000, 0x0000000708600000| Untracked 
| 115|0x0000000708700000, 0x0000000708780800, 0x0000000708800000| 50%| E|  |TAMS 0x0000000708700000, 0x0000000708700000| Complete 
| 116|0x0000000708800000, 0x0000000708900000, 0x0000000708900000|100%| E|CS|TAMS 0x0000000708800000, 0x0000000708800000| Complete 
| 117|0x0000000708900000, 0x0000000708a00000, 0x0000000708a00000|100%| E|CS|TAMS 0x0000000708900000, 0x0000000708900000| Complete 
| 118|0x0000000708a00000, 0x0000000708b00000, 0x0000000708b00000|100%| E|CS|TAMS 0x0000000708a00000, 0x0000000708a00000| Complete 
| 119|0x0000000708b00000, 0x0000000708c00000, 0x0000000708c00000|100%| E|CS|TAMS 0x0000000708b00000, 0x0000000708b00000| Complete 
| 120|0x0000000708c00000, 0x0000000708d00000, 0x0000000708d00000|100%| E|CS|TAMS 0x0000000708c00000, 0x0000000708c00000| Complete 
| 121|0x0000000708d00000, 0x0000000708e00000, 0x0000000708e00000|100%| E|CS|TAMS 0x0000000708d00000, 0x0000000708d00000| Complete 
| 122|0x0000000708e00000, 0x0000000708f00000, 0x0000000708f00000|100%| E|CS|TAMS 0x0000000708e00000, 0x0000000708e00000| Complete 
| 123|0x0000000708f00000, 0x0000000709000000, 0x0000000709000000|100%| E|CS|TAMS 0x0000000708f00000, 0x0000000708f00000| Complete 
| 124|0x0000000709000000, 0x0000000709100000, 0x0000000709100000|100%| E|CS|TAMS 0x0000000709000000, 0x0000000709000000| Complete 
| 125|0x0000000709100000, 0x0000000709200000, 0x0000000709200000|100%| E|CS|TAMS 0x0000000709100000, 0x0000000709100000| Complete 
| 126|0x0000000709200000, 0x0000000709300000, 0x0000000709300000|100%| E|CS|TAMS 0x0000000709200000, 0x0000000709200000| Complete 
| 127|0x0000000709300000, 0x0000000709400000, 0x0000000709400000|100%| E|CS|TAMS 0x0000000709300000, 0x0000000709300000| Complete 
| 128|0x0000000709400000, 0x0000000709500000, 0x0000000709500000|100%| E|CS|TAMS 0x0000000709400000, 0x0000000709400000| Complete 
| 129|0x0000000709500000, 0x0000000709600000, 0x0000000709600000|100%| E|CS|TAMS 0x0000000709500000, 0x0000000709500000| Complete 
| 130|0x0000000709600000, 0x0000000709700000, 0x0000000709700000|100%| E|CS|TAMS 0x0000000709600000, 0x0000000709600000| Complete 
| 131|0x0000000709700000, 0x0000000709800000, 0x0000000709800000|100%| E|CS|TAMS 0x0000000709700000, 0x0000000709700000| Complete 
| 132|0x0000000709800000, 0x0000000709900000, 0x0000000709900000|100%| E|CS|TAMS 0x0000000709800000, 0x0000000709800000| Complete 
| 133|0x0000000709900000, 0x0000000709a00000, 0x0000000709a00000|100%| E|CS|TAMS 0x0000000709900000, 0x0000000709900000| Complete 
| 134|0x0000000709a00000, 0x0000000709b00000, 0x0000000709b00000|100%| E|CS|TAMS 0x0000000709a00000, 0x0000000709a00000| Complete 
| 135|0x0000000709b00000, 0x0000000709c00000, 0x0000000709c00000|100%| E|CS|TAMS 0x0000000709b00000, 0x0000000709b00000| Complete 
| 136|0x0000000709c00000, 0x0000000709d00000, 0x0000000709d00000|100%| E|CS|TAMS 0x0000000709c00000, 0x0000000709c00000| Complete 
| 137|0x0000000709d00000, 0x0000000709e00000, 0x0000000709e00000|100%| E|CS|TAMS 0x0000000709d00000, 0x0000000709d00000| Complete 
| 138|0x0000000709e00000, 0x0000000709f00000, 0x0000000709f00000|100%| E|CS|TAMS 0x0000000709e00000, 0x0000000709e00000| Complete 
| 139|0x0000000709f00000, 0x000000070a000000, 0x000000070a000000|100%| E|CS|TAMS 0x0000000709f00000, 0x0000000709f00000| Complete 
| 140|0x000000070a000000, 0x000000070a100000, 0x000000070a100000|100%| E|CS|TAMS 0x000000070a000000, 0x000000070a000000| Complete 
| 141|0x000000070a100000, 0x000000070a200000, 0x000000070a200000|100%| E|CS|TAMS 0x000000070a100000, 0x000000070a100000| Complete 
| 142|0x000000070a200000, 0x000000070a300000, 0x000000070a300000|100%| E|CS|TAMS 0x000000070a200000, 0x000000070a200000| Complete 
| 143|0x000000070a300000, 0x000000070a400000, 0x000000070a400000|100%| E|CS|TAMS 0x000000070a300000, 0x000000070a300000| Complete 
| 144|0x000000070a400000, 0x000000070a500000, 0x000000070a500000|100%| E|CS|TAMS 0x000000070a400000, 0x000000070a400000| Complete 
| 145|0x000000070a500000, 0x000000070a600000, 0x000000070a600000|100%| E|CS|TAMS 0x000000070a500000, 0x000000070a500000| Complete 
| 146|0x000000070a600000, 0x000000070a700000, 0x000000070a700000|100%| E|CS|TAMS 0x000000070a600000, 0x000000070a600000| Complete 
| 147|0x000000070a700000, 0x000000070a800000, 0x000000070a800000|100%| E|CS|TAMS 0x000000070a700000, 0x000000070a700000| Complete 
| 148|0x000000070a800000, 0x000000070a900000, 0x000000070a900000|100%| E|CS|TAMS 0x000000070a800000, 0x000000070a800000| Complete 
| 149|0x000000070a900000, 0x000000070aa00000, 0x000000070aa00000|100%| E|CS|TAMS 0x000000070a900000, 0x000000070a900000| Complete 
| 150|0x000000070aa00000, 0x000000070ab00000, 0x000000070ab00000|100%| E|CS|TAMS 0x000000070aa00000, 0x000000070aa00000| Complete 
| 151|0x000000070ab00000, 0x000000070ac00000, 0x000000070ac00000|100%| E|CS|TAMS 0x000000070ab00000, 0x000000070ab00000| Complete 
| 152|0x000000070ac00000, 0x000000070ad00000, 0x000000070ad00000|100%| E|CS|TAMS 0x000000070ac00000, 0x000000070ac00000| Complete 
| 153|0x000000070ad00000, 0x000000070ae00000, 0x000000070ae00000|100%| E|CS|TAMS 0x000000070ad00000, 0x000000070ad00000| Complete 
| 154|0x000000070ae00000, 0x000000070af00000, 0x000000070af00000|100%| E|CS|TAMS 0x000000070ae00000, 0x000000070ae00000| Complete 
| 155|0x000000070af00000, 0x000000070b000000, 0x000000070b000000|100%| E|CS|TAMS 0x000000070af00000, 0x000000070af00000| Complete 
| 156|0x000000070b000000, 0x000000070b100000, 0x000000070b100000|100%| E|CS|TAMS 0x000000070b000000, 0x000000070b000000| Complete 
| 157|0x000000070b100000, 0x000000070b200000, 0x000000070b200000|100%| E|CS|TAMS 0x000000070b100000, 0x000000070b100000| Complete 
| 158|0x000000070b200000, 0x000000070b300000, 0x000000070b300000|100%| E|CS|TAMS 0x000000070b200000, 0x000000070b200000| Complete 
| 159|0x000000070b300000, 0x000000070b400000, 0x000000070b400000|100%| E|CS|TAMS 0x000000070b300000, 0x000000070b300000| Complete 
| 160|0x000000070b400000, 0x000000070b500000, 0x000000070b500000|100%| E|CS|TAMS 0x000000070b400000, 0x000000070b400000| Complete 
| 161|0x000000070b500000, 0x000000070b600000, 0x000000070b600000|100%| E|CS|TAMS 0x000000070b500000, 0x000000070b500000| Complete 
| 162|0x000000070b600000, 0x000000070b700000, 0x000000070b700000|100%| E|CS|TAMS 0x000000070b600000, 0x000000070b600000| Complete 
| 163|0x000000070b700000, 0x000000070b800000, 0x000000070b800000|100%| E|CS|TAMS 0x000000070b700000, 0x000000070b700000| Complete 
| 164|0x000000070b800000, 0x000000070b900000, 0x000000070b900000|100%| E|CS|TAMS 0x000000070b800000, 0x000000070b800000| Complete 
| 165|0x000000070b900000, 0x000000070ba00000, 0x000000070ba00000|100%| E|CS|TAMS 0x000000070b900000, 0x000000070b900000| Complete 
| 166|0x000000070ba00000, 0x000000070bb00000, 0x000000070bb00000|100%| E|CS|TAMS 0x000000070ba00000, 0x000000070ba00000| Complete 
| 167|0x000000070bb00000, 0x000000070bc00000, 0x000000070bc00000|100%| E|CS|TAMS 0x000000070bb00000, 0x000000070bb00000| Complete 
| 168|0x000000070bc00000, 0x000000070bd00000, 0x000000070bd00000|100%| E|CS|TAMS 0x000000070bc00000, 0x000000070bc00000| Complete 
| 169|0x000000070bd00000, 0x000000070be00000, 0x000000070be00000|100%| E|CS|TAMS 0x000000070bd00000, 0x000000070bd00000| Complete 
| 170|0x000000070be00000, 0x000000070bf00000, 0x000000070bf00000|100%| E|CS|TAMS 0x000000070be00000, 0x000000070be00000| Complete 
| 171|0x000000070bf00000, 0x000000070c000000, 0x000000070c000000|100%| E|CS|TAMS 0x000000070bf00000, 0x000000070bf00000| Complete 
| 172|0x000000070c000000, 0x000000070c100000, 0x000000070c100000|100%| E|CS|TAMS 0x000000070c000000, 0x000000070c000000| Complete 
| 173|0x000000070c100000, 0x000000070c200000, 0x000000070c200000|100%| E|CS|TAMS 0x000000070c100000, 0x000000070c100000| Complete 
| 174|0x000000070c200000, 0x000000070c300000, 0x000000070c300000|100%| E|CS|TAMS 0x000000070c200000, 0x000000070c200000| Complete 
| 175|0x000000070c300000, 0x000000070c400000, 0x000000070c400000|100%| E|CS|TAMS 0x000000070c300000, 0x000000070c300000| Complete 
| 176|0x000000070c400000, 0x000000070c500000, 0x000000070c500000|100%| E|CS|TAMS 0x000000070c400000, 0x000000070c400000| Complete 
| 177|0x000000070c500000, 0x000000070c600000, 0x000000070c600000|100%| E|CS|TAMS 0x000000070c500000, 0x000000070c500000| Complete 
| 178|0x000000070c600000, 0x000000070c700000, 0x000000070c700000|100%| E|CS|TAMS 0x000000070c600000, 0x000000070c600000| Complete 
| 179|0x000000070c700000, 0x000000070c800000, 0x000000070c800000|100%| E|CS|TAMS 0x000000070c700000, 0x000000070c700000| Complete 
| 180|0x000000070c800000, 0x000000070c900000, 0x000000070c900000|100%| E|CS|TAMS 0x000000070c800000, 0x000000070c800000| Complete 
| 181|0x000000070c900000, 0x000000070ca00000, 0x000000070ca00000|100%| E|CS|TAMS 0x000000070c900000, 0x000000070c900000| Complete 
| 182|0x000000070ca00000, 0x000000070cb00000, 0x000000070cb00000|100%| E|CS|TAMS 0x000000070ca00000, 0x000000070ca00000| Complete 
| 183|0x000000070cb00000, 0x000000070cc00000, 0x000000070cc00000|100%| E|CS|TAMS 0x000000070cb00000, 0x000000070cb00000| Complete 
| 184|0x000000070cc00000, 0x000000070cd00000, 0x000000070cd00000|100%| E|CS|TAMS 0x000000070cc00000, 0x000000070cc00000| Complete 
| 185|0x000000070cd00000, 0x000000070ce00000, 0x000000070ce00000|100%| E|CS|TAMS 0x000000070cd00000, 0x000000070cd00000| Complete 
| 186|0x000000070ce00000, 0x000000070cf00000, 0x000000070cf00000|100%| E|CS|TAMS 0x000000070ce00000, 0x000000070ce00000| Complete 
| 187|0x000000070cf00000, 0x000000070d000000, 0x000000070d000000|100%| E|CS|TAMS 0x000000070cf00000, 0x000000070cf00000| Complete 
| 188|0x000000070d000000, 0x000000070d100000, 0x000000070d100000|100%| E|CS|TAMS 0x000000070d000000, 0x000000070d000000| Complete 
| 189|0x000000070d100000, 0x000000070d200000, 0x000000070d200000|100%| E|CS|TAMS 0x000000070d100000, 0x000000070d100000| Complete 
| 190|0x000000070d200000, 0x000000070d300000, 0x000000070d300000|100%| E|CS|TAMS 0x000000070d200000, 0x000000070d200000| Complete 
| 191|0x000000070d300000, 0x000000070d400000, 0x000000070d400000|100%| E|CS|TAMS 0x000000070d300000, 0x000000070d300000| Complete 
| 192|0x000000070d400000, 0x000000070d500000, 0x000000070d500000|100%| E|CS|TAMS 0x000000070d400000, 0x000000070d400000| Complete 
| 193|0x000000070d500000, 0x000000070d600000, 0x000000070d600000|100%| E|CS|TAMS 0x000000070d500000, 0x000000070d500000| Complete 
| 194|0x000000070d600000, 0x000000070d700000, 0x000000070d700000|100%| E|CS|TAMS 0x000000070d600000, 0x000000070d600000| Complete 
| 195|0x000000070d700000, 0x000000070d800000, 0x000000070d800000|100%| E|CS|TAMS 0x000000070d700000, 0x000000070d700000| Complete 
| 196|0x000000070d800000, 0x000000070d900000, 0x000000070d900000|100%| E|CS|TAMS 0x000000070d800000, 0x000000070d800000| Complete 
| 197|0x000000070d900000, 0x000000070da00000, 0x000000070da00000|100%| E|CS|TAMS 0x000000070d900000, 0x000000070d900000| Complete 
| 198|0x000000070da00000, 0x000000070db00000, 0x000000070db00000|100%| E|CS|TAMS 0x000000070da00000, 0x000000070da00000| Complete 
| 199|0x000000070db00000, 0x000000070dc00000, 0x000000070dc00000|100%| E|CS|TAMS 0x000000070db00000, 0x000000070db00000| Complete 
| 200|0x000000070dc00000, 0x000000070dd00000, 0x000000070dd00000|100%| E|CS|TAMS 0x000000070dc00000, 0x000000070dc00000| Complete 
| 201|0x000000070dd00000, 0x000000070de00000, 0x000000070de00000|100%| E|CS|TAMS 0x000000070dd00000, 0x000000070dd00000| Complete 
| 202|0x000000070de00000, 0x000000070df00000, 0x000000070df00000|100%| E|CS|TAMS 0x000000070de00000, 0x000000070de00000| Complete 
| 203|0x000000070df00000, 0x000000070e000000, 0x000000070e000000|100%| E|CS|TAMS 0x000000070df00000, 0x000000070df00000| Complete 
| 204|0x000000070e000000, 0x000000070e100000, 0x000000070e100000|100%| E|CS|TAMS 0x000000070e000000, 0x000000070e000000| Complete 
| 205|0x000000070e100000, 0x000000070e200000, 0x000000070e200000|100%| E|CS|TAMS 0x000000070e100000, 0x000000070e100000| Complete 
| 206|0x000000070e200000, 0x000000070e300000, 0x000000070e300000|100%| E|CS|TAMS 0x000000070e200000, 0x000000070e200000| Complete 
| 207|0x000000070e300000, 0x000000070e400000, 0x000000070e400000|100%| E|CS|TAMS 0x000000070e300000, 0x000000070e300000| Complete 
| 208|0x000000070e400000, 0x000000070e500000, 0x000000070e500000|100%| E|CS|TAMS 0x000000070e400000, 0x000000070e400000| Complete 
| 209|0x000000070e500000, 0x000000070e600000, 0x000000070e600000|100%| E|CS|TAMS 0x000000070e500000, 0x000000070e500000| Complete 
| 210|0x000000070e600000, 0x000000070e700000, 0x000000070e700000|100%| E|CS|TAMS 0x000000070e600000, 0x000000070e600000| Complete 
| 211|0x000000070e700000, 0x000000070e800000, 0x000000070e800000|100%| E|CS|TAMS 0x000000070e700000, 0x000000070e700000| Complete 
| 212|0x000000070e800000, 0x000000070e900000, 0x000000070e900000|100%| E|CS|TAMS 0x000000070e800000, 0x000000070e800000| Complete 
| 213|0x000000070e900000, 0x000000070ea00000, 0x000000070ea00000|100%| E|CS|TAMS 0x000000070e900000, 0x000000070e900000| Complete 
| 214|0x000000070ea00000, 0x000000070eb00000, 0x000000070eb00000|100%| E|CS|TAMS 0x000000070ea00000, 0x000000070ea00000| Complete 
| 215|0x000000070eb00000, 0x000000070ec00000, 0x000000070ec00000|100%| E|CS|TAMS 0x000000070eb00000, 0x000000070eb00000| Complete 
| 216|0x000000070ec00000, 0x000000070ed00000, 0x000000070ed00000|100%| E|CS|TAMS 0x000000070ec00000, 0x000000070ec00000| Complete 
| 217|0x000000070ed00000, 0x000000070ee00000, 0x000000070ee00000|100%| E|CS|TAMS 0x000000070ed00000, 0x000000070ed00000| Complete 
| 218|0x000000070ee00000, 0x000000070ef00000, 0x000000070ef00000|100%| E|CS|TAMS 0x000000070ee00000, 0x000000070ee00000| Complete 
| 219|0x000000070ef00000, 0x000000070f000000, 0x000000070f000000|100%| E|CS|TAMS 0x000000070ef00000, 0x000000070ef00000| Complete 
| 220|0x000000070f000000, 0x000000070f100000, 0x000000070f100000|100%| E|CS|TAMS 0x000000070f000000, 0x000000070f000000| Complete 
| 221|0x000000070f100000, 0x000000070f200000, 0x000000070f200000|100%| E|CS|TAMS 0x000000070f100000, 0x000000070f100000| Complete 
| 222|0x000000070f200000, 0x000000070f300000, 0x000000070f300000|100%| E|CS|TAMS 0x000000070f200000, 0x000000070f200000| Complete 
| 223|0x000000070f300000, 0x000000070f400000, 0x000000070f400000|100%| E|CS|TAMS 0x000000070f300000, 0x000000070f300000| Complete 
| 224|0x000000070f400000, 0x000000070f500000, 0x000000070f500000|100%| E|CS|TAMS 0x000000070f400000, 0x000000070f400000| Complete 
| 225|0x000000070f500000, 0x000000070f600000, 0x000000070f600000|100%| E|CS|TAMS 0x000000070f500000, 0x000000070f500000| Complete 
| 226|0x000000070f600000, 0x000000070f700000, 0x000000070f700000|100%| E|CS|TAMS 0x000000070f600000, 0x000000070f600000| Complete 
| 227|0x000000070f700000, 0x000000070f800000, 0x000000070f800000|100%| E|CS|TAMS 0x000000070f700000, 0x000000070f700000| Complete 
| 228|0x000000070f800000, 0x000000070f900000, 0x000000070f900000|100%| E|CS|TAMS 0x000000070f800000, 0x000000070f800000| Complete 
| 229|0x000000070f900000, 0x000000070fa00000, 0x000000070fa00000|100%| E|CS|TAMS 0x000000070f900000, 0x000000070f900000| Complete 
| 230|0x000000070fa00000, 0x000000070fb00000, 0x000000070fb00000|100%| E|CS|TAMS 0x000000070fa00000, 0x000000070fa00000| Complete 
| 231|0x000000070fb00000, 0x000000070fc00000, 0x000000070fc00000|100%| E|CS|TAMS 0x000000070fb00000, 0x000000070fb00000| Complete 
| 232|0x000000070fc00000, 0x000000070fd00000, 0x000000070fd00000|100%| E|CS|TAMS 0x000000070fc00000, 0x000000070fc00000| Complete 
| 233|0x000000070fd00000, 0x000000070fe00000, 0x000000070fe00000|100%| E|CS|TAMS 0x000000070fd00000, 0x000000070fd00000| Complete 
| 234|0x000000070fe00000, 0x000000070ff00000, 0x000000070ff00000|100%| E|CS|TAMS 0x000000070fe00000, 0x000000070fe00000| Complete 
| 235|0x000000070ff00000, 0x0000000710000000, 0x0000000710000000|100%| E|CS|TAMS 0x000000070ff00000, 0x000000070ff00000| Complete 
| 236|0x0000000710000000, 0x0000000710100000, 0x0000000710100000|100%| E|CS|TAMS 0x0000000710000000, 0x0000000710000000| Complete 
| 237|0x0000000710100000, 0x0000000710200000, 0x0000000710200000|100%| E|CS|TAMS 0x0000000710100000, 0x0000000710100000| Complete 
| 238|0x0000000710200000, 0x0000000710300000, 0x0000000710300000|100%| E|CS|TAMS 0x0000000710200000, 0x0000000710200000| Complete 
| 239|0x0000000710300000, 0x0000000710400000, 0x0000000710400000|100%| E|CS|TAMS 0x0000000710300000, 0x0000000710300000| Complete 
| 240|0x0000000710400000, 0x0000000710500000, 0x0000000710500000|100%| E|CS|TAMS 0x0000000710400000, 0x0000000710400000| Complete 
| 241|0x0000000710500000, 0x0000000710600000, 0x0000000710600000|100%| E|CS|TAMS 0x0000000710500000, 0x0000000710500000| Complete 
| 242|0x0000000710600000, 0x0000000710700000, 0x0000000710700000|100%| E|CS|TAMS 0x0000000710600000, 0x0000000710600000| Complete 
| 243|0x0000000710700000, 0x0000000710800000, 0x0000000710800000|100%| E|CS|TAMS 0x0000000710700000, 0x0000000710700000| Complete 
| 244|0x0000000710800000, 0x0000000710900000, 0x0000000710900000|100%| E|CS|TAMS 0x0000000710800000, 0x0000000710800000| Complete 
| 245|0x0000000710900000, 0x0000000710a00000, 0x0000000710a00000|100%| E|CS|TAMS 0x0000000710900000, 0x0000000710900000| Complete 
| 246|0x0000000710a00000, 0x0000000710b00000, 0x0000000710b00000|100%| E|CS|TAMS 0x0000000710a00000, 0x0000000710a00000| Complete 
| 247|0x0000000710b00000, 0x0000000710c00000, 0x0000000710c00000|100%| E|CS|TAMS 0x0000000710b00000, 0x0000000710b00000| Complete 
| 248|0x0000000710c00000, 0x0000000710d00000, 0x0000000710d00000|100%| E|CS|TAMS 0x0000000710c00000, 0x0000000710c00000| Complete 
| 249|0x0000000710d00000, 0x0000000710e00000, 0x0000000710e00000|100%| E|CS|TAMS 0x0000000710d00000, 0x0000000710d00000| Complete 
| 250|0x0000000710e00000, 0x0000000710f00000, 0x0000000710f00000|100%| E|CS|TAMS 0x0000000710e00000, 0x0000000710e00000| Complete 
| 251|0x0000000710f00000, 0x0000000711000000, 0x0000000711000000|100%| E|CS|TAMS 0x0000000710f00000, 0x0000000710f00000| Complete 
| 252|0x0000000711000000, 0x0000000711100000, 0x0000000711100000|100%| E|CS|TAMS 0x0000000711000000, 0x0000000711000000| Complete 
| 253|0x0000000711100000, 0x0000000711200000, 0x0000000711200000|100%| E|CS|TAMS 0x0000000711100000, 0x0000000711100000| Complete 
| 254|0x0000000711200000, 0x0000000711300000, 0x0000000711300000|100%| E|CS|TAMS 0x0000000711200000, 0x0000000711200000| Complete 
| 255|0x0000000711300000, 0x0000000711400000, 0x0000000711400000|100%| E|CS|TAMS 0x0000000711300000, 0x0000000711300000| Complete 

Card table byte_map: [0x00000231fcb20000,0x00000231fd320000] _byte_map_base: 0x00000231f9316000

Marking Bits (Prev, Next): (CMBitMap*) 0x00000231fbf8c9a8, (CMBitMap*) 0x00000231fbf8c9e8
 Prev Bits: [0x0000023197430000, 0x000002319b3e0000)
 Next Bits: [0x000002319b3e0000, 0x000002319f390000)

Polling page: 0x00000231f9de0000

Metaspace:

Usage:
  Non-class:      8.48 MB capacity,     8.32 MB ( 98%) used,   145.41 KB (  2%) free+waste,    21.94 KB ( <1%) overhead. 
      Class:   1010.00 KB capacity,   895.39 KB ( 89%) used,   101.17 KB ( 10%) free+waste,    13.44 KB (  1%) overhead. 
       Both:      9.46 MB capacity,     9.19 MB ( 97%) used,   246.59 KB (  3%) free+waste,    35.38 KB ( <1%) overhead. 

Virtual space:
  Non-class space:       10.00 MB reserved,       8.50 MB ( 85%) committed 
      Class space:        1.00 GB reserved,       1.00 MB ( <1%) committed 
             Both:        1.01 GB reserved,       9.50 MB ( <1%) committed 

Chunk freelists:
   Non-Class:  22.00 KB
       Class:  14.00 KB
        Both:  36.00 KB

MaxMetaspaceSize: 17179869184.00 GB
CompressedClassSpaceSize: 1.00 GB

CodeHeap 'non-profiled nmethods': size=120000Kb used=3709Kb max_used=4165Kb free=116291Kb
 bounds [0x000002318ff00000, 0x0000023190320000, 0x0000023197430000]
CodeHeap 'profiled nmethods': size=120000Kb used=3463Kb max_used=5902Kb free=116536Kb
 bounds [0x00000231889d0000, 0x0000023188fd0000, 0x000002318ff00000]
CodeHeap 'non-nmethods': size=5760Kb used=1396Kb max_used=1496Kb free=4363Kb
 bounds [0x0000023188430000, 0x00000231886a0000, 0x00000231889d0000]
 total_blobs=5667 nmethods=2224 adapters=514
 compilation: enabled
              stopped_count=0, restarted_count=0
 full_count=0

Compilation events (20 events):
Event: 97.310 Thread 0x00000231a0399000 3089       4       sun.font.Font2D::getStrike (177 bytes)
Event: 97.382 Thread 0x00000231a0399000 nmethod 3089 0x00000231901c5f10 code [0x00000231901c62c0, 0x00000231901ca750]
Event: 97.548 Thread 0x00000231a0399000 3090       4       warcraftTD.Waves.WaveManager::update (91 bytes)
Event: 97.556 Thread 0x00000231a0399000 nmethod 3090 0x000002318ffea510 code [0x000002318ffea6e0, 0x000002318ffeb1e8]
Event: 97.556 Thread 0x00000231a0399000 3091       4       warcraftTD.World::tickProjectiles (54 bytes)
Event: 97.561 Thread 0x00000231a0399000 nmethod 3091 0x000002318ffe9610 code [0x000002318ffe97e0, 0x000002318ffe9f88]
Event: 97.853 Thread 0x00000231a0399000 3092       4       java.awt.LightweightDispatcher::isMouseGrab (49 bytes)
Event: 97.854 Thread 0x00000231a0399000 nmethod 3092 0x000002318fff5310 code [0x000002318fff54a0, 0x000002318fff55c8]
Event: 98.219 Thread 0x00000231a0399000 3093       4       warcraftTD.StdDraw::picture (150 bytes)
Event: 98.236 Thread 0x00000231a0399000 nmethod 3093 0x000002319011a990 code [0x000002319011ade0, 0x000002319011c948]
Event: 98.593 Thread 0x00000231a039a000 3094       3       java.lang.String::toLowerCase (29 bytes)
Event: 98.593 Thread 0x00000231a039a000 nmethod 3094 0x0000023188db5290 code [0x0000023188db5460, 0x0000023188db57a0]
Event: 98.594 Thread 0x00000231a039a000 3095       3       java.util.concurrent.ConcurrentHashMap::values (25 bytes)
Event: 98.594 Thread 0x00000231a039a000 nmethod 3095 0x0000023188d2d890 code [0x0000023188d2da60, 0x0000023188d2de78]
Event: 98.594 Thread 0x00000231a039a000 3096       3       java.util.concurrent.ConcurrentHashMap$ValuesView::iterator (34 bytes)
Event: 98.594 Thread 0x00000231a039a000 nmethod 3096 0x0000023188a5f290 code [0x0000023188a5f460, 0x0000023188a5f8c0]
Event: 98.594 Thread 0x00000231a039a000 3098       3       sun.font.FreetypeFontScaler::invalidateScalerContext (1 bytes)
Event: 98.594 Thread 0x00000231a039a000 nmethod 3098 0x00000231889f5190 code [0x00000231889f5320, 0x00000231889f5498]
Event: 98.594 Thread 0x00000231a039a000 3097       3       java.util.concurrent.ConcurrentHashMap$ValueIterator::<init> (12 bytes)
Event: 98.594 Thread 0x00000231a039a000 nmethod 3097 0x0000023188f40410 code [0x0000023188f405e0, 0x0000023188f408e0]

GC Heap History (20 events):
Event: 3.303 GC heap before
{Heap before GC invocations=1 (full 0):
 garbage-first heap   total 262144K, used 32147K [0x0000000701400000, 0x0000000800000000)
  region size 1024K, 12 young (12288K), 3 survivors (3072K)
 Metaspace       used 9081K, capacity 9371K, committed 9472K, reserved 1058816K
  class space    used 886K, capacity 1010K, committed 1024K, reserved 1048576K
}
Event: 3.308 GC heap after
{Heap after GC invocations=2 (full 0):
 garbage-first heap   total 262144K, used 21635K [0x0000000701400000, 0x0000000800000000)
  region size 1024K, 1 young (1024K), 1 survivors (1024K)
 Metaspace       used 9081K, capacity 9371K, committed 9472K, reserved 1058816K
  class space    used 886K, capacity 1010K, committed 1024K, reserved 1048576K
}
Event: 5.499 GC heap before
{Heap before GC invocations=2 (full 0):
 garbage-first heap   total 262144K, used 55427K [0x0000000701400000, 0x0000000800000000)
  region size 1024K, 34 young (34816K), 1 survivors (1024K)
 Metaspace       used 9176K, capacity 9436K, committed 9472K, reserved 1058816K
  class space    used 886K, capacity 1010K, committed 1024K, reserved 1048576K
}
Event: 5.499 GC heap after
{Heap after GC invocations=3 (full 0):
 garbage-first heap   total 262144K, used 21347K [0x0000000701400000, 0x0000000800000000)
  region size 1024K, 1 young (1024K), 1 survivors (1024K)
 Metaspace       used 9176K, capacity 9436K, committed 9472K, reserved 1058816K
  class space    used 886K, capacity 1010K, committed 1024K, reserved 1048576K
}
Event: 16.203 GC heap before
{Heap before GC invocations=3 (full 0):
 garbage-first heap   total 262144K, used 176995K [0x0000000701400000, 0x0000000800000000)
  region size 1024K, 154 young (157696K), 1 survivors (1024K)
 Metaspace       used 9278K, capacity 9500K, committed 9728K, reserved 1058816K
  class space    used 888K, capacity 1010K, committed 1024K, reserved 1048576K
}
Event: 16.204 GC heap after
{Heap after GC invocations=4 (full 0):
 garbage-first heap   total 262144K, used 21454K [0x0000000701400000, 0x0000000800000000)
  region size 1024K, 1 young (1024K), 1 survivors (1024K)
 Metaspace       used 9278K, capacity 9500K, committed 9728K, reserved 1058816K
  class space    used 888K, capacity 1010K, committed 1024K, reserved 1048576K
}
Event: 27.040 GC heap before
{Heap before GC invocations=4 (full 0):
 garbage-first heap   total 262144K, used 177102K [0x0000000701400000, 0x0000000800000000)
  region size 1024K, 153 young (156672K), 1 survivors (1024K)
 Metaspace       used 9320K, capacity 9628K, committed 9728K, reserved 1058816K
  class space    used 889K, capacity 1010K, committed 1024K, reserved 1048576K
}
Event: 27.040 GC heap after
{Heap after GC invocations=5 (full 0):
 garbage-first heap   total 262144K, used 21568K [0x0000000701400000, 0x0000000800000000)
  region size 1024K, 1 young (1024K), 1 survivors (1024K)
 Metaspace       used 9320K, capacity 9628K, committed 9728K, reserved 1058816K
  class space    used 889K, capacity 1010K, committed 1024K, reserved 1048576K
}
Event: 38.371 GC heap before
{Heap before GC invocations=5 (full 0):
 garbage-first heap   total 262144K, used 177216K [0x0000000701400000, 0x0000000800000000)
  region size 1024K, 153 young (156672K), 1 survivors (1024K)
 Metaspace       used 9324K, capacity 9628K, committed 9728K, reserved 1058816K
  class space    used 890K, capacity 1010K, committed 1024K, reserved 1048576K
}
Event: 38.371 GC heap after
{Heap after GC invocations=6 (full 0):
 garbage-first heap   total 262144K, used 21581K [0x0000000701400000, 0x0000000800000000)
  region size 1024K, 1 young (1024K), 1 survivors (1024K)
 Metaspace       used 9324K, capacity 9628K, committed 9728K, reserved 1058816K
  class space    used 890K, capacity 1010K, committed 1024K, reserved 1048576K
}
Event: 49.481 GC heap before
{Heap before GC invocations=6 (full 0):
 garbage-first heap   total 262144K, used 177229K [0x0000000701400000, 0x0000000800000000)
  region size 1024K, 153 young (156672K), 1 survivors (1024K)
 Metaspace       used 9339K, capacity 9628K, committed 9728K, reserved 1058816K
  class space    used 890K, capacity 1010K, committed 1024K, reserved 1048576K
}
Event: 49.482 GC heap after
{Heap after GC invocations=7 (full 0):
 garbage-first heap   total 262144K, used 21656K [0x0000000701400000, 0x0000000800000000)
  region size 1024K, 1 young (1024K), 1 survivors (1024K)
 Metaspace       used 9339K, capacity 9628K, committed 9728K, reserved 1058816K
  class space    used 890K, capacity 1010K, committed 1024K, reserved 1048576K
}
Event: 59.516 GC heap before
{Heap before GC invocations=7 (full 0):
 garbage-first heap   total 262144K, used 177304K [0x0000000701400000, 0x0000000800000000)
  region size 1024K, 154 young (157696K), 1 survivors (1024K)
 Metaspace       used 9342K, capacity 9628K, committed 9728K, reserved 1058816K
  class space    used 890K, capacity 1010K, committed 1024K, reserved 1048576K
}
Event: 59.516 GC heap after
{Heap after GC invocations=8 (full 0):
 garbage-first heap   total 262144K, used 21973K [0x0000000701400000, 0x0000000800000000)
  region size 1024K, 1 young (1024K), 1 survivors (1024K)
 Metaspace       used 9342K, capacity 9628K, committed 9728K, reserved 1058816K
  class space    used 890K, capacity 1010K, committed 1024K, reserved 1048576K
}
Event: 70.130 GC heap before
{Heap before GC invocations=8 (full 0):
 garbage-first heap   total 262144K, used 177621K [0x0000000701400000, 0x0000000800000000)
  region size 1024K, 153 young (156672K), 1 survivors (1024K)
 Metaspace       used 9347K, capacity 9628K, committed 9728K, reserved 1058816K
  class space    used 890K, capacity 1010K, committed 1024K, reserved 1048576K
}
Event: 70.131 GC heap after
{Heap after GC invocations=9 (full 0):
 garbage-first heap   total 262144K, used 22018K [0x0000000701400000, 0x0000000800000000)
  region size 1024K, 1 young (1024K), 1 survivors (1024K)
 Metaspace       used 9347K, capacity 9628K, committed 9728K, reserved 1058816K
  class space    used 890K, capacity 1010K, committed 1024K, reserved 1048576K
}
Event: 79.278 GC heap before
{Heap before GC invocations=9 (full 0):
 garbage-first heap   total 262144K, used 177666K [0x0000000701400000, 0x0000000800000000)
  region size 1024K, 154 young (157696K), 1 survivors (1024K)
 Metaspace       used 9351K, capacity 9628K, committed 9728K, reserved 1058816K
  class space    used 891K, capacity 1010K, committed 1024K, reserved 1048576K
}
Event: 79.279 GC heap after
{Heap after GC invocations=10 (full 0):
 garbage-first heap   total 262144K, used 22072K [0x0000000701400000, 0x0000000800000000)
  region size 1024K, 1 young (1024K), 1 survivors (1024K)
 Metaspace       used 9351K, capacity 9628K, committed 9728K, reserved 1058816K
  class space    used 891K, capacity 1010K, committed 1024K, reserved 1048576K
}
Event: 88.705 GC heap before
{Heap before GC invocations=10 (full 0):
 garbage-first heap   total 262144K, used 177720K [0x0000000701400000, 0x0000000800000000)
  region size 1024K, 153 young (156672K), 1 survivors (1024K)
 Metaspace       used 9362K, capacity 9628K, committed 9728K, reserved 1058816K
  class space    used 891K, capacity 1010K, committed 1024K, reserved 1048576K
}
Event: 88.706 GC heap after
{Heap after GC invocations=11 (full 0):
 garbage-first heap   total 262144K, used 22241K [0x0000000701400000, 0x0000000800000000)
  region size 1024K, 1 young (1024K), 1 survivors (1024K)
 Metaspace       used 9362K, capacity 9628K, committed 9728K, reserved 1058816K
  class space    used 891K, capacity 1010K, committed 1024K, reserved 1048576K
}

Deoptimization events (20 events):
Event: 98.589 Thread 0x00000231a0524800 Uncommon trap: trap_request=0xffffffde fr.pc=0x0000023190184094 relative=0x0000000000000794
Event: 98.589 Thread 0x00000231a0524800 Uncommon trap: reason=class_check action=maybe_recompile pc=0x0000023190184094 method=java.awt.EventQueue.setCurrentEventAndMostRecentTimeImpl(Ljava/awt/AWTEvent;)V @ 134 c2
Event: 98.589 Thread 0x00000231a0524800 DEOPT PACKING pc=0x0000023190184094 sp=0x000000b25a7fecc0
Event: 98.589 Thread 0x00000231a0524800 DEOPT UNPACKING pc=0x000002318847912f sp=0x000000b25a7fec90 mode 2
Event: 98.589 Thread 0x00000231a0524800 Uncommon trap: trap_request=0xffffff45 fr.pc=0x00000231901eaa8c relative=0x000000000000006c
Event: 98.589 Thread 0x00000231a0524800 Uncommon trap: reason=unstable_if action=reinterpret pc=0x00000231901eaa8c method=java.util.IdentityHashMap.keySet()Ljava/util/Set; @ 6 c2
Event: 98.589 Thread 0x00000231a0524800 DEOPT PACKING pc=0x00000231901eaa8c sp=0x000000b25a7fe970
Event: 98.589 Thread 0x00000231a0524800 DEOPT UNPACKING pc=0x000002318847912f sp=0x000000b25a7fe908 mode 2
Event: 98.591 Thread 0x00000231f9f0e000 DEOPT PACKING pc=0x0000023190165298 sp=0x000000b258eff150
Event: 98.591 Thread 0x00000231f9f0e000 DEOPT UNPACKING pc=0x000002318847964e sp=0x000000b258efe580 mode 1
Event: 98.592 Thread 0x00000231f9f0e000 DEOPT PACKING pc=0x0000023190165298 sp=0x000000b258eff180
Event: 98.592 Thread 0x00000231f9f0e000 DEOPT UNPACKING pc=0x000002318847964e sp=0x000000b258efe5b0 mode 1
Event: 98.592 Thread 0x00000231f9f0e000 DEOPT PACKING pc=0x0000023190165298 sp=0x000000b258eff180
Event: 98.592 Thread 0x00000231f9f0e000 DEOPT UNPACKING pc=0x000002318847964e sp=0x000000b258efe5b0 mode 1
Event: 98.593 Thread 0x00000231f9f0e000 DEOPT PACKING pc=0x0000023190165298 sp=0x000000b258eff180
Event: 98.593 Thread 0x00000231f9f0e000 DEOPT UNPACKING pc=0x000002318847964e sp=0x000000b258efe5b0 mode 1
Event: 98.593 Thread 0x00000231f9f0e000 Uncommon trap: trap_request=0xffffff45 fr.pc=0x000002319030ae08 relative=0x0000000000001c68
Event: 98.593 Thread 0x00000231f9f0e000 Uncommon trap: reason=unstable_if action=reinterpret pc=0x000002319030ae08 method=sun.font.TrueTypeFont.readBlock(Ljava/nio/ByteBuffer;II)I @ 15 c2
Event: 98.593 Thread 0x00000231f9f0e000 DEOPT PACKING pc=0x000002319030ae08 sp=0x000000b258efe290
Event: 98.593 Thread 0x00000231f9f0e000 DEOPT UNPACKING pc=0x000002318847912f sp=0x000000b258efe2c0 mode 2

Classes unloaded (0 events):
No events

Classes redefined (0 events):
No events

Internal exceptions (20 events):
Event: 15.925 Thread 0x00000231a0521800 Exception <a 'java/io/FileNotFoundException'{0x0000000707e809c0}> (0x0000000707e809c0) 
thrown [t:/workspace/open/src/hotspot/share/prims/jni.cpp, line 598]
Event: 25.080 Thread 0x00000231a0521800 Exception <a 'java/io/FileNotFoundException'{0x0000000709c71038}> (0x0000000709c71038) 
thrown [t:/workspace/open/src/hotspot/share/prims/jni.cpp, line 598]
Event: 41.543 Thread 0x00000231a0521800 Exception <a 'java/io/FileNotFoundException'{0x000000070e8001d0}> (0x000000070e8001d0) 
thrown [t:/workspace/open/src/hotspot/share/prims/jni.cpp, line 598]
Event: 42.587 Thread 0x00000231a0521800 Exception <a 'java/io/FileNotFoundException'{0x000000070e810b10}> (0x000000070e810b10) 
thrown [t:/workspace/open/src/hotspot/share/prims/jni.cpp, line 598]
Event: 73.172 Thread 0x00000231f9f0e000 Implicit null exception at 0x000002319016ad0d to 0x000002319016adf3
Event: 76.380 Thread 0x00000231a0524800 Implicit null exception at 0x000002318ffe8ae8 to 0x000002318ffea0c6
Event: 89.692 Thread 0x00000231a0521800 Exception <a 'java/io/FileNotFoundException'{0x00000007108001c0}> (0x00000007108001c0) 
thrown [t:/workspace/open/src/hotspot/share/prims/jni.cpp, line 598]
Event: 89.822 Thread 0x00000231a0521800 Exception <a 'java/io/FileNotFoundException'{0x000000071080e940}> (0x000000071080e940) 
thrown [t:/workspace/open/src/hotspot/share/prims/jni.cpp, line 598]
Event: 89.943 Thread 0x00000231a0521800 Exception <a 'java/io/FileNotFoundException'{0x000000071081cdd8}> (0x000000071081cdd8) 
thrown [t:/workspace/open/src/hotspot/share/prims/jni.cpp, line 598]
Event: 90.069 Thread 0x00000231a0521800 Exception <a 'java/io/FileNotFoundException'{0x0000000710829aa0}> (0x0000000710829aa0) 
thrown [t:/workspace/open/src/hotspot/share/prims/jni.cpp, line 598]
Event: 90.194 Thread 0x00000231a0521800 Exception <a 'java/io/FileNotFoundException'{0x0000000710836758}> (0x0000000710836758) 
thrown [t:/workspace/open/src/hotspot/share/prims/jni.cpp, line 598]
Event: 90.317 Thread 0x00000231a0521800 Exception <a 'java/io/FileNotFoundException'{0x00000007108462d0}> (0x00000007108462d0) 
thrown [t:/workspace/open/src/hotspot/share/prims/jni.cpp, line 598]
Event: 90.446 Thread 0x00000231a0521800 Exception <a 'java/io/FileNotFoundException'{0x00000007108561f0}> (0x00000007108561f0) 
thrown [t:/workspace/open/src/hotspot/share/prims/jni.cpp, line 598]
Event: 90.570 Thread 0x00000231a0521800 Exception <a 'java/io/FileNotFoundException'{0x0000000710864db0}> (0x0000000710864db0) 
thrown [t:/workspace/open/src/hotspot/share/prims/jni.cpp, line 598]
Event: 91.570 Thread 0x00000231a0521800 Exception <a 'java/io/FileNotFoundException'{0x0000000710875128}> (0x0000000710875128) 
thrown [t:/workspace/open/src/hotspot/share/prims/jni.cpp, line 598]
Event: 92.330 Thread 0x00000231a0521800 Exception <a 'java/io/FileNotFoundException'{0x000000070e3f2658}> (0x000000070e3f2658) 
thrown [t:/workspace/open/src/hotspot/share/prims/jni.cpp, line 598]
Event: 92.568 Thread 0x00000231a0521800 Exception <a 'java/io/FileNotFoundException'{0x000000070d2036c0}> (0x000000070d2036c0) 
thrown [t:/workspace/open/src/hotspot/share/prims/jni.cpp, line 598]
Event: 93.570 Thread 0x00000231a0521800 Exception <a 'java/io/FileNotFoundException'{0x000000070d269a68}> (0x000000070d269a68) 
thrown [t:/workspace/open/src/hotspot/share/prims/jni.cpp, line 598]
Event: 98.593 Thread 0x00000231f9f0e000 Exception <a 'java/io/FileNotFoundException'{0x00000007088c9dd0}> (0x00000007088c9dd0) 
thrown [t:/workspace/open/src/hotspot/share/prims/jni.cpp, line 598]
Event: 98.593 Thread 0x00000231f9f0e000 Exception <a 'java/io/FileNotFoundException'{0x00000007088cb350}> (0x00000007088cb350) 
thrown [t:/workspace/open/src/hotspot/share/prims/jni.cpp, line 598]

Events (20 events):
Event: 98.591 Executing VM operation: RevokeBias done
Event: 98.591 Executing VM operation: RevokeBias
Event: 98.591 Executing VM operation: RevokeBias done
Event: 98.591 Executing VM operation: RevokeBias
Event: 98.591 Executing VM operation: RevokeBias done
Event: 98.591 Executing VM operation: RevokeBias
Event: 98.592 Executing VM operation: RevokeBias done
Event: 98.592 Executing VM operation: RevokeBias
Event: 98.592 Executing VM operation: RevokeBias done
Event: 98.592 Thread 0x00000231a87b9000 Thread exited: 0x00000231a87b9000
Event: 98.593 Executing VM operation: RevokeBias
Event: 98.593 Executing VM operation: RevokeBias done
Event: 98.593 loading class java/awt/FontFormatException
Event: 98.593 loading class java/awt/FontFormatException done
Event: 98.593 loading class java/nio/channels/ClosedChannelException
Event: 98.593 loading class java/nio/channels/ClosedChannelException done
Event: 98.594 loading class sun/font/NullFontScaler
Event: 98.594 loading class sun/font/NullFontScaler done
Event: 98.594 Executing VM operation: Deoptimize
Event: 98.595 Executing VM operation: Deoptimize done


Dynamic libraries:
0x00007ff7217d0000 - 0x00007ff7217df000 	C:\Program Files\Java\jdk-13\bin\java.exe
0x00007ffed4ce0000 - 0x00007ffed4ed0000 	C:\Windows\SYSTEM32\ntdll.dll
0x00007ffed3210000 - 0x00007ffed32c2000 	C:\Windows\System32\KERNEL32.DLL
0x00007ffed2000000 - 0x00007ffed22a5000 	C:\Windows\System32\KERNELBASE.dll
0x00007ffed2a60000 - 0x00007ffed2b5a000 	C:\Windows\System32\ucrtbase.dll
0x00007ffec4a80000 - 0x00007ffec4a98000 	C:\Program Files\Java\jdk-13\bin\jli.dll
0x00007ffec2250000 - 0x00007ffec2265000 	C:\Program Files\Java\jdk-13\bin\VCRUNTIME140.dll
0x00007ffed2da0000 - 0x00007ffed2e43000 	C:\Windows\System32\ADVAPI32.dll
0x00007ffed2e50000 - 0x00007ffed2eee000 	C:\Windows\System32\msvcrt.dll
0x00007ffed38e0000 - 0x00007ffed3977000 	C:\Windows\System32\sechost.dll
0x00007ffed3350000 - 0x00007ffed346f000 	C:\Windows\System32\RPCRT4.dll
0x00007ffed2fa0000 - 0x00007ffed3134000 	C:\Windows\System32\USER32.dll
0x00007ffeada70000 - 0x00007ffeadcf4000 	C:\Windows\WinSxS\amd64_microsoft.windows.common-controls_6595b64144ccf1df_6.0.18362.1316_none_9e7a364fe461dbd7\COMCTL32.dll
0x00007ffed2b60000 - 0x00007ffed2b81000 	C:\Windows\System32\win32u.dll
0x00007ffed44d0000 - 0x00007ffed4807000 	C:\Windows\System32\combase.dll
0x00007ffed4950000 - 0x00007ffed4976000 	C:\Windows\System32\GDI32.dll
0x00007ffed1dd0000 - 0x00007ffed1e51000 	C:\Windows\System32\bcryptPrimitives.dll
0x00007ffed2b90000 - 0x00007ffed2d28000 	C:\Windows\System32\gdi32full.dll
0x00007ffed1d10000 - 0x00007ffed1dae000 	C:\Windows\System32\msvcp_win.dll
0x00007ffeccc20000 - 0x00007ffeccc2a000 	C:\Windows\SYSTEM32\VERSION.dll
0x00007ffed4ba0000 - 0x00007ffed4bce000 	C:\Windows\System32\IMM32.DLL
0x00007ffea7680000 - 0x00007ffea771b000 	C:\Program Files\Java\jdk-13\bin\msvcp140.dll
0x00007ffe7b2d0000 - 0x00007ffe7be36000 	C:\Program Files\Java\jdk-13\bin\server\jvm.dll
0x00007ffed2d90000 - 0x00007ffed2d98000 	C:\Windows\System32\PSAPI.DLL
0x00007ffebfe80000 - 0x00007ffebfe89000 	C:\Windows\SYSTEM32\WSOCK32.dll
0x00007ffec9d80000 - 0x00007ffec9da4000 	C:\Windows\SYSTEM32\WINMM.dll
0x00007ffed3b30000 - 0x00007ffed3b9f000 	C:\Windows\System32\WS2_32.dll
0x00007ffec9d50000 - 0x00007ffec9d7d000 	C:\Windows\SYSTEM32\WINMMBASE.dll
0x00007ffed1fb0000 - 0x00007ffed1ffa000 	C:\Windows\System32\cfgmgr32.dll
0x00007ffed1ba0000 - 0x00007ffed1bb1000 	C:\Windows\System32\kernel.appcore.dll
0x00007ffecbf70000 - 0x00007ffecbf80000 	C:\Program Files\Java\jdk-13\bin\verify.dll
0x00007ffecc640000 - 0x00007ffecc834000 	C:\Windows\SYSTEM32\DBGHELP.DLL
0x00007ffecc490000 - 0x00007ffecc4ba000 	C:\Windows\SYSTEM32\dbgcore.DLL
0x00007ffeb74d0000 - 0x00007ffeb74f6000 	C:\Program Files\Java\jdk-13\bin\java.dll
0x00007ffeb7510000 - 0x00007ffeb7548000 	C:\Program Files\Java\jdk-13\bin\jdwp.dll
0x00007ffebe370000 - 0x00007ffebe387000 	C:\Program Files\Java\jdk-13\bin\zip.dll
0x00007ffecbd80000 - 0x00007ffecbd8a000 	C:\Program Files\Java\jdk-13\bin\jimage.dll
0x00007ffed3de0000 - 0x00007ffed44c8000 	C:\Windows\System32\SHELL32.dll
0x00007ffed4bf0000 - 0x00007ffed4c97000 	C:\Windows\System32\shcore.dll
0x00007ffed22b0000 - 0x00007ffed2a2b000 	C:\Windows\System32\windows.storage.dll
0x00007ffed1bc0000 - 0x00007ffed1be3000 	C:\Windows\System32\profapi.dll
0x00007ffed1c10000 - 0x00007ffed1c5a000 	C:\Windows\System32\powrprof.dll
0x00007ffed1b90000 - 0x00007ffed1ba0000 	C:\Windows\System32\UMPDC.dll
0x00007ffed3140000 - 0x00007ffed3192000 	C:\Windows\System32\shlwapi.dll
0x00007ffed1db0000 - 0x00007ffed1dc7000 	C:\Windows\System32\cryptsp.dll
0x00007ffecbf90000 - 0x00007ffecbf9b000 	C:\Program Files\Java\jdk-13\bin\dt_socket.dll
0x00007ffed13d0000 - 0x00007ffed1437000 	C:\Windows\system32\mswsock.dll
0x00007ffed1120000 - 0x00007ffed11eb000 	C:\Windows\SYSTEM32\DNSAPI.dll
0x00007ffed3200000 - 0x00007ffed3208000 	C:\Windows\System32\NSI.dll
0x00007ffed10e0000 - 0x00007ffed111a000 	C:\Windows\SYSTEM32\IPHLPAPI.DLL
0x0000000069690000 - 0x00000000696b6000 	C:\Program Files\Bonjour\mdnsNSP.dll
0x00007ffec2480000 - 0x00007ffec248a000 	C:\Windows\System32\rasadhlp.dll
0x00007ffeccd60000 - 0x00007ffeccdd7000 	C:\Windows\System32\fwpuclnt.dll
0x00007ffed2a30000 - 0x00007ffed2a56000 	C:\Windows\System32\bcrypt.dll
0x00007ffea4780000 - 0x00007ffea4919000 	C:\Program Files\Java\jdk-13\bin\awt.dll
0x00007ffed3d10000 - 0x00007ffed3dd5000 	C:\Windows\System32\OLEAUT32.dll
0x00007ffece7f0000 - 0x00007ffecedb0000 	C:\Windows\SYSTEM32\d2d1.dll
0x00007ffecfce0000 - 0x00007ffecfd6f000 	C:\Windows\SYSTEM32\apphelp.dll
0x00007ffed0f50000 - 0x00007ffed0f83000 	C:\Windows\system32\rsaenh.dll
0x00007ffed1ab0000 - 0x00007ffed1ad5000 	C:\Windows\SYSTEM32\USERENV.dll
0x00007ffed15a0000 - 0x00007ffed15ac000 	C:\Windows\SYSTEM32\CRYPTBASE.dll
0x00007ffebacd0000 - 0x00007ffebace9000 	C:\Program Files\Java\jdk-13\bin\net.dll
0x00007ffecda40000 - 0x00007ffecdb30000 	C:\Windows\SYSTEM32\WINHTTP.dll
0x00007ffebb540000 - 0x00007ffebb716000 	C:\Windows\SYSTEM32\urlmon.dll
0x00007ffecd5f0000 - 0x00007ffecd897000 	C:\Windows\SYSTEM32\iertutil.dll
0x00007ffecd110000 - 0x00007ffecd126000 	C:\Windows\SYSTEM32\dhcpcsvc6.DLL
0x00007ffecd3f0000 - 0x00007ffecd40c000 	C:\Windows\SYSTEM32\dhcpcsvc.DLL
0x00007ffeb22c0000 - 0x00007ffeb22d3000 	C:\Program Files\Java\jdk-13\bin\nio.dll
0x00007ffe8f9c0000 - 0x00007ffe8fa42000 	C:\Program Files\Java\jdk-13\bin\freetype.dll
0x00007ffe82710000 - 0x00007ffe827b6000 	C:\Program Files\Java\jdk-13\bin\fontmanager.dll
0x00007ffed02e0000 - 0x00007ffed030d000 	C:\Windows\system32\DWMAPI.DLL
0x00007ffecfe20000 - 0x00007ffecfeb9000 	C:\Windows\system32\uxtheme.dll
0x00007ffe7cc10000 - 0x00007ffe7cd66000 	C:\Windows\system32\opengl32.dll
0x00007ffead7c0000 - 0x00007ffead7ec000 	C:\Windows\SYSTEM32\GLU32.dll
0x00007ffed07b0000 - 0x00007ffed07d0000 	C:\Windows\SYSTEM32\dxcore.dll
0x00007ffed4810000 - 0x00007ffed4945000 	C:\Windows\System32\MSCTF.dll
0x00007ffed3ba0000 - 0x00007ffed3cf7000 	C:\Windows\System32\ole32.dll
0x00007ffed1bf0000 - 0x00007ffed1c02000 	C:\Windows\System32\msasn1.dll
0x00007ffeccb70000 - 0x00007ffeccb9f000 	C:\Windows\SYSTEM32\cryptnet.dll
0x00007ffed1e60000 - 0x00007ffed1faa000 	C:\Windows\System32\CRYPT32.dll
0x00007ffed2d30000 - 0x00007ffed2d8c000 	C:\Windows\System32\WINTRUST.DLL
0x00007ffed4bd0000 - 0x00007ffed4bed000 	C:\Windows\System32\imagehlp.dll
0x00007ffed0760000 - 0x00007ffed0782000 	C:\Windows\SYSTEM32\gpapi.dll
0x00007ffec25b0000 - 0x00007ffec264d000 	C:\Windows\System32\TextInputFramework.dll
0x00007ffec9710000 - 0x00007ffec9a3a000 	C:\Windows\System32\CoreUIComponents.dll
0x00007ffecfad0000 - 0x00007ffecfba4000 	C:\Windows\System32\CoreMessaging.dll
0x00007ffed0bb0000 - 0x00007ffed0be1000 	C:\Windows\SYSTEM32\ntmarta.dll
0x00007ffecc4e0000 - 0x00007ffecc632000 	C:\Windows\SYSTEM32\wintypes.dll
0x00007ffecaec0000 - 0x00007ffecaf25000 	C:\Windows\system32\Oleacc.dll
0x00007ffea8640000 - 0x00007ffea866d000 	C:\Program Files\Java\jdk-13\bin\javajpeg.dll

dbghelp: loaded successfully - version: 4.0.5 - missing functions: none
symbol engine: initialized successfully - sym options: 0x614 - pdb path: .;C:\Program Files\Java\jdk-13\bin;C:\Windows\SYSTEM32;C:\Windows\WinSxS\amd64_microsoft.windows.common-controls_6595b64144ccf1df_6.0.18362.1316_none_9e7a364fe461dbd7;C:\Program Files\Java\jdk-13\bin\server;C:\Program Files\Bonjour;C:\WINDOWS\System32\DriverStore\FileRepository\nv_dispi.inf_amd64_8e68f77150e57b50

VM Arguments:
jvm_args: -agentlib:jdwp=transport=dt_socket,server=n,suspend=y,address=localhost:53361 -Dfile.encoding=UTF-8 
java_command: warcraftTD.Main
java_class_path (initial): C:\Users\Cody\Desktop\Documents\_DEV\warcraftTD\bin
Launcher Type: SUN_STANDARD

[Global flags]
     intx CICompilerCount                          = 4                                         {product} {ergonomic}
     uint ConcGCThreads                            = 2                                         {product} {ergonomic}
     uint G1ConcRefinementThreads                  = 8                                         {product} {ergonomic}
   size_t G1HeapRegionSize                         = 1048576                                   {product} {ergonomic}
    uintx GCDrainStackTargetSize                   = 64                                        {product} {ergonomic}
   size_t InitialHeapSize                          = 268435456                                 {product} {ergonomic}
   size_t MarkStackSize                            = 4194304                                   {product} {ergonomic}
   size_t MaxHeapSize                              = 4273995776                                {product} {ergonomic}
   size_t MaxNewSize                               = 2563768320                                {product} {ergonomic}
   size_t MinHeapDeltaBytes                        = 1048576                                   {product} {ergonomic}
   size_t MinHeapSize                              = 8388608                                   {product} {ergonomic}
    uintx NonNMethodCodeHeapSize                   = 5836300                                {pd product} {ergonomic}
    uintx NonProfiledCodeHeapSize                  = 122910970                              {pd product} {ergonomic}
    uintx ProfiledCodeHeapSize                     = 122910970                              {pd product} {ergonomic}
    uintx ReservedCodeCacheSize                    = 251658240                              {pd product} {ergonomic}
     bool SegmentedCodeCache                       = true                                      {product} {ergonomic}
   size_t SoftMaxHeapSize                          = 4273995776                             {manageable} {ergonomic}
     bool UseCompressedClassPointers               = true                                 {lp64_product} {ergonomic}
     bool UseCompressedOops                        = true                                 {lp64_product} {ergonomic}
     bool UseG1GC                                  = true                                      {product} {ergonomic}
     bool UseLargePagesIndividualAllocation        = false                                  {pd product} {ergonomic}

Logging:
Log output configuration:
 #0: stdout all=warning uptime,level,tags
 #1: stderr all=off uptime,level,tags

Environment Variables:
JAVA_HOME=C:\Progra~1\Java\jdk-13
PATH=C:\Python\Python37\Scripts\;C:\Python\Python37\;C:\Program Files (x86)\Common Files\Oracle\Java\javapath;C:\Program Files (x86)\Common Files\Intel\Shared Libraries\redist\intel64\compiler;C:\ProgramData\Oracle\Java\javapath;C:\Program Files (x86)\Intel\iCLS Client\;C:\Program Files\Intel\iCLS Client\;C:\WINDOWS\system32;C:\WINDOWS;C:\WINDOWS\System32\Wbem;C:\WINDOWS\System32\WindowsPowerShell\v1.0\;C:\Program Files (x86)\Intel\Intel(R) Management Engine Components\DAL;C:\Program Files\Intel\Intel(R) Management Engine Components\DAL;C:\Program Files (x86)\Intel\Intel(R) Management Engine Components\IPT;C:\Program Files\Intel\Intel(R) Management Engine Components\IPT;C:\Program Files\dotnet\;C:\WINDOWS\System32\OpenSSH\;C:\Program Files (x86)\NVIDIA Corporation\PhysX\Common;C:\Users\Cody\AppData\Local\Programs\Python\Python37-32;C:\ProgramData\chocolatey\bin;C:\Program Files\nodejs\;C:\WINDOWS\system32;C:\WINDOWS;C:\WINDOWS\System32\Wbem;C:\WINDOWS\System32\WindowsPowerShell\v1.0\;C:\WINDOWS\System32\OpenSSH\;C:\Program Files (x86)\ZeroTier\One\;C:\MinGW\bin\;C:\Program Files\Git\cmd;C:\Program Files\Tesseract-OCR;C:\Games&Tools\FFmpeg\bin;C:\Users\Cody\AppData\Local\Microsoft\WindowsApps;C:\Users\Cody\AppData\Roaming\npm;C:\Users\Cody\AppData\Local\GitHubDesktop\bin;C:\Users\Cody\AppData\Local\Microsoft\WindowsApps;
USERNAME=Cody
OS=Windows_NT
PROCESSOR_IDENTIFIER=Intel64 Family 6 Model 94 Stepping 3, GenuineIntel



---------------  S Y S T E M  ---------------

OS: Windows 10 , 64 bit Build 18362 (10.0.18362.1316)

CPU:total 8 (initial active 8) (4 cores per cpu, 2 threads per core) family 6 model 94 stepping 3, cmov, cx8, fxsr, mmx, sse, sse2, sse3, ssse3, sse4.1, sse4.2, popcnt, avx, avx2, aes, clmul, erms, rtm, 3dnowpref, lzcnt, ht, tsc, tscinvbit, bmi1, bmi2, adx, fma

Memory: 4k page, system-wide physical 16300M (9638M free)
TotalPageFile size 18080M (AvailPageFile size 6915M)
current process WorkingSet (physical memory assigned to process): 280M, peak: 373M
current process commit charge ("private bytes"): 431M, peak: 526M

vm_info: Java HotSpot(TM) 64-Bit Server VM (13+33) for windows-amd64 JRE (13+33), built on Sep 18 2019 21:38:00 by "mach5one" with unknown MS VC++:1916

END.
